Loading ImageNet64 from HuggingFace...
Model: continuous | Params: 8,012,136 | K=4 | blocks/unit=4
----------------------------------------------------------------------
  step 100/5005 | loss 6.8638 | acc 0.4% | 24s elapsed | eta 1199s
  step 200/5005 | loss 6.7605 | acc 0.5% | 49s elapsed | eta 1172s
  step 300/5005 | loss 6.6887 | acc 0.6% | 71s elapsed | eta 1117s
  step 400/5005 | loss 6.6322 | acc 0.7% | 94s elapsed | eta 1087s
  step 500/5005 | loss 6.5754 | acc 0.8% | 115s elapsed | eta 1039s
  step 600/5005 | loss 6.5234 | acc 1.0% | 138s elapsed | eta 1016s
  step 700/5005 | loss 6.4736 | acc 1.1% | 161s elapsed | eta 987s
  step 800/5005 | loss 6.4278 | acc 1.2% | 184s elapsed | eta 966s
  step 900/5005 | loss 6.3804 | acc 1.4% | 207s elapsed | eta 942s
  step 1000/5005 | loss 6.3362 | acc 1.6% | 229s elapsed | eta 917s
  step 1100/5005 | loss 6.2891 | acc 1.8% | 251s elapsed | eta 891s
  step 1200/5005 | loss 6.2440 | acc 2.0% | 273s elapsed | eta 864s
  step 1300/5005 | loss 6.2005 | acc 2.1% | 295s elapsed | eta 841s
  step 1400/5005 | loss 6.1592 | acc 2.4% | 317s elapsed | eta 815s
  step 1500/5005 | loss 6.1177 | acc 2.6% | 339s elapsed | eta 792s
  step 1600/5005 | loss 6.0793 | acc 2.8% | 361s elapsed | eta 769s
  step 1700/5005 | loss 6.0415 | acc 3.0% | 385s elapsed | eta 748s
  step 1800/5005 | loss 6.0055 | acc 3.2% | 408s elapsed | eta 726s
  step 1900/5005 | loss 5.9705 | acc 3.4% | 430s elapsed | eta 703s
  step 2000/5005 | loss 5.9374 | acc 3.6% | 453s elapsed | eta 681s
  step 2100/5005 | loss 5.9061 | acc 3.7% | 476s elapsed | eta 658s
  step 2200/5005 | loss 5.8752 | acc 3.9% | 499s elapsed | eta 637s
  step 2300/5005 | loss 5.8454 | acc 4.1% | 521s elapsed | eta 613s
  step 2400/5005 | loss 5.8168 | acc 4.3% | 543s elapsed | eta 590s
  step 2500/5005 | loss 5.7887 | acc 4.5% | 568s elapsed | eta 569s
  step 2600/5005 | loss 5.7610 | acc 4.7% | 590s elapsed | eta 546s
  step 2700/5005 | loss 5.7340 | acc 4.8% | 614s elapsed | eta 524s
  step 2800/5005 | loss 5.7079 | acc 5.0% | 638s elapsed | eta 502s
  step 2900/5005 | loss 5.6821 | acc 5.2% | 661s elapsed | eta 480s
  step 3000/5005 | loss 5.6570 | acc 5.4% | 686s elapsed | eta 458s
  step 3100/5005 | loss 5.6325 | acc 5.6% | 708s elapsed | eta 435s
  step 3200/5005 | loss 5.6085 | acc 5.7% | 731s elapsed | eta 412s
  step 3300/5005 | loss 5.5860 | acc 5.9% | 754s elapsed | eta 389s
  step 3400/5005 | loss 5.5625 | acc 6.1% | 777s elapsed | eta 367s
  step 3500/5005 | loss 5.5407 | acc 6.2% | 801s elapsed | eta 344s
  step 3600/5005 | loss 5.5194 | acc 6.4% | 823s elapsed | eta 321s
  step 3700/5005 | loss 5.4978 | acc 6.6% | 845s elapsed | eta 298s
  step 3800/5005 | loss 5.4768 | acc 6.7% | 868s elapsed | eta 275s
  step 3900/5005 | loss 5.4560 | acc 6.9% | 892s elapsed | eta 253s
  step 4000/5005 | loss 5.4356 | acc 7.1% | 916s elapsed | eta 230s
  step 4100/5005 | loss 5.4161 | acc 7.2% | 938s elapsed | eta 207s
  step 4200/5005 | loss 5.3968 | acc 7.4% | 960s elapsed | eta 184s
  step 4300/5005 | loss 5.3777 | acc 7.5% | 983s elapsed | eta 161s
  step 4400/5005 | loss 5.3582 | acc 7.7% | 1006s elapsed | eta 138s
  step 4500/5005 | loss 5.3398 | acc 7.9% | 1029s elapsed | eta 115s
  step 4600/5005 | loss 5.3220 | acc 8.0% | 1053s elapsed | eta 93s
  step 4700/5005 | loss 5.3042 | acc 8.2% | 1076s elapsed | eta 70s
  step 4800/5005 | loss 5.2875 | acc 8.3% | 1097s elapsed | eta 47s
  step 4900/5005 | loss 5.2702 | acc 8.5% | 1119s elapsed | eta 24s
  step 5000/5005 | loss 5.2528 | acc 8.6% | 1142s elapsed | eta 1s
Ep   1 | loss 5.2520 | task 5.2520 | cons 0.0000 | train 8.6% | test 15.8% | 1168s
  step 100/5005 | loss 4.3362 | acc 17.0% | 22s elapsed | eta 1071s
  step 200/5005 | loss 4.3457 | acc 17.0% | 46s elapsed | eta 1103s
  step 300/5005 | loss 4.3395 | acc 16.9% | 68s elapsed | eta 1073s
  step 400/5005 | loss 4.3251 | acc 17.0% | 91s elapsed | eta 1046s
  step 500/5005 | loss 4.3145 | acc 17.1% | 115s elapsed | eta 1036s
  step 600/5005 | loss 4.3099 | acc 17.1% | 138s elapsed | eta 1014s
  step 700/5005 | loss 4.3087 | acc 17.1% | 159s elapsed | eta 978s
  step 800/5005 | loss 4.3022 | acc 17.2% | 182s elapsed | eta 958s
  step 900/5005 | loss 4.2927 | acc 17.4% | 206s elapsed | eta 942s
  step 1000/5005 | loss 4.2843 | acc 17.5% | 230s elapsed | eta 921s
  step 1100/5005 | loss 4.2760 | acc 17.6% | 252s elapsed | eta 896s
  step 1200/5005 | loss 4.2681 | acc 17.7% | 275s elapsed | eta 872s
  step 1300/5005 | loss 4.2600 | acc 17.8% | 298s elapsed | eta 850s
  step 1400/5005 | loss 4.2522 | acc 17.9% | 321s elapsed | eta 827s
  step 1500/5005 | loss 4.2428 | acc 18.0% | 345s elapsed | eta 806s
  step 1600/5005 | loss 4.2333 | acc 18.2% | 367s elapsed | eta 780s
  step 1700/5005 | loss 4.2244 | acc 18.3% | 390s elapsed | eta 758s
  step 1800/5005 | loss 4.2147 | acc 18.4% | 413s elapsed | eta 735s
  step 1900/5005 | loss 4.2073 | acc 18.5% | 437s elapsed | eta 714s
  step 2000/5005 | loss 4.1992 | acc 18.6% | 459s elapsed | eta 689s
  step 2100/5005 | loss 4.1902 | acc 18.7% | 481s elapsed | eta 666s
  step 2200/5005 | loss 4.1821 | acc 18.8% | 504s elapsed | eta 643s
  step 2300/5005 | loss 4.1748 | acc 18.9% | 527s elapsed | eta 620s
  step 2400/5005 | loss 4.1673 | acc 19.0% | 549s elapsed | eta 596s
  step 2500/5005 | loss 4.1596 | acc 19.1% | 572s elapsed | eta 573s
  step 2600/5005 | loss 4.1516 | acc 19.3% | 595s elapsed | eta 550s
  step 2700/5005 | loss 4.1459 | acc 19.3% | 615s elapsed | eta 525s
  step 2800/5005 | loss 4.1396 | acc 19.4% | 639s elapsed | eta 503s
  step 2900/5005 | loss 4.1331 | acc 19.5% | 662s elapsed | eta 481s
  step 3000/5005 | loss 4.1261 | acc 19.6% | 686s elapsed | eta 458s
  step 3100/5005 | loss 4.1190 | acc 19.7% | 708s elapsed | eta 435s
  step 3200/5005 | loss 4.1116 | acc 19.8% | 732s elapsed | eta 413s
  step 3300/5005 | loss 4.1036 | acc 19.9% | 757s elapsed | eta 391s
  step 3400/5005 | loss 4.0968 | acc 20.0% | 780s elapsed | eta 368s
  step 3500/5005 | loss 4.0906 | acc 20.0% | 803s elapsed | eta 345s
  step 3600/5005 | loss 4.0844 | acc 20.1% | 828s elapsed | eta 323s
  step 3700/5005 | loss 4.0775 | acc 20.2% | 850s elapsed | eta 300s
  step 3800/5005 | loss 4.0714 | acc 20.3% | 873s elapsed | eta 277s
  step 3900/5005 | loss 4.0648 | acc 20.4% | 895s elapsed | eta 254s
  step 4000/5005 | loss 4.0584 | acc 20.5% | 920s elapsed | eta 231s
  step 4100/5005 | loss 4.0524 | acc 20.6% | 944s elapsed | eta 208s
  step 4200/5005 | loss 4.0457 | acc 20.7% | 967s elapsed | eta 185s
  step 4300/5005 | loss 4.0397 | acc 20.7% | 990s elapsed | eta 162s
  step 4400/5005 | loss 4.0340 | acc 20.8% | 1013s elapsed | eta 139s
  step 4500/5005 | loss 4.0285 | acc 20.9% | 1036s elapsed | eta 116s
  step 4600/5005 | loss 4.0232 | acc 21.0% | 1059s elapsed | eta 93s
  step 4700/5005 | loss 4.0169 | acc 21.0% | 1082s elapsed | eta 70s
  step 4800/5005 | loss 4.0114 | acc 21.1% | 1105s elapsed | eta 47s
  step 4900/5005 | loss 4.0060 | acc 21.2% | 1128s elapsed | eta 24s
  step 5000/5005 | loss 4.0006 | acc 21.3% | 1153s elapsed | eta 1s
Ep   2 | loss 4.0002 | task 4.0002 | cons 0.0000 | train 21.3% | test 24.7% | 1179s
  step 100/5005 | loss 3.6011 | acc 26.7% | 25s elapsed | eta 1220s
  step 200/5005 | loss 3.6082 | acc 26.8% | 47s elapsed | eta 1124s
  step 300/5005 | loss 3.6079 | acc 26.7% | 71s elapsed | eta 1107s
  step 400/5005 | loss 3.6037 | acc 26.7% | 94s elapsed | eta 1080s
  step 500/5005 | loss 3.6017 | acc 26.7% | 118s elapsed | eta 1065s
  step 600/5005 | loss 3.5964 | acc 26.8% | 156s elapsed | eta 1143s
  step 700/5005 | loss 3.5924 | acc 26.9% | 192s elapsed | eta 1182s
  step 800/5005 | loss 3.5892 | acc 26.9% | 222s elapsed | eta 1169s
  step 900/5005 | loss 3.5863 | acc 27.0% | 246s elapsed | eta 1123s
  step 1000/5005 | loss 3.5869 | acc 27.0% | 269s elapsed | eta 1077s
  step 1100/5005 | loss 3.5847 | acc 27.0% | 292s elapsed | eta 1035s
  step 1200/5005 | loss 3.5827 | acc 27.1% | 326s elapsed | eta 1032s
  step 1300/5005 | loss 3.5816 | acc 27.1% | 362s elapsed | eta 1032s
  step 1400/5005 | loss 3.5797 | acc 27.1% | 396s elapsed | eta 1019s
  step 1500/5005 | loss 3.5746 | acc 27.2% | 419s elapsed | eta 980s
  step 1600/5005 | loss 3.5712 | acc 27.2% | 443s elapsed | eta 942s
  step 1700/5005 | loss 3.5691 | acc 27.2% | 467s elapsed | eta 907s
  step 1800/5005 | loss 3.5666 | acc 27.3% | 494s elapsed | eta 880s
  step 1900/5005 | loss 3.5640 | acc 27.3% | 527s elapsed | eta 862s
  step 2000/5005 | loss 3.5627 | acc 27.3% | 560s elapsed | eta 842s
  step 2100/5005 | loss 3.5590 | acc 27.4% | 592s elapsed | eta 819s
  step 2200/5005 | loss 3.5563 | acc 27.4% | 615s elapsed | eta 784s
  step 2300/5005 | loss 3.5542 | acc 27.4% | 638s elapsed | eta 751s
  step 2400/5005 | loss 3.5520 | acc 27.5% | 666s elapsed | eta 723s
  step 2500/5005 | loss 3.5499 | acc 27.5% | 704s elapsed | eta 705s
  step 2600/5005 | loss 3.5476 | acc 27.5% | 744s elapsed | eta 688s
  step 2700/5005 | loss 3.5454 | acc 27.6% | 768s elapsed | eta 656s
  step 2800/5005 | loss 3.5424 | acc 27.6% | 792s elapsed | eta 624s
  step 2900/5005 | loss 3.5397 | acc 27.7% | 821s elapsed | eta 596s
  step 3000/5005 | loss 3.5378 | acc 27.7% | 867s elapsed | eta 579s
  step 3100/5005 | loss 3.5341 | acc 27.8% | 916s elapsed | eta 563s
  step 3200/5005 | loss 3.5307 | acc 27.8% | 948s elapsed | eta 535s
  step 3300/5005 | loss 3.5285 | acc 27.8% | 970s elapsed | eta 501s
  step 3400/5005 | loss 3.5264 | acc 27.9% | 994s elapsed | eta 469s
  step 3500/5005 | loss 3.5245 | acc 27.9% | 1019s elapsed | eta 438s
  step 3600/5005 | loss 3.5231 | acc 27.9% | 1053s elapsed | eta 411s
  step 3700/5005 | loss 3.5208 | acc 28.0% | 1096s elapsed | eta 386s
  step 3800/5005 | loss 3.5185 | acc 28.0% | 1141s elapsed | eta 362s
  step 3900/5005 | loss 3.5161 | acc 28.0% | 1177s elapsed | eta 333s
  step 4000/5005 | loss 3.5131 | acc 28.1% | 1200s elapsed | eta 302s
  step 4100/5005 | loss 3.5108 | acc 28.1% | 1225s elapsed | eta 270s
  step 4200/5005 | loss 3.5084 | acc 28.2% | 1248s elapsed | eta 239s
  step 4300/5005 | loss 3.5056 | acc 28.2% | 1273s elapsed | eta 209s
  step 4400/5005 | loss 3.5033 | acc 28.2% | 1296s elapsed | eta 178s
  step 4500/5005 | loss 3.5008 | acc 28.3% | 1318s elapsed | eta 148s
  step 4600/5005 | loss 3.4980 | acc 28.3% | 1342s elapsed | eta 118s
  step 4700/5005 | loss 3.4957 | acc 28.4% | 1365s elapsed | eta 89s
  step 4800/5005 | loss 3.4938 | acc 28.4% | 1392s elapsed | eta 59s
  step 4900/5005 | loss 3.4914 | acc 28.4% | 1439s elapsed | eta 31s
  step 5000/5005 | loss 3.4896 | acc 28.4% | 1485s elapsed | eta 1s
Ep   3 | loss 3.4894 | task 3.4894 | cons 0.0000 | train 28.4% | test 29.3% | 1529s
  step 100/5005 | loss 3.2495 | acc 31.9% | 25s elapsed | eta 1237s
  step 200/5005 | loss 3.2294 | acc 32.1% | 49s elapsed | eta 1183s
  step 300/5005 | loss 3.2191 | acc 32.3% | 73s elapsed | eta 1141s
  step 400/5005 | loss 3.2226 | acc 32.3% | 97s elapsed | eta 1116s
  step 500/5005 | loss 3.2246 | acc 32.3% | 122s elapsed | eta 1103s
  step 600/5005 | loss 3.2263 | acc 32.3% | 152s elapsed | eta 1115s
  step 700/5005 | loss 3.2256 | acc 32.3% | 182s elapsed | eta 1122s
  step 800/5005 | loss 3.2268 | acc 32.3% | 214s elapsed | eta 1127s
  step 900/5005 | loss 3.2282 | acc 32.4% | 249s elapsed | eta 1138s
  step 1000/5005 | loss 3.2288 | acc 32.4% | 282s elapsed | eta 1131s
  step 1100/5005 | loss 3.2259 | acc 32.4% | 309s elapsed | eta 1098s
  step 1200/5005 | loss 3.2247 | acc 32.4% | 339s elapsed | eta 1075s
  step 1300/5005 | loss 3.2194 | acc 32.5% | 367s elapsed | eta 1047s
  step 1400/5005 | loss 3.2204 | acc 32.5% | 394s elapsed | eta 1014s
  step 1500/5005 | loss 3.2229 | acc 32.4% | 417s elapsed | eta 975s
  step 1600/5005 | loss 3.2214 | acc 32.4% | 450s elapsed | eta 958s
  step 1700/5005 | loss 3.2222 | acc 32.4% | 485s elapsed | eta 943s
  step 1800/5005 | loss 3.2234 | acc 32.4% | 518s elapsed | eta 922s
  step 1900/5005 | loss 3.2218 | acc 32.4% | 546s elapsed | eta 893s
  step 2000/5005 | loss 3.2213 | acc 32.5% | 572s elapsed | eta 859s
  step 2100/5005 | loss 3.2206 | acc 32.5% | 598s elapsed | eta 827s
  step 2200/5005 | loss 3.2210 | acc 32.5% | 633s elapsed | eta 807s
  step 2300/5005 | loss 3.2195 | acc 32.5% | 667s elapsed | eta 785s
  step 2400/5005 | loss 3.2180 | acc 32.5% | 704s elapsed | eta 764s
  step 2500/5005 | loss 3.2177 | acc 32.5% | 736s elapsed | eta 738s
  step 2600/5005 | loss 3.2160 | acc 32.6% | 773s elapsed | eta 715s
  step 2700/5005 | loss 3.2157 | acc 32.6% | 807s elapsed | eta 689s
  step 2800/5005 | loss 3.2152 | acc 32.6% | 842s elapsed | eta 663s
  step 2900/5005 | loss 3.2145 | acc 32.6% | 877s elapsed | eta 637s
  step 3000/5005 | loss 3.2136 | acc 32.6% | 913s elapsed | eta 610s
  step 3100/5005 | loss 3.2124 | acc 32.6% | 948s elapsed | eta 583s
  step 3200/5005 | loss 3.2115 | acc 32.6% | 985s elapsed | eta 556s
  step 3300/5005 | loss 3.2099 | acc 32.7% | 1021s elapsed | eta 528s
  step 3400/5005 | loss 3.2094 | acc 32.7% | 1056s elapsed | eta 498s
  step 3500/5005 | loss 3.2082 | acc 32.7% | 1091s elapsed | eta 469s
  step 3600/5005 | loss 3.2073 | acc 32.7% | 1128s elapsed | eta 440s
  step 3700/5005 | loss 3.2064 | acc 32.7% | 1161s elapsed | eta 410s
  step 3800/5005 | loss 3.2052 | acc 32.7% | 1196s elapsed | eta 379s
  step 3900/5005 | loss 3.2043 | acc 32.7% | 1232s elapsed | eta 349s
  step 4000/5005 | loss 3.2033 | acc 32.7% | 1266s elapsed | eta 318s
  step 4100/5005 | loss 3.2026 | acc 32.8% | 1300s elapsed | eta 287s
  step 4200/5005 | loss 3.2020 | acc 32.8% | 1334s elapsed | eta 256s
  step 4300/5005 | loss 3.2013 | acc 32.8% | 1369s elapsed | eta 224s
  step 4400/5005 | loss 3.2005 | acc 32.8% | 1404s elapsed | eta 193s
  step 4500/5005 | loss 3.1996 | acc 32.8% | 1439s elapsed | eta 161s
  step 4600/5005 | loss 3.1990 | acc 32.8% | 1472s elapsed | eta 130s
  step 4700/5005 | loss 3.1974 | acc 32.9% | 1508s elapsed | eta 98s
  step 4800/5005 | loss 3.1965 | acc 32.9% | 1544s elapsed | eta 66s
  step 4900/5005 | loss 3.1952 | acc 32.9% | 1581s elapsed | eta 34s
  step 5000/5005 | loss 3.1942 | acc 32.9% | 1612s elapsed | eta 2s
Ep   4 | loss 3.1942 | task 3.1942 | cons 0.0000 | train 32.9% | test 32.2% | 1637s
  step 100/5005 | loss 2.9634 | acc 36.5% | 23s elapsed | eta 1142s
  step 200/5005 | loss 2.9623 | acc 36.7% | 47s elapsed | eta 1134s
  step 300/5005 | loss 2.9793 | acc 36.5% | 68s elapsed | eta 1066s
  step 400/5005 | loss 2.9808 | acc 36.4% | 92s elapsed | eta 1061s
  step 500/5005 | loss 2.9825 | acc 36.3% | 115s elapsed | eta 1033s
  step 600/5005 | loss 2.9829 | acc 36.3% | 138s elapsed | eta 1011s
  step 700/5005 | loss 2.9792 | acc 36.3% | 162s elapsed | eta 993s
  step 800/5005 | loss 2.9824 | acc 36.3% | 185s elapsed | eta 970s
  step 900/5005 | loss 2.9858 | acc 36.2% | 206s elapsed | eta 938s
  step 1000/5005 | loss 2.9843 | acc 36.3% | 229s elapsed | eta 916s
  step 1100/5005 | loss 2.9859 | acc 36.2% | 254s elapsed | eta 900s
  step 1200/5005 | loss 2.9852 | acc 36.2% | 279s elapsed | eta 883s
  step 1300/5005 | loss 2.9878 | acc 36.2% | 301s elapsed | eta 858s
  step 1400/5005 | loss 2.9881 | acc 36.2% | 323s elapsed | eta 833s
  step 1500/5005 | loss 2.9888 | acc 36.2% | 346s elapsed | eta 809s
  step 1600/5005 | loss 2.9907 | acc 36.1% | 368s elapsed | eta 783s
  step 1700/5005 | loss 2.9924 | acc 36.1% | 392s elapsed | eta 762s
  step 1800/5005 | loss 2.9934 | acc 36.1% | 415s elapsed | eta 739s
  step 1900/5005 | loss 2.9944 | acc 36.1% | 448s elapsed | eta 732s
  step 2000/5005 | loss 2.9943 | acc 36.1% | 483s elapsed | eta 726s
  step 2100/5005 | loss 2.9953 | acc 36.0% | 519s elapsed | eta 718s
  step 2200/5005 | loss 2.9962 | acc 36.0% | 553s elapsed | eta 705s
  step 2300/5005 | loss 2.9964 | acc 36.0% | 587s elapsed | eta 691s
  step 2400/5005 | loss 2.9970 | acc 36.0% | 623s elapsed | eta 676s
  step 2500/5005 | loss 2.9972 | acc 36.0% | 658s elapsed | eta 659s
  step 2600/5005 | loss 2.9972 | acc 36.0% | 694s elapsed | eta 642s
  step 2700/5005 | loss 2.9965 | acc 36.1% | 730s elapsed | eta 623s
  step 2800/5005 | loss 2.9949 | acc 36.1% | 766s elapsed | eta 603s
  step 2900/5005 | loss 2.9948 | acc 36.1% | 799s elapsed | eta 580s
  step 3000/5005 | loss 2.9934 | acc 36.1% | 834s elapsed | eta 557s
  step 3100/5005 | loss 2.9931 | acc 36.1% | 866s elapsed | eta 532s
  step 3200/5005 | loss 2.9928 | acc 36.1% | 900s elapsed | eta 507s
  step 3300/5005 | loss 2.9920 | acc 36.1% | 936s elapsed | eta 484s
  step 3400/5005 | loss 2.9922 | acc 36.1% | 970s elapsed | eta 458s
  step 3500/5005 | loss 2.9918 | acc 36.1% | 1007s elapsed | eta 433s
  step 3600/5005 | loss 2.9922 | acc 36.1% | 1043s elapsed | eta 407s
  step 3700/5005 | loss 2.9914 | acc 36.1% | 1079s elapsed | eta 381s
  step 3800/5005 | loss 2.9910 | acc 36.1% | 1115s elapsed | eta 354s
  step 3900/5005 | loss 2.9910 | acc 36.1% | 1149s elapsed | eta 326s
  step 4000/5005 | loss 2.9898 | acc 36.2% | 1185s elapsed | eta 298s
  step 4100/5005 | loss 2.9901 | acc 36.2% | 1218s elapsed | eta 269s
  step 4200/5005 | loss 2.9897 | acc 36.2% | 1252s elapsed | eta 240s
  step 4300/5005 | loss 2.9896 | acc 36.2% | 1288s elapsed | eta 211s
  step 4400/5005 | loss 2.9894 | acc 36.2% | 1323s elapsed | eta 182s
  step 4500/5005 | loss 2.9882 | acc 36.2% | 1360s elapsed | eta 153s
  step 4600/5005 | loss 2.9880 | acc 36.2% | 1395s elapsed | eta 123s
  step 4700/5005 | loss 2.9877 | acc 36.2% | 1428s elapsed | eta 93s
  step 4800/5005 | loss 2.9875 | acc 36.2% | 1451s elapsed | eta 62s
  step 4900/5005 | loss 2.9873 | acc 36.2% | 1473s elapsed | eta 32s
  step 5000/5005 | loss 2.9868 | acc 36.2% | 1495s elapsed | eta 1s
Ep   5 | loss 2.9868 | task 2.9868 | cons 0.0000 | train 36.2% | test 34.5% | 1521s
Checkpoint saved to models/in64_cont_4bpu_d384_K4_ep5.pt
  step 100/5005 | loss 2.8002 | acc 39.3% | 23s elapsed | eta 1151s
  step 200/5005 | loss 2.7903 | acc 39.4% | 46s elapsed | eta 1108s
  step 300/5005 | loss 2.7918 | acc 39.4% | 69s elapsed | eta 1090s
  step 400/5005 | loss 2.7943 | acc 39.4% | 92s elapsed | eta 1061s
  step 500/5005 | loss 2.8004 | acc 39.2% | 120s elapsed | eta 1080s
  step 600/5005 | loss 2.8013 | acc 39.2% | 144s elapsed | eta 1060s
  step 700/5005 | loss 2.8053 | acc 39.1% | 167s elapsed | eta 1029s
  step 800/5005 | loss 2.8051 | acc 39.1% | 192s elapsed | eta 1010s
  step 900/5005 | loss 2.8030 | acc 39.1% | 215s elapsed | eta 982s
  step 1000/5005 | loss 2.8019 | acc 39.2% | 238s elapsed | eta 954s
  step 1100/5005 | loss 2.8041 | acc 39.1% | 261s elapsed | eta 928s
  step 1200/5005 | loss 2.8051 | acc 39.1% | 284s elapsed | eta 900s
  step 1300/5005 | loss 2.8093 | acc 39.0% | 306s elapsed | eta 872s
  step 1400/5005 | loss 2.8093 | acc 39.0% | 329s elapsed | eta 848s
  step 1500/5005 | loss 2.8105 | acc 39.0% | 350s elapsed | eta 819s
  step 1600/5005 | loss 2.8110 | acc 39.0% | 375s elapsed | eta 798s
  step 1700/5005 | loss 2.8133 | acc 39.0% | 396s elapsed | eta 771s
  step 1800/5005 | loss 2.8159 | acc 38.9% | 419s elapsed | eta 745s
  step 1900/5005 | loss 2.8178 | acc 38.9% | 441s elapsed | eta 721s
  step 2000/5005 | loss 2.8188 | acc 38.9% | 465s elapsed | eta 698s
  step 2100/5005 | loss 2.8201 | acc 38.9% | 487s elapsed | eta 674s
  step 2200/5005 | loss 2.8213 | acc 38.8% | 508s elapsed | eta 648s
  step 2300/5005 | loss 2.8219 | acc 38.8% | 531s elapsed | eta 625s
  step 2400/5005 | loss 2.8228 | acc 38.8% | 555s elapsed | eta 602s
  step 2500/5005 | loss 2.8229 | acc 38.8% | 578s elapsed | eta 579s
  step 2600/5005 | loss 2.8243 | acc 38.8% | 600s elapsed | eta 555s
  step 2700/5005 | loss 2.8250 | acc 38.8% | 622s elapsed | eta 531s
  step 2800/5005 | loss 2.8262 | acc 38.8% | 652s elapsed | eta 514s
  step 2900/5005 | loss 2.8257 | acc 38.8% | 676s elapsed | eta 491s
  step 3000/5005 | loss 2.8258 | acc 38.8% | 700s elapsed | eta 468s
  step 3100/5005 | loss 2.8264 | acc 38.8% | 731s elapsed | eta 449s
  step 3200/5005 | loss 2.8265 | acc 38.8% | 755s elapsed | eta 426s
  step 3300/5005 | loss 2.8270 | acc 38.8% | 779s elapsed | eta 402s
  step 3400/5005 | loss 2.8280 | acc 38.8% | 802s elapsed | eta 378s
  step 3500/5005 | loss 2.8286 | acc 38.8% | 823s elapsed | eta 354s
  step 3600/5005 | loss 2.8292 | acc 38.8% | 845s elapsed | eta 330s
  step 3700/5005 | loss 2.8298 | acc 38.8% | 868s elapsed | eta 306s
  step 3800/5005 | loss 2.8297 | acc 38.8% | 891s elapsed | eta 282s
  step 3900/5005 | loss 2.8300 | acc 38.8% | 912s elapsed | eta 258s
  step 4000/5005 | loss 2.8306 | acc 38.8% | 935s elapsed | eta 235s
  step 4100/5005 | loss 2.8304 | acc 38.8% | 956s elapsed | eta 211s
  step 4200/5005 | loss 2.8304 | acc 38.8% | 979s elapsed | eta 188s
  step 4300/5005 | loss 2.8312 | acc 38.7% | 1003s elapsed | eta 164s
  step 4400/5005 | loss 2.8319 | acc 38.7% | 1024s elapsed | eta 141s
  step 4500/5005 | loss 2.8320 | acc 38.7% | 1046s elapsed | eta 117s
  step 4600/5005 | loss 2.8320 | acc 38.7% | 1069s elapsed | eta 94s
  step 4700/5005 | loss 2.8326 | acc 38.7% | 1091s elapsed | eta 71s
  step 4800/5005 | loss 2.8322 | acc 38.7% | 1115s elapsed | eta 48s
  step 4900/5005 | loss 2.8312 | acc 38.8% | 1140s elapsed | eta 24s
  step 5000/5005 | loss 2.8317 | acc 38.7% | 1163s elapsed | eta 1s
Ep   6 | loss 2.8318 | task 2.8318 | cons 0.0000 | train 38.7% | test 36.2% | 1188s
  step 100/5005 | loss 2.6092 | acc 42.3% | 23s elapsed | eta 1107s
  step 200/5005 | loss 2.6126 | acc 42.4% | 46s elapsed | eta 1099s
  step 300/5005 | loss 2.6337 | acc 42.0% | 68s elapsed | eta 1062s
  step 400/5005 | loss 2.6428 | acc 41.9% | 90s elapsed | eta 1032s
  step 500/5005 | loss 2.6529 | acc 41.8% | 112s elapsed | eta 1013s
  step 600/5005 | loss 2.6540 | acc 41.7% | 134s elapsed | eta 987s
  step 700/5005 | loss 2.6542 | acc 41.7% | 159s elapsed | eta 981s
  step 800/5005 | loss 2.6559 | acc 41.6% | 183s elapsed | eta 961s
  step 900/5005 | loss 2.6543 | acc 41.7% | 207s elapsed | eta 942s
  step 1000/5005 | loss 2.6539 | acc 41.7% | 230s elapsed | eta 923s
  step 1100/5005 | loss 2.6574 | acc 41.6% | 254s elapsed | eta 900s
  step 1200/5005 | loss 2.6563 | acc 41.6% | 279s elapsed | eta 885s
  step 1300/5005 | loss 2.6619 | acc 41.6% | 300s elapsed | eta 855s
  step 1400/5005 | loss 2.6662 | acc 41.5% | 322s elapsed | eta 829s
  step 1500/5005 | loss 2.6677 | acc 41.4% | 345s elapsed | eta 806s
  step 1600/5005 | loss 2.6702 | acc 41.4% | 368s elapsed | eta 784s
  step 1700/5005 | loss 2.6686 | acc 41.4% | 394s elapsed | eta 766s
  step 1800/5005 | loss 2.6709 | acc 41.3% | 416s elapsed | eta 741s
  step 1900/5005 | loss 2.6730 | acc 41.3% | 440s elapsed | eta 719s
  step 2000/5005 | loss 2.6749 | acc 41.3% | 462s elapsed | eta 694s
  step 2100/5005 | loss 2.6769 | acc 41.3% | 486s elapsed | eta 672s
  step 2200/5005 | loss 2.6791 | acc 41.2% | 508s elapsed | eta 648s
  step 2300/5005 | loss 2.6812 | acc 41.2% | 530s elapsed | eta 623s
  step 2400/5005 | loss 2.6813 | acc 41.2% | 555s elapsed | eta 602s
  step 2500/5005 | loss 2.6817 | acc 41.2% | 578s elapsed | eta 580s
  step 2600/5005 | loss 2.6832 | acc 41.1% | 601s elapsed | eta 556s
  step 2700/5005 | loss 2.6850 | acc 41.1% | 624s elapsed | eta 533s
  step 2800/5005 | loss 2.6854 | acc 41.1% | 647s elapsed | eta 509s
  step 2900/5005 | loss 2.6883 | acc 41.1% | 668s elapsed | eta 485s
  step 3000/5005 | loss 2.6879 | acc 41.1% | 692s elapsed | eta 462s
  step 3100/5005 | loss 2.6898 | acc 41.0% | 712s elapsed | eta 438s
  step 3200/5005 | loss 2.6903 | acc 41.0% | 736s elapsed | eta 415s
  step 3300/5005 | loss 2.6910 | acc 41.0% | 759s elapsed | eta 392s
  step 3400/5005 | loss 2.6923 | acc 41.0% | 781s elapsed | eta 369s
  step 3500/5005 | loss 2.6934 | acc 41.0% | 805s elapsed | eta 346s
  step 3600/5005 | loss 2.6938 | acc 41.0% | 828s elapsed | eta 323s
  step 3700/5005 | loss 2.6948 | acc 41.0% | 851s elapsed | eta 300s
  step 3800/5005 | loss 2.6944 | acc 41.0% | 874s elapsed | eta 277s
  step 3900/5005 | loss 2.6946 | acc 41.0% | 898s elapsed | eta 254s
  step 4000/5005 | loss 2.6957 | acc 41.0% | 922s elapsed | eta 232s
  step 4100/5005 | loss 2.6954 | acc 41.0% | 946s elapsed | eta 209s
  step 4200/5005 | loss 2.6962 | acc 41.0% | 968s elapsed | eta 186s
  step 4300/5005 | loss 2.6966 | acc 41.0% | 989s elapsed | eta 162s
  step 4400/5005 | loss 2.6960 | acc 41.0% | 1013s elapsed | eta 139s
  step 4500/5005 | loss 2.6967 | acc 41.0% | 1037s elapsed | eta 116s
  step 4600/5005 | loss 2.6969 | acc 41.0% | 1059s elapsed | eta 93s
  step 4700/5005 | loss 2.6972 | acc 41.0% | 1083s elapsed | eta 70s
  step 4800/5005 | loss 2.6974 | acc 40.9% | 1107s elapsed | eta 47s
  step 4900/5005 | loss 2.6981 | acc 40.9% | 1129s elapsed | eta 24s
  step 5000/5005 | loss 2.6983 | acc 40.9% | 1153s elapsed | eta 1s
Ep   7 | loss 2.6985 | task 2.6985 | cons 0.0000 | train 40.9% | test 37.0% | 1178s
  step 100/5005 | loss 2.4949 | acc 44.3% | 23s elapsed | eta 1149s
  step 200/5005 | loss 2.5038 | acc 44.1% | 46s elapsed | eta 1104s
  step 300/5005 | loss 2.5216 | acc 43.8% | 67s elapsed | eta 1045s
  step 400/5005 | loss 2.5194 | acc 43.8% | 91s elapsed | eta 1048s
  step 500/5005 | loss 2.5285 | acc 43.7% | 112s elapsed | eta 1005s
  step 600/5005 | loss 2.5330 | acc 43.5% | 133s elapsed | eta 976s
  step 700/5005 | loss 2.5343 | acc 43.5% | 157s elapsed | eta 965s
  step 800/5005 | loss 2.5437 | acc 43.4% | 177s elapsed | eta 928s
  step 900/5005 | loss 2.5407 | acc 43.4% | 200s elapsed | eta 912s
  step 1000/5005 | loss 2.5409 | acc 43.4% | 223s elapsed | eta 894s
  step 1100/5005 | loss 2.5438 | acc 43.4% | 246s elapsed | eta 872s
  step 1200/5005 | loss 2.5432 | acc 43.4% | 270s elapsed | eta 855s
  step 1300/5005 | loss 2.5486 | acc 43.3% | 292s elapsed | eta 832s
  step 1400/5005 | loss 2.5483 | acc 43.4% | 315s elapsed | eta 811s
  step 1500/5005 | loss 2.5508 | acc 43.3% | 339s elapsed | eta 792s
  step 1600/5005 | loss 2.5533 | acc 43.3% | 361s elapsed | eta 769s
  step 1700/5005 | loss 2.5548 | acc 43.3% | 383s elapsed | eta 744s
  step 1800/5005 | loss 2.5573 | acc 43.2% | 405s elapsed | eta 720s
  step 1900/5005 | loss 2.5582 | acc 43.2% | 428s elapsed | eta 700s
  step 2000/5005 | loss 2.5601 | acc 43.2% | 450s elapsed | eta 677s
  step 2100/5005 | loss 2.5621 | acc 43.2% | 472s elapsed | eta 653s
  step 2200/5005 | loss 2.5648 | acc 43.1% | 494s elapsed | eta 629s
  step 2300/5005 | loss 2.5656 | acc 43.1% | 516s elapsed | eta 607s
  step 2400/5005 | loss 2.5673 | acc 43.1% | 540s elapsed | eta 586s
  step 2500/5005 | loss 2.5691 | acc 43.0% | 561s elapsed | eta 562s
  step 2600/5005 | loss 2.5697 | acc 43.0% | 584s elapsed | eta 540s
  step 2700/5005 | loss 2.5714 | acc 43.0% | 607s elapsed | eta 518s
  step 2800/5005 | loss 2.5736 | acc 43.0% | 629s elapsed | eta 495s
  step 2900/5005 | loss 2.5733 | acc 43.0% | 653s elapsed | eta 474s
  step 3000/5005 | loss 2.5730 | acc 43.0% | 676s elapsed | eta 452s
  step 3100/5005 | loss 2.5743 | acc 43.0% | 698s elapsed | eta 429s
  step 3200/5005 | loss 2.5748 | acc 43.0% | 721s elapsed | eta 407s
  step 3300/5005 | loss 2.5748 | acc 43.0% | 745s elapsed | eta 385s
  step 3400/5005 | loss 2.5764 | acc 42.9% | 768s elapsed | eta 362s
  step 3500/5005 | loss 2.5773 | acc 42.9% | 791s elapsed | eta 340s
  step 3600/5005 | loss 2.5791 | acc 42.9% | 812s elapsed | eta 317s
  step 3700/5005 | loss 2.5807 | acc 42.9% | 834s elapsed | eta 294s
  step 3800/5005 | loss 2.5810 | acc 42.9% | 858s elapsed | eta 272s
  step 3900/5005 | loss 2.5817 | acc 42.9% | 880s elapsed | eta 249s
  step 4000/5005 | loss 2.5824 | acc 42.8% | 902s elapsed | eta 227s
  step 4100/5005 | loss 2.5840 | acc 42.8% | 924s elapsed | eta 204s
  step 4200/5005 | loss 2.5845 | acc 42.8% | 947s elapsed | eta 181s
  step 4300/5005 | loss 2.5855 | acc 42.8% | 969s elapsed | eta 159s
  step 4400/5005 | loss 2.5860 | acc 42.8% | 992s elapsed | eta 136s
  step 4500/5005 | loss 2.5870 | acc 42.8% | 1015s elapsed | eta 114s
  step 4600/5005 | loss 2.5878 | acc 42.7% | 1037s elapsed | eta 91s
  step 4700/5005 | loss 2.5882 | acc 42.7% | 1060s elapsed | eta 69s
  step 4800/5005 | loss 2.5884 | acc 42.7% | 1086s elapsed | eta 46s
  step 4900/5005 | loss 2.5892 | acc 42.7% | 1108s elapsed | eta 24s
  step 5000/5005 | loss 2.5898 | acc 42.7% | 1131s elapsed | eta 1s
Ep   8 | loss 2.5898 | task 2.5898 | cons 0.0000 | train 42.7% | test 38.4% | 1156s
  step 100/5005 | loss 2.4113 | acc 46.0% | 25s elapsed | eta 1207s
  step 200/5005 | loss 2.4039 | acc 45.9% | 46s elapsed | eta 1104s
  step 300/5005 | loss 2.4140 | acc 45.7% | 68s elapsed | eta 1065s
  step 400/5005 | loss 2.4078 | acc 45.8% | 90s elapsed | eta 1038s
  step 500/5005 | loss 2.4118 | acc 45.8% | 115s elapsed | eta 1034s
  step 600/5005 | loss 2.4157 | acc 45.8% | 138s elapsed | eta 1014s
  step 700/5005 | loss 2.4236 | acc 45.6% | 160s elapsed | eta 987s
  step 800/5005 | loss 2.4308 | acc 45.5% | 183s elapsed | eta 960s
  step 900/5005 | loss 2.4307 | acc 45.5% | 206s elapsed | eta 938s
  step 1000/5005 | loss 2.4272 | acc 45.5% | 231s elapsed | eta 925s
  step 1100/5005 | loss 2.4312 | acc 45.4% | 254s elapsed | eta 901s
  step 1200/5005 | loss 2.4327 | acc 45.4% | 278s elapsed | eta 881s
  step 1300/5005 | loss 2.4361 | acc 45.3% | 301s elapsed | eta 858s
  step 1400/5005 | loss 2.4380 | acc 45.3% | 323s elapsed | eta 833s
  step 1500/5005 | loss 2.4415 | acc 45.2% | 346s elapsed | eta 808s
  step 1600/5005 | loss 2.4445 | acc 45.2% | 368s elapsed | eta 783s
  step 1700/5005 | loss 2.4461 | acc 45.1% | 390s elapsed | eta 759s
  step 1800/5005 | loss 2.4481 | acc 45.1% | 413s elapsed | eta 735s
  step 1900/5005 | loss 2.4497 | acc 45.1% | 436s elapsed | eta 712s
  step 2000/5005 | loss 2.4541 | acc 45.0% | 457s elapsed | eta 687s
  step 2100/5005 | loss 2.4561 | acc 44.9% | 481s elapsed | eta 665s
  step 2200/5005 | loss 2.4577 | acc 44.9% | 504s elapsed | eta 643s
  step 2300/5005 | loss 2.4586 | acc 44.9% | 527s elapsed | eta 620s
  step 2400/5005 | loss 2.4608 | acc 44.9% | 551s elapsed | eta 598s
  step 2500/5005 | loss 2.4638 | acc 44.8% | 574s elapsed | eta 575s
  step 2600/5005 | loss 2.4657 | acc 44.8% | 597s elapsed | eta 552s
  step 2700/5005 | loss 2.4672 | acc 44.8% | 620s elapsed | eta 529s
  step 2800/5005 | loss 2.4694 | acc 44.7% | 641s elapsed | eta 505s
  step 2900/5005 | loss 2.4691 | acc 44.7% | 664s elapsed | eta 482s
  step 3000/5005 | loss 2.4711 | acc 44.7% | 686s elapsed | eta 459s
  step 3100/5005 | loss 2.4738 | acc 44.7% | 707s elapsed | eta 435s
  step 3200/5005 | loss 2.4748 | acc 44.6% | 731s elapsed | eta 412s
  step 3300/5005 | loss 2.4756 | acc 44.6% | 754s elapsed | eta 390s
  step 3400/5005 | loss 2.4772 | acc 44.6% | 778s elapsed | eta 367s
  step 3500/5005 | loss 2.4781 | acc 44.6% | 801s elapsed | eta 344s
  step 3600/5005 | loss 2.4793 | acc 44.6% | 824s elapsed | eta 322s
  step 3700/5005 | loss 2.4799 | acc 44.6% | 848s elapsed | eta 299s
  step 3800/5005 | loss 2.4814 | acc 44.6% | 869s elapsed | eta 276s
  step 3900/5005 | loss 2.4824 | acc 44.5% | 893s elapsed | eta 253s
  step 4000/5005 | loss 2.4828 | acc 44.5% | 916s elapsed | eta 230s
  step 4100/5005 | loss 2.4839 | acc 44.5% | 940s elapsed | eta 207s
  step 4200/5005 | loss 2.4854 | acc 44.5% | 962s elapsed | eta 184s
  step 4300/5005 | loss 2.4853 | acc 44.5% | 986s elapsed | eta 162s
  step 4400/5005 | loss 2.4861 | acc 44.5% | 1010s elapsed | eta 139s
  step 4500/5005 | loss 2.4872 | acc 44.5% | 1033s elapsed | eta 116s
  step 4600/5005 | loss 2.4888 | acc 44.4% | 1055s elapsed | eta 93s
  step 4700/5005 | loss 2.4908 | acc 44.4% | 1077s elapsed | eta 70s
  step 4800/5005 | loss 2.4915 | acc 44.4% | 1100s elapsed | eta 47s
  step 4900/5005 | loss 2.4919 | acc 44.4% | 1124s elapsed | eta 24s
  step 5000/5005 | loss 2.4924 | acc 44.4% | 1148s elapsed | eta 1s
Ep   9 | loss 2.4924 | task 2.4924 | cons 0.0000 | train 44.4% | test 39.3% | 1173s
  step 100/5005 | loss 2.3047 | acc 48.1% | 23s elapsed | eta 1116s
  step 200/5005 | loss 2.2899 | acc 48.1% | 48s elapsed | eta 1152s
  step 300/5005 | loss 2.3074 | acc 47.7% | 72s elapsed | eta 1123s
  step 400/5005 | loss 2.3157 | acc 47.5% | 94s elapsed | eta 1079s
  step 500/5005 | loss 2.3201 | acc 47.4% | 116s elapsed | eta 1048s
  step 600/5005 | loss 2.3230 | acc 47.3% | 140s elapsed | eta 1026s
  step 700/5005 | loss 2.3269 | acc 47.2% | 163s elapsed | eta 1000s
  step 800/5005 | loss 2.3334 | acc 47.1% | 185s elapsed | eta 975s
  step 900/5005 | loss 2.3315 | acc 47.1% | 210s elapsed | eta 956s
  step 1000/5005 | loss 2.3336 | acc 47.1% | 232s elapsed | eta 930s
  step 1100/5005 | loss 2.3398 | acc 47.0% | 254s elapsed | eta 901s
  step 1200/5005 | loss 2.3416 | acc 46.9% | 276s elapsed | eta 875s
  step 1300/5005 | loss 2.3453 | acc 46.9% | 298s elapsed | eta 849s
  step 1400/5005 | loss 2.3486 | acc 46.8% | 321s elapsed | eta 828s
  step 1500/5005 | loss 2.3525 | acc 46.8% | 344s elapsed | eta 805s
  step 1600/5005 | loss 2.3538 | acc 46.7% | 368s elapsed | eta 784s
  step 1700/5005 | loss 2.3572 | acc 46.7% | 391s elapsed | eta 760s
  step 1800/5005 | loss 2.3599 | acc 46.6% | 413s elapsed | eta 736s
  step 1900/5005 | loss 2.3640 | acc 46.6% | 436s elapsed | eta 712s
  step 2000/5005 | loss 2.3666 | acc 46.5% | 458s elapsed | eta 688s
  step 2100/5005 | loss 2.3699 | acc 46.5% | 480s elapsed | eta 664s
  step 2200/5005 | loss 2.3717 | acc 46.4% | 504s elapsed | eta 642s
  step 2300/5005 | loss 2.3714 | acc 46.4% | 527s elapsed | eta 620s
  step 2400/5005 | loss 2.3728 | acc 46.4% | 551s elapsed | eta 598s
  step 2500/5005 | loss 2.3749 | acc 46.4% | 573s elapsed | eta 574s
  step 2600/5005 | loss 2.3763 | acc 46.4% | 596s elapsed | eta 551s
  step 2700/5005 | loss 2.3770 | acc 46.4% | 620s elapsed | eta 529s
  step 2800/5005 | loss 2.3788 | acc 46.3% | 642s elapsed | eta 505s
  step 2900/5005 | loss 2.3802 | acc 46.3% | 665s elapsed | eta 483s
  step 3000/5005 | loss 2.3816 | acc 46.3% | 688s elapsed | eta 460s
  step 3100/5005 | loss 2.3834 | acc 46.2% | 710s elapsed | eta 437s
  step 3200/5005 | loss 2.3839 | acc 46.3% | 734s elapsed | eta 414s
  step 3300/5005 | loss 2.3851 | acc 46.2% | 756s elapsed | eta 391s
  step 3400/5005 | loss 2.3875 | acc 46.2% | 779s elapsed | eta 368s
  step 3500/5005 | loss 2.3888 | acc 46.2% | 801s elapsed | eta 345s
  step 3600/5005 | loss 2.3902 | acc 46.2% | 824s elapsed | eta 322s
  step 3700/5005 | loss 2.3920 | acc 46.1% | 846s elapsed | eta 298s
  step 3800/5005 | loss 2.3937 | acc 46.1% | 868s elapsed | eta 275s
  step 3900/5005 | loss 2.3939 | acc 46.1% | 894s elapsed | eta 253s
  step 4000/5005 | loss 2.3952 | acc 46.0% | 916s elapsed | eta 230s
  step 4100/5005 | loss 2.3967 | acc 46.0% | 941s elapsed | eta 208s
  step 4200/5005 | loss 2.3985 | acc 46.0% | 963s elapsed | eta 185s
  step 4300/5005 | loss 2.4006 | acc 46.0% | 985s elapsed | eta 161s
  step 4400/5005 | loss 2.4022 | acc 45.9% | 1008s elapsed | eta 139s
  step 4500/5005 | loss 2.4034 | acc 45.9% | 1030s elapsed | eta 116s
  step 4600/5005 | loss 2.4037 | acc 45.9% | 1053s elapsed | eta 93s
  step 4700/5005 | loss 2.4054 | acc 45.9% | 1075s elapsed | eta 70s
  step 4800/5005 | loss 2.4068 | acc 45.9% | 1097s elapsed | eta 47s
  step 4900/5005 | loss 2.4080 | acc 45.9% | 1119s elapsed | eta 24s
  step 5000/5005 | loss 2.4091 | acc 45.8% | 1142s elapsed | eta 1s
Ep  10 | loss 2.4092 | task 2.4092 | cons 0.0000 | train 45.8% | test 40.0% | 1168s
    K=1: 34.6%
    K=2: 39.5%
    K=4: 40.0%
Checkpoint saved to models/in64_cont_4bpu_d384_K4_ep10.pt
  step 100/5005 | loss 2.2376 | acc 48.9% | 23s elapsed | eta 1151s
  step 200/5005 | loss 2.2503 | acc 48.7% | 45s elapsed | eta 1086s
  step 300/5005 | loss 2.2588 | acc 48.5% | 66s elapsed | eta 1038s
  step 400/5005 | loss 2.2565 | acc 48.7% | 89s elapsed | eta 1024s
  step 500/5005 | loss 2.2622 | acc 48.5% | 111s elapsed | eta 1000s
  step 600/5005 | loss 2.2624 | acc 48.5% | 135s elapsed | eta 992s
  step 700/5005 | loss 2.2590 | acc 48.5% | 159s elapsed | eta 975s
  step 800/5005 | loss 2.2568 | acc 48.5% | 183s elapsed | eta 961s
  step 900/5005 | loss 2.2591 | acc 48.5% | 207s elapsed | eta 943s
  step 1000/5005 | loss 2.2606 | acc 48.5% | 229s elapsed | eta 918s
  step 1100/5005 | loss 2.2613 | acc 48.4% | 253s elapsed | eta 897s
  step 1200/5005 | loss 2.2650 | acc 48.3% | 276s elapsed | eta 875s
  step 1300/5005 | loss 2.2699 | acc 48.2% | 298s elapsed | eta 850s
  step 1400/5005 | loss 2.2716 | acc 48.2% | 321s elapsed | eta 827s
  step 1500/5005 | loss 2.2746 | acc 48.1% | 344s elapsed | eta 804s
  step 1600/5005 | loss 2.2767 | acc 48.1% | 368s elapsed | eta 783s
  step 1700/5005 | loss 2.2798 | acc 48.0% | 391s elapsed | eta 761s
  step 1800/5005 | loss 2.2828 | acc 47.9% | 414s elapsed | eta 738s
  step 1900/5005 | loss 2.2851 | acc 47.9% | 437s elapsed | eta 714s
  step 2000/5005 | loss 2.2892 | acc 47.8% | 459s elapsed | eta 689s
  step 2100/5005 | loss 2.2906 | acc 47.8% | 482s elapsed | eta 667s
  step 2200/5005 | loss 2.2926 | acc 47.8% | 505s elapsed | eta 644s
  step 2300/5005 | loss 2.2942 | acc 47.8% | 529s elapsed | eta 622s
  step 2400/5005 | loss 2.2948 | acc 47.8% | 554s elapsed | eta 601s
  step 2500/5005 | loss 2.2956 | acc 47.8% | 579s elapsed | eta 580s
  step 2600/5005 | loss 2.2973 | acc 47.7% | 602s elapsed | eta 556s
  step 2700/5005 | loss 2.2985 | acc 47.7% | 625s elapsed | eta 533s
  step 2800/5005 | loss 2.3017 | acc 47.6% | 645s elapsed | eta 508s
  step 2900/5005 | loss 2.3042 | acc 47.6% | 666s elapsed | eta 483s
  step 3000/5005 | loss 2.3051 | acc 47.6% | 689s elapsed | eta 461s
  step 3100/5005 | loss 2.3079 | acc 47.5% | 711s elapsed | eta 437s
  step 3200/5005 | loss 2.3096 | acc 47.5% | 734s elapsed | eta 414s
  step 3300/5005 | loss 2.3103 | acc 47.5% | 759s elapsed | eta 392s
  step 3400/5005 | loss 2.3123 | acc 47.5% | 782s elapsed | eta 369s
  step 3500/5005 | loss 2.3145 | acc 47.4% | 804s elapsed | eta 346s
  step 3600/5005 | loss 2.3156 | acc 47.4% | 829s elapsed | eta 323s
  step 3700/5005 | loss 2.3171 | acc 47.4% | 851s elapsed | eta 300s
  step 3800/5005 | loss 2.3179 | acc 47.4% | 875s elapsed | eta 278s
  step 3900/5005 | loss 2.3195 | acc 47.3% | 897s elapsed | eta 254s
  step 4000/5005 | loss 2.3211 | acc 47.3% | 919s elapsed | eta 231s
  step 4100/5005 | loss 2.3219 | acc 47.3% | 944s elapsed | eta 208s
  step 4200/5005 | loss 2.3227 | acc 47.3% | 965s elapsed | eta 185s
  step 4300/5005 | loss 2.3237 | acc 47.3% | 988s elapsed | eta 162s
  step 4400/5005 | loss 2.3241 | acc 47.3% | 1013s elapsed | eta 139s
  step 4500/5005 | loss 2.3249 | acc 47.3% | 1036s elapsed | eta 116s
  step 4600/5005 | loss 2.3261 | acc 47.2% | 1058s elapsed | eta 93s
  step 4700/5005 | loss 2.3273 | acc 47.2% | 1079s elapsed | eta 70s
  step 4800/5005 | loss 2.3285 | acc 47.2% | 1102s elapsed | eta 47s
  step 4900/5005 | loss 2.3297 | acc 47.2% | 1124s elapsed | eta 24s
  step 5000/5005 | loss 2.3305 | acc 47.2% | 1147s elapsed | eta 1s
Ep  11 | loss 2.3305 | task 2.3305 | cons 0.0000 | train 47.2% | test 40.7% | 1173s
  step 100/5005 | loss 2.1297 | acc 50.9% | 22s elapsed | eta 1083s
  step 200/5005 | loss 2.1122 | acc 51.3% | 47s elapsed | eta 1118s
  step 300/5005 | loss 2.1241 | acc 51.0% | 69s elapsed | eta 1089s
  step 400/5005 | loss 2.1378 | acc 50.7% | 92s elapsed | eta 1056s
  step 500/5005 | loss 2.1441 | acc 50.6% | 114s elapsed | eta 1031s
  step 600/5005 | loss 2.1574 | acc 50.4% | 137s elapsed | eta 1004s
  step 700/5005 | loss 2.1611 | acc 50.2% | 160s elapsed | eta 982s
  step 800/5005 | loss 2.1681 | acc 50.1% | 181s elapsed | eta 951s
  step 900/5005 | loss 2.1664 | acc 50.1% | 205s elapsed | eta 934s
  step 1000/5005 | loss 2.1704 | acc 50.1% | 228s elapsed | eta 912s
  step 1100/5005 | loss 2.1706 | acc 50.1% | 252s elapsed | eta 893s
  step 1200/5005 | loss 2.1696 | acc 50.1% | 276s elapsed | eta 876s
  step 1300/5005 | loss 2.1742 | acc 50.0% | 300s elapsed | eta 854s
  step 1400/5005 | loss 2.1793 | acc 49.9% | 321s elapsed | eta 828s
  step 1500/5005 | loss 2.1820 | acc 49.9% | 346s elapsed | eta 809s
  step 1600/5005 | loss 2.1860 | acc 49.8% | 368s elapsed | eta 783s
  step 1700/5005 | loss 2.1893 | acc 49.7% | 390s elapsed | eta 758s
  step 1800/5005 | loss 2.1936 | acc 49.6% | 413s elapsed | eta 735s
  step 1900/5005 | loss 2.1980 | acc 49.5% | 434s elapsed | eta 710s
  step 2000/5005 | loss 2.1989 | acc 49.5% | 457s elapsed | eta 687s
  step 2100/5005 | loss 2.2002 | acc 49.5% | 480s elapsed | eta 664s
  step 2200/5005 | loss 2.2024 | acc 49.5% | 503s elapsed | eta 641s
  step 2300/5005 | loss 2.2037 | acc 49.4% | 526s elapsed | eta 619s
  step 2400/5005 | loss 2.2067 | acc 49.4% | 549s elapsed | eta 596s
  step 2500/5005 | loss 2.2081 | acc 49.4% | 573s elapsed | eta 574s
  step 2600/5005 | loss 2.2122 | acc 49.3% | 594s elapsed | eta 549s
  step 2700/5005 | loss 2.2137 | acc 49.2% | 617s elapsed | eta 527s
  step 2800/5005 | loss 2.2158 | acc 49.2% | 638s elapsed | eta 502s
  step 2900/5005 | loss 2.2173 | acc 49.2% | 661s elapsed | eta 479s
  step 3000/5005 | loss 2.2191 | acc 49.2% | 683s elapsed | eta 457s
  step 3100/5005 | loss 2.2214 | acc 49.1% | 706s elapsed | eta 434s
  step 3200/5005 | loss 2.2237 | acc 49.1% | 728s elapsed | eta 411s
  step 3300/5005 | loss 2.2263 | acc 49.0% | 750s elapsed | eta 388s
  step 3400/5005 | loss 2.2283 | acc 49.0% | 773s elapsed | eta 365s
  step 3500/5005 | loss 2.2300 | acc 49.0% | 796s elapsed | eta 342s
  step 3600/5005 | loss 2.2324 | acc 48.9% | 819s elapsed | eta 319s
  step 3700/5005 | loss 2.2338 | acc 48.9% | 842s elapsed | eta 297s
  step 3800/5005 | loss 2.2362 | acc 48.8% | 863s elapsed | eta 274s
  step 3900/5005 | loss 2.2380 | acc 48.8% | 887s elapsed | eta 251s
  step 4000/5005 | loss 2.2389 | acc 48.8% | 910s elapsed | eta 229s
  step 4100/5005 | loss 2.2405 | acc 48.8% | 932s elapsed | eta 206s
  step 4200/5005 | loss 2.2421 | acc 48.7% | 953s elapsed | eta 183s
  step 4300/5005 | loss 2.2437 | acc 48.7% | 975s elapsed | eta 160s
  step 4400/5005 | loss 2.2451 | acc 48.7% | 999s elapsed | eta 137s
  step 4500/5005 | loss 2.2466 | acc 48.7% | 1022s elapsed | eta 115s
  step 4600/5005 | loss 2.2478 | acc 48.6% | 1045s elapsed | eta 92s
  step 4700/5005 | loss 2.2490 | acc 48.6% | 1067s elapsed | eta 69s
  step 4800/5005 | loss 2.2506 | acc 48.6% | 1089s elapsed | eta 47s
  step 4900/5005 | loss 2.2517 | acc 48.6% | 1112s elapsed | eta 24s
  step 5000/5005 | loss 2.2529 | acc 48.5% | 1135s elapsed | eta 1s
Ep  12 | loss 2.2528 | task 2.2528 | cons 0.0000 | train 48.5% | test 41.3% | 1161s
  step 100/5005 | loss 2.0710 | acc 51.8% | 23s elapsed | eta 1132s
  step 200/5005 | loss 2.0833 | acc 51.5% | 45s elapsed | eta 1088s
  step 300/5005 | loss 2.0889 | acc 51.4% | 67s elapsed | eta 1055s
  step 400/5005 | loss 2.0773 | acc 51.6% | 91s elapsed | eta 1053s
  step 500/5005 | loss 2.0770 | acc 51.7% | 115s elapsed | eta 1038s
  step 600/5005 | loss 2.0846 | acc 51.6% | 139s elapsed | eta 1020s
  step 700/5005 | loss 2.0936 | acc 51.4% | 161s elapsed | eta 987s
  step 800/5005 | loss 2.0989 | acc 51.3% | 183s elapsed | eta 964s
  step 900/5005 | loss 2.1023 | acc 51.3% | 207s elapsed | eta 946s
  step 1000/5005 | loss 2.1040 | acc 51.2% | 231s elapsed | eta 925s
  step 1100/5005 | loss 2.1072 | acc 51.2% | 255s elapsed | eta 905s
  step 1200/5005 | loss 2.1057 | acc 51.2% | 280s elapsed | eta 888s
  step 1300/5005 | loss 2.1075 | acc 51.1% | 304s elapsed | eta 865s
  step 1400/5005 | loss 2.1163 | acc 50.9% | 322s elapsed | eta 830s
  step 1500/5005 | loss 2.1192 | acc 50.9% | 344s elapsed | eta 805s
  step 1600/5005 | loss 2.1189 | acc 50.9% | 370s elapsed | eta 787s
  step 1700/5005 | loss 2.1212 | acc 50.9% | 394s elapsed | eta 766s
  step 1800/5005 | loss 2.1258 | acc 50.8% | 416s elapsed | eta 740s
  step 1900/5005 | loss 2.1289 | acc 50.7% | 439s elapsed | eta 717s
  step 2000/5005 | loss 2.1332 | acc 50.6% | 460s elapsed | eta 692s
  step 2100/5005 | loss 2.1362 | acc 50.6% | 484s elapsed | eta 669s
  step 2200/5005 | loss 2.1406 | acc 50.5% | 504s elapsed | eta 643s
  step 2300/5005 | loss 2.1453 | acc 50.4% | 525s elapsed | eta 618s
  step 2400/5005 | loss 2.1472 | acc 50.4% | 547s elapsed | eta 594s
  step 2500/5005 | loss 2.1478 | acc 50.3% | 572s elapsed | eta 573s
  step 2600/5005 | loss 2.1482 | acc 50.3% | 595s elapsed | eta 551s
  step 2700/5005 | loss 2.1506 | acc 50.3% | 617s elapsed | eta 527s
  step 2800/5005 | loss 2.1530 | acc 50.2% | 640s elapsed | eta 504s
  step 2900/5005 | loss 2.1546 | acc 50.2% | 664s elapsed | eta 482s
  step 3000/5005 | loss 2.1578 | acc 50.2% | 685s elapsed | eta 458s
  step 3100/5005 | loss 2.1593 | acc 50.1% | 710s elapsed | eta 436s
  step 3200/5005 | loss 2.1607 | acc 50.1% | 733s elapsed | eta 413s
  step 3300/5005 | loss 2.1624 | acc 50.1% | 756s elapsed | eta 391s
  step 3400/5005 | loss 2.1645 | acc 50.0% | 778s elapsed | eta 367s
  step 3500/5005 | loss 2.1669 | acc 50.0% | 801s elapsed | eta 344s
  step 3600/5005 | loss 2.1684 | acc 50.0% | 825s elapsed | eta 322s
  step 3700/5005 | loss 2.1691 | acc 49.9% | 848s elapsed | eta 299s
  step 3800/5005 | loss 2.1708 | acc 49.9% | 871s elapsed | eta 276s
  step 3900/5005 | loss 2.1724 | acc 49.9% | 892s elapsed | eta 253s
  step 4000/5005 | loss 2.1741 | acc 49.9% | 915s elapsed | eta 230s
  step 4100/5005 | loss 2.1754 | acc 49.8% | 939s elapsed | eta 207s
  step 4200/5005 | loss 2.1764 | acc 49.8% | 963s elapsed | eta 184s
  step 4300/5005 | loss 2.1783 | acc 49.8% | 984s elapsed | eta 161s
  step 4400/5005 | loss 2.1796 | acc 49.8% | 1007s elapsed | eta 138s
  step 4500/5005 | loss 2.1811 | acc 49.7% | 1028s elapsed | eta 115s
  step 4600/5005 | loss 2.1823 | acc 49.7% | 1051s elapsed | eta 93s
  step 4700/5005 | loss 2.1838 | acc 49.7% | 1075s elapsed | eta 70s
  step 4800/5005 | loss 2.1850 | acc 49.7% | 1097s elapsed | eta 47s
  step 4900/5005 | loss 2.1867 | acc 49.6% | 1120s elapsed | eta 24s
  step 5000/5005 | loss 2.1882 | acc 49.6% | 1142s elapsed | eta 1s
Ep  13 | loss 2.1884 | task 2.1884 | cons 0.0000 | train 49.6% | test 42.6% | 1168s
  step 100/5005 | loss 2.0289 | acc 52.7% | 21s elapsed | eta 1046s
  step 200/5005 | loss 2.0197 | acc 52.9% | 45s elapsed | eta 1080s
  step 300/5005 | loss 2.0159 | acc 53.0% | 67s elapsed | eta 1053s
  step 400/5005 | loss 2.0154 | acc 52.9% | 90s elapsed | eta 1033s
  step 500/5005 | loss 2.0168 | acc 52.8% | 114s elapsed | eta 1028s
  step 600/5005 | loss 2.0210 | acc 52.8% | 139s elapsed | eta 1017s
  step 700/5005 | loss 2.0243 | acc 52.7% | 162s elapsed | eta 994s
  step 800/5005 | loss 2.0306 | acc 52.6% | 183s elapsed | eta 960s
  step 900/5005 | loss 2.0365 | acc 52.5% | 206s elapsed | eta 938s
  step 1000/5005 | loss 2.0393 | acc 52.5% | 229s elapsed | eta 916s
  step 1100/5005 | loss 2.0407 | acc 52.4% | 253s elapsed | eta 897s
  step 1200/5005 | loss 2.0454 | acc 52.3% | 275s elapsed | eta 871s
  step 1300/5005 | loss 2.0527 | acc 52.1% | 297s elapsed | eta 845s
  step 1400/5005 | loss 2.0557 | acc 52.1% | 320s elapsed | eta 823s
  step 1500/5005 | loss 2.0556 | acc 52.1% | 343s elapsed | eta 802s
  step 1600/5005 | loss 2.0593 | acc 52.0% | 366s elapsed | eta 779s
  step 1700/5005 | loss 2.0638 | acc 51.9% | 387s elapsed | eta 753s
  step 1800/5005 | loss 2.0664 | acc 51.8% | 410s elapsed | eta 731s
  step 1900/5005 | loss 2.0694 | acc 51.8% | 432s elapsed | eta 706s
  step 2000/5005 | loss 2.0725 | acc 51.7% | 456s elapsed | eta 685s
  step 2100/5005 | loss 2.0729 | acc 51.7% | 480s elapsed | eta 664s
  step 2200/5005 | loss 2.0751 | acc 51.7% | 504s elapsed | eta 642s
  step 2300/5005 | loss 2.0774 | acc 51.6% | 527s elapsed | eta 620s
  step 2400/5005 | loss 2.0774 | acc 51.6% | 551s elapsed | eta 598s
  step 2500/5005 | loss 2.0812 | acc 51.6% | 573s elapsed | eta 575s
  step 2600/5005 | loss 2.0825 | acc 51.6% | 598s elapsed | eta 553s
  step 2700/5005 | loss 2.0852 | acc 51.5% | 622s elapsed | eta 531s
  step 2800/5005 | loss 2.0887 | acc 51.5% | 645s elapsed | eta 508s
  step 2900/5005 | loss 2.0911 | acc 51.4% | 668s elapsed | eta 485s
  step 3000/5005 | loss 2.0937 | acc 51.4% | 692s elapsed | eta 462s
  step 3100/5005 | loss 2.0966 | acc 51.3% | 712s elapsed | eta 438s
  step 3200/5005 | loss 2.0983 | acc 51.3% | 737s elapsed | eta 416s
  step 3300/5005 | loss 2.1012 | acc 51.2% | 759s elapsed | eta 392s
  step 3400/5005 | loss 2.1027 | acc 51.2% | 782s elapsed | eta 369s
  step 3500/5005 | loss 2.1043 | acc 51.2% | 805s elapsed | eta 346s
  step 3600/5005 | loss 2.1056 | acc 51.1% | 829s elapsed | eta 323s
  step 3700/5005 | loss 2.1084 | acc 51.1% | 851s elapsed | eta 300s
  step 3800/5005 | loss 2.1103 | acc 51.1% | 873s elapsed | eta 277s
  step 3900/5005 | loss 2.1120 | acc 51.0% | 895s elapsed | eta 254s
  step 4000/5005 | loss 2.1142 | acc 51.0% | 916s elapsed | eta 230s
  step 4100/5005 | loss 2.1168 | acc 50.9% | 937s elapsed | eta 207s
  step 4200/5005 | loss 2.1186 | acc 50.9% | 960s elapsed | eta 184s
  step 4300/5005 | loss 2.1218 | acc 50.9% | 982s elapsed | eta 161s
  step 4400/5005 | loss 2.1223 | acc 50.8% | 1007s elapsed | eta 138s
  step 4500/5005 | loss 2.1238 | acc 50.8% | 1030s elapsed | eta 116s
  step 4600/5005 | loss 2.1259 | acc 50.8% | 1052s elapsed | eta 93s
  step 4700/5005 | loss 2.1267 | acc 50.8% | 1076s elapsed | eta 70s
  step 4800/5005 | loss 2.1280 | acc 50.7% | 1101s elapsed | eta 47s
  step 4900/5005 | loss 2.1295 | acc 50.7% | 1124s elapsed | eta 24s
  step 5000/5005 | loss 2.1311 | acc 50.7% | 1147s elapsed | eta 1s
Ep  14 | loss 2.1311 | task 2.1311 | cons 0.0000 | train 50.7% | test 42.4% | 1173s
  step 100/5005 | loss 1.9451 | acc 54.1% | 23s elapsed | eta 1129s
  step 200/5005 | loss 1.9370 | acc 54.2% | 46s elapsed | eta 1106s
  step 300/5005 | loss 1.9489 | acc 54.1% | 69s elapsed | eta 1081s
  step 400/5005 | loss 1.9547 | acc 53.9% | 91s elapsed | eta 1047s
  step 500/5005 | loss 1.9605 | acc 53.8% | 113s elapsed | eta 1021s
  step 600/5005 | loss 1.9672 | acc 53.6% | 136s elapsed | eta 1000s
  step 700/5005 | loss 1.9727 | acc 53.5% | 159s elapsed | eta 977s
  step 800/5005 | loss 1.9745 | acc 53.5% | 181s elapsed | eta 952s
  step 900/5005 | loss 1.9784 | acc 53.5% | 205s elapsed | eta 933s
  step 1000/5005 | loss 1.9825 | acc 53.4% | 228s elapsed | eta 913s
  step 1100/5005 | loss 1.9874 | acc 53.3% | 249s elapsed | eta 885s
  step 1200/5005 | loss 1.9910 | acc 53.2% | 271s elapsed | eta 861s
  step 1300/5005 | loss 1.9962 | acc 53.1% | 293s elapsed | eta 836s
  step 1400/5005 | loss 1.9979 | acc 53.1% | 317s elapsed | eta 816s
  step 1500/5005 | loss 2.0029 | acc 53.0% | 339s elapsed | eta 793s
  step 1600/5005 | loss 2.0037 | acc 52.9% | 364s elapsed | eta 774s
  step 1700/5005 | loss 2.0070 | acc 52.9% | 386s elapsed | eta 750s
  step 1800/5005 | loss 2.0129 | acc 52.8% | 406s elapsed | eta 723s
  step 1900/5005 | loss 2.0165 | acc 52.7% | 428s elapsed | eta 699s
  step 2000/5005 | loss 2.0185 | acc 52.7% | 450s elapsed | eta 676s
  step 2100/5005 | loss 2.0202 | acc 52.7% | 472s elapsed | eta 653s
  step 2200/5005 | loss 2.0223 | acc 52.6% | 496s elapsed | eta 632s
  step 2300/5005 | loss 2.0237 | acc 52.6% | 519s elapsed | eta 610s
  step 2400/5005 | loss 2.0255 | acc 52.6% | 542s elapsed | eta 589s
  step 2500/5005 | loss 2.0269 | acc 52.5% | 565s elapsed | eta 566s
  step 2600/5005 | loss 2.0279 | acc 52.5% | 590s elapsed | eta 546s
  step 2700/5005 | loss 2.0325 | acc 52.4% | 611s elapsed | eta 522s
  step 2800/5005 | loss 2.0355 | acc 52.4% | 635s elapsed | eta 500s
  step 2900/5005 | loss 2.0382 | acc 52.3% | 657s elapsed | eta 477s
  step 3000/5005 | loss 2.0390 | acc 52.3% | 681s elapsed | eta 455s
  step 3100/5005 | loss 2.0409 | acc 52.3% | 705s elapsed | eta 433s
  step 3200/5005 | loss 2.0439 | acc 52.2% | 727s elapsed | eta 410s
  step 3300/5005 | loss 2.0469 | acc 52.2% | 750s elapsed | eta 387s
  step 3400/5005 | loss 2.0490 | acc 52.1% | 772s elapsed | eta 364s
  step 3500/5005 | loss 2.0503 | acc 52.1% | 794s elapsed | eta 341s
  step 3600/5005 | loss 2.0528 | acc 52.1% | 816s elapsed | eta 319s
  step 3700/5005 | loss 2.0539 | acc 52.1% | 839s elapsed | eta 296s
  step 3800/5005 | loss 2.0567 | acc 52.0% | 861s elapsed | eta 273s
  step 3900/5005 | loss 2.0577 | acc 52.0% | 885s elapsed | eta 251s
  step 4000/5005 | loss 2.0592 | acc 52.0% | 907s elapsed | eta 228s
  step 4100/5005 | loss 2.0607 | acc 51.9% | 931s elapsed | eta 206s
  step 4200/5005 | loss 2.0616 | acc 51.9% | 955s elapsed | eta 183s
  step 4300/5005 | loss 2.0627 | acc 51.9% | 978s elapsed | eta 160s
  step 4400/5005 | loss 2.0640 | acc 51.9% | 1000s elapsed | eta 138s
  step 4500/5005 | loss 2.0658 | acc 51.8% | 1023s elapsed | eta 115s
  step 4600/5005 | loss 2.0679 | acc 51.8% | 1045s elapsed | eta 92s
  step 4700/5005 | loss 2.0699 | acc 51.8% | 1069s elapsed | eta 69s
  step 4800/5005 | loss 2.0709 | acc 51.7% | 1093s elapsed | eta 47s
  step 4900/5005 | loss 2.0733 | acc 51.7% | 1115s elapsed | eta 24s
  step 5000/5005 | loss 2.0753 | acc 51.7% | 1138s elapsed | eta 1s
Ep  15 | loss 2.0754 | task 2.0754 | cons 0.0000 | train 51.7% | test 43.1% | 1164s
Checkpoint saved to models/in64_cont_4bpu_d384_K4_ep15.pt
  step 100/5005 | loss 1.9083 | acc 54.8% | 23s elapsed | eta 1110s
  step 200/5005 | loss 1.8941 | acc 55.3% | 45s elapsed | eta 1088s
  step 300/5005 | loss 1.8948 | acc 55.3% | 68s elapsed | eta 1066s
  step 400/5005 | loss 1.8979 | acc 55.2% | 91s elapsed | eta 1050s
  step 500/5005 | loss 1.9002 | acc 55.0% | 114s elapsed | eta 1031s
  step 600/5005 | loss 1.9021 | acc 55.0% | 138s elapsed | eta 1016s
  step 700/5005 | loss 1.9098 | acc 54.9% | 162s elapsed | eta 994s
  step 800/5005 | loss 1.9151 | acc 54.8% | 185s elapsed | eta 971s
  step 900/5005 | loss 1.9181 | acc 54.7% | 209s elapsed | eta 955s
  step 1000/5005 | loss 1.9210 | acc 54.7% | 233s elapsed | eta 932s
  step 1100/5005 | loss 1.9262 | acc 54.6% | 256s elapsed | eta 910s
  step 1200/5005 | loss 1.9283 | acc 54.5% | 279s elapsed | eta 884s
  step 1300/5005 | loss 1.9320 | acc 54.5% | 301s elapsed | eta 858s
  step 1400/5005 | loss 1.9350 | acc 54.4% | 323s elapsed | eta 832s
  step 1500/5005 | loss 1.9386 | acc 54.3% | 345s elapsed | eta 807s
  step 1600/5005 | loss 1.9420 | acc 54.2% | 368s elapsed | eta 782s
  step 1700/5005 | loss 1.9458 | acc 54.2% | 390s elapsed | eta 757s
  step 1800/5005 | loss 1.9497 | acc 54.1% | 412s elapsed | eta 734s
  step 1900/5005 | loss 1.9537 | acc 54.0% | 435s elapsed | eta 711s
  step 2000/5005 | loss 1.9559 | acc 53.9% | 458s elapsed | eta 688s
  step 2100/5005 | loss 1.9597 | acc 53.8% | 479s elapsed | eta 663s
  step 2200/5005 | loss 1.9641 | acc 53.7% | 501s elapsed | eta 638s
  step 2300/5005 | loss 1.9683 | acc 53.7% | 524s elapsed | eta 616s
  step 2400/5005 | loss 1.9712 | acc 53.6% | 547s elapsed | eta 594s
  step 2500/5005 | loss 1.9763 | acc 53.5% | 570s elapsed | eta 571s
  step 2600/5005 | loss 1.9790 | acc 53.4% | 593s elapsed | eta 548s
  step 2700/5005 | loss 1.9818 | acc 53.4% | 614s elapsed | eta 525s
  step 2800/5005 | loss 1.9839 | acc 53.4% | 638s elapsed | eta 502s
  step 2900/5005 | loss 1.9863 | acc 53.3% | 661s elapsed | eta 480s
  step 3000/5005 | loss 1.9897 | acc 53.3% | 683s elapsed | eta 457s
  step 3100/5005 | loss 1.9925 | acc 53.2% | 705s elapsed | eta 433s
  step 3200/5005 | loss 1.9944 | acc 53.2% | 729s elapsed | eta 411s
  step 3300/5005 | loss 1.9959 | acc 53.2% | 752s elapsed | eta 389s
  step 3400/5005 | loss 1.9978 | acc 53.1% | 775s elapsed | eta 366s
  step 3500/5005 | loss 2.0008 | acc 53.1% | 797s elapsed | eta 343s
  step 3600/5005 | loss 2.0028 | acc 53.0% | 819s elapsed | eta 320s
  step 3700/5005 | loss 2.0052 | acc 53.0% | 840s elapsed | eta 296s
  step 3800/5005 | loss 2.0069 | acc 52.9% | 863s elapsed | eta 274s
  step 3900/5005 | loss 2.0079 | acc 52.9% | 888s elapsed | eta 252s
  step 4000/5005 | loss 2.0102 | acc 52.9% | 911s elapsed | eta 229s
  step 4100/5005 | loss 2.0121 | acc 52.8% | 934s elapsed | eta 206s
  step 4200/5005 | loss 2.0135 | acc 52.8% | 957s elapsed | eta 183s
  step 4300/5005 | loss 2.0148 | acc 52.8% | 981s elapsed | eta 161s
  step 4400/5005 | loss 2.0167 | acc 52.8% | 1003s elapsed | eta 138s
  step 4500/5005 | loss 2.0188 | acc 52.7% | 1027s elapsed | eta 115s
  step 4600/5005 | loss 2.0197 | acc 52.7% | 1050s elapsed | eta 92s
  step 4700/5005 | loss 2.0214 | acc 52.7% | 1073s elapsed | eta 70s
  step 4800/5005 | loss 2.0234 | acc 52.6% | 1096s elapsed | eta 47s
  step 4900/5005 | loss 2.0251 | acc 52.6% | 1119s elapsed | eta 24s
  step 5000/5005 | loss 2.0269 | acc 52.6% | 1141s elapsed | eta 1s
Ep  16 | loss 2.0270 | task 2.0270 | cons 0.0000 | train 52.6% | test 43.5% | 1166s
  step 100/5005 | loss 1.8871 | acc 55.4% | 21s elapsed | eta 1042s
  step 200/5005 | loss 1.8469 | acc 56.2% | 45s elapsed | eta 1081s
  step 300/5005 | loss 1.8455 | acc 56.2% | 69s elapsed | eta 1078s
  step 400/5005 | loss 1.8489 | acc 56.2% | 92s elapsed | eta 1059s
  step 500/5005 | loss 1.8590 | acc 56.0% | 114s elapsed | eta 1023s
  step 600/5005 | loss 1.8777 | acc 55.6% | 133s elapsed | eta 977s
  step 700/5005 | loss 1.8884 | acc 55.3% | 154s elapsed | eta 949s
  step 800/5005 | loss 1.8878 | acc 55.3% | 178s elapsed | eta 938s
  step 900/5005 | loss 1.8901 | acc 55.2% | 201s elapsed | eta 915s
  step 1000/5005 | loss 1.8944 | acc 55.1% | 223s elapsed | eta 892s
  step 1100/5005 | loss 1.9013 | acc 55.0% | 245s elapsed | eta 871s
  step 1200/5005 | loss 1.9047 | acc 54.9% | 268s elapsed | eta 849s
  step 1300/5005 | loss 1.9024 | acc 54.9% | 295s elapsed | eta 839s
  step 1400/5005 | loss 1.9042 | acc 54.9% | 318s elapsed | eta 819s
  step 1500/5005 | loss 1.9067 | acc 54.8% | 342s elapsed | eta 800s
  step 1600/5005 | loss 1.9107 | acc 54.7% | 365s elapsed | eta 777s
  step 1700/5005 | loss 1.9124 | acc 54.7% | 389s elapsed | eta 756s
  step 1800/5005 | loss 1.9145 | acc 54.7% | 411s elapsed | eta 732s
  step 1900/5005 | loss 1.9168 | acc 54.6% | 435s elapsed | eta 711s
  step 2000/5005 | loss 1.9192 | acc 54.6% | 458s elapsed | eta 689s
  step 2100/5005 | loss 1.9208 | acc 54.6% | 482s elapsed | eta 667s
  step 2200/5005 | loss 1.9233 | acc 54.5% | 506s elapsed | eta 645s
  step 2300/5005 | loss 1.9242 | acc 54.5% | 530s elapsed | eta 623s
  step 2400/5005 | loss 1.9289 | acc 54.4% | 552s elapsed | eta 600s
  step 2500/5005 | loss 1.9324 | acc 54.3% | 574s elapsed | eta 575s
  step 2600/5005 | loss 1.9339 | acc 54.3% | 597s elapsed | eta 552s
  step 2700/5005 | loss 1.9357 | acc 54.2% | 621s elapsed | eta 530s
  step 2800/5005 | loss 1.9358 | acc 54.2% | 647s elapsed | eta 509s
  step 2900/5005 | loss 1.9384 | acc 54.2% | 670s elapsed | eta 486s
  step 3000/5005 | loss 1.9400 | acc 54.1% | 693s elapsed | eta 463s
  step 3100/5005 | loss 1.9433 | acc 54.1% | 715s elapsed | eta 440s
  step 3200/5005 | loss 1.9461 | acc 54.0% | 738s elapsed | eta 416s
  step 3300/5005 | loss 1.9484 | acc 54.0% | 762s elapsed | eta 394s
  step 3400/5005 | loss 1.9516 | acc 53.9% | 783s elapsed | eta 370s
  step 3500/5005 | loss 1.9526 | acc 53.9% | 808s elapsed | eta 348s
  step 3600/5005 | loss 1.9553 | acc 53.9% | 830s elapsed | eta 324s
  step 3700/5005 | loss 1.9574 | acc 53.8% | 854s elapsed | eta 301s
  step 3800/5005 | loss 1.9595 | acc 53.8% | 876s elapsed | eta 278s
  step 3900/5005 | loss 1.9614 | acc 53.7% | 899s elapsed | eta 255s
  step 4000/5005 | loss 1.9632 | acc 53.7% | 923s elapsed | eta 232s
  step 4100/5005 | loss 1.9655 | acc 53.7% | 946s elapsed | eta 209s
  step 4200/5005 | loss 1.9674 | acc 53.6% | 969s elapsed | eta 186s
  step 4300/5005 | loss 1.9687 | acc 53.6% | 992s elapsed | eta 163s
  step 4400/5005 | loss 1.9705 | acc 53.6% | 1014s elapsed | eta 139s
  step 4500/5005 | loss 1.9718 | acc 53.6% | 1037s elapsed | eta 116s
  step 4600/5005 | loss 1.9747 | acc 53.5% | 1058s elapsed | eta 93s
  step 4700/5005 | loss 1.9761 | acc 53.5% | 1082s elapsed | eta 70s
  step 4800/5005 | loss 1.9776 | acc 53.5% | 1106s elapsed | eta 47s
  step 4900/5005 | loss 1.9805 | acc 53.4% | 1128s elapsed | eta 24s
  step 5000/5005 | loss 1.9828 | acc 53.4% | 1150s elapsed | eta 1s
Ep  17 | loss 1.9830 | task 1.9830 | cons 0.0000 | train 53.4% | test 43.5% | 1176s
  step 100/5005 | loss 1.7981 | acc 56.9% | 23s elapsed | eta 1120s
  step 200/5005 | loss 1.8050 | acc 56.9% | 45s elapsed | eta 1082s
  step 300/5005 | loss 1.7923 | acc 57.1% | 68s elapsed | eta 1069s
  step 400/5005 | loss 1.8037 | acc 56.8% | 90s elapsed | eta 1038s
  step 500/5005 | loss 1.8105 | acc 56.6% | 113s elapsed | eta 1016s
  step 600/5005 | loss 1.8181 | acc 56.5% | 134s elapsed | eta 986s
  step 700/5005 | loss 1.8191 | acc 56.5% | 157s elapsed | eta 967s
  step 800/5005 | loss 1.8257 | acc 56.4% | 181s elapsed | eta 950s
  step 900/5005 | loss 1.8286 | acc 56.3% | 204s elapsed | eta 932s
  step 1000/5005 | loss 1.8319 | acc 56.2% | 227s elapsed | eta 910s
  step 1100/5005 | loss 1.8363 | acc 56.1% | 250s elapsed | eta 888s
  step 1200/5005 | loss 1.8403 | acc 56.0% | 273s elapsed | eta 865s
  step 1300/5005 | loss 1.8452 | acc 55.9% | 294s elapsed | eta 837s
  step 1400/5005 | loss 1.8491 | acc 55.9% | 316s elapsed | eta 813s
  step 1500/5005 | loss 1.8538 | acc 55.8% | 339s elapsed | eta 792s
  step 1600/5005 | loss 1.8567 | acc 55.8% | 362s elapsed | eta 771s
  step 1700/5005 | loss 1.8587 | acc 55.7% | 386s elapsed | eta 750s
  step 1800/5005 | loss 1.8628 | acc 55.6% | 408s elapsed | eta 727s
  step 1900/5005 | loss 1.8671 | acc 55.5% | 430s elapsed | eta 703s
  step 2000/5005 | loss 1.8710 | acc 55.4% | 454s elapsed | eta 682s
  step 2100/5005 | loss 1.8731 | acc 55.4% | 476s elapsed | eta 659s
  step 2200/5005 | loss 1.8763 | acc 55.3% | 499s elapsed | eta 636s
  step 2300/5005 | loss 1.8795 | acc 55.2% | 521s elapsed | eta 613s
  step 2400/5005 | loss 1.8808 | acc 55.2% | 545s elapsed | eta 591s
  step 2500/5005 | loss 1.8852 | acc 55.1% | 568s elapsed | eta 569s
  step 2600/5005 | loss 1.8876 | acc 55.1% | 590s elapsed | eta 546s
  step 2700/5005 | loss 1.8902 | acc 55.0% | 613s elapsed | eta 524s
  step 2800/5005 | loss 1.8928 | acc 55.0% | 636s elapsed | eta 501s
  step 2900/5005 | loss 1.8951 | acc 54.9% | 660s elapsed | eta 479s
  step 3000/5005 | loss 1.8984 | acc 54.9% | 682s elapsed | eta 456s
  step 3100/5005 | loss 1.8997 | acc 54.9% | 707s elapsed | eta 434s
  step 3200/5005 | loss 1.9019 | acc 54.8% | 730s elapsed | eta 412s
  step 3300/5005 | loss 1.9034 | acc 54.8% | 754s elapsed | eta 390s
  step 3400/5005 | loss 1.9069 | acc 54.7% | 776s elapsed | eta 366s
  step 3500/5005 | loss 1.9100 | acc 54.7% | 798s elapsed | eta 343s
  step 3600/5005 | loss 1.9130 | acc 54.6% | 819s elapsed | eta 320s
  step 3700/5005 | loss 1.9156 | acc 54.5% | 843s elapsed | eta 297s
  step 3800/5005 | loss 1.9169 | acc 54.5% | 868s elapsed | eta 275s
  step 3900/5005 | loss 1.9196 | acc 54.5% | 890s elapsed | eta 252s
