Loading ImageNet64 from HuggingFace...
Model: continuous | Params: 8,012,136 | K=4 | blocks/unit=4
----------------------------------------------------------------------
  step 100/5005 | loss 6.8707 | acc 0.3% | 24s elapsed | eta 1167s
  step 200/5005 | loss 6.7689 | acc 0.5% | 47s elapsed | eta 1128s
  step 300/5005 | loss 6.6984 | acc 0.6% | 69s elapsed | eta 1080s
  step 400/5005 | loss 6.6313 | acc 0.7% | 91s elapsed | eta 1052s
  step 500/5005 | loss 6.5728 | acc 0.9% | 116s elapsed | eta 1045s
  step 600/5005 | loss 6.5149 | acc 1.0% | 139s elapsed | eta 1018s
  step 700/5005 | loss 6.4587 | acc 1.2% | 163s elapsed | eta 999s
  step 800/5005 | loss 6.4069 | acc 1.4% | 184s elapsed | eta 967s
  step 900/5005 | loss 6.3591 | acc 1.5% | 208s elapsed | eta 949s
  step 1000/5005 | loss 6.3116 | acc 1.7% | 236s elapsed | eta 944s
  step 1100/5005 | loss 6.2659 | acc 1.9% | 269s elapsed | eta 955s
  step 1200/5005 | loss 6.2222 | acc 2.1% | 290s elapsed | eta 920s
  step 1300/5005 | loss 6.1805 | acc 2.3% | 314s elapsed | eta 894s
  step 1400/5005 | loss 6.1381 | acc 2.5% | 337s elapsed | eta 867s
  step 1500/5005 | loss 6.0971 | acc 2.7% | 365s elapsed | eta 852s
  step 1600/5005 | loss 6.0578 | acc 2.9% | 402s elapsed | eta 856s
  step 1700/5005 | loss 6.0207 | acc 3.1% | 441s elapsed | eta 857s
  step 1800/5005 | loss 5.9848 | acc 3.3% | 466s elapsed | eta 830s
  step 1900/5005 | loss 5.9508 | acc 3.5% | 491s elapsed | eta 803s
  step 2000/5005 | loss 5.9177 | acc 3.7% | 514s elapsed | eta 772s
  step 2100/5005 | loss 5.8862 | acc 3.8% | 542s elapsed | eta 749s
  step 2200/5005 | loss 5.8555 | acc 4.0% | 578s elapsed | eta 736s
  step 2300/5005 | loss 5.8259 | acc 4.2% | 611s elapsed | eta 719s
  step 2400/5005 | loss 5.7980 | acc 4.4% | 637s elapsed | eta 692s
  step 2500/5005 | loss 5.7697 | acc 4.6% | 661s elapsed | eta 663s
  step 2600/5005 | loss 5.7428 | acc 4.8% | 686s elapsed | eta 635s
  step 2700/5005 | loss 5.7166 | acc 4.9% | 722s elapsed | eta 616s
  step 2800/5005 | loss 5.6917 | acc 5.1% | 760s elapsed | eta 598s
  step 2900/5005 | loss 5.6671 | acc 5.3% | 789s elapsed | eta 573s
  step 3000/5005 | loss 5.6429 | acc 5.5% | 812s elapsed | eta 543s
  step 3100/5005 | loss 5.6197 | acc 5.6% | 835s elapsed | eta 513s
  step 3200/5005 | loss 5.5966 | acc 5.8% | 858s elapsed | eta 484s
  step 3300/5005 | loss 5.5749 | acc 5.9% | 891s elapsed | eta 460s
  step 3400/5005 | loss 5.5541 | acc 6.1% | 930s elapsed | eta 439s
  step 3500/5005 | loss 5.5327 | acc 6.3% | 961s elapsed | eta 413s
  step 3600/5005 | loss 5.5113 | acc 6.4% | 984s elapsed | eta 384s
  step 3700/5005 | loss 5.4909 | acc 6.6% | 1007s elapsed | eta 355s
  step 3800/5005 | loss 5.4715 | acc 6.7% | 1036s elapsed | eta 328s
  step 3900/5005 | loss 5.4523 | acc 6.9% | 1073s elapsed | eta 304s
  step 4000/5005 | loss 5.4337 | acc 7.0% | 1109s elapsed | eta 279s
  step 4100/5005 | loss 5.4150 | acc 7.2% | 1131s elapsed | eta 250s
  step 4200/5005 | loss 5.3971 | acc 7.3% | 1155s elapsed | eta 221s
  step 4300/5005 | loss 5.3789 | acc 7.5% | 1179s elapsed | eta 193s
  step 4400/5005 | loss 5.3612 | acc 7.6% | 1214s elapsed | eta 167s
  step 4500/5005 | loss 5.3433 | acc 7.8% | 1250s elapsed | eta 140s
  step 4600/5005 | loss 5.3268 | acc 7.9% | 1279s elapsed | eta 113s
  step 4700/5005 | loss 5.3100 | acc 8.1% | 1302s elapsed | eta 85s
  step 4800/5005 | loss 5.2936 | acc 8.2% | 1324s elapsed | eta 57s
  step 4900/5005 | loss 5.2773 | acc 8.3% | 1346s elapsed | eta 29s
  step 5000/5005 | loss 5.2610 | acc 8.5% | 1378s elapsed | eta 1s
Ep   1 | loss 5.2602 | task 5.2602 | cons 0.0000 | train 8.5% | test 15.4% | 1419s
  step 100/5005 | loss 4.3831 | acc 16.5% | 30s elapsed | eta 1486s
  step 200/5005 | loss 4.3743 | acc 16.6% | 55s elapsed | eta 1319s
  step 300/5005 | loss 4.3715 | acc 16.6% | 79s elapsed | eta 1244s
  step 400/5005 | loss 4.3681 | acc 16.6% | 104s elapsed | eta 1195s
  step 500/5005 | loss 4.3549 | acc 16.8% | 139s elapsed | eta 1252s
  step 600/5005 | loss 4.3443 | acc 16.9% | 179s elapsed | eta 1317s
  step 700/5005 | loss 4.3362 | acc 17.0% | 207s elapsed | eta 1274s
  step 800/5005 | loss 4.3290 | acc 17.1% | 229s elapsed | eta 1205s
  step 900/5005 | loss 4.3202 | acc 17.2% | 255s elapsed | eta 1163s
  step 1000/5005 | loss 4.3117 | acc 17.3% | 283s elapsed | eta 1134s
  step 1100/5005 | loss 4.3039 | acc 17.4% | 318s elapsed | eta 1128s
  step 1200/5005 | loss 4.2988 | acc 17.5% | 355s elapsed | eta 1125s
  step 1300/5005 | loss 4.2912 | acc 17.6% | 380s elapsed | eta 1084s
  step 1400/5005 | loss 4.2831 | acc 17.6% | 404s elapsed | eta 1041s
  step 1500/5005 | loss 4.2753 | acc 17.7% | 428s elapsed | eta 1000s
  step 1600/5005 | loss 4.2668 | acc 17.8% | 460s elapsed | eta 980s
  step 1700/5005 | loss 4.2586 | acc 17.9% | 495s elapsed | eta 962s
  step 1800/5005 | loss 4.2495 | acc 18.0% | 529s elapsed | eta 943s
  step 1900/5005 | loss 4.2421 | acc 18.1% | 553s elapsed | eta 904s
  step 2000/5005 | loss 4.2358 | acc 18.2% | 576s elapsed | eta 866s
  step 2100/5005 | loss 4.2286 | acc 18.3% | 598s elapsed | eta 827s
  step 2200/5005 | loss 4.2217 | acc 18.4% | 620s elapsed | eta 791s
  step 2300/5005 | loss 4.2153 | acc 18.5% | 641s elapsed | eta 754s
  step 2400/5005 | loss 4.2078 | acc 18.6% | 664s elapsed | eta 721s
  step 2500/5005 | loss 4.1995 | acc 18.7% | 686s elapsed | eta 688s
  step 2600/5005 | loss 4.1921 | acc 18.8% | 709s elapsed | eta 656s
  step 2700/5005 | loss 4.1844 | acc 18.9% | 731s elapsed | eta 624s
  step 2800/5005 | loss 4.1770 | acc 19.0% | 754s elapsed | eta 594s
  step 2900/5005 | loss 4.1694 | acc 19.1% | 778s elapsed | eta 564s
  step 3000/5005 | loss 4.1618 | acc 19.2% | 800s elapsed | eta 535s
  step 3100/5005 | loss 4.1552 | acc 19.2% | 822s elapsed | eta 505s
  step 3200/5005 | loss 4.1482 | acc 19.3% | 845s elapsed | eta 477s
  step 3300/5005 | loss 4.1410 | acc 19.4% | 868s elapsed | eta 448s
  step 3400/5005 | loss 4.1330 | acc 19.5% | 891s elapsed | eta 421s
  step 3500/5005 | loss 4.1262 | acc 19.6% | 914s elapsed | eta 393s
  step 3600/5005 | loss 4.1185 | acc 19.7% | 936s elapsed | eta 365s
  step 3700/5005 | loss 4.1117 | acc 19.8% | 960s elapsed | eta 338s
  step 3800/5005 | loss 4.1054 | acc 19.9% | 983s elapsed | eta 312s
  step 3900/5005 | loss 4.0990 | acc 20.0% | 1006s elapsed | eta 285s
  step 4000/5005 | loss 4.0926 | acc 20.1% | 1030s elapsed | eta 259s
  step 4100/5005 | loss 4.0866 | acc 20.2% | 1053s elapsed | eta 232s
  step 4200/5005 | loss 4.0804 | acc 20.2% | 1075s elapsed | eta 206s
  step 4300/5005 | loss 4.0737 | acc 20.3% | 1099s elapsed | eta 180s
  step 4400/5005 | loss 4.0673 | acc 20.4% | 1122s elapsed | eta 154s
  step 4500/5005 | loss 4.0610 | acc 20.5% | 1144s elapsed | eta 128s
  step 4600/5005 | loss 4.0550 | acc 20.6% | 1166s elapsed | eta 103s
  step 4700/5005 | loss 4.0494 | acc 20.7% | 1189s elapsed | eta 77s
  step 4800/5005 | loss 4.0433 | acc 20.7% | 1210s elapsed | eta 52s
  step 4900/5005 | loss 4.0372 | acc 20.8% | 1234s elapsed | eta 26s
  step 5000/5005 | loss 4.0314 | acc 20.9% | 1257s elapsed | eta 1s
Ep   2 | loss 4.0311 | task 4.0311 | cons 0.0000 | train 20.9% | test 24.6% | 1283s
  step 100/5005 | loss 3.6082 | acc 26.5% | 24s elapsed | eta 1190s
  step 200/5005 | loss 3.6234 | acc 26.4% | 46s elapsed | eta 1105s
  step 300/5005 | loss 3.6216 | acc 26.4% | 70s elapsed | eta 1093s
  step 400/5005 | loss 3.6246 | acc 26.4% | 93s elapsed | eta 1075s
  step 500/5005 | loss 3.6198 | acc 26.5% | 117s elapsed | eta 1053s
  step 600/5005 | loss 3.6164 | acc 26.6% | 141s elapsed | eta 1037s
  step 700/5005 | loss 3.6126 | acc 26.6% | 164s elapsed | eta 1011s
  step 800/5005 | loss 3.6107 | acc 26.7% | 187s elapsed | eta 982s
  step 900/5005 | loss 3.6065 | acc 26.7% | 210s elapsed | eta 957s
  step 1000/5005 | loss 3.6029 | acc 26.8% | 233s elapsed | eta 934s
  step 1100/5005 | loss 3.5968 | acc 26.9% | 258s elapsed | eta 917s
  step 1200/5005 | loss 3.5942 | acc 26.9% | 281s elapsed | eta 890s
  step 1300/5005 | loss 3.5932 | acc 27.0% | 302s elapsed | eta 861s
  step 1400/5005 | loss 3.5924 | acc 27.0% | 324s elapsed | eta 834s
  step 1500/5005 | loss 3.5874 | acc 27.0% | 347s elapsed | eta 810s
  step 1600/5005 | loss 3.5850 | acc 27.0% | 370s elapsed | eta 788s
  step 1700/5005 | loss 3.5828 | acc 27.1% | 393s elapsed | eta 765s
  step 1800/5005 | loss 3.5790 | acc 27.1% | 417s elapsed | eta 743s
  step 1900/5005 | loss 3.5768 | acc 27.1% | 439s elapsed | eta 718s
  step 2000/5005 | loss 3.5720 | acc 27.2% | 462s elapsed | eta 695s
  step 2100/5005 | loss 3.5688 | acc 27.3% | 488s elapsed | eta 674s
  step 2200/5005 | loss 3.5670 | acc 27.3% | 511s elapsed | eta 651s
  step 2300/5005 | loss 3.5636 | acc 27.4% | 533s elapsed | eta 627s
  step 2400/5005 | loss 3.5607 | acc 27.4% | 558s elapsed | eta 605s
  step 2500/5005 | loss 3.5602 | acc 27.4% | 579s elapsed | eta 581s
  step 2600/5005 | loss 3.5565 | acc 27.5% | 603s elapsed | eta 558s
  step 2700/5005 | loss 3.5542 | acc 27.5% | 629s elapsed | eta 537s
  step 2800/5005 | loss 3.5509 | acc 27.6% | 653s elapsed | eta 514s
  step 2900/5005 | loss 3.5488 | acc 27.6% | 677s elapsed | eta 491s
  step 3000/5005 | loss 3.5470 | acc 27.6% | 700s elapsed | eta 468s
  step 3100/5005 | loss 3.5448 | acc 27.7% | 723s elapsed | eta 444s
  step 3200/5005 | loss 3.5423 | acc 27.7% | 744s elapsed | eta 420s
  step 3300/5005 | loss 3.5397 | acc 27.7% | 767s elapsed | eta 396s
  step 3400/5005 | loss 3.5376 | acc 27.8% | 789s elapsed | eta 372s
  step 3500/5005 | loss 3.5349 | acc 27.8% | 812s elapsed | eta 349s
  step 3600/5005 | loss 3.5326 | acc 27.8% | 836s elapsed | eta 326s
  step 3700/5005 | loss 3.5298 | acc 27.9% | 858s elapsed | eta 303s
  step 3800/5005 | loss 3.5268 | acc 27.9% | 881s elapsed | eta 280s
  step 3900/5005 | loss 3.5242 | acc 28.0% | 904s elapsed | eta 256s
  step 4000/5005 | loss 3.5215 | acc 28.0% | 928s elapsed | eta 233s
  step 4100/5005 | loss 3.5186 | acc 28.1% | 951s elapsed | eta 210s
  step 4200/5005 | loss 3.5154 | acc 28.1% | 975s elapsed | eta 187s
  step 4300/5005 | loss 3.5123 | acc 28.1% | 996s elapsed | eta 163s
  step 4400/5005 | loss 3.5100 | acc 28.2% | 1018s elapsed | eta 140s
  step 4500/5005 | loss 3.5079 | acc 28.2% | 1041s elapsed | eta 117s
  step 4600/5005 | loss 3.5055 | acc 28.2% | 1064s elapsed | eta 94s
  step 4700/5005 | loss 3.5030 | acc 28.3% | 1086s elapsed | eta 70s
  step 4800/5005 | loss 3.5000 | acc 28.3% | 1110s elapsed | eta 47s
  step 4900/5005 | loss 3.4982 | acc 28.3% | 1131s elapsed | eta 24s
  step 5000/5005 | loss 3.4961 | acc 28.4% | 1153s elapsed | eta 1s
Ep   3 | loss 3.4960 | task 3.4960 | cons 0.0000 | train 28.4% | test 29.2% | 1179s
  step 100/5005 | loss 3.2207 | acc 31.9% | 22s elapsed | eta 1082s
  step 200/5005 | loss 3.2319 | acc 32.0% | 44s elapsed | eta 1057s
  step 300/5005 | loss 3.2377 | acc 32.0% | 67s elapsed | eta 1058s
  step 400/5005 | loss 3.2348 | acc 32.1% | 90s elapsed | eta 1041s
  step 500/5005 | loss 3.2398 | acc 32.0% | 113s elapsed | eta 1018s
  step 600/5005 | loss 3.2312 | acc 32.2% | 136s elapsed | eta 1002s
  step 700/5005 | loss 3.2264 | acc 32.2% | 160s elapsed | eta 982s
  step 800/5005 | loss 3.2260 | acc 32.2% | 182s elapsed | eta 957s
  step 900/5005 | loss 3.2321 | acc 32.2% | 203s elapsed | eta 927s
  step 1000/5005 | loss 3.2330 | acc 32.2% | 225s elapsed | eta 903s
  step 1100/5005 | loss 3.2352 | acc 32.1% | 247s elapsed | eta 878s
  step 1200/5005 | loss 3.2357 | acc 32.1% | 269s elapsed | eta 854s
  step 1300/5005 | loss 3.2323 | acc 32.2% | 293s elapsed | eta 836s
  step 1400/5005 | loss 3.2318 | acc 32.3% | 316s elapsed | eta 815s
  step 1500/5005 | loss 3.2328 | acc 32.2% | 339s elapsed | eta 792s
  step 1600/5005 | loss 3.2308 | acc 32.3% | 362s elapsed | eta 771s
  step 1700/5005 | loss 3.2303 | acc 32.3% | 384s elapsed | eta 747s
  step 1800/5005 | loss 3.2284 | acc 32.3% | 409s elapsed | eta 728s
  step 1900/5005 | loss 3.2282 | acc 32.3% | 430s elapsed | eta 703s
  step 2000/5005 | loss 3.2273 | acc 32.3% | 454s elapsed | eta 682s
  step 2100/5005 | loss 3.2256 | acc 32.4% | 478s elapsed | eta 662s
  step 2200/5005 | loss 3.2254 | acc 32.4% | 501s elapsed | eta 639s
  step 2300/5005 | loss 3.2244 | acc 32.4% | 524s elapsed | eta 616s
  step 2400/5005 | loss 3.2238 | acc 32.4% | 547s elapsed | eta 594s
  step 2500/5005 | loss 3.2230 | acc 32.4% | 571s elapsed | eta 573s
  step 2600/5005 | loss 3.2209 | acc 32.5% | 596s elapsed | eta 551s
  step 2700/5005 | loss 3.2208 | acc 32.5% | 618s elapsed | eta 528s
  step 2800/5005 | loss 3.2187 | acc 32.5% | 643s elapsed | eta 507s
  step 2900/5005 | loss 3.2177 | acc 32.5% | 665s elapsed | eta 483s
  step 3000/5005 | loss 3.2167 | acc 32.5% | 688s elapsed | eta 460s
  step 3100/5005 | loss 3.2160 | acc 32.6% | 710s elapsed | eta 436s
  step 3200/5005 | loss 3.2141 | acc 32.6% | 734s elapsed | eta 414s
  step 3300/5005 | loss 3.2128 | acc 32.6% | 755s elapsed | eta 390s
  step 3400/5005 | loss 3.2115 | acc 32.6% | 774s elapsed | eta 366s
  step 3500/5005 | loss 3.2091 | acc 32.7% | 797s elapsed | eta 343s
  step 3600/5005 | loss 3.2075 | acc 32.7% | 821s elapsed | eta 321s
  step 3700/5005 | loss 3.2059 | acc 32.7% | 843s elapsed | eta 297s
  step 3800/5005 | loss 3.2046 | acc 32.8% | 866s elapsed | eta 275s
  step 3900/5005 | loss 3.2031 | acc 32.8% | 889s elapsed | eta 252s
  step 4000/5005 | loss 3.2018 | acc 32.8% | 911s elapsed | eta 229s
  step 4100/5005 | loss 3.2001 | acc 32.8% | 933s elapsed | eta 206s
  step 4200/5005 | loss 3.1983 | acc 32.9% | 956s elapsed | eta 183s
  step 4300/5005 | loss 3.1965 | acc 32.9% | 979s elapsed | eta 161s
  step 4400/5005 | loss 3.1950 | acc 32.9% | 1002s elapsed | eta 138s
  step 4500/5005 | loss 3.1938 | acc 32.9% | 1028s elapsed | eta 115s
  step 4600/5005 | loss 3.1922 | acc 33.0% | 1065s elapsed | eta 94s
  step 4700/5005 | loss 3.1918 | acc 33.0% | 1100s elapsed | eta 71s
  step 4800/5005 | loss 3.1906 | acc 33.0% | 1129s elapsed | eta 48s
  step 4900/5005 | loss 3.1892 | acc 33.0% | 1154s elapsed | eta 25s
  step 5000/5005 | loss 3.1877 | acc 33.0% | 1179s elapsed | eta 1s
Ep   4 | loss 3.1877 | task 3.1877 | cons 0.0000 | train 33.0% | test 32.1% | 1206s
  step 100/5005 | loss 2.9543 | acc 36.7% | 37s elapsed | eta 1804s
  step 200/5005 | loss 2.9495 | acc 36.9% | 75s elapsed | eta 1803s
  step 300/5005 | loss 2.9439 | acc 36.9% | 104s elapsed | eta 1630s
  step 400/5005 | loss 2.9550 | acc 36.7% | 130s elapsed | eta 1495s
  step 500/5005 | loss 2.9543 | acc 36.8% | 155s elapsed | eta 1399s
  step 600/5005 | loss 2.9602 | acc 36.6% | 188s elapsed | eta 1381s
  step 700/5005 | loss 2.9600 | acc 36.6% | 223s elapsed | eta 1372s
  step 800/5005 | loss 2.9637 | acc 36.6% | 258s elapsed | eta 1356s
  step 900/5005 | loss 2.9689 | acc 36.5% | 278s elapsed | eta 1270s
  step 1000/5005 | loss 2.9730 | acc 36.4% | 301s elapsed | eta 1207s
  step 1100/5005 | loss 2.9749 | acc 36.3% | 325s elapsed | eta 1154s
  step 1200/5005 | loss 2.9742 | acc 36.3% | 353s elapsed | eta 1120s
  step 1300/5005 | loss 2.9720 | acc 36.4% | 386s elapsed | eta 1099s
  step 1400/5005 | loss 2.9715 | acc 36.4% | 417s elapsed | eta 1073s
  step 1500/5005 | loss 2.9713 | acc 36.4% | 456s elapsed | eta 1065s
  step 1600/5005 | loss 2.9712 | acc 36.3% | 491s elapsed | eta 1044s
  step 1700/5005 | loss 2.9728 | acc 36.3% | 514s elapsed | eta 1000s
  step 1800/5005 | loss 2.9734 | acc 36.3% | 537s elapsed | eta 957s
  step 1900/5005 | loss 2.9730 | acc 36.3% | 563s elapsed | eta 919s
  step 2000/5005 | loss 2.9739 | acc 36.3% | 592s elapsed | eta 890s
  step 2100/5005 | loss 2.9748 | acc 36.3% | 630s elapsed | eta 872s
  step 2200/5005 | loss 2.9751 | acc 36.3% | 664s elapsed | eta 847s
  step 2300/5005 | loss 2.9755 | acc 36.3% | 688s elapsed | eta 809s
  step 2400/5005 | loss 2.9752 | acc 36.3% | 712s elapsed | eta 773s
  step 2500/5005 | loss 2.9754 | acc 36.3% | 735s elapsed | eta 736s
  step 2600/5005 | loss 2.9755 | acc 36.3% | 772s elapsed | eta 714s
  step 2700/5005 | loss 2.9762 | acc 36.3% | 808s elapsed | eta 690s
  step 2800/5005 | loss 2.9752 | acc 36.3% | 838s elapsed | eta 660s
  step 2900/5005 | loss 2.9742 | acc 36.4% | 861s elapsed | eta 625s
  step 3000/5005 | loss 2.9735 | acc 36.4% | 885s elapsed | eta 591s
  step 3100/5005 | loss 2.9733 | acc 36.4% | 922s elapsed | eta 566s
  step 3200/5005 | loss 2.9731 | acc 36.4% | 961s elapsed | eta 542s
  step 3300/5005 | loss 2.9730 | acc 36.4% | 992s elapsed | eta 512s
  step 3400/5005 | loss 2.9726 | acc 36.4% | 1016s elapsed | eta 480s
  step 3500/5005 | loss 2.9725 | acc 36.4% | 1039s elapsed | eta 447s
  step 3600/5005 | loss 2.9721 | acc 36.4% | 1064s elapsed | eta 415s
  step 3700/5005 | loss 2.9723 | acc 36.4% | 1100s elapsed | eta 388s
  step 3800/5005 | loss 2.9716 | acc 36.4% | 1139s elapsed | eta 361s
  step 3900/5005 | loss 2.9713 | acc 36.4% | 1163s elapsed | eta 329s
  step 4000/5005 | loss 2.9711 | acc 36.4% | 1185s elapsed | eta 298s
  step 4100/5005 | loss 2.9709 | acc 36.5% | 1209s elapsed | eta 267s
  step 4200/5005 | loss 2.9708 | acc 36.5% | 1232s elapsed | eta 236s
  step 4300/5005 | loss 2.9698 | acc 36.5% | 1267s elapsed | eta 208s
  step 4400/5005 | loss 2.9687 | acc 36.5% | 1305s elapsed | eta 180s
  step 4500/5005 | loss 2.9685 | acc 36.5% | 1335s elapsed | eta 150s
  step 4600/5005 | loss 2.9680 | acc 36.5% | 1357s elapsed | eta 119s
  step 4700/5005 | loss 2.9678 | acc 36.5% | 1380s elapsed | eta 90s
  step 4800/5005 | loss 2.9681 | acc 36.5% | 1401s elapsed | eta 60s
  step 4900/5005 | loss 2.9674 | acc 36.5% | 1434s elapsed | eta 31s
  step 5000/5005 | loss 2.9669 | acc 36.5% | 1471s elapsed | eta 1s
Ep   5 | loss 2.9668 | task 2.9668 | cons 0.0000 | train 36.5% | test 34.6% | 1506s
Checkpoint saved to models/in64_cont_4bpu_d384_K4_ep5.pt
  step 100/5005 | loss 2.7424 | acc 40.3% | 26s elapsed | eta 1265s
  step 200/5005 | loss 2.7604 | acc 39.9% | 50s elapsed | eta 1191s
  step 300/5005 | loss 2.7633 | acc 39.7% | 73s elapsed | eta 1142s
  step 400/5005 | loss 2.7649 | acc 39.8% | 112s elapsed | eta 1291s
  step 500/5005 | loss 2.7722 | acc 39.7% | 147s elapsed | eta 1326s
  step 600/5005 | loss 2.7738 | acc 39.6% | 175s elapsed | eta 1286s
  step 700/5005 | loss 2.7781 | acc 39.5% | 196s elapsed | eta 1207s
  step 800/5005 | loss 2.7800 | acc 39.5% | 219s elapsed | eta 1153s
  step 900/5005 | loss 2.7820 | acc 39.5% | 246s elapsed | eta 1121s
  step 1000/5005 | loss 2.7846 | acc 39.4% | 283s elapsed | eta 1132s
  step 1100/5005 | loss 2.7890 | acc 39.4% | 317s elapsed | eta 1127s
  step 1200/5005 | loss 2.7909 | acc 39.3% | 344s elapsed | eta 1091s
  step 1300/5005 | loss 2.7907 | acc 39.3% | 368s elapsed | eta 1049s
  step 1400/5005 | loss 2.7892 | acc 39.4% | 391s elapsed | eta 1008s
  step 1500/5005 | loss 2.7899 | acc 39.3% | 424s elapsed | eta 990s
  step 1600/5005 | loss 2.7927 | acc 39.3% | 458s elapsed | eta 974s
  step 1700/5005 | loss 2.7940 | acc 39.2% | 492s elapsed | eta 956s
  step 1800/5005 | loss 2.7946 | acc 39.3% | 515s elapsed | eta 917s
  step 1900/5005 | loss 2.7955 | acc 39.3% | 540s elapsed | eta 883s
  step 2000/5005 | loss 2.7950 | acc 39.3% | 563s elapsed | eta 846s
  step 2100/5005 | loss 2.7954 | acc 39.3% | 586s elapsed | eta 810s
  step 2200/5005 | loss 2.7945 | acc 39.3% | 610s elapsed | eta 778s
  step 2300/5005 | loss 2.7963 | acc 39.2% | 632s elapsed | eta 743s
  step 2400/5005 | loss 2.7974 | acc 39.2% | 656s elapsed | eta 712s
  step 2500/5005 | loss 2.7984 | acc 39.2% | 678s elapsed | eta 680s
  step 2600/5005 | loss 2.7999 | acc 39.2% | 701s elapsed | eta 648s
  step 2700/5005 | loss 2.7997 | acc 39.2% | 724s elapsed | eta 618s
  step 2800/5005 | loss 2.7988 | acc 39.2% | 747s elapsed | eta 588s
  step 2900/5005 | loss 2.7986 | acc 39.2% | 771s elapsed | eta 559s
  step 3000/5005 | loss 2.7987 | acc 39.2% | 795s elapsed | eta 531s
  step 3100/5005 | loss 2.8005 | acc 39.2% | 817s elapsed | eta 502s
  step 3200/5005 | loss 2.8001 | acc 39.2% | 841s elapsed | eta 474s
  step 3300/5005 | loss 2.8002 | acc 39.2% | 862s elapsed | eta 446s
  step 3400/5005 | loss 2.8002 | acc 39.2% | 885s elapsed | eta 418s
  step 3500/5005 | loss 2.8004 | acc 39.2% | 909s elapsed | eta 391s
  step 3600/5005 | loss 2.7999 | acc 39.2% | 934s elapsed | eta 365s
  step 3700/5005 | loss 2.8009 | acc 39.2% | 955s elapsed | eta 337s
  step 3800/5005 | loss 2.7998 | acc 39.2% | 979s elapsed | eta 311s
  step 3900/5005 | loss 2.8002 | acc 39.2% | 1001s elapsed | eta 284s
  step 4000/5005 | loss 2.8011 | acc 39.2% | 1023s elapsed | eta 257s
  step 4100/5005 | loss 2.8009 | acc 39.2% | 1044s elapsed | eta 230s
  step 4200/5005 | loss 2.8008 | acc 39.2% | 1065s elapsed | eta 204s
  step 4300/5005 | loss 2.8014 | acc 39.2% | 1088s elapsed | eta 178s
  step 4400/5005 | loss 2.8013 | acc 39.2% | 1111s elapsed | eta 153s
  step 4500/5005 | loss 2.8016 | acc 39.2% | 1132s elapsed | eta 127s
  step 4600/5005 | loss 2.8011 | acc 39.2% | 1156s elapsed | eta 102s
  step 4700/5005 | loss 2.8018 | acc 39.2% | 1177s elapsed | eta 76s
  step 4800/5005 | loss 2.8026 | acc 39.2% | 1198s elapsed | eta 51s
  step 4900/5005 | loss 2.8018 | acc 39.2% | 1222s elapsed | eta 26s
  step 5000/5005 | loss 2.8024 | acc 39.2% | 1245s elapsed | eta 1s
Ep   6 | loss 2.8023 | task 2.8023 | cons 0.0000 | train 39.2% | test 36.1% | 1271s
  step 100/5005 | loss 2.6256 | acc 42.2% | 22s elapsed | eta 1080s
  step 200/5005 | loss 2.6172 | acc 42.3% | 45s elapsed | eta 1080s
  step 300/5005 | loss 2.6189 | acc 42.3% | 67s elapsed | eta 1043s
  step 400/5005 | loss 2.6149 | acc 42.3% | 90s elapsed | eta 1031s
  step 500/5005 | loss 2.6175 | acc 42.3% | 113s elapsed | eta 1016s
  step 600/5005 | loss 2.6149 | acc 42.3% | 136s elapsed | eta 995s
  step 700/5005 | loss 2.6193 | acc 42.3% | 158s elapsed | eta 969s
  step 800/5005 | loss 2.6243 | acc 42.2% | 180s elapsed | eta 947s
  step 900/5005 | loss 2.6290 | acc 42.1% | 204s elapsed | eta 931s
  step 1000/5005 | loss 2.6301 | acc 42.1% | 225s elapsed | eta 902s
  step 1100/5005 | loss 2.6307 | acc 42.0% | 249s elapsed | eta 883s
  step 1200/5005 | loss 2.6294 | acc 42.1% | 272s elapsed | eta 864s
  step 1300/5005 | loss 2.6299 | acc 42.0% | 297s elapsed | eta 845s
  step 1400/5005 | loss 2.6329 | acc 42.0% | 318s elapsed | eta 819s
  step 1500/5005 | loss 2.6355 | acc 41.9% | 341s elapsed | eta 796s
  step 1600/5005 | loss 2.6349 | acc 42.0% | 365s elapsed | eta 776s
  step 1700/5005 | loss 2.6371 | acc 41.9% | 387s elapsed | eta 752s
  step 1800/5005 | loss 2.6376 | acc 41.9% | 411s elapsed | eta 731s
  step 1900/5005 | loss 2.6403 | acc 41.9% | 432s elapsed | eta 707s
  step 2000/5005 | loss 2.6401 | acc 41.9% | 457s elapsed | eta 687s
  step 2100/5005 | loss 2.6412 | acc 41.8% | 481s elapsed | eta 666s
  step 2200/5005 | loss 2.6433 | acc 41.8% | 503s elapsed | eta 642s
  step 2300/5005 | loss 2.6463 | acc 41.8% | 524s elapsed | eta 617s
  step 2400/5005 | loss 2.6478 | acc 41.7% | 548s elapsed | eta 595s
  step 2500/5005 | loss 2.6489 | acc 41.7% | 572s elapsed | eta 573s
  step 2600/5005 | loss 2.6496 | acc 41.7% | 596s elapsed | eta 551s
  step 2700/5005 | loss 2.6507 | acc 41.7% | 618s elapsed | eta 527s
  step 2800/5005 | loss 2.6511 | acc 41.7% | 640s elapsed | eta 504s
  step 2900/5005 | loss 2.6515 | acc 41.7% | 663s elapsed | eta 481s
  step 3000/5005 | loss 2.6524 | acc 41.7% | 687s elapsed | eta 459s
  step 3100/5005 | loss 2.6533 | acc 41.7% | 709s elapsed | eta 435s
  step 3200/5005 | loss 2.6538 | acc 41.7% | 732s elapsed | eta 413s
  step 3300/5005 | loss 2.6543 | acc 41.6% | 755s elapsed | eta 390s
  step 3400/5005 | loss 2.6549 | acc 41.6% | 778s elapsed | eta 367s
  step 3500/5005 | loss 2.6554 | acc 41.6% | 801s elapsed | eta 344s
  step 3600/5005 | loss 2.6557 | acc 41.6% | 825s elapsed | eta 322s
  step 3700/5005 | loss 2.6564 | acc 41.6% | 848s elapsed | eta 299s
  step 3800/5005 | loss 2.6571 | acc 41.6% | 870s elapsed | eta 276s
  step 3900/5005 | loss 2.6569 | acc 41.6% | 894s elapsed | eta 253s
  step 4000/5005 | loss 2.6575 | acc 41.6% | 916s elapsed | eta 230s
  step 4100/5005 | loss 2.6569 | acc 41.6% | 942s elapsed | eta 208s
  step 4200/5005 | loss 2.6572 | acc 41.6% | 964s elapsed | eta 185s
  step 4300/5005 | loss 2.6585 | acc 41.6% | 986s elapsed | eta 162s
  step 4400/5005 | loss 2.6598 | acc 41.6% | 1007s elapsed | eta 139s
  step 4500/5005 | loss 2.6600 | acc 41.6% | 1030s elapsed | eta 116s
  step 4600/5005 | loss 2.6603 | acc 41.6% | 1053s elapsed | eta 93s
  step 4700/5005 | loss 2.6603 | acc 41.6% | 1077s elapsed | eta 70s
  step 4800/5005 | loss 2.6601 | acc 41.6% | 1101s elapsed | eta 47s
  step 4900/5005 | loss 2.6607 | acc 41.6% | 1125s elapsed | eta 24s
  step 5000/5005 | loss 2.6610 | acc 41.6% | 1148s elapsed | eta 1s
Ep   7 | loss 2.6610 | task 2.6610 | cons 0.0000 | train 41.6% | test 37.6% | 1173s
  step 100/5005 | loss 2.4909 | acc 44.5% | 22s elapsed | eta 1092s
  step 200/5005 | loss 2.4941 | acc 44.3% | 44s elapsed | eta 1050s
  step 300/5005 | loss 2.4907 | acc 44.2% | 67s elapsed | eta 1044s
  step 400/5005 | loss 2.4946 | acc 44.2% | 89s elapsed | eta 1024s
  step 500/5005 | loss 2.4921 | acc 44.2% | 110s elapsed | eta 995s
  step 600/5005 | loss 2.4995 | acc 44.1% | 132s elapsed | eta 967s
  step 700/5005 | loss 2.4969 | acc 44.1% | 155s elapsed | eta 955s
  step 800/5005 | loss 2.4971 | acc 44.1% | 180s elapsed | eta 946s
  step 900/5005 | loss 2.4968 | acc 44.1% | 204s elapsed | eta 930s
  step 1000/5005 | loss 2.4984 | acc 44.0% | 226s elapsed | eta 905s
  step 1100/5005 | loss 2.4990 | acc 44.1% | 249s elapsed | eta 883s
  step 1200/5005 | loss 2.5019 | acc 44.0% | 272s elapsed | eta 861s
  step 1300/5005 | loss 2.5041 | acc 44.0% | 295s elapsed | eta 840s
  step 1400/5005 | loss 2.5069 | acc 44.0% | 317s elapsed | eta 817s
  step 1500/5005 | loss 2.5090 | acc 44.0% | 339s elapsed | eta 792s
  step 1600/5005 | loss 2.5123 | acc 43.9% | 360s elapsed | eta 766s
  step 1700/5005 | loss 2.5121 | acc 43.9% | 383s elapsed | eta 745s
  step 1800/5005 | loss 2.5134 | acc 43.9% | 405s elapsed | eta 722s
  step 1900/5005 | loss 2.5133 | acc 43.9% | 428s elapsed | eta 699s
  step 2000/5005 | loss 2.5160 | acc 43.8% | 449s elapsed | eta 675s
  step 2100/5005 | loss 2.5173 | acc 43.8% | 473s elapsed | eta 655s
  step 2200/5005 | loss 2.5178 | acc 43.8% | 498s elapsed | eta 635s
  step 2300/5005 | loss 2.5213 | acc 43.8% | 519s elapsed | eta 611s
  step 2400/5005 | loss 2.5221 | acc 43.7% | 543s elapsed | eta 589s
  step 2500/5005 | loss 2.5224 | acc 43.7% | 566s elapsed | eta 567s
  step 2600/5005 | loss 2.5225 | acc 43.7% | 590s elapsed | eta 546s
  step 2700/5005 | loss 2.5238 | acc 43.7% | 613s elapsed | eta 523s
  step 2800/5005 | loss 2.5243 | acc 43.7% | 637s elapsed | eta 501s
  step 2900/5005 | loss 2.5246 | acc 43.7% | 659s elapsed | eta 479s
  step 3000/5005 | loss 2.5252 | acc 43.7% | 682s elapsed | eta 456s
  step 3100/5005 | loss 2.5263 | acc 43.7% | 705s elapsed | eta 433s
  step 3200/5005 | loss 2.5279 | acc 43.7% | 728s elapsed | eta 410s
  step 3300/5005 | loss 2.5301 | acc 43.6% | 749s elapsed | eta 387s
  step 3400/5005 | loss 2.5310 | acc 43.6% | 772s elapsed | eta 364s
  step 3500/5005 | loss 2.5318 | acc 43.6% | 796s elapsed | eta 342s
  step 3600/5005 | loss 2.5320 | acc 43.6% | 820s elapsed | eta 320s
  step 3700/5005 | loss 2.5335 | acc 43.6% | 841s elapsed | eta 297s
  step 3800/5005 | loss 2.5337 | acc 43.6% | 866s elapsed | eta 274s
  step 3900/5005 | loss 2.5348 | acc 43.5% | 888s elapsed | eta 252s
  step 4000/5005 | loss 2.5350 | acc 43.5% | 911s elapsed | eta 229s
  step 4100/5005 | loss 2.5358 | acc 43.5% | 936s elapsed | eta 207s
  step 4200/5005 | loss 2.5373 | acc 43.5% | 958s elapsed | eta 184s
  step 4300/5005 | loss 2.5378 | acc 43.5% | 981s elapsed | eta 161s
  step 4400/5005 | loss 2.5386 | acc 43.5% | 1002s elapsed | eta 138s
  step 4500/5005 | loss 2.5401 | acc 43.5% | 1025s elapsed | eta 115s
  step 4600/5005 | loss 2.5408 | acc 43.5% | 1047s elapsed | eta 92s
  step 4700/5005 | loss 2.5415 | acc 43.5% | 1069s elapsed | eta 69s
  step 4800/5005 | loss 2.5420 | acc 43.5% | 1092s elapsed | eta 47s
  step 4900/5005 | loss 2.5429 | acc 43.5% | 1115s elapsed | eta 24s
  step 5000/5005 | loss 2.5437 | acc 43.5% | 1137s elapsed | eta 1s
Ep   8 | loss 2.5437 | task 2.5437 | cons 0.0000 | train 43.5% | test 39.0% | 1163s
  step 100/5005 | loss 2.3669 | acc 46.5% | 23s elapsed | eta 1116s
  step 200/5005 | loss 2.3583 | acc 46.8% | 46s elapsed | eta 1110s
  step 300/5005 | loss 2.3632 | acc 46.7% | 68s elapsed | eta 1070s
  step 400/5005 | loss 2.3675 | acc 46.6% | 90s elapsed | eta 1040s
  step 500/5005 | loss 2.3649 | acc 46.6% | 114s elapsed | eta 1030s
  step 600/5005 | loss 2.3688 | acc 46.5% | 136s elapsed | eta 999s
  step 700/5005 | loss 2.3753 | acc 46.4% | 158s elapsed | eta 972s
  step 800/5005 | loss 2.3761 | acc 46.3% | 182s elapsed | eta 957s
  step 900/5005 | loss 2.3771 | acc 46.3% | 204s elapsed | eta 931s
  step 1000/5005 | loss 2.3796 | acc 46.3% | 227s elapsed | eta 909s
  step 1100/5005 | loss 2.3835 | acc 46.2% | 249s elapsed | eta 885s
  step 1200/5005 | loss 2.3870 | acc 46.1% | 272s elapsed | eta 861s
  step 1300/5005 | loss 2.3912 | acc 46.1% | 295s elapsed | eta 842s
  step 1400/5005 | loss 2.3923 | acc 46.1% | 318s elapsed | eta 819s
  step 1500/5005 | loss 2.3932 | acc 46.1% | 342s elapsed | eta 800s
  step 1600/5005 | loss 2.3933 | acc 46.1% | 367s elapsed | eta 780s
  step 1700/5005 | loss 2.3950 | acc 46.1% | 390s elapsed | eta 759s
  step 1800/5005 | loss 2.3962 | acc 46.0% | 414s elapsed | eta 738s
  step 1900/5005 | loss 2.3978 | acc 46.0% | 438s elapsed | eta 715s
  step 2000/5005 | loss 2.3992 | acc 46.0% | 460s elapsed | eta 692s
  step 2100/5005 | loss 2.4005 | acc 45.9% | 485s elapsed | eta 670s
  step 2200/5005 | loss 2.4026 | acc 45.9% | 506s elapsed | eta 645s
  step 2300/5005 | loss 2.4054 | acc 45.9% | 528s elapsed | eta 621s
  step 2400/5005 | loss 2.4064 | acc 45.8% | 552s elapsed | eta 599s
  step 2500/5005 | loss 2.4090 | acc 45.8% | 574s elapsed | eta 576s
  step 2600/5005 | loss 2.4105 | acc 45.8% | 597s elapsed | eta 552s
  step 2700/5005 | loss 2.4102 | acc 45.8% | 623s elapsed | eta 532s
  step 2800/5005 | loss 2.4116 | acc 45.8% | 646s elapsed | eta 509s
  step 2900/5005 | loss 2.4139 | acc 45.7% | 666s elapsed | eta 484s
  step 3000/5005 | loss 2.4149 | acc 45.7% | 689s elapsed | eta 461s
  step 3100/5005 | loss 2.4170 | acc 45.7% | 711s elapsed | eta 437s
  step 3200/5005 | loss 2.4182 | acc 45.6% | 733s elapsed | eta 413s
  step 3300/5005 | loss 2.4190 | acc 45.6% | 756s elapsed | eta 391s
  step 3400/5005 | loss 2.4196 | acc 45.6% | 780s elapsed | eta 368s
  step 3500/5005 | loss 2.4216 | acc 45.6% | 803s elapsed | eta 345s
  step 3600/5005 | loss 2.4232 | acc 45.6% | 827s elapsed | eta 323s
  step 3700/5005 | loss 2.4241 | acc 45.6% | 850s elapsed | eta 300s
  step 3800/5005 | loss 2.4250 | acc 45.6% | 873s elapsed | eta 277s
  step 3900/5005 | loss 2.4256 | acc 45.5% | 897s elapsed | eta 254s
  step 4000/5005 | loss 2.4270 | acc 45.5% | 919s elapsed | eta 231s
  step 4100/5005 | loss 2.4283 | acc 45.5% | 942s elapsed | eta 208s
  step 4200/5005 | loss 2.4279 | acc 45.5% | 966s elapsed | eta 185s
  step 4300/5005 | loss 2.4284 | acc 45.5% | 990s elapsed | eta 162s
  step 4400/5005 | loss 2.4293 | acc 45.5% | 1013s elapsed | eta 139s
  step 4500/5005 | loss 2.4308 | acc 45.4% | 1036s elapsed | eta 116s
  step 4600/5005 | loss 2.4321 | acc 45.4% | 1057s elapsed | eta 93s
  step 4700/5005 | loss 2.4334 | acc 45.4% | 1079s elapsed | eta 70s
  step 4800/5005 | loss 2.4340 | acc 45.4% | 1102s elapsed | eta 47s
  step 4900/5005 | loss 2.4344 | acc 45.4% | 1124s elapsed | eta 24s
  step 5000/5005 | loss 2.4353 | acc 45.4% | 1148s elapsed | eta 1s
Ep   9 | loss 2.4353 | task 2.4353 | cons 0.0000 | train 45.4% | test 39.4% | 1174s
  step 100/5005 | loss 2.2302 | acc 48.6% | 24s elapsed | eta 1172s
  step 200/5005 | loss 2.2482 | acc 48.5% | 45s elapsed | eta 1070s
  step 300/5005 | loss 2.2448 | acc 48.7% | 68s elapsed | eta 1067s
  step 400/5005 | loss 2.2509 | acc 48.6% | 91s elapsed | eta 1045s
  step 500/5005 | loss 2.2618 | acc 48.5% | 112s elapsed | eta 1008s
  step 600/5005 | loss 2.2600 | acc 48.5% | 136s elapsed | eta 1000s
  step 700/5005 | loss 2.2651 | acc 48.4% | 158s elapsed | eta 974s
  step 800/5005 | loss 2.2710 | acc 48.3% | 181s elapsed | eta 952s
  step 900/5005 | loss 2.2700 | acc 48.3% | 205s elapsed | eta 934s
  step 1000/5005 | loss 2.2721 | acc 48.2% | 226s elapsed | eta 906s
  step 1100/5005 | loss 2.2766 | acc 48.1% | 249s elapsed | eta 885s
  step 1200/5005 | loss 2.2818 | acc 48.1% | 271s elapsed | eta 858s
  step 1300/5005 | loss 2.2856 | acc 48.0% | 293s elapsed | eta 836s
  step 1400/5005 | loss 2.2866 | acc 48.0% | 316s elapsed | eta 815s
  step 1500/5005 | loss 2.2884 | acc 47.9% | 340s elapsed | eta 794s
  step 1600/5005 | loss 2.2905 | acc 47.9% | 364s elapsed | eta 775s
  step 1700/5005 | loss 2.2932 | acc 47.9% | 388s elapsed | eta 754s
  step 1800/5005 | loss 2.2970 | acc 47.8% | 409s elapsed | eta 727s
  step 1900/5005 | loss 2.2983 | acc 47.8% | 432s elapsed | eta 706s
  step 2000/5005 | loss 2.3010 | acc 47.8% | 454s elapsed | eta 682s
  step 2100/5005 | loss 2.3033 | acc 47.7% | 477s elapsed | eta 660s
  step 2200/5005 | loss 2.3047 | acc 47.7% | 501s elapsed | eta 639s
  step 2300/5005 | loss 2.3057 | acc 47.7% | 525s elapsed | eta 617s
  step 2400/5005 | loss 2.3085 | acc 47.6% | 547s elapsed | eta 593s
  step 2500/5005 | loss 2.3105 | acc 47.6% | 570s elapsed | eta 571s
  step 2600/5005 | loss 2.3112 | acc 47.6% | 593s elapsed | eta 548s
  step 2700/5005 | loss 2.3125 | acc 47.5% | 616s elapsed | eta 525s
  step 2800/5005 | loss 2.3135 | acc 47.5% | 640s elapsed | eta 504s
  step 2900/5005 | loss 2.3145 | acc 47.5% | 664s elapsed | eta 482s
  step 3000/5005 | loss 2.3148 | acc 47.5% | 688s elapsed | eta 460s
  step 3100/5005 | loss 2.3168 | acc 47.5% | 711s elapsed | eta 437s
  step 3200/5005 | loss 2.3177 | acc 47.4% | 734s elapsed | eta 414s
  step 3300/5005 | loss 2.3191 | acc 47.4% | 757s elapsed | eta 391s
  step 3400/5005 | loss 2.3193 | acc 47.4% | 782s elapsed | eta 369s
  step 3500/5005 | loss 2.3202 | acc 47.4% | 806s elapsed | eta 346s
  step 3600/5005 | loss 2.3213 | acc 47.4% | 829s elapsed | eta 323s
  step 3700/5005 | loss 2.3230 | acc 47.3% | 850s elapsed | eta 300s
  step 3800/5005 | loss 2.3249 | acc 47.3% | 872s elapsed | eta 276s
  step 3900/5005 | loss 2.3262 | acc 47.3% | 895s elapsed | eta 253s
  step 4000/5005 | loss 2.3275 | acc 47.3% | 918s elapsed | eta 231s
  step 4100/5005 | loss 2.3280 | acc 47.2% | 942s elapsed | eta 208s
  step 4200/5005 | loss 2.3288 | acc 47.2% | 965s elapsed | eta 185s
  step 4300/5005 | loss 2.3297 | acc 47.2% | 987s elapsed | eta 162s
  step 4400/5005 | loss 2.3314 | acc 47.2% | 1008s elapsed | eta 139s
  step 4500/5005 | loss 2.3318 | acc 47.2% | 1032s elapsed | eta 116s
  step 4600/5005 | loss 2.3327 | acc 47.2% | 1054s elapsed | eta 93s
  step 4700/5005 | loss 2.3336 | acc 47.2% | 1076s elapsed | eta 70s
  step 4800/5005 | loss 2.3349 | acc 47.1% | 1100s elapsed | eta 47s
  step 4900/5005 | loss 2.3361 | acc 47.1% | 1122s elapsed | eta 24s
  step 5000/5005 | loss 2.3365 | acc 47.1% | 1146s elapsed | eta 1s
Ep  10 | loss 2.3367 | task 2.3367 | cons 0.0000 | train 47.1% | test 40.7% | 1171s
    K=1: 36.0%
    K=2: 40.4%
    K=4: 40.7%
Checkpoint saved to models/in64_cont_4bpu_d384_K4_ep10.pt
  step 100/5005 | loss 2.1708 | acc 50.4% | 23s elapsed | eta 1129s
  step 200/5005 | loss 2.1664 | acc 50.3% | 46s elapsed | eta 1110s
  step 300/5005 | loss 2.1676 | acc 50.3% | 68s elapsed | eta 1064s
  step 400/5005 | loss 2.1669 | acc 50.2% | 91s elapsed | eta 1044s
  step 500/5005 | loss 2.1689 | acc 50.2% | 113s elapsed | eta 1022s
  step 600/5005 | loss 2.1714 | acc 50.1% | 134s elapsed | eta 986s
  step 700/5005 | loss 2.1754 | acc 50.1% | 158s elapsed | eta 974s
  step 800/5005 | loss 2.1753 | acc 50.1% | 183s elapsed | eta 960s
  step 900/5005 | loss 2.1772 | acc 50.1% | 204s elapsed | eta 931s
  step 1000/5005 | loss 2.1799 | acc 50.0% | 226s elapsed | eta 906s
  step 1100/5005 | loss 2.1816 | acc 49.9% | 250s elapsed | eta 887s
  step 1200/5005 | loss 2.1834 | acc 49.9% | 274s elapsed | eta 868s
  step 1300/5005 | loss 2.1878 | acc 49.9% | 296s elapsed | eta 844s
  step 1400/5005 | loss 2.1928 | acc 49.7% | 320s elapsed | eta 823s
  step 1500/5005 | loss 2.1939 | acc 49.7% | 343s elapsed | eta 802s
  step 1600/5005 | loss 2.1971 | acc 49.6% | 366s elapsed | eta 778s
  step 1700/5005 | loss 2.2007 | acc 49.6% | 388s elapsed | eta 755s
  step 1800/5005 | loss 2.2018 | acc 49.5% | 412s elapsed | eta 733s
  step 1900/5005 | loss 2.2026 | acc 49.5% | 435s elapsed | eta 711s
  step 2000/5005 | loss 2.2042 | acc 49.5% | 459s elapsed | eta 689s
  step 2100/5005 | loss 2.2079 | acc 49.4% | 480s elapsed | eta 664s
  step 2200/5005 | loss 2.2088 | acc 49.4% | 504s elapsed | eta 643s
  step 2300/5005 | loss 2.2092 | acc 49.4% | 527s elapsed | eta 620s
  step 2400/5005 | loss 2.2098 | acc 49.4% | 550s elapsed | eta 597s
  step 2500/5005 | loss 2.2136 | acc 49.3% | 570s elapsed | eta 571s
  step 2600/5005 | loss 2.2159 | acc 49.2% | 594s elapsed | eta 550s
  step 2700/5005 | loss 2.2175 | acc 49.2% | 619s elapsed | eta 529s
  step 2800/5005 | loss 2.2188 | acc 49.2% | 643s elapsed | eta 506s
  step 2900/5005 | loss 2.2203 | acc 49.2% | 665s elapsed | eta 483s
  step 3000/5005 | loss 2.2220 | acc 49.1% | 689s elapsed | eta 461s
  step 3100/5005 | loss 2.2233 | acc 49.1% | 713s elapsed | eta 438s
  step 3200/5005 | loss 2.2246 | acc 49.1% | 735s elapsed | eta 415s
  step 3300/5005 | loss 2.2244 | acc 49.1% | 760s elapsed | eta 393s
  step 3400/5005 | loss 2.2250 | acc 49.1% | 783s elapsed | eta 370s
  step 3500/5005 | loss 2.2268 | acc 49.0% | 807s elapsed | eta 347s
  step 3600/5005 | loss 2.2287 | acc 49.0% | 829s elapsed | eta 323s
  step 3700/5005 | loss 2.2305 | acc 49.0% | 852s elapsed | eta 300s
  step 3800/5005 | loss 2.2311 | acc 49.0% | 875s elapsed | eta 278s
  step 3900/5005 | loss 2.2318 | acc 49.0% | 899s elapsed | eta 255s
  step 4000/5005 | loss 2.2331 | acc 48.9% | 921s elapsed | eta 231s
  step 4100/5005 | loss 2.2349 | acc 48.9% | 945s elapsed | eta 209s
  step 4200/5005 | loss 2.2362 | acc 48.9% | 967s elapsed | eta 185s
  step 4300/5005 | loss 2.2375 | acc 48.9% | 989s elapsed | eta 162s
  step 4400/5005 | loss 2.2388 | acc 48.8% | 1012s elapsed | eta 139s
  step 4500/5005 | loss 2.2395 | acc 48.8% | 1036s elapsed | eta 116s
  step 4600/5005 | loss 2.2408 | acc 48.8% | 1059s elapsed | eta 93s
  step 4700/5005 | loss 2.2414 | acc 48.8% | 1082s elapsed | eta 70s
  step 4800/5005 | loss 2.2420 | acc 48.8% | 1105s elapsed | eta 47s
  step 4900/5005 | loss 2.2432 | acc 48.7% | 1128s elapsed | eta 24s
  step 5000/5005 | loss 2.2443 | acc 48.7% | 1151s elapsed | eta 1s
Ep  11 | loss 2.2442 | task 2.2442 | cons 0.0000 | train 48.7% | test 42.1% | 1177s
  step 100/5005 | loss 2.1051 | acc 51.5% | 22s elapsed | eta 1062s
  step 200/5005 | loss 2.0799 | acc 52.0% | 45s elapsed | eta 1082s
  step 300/5005 | loss 2.0721 | acc 52.2% | 68s elapsed | eta 1064s
  step 400/5005 | loss 2.0748 | acc 52.0% | 91s elapsed | eta 1049s
  step 500/5005 | loss 2.0817 | acc 51.8% | 113s elapsed | eta 1019s
  step 600/5005 | loss 2.0837 | acc 51.7% | 134s elapsed | eta 984s
  step 700/5005 | loss 2.0847 | acc 51.6% | 156s elapsed | eta 959s
  step 800/5005 | loss 2.0869 | acc 51.6% | 177s elapsed | eta 932s
  step 900/5005 | loss 2.0898 | acc 51.5% | 201s elapsed | eta 916s
  step 1000/5005 | loss 2.0908 | acc 51.4% | 226s elapsed | eta 904s
  step 1100/5005 | loss 2.0931 | acc 51.4% | 250s elapsed | eta 886s
  step 1200/5005 | loss 2.0978 | acc 51.3% | 270s elapsed | eta 857s
  step 1300/5005 | loss 2.0975 | acc 51.3% | 294s elapsed | eta 839s
  step 1400/5005 | loss 2.0995 | acc 51.3% | 317s elapsed | eta 816s
  step 1500/5005 | loss 2.1005 | acc 51.2% | 341s elapsed | eta 797s
  step 1600/5005 | loss 2.1025 | acc 51.2% | 364s elapsed | eta 774s
  step 1700/5005 | loss 2.1060 | acc 51.2% | 386s elapsed | eta 750s
  step 1800/5005 | loss 2.1071 | acc 51.2% | 411s elapsed | eta 731s
  step 1900/5005 | loss 2.1094 | acc 51.1% | 434s elapsed | eta 709s
  step 2000/5005 | loss 2.1104 | acc 51.1% | 457s elapsed | eta 686s
  step 2100/5005 | loss 2.1132 | acc 51.1% | 480s elapsed | eta 664s
  step 2200/5005 | loss 2.1146 | acc 51.0% | 503s elapsed | eta 642s
  step 2300/5005 | loss 2.1173 | acc 51.0% | 525s elapsed | eta 617s
  step 2400/5005 | loss 2.1204 | acc 50.9% | 547s elapsed | eta 594s
  step 2500/5005 | loss 2.1228 | acc 50.9% | 569s elapsed | eta 571s
  step 2600/5005 | loss 2.1243 | acc 50.9% | 594s elapsed | eta 549s
  step 2700/5005 | loss 2.1260 | acc 50.8% | 617s elapsed | eta 527s
  step 2800/5005 | loss 2.1279 | acc 50.8% | 640s elapsed | eta 504s
  step 2900/5005 | loss 2.1297 | acc 50.8% | 662s elapsed | eta 480s
  step 3000/5005 | loss 2.1325 | acc 50.7% | 683s elapsed | eta 456s
  step 3100/5005 | loss 2.1338 | acc 50.7% | 704s elapsed | eta 433s
  step 3200/5005 | loss 2.1348 | acc 50.7% | 728s elapsed | eta 411s
  step 3300/5005 | loss 2.1352 | acc 50.7% | 751s elapsed | eta 388s
  step 3400/5005 | loss 2.1374 | acc 50.6% | 774s elapsed | eta 365s
  step 3500/5005 | loss 2.1387 | acc 50.6% | 797s elapsed | eta 343s
  step 3600/5005 | loss 2.1400 | acc 50.6% | 818s elapsed | eta 319s
  step 3700/5005 | loss 2.1417 | acc 50.6% | 840s elapsed | eta 296s
  step 3800/5005 | loss 2.1434 | acc 50.5% | 861s elapsed | eta 273s
  step 3900/5005 | loss 2.1450 | acc 50.5% | 884s elapsed | eta 251s
  step 4000/5005 | loss 2.1458 | acc 50.5% | 907s elapsed | eta 228s
  step 4100/5005 | loss 2.1481 | acc 50.4% | 929s elapsed | eta 205s
  step 4200/5005 | loss 2.1497 | acc 50.4% | 951s elapsed | eta 182s
  step 4300/5005 | loss 2.1518 | acc 50.4% | 973s elapsed | eta 159s
  step 4400/5005 | loss 2.1532 | acc 50.3% | 996s elapsed | eta 137s
  step 4500/5005 | loss 2.1538 | acc 50.3% | 1021s elapsed | eta 115s
  step 4600/5005 | loss 2.1558 | acc 50.3% | 1043s elapsed | eta 92s
  step 4700/5005 | loss 2.1575 | acc 50.3% | 1065s elapsed | eta 69s
  step 4800/5005 | loss 2.1582 | acc 50.3% | 1088s elapsed | eta 46s
  step 4900/5005 | loss 2.1596 | acc 50.2% | 1111s elapsed | eta 24s
  step 5000/5005 | loss 2.1606 | acc 50.2% | 1135s elapsed | eta 1s
Ep  12 | loss 2.1607 | task 2.1607 | cons 0.0000 | train 50.2% | test 42.2% | 1160s
  step 100/5005 | loss 1.9637 | acc 54.0% | 24s elapsed | eta 1174s
  step 200/5005 | loss 1.9906 | acc 53.3% | 45s elapsed | eta 1077s
  step 300/5005 | loss 1.9845 | acc 53.5% | 67s elapsed | eta 1051s
  step 400/5005 | loss 1.9944 | acc 53.3% | 90s elapsed | eta 1032s
  step 500/5005 | loss 1.9954 | acc 53.3% | 113s elapsed | eta 1016s
  step 600/5005 | loss 1.9963 | acc 53.3% | 137s elapsed | eta 1003s
  step 700/5005 | loss 1.9952 | acc 53.3% | 159s elapsed | eta 980s
  step 800/5005 | loss 1.9965 | acc 53.2% | 182s elapsed | eta 959s
  step 900/5005 | loss 1.9995 | acc 53.2% | 205s elapsed | eta 937s
  step 1000/5005 | loss 2.0017 | acc 53.1% | 228s elapsed | eta 912s
  step 1100/5005 | loss 2.0022 | acc 53.1% | 252s elapsed | eta 893s
  step 1200/5005 | loss 2.0069 | acc 53.0% | 274s elapsed | eta 869s
  step 1300/5005 | loss 2.0101 | acc 52.9% | 297s elapsed | eta 845s
  step 1400/5005 | loss 2.0081 | acc 53.0% | 322s elapsed | eta 829s
  step 1500/5005 | loss 2.0109 | acc 52.9% | 345s elapsed | eta 805s
  step 1600/5005 | loss 2.0132 | acc 52.9% | 367s elapsed | eta 780s
  step 1700/5005 | loss 2.0166 | acc 52.8% | 388s elapsed | eta 755s
  step 1800/5005 | loss 2.0202 | acc 52.8% | 411s elapsed | eta 732s
  step 1900/5005 | loss 2.0224 | acc 52.7% | 434s elapsed | eta 710s
  step 2000/5005 | loss 2.0243 | acc 52.7% | 457s elapsed | eta 686s
  step 2100/5005 | loss 2.0271 | acc 52.6% | 479s elapsed | eta 663s
  step 2200/5005 | loss 2.0292 | acc 52.6% | 502s elapsed | eta 640s
  step 2300/5005 | loss 2.0322 | acc 52.5% | 525s elapsed | eta 617s
  step 2400/5005 | loss 2.0340 | acc 52.5% | 548s elapsed | eta 594s
  step 2500/5005 | loss 2.0364 | acc 52.4% | 570s elapsed | eta 571s
  step 2600/5005 | loss 2.0393 | acc 52.4% | 592s elapsed | eta 547s
  step 2700/5005 | loss 2.0407 | acc 52.3% | 615s elapsed | eta 525s
  step 2800/5005 | loss 2.0424 | acc 52.3% | 640s elapsed | eta 504s
  step 2900/5005 | loss 2.0450 | acc 52.3% | 662s elapsed | eta 481s
  step 3000/5005 | loss 2.0469 | acc 52.2% | 686s elapsed | eta 458s
  step 3100/5005 | loss 2.0483 | acc 52.2% | 710s elapsed | eta 436s
  step 3200/5005 | loss 2.0501 | acc 52.2% | 733s elapsed | eta 413s
  step 3300/5005 | loss 2.0518 | acc 52.2% | 756s elapsed | eta 391s
  step 3400/5005 | loss 2.0538 | acc 52.1% | 779s elapsed | eta 368s
  step 3500/5005 | loss 2.0554 | acc 52.1% | 801s elapsed | eta 344s
  step 3600/5005 | loss 2.0575 | acc 52.0% | 823s elapsed | eta 321s
  step 3700/5005 | loss 2.0588 | acc 52.0% | 847s elapsed | eta 299s
  step 3800/5005 | loss 2.0598 | acc 52.0% | 870s elapsed | eta 276s
  step 3900/5005 | loss 2.0613 | acc 52.0% | 896s elapsed | eta 254s
  step 4000/5005 | loss 2.0624 | acc 52.0% | 919s elapsed | eta 231s
  step 4100/5005 | loss 2.0642 | acc 51.9% | 941s elapsed | eta 208s
  step 4200/5005 | loss 2.0660 | acc 51.9% | 963s elapsed | eta 185s
  step 4300/5005 | loss 2.0671 | acc 51.9% | 988s elapsed | eta 162s
  step 4400/5005 | loss 2.0681 | acc 51.9% | 1012s elapsed | eta 139s
  step 4500/5005 | loss 2.0702 | acc 51.8% | 1033s elapsed | eta 116s
  step 4600/5005 | loss 2.0723 | acc 51.8% | 1055s elapsed | eta 93s
  step 4700/5005 | loss 2.0739 | acc 51.8% | 1078s elapsed | eta 70s
  step 4800/5005 | loss 2.0757 | acc 51.7% | 1101s elapsed | eta 47s
  step 4900/5005 | loss 2.0771 | acc 51.7% | 1123s elapsed | eta 24s
  step 5000/5005 | loss 2.0794 | acc 51.7% | 1145s elapsed | eta 1s
Ep  13 | loss 2.0794 | task 2.0794 | cons 0.0000 | train 51.7% | test 42.9% | 1171s
  step 100/5005 | loss 1.9128 | acc 55.1% | 23s elapsed | eta 1105s
  step 200/5005 | loss 1.9145 | acc 55.1% | 45s elapsed | eta 1085s
  step 300/5005 | loss 1.9093 | acc 55.1% | 68s elapsed | eta 1062s
  step 400/5005 | loss 1.8967 | acc 55.5% | 92s elapsed | eta 1064s
  step 500/5005 | loss 1.8988 | acc 55.4% | 117s elapsed | eta 1050s
  step 600/5005 | loss 1.9057 | acc 55.2% | 139s elapsed | eta 1019s
