/home/ec2-user/dev/ugh/.venv/lib/python3.13/site-packages/torchvision/datasets/cifar.py:83: VisibleDeprecationWarning: dtype(): align should be passed as Python or NumPy boolean but got `align=0`. Did you mean to pass a tuple to create a subarray type? (Deprecated NumPy 2.4)
  entry = pickle.load(f, encoding="latin1")
Model: adaptive | Params: 4,011,338 | K=8 | blocks/unit=-
----------------------------------------------------------------------
Ep   1 | loss 1.9915 | task 1.9915 | train 25.8% | test 36.8%
Ep   2 | loss 1.7603 | task 1.7603 | train 34.8% | test 43.3%
Ep   3 | loss 1.6578 | task 1.6578 | train 39.0% | test 49.6%
Ep   4 | loss 1.5658 | task 1.5658 | train 42.9% | test 53.5%
Ep   5 | loss 1.4986 | task 1.4986 | train 45.4% | test 54.4%
Ep   6 | loss 1.4770 | task 1.4770 | train 46.0% | test 56.8%
Ep   7 | loss 1.4426 | task 1.4426 | train 47.8% | test 57.6%
Ep   8 | loss 1.3958 | task 1.3958 | train 49.2% | test 59.2%
Ep   9 | loss 1.3689 | task 1.3689 | train 50.3% | test 60.1%
Ep  10 | loss 1.3664 | task 1.3664 | train 50.4% | test 60.9%
    K=1: 42.4%
    K=2: 49.0%
    K=4: 55.7%
Ep  11 | loss 1.3257 | task 1.3257 | train 52.2% | test 61.4%
Ep  12 | loss 1.3057 | task 1.3057 | train 52.6% | test 62.3%
Ep  13 | loss 1.2975 | task 1.2975 | train 53.2% | test 63.2%
Ep  14 | loss 1.2975 | task 1.2975 | train 52.9% | test 63.3%
Ep  15 | loss 1.2645 | task 1.2645 | train 54.2% | test 63.4%
Ep  16 | loss 1.2478 | task 1.2478 | train 54.8% | test 64.8%
Ep  17 | loss 1.2207 | task 1.2207 | train 56.1% | test 66.2%
Ep  18 | loss 1.2031 | task 1.2031 | train 56.5% | test 66.4%
Ep  19 | loss 1.2153 | task 1.2153 | train 56.1% | test 67.4%
Ep  20 | loss 1.2160 | task 1.2160 | train 56.3% | test 67.8%
    K=1: 47.7%
    K=2: 55.0%
    K=4: 62.8%
Ep  21 | loss 1.1850 | task 1.1850 | train 57.1% | test 67.8%
Ep  22 | loss 1.1616 | task 1.1616 | train 57.9% | test 67.5%
Ep  23 | loss 1.1498 | task 1.1498 | train 58.5% | test 68.9%
Ep  24 | loss 1.1624 | task 1.1624 | train 58.2% | test 69.5%
Ep  25 | loss 1.1358 | task 1.1358 | train 59.0% | test 70.0%
Ep  26 | loss 1.1497 | task 1.1497 | train 58.1% | test 69.8%
Ep  27 | loss 1.1059 | task 1.1059 | train 60.1% | test 70.8%
Ep  28 | loss 1.1214 | task 1.1214 | train 59.5% | test 70.6%
Ep  29 | loss 1.1049 | task 1.1049 | train 60.2% | test 70.9%
Ep  30 | loss 1.0781 | task 1.0781 | train 61.2% | test 70.8%
    K=1: 48.8%
    K=2: 56.3%
    K=4: 64.9%
Ep  31 | loss 1.0740 | task 1.0740 | train 61.4% | test 72.2%
Ep  32 | loss 1.0622 | task 1.0622 | train 61.8% | test 72.6%
Ep  33 | loss 1.0590 | task 1.0590 | train 62.0% | test 72.4%
Ep  34 | loss 1.0460 | task 1.0460 | train 62.6% | test 72.8%
Ep  35 | loss 1.0262 | task 1.0262 | train 62.9% | test 73.5%
Ep  36 | loss 1.0183 | task 1.0183 | train 63.3% | test 73.2%
Ep  37 | loss 1.0171 | task 1.0171 | train 63.2% | test 74.6%
Ep  38 | loss 1.0097 | task 1.0097 | train 63.6% | test 74.8%
Ep  39 | loss 1.0061 | task 1.0061 | train 63.7% | test 74.3%
Ep  40 | loss 1.0071 | task 1.0071 | train 63.4% | test 74.7%
    K=1: 50.6%
    K=2: 59.7%
    K=4: 68.1%
Ep  41 | loss 0.9635 | task 0.9635 | train 65.4% | test 75.0%
Ep  42 | loss 0.9811 | task 0.9811 | train 65.0% | test 75.1%
Ep  43 | loss 0.9643 | task 0.9643 | train 65.3% | test 75.5%
Ep  44 | loss 0.9523 | task 0.9523 | train 65.8% | test 75.3%
Ep  45 | loss 0.9600 | task 0.9600 | train 65.4% | test 76.1%
Ep  46 | loss 0.9758 | task 0.9758 | train 65.0% | test 74.8%
Ep  47 | loss 0.9753 | task 0.9753 | train 64.8% | test 76.2%
Ep  48 | loss 0.9452 | task 0.9452 | train 66.1% | test 76.1%
Ep  49 | loss 0.9512 | task 0.9512 | train 65.6% | test 76.9%
Ep  50 | loss 0.9341 | task 0.9341 | train 66.4% | test 76.7%
    K=1: 51.0%
    K=2: 61.5%
    K=4: 70.6%
Ep  51 | loss 0.9123 | task 0.9123 | train 67.4% | test 77.2%
Ep  52 | loss 0.8981 | task 0.8981 | train 67.8% | test 76.9%
Ep  53 | loss 0.9078 | task 0.9078 | train 67.2% | test 77.6%
Ep  54 | loss 0.8987 | task 0.8987 | train 67.6% | test 77.1%
Ep  55 | loss 0.8851 | task 0.8851 | train 68.3% | test 77.2%
Ep  56 | loss 0.9004 | task 0.9004 | train 67.9% | test 77.9%
Ep  57 | loss 0.8832 | task 0.8832 | train 68.3% | test 77.9%
Ep  58 | loss 0.8444 | task 0.8444 | train 69.7% | test 78.3%
Ep  59 | loss 0.8542 | task 0.8542 | train 69.2% | test 78.0%
Ep  60 | loss 0.8771 | task 0.8771 | train 68.3% | test 78.3%
    K=1: 53.3%
    K=2: 64.6%
    K=4: 72.6%
Ep  61 | loss 0.8551 | task 0.8551 | train 69.2% | test 78.3%
Ep  62 | loss 0.8445 | task 0.8445 | train 69.6% | test 78.1%
Ep  63 | loss 0.8241 | task 0.8241 | train 70.4% | test 78.1%
Ep  64 | loss 0.8488 | task 0.8488 | train 69.5% | test 78.3%
Ep  65 | loss 0.8236 | task 0.8236 | train 70.5% | test 78.5%
Ep  66 | loss 0.8098 | task 0.8098 | train 71.0% | test 78.4%
Ep  67 | loss 0.8186 | task 0.8186 | train 70.5% | test 78.5%
Ep  68 | loss 0.8061 | task 0.8061 | train 70.9% | test 79.0%
Ep  69 | loss 0.8275 | task 0.8275 | train 70.5% | test 79.4%
Ep  70 | loss 0.8225 | task 0.8225 | train 70.6% | test 79.1%
    K=1: 55.4%
    K=2: 65.3%
    K=4: 73.8%
Ep  71 | loss 0.8054 | task 0.8054 | train 71.1% | test 79.0%
Ep  72 | loss 0.8039 | task 0.8039 | train 71.2% | test 79.2%
Ep  73 | loss 0.7848 | task 0.7848 | train 71.8% | test 79.0%
Ep  74 | loss 0.7993 | task 0.7993 | train 71.1% | test 79.5%
Ep  75 | loss 0.8034 | task 0.8034 | train 71.1% | test 79.0%
Ep  76 | loss 0.8127 | task 0.8127 | train 71.0% | test 79.3%
Ep  77 | loss 0.7671 | task 0.7671 | train 72.5% | test 79.2%
Ep  78 | loss 0.7628 | task 0.7628 | train 72.6% | test 79.7%
Ep  79 | loss 0.7714 | task 0.7714 | train 72.2% | test 79.3%
Ep  80 | loss 0.7714 | task 0.7714 | train 72.6% | test 79.5%
    K=1: 55.5%
    K=2: 66.7%
    K=4: 74.5%
Ep  81 | loss 0.7406 | task 0.7406 | train 73.5% | test 79.5%
Ep  82 | loss 0.7634 | task 0.7634 | train 72.7% | test 79.5%
Ep  83 | loss 0.7322 | task 0.7322 | train 73.8% | test 79.5%
Ep  84 | loss 0.7653 | task 0.7653 | train 72.5% | test 79.1%
Ep  85 | loss 0.7665 | task 0.7665 | train 72.6% | test 79.5%
Ep  86 | loss 0.7745 | task 0.7745 | train 72.3% | test 79.5%
Ep  87 | loss 0.7610 | task 0.7610 | train 72.7% | test 79.4%
Ep  88 | loss 0.7477 | task 0.7477 | train 73.1% | test 79.6%
Ep  89 | loss 0.7326 | task 0.7326 | train 73.8% | test 79.5%
Ep  90 | loss 0.7616 | task 0.7616 | train 72.8% | test 79.6%
    K=1: 55.5%
    K=2: 66.9%
    K=4: 74.3%
Ep  91 | loss 0.7633 | task 0.7633 | train 72.5% | test 79.6%
Ep  92 | loss 0.7512 | task 0.7512 | train 73.1% | test 79.7%
Ep  93 | loss 0.7333 | task 0.7333 | train 73.9% | test 79.7%
Ep  94 | loss 0.7317 | task 0.7317 | train 73.7% | test 79.6%
Ep  95 | loss 0.7481 | task 0.7481 | train 73.1% | test 79.6%
Ep  96 | loss 0.7252 | task 0.7252 | train 74.2% | test 79.7%
Ep  97 | loss 0.7512 | task 0.7512 | train 73.0% | test 79.7%
Ep  98 | loss 0.7512 | task 0.7512 | train 73.0% | test 79.7%
Ep  99 | loss 0.7513 | task 0.7513 | train 73.2% | test 79.7%
Ep 100 | loss 0.7221 | task 0.7221 | train 74.2% | test 79.7%
    K=1: 56.2%
    K=2: 67.5%
    K=4: 75.4%
Saved checkpoint to adaptive_dim192_K8.pt
