/home/ec2-user/dev/ugh/.venv/lib/python3.13/site-packages/torchvision/datasets/cifar.py:83: VisibleDeprecationWarning: dtype(): align should be passed as Python or NumPy boolean but got `align=0`. Did you mean to pass a tuple to create a subarray type? (Deprecated NumPy 2.4)
  entry = pickle.load(f, encoding="latin1")
Model: baseline | Params: 3,583,306 | K=8 | blocks/unit=-
----------------------------------------------------------------------
Ep   1 | loss 1.7554 | task 1.7554 | train 34.2% | test 40.6%
Ep   2 | loss 1.4614 | task 1.4614 | train 46.7% | test 52.0%
Ep   3 | loss 1.3097 | task 1.3097 | train 52.5% | test 55.5%
Ep   4 | loss 1.2338 | task 1.2338 | train 55.4% | test 59.6%
Ep   5 | loss 1.1662 | task 1.1662 | train 57.7% | test 59.7%
Ep   6 | loss 1.1086 | task 1.1086 | train 59.7% | test 61.9%
Ep   7 | loss 1.0605 | task 1.0605 | train 61.9% | test 63.4%
Ep   8 | loss 1.0145 | task 1.0145 | train 63.5% | test 65.3%
Ep   9 | loss 0.9783 | task 0.9783 | train 64.9% | test 66.2%
Ep  10 | loss 0.9422 | task 0.9422 | train 66.4% | test 67.6%
Ep  11 | loss 0.9090 | task 0.9090 | train 67.7% | test 68.2%
Ep  12 | loss 0.8768 | task 0.8768 | train 68.8% | test 70.8%
Ep  13 | loss 0.8519 | task 0.8519 | train 69.7% | test 70.1%
Ep  14 | loss 0.8236 | task 0.8236 | train 70.8% | test 72.0%
Ep  15 | loss 0.7974 | task 0.7974 | train 71.4% | test 72.4%
Ep  16 | loss 0.7711 | task 0.7711 | train 72.6% | test 72.5%
Ep  17 | loss 0.7511 | task 0.7511 | train 73.5% | test 74.9%
Ep  18 | loss 0.7323 | task 0.7323 | train 73.8% | test 74.2%
Ep  19 | loss 0.7088 | task 0.7088 | train 74.7% | test 75.2%
Ep  20 | loss 0.6910 | task 0.6910 | train 75.5% | test 75.5%
Ep  21 | loss 0.6752 | task 0.6752 | train 76.1% | test 76.1%
Ep  22 | loss 0.6578 | task 0.6578 | train 76.7% | test 76.1%
Ep  23 | loss 0.6407 | task 0.6407 | train 77.4% | test 76.1%
Ep  24 | loss 0.6305 | task 0.6305 | train 77.6% | test 77.1%
Ep  25 | loss 0.6103 | task 0.6103 | train 78.3% | test 77.3%
Ep  26 | loss 0.6084 | task 0.6084 | train 78.4% | test 76.1%
Ep  27 | loss 0.5855 | task 0.5855 | train 79.2% | test 77.7%
Ep  28 | loss 0.5689 | task 0.5689 | train 79.9% | test 77.9%
Ep  29 | loss 0.5654 | task 0.5654 | train 79.8% | test 78.2%
Ep  30 | loss 0.5430 | task 0.5430 | train 80.8% | test 78.3%
Ep  31 | loss 0.5358 | task 0.5358 | train 81.0% | test 78.1%
Ep  32 | loss 0.5218 | task 0.5218 | train 81.3% | test 78.9%
Ep  33 | loss 0.5047 | task 0.5047 | train 82.0% | test 78.7%
Ep  34 | loss 0.4947 | task 0.4947 | train 82.2% | test 79.6%
Ep  35 | loss 0.4865 | task 0.4865 | train 82.6% | test 79.8%
Ep  36 | loss 0.4727 | task 0.4727 | train 83.2% | test 79.1%
Ep  37 | loss 0.4633 | task 0.4633 | train 83.5% | test 79.2%
Ep  38 | loss 0.4557 | task 0.4557 | train 83.6% | test 79.7%
Ep  39 | loss 0.4454 | task 0.4454 | train 84.1% | test 80.1%
Ep  40 | loss 0.4320 | task 0.4320 | train 84.6% | test 79.5%
Ep  41 | loss 0.4280 | task 0.4280 | train 84.7% | test 79.9%
Ep  42 | loss 0.4095 | task 0.4095 | train 85.4% | test 80.7%
Ep  43 | loss 0.4065 | task 0.4065 | train 85.3% | test 79.9%
Ep  44 | loss 0.3942 | task 0.3942 | train 85.9% | test 80.7%
Ep  45 | loss 0.3817 | task 0.3817 | train 86.4% | test 80.3%
Ep  46 | loss 0.3755 | task 0.3755 | train 86.5% | test 79.9%
Ep  47 | loss 0.3679 | task 0.3679 | train 86.9% | test 80.9%
Ep  48 | loss 0.3552 | task 0.3552 | train 87.3% | test 80.8%
Ep  49 | loss 0.3531 | task 0.3531 | train 87.2% | test 81.4%
Ep  50 | loss 0.3401 | task 0.3401 | train 87.7% | test 81.2%
Ep  51 | loss 0.3315 | task 0.3315 | train 88.1% | test 80.8%
Ep  52 | loss 0.3210 | task 0.3210 | train 88.3% | test 81.2%
Ep  53 | loss 0.3155 | task 0.3155 | train 88.7% | test 80.9%
Ep  54 | loss 0.3131 | task 0.3131 | train 88.5% | test 80.5%
Ep  55 | loss 0.2995 | task 0.2995 | train 89.1% | test 81.3%
Ep  56 | loss 0.2940 | task 0.2940 | train 89.4% | test 80.6%
Ep  57 | loss 0.2886 | task 0.2886 | train 89.5% | test 81.3%
Ep  58 | loss 0.2824 | task 0.2824 | train 89.8% | test 80.5%
Ep  59 | loss 0.2723 | task 0.2723 | train 90.1% | test 81.0%
Ep  60 | loss 0.2655 | task 0.2655 | train 90.3% | test 81.1%
Ep  61 | loss 0.2598 | task 0.2598 | train 90.7% | test 81.6%
Ep  62 | loss 0.2555 | task 0.2555 | train 90.8% | test 81.2%
Ep  63 | loss 0.2513 | task 0.2513 | train 91.0% | test 81.5%
Ep  64 | loss 0.2442 | task 0.2442 | train 91.1% | test 81.7%
Ep  65 | loss 0.2391 | task 0.2391 | train 91.4% | test 80.4%
Ep  66 | loss 0.2344 | task 0.2344 | train 91.5% | test 81.1%
Ep  67 | loss 0.2311 | task 0.2311 | train 91.7% | test 81.0%
Ep  68 | loss 0.2247 | task 0.2247 | train 91.8% | test 80.7%
Ep  69 | loss 0.2211 | task 0.2211 | train 92.0% | test 81.5%
Ep  70 | loss 0.2129 | task 0.2129 | train 92.3% | test 81.1%
Ep  71 | loss 0.2069 | task 0.2069 | train 92.6% | test 81.5%
Ep  72 | loss 0.2035 | task 0.2035 | train 92.7% | test 80.4%
Ep  73 | loss 0.2007 | task 0.2007 | train 92.8% | test 81.2%
Ep  74 | loss 0.1916 | task 0.1916 | train 93.0% | test 81.5%
Ep  75 | loss 0.1916 | task 0.1916 | train 93.1% | test 80.8%
Ep  76 | loss 0.1922 | task 0.1922 | train 93.0% | test 81.4%
Ep  77 | loss 0.1849 | task 0.1849 | train 93.4% | test 81.7%
Ep  78 | loss 0.1850 | task 0.1850 | train 93.3% | test 81.3%
Ep  79 | loss 0.1788 | task 0.1788 | train 93.5% | test 81.6%
Ep  80 | loss 0.1726 | task 0.1726 | train 93.9% | test 81.0%
Ep  81 | loss 0.1751 | task 0.1751 | train 93.7% | test 81.3%
Ep  82 | loss 0.1617 | task 0.1617 | train 94.1% | test 81.0%
Ep  83 | loss 0.1643 | task 0.1643 | train 94.1% | test 81.6%
Ep  84 | loss 0.1567 | task 0.1567 | train 94.4% | test 80.9%
Ep  85 | loss 0.1600 | task 0.1600 | train 94.2% | test 81.0%
Ep  86 | loss 0.1559 | task 0.1559 | train 94.6% | test 81.5%
Ep  87 | loss 0.1537 | task 0.1537 | train 94.6% | test 81.7%
Ep  88 | loss 0.1489 | task 0.1489 | train 94.6% | test 81.5%
Ep  89 | loss 0.1484 | task 0.1484 | train 94.7% | test 81.7%
Ep  90 | loss 0.1444 | task 0.1444 | train 94.8% | test 81.5%
Ep  91 | loss 0.1392 | task 0.1392 | train 95.0% | test 81.3%
Ep  92 | loss 0.1407 | task 0.1407 | train 95.0% | test 81.4%
Ep  93 | loss 0.1390 | task 0.1390 | train 95.0% | test 80.9%
Ep  94 | loss 0.1310 | task 0.1310 | train 95.3% | test 81.4%
Ep  95 | loss 0.1332 | task 0.1332 | train 95.3% | test 81.2%
Ep  96 | loss 0.1301 | task 0.1301 | train 95.4% | test 81.4%
Ep  97 | loss 0.1241 | task 0.1241 | train 95.7% | test 81.4%
Ep  98 | loss 0.1251 | task 0.1251 | train 95.5% | test 81.7%
Ep  99 | loss 0.1221 | task 0.1221 | train 95.6% | test 81.6%
Ep 100 | loss 0.1197 | task 0.1197 | train 95.7% | test 81.1%
Ep 101 | loss 0.1165 | task 0.1165 | train 95.8% | test 81.5%
Ep 102 | loss 0.1160 | task 0.1160 | train 95.9% | test 81.1%
Ep 103 | loss 0.1133 | task 0.1133 | train 96.0% | test 81.2%
Ep 104 | loss 0.1131 | task 0.1131 | train 96.1% | test 81.2%
Ep 105 | loss 0.1095 | task 0.1095 | train 96.0% | test 81.5%
Ep 106 | loss 0.1087 | task 0.1087 | train 96.1% | test 81.0%
Ep 107 | loss 0.1056 | task 0.1056 | train 96.2% | test 81.5%
Ep 108 | loss 0.1030 | task 0.1030 | train 96.3% | test 81.6%
Ep 109 | loss 0.1017 | task 0.1017 | train 96.3% | test 81.6%
Ep 110 | loss 0.1011 | task 0.1011 | train 96.4% | test 81.0%
Ep 111 | loss 0.1012 | task 0.1012 | train 96.4% | test 81.3%
Ep 112 | loss 0.1007 | task 0.1007 | train 96.5% | test 82.1%
Ep 113 | loss 0.0979 | task 0.0979 | train 96.7% | test 82.0%
Ep 114 | loss 0.0961 | task 0.0961 | train 96.7% | test 81.6%
Ep 115 | loss 0.0920 | task 0.0920 | train 96.8% | test 82.0%
Ep 116 | loss 0.0870 | task 0.0870 | train 97.0% | test 81.6%
Ep 117 | loss 0.0942 | task 0.0942 | train 96.7% | test 82.0%
Ep 118 | loss 0.0925 | task 0.0925 | train 96.7% | test 81.8%
Ep 119 | loss 0.0889 | task 0.0889 | train 96.9% | test 81.2%
Ep 120 | loss 0.0843 | task 0.0843 | train 97.0% | test 82.2%
Ep 121 | loss 0.0862 | task 0.0862 | train 97.0% | test 81.5%
Ep 122 | loss 0.0856 | task 0.0856 | train 97.0% | test 81.0%
Ep 123 | loss 0.0848 | task 0.0848 | train 97.1% | test 81.5%
Ep 124 | loss 0.0820 | task 0.0820 | train 97.1% | test 81.6%
Ep 125 | loss 0.0827 | task 0.0827 | train 97.1% | test 82.1%
Ep 126 | loss 0.0782 | task 0.0782 | train 97.2% | test 81.9%
Ep 127 | loss 0.0764 | task 0.0764 | train 97.3% | test 81.8%
Ep 128 | loss 0.0766 | task 0.0766 | train 97.3% | test 81.2%
Ep 129 | loss 0.0770 | task 0.0770 | train 97.3% | test 81.4%
Ep 130 | loss 0.0745 | task 0.0745 | train 97.4% | test 81.9%
Ep 131 | loss 0.0710 | task 0.0710 | train 97.5% | test 81.7%
Ep 132 | loss 0.0703 | task 0.0703 | train 97.5% | test 81.8%
Ep 133 | loss 0.0711 | task 0.0711 | train 97.5% | test 81.6%
Ep 134 | loss 0.0703 | task 0.0703 | train 97.5% | test 82.0%
Ep 135 | loss 0.0710 | task 0.0710 | train 97.5% | test 81.7%
Ep 136 | loss 0.0652 | task 0.0652 | train 97.8% | test 81.4%
Ep 137 | loss 0.0656 | task 0.0656 | train 97.8% | test 81.9%
Ep 138 | loss 0.0663 | task 0.0663 | train 97.7% | test 81.7%
Ep 139 | loss 0.0644 | task 0.0644 | train 97.7% | test 81.5%
Ep 140 | loss 0.0656 | task 0.0656 | train 97.7% | test 82.0%
Ep 141 | loss 0.0611 | task 0.0611 | train 97.9% | test 81.6%
Ep 142 | loss 0.0637 | task 0.0637 | train 97.8% | test 82.0%
Ep 143 | loss 0.0604 | task 0.0604 | train 97.9% | test 81.9%
Ep 144 | loss 0.0619 | task 0.0619 | train 97.9% | test 81.8%
Ep 145 | loss 0.0616 | task 0.0616 | train 97.8% | test 81.8%
Ep 146 | loss 0.0601 | task 0.0601 | train 97.9% | test 82.1%
Ep 147 | loss 0.0600 | task 0.0600 | train 97.9% | test 82.1%
Ep 148 | loss 0.0586 | task 0.0586 | train 97.9% | test 82.2%
Ep 149 | loss 0.0562 | task 0.0562 | train 98.1% | test 81.5%
Ep 150 | loss 0.0542 | task 0.0542 | train 98.1% | test 82.2%
Ep 151 | loss 0.0547 | task 0.0547 | train 98.1% | test 82.3%
Ep 152 | loss 0.0520 | task 0.0520 | train 98.2% | test 82.3%
Ep 153 | loss 0.0516 | task 0.0516 | train 98.2% | test 82.6%
Ep 154 | loss 0.0513 | task 0.0513 | train 98.2% | test 81.9%
Ep 155 | loss 0.0507 | task 0.0507 | train 98.2% | test 81.4%
Ep 156 | loss 0.0503 | task 0.0503 | train 98.2% | test 82.0%
Ep 157 | loss 0.0522 | task 0.0522 | train 98.2% | test 81.9%
Ep 158 | loss 0.0500 | task 0.0500 | train 98.2% | test 82.3%
Ep 159 | loss 0.0475 | task 0.0475 | train 98.3% | test 82.0%
Ep 160 | loss 0.0473 | task 0.0473 | train 98.3% | test 82.0%
Ep 161 | loss 0.0448 | task 0.0448 | train 98.4% | test 82.2%
Ep 162 | loss 0.0439 | task 0.0439 | train 98.4% | test 81.5%
Ep 163 | loss 0.0447 | task 0.0447 | train 98.5% | test 82.1%
Ep 164 | loss 0.0452 | task 0.0452 | train 98.4% | test 82.5%
Ep 165 | loss 0.0448 | task 0.0448 | train 98.5% | test 81.9%
Ep 166 | loss 0.0470 | task 0.0470 | train 98.3% | test 81.8%
Ep 167 | loss 0.0407 | task 0.0407 | train 98.6% | test 82.4%
Ep 168 | loss 0.0401 | task 0.0401 | train 98.6% | test 82.3%
Ep 169 | loss 0.0413 | task 0.0413 | train 98.5% | test 82.4%
Ep 170 | loss 0.0409 | task 0.0409 | train 98.7% | test 81.9%
Ep 171 | loss 0.0360 | task 0.0360 | train 98.8% | test 81.5%
Ep 172 | loss 0.0401 | task 0.0401 | train 98.6% | test 81.9%
Ep 173 | loss 0.0376 | task 0.0376 | train 98.7% | test 82.6%
Ep 174 | loss 0.0358 | task 0.0358 | train 98.7% | test 82.6%
Ep 175 | loss 0.0337 | task 0.0337 | train 98.8% | test 82.4%
Ep 176 | loss 0.0372 | task 0.0372 | train 98.7% | test 81.9%
Ep 177 | loss 0.0361 | task 0.0361 | train 98.8% | test 81.8%
Ep 178 | loss 0.0359 | task 0.0359 | train 98.8% | test 82.0%
Ep 179 | loss 0.0347 | task 0.0347 | train 98.8% | test 82.3%
Ep 180 | loss 0.0312 | task 0.0312 | train 98.9% | test 81.8%
Ep 181 | loss 0.0309 | task 0.0309 | train 98.9% | test 81.9%
Ep 182 | loss 0.0346 | task 0.0346 | train 98.8% | test 82.5%
Ep 183 | loss 0.0314 | task 0.0314 | train 99.0% | test 82.7%
Ep 184 | loss 0.0319 | task 0.0319 | train 98.9% | test 82.2%
Ep 185 | loss 0.0307 | task 0.0307 | train 99.0% | test 82.4%
Ep 186 | loss 0.0306 | task 0.0306 | train 99.0% | test 82.2%
Ep 187 | loss 0.0280 | task 0.0280 | train 99.0% | test 82.2%
Ep 188 | loss 0.0302 | task 0.0302 | train 99.0% | test 82.2%
Ep 189 | loss 0.0278 | task 0.0278 | train 99.0% | test 82.5%
Ep 190 | loss 0.0259 | task 0.0259 | train 99.1% | test 82.5%
Ep 191 | loss 0.0276 | task 0.0276 | train 99.1% | test 82.5%
Ep 192 | loss 0.0258 | task 0.0258 | train 99.1% | test 82.3%
Ep 193 | loss 0.0252 | task 0.0252 | train 99.1% | test 82.2%
Ep 194 | loss 0.0251 | task 0.0251 | train 99.2% | test 82.7%
Ep 195 | loss 0.0236 | task 0.0236 | train 99.2% | test 83.1%
Ep 196 | loss 0.0271 | task 0.0271 | train 99.1% | test 82.5%
Ep 197 | loss 0.0231 | task 0.0231 | train 99.2% | test 82.6%
Ep 198 | loss 0.0221 | task 0.0221 | train 99.2% | test 82.3%
Ep 199 | loss 0.0239 | task 0.0239 | train 99.2% | test 82.8%
Ep 200 | loss 0.0224 | task 0.0224 | train 99.3% | test 82.5%
Ep 201 | loss 0.0227 | task 0.0227 | train 99.2% | test 82.5%
Ep 202 | loss 0.0208 | task 0.0208 | train 99.3% | test 82.2%
Ep 203 | loss 0.0201 | task 0.0201 | train 99.3% | test 82.6%
Ep 204 | loss 0.0187 | task 0.0187 | train 99.4% | test 82.5%
Ep 205 | loss 0.0193 | task 0.0193 | train 99.3% | test 82.7%
Ep 206 | loss 0.0191 | task 0.0191 | train 99.3% | test 82.3%
Ep 207 | loss 0.0207 | task 0.0207 | train 99.3% | test 82.7%
Ep 208 | loss 0.0158 | task 0.0158 | train 99.5% | test 82.7%
Ep 209 | loss 0.0191 | task 0.0191 | train 99.4% | test 82.1%
Ep 210 | loss 0.0176 | task 0.0176 | train 99.4% | test 82.3%
Ep 211 | loss 0.0178 | task 0.0178 | train 99.4% | test 82.7%
Ep 212 | loss 0.0154 | task 0.0154 | train 99.5% | test 82.8%
Ep 213 | loss 0.0154 | task 0.0154 | train 99.4% | test 82.6%
Ep 214 | loss 0.0152 | task 0.0152 | train 99.5% | test 82.5%
Ep 215 | loss 0.0172 | task 0.0172 | train 99.4% | test 82.8%
Ep 216 | loss 0.0144 | task 0.0144 | train 99.5% | test 82.4%
Ep 217 | loss 0.0157 | task 0.0157 | train 99.5% | test 82.6%
Ep 218 | loss 0.0133 | task 0.0133 | train 99.5% | test 83.0%
Ep 219 | loss 0.0147 | task 0.0147 | train 99.5% | test 82.6%
Ep 220 | loss 0.0137 | task 0.0137 | train 99.6% | test 82.2%
Ep 221 | loss 0.0127 | task 0.0127 | train 99.6% | test 82.6%
Ep 222 | loss 0.0131 | task 0.0131 | train 99.6% | test 82.3%
Ep 223 | loss 0.0124 | task 0.0124 | train 99.6% | test 82.7%
Ep 224 | loss 0.0124 | task 0.0124 | train 99.6% | test 82.7%
Ep 225 | loss 0.0118 | task 0.0118 | train 99.6% | test 82.4%
Ep 226 | loss 0.0105 | task 0.0105 | train 99.7% | test 83.1%
Ep 227 | loss 0.0108 | task 0.0108 | train 99.7% | test 83.2%
Ep 228 | loss 0.0106 | task 0.0106 | train 99.6% | test 82.9%
Ep 229 | loss 0.0093 | task 0.0093 | train 99.7% | test 82.6%
Ep 230 | loss 0.0108 | task 0.0108 | train 99.6% | test 83.0%
Ep 231 | loss 0.0104 | task 0.0104 | train 99.7% | test 82.9%
Ep 232 | loss 0.0089 | task 0.0089 | train 99.7% | test 82.9%
Ep 233 | loss 0.0098 | task 0.0098 | train 99.7% | test 83.1%
Ep 234 | loss 0.0088 | task 0.0088 | train 99.7% | test 83.0%
Ep 235 | loss 0.0078 | task 0.0078 | train 99.8% | test 83.0%
Ep 236 | loss 0.0086 | task 0.0086 | train 99.7% | test 82.8%
Ep 237 | loss 0.0103 | task 0.0103 | train 99.7% | test 83.0%
Ep 238 | loss 0.0073 | task 0.0073 | train 99.7% | test 82.8%
Ep 239 | loss 0.0073 | task 0.0073 | train 99.8% | test 83.0%
Ep 240 | loss 0.0081 | task 0.0081 | train 99.8% | test 82.8%
Ep 241 | loss 0.0075 | task 0.0075 | train 99.7% | test 82.8%
Ep 242 | loss 0.0071 | task 0.0071 | train 99.7% | test 82.8%
Ep 243 | loss 0.0070 | task 0.0070 | train 99.8% | test 83.0%
Ep 244 | loss 0.0070 | task 0.0070 | train 99.8% | test 83.0%
Ep 245 | loss 0.0062 | task 0.0062 | train 99.8% | test 83.4%
Ep 246 | loss 0.0059 | task 0.0059 | train 99.8% | test 83.1%
Ep 247 | loss 0.0053 | task 0.0053 | train 99.8% | test 82.9%
Ep 248 | loss 0.0057 | task 0.0057 | train 99.8% | test 82.9%
Ep 249 | loss 0.0061 | task 0.0061 | train 99.8% | test 83.0%
Ep 250 | loss 0.0049 | task 0.0049 | train 99.9% | test 83.2%
Ep 251 | loss 0.0053 | task 0.0053 | train 99.8% | test 83.3%
Ep 252 | loss 0.0055 | task 0.0055 | train 99.8% | test 83.1%
Ep 253 | loss 0.0055 | task 0.0055 | train 99.8% | test 83.2%
Ep 254 | loss 0.0052 | task 0.0052 | train 99.8% | test 83.4%
Ep 255 | loss 0.0050 | task 0.0050 | train 99.8% | test 83.2%
Ep 256 | loss 0.0041 | task 0.0041 | train 99.9% | test 83.2%
Ep 257 | loss 0.0035 | task 0.0035 | train 99.9% | test 83.3%
Ep 258 | loss 0.0046 | task 0.0046 | train 99.9% | test 83.3%
Ep 259 | loss 0.0039 | task 0.0039 | train 99.9% | test 83.2%
Ep 260 | loss 0.0040 | task 0.0040 | train 99.9% | test 83.2%
Ep 261 | loss 0.0038 | task 0.0038 | train 99.9% | test 83.1%
Ep 262 | loss 0.0035 | task 0.0035 | train 99.9% | test 83.1%
Ep 263 | loss 0.0040 | task 0.0040 | train 99.9% | test 83.2%
Ep 264 | loss 0.0036 | task 0.0036 | train 99.9% | test 83.2%
Ep 265 | loss 0.0029 | task 0.0029 | train 99.9% | test 83.2%
Ep 266 | loss 0.0030 | task 0.0030 | train 99.9% | test 83.1%
Ep 267 | loss 0.0038 | task 0.0038 | train 99.9% | test 83.2%
Ep 268 | loss 0.0034 | task 0.0034 | train 99.9% | test 83.3%
Ep 269 | loss 0.0032 | task 0.0032 | train 99.9% | test 83.3%
Ep 270 | loss 0.0028 | task 0.0028 | train 99.9% | test 83.2%
Ep 271 | loss 0.0027 | task 0.0027 | train 99.9% | test 83.2%
Ep 272 | loss 0.0031 | task 0.0031 | train 99.9% | test 83.5%
Ep 273 | loss 0.0030 | task 0.0030 | train 99.9% | test 83.5%
Ep 274 | loss 0.0027 | task 0.0027 | train 99.9% | test 83.5%
Ep 275 | loss 0.0026 | task 0.0026 | train 99.9% | test 83.5%
Ep 276 | loss 0.0021 | task 0.0021 | train 99.9% | test 83.5%
Ep 277 | loss 0.0023 | task 0.0023 | train 99.9% | test 83.5%
Ep 278 | loss 0.0022 | task 0.0022 | train 99.9% | test 83.6%
Ep 279 | loss 0.0019 | task 0.0019 | train 99.9% | test 83.5%
Ep 280 | loss 0.0021 | task 0.0021 | train 99.9% | test 83.5%
Ep 281 | loss 0.0021 | task 0.0021 | train 99.9% | test 83.5%
Ep 282 | loss 0.0025 | task 0.0025 | train 99.9% | test 83.6%
Ep 283 | loss 0.0019 | task 0.0019 | train 99.9% | test 83.5%
Ep 284 | loss 0.0022 | task 0.0022 | train 99.9% | test 83.6%
Ep 285 | loss 0.0017 | task 0.0017 | train 99.9% | test 83.7%
Ep 286 | loss 0.0022 | task 0.0022 | train 99.9% | test 83.6%
Ep 287 | loss 0.0023 | task 0.0023 | train 99.9% | test 83.5%
Ep 288 | loss 0.0019 | task 0.0019 | train 99.9% | test 83.5%
Ep 289 | loss 0.0016 | task 0.0016 | train 99.9% | test 83.6%
Ep 290 | loss 0.0019 | task 0.0019 | train 99.9% | test 83.6%
Ep 291 | loss 0.0019 | task 0.0019 | train 99.9% | test 83.6%
Ep 292 | loss 0.0019 | task 0.0019 | train 99.9% | test 83.6%
Ep 293 | loss 0.0020 | task 0.0020 | train 99.9% | test 83.6%
Ep 294 | loss 0.0020 | task 0.0020 | train 99.9% | test 83.5%
Ep 295 | loss 0.0022 | task 0.0022 | train 99.9% | test 83.6%
Ep 296 | loss 0.0018 | task 0.0018 | train 99.9% | test 83.6%
Ep 297 | loss 0.0012 | task 0.0012 | train 100.0% | test 83.5%
Ep 298 | loss 0.0014 | task 0.0014 | train 100.0% | test 83.5%
Ep 299 | loss 0.0016 | task 0.0016 | train 99.9% | test 83.5%
Ep 300 | loss 0.0019 | task 0.0019 | train 99.9% | test 83.5%
Saved checkpoint to base_dim192_300ep.pt
