/home/ec2-user/dev/ugh/.venv/lib/python3.13/site-packages/torchvision/datasets/cifar.py:83: VisibleDeprecationWarning: dtype(): align should be passed as Python or NumPy boolean but got `align=0`. Did you mean to pass a tuple to create a subarray type? (Deprecated NumPy 2.4)
  entry = pickle.load(f, encoding="latin1")
Model: baseline | Params: 1,803,850 | K=4 | blocks/unit=-
----------------------------------------------------------------------
Ep   1 | loss 1.7434 | task 1.7434 | train 35.3% | test 43.5%
Ep   2 | loss 1.4484 | task 1.4484 | train 47.4% | test 51.8%
Ep   3 | loss 1.3168 | task 1.3168 | train 52.4% | test 55.5%
Ep   4 | loss 1.2357 | task 1.2357 | train 55.3% | test 57.5%
Ep   5 | loss 1.1714 | task 1.1714 | train 57.6% | test 61.1%
Ep   6 | loss 1.1125 | task 1.1125 | train 60.1% | test 61.2%
Ep   7 | loss 1.0618 | task 1.0618 | train 61.7% | test 64.4%
Ep   8 | loss 1.0177 | task 1.0177 | train 63.6% | test 65.4%
Ep   9 | loss 0.9770 | task 0.9770 | train 65.0% | test 66.9%
Ep  10 | loss 0.9409 | task 0.9409 | train 66.5% | test 68.0%
Ep  11 | loss 0.9030 | task 0.9030 | train 67.7% | test 70.3%
Ep  12 | loss 0.8790 | task 0.8790 | train 68.6% | test 69.2%
Ep  13 | loss 0.8556 | task 0.8556 | train 69.6% | test 71.2%
Ep  14 | loss 0.8217 | task 0.8217 | train 70.7% | test 71.7%
Ep  15 | loss 0.8008 | task 0.8008 | train 71.5% | test 72.5%
Ep  16 | loss 0.7791 | task 0.7791 | train 72.2% | test 73.0%
Ep  17 | loss 0.7560 | task 0.7560 | train 73.3% | test 73.3%
Ep  18 | loss 0.7424 | task 0.7424 | train 73.6% | test 74.3%
Ep  19 | loss 0.7215 | task 0.7215 | train 74.3% | test 74.1%
Ep  20 | loss 0.6993 | task 0.6993 | train 75.1% | test 75.2%
Ep  21 | loss 0.6825 | task 0.6825 | train 75.7% | test 76.2%
Ep  22 | loss 0.6727 | task 0.6727 | train 76.1% | test 76.3%
Ep  23 | loss 0.6524 | task 0.6524 | train 76.8% | test 76.9%
Ep  24 | loss 0.6415 | task 0.6415 | train 77.1% | test 76.5%
Ep  25 | loss 0.6259 | task 0.6259 | train 77.8% | test 78.0%
Ep  26 | loss 0.6184 | task 0.6184 | train 78.0% | test 77.4%
Ep  27 | loss 0.5934 | task 0.5934 | train 78.8% | test 77.7%
Ep  28 | loss 0.5872 | task 0.5872 | train 79.1% | test 77.5%
Ep  29 | loss 0.5714 | task 0.5714 | train 79.5% | test 78.2%
Ep  30 | loss 0.5651 | task 0.5651 | train 80.0% | test 79.3%
Ep  31 | loss 0.5557 | task 0.5557 | train 80.1% | test 78.6%
Ep  32 | loss 0.5412 | task 0.5412 | train 80.8% | test 78.0%
Ep  33 | loss 0.5308 | task 0.5308 | train 81.0% | test 78.6%
Ep  34 | loss 0.5257 | task 0.5257 | train 81.4% | test 79.4%
Ep  35 | loss 0.5102 | task 0.5102 | train 81.9% | test 79.0%
Ep  36 | loss 0.5016 | task 0.5016 | train 82.2% | test 78.8%
Ep  37 | loss 0.4908 | task 0.4908 | train 82.5% | test 79.5%
Ep  38 | loss 0.4900 | task 0.4900 | train 82.6% | test 79.2%
Ep  39 | loss 0.4755 | task 0.4755 | train 83.0% | test 79.7%
Ep  40 | loss 0.4713 | task 0.4713 | train 83.4% | test 79.7%
Ep  41 | loss 0.4633 | task 0.4633 | train 83.5% | test 79.6%
Ep  42 | loss 0.4521 | task 0.4521 | train 83.9% | test 80.1%
Ep  43 | loss 0.4397 | task 0.4397 | train 84.2% | test 80.8%
Ep  44 | loss 0.4330 | task 0.4330 | train 84.5% | test 80.0%
Ep  45 | loss 0.4336 | task 0.4336 | train 84.3% | test 80.5%
Ep  46 | loss 0.4234 | task 0.4234 | train 84.8% | test 79.6%
Ep  47 | loss 0.4151 | task 0.4151 | train 85.1% | test 80.3%
Ep  48 | loss 0.4077 | task 0.4077 | train 85.2% | test 80.5%
Ep  49 | loss 0.3996 | task 0.3996 | train 85.8% | test 80.7%
Ep  50 | loss 0.3923 | task 0.3923 | train 85.9% | test 81.0%
Ep  51 | loss 0.3856 | task 0.3856 | train 86.1% | test 80.6%
Ep  52 | loss 0.3805 | task 0.3805 | train 86.3% | test 81.0%
Ep  53 | loss 0.3704 | task 0.3704 | train 86.6% | test 80.1%
Ep  54 | loss 0.3625 | task 0.3625 | train 87.0% | test 81.3%
Ep  55 | loss 0.3623 | task 0.3623 | train 86.8% | test 80.4%
Ep  56 | loss 0.3523 | task 0.3523 | train 87.3% | test 81.4%
Ep  57 | loss 0.3513 | task 0.3513 | train 87.4% | test 80.8%
Ep  58 | loss 0.3415 | task 0.3415 | train 87.7% | test 81.5%
Ep  59 | loss 0.3405 | task 0.3405 | train 87.6% | test 80.9%
Ep  60 | loss 0.3296 | task 0.3296 | train 88.2% | test 81.3%
Ep  61 | loss 0.3224 | task 0.3224 | train 88.2% | test 81.1%
Ep  62 | loss 0.3195 | task 0.3195 | train 88.5% | test 80.6%
Ep  63 | loss 0.3097 | task 0.3097 | train 88.7% | test 81.5%
Ep  64 | loss 0.3097 | task 0.3097 | train 88.8% | test 80.9%
Ep  65 | loss 0.3029 | task 0.3029 | train 89.1% | test 80.5%
Ep  66 | loss 0.2995 | task 0.2995 | train 89.1% | test 81.4%
Ep  67 | loss 0.2958 | task 0.2958 | train 89.4% | test 81.8%
Ep  68 | loss 0.2877 | task 0.2877 | train 89.6% | test 81.8%
Ep  69 | loss 0.2874 | task 0.2874 | train 89.6% | test 81.2%
Ep  70 | loss 0.2781 | task 0.2781 | train 90.0% | test 81.3%
Ep  71 | loss 0.2778 | task 0.2778 | train 90.0% | test 81.7%
Ep  72 | loss 0.2712 | task 0.2712 | train 90.2% | test 81.7%
Ep  73 | loss 0.2673 | task 0.2673 | train 90.3% | test 81.3%
Ep  74 | loss 0.2599 | task 0.2599 | train 90.7% | test 81.9%
Ep  75 | loss 0.2618 | task 0.2618 | train 90.6% | test 81.7%
Ep  76 | loss 0.2545 | task 0.2545 | train 90.9% | test 81.7%
Ep  77 | loss 0.2487 | task 0.2487 | train 90.9% | test 81.9%
Ep  78 | loss 0.2452 | task 0.2452 | train 91.1% | test 81.9%
Ep  79 | loss 0.2441 | task 0.2441 | train 91.2% | test 81.4%
Ep  80 | loss 0.2370 | task 0.2370 | train 91.4% | test 81.2%
Ep  81 | loss 0.2383 | task 0.2383 | train 91.4% | test 82.1%
Ep  82 | loss 0.2310 | task 0.2310 | train 91.7% | test 81.5%
Ep  83 | loss 0.2296 | task 0.2296 | train 91.6% | test 81.9%
Ep  84 | loss 0.2245 | task 0.2245 | train 91.9% | test 82.4%
Ep  85 | loss 0.2259 | task 0.2259 | train 91.8% | test 82.0%
Ep  86 | loss 0.2204 | task 0.2204 | train 92.1% | test 81.5%
Ep  87 | loss 0.2125 | task 0.2125 | train 92.3% | test 81.2%
Ep  88 | loss 0.2122 | task 0.2122 | train 92.4% | test 82.2%
Ep  89 | loss 0.2056 | task 0.2056 | train 92.6% | test 81.2%
Ep  90 | loss 0.2063 | task 0.2063 | train 92.5% | test 81.9%
Ep  91 | loss 0.2060 | task 0.2060 | train 92.6% | test 81.8%
Ep  92 | loss 0.1990 | task 0.1990 | train 92.7% | test 81.7%
Ep  93 | loss 0.1956 | task 0.1956 | train 93.0% | test 82.3%
Ep  94 | loss 0.1928 | task 0.1928 | train 93.0% | test 82.4%
Ep  95 | loss 0.1904 | task 0.1904 | train 93.2% | test 82.1%
Ep  96 | loss 0.1889 | task 0.1889 | train 93.0% | test 81.8%
Ep  97 | loss 0.1860 | task 0.1860 | train 93.2% | test 82.1%
Ep  98 | loss 0.1860 | task 0.1860 | train 93.4% | test 81.4%
Ep  99 | loss 0.1767 | task 0.1767 | train 93.6% | test 82.3%
Ep 100 | loss 0.1787 | task 0.1787 | train 93.6% | test 82.1%
Ep 101 | loss 0.1750 | task 0.1750 | train 93.7% | test 82.2%
Ep 102 | loss 0.1754 | task 0.1754 | train 93.7% | test 82.3%
Ep 103 | loss 0.1690 | task 0.1690 | train 93.8% | test 82.0%
Ep 104 | loss 0.1661 | task 0.1661 | train 94.1% | test 81.8%
Ep 105 | loss 0.1689 | task 0.1689 | train 93.9% | test 82.2%
Ep 106 | loss 0.1601 | task 0.1601 | train 94.3% | test 82.0%
Ep 107 | loss 0.1623 | task 0.1623 | train 94.2% | test 81.8%
Ep 108 | loss 0.1586 | task 0.1586 | train 94.2% | test 81.8%
Ep 109 | loss 0.1586 | task 0.1586 | train 94.4% | test 82.4%
Ep 110 | loss 0.1562 | task 0.1562 | train 94.4% | test 81.7%
Ep 111 | loss 0.1485 | task 0.1485 | train 94.6% | test 82.7%
Ep 112 | loss 0.1484 | task 0.1484 | train 94.5% | test 82.6%
Ep 113 | loss 0.1466 | task 0.1466 | train 94.7% | test 81.9%
Ep 114 | loss 0.1446 | task 0.1446 | train 94.9% | test 82.5%
Ep 115 | loss 0.1422 | task 0.1422 | train 94.8% | test 82.6%
Ep 116 | loss 0.1437 | task 0.1437 | train 94.9% | test 82.3%
Ep 117 | loss 0.1353 | task 0.1353 | train 95.0% | test 81.4%
Ep 118 | loss 0.1378 | task 0.1378 | train 95.2% | test 82.3%
Ep 119 | loss 0.1388 | task 0.1388 | train 95.1% | test 82.2%
Ep 120 | loss 0.1332 | task 0.1332 | train 95.1% | test 82.4%
Ep 121 | loss 0.1317 | task 0.1317 | train 95.1% | test 81.8%
Ep 122 | loss 0.1323 | task 0.1323 | train 95.3% | test 82.4%
Ep 123 | loss 0.1281 | task 0.1281 | train 95.4% | test 82.2%
Ep 124 | loss 0.1271 | task 0.1271 | train 95.4% | test 81.8%
Ep 125 | loss 0.1280 | task 0.1280 | train 95.3% | test 83.0%
Ep 126 | loss 0.1245 | task 0.1245 | train 95.6% | test 82.6%
Ep 127 | loss 0.1213 | task 0.1213 | train 95.6% | test 82.5%
Ep 128 | loss 0.1201 | task 0.1201 | train 95.8% | test 82.5%
Ep 129 | loss 0.1173 | task 0.1173 | train 95.8% | test 82.8%
Ep 130 | loss 0.1168 | task 0.1168 | train 95.8% | test 82.4%
Ep 131 | loss 0.1117 | task 0.1117 | train 96.0% | test 82.4%
Ep 132 | loss 0.1163 | task 0.1163 | train 95.8% | test 82.5%
Ep 133 | loss 0.1129 | task 0.1129 | train 95.9% | test 82.2%
Ep 134 | loss 0.1077 | task 0.1077 | train 96.1% | test 83.0%
Ep 135 | loss 0.1100 | task 0.1100 | train 96.0% | test 82.6%
Ep 136 | loss 0.1084 | task 0.1084 | train 96.1% | test 82.5%
Ep 137 | loss 0.1110 | task 0.1110 | train 96.0% | test 82.7%
Ep 138 | loss 0.1032 | task 0.1032 | train 96.4% | test 82.5%
Ep 139 | loss 0.1038 | task 0.1038 | train 96.3% | test 82.1%
Ep 140 | loss 0.1000 | task 0.1000 | train 96.4% | test 82.7%
Ep 141 | loss 0.1008 | task 0.1008 | train 96.5% | test 82.0%
Ep 142 | loss 0.1007 | task 0.1007 | train 96.4% | test 82.9%
Ep 143 | loss 0.0994 | task 0.0994 | train 96.4% | test 82.2%
Ep 144 | loss 0.0984 | task 0.0984 | train 96.5% | test 82.4%
Ep 145 | loss 0.0952 | task 0.0952 | train 96.6% | test 82.7%
Ep 146 | loss 0.0961 | task 0.0961 | train 96.5% | test 83.0%
Ep 147 | loss 0.0916 | task 0.0916 | train 96.7% | test 82.2%
Ep 148 | loss 0.0941 | task 0.0941 | train 96.6% | test 82.3%
Ep 149 | loss 0.0909 | task 0.0909 | train 96.8% | test 82.7%
Ep 150 | loss 0.0881 | task 0.0881 | train 96.9% | test 82.9%
Ep 151 | loss 0.0911 | task 0.0911 | train 96.7% | test 82.9%
Ep 152 | loss 0.0853 | task 0.0853 | train 97.0% | test 83.0%
Ep 153 | loss 0.0874 | task 0.0874 | train 97.0% | test 82.5%
Ep 154 | loss 0.0889 | task 0.0889 | train 96.8% | test 82.4%
Ep 155 | loss 0.0834 | task 0.0834 | train 97.0% | test 82.4%
Ep 156 | loss 0.0843 | task 0.0843 | train 97.1% | test 82.7%
Ep 157 | loss 0.0814 | task 0.0814 | train 97.1% | test 83.1%
Ep 158 | loss 0.0805 | task 0.0805 | train 97.1% | test 83.1%
Ep 159 | loss 0.0817 | task 0.0817 | train 97.2% | test 83.1%
Ep 160 | loss 0.0765 | task 0.0765 | train 97.3% | test 83.0%
Ep 161 | loss 0.0776 | task 0.0776 | train 97.3% | test 82.6%
Ep 162 | loss 0.0752 | task 0.0752 | train 97.3% | test 82.9%
Ep 163 | loss 0.0760 | task 0.0760 | train 97.3% | test 82.7%
Ep 164 | loss 0.0724 | task 0.0724 | train 97.5% | test 82.8%
Ep 165 | loss 0.0741 | task 0.0741 | train 97.4% | test 82.7%
Ep 166 | loss 0.0733 | task 0.0733 | train 97.4% | test 83.4%
Ep 167 | loss 0.0711 | task 0.0711 | train 97.5% | test 83.0%
Ep 168 | loss 0.0700 | task 0.0700 | train 97.6% | test 82.9%
Ep 169 | loss 0.0681 | task 0.0681 | train 97.5% | test 83.0%
Ep 170 | loss 0.0738 | task 0.0738 | train 97.4% | test 83.0%
Ep 171 | loss 0.0680 | task 0.0680 | train 97.6% | test 83.2%
Ep 172 | loss 0.0656 | task 0.0656 | train 97.7% | test 83.5%
Ep 173 | loss 0.0675 | task 0.0675 | train 97.6% | test 83.6%
Ep 174 | loss 0.0670 | task 0.0670 | train 97.6% | test 83.4%
Ep 175 | loss 0.0646 | task 0.0646 | train 97.7% | test 83.0%
Ep 176 | loss 0.0647 | task 0.0647 | train 97.7% | test 83.7%
Ep 177 | loss 0.0627 | task 0.0627 | train 97.8% | test 83.1%
Ep 178 | loss 0.0592 | task 0.0592 | train 97.9% | test 82.6%
Ep 179 | loss 0.0610 | task 0.0610 | train 97.9% | test 83.5%
Ep 180 | loss 0.0603 | task 0.0603 | train 97.9% | test 83.4%
Ep 181 | loss 0.0571 | task 0.0571 | train 98.0% | test 82.7%
Ep 182 | loss 0.0603 | task 0.0603 | train 97.9% | test 82.8%
Ep 183 | loss 0.0539 | task 0.0539 | train 98.1% | test 83.5%
Ep 184 | loss 0.0559 | task 0.0559 | train 98.0% | test 83.2%
Ep 185 | loss 0.0548 | task 0.0548 | train 98.1% | test 83.6%
Ep 186 | loss 0.0577 | task 0.0577 | train 98.0% | test 83.6%
Ep 187 | loss 0.0525 | task 0.0525 | train 98.1% | test 83.2%
Ep 188 | loss 0.0528 | task 0.0528 | train 98.2% | test 83.6%
Ep 189 | loss 0.0535 | task 0.0535 | train 98.1% | test 83.3%
Ep 190 | loss 0.0506 | task 0.0506 | train 98.2% | test 83.0%
Ep 191 | loss 0.0491 | task 0.0491 | train 98.3% | test 83.4%
Ep 192 | loss 0.0464 | task 0.0464 | train 98.3% | test 83.4%
Ep 193 | loss 0.0492 | task 0.0492 | train 98.2% | test 83.5%
Ep 194 | loss 0.0501 | task 0.0501 | train 98.2% | test 83.0%
Ep 195 | loss 0.0456 | task 0.0456 | train 98.4% | test 83.3%
Ep 196 | loss 0.0462 | task 0.0462 | train 98.4% | test 83.4%
Ep 197 | loss 0.0449 | task 0.0449 | train 98.4% | test 83.4%
Ep 198 | loss 0.0434 | task 0.0434 | train 98.5% | test 83.8%
Ep 199 | loss 0.0420 | task 0.0420 | train 98.6% | test 83.5%
Ep 200 | loss 0.0420 | task 0.0420 | train 98.5% | test 83.1%
Ep 201 | loss 0.0443 | task 0.0443 | train 98.4% | test 83.5%
Ep 202 | loss 0.0419 | task 0.0419 | train 98.6% | test 83.3%
Ep 203 | loss 0.0427 | task 0.0427 | train 98.5% | test 83.5%
Ep 204 | loss 0.0408 | task 0.0408 | train 98.6% | test 83.5%
Ep 205 | loss 0.0371 | task 0.0371 | train 98.7% | test 83.6%
Ep 206 | loss 0.0376 | task 0.0376 | train 98.7% | test 83.2%
Ep 207 | loss 0.0379 | task 0.0379 | train 98.7% | test 83.3%
Ep 208 | loss 0.0362 | task 0.0362 | train 98.8% | test 83.5%
Ep 209 | loss 0.0384 | task 0.0384 | train 98.7% | test 83.6%
Ep 210 | loss 0.0372 | task 0.0372 | train 98.7% | test 83.7%
Ep 211 | loss 0.0358 | task 0.0358 | train 98.8% | test 83.7%
Ep 212 | loss 0.0344 | task 0.0344 | train 98.8% | test 83.8%
Ep 213 | loss 0.0350 | task 0.0350 | train 98.8% | test 83.7%
Ep 214 | loss 0.0347 | task 0.0347 | train 98.8% | test 83.4%
Ep 215 | loss 0.0341 | task 0.0341 | train 98.8% | test 83.3%
Ep 216 | loss 0.0333 | task 0.0333 | train 98.8% | test 83.5%
Ep 217 | loss 0.0301 | task 0.0301 | train 99.0% | test 83.5%
Ep 218 | loss 0.0325 | task 0.0325 | train 98.9% | test 83.8%
Ep 219 | loss 0.0296 | task 0.0296 | train 99.0% | test 83.7%
Ep 220 | loss 0.0286 | task 0.0286 | train 99.0% | test 83.5%
Ep 221 | loss 0.0293 | task 0.0293 | train 98.9% | test 83.9%
Ep 222 | loss 0.0288 | task 0.0288 | train 99.0% | test 83.5%
Ep 223 | loss 0.0283 | task 0.0283 | train 99.0% | test 83.5%
Ep 224 | loss 0.0294 | task 0.0294 | train 99.0% | test 84.0%
Ep 225 | loss 0.0283 | task 0.0283 | train 99.0% | test 83.7%
Ep 226 | loss 0.0273 | task 0.0273 | train 99.0% | test 84.0%
Ep 227 | loss 0.0255 | task 0.0255 | train 99.1% | test 83.5%
Ep 228 | loss 0.0283 | task 0.0283 | train 99.0% | test 84.0%
Ep 229 | loss 0.0253 | task 0.0253 | train 99.1% | test 83.6%
Ep 230 | loss 0.0253 | task 0.0253 | train 99.2% | test 83.7%
Ep 231 | loss 0.0243 | task 0.0243 | train 99.2% | test 83.7%
Ep 232 | loss 0.0261 | task 0.0261 | train 99.1% | test 84.0%
Ep 233 | loss 0.0241 | task 0.0241 | train 99.2% | test 83.9%
Ep 234 | loss 0.0227 | task 0.0227 | train 99.2% | test 83.9%
Ep 235 | loss 0.0238 | task 0.0238 | train 99.2% | test 83.8%
Ep 236 | loss 0.0228 | task 0.0228 | train 99.2% | test 84.0%
Ep 237 | loss 0.0229 | task 0.0229 | train 99.2% | test 83.8%
Ep 238 | loss 0.0207 | task 0.0207 | train 99.3% | test 83.9%
Ep 239 | loss 0.0211 | task 0.0211 | train 99.3% | test 83.7%
Ep 240 | loss 0.0196 | task 0.0196 | train 99.3% | test 83.9%
Ep 241 | loss 0.0228 | task 0.0228 | train 99.2% | test 83.9%
Ep 242 | loss 0.0195 | task 0.0195 | train 99.3% | test 83.9%
Ep 243 | loss 0.0209 | task 0.0209 | train 99.3% | test 83.8%
Ep 244 | loss 0.0198 | task 0.0198 | train 99.3% | test 84.1%
Ep 245 | loss 0.0205 | task 0.0205 | train 99.3% | test 83.8%
Ep 246 | loss 0.0195 | task 0.0195 | train 99.3% | test 83.8%
Ep 247 | loss 0.0196 | task 0.0196 | train 99.3% | test 84.0%
Ep 248 | loss 0.0176 | task 0.0176 | train 99.4% | test 84.0%
Ep 249 | loss 0.0192 | task 0.0192 | train 99.4% | test 84.0%
Ep 250 | loss 0.0170 | task 0.0170 | train 99.4% | test 84.1%
Ep 251 | loss 0.0178 | task 0.0178 | train 99.4% | test 83.8%
Ep 252 | loss 0.0187 | task 0.0187 | train 99.3% | test 84.0%
Ep 253 | loss 0.0162 | task 0.0162 | train 99.4% | test 84.1%
Ep 254 | loss 0.0155 | task 0.0155 | train 99.5% | test 83.9%
Ep 255 | loss 0.0165 | task 0.0165 | train 99.5% | test 84.0%
Ep 256 | loss 0.0148 | task 0.0148 | train 99.5% | test 84.1%
Ep 257 | loss 0.0166 | task 0.0166 | train 99.4% | test 84.2%
Ep 258 | loss 0.0155 | task 0.0155 | train 99.5% | test 84.1%
Ep 259 | loss 0.0168 | task 0.0168 | train 99.4% | test 84.1%
Ep 260 | loss 0.0140 | task 0.0140 | train 99.6% | test 84.2%
Ep 261 | loss 0.0151 | task 0.0151 | train 99.5% | test 84.0%
Ep 262 | loss 0.0131 | task 0.0131 | train 99.5% | test 84.0%
Ep 263 | loss 0.0148 | task 0.0148 | train 99.5% | test 84.1%
Ep 264 | loss 0.0147 | task 0.0147 | train 99.5% | test 84.3%
Ep 265 | loss 0.0143 | task 0.0143 | train 99.5% | test 84.1%
Ep 266 | loss 0.0143 | task 0.0143 | train 99.5% | test 84.2%
Ep 267 | loss 0.0136 | task 0.0136 | train 99.6% | test 84.2%
Ep 268 | loss 0.0120 | task 0.0120 | train 99.6% | test 84.1%
Ep 269 | loss 0.0122 | task 0.0122 | train 99.6% | test 84.0%
Ep 270 | loss 0.0147 | task 0.0147 | train 99.5% | test 84.2%
Ep 271 | loss 0.0121 | task 0.0121 | train 99.6% | test 84.0%
Ep 272 | loss 0.0123 | task 0.0123 | train 99.6% | test 84.1%
Ep 273 | loss 0.0117 | task 0.0117 | train 99.6% | test 84.2%
Ep 274 | loss 0.0126 | task 0.0126 | train 99.5% | test 84.2%
Ep 275 | loss 0.0124 | task 0.0124 | train 99.6% | test 84.2%
Ep 276 | loss 0.0143 | task 0.0143 | train 99.5% | test 84.2%
Ep 277 | loss 0.0116 | task 0.0116 | train 99.6% | test 84.3%
Ep 278 | loss 0.0121 | task 0.0121 | train 99.6% | test 84.2%
Ep 279 | loss 0.0109 | task 0.0109 | train 99.6% | test 84.3%
Ep 280 | loss 0.0113 | task 0.0113 | train 99.6% | test 84.2%
Ep 281 | loss 0.0114 | task 0.0114 | train 99.6% | test 84.3%
Ep 282 | loss 0.0112 | task 0.0112 | train 99.6% | test 84.2%
Ep 283 | loss 0.0105 | task 0.0105 | train 99.6% | test 84.4%
Ep 284 | loss 0.0121 | task 0.0121 | train 99.6% | test 84.3%
Ep 285 | loss 0.0109 | task 0.0109 | train 99.6% | test 84.3%
Ep 286 | loss 0.0112 | task 0.0112 | train 99.6% | test 84.2%
Ep 287 | loss 0.0110 | task 0.0110 | train 99.6% | test 84.2%
Ep 288 | loss 0.0108 | task 0.0108 | train 99.6% | test 84.3%
Ep 289 | loss 0.0105 | task 0.0105 | train 99.6% | test 84.3%
Ep 290 | loss 0.0110 | task 0.0110 | train 99.6% | test 84.3%
Ep 291 | loss 0.0110 | task 0.0110 | train 99.6% | test 84.2%
Ep 292 | loss 0.0114 | task 0.0114 | train 99.6% | test 84.2%
Ep 293 | loss 0.0110 | task 0.0110 | train 99.6% | test 84.3%
Ep 294 | loss 0.0101 | task 0.0101 | train 99.6% | test 84.2%
Ep 295 | loss 0.0100 | task 0.0100 | train 99.7% | test 84.3%
Ep 296 | loss 0.0102 | task 0.0102 | train 99.7% | test 84.3%
Ep 297 | loss 0.0110 | task 0.0110 | train 99.6% | test 84.3%
Ep 298 | loss 0.0108 | task 0.0108 | train 99.6% | test 84.3%
Ep 299 | loss 0.0111 | task 0.0111 | train 99.6% | test 84.3%
Ep 300 | loss 0.0097 | task 0.0097 | train 99.7% | test 84.3%
Saved checkpoint to base_dim192_K4_300ep.pt
