/home/ec2-user/dev/ugh/.venv/lib/python3.13/site-packages/torchvision/datasets/cifar.py:83: VisibleDeprecationWarning: dtype(): align should be passed as Python or NumPy boolean but got `align=0`. Did you mean to pass a tuple to create a subarray type? (Deprecated NumPy 2.4)
  entry = pickle.load(f, encoding="latin1")
Model: baseline | Params: 914,122 | K=2 | blocks/unit=-
----------------------------------------------------------------------
  step 100/391 | loss 1.9600 | acc 26.8% | 3s elapsed | eta 7s
  step 200/391 | loss 1.8697 | acc 30.1% | 4s elapsed | eta 4s
  step 300/391 | loss 1.8043 | acc 32.7% | 6s elapsed | eta 2s
Ep   1 | loss 1.7551 | task 1.7551 | train 34.8% | test 43.9% | 7s
  step 100/391 | loss 1.5395 | acc 43.4% | 1s elapsed | eta 4s
  step 200/391 | loss 1.5312 | acc 43.5% | 2s elapsed | eta 2s
  step 300/391 | loss 1.5007 | acc 45.1% | 3s elapsed | eta 1s
Ep   2 | loss 1.4851 | task 1.4851 | train 45.6% | test 50.7% | 5s
  step 100/391 | loss 1.3928 | acc 49.6% | 1s elapsed | eta 4s
  step 200/391 | loss 1.3781 | acc 50.1% | 2s elapsed | eta 2s
  step 300/391 | loss 1.3612 | acc 50.7% | 4s elapsed | eta 1s
Ep   3 | loss 1.3547 | task 1.3547 | train 50.9% | test 51.7% | 6s
  step 100/391 | loss 1.2999 | acc 53.3% | 2s elapsed | eta 6s
  step 200/391 | loss 1.2984 | acc 53.1% | 4s elapsed | eta 4s
  step 300/391 | loss 1.2845 | acc 53.5% | 5s elapsed | eta 2s
Ep   4 | loss 1.2836 | task 1.2836 | train 53.4% | test 56.5% | 8s
  step 100/391 | loss 1.2414 | acc 54.8% | 1s elapsed | eta 4s
  step 200/391 | loss 1.2322 | acc 55.0% | 3s elapsed | eta 2s
  step 300/391 | loss 1.2259 | acc 55.5% | 4s elapsed | eta 1s
Ep   5 | loss 1.2220 | task 1.2220 | train 55.7% | test 59.2% | 6s
  step 100/391 | loss 1.1925 | acc 56.8% | 1s elapsed | eta 4s
  step 200/391 | loss 1.1783 | acc 57.4% | 2s elapsed | eta 2s
  step 300/391 | loss 1.1808 | acc 57.4% | 4s elapsed | eta 1s
Ep   6 | loss 1.1751 | task 1.1751 | train 57.7% | test 59.4% | 6s
  step 100/391 | loss 1.1424 | acc 59.0% | 2s elapsed | eta 5s
  step 200/391 | loss 1.1405 | acc 58.9% | 3s elapsed | eta 3s
  step 300/391 | loss 1.1396 | acc 58.9% | 5s elapsed | eta 1s
Ep   7 | loss 1.1357 | task 1.1357 | train 58.9% | test 62.9% | 8s
  step 100/391 | loss 1.1137 | acc 60.0% | 2s elapsed | eta 6s
  step 200/391 | loss 1.1143 | acc 59.7% | 4s elapsed | eta 4s
  step 300/391 | loss 1.1046 | acc 60.0% | 5s elapsed | eta 2s
Ep   8 | loss 1.1033 | task 1.1033 | train 60.2% | test 62.5% | 7s
  step 100/391 | loss 1.0613 | acc 61.6% | 1s elapsed | eta 4s
  step 200/391 | loss 1.0654 | acc 61.5% | 2s elapsed | eta 2s
  step 300/391 | loss 1.0674 | acc 61.5% | 3s elapsed | eta 1s
Ep   9 | loss 1.0679 | task 1.0679 | train 61.6% | test 63.9% | 5s
  step 100/391 | loss 1.0284 | acc 62.7% | 1s elapsed | eta 3s
  step 200/391 | loss 1.0320 | acc 62.7% | 2s elapsed | eta 2s
  step 300/391 | loss 1.0414 | acc 62.6% | 3s elapsed | eta 1s
Ep  10 | loss 1.0401 | task 1.0401 | train 62.4% | test 64.8% | 5s
  step 100/391 | loss 1.0219 | acc 63.3% | 2s elapsed | eta 6s
  step 200/391 | loss 1.0205 | acc 63.3% | 3s elapsed | eta 3s
  step 300/391 | loss 1.0210 | acc 63.3% | 5s elapsed | eta 2s
Ep  11 | loss 1.0184 | task 1.0184 | train 63.5% | test 65.2% | 8s
  step 100/391 | loss 0.9925 | acc 64.1% | 2s elapsed | eta 5s
  step 200/391 | loss 1.0017 | acc 64.0% | 3s elapsed | eta 3s
  step 300/391 | loss 0.9993 | acc 64.2% | 4s elapsed | eta 1s
Ep  12 | loss 0.9970 | task 0.9970 | train 64.2% | test 67.0% | 6s
  step 100/391 | loss 0.9823 | acc 64.6% | 1s elapsed | eta 4s
  step 200/391 | loss 0.9790 | acc 64.8% | 2s elapsed | eta 2s
  step 300/391 | loss 0.9792 | acc 65.0% | 3s elapsed | eta 1s
Ep  13 | loss 0.9789 | task 0.9789 | train 65.1% | test 66.7% | 5s
  step 100/391 | loss 0.9507 | acc 65.5% | 1s elapsed | eta 4s
  step 200/391 | loss 0.9554 | acc 65.7% | 3s elapsed | eta 2s
  step 300/391 | loss 0.9593 | acc 65.7% | 4s elapsed | eta 1s
Ep  14 | loss 0.9568 | task 0.9568 | train 65.9% | test 67.9% | 6s
  step 100/391 | loss 0.9298 | acc 66.9% | 2s elapsed | eta 6s
  step 200/391 | loss 0.9354 | acc 66.6% | 3s elapsed | eta 3s
  step 300/391 | loss 0.9365 | acc 66.5% | 5s elapsed | eta 2s
Ep  15 | loss 0.9369 | task 0.9369 | train 66.5% | test 68.0% | 9s
  step 100/391 | loss 0.9097 | acc 67.1% | 2s elapsed | eta 6s
  step 200/391 | loss 0.9178 | acc 66.9% | 3s elapsed | eta 3s
  step 300/391 | loss 0.9156 | acc 67.0% | 5s elapsed | eta 1s
Ep  16 | loss 0.9202 | task 0.9202 | train 66.9% | test 67.5% | 7s
  step 100/391 | loss 0.9039 | acc 68.0% | 1s elapsed | eta 4s
  step 200/391 | loss 0.8948 | acc 68.3% | 2s elapsed | eta 2s
  step 300/391 | loss 0.9005 | acc 68.1% | 3s elapsed | eta 1s
Ep  17 | loss 0.9024 | task 0.9024 | train 68.0% | test 69.2% | 5s
  step 100/391 | loss 0.8700 | acc 68.9% | 1s elapsed | eta 3s
  step 200/391 | loss 0.8835 | acc 68.4% | 2s elapsed | eta 2s
  step 300/391 | loss 0.8845 | acc 68.4% | 3s elapsed | eta 1s
Ep  18 | loss 0.8892 | task 0.8892 | train 68.2% | test 68.8% | 5s
  step 100/391 | loss 0.8607 | acc 69.3% | 2s elapsed | eta 6s
  step 200/391 | loss 0.8660 | acc 69.0% | 4s elapsed | eta 3s
  step 300/391 | loss 0.8731 | acc 69.0% | 5s elapsed | eta 2s
Ep  19 | loss 0.8762 | task 0.8762 | train 68.8% | test 69.8% | 8s
  step 100/391 | loss 0.8614 | acc 69.4% | 2s elapsed | eta 6s
  step 200/391 | loss 0.8647 | acc 69.4% | 3s elapsed | eta 3s
  step 300/391 | loss 0.8647 | acc 69.4% | 4s elapsed | eta 1s
Ep  20 | loss 0.8667 | task 0.8667 | train 69.4% | test 69.8% | 6s
  step 100/391 | loss 0.8486 | acc 69.5% | 1s elapsed | eta 4s
  step 200/391 | loss 0.8516 | acc 69.3% | 2s elapsed | eta 2s
  step 300/391 | loss 0.8516 | acc 69.5% | 3s elapsed | eta 1s
Ep  21 | loss 0.8541 | task 0.8541 | train 69.5% | test 71.2% | 5s
  step 100/391 | loss 0.8409 | acc 69.9% | 1s elapsed | eta 4s
  step 200/391 | loss 0.8402 | acc 70.0% | 2s elapsed | eta 2s
  step 300/391 | loss 0.8425 | acc 70.0% | 3s elapsed | eta 1s
Ep  22 | loss 0.8439 | task 0.8439 | train 70.0% | test 71.1% | 6s
  step 100/391 | loss 0.8289 | acc 70.5% | 2s elapsed | eta 5s
  step 200/391 | loss 0.8340 | acc 70.4% | 3s elapsed | eta 3s
  step 300/391 | loss 0.8305 | acc 70.8% | 5s elapsed | eta 2s
Ep  23 | loss 0.8254 | task 0.8254 | train 70.8% | test 70.8% | 8s
  step 100/391 | loss 0.8119 | acc 70.8% | 2s elapsed | eta 5s
  step 200/391 | loss 0.8147 | acc 70.9% | 3s elapsed | eta 3s
  step 300/391 | loss 0.8126 | acc 71.1% | 4s elapsed | eta 1s
Ep  24 | loss 0.8123 | task 0.8123 | train 71.1% | test 72.9% | 6s
  step 100/391 | loss 0.8149 | acc 71.1% | 1s elapsed | eta 4s
  step 200/391 | loss 0.8083 | acc 71.2% | 2s elapsed | eta 2s
  step 300/391 | loss 0.8074 | acc 71.2% | 3s elapsed | eta 1s
Ep  25 | loss 0.8068 | task 0.8068 | train 71.2% | test 71.5% | 5s
  step 100/391 | loss 0.7822 | acc 71.9% | 1s elapsed | eta 4s
  step 200/391 | loss 0.7870 | acc 71.7% | 2s elapsed | eta 2s
  step 300/391 | loss 0.7920 | acc 71.7% | 4s elapsed | eta 1s
Ep  26 | loss 0.7943 | task 0.7943 | train 71.6% | test 71.6% | 6s
  step 100/391 | loss 0.7827 | acc 72.0% | 2s elapsed | eta 4s
  step 200/391 | loss 0.7779 | acc 72.1% | 3s elapsed | eta 3s
  step 300/391 | loss 0.7842 | acc 72.0% | 5s elapsed | eta 1s
Ep  27 | loss 0.7867 | task 0.7867 | train 71.9% | test 73.3% | 7s
  step 100/391 | loss 0.7560 | acc 73.2% | 2s elapsed | eta 6s
  step 200/391 | loss 0.7655 | acc 72.7% | 4s elapsed | eta 3s
  step 300/391 | loss 0.7684 | acc 72.6% | 5s elapsed | eta 2s
Ep  28 | loss 0.7729 | task 0.7729 | train 72.6% | test 73.0% | 7s
  step 100/391 | loss 0.7572 | acc 73.3% | 1s elapsed | eta 4s
  step 200/391 | loss 0.7620 | acc 72.9% | 2s elapsed | eta 2s
  step 300/391 | loss 0.7658 | acc 72.6% | 3s elapsed | eta 1s
Ep  29 | loss 0.7719 | task 0.7719 | train 72.4% | test 72.7% | 5s
  step 100/391 | loss 0.7444 | acc 73.2% | 1s elapsed | eta 3s
  step 200/391 | loss 0.7563 | acc 72.8% | 2s elapsed | eta 2s
  step 300/391 | loss 0.7584 | acc 73.0% | 4s elapsed | eta 1s
Ep  30 | loss 0.7567 | task 0.7567 | train 73.1% | test 73.7% | 6s
  step 100/391 | loss 0.7374 | acc 73.7% | 2s elapsed | eta 5s
  step 200/391 | loss 0.7496 | acc 73.3% | 3s elapsed | eta 3s
  step 300/391 | loss 0.7524 | acc 73.2% | 4s elapsed | eta 1s
Ep  31 | loss 0.7536 | task 0.7536 | train 73.1% | test 73.9% | 6s
  step 100/391 | loss 0.7199 | acc 74.2% | 2s elapsed | eta 5s
  step 200/391 | loss 0.7353 | acc 73.8% | 3s elapsed | eta 2s
  step 300/391 | loss 0.7370 | acc 73.7% | 3s elapsed | eta 1s
Ep  32 | loss 0.7405 | task 0.7405 | train 73.7% | test 74.1% | 4s
  step 100/391 | loss 0.7132 | acc 74.5% | 1s elapsed | eta 4s
  step 200/391 | loss 0.7204 | acc 74.3% | 3s elapsed | eta 3s
  step 300/391 | loss 0.7237 | acc 74.2% | 4s elapsed | eta 1s
Ep  33 | loss 0.7275 | task 0.7275 | train 74.0% | test 73.8% | 6s
  step 100/391 | loss 0.7162 | acc 74.4% | 1s elapsed | eta 3s
  step 200/391 | loss 0.7173 | acc 74.2% | 2s elapsed | eta 2s
  step 300/391 | loss 0.7200 | acc 74.3% | 2s elapsed | eta 1s
Ep  34 | loss 0.7251 | task 0.7251 | train 74.1% | test 74.5% | 4s
  step 100/391 | loss 0.7074 | acc 74.7% | 1s elapsed | eta 3s
  step 200/391 | loss 0.7158 | acc 74.4% | 2s elapsed | eta 2s
  step 300/391 | loss 0.7135 | acc 74.6% | 2s elapsed | eta 1s
Ep  35 | loss 0.7151 | task 0.7151 | train 74.4% | test 74.8% | 3s
  step 100/391 | loss 0.6945 | acc 75.5% | 1s elapsed | eta 4s
  step 200/391 | loss 0.7111 | acc 74.9% | 2s elapsed | eta 2s
  step 300/391 | loss 0.7120 | acc 74.8% | 2s elapsed | eta 1s
Ep  36 | loss 0.7095 | task 0.7095 | train 74.8% | test 74.5% | 4s
  step 100/391 | loss 0.6877 | acc 75.6% | 1s elapsed | eta 3s
  step 200/391 | loss 0.6925 | acc 75.4% | 2s elapsed | eta 2s
  step 300/391 | loss 0.6952 | acc 75.3% | 2s elapsed | eta 1s
Ep  37 | loss 0.7018 | task 0.7018 | train 75.1% | test 74.6% | 4s
  step 100/391 | loss 0.6909 | acc 75.8% | 1s elapsed | eta 4s
  step 200/391 | loss 0.6852 | acc 75.9% | 2s elapsed | eta 2s
  step 300/391 | loss 0.6859 | acc 75.8% | 2s elapsed | eta 1s
Ep  38 | loss 0.6896 | task 0.6896 | train 75.6% | test 74.8% | 4s
  step 100/391 | loss 0.6811 | acc 76.0% | 1s elapsed | eta 3s
  step 200/391 | loss 0.6740 | acc 76.1% | 2s elapsed | eta 2s
  step 300/391 | loss 0.6832 | acc 75.7% | 2s elapsed | eta 1s
Ep  39 | loss 0.6853 | task 0.6853 | train 75.7% | test 74.6% | 3s
  step 100/391 | loss 0.6738 | acc 76.1% | 1s elapsed | eta 3s
  step 200/391 | loss 0.6741 | acc 76.0% | 2s elapsed | eta 2s
  step 300/391 | loss 0.6745 | acc 76.1% | 2s elapsed | eta 1s
Ep  40 | loss 0.6794 | task 0.6794 | train 75.9% | test 74.5% | 3s
  step 100/391 | loss 0.6648 | acc 75.9% | 1s elapsed | eta 3s
  step 200/391 | loss 0.6681 | acc 75.8% | 2s elapsed | eta 1s
  step 300/391 | loss 0.6666 | acc 76.1% | 2s elapsed | eta 1s
Ep  41 | loss 0.6713 | task 0.6713 | train 76.0% | test 75.7% | 3s
  step 100/391 | loss 0.6470 | acc 76.8% | 1s elapsed | eta 2s
  step 200/391 | loss 0.6670 | acc 76.0% | 1s elapsed | eta 1s
  step 300/391 | loss 0.6660 | acc 76.1% | 2s elapsed | eta 1s
Ep  42 | loss 0.6665 | task 0.6665 | train 76.1% | test 75.5% | 3s
  step 100/391 | loss 0.6438 | acc 76.9% | 1s elapsed | eta 2s
  step 200/391 | loss 0.6484 | acc 76.6% | 1s elapsed | eta 1s
  step 300/391 | loss 0.6491 | acc 76.7% | 2s elapsed | eta 1s
Ep  43 | loss 0.6521 | task 0.6521 | train 76.6% | test 74.8% | 3s
  step 100/391 | loss 0.6630 | acc 76.6% | 1s elapsed | eta 2s
  step 200/391 | loss 0.6640 | acc 76.5% | 1s elapsed | eta 1s
  step 300/391 | loss 0.6654 | acc 76.3% | 2s elapsed | eta 1s
Ep  44 | loss 0.6615 | task 0.6615 | train 76.3% | test 75.5% | 3s
  step 100/391 | loss 0.6340 | acc 77.5% | 1s elapsed | eta 4s
  step 200/391 | loss 0.6430 | acc 77.1% | 2s elapsed | eta 2s
  step 300/391 | loss 0.6471 | acc 77.0% | 3s elapsed | eta 1s
Ep  45 | loss 0.6502 | task 0.6502 | train 76.9% | test 76.0% | 4s
  step 100/391 | loss 0.6297 | acc 77.6% | 1s elapsed | eta 3s
  step 200/391 | loss 0.6329 | acc 77.4% | 2s elapsed | eta 2s
  step 300/391 | loss 0.6388 | acc 77.0% | 2s elapsed | eta 1s
Ep  46 | loss 0.6423 | task 0.6423 | train 76.9% | test 76.3% | 4s
  step 100/391 | loss 0.6247 | acc 77.6% | 1s elapsed | eta 4s
  step 200/391 | loss 0.6268 | acc 77.7% | 2s elapsed | eta 2s
  step 300/391 | loss 0.6318 | acc 77.5% | 2s elapsed | eta 1s
Ep  47 | loss 0.6322 | task 0.6322 | train 77.5% | test 76.8% | 4s
  step 100/391 | loss 0.6314 | acc 77.6% | 1s elapsed | eta 3s
  step 200/391 | loss 0.6316 | acc 77.5% | 1s elapsed | eta 1s
  step 300/391 | loss 0.6340 | acc 77.4% | 2s elapsed | eta 1s
Ep  48 | loss 0.6344 | task 0.6344 | train 77.3% | test 76.2% | 3s
  step 100/391 | loss 0.6301 | acc 77.1% | 1s elapsed | eta 3s
  step 200/391 | loss 0.6202 | acc 77.6% | 2s elapsed | eta 2s
  step 300/391 | loss 0.6242 | acc 77.6% | 2s elapsed | eta 1s
Ep  49 | loss 0.6238 | task 0.6238 | train 77.6% | test 75.9% | 3s
  step 100/391 | loss 0.6074 | acc 78.3% | 1s elapsed | eta 3s
  step 200/391 | loss 0.6126 | acc 78.2% | 2s elapsed | eta 2s
  step 300/391 | loss 0.6174 | acc 77.9% | 2s elapsed | eta 1s
Ep  50 | loss 0.6208 | task 0.6208 | train 77.8% | test 76.0% | 3s
  step 100/391 | loss 0.6035 | acc 78.1% | 1s elapsed | eta 4s
  step 200/391 | loss 0.6103 | acc 77.9% | 2s elapsed | eta 2s
  step 300/391 | loss 0.6128 | acc 77.9% | 2s elapsed | eta 1s
Ep  51 | loss 0.6152 | task 0.6152 | train 77.8% | test 76.2% | 4s
  step 100/391 | loss 0.6066 | acc 78.2% | 1s elapsed | eta 3s
  step 200/391 | loss 0.6025 | acc 78.5% | 2s elapsed | eta 2s
  step 300/391 | loss 0.6082 | acc 78.4% | 2s elapsed | eta 1s
Ep  52 | loss 0.6105 | task 0.6105 | train 78.3% | test 76.7% | 4s
  step 100/391 | loss 0.5898 | acc 78.8% | 1s elapsed | eta 3s
  step 200/391 | loss 0.5901 | acc 78.7% | 2s elapsed | eta 2s
  step 300/391 | loss 0.5940 | acc 78.5% | 2s elapsed | eta 1s
Ep  53 | loss 0.5994 | task 0.5994 | train 78.3% | test 76.5% | 3s
  step 100/391 | loss 0.5824 | acc 79.0% | 1s elapsed | eta 2s
  step 200/391 | loss 0.5936 | acc 78.6% | 1s elapsed | eta 1s
  step 300/391 | loss 0.5985 | acc 78.6% | 2s elapsed | eta 1s
Ep  54 | loss 0.6001 | task 0.6001 | train 78.5% | test 75.9% | 3s
  step 100/391 | loss 0.5767 | acc 79.5% | 1s elapsed | eta 2s
  step 200/391 | loss 0.5887 | acc 79.1% | 1s elapsed | eta 1s
  step 300/391 | loss 0.5951 | acc 78.8% | 2s elapsed | eta 1s
Ep  55 | loss 0.5992 | task 0.5992 | train 78.6% | test 76.3% | 3s
  step 100/391 | loss 0.5889 | acc 78.9% | 1s elapsed | eta 2s
  step 200/391 | loss 0.5872 | acc 79.1% | 1s elapsed | eta 1s
  step 300/391 | loss 0.5905 | acc 78.8% | 2s elapsed | eta 1s
Ep  56 | loss 0.5930 | task 0.5930 | train 78.7% | test 76.9% | 3s
  step 100/391 | loss 0.5545 | acc 80.4% | 1s elapsed | eta 2s
  step 200/391 | loss 0.5757 | acc 79.4% | 1s elapsed | eta 1s
  step 300/391 | loss 0.5772 | acc 79.3% | 2s elapsed | eta 1s
Ep  57 | loss 0.5807 | task 0.5807 | train 79.1% | test 76.8% | 3s
  step 100/391 | loss 0.5786 | acc 79.2% | 1s elapsed | eta 2s
  step 200/391 | loss 0.5828 | acc 79.2% | 1s elapsed | eta 1s
  step 300/391 | loss 0.5826 | acc 79.2% | 2s elapsed | eta 1s
Ep  58 | loss 0.5849 | task 0.5849 | train 79.1% | test 77.3% | 3s
  step 100/391 | loss 0.5605 | acc 79.8% | 1s elapsed | eta 2s
  step 200/391 | loss 0.5678 | acc 79.6% | 1s elapsed | eta 1s
  step 300/391 | loss 0.5691 | acc 79.5% | 2s elapsed | eta 1s
Ep  59 | loss 0.5737 | task 0.5737 | train 79.4% | test 76.8% | 3s
  step 100/391 | loss 0.5557 | acc 79.7% | 1s elapsed | eta 2s
  step 200/391 | loss 0.5634 | acc 79.8% | 1s elapsed | eta 1s
  step 300/391 | loss 0.5658 | acc 79.7% | 2s elapsed | eta 1s
Ep  60 | loss 0.5712 | task 0.5712 | train 79.6% | test 77.3% | 3s
  step 100/391 | loss 0.5515 | acc 80.1% | 1s elapsed | eta 2s
  step 200/391 | loss 0.5554 | acc 80.0% | 1s elapsed | eta 1s
  step 300/391 | loss 0.5622 | acc 79.7% | 2s elapsed | eta 1s
Ep  61 | loss 0.5646 | task 0.5646 | train 79.7% | test 77.3% | 4s
  step 100/391 | loss 0.5412 | acc 80.7% | 1s elapsed | eta 4s
  step 200/391 | loss 0.5528 | acc 80.1% | 2s elapsed | eta 2s
  step 300/391 | loss 0.5597 | acc 80.0% | 4s elapsed | eta 1s
Ep  62 | loss 0.5610 | task 0.5610 | train 79.9% | test 76.6% | 6s
  step 100/391 | loss 0.5522 | acc 80.3% | 2s elapsed | eta 5s
  step 200/391 | loss 0.5468 | acc 80.2% | 3s elapsed | eta 3s
  step 300/391 | loss 0.5518 | acc 80.1% | 4s elapsed | eta 1s
Ep  63 | loss 0.5557 | task 0.5557 | train 79.9% | test 76.8% | 7s
  step 100/391 | loss 0.5421 | acc 80.5% | 2s elapsed | eta 5s
  step 200/391 | loss 0.5507 | acc 80.2% | 3s elapsed | eta 3s
  step 300/391 | loss 0.5530 | acc 80.1% | 5s elapsed | eta 2s
Ep  64 | loss 0.5564 | task 0.5564 | train 79.9% | test 77.2% | 7s
  step 100/391 | loss 0.5454 | acc 80.7% | 2s elapsed | eta 5s
  step 200/391 | loss 0.5501 | acc 80.4% | 3s elapsed | eta 3s
  step 300/391 | loss 0.5456 | acc 80.5% | 4s elapsed | eta 1s
Ep  65 | loss 0.5519 | task 0.5519 | train 80.3% | test 77.0% | 7s
  step 100/391 | loss 0.5350 | acc 81.0% | 2s elapsed | eta 5s
  step 200/391 | loss 0.5423 | acc 80.7% | 3s elapsed | eta 3s
  step 300/391 | loss 0.5473 | acc 80.4% | 5s elapsed | eta 2s
Ep  66 | loss 0.5457 | task 0.5457 | train 80.4% | test 77.4% | 8s
  step 100/391 | loss 0.5200 | acc 81.5% | 2s elapsed | eta 6s
  step 200/391 | loss 0.5316 | acc 80.8% | 3s elapsed | eta 3s
  step 300/391 | loss 0.5344 | acc 80.7% | 5s elapsed | eta 2s
Ep  67 | loss 0.5372 | task 0.5372 | train 80.7% | test 76.9% | 8s
  step 100/391 | loss 0.5204 | acc 81.6% | 2s elapsed | eta 5s
  step 200/391 | loss 0.5308 | acc 81.1% | 3s elapsed | eta 3s
  step 300/391 | loss 0.5353 | acc 80.9% | 5s elapsed | eta 2s
Ep  68 | loss 0.5369 | task 0.5369 | train 80.8% | test 77.2% | 8s
  step 100/391 | loss 0.5258 | acc 81.3% | 2s elapsed | eta 5s
  step 200/391 | loss 0.5282 | acc 81.1% | 3s elapsed | eta 3s
  step 300/391 | loss 0.5309 | acc 81.1% | 5s elapsed | eta 1s
Ep  69 | loss 0.5322 | task 0.5322 | train 81.1% | test 77.1% | 8s
  step 100/391 | loss 0.5113 | acc 81.2% | 2s elapsed | eta 5s
  step 200/391 | loss 0.5167 | acc 81.1% | 3s elapsed | eta 3s
  step 300/391 | loss 0.5213 | acc 81.0% | 5s elapsed | eta 1s
Ep  70 | loss 0.5262 | task 0.5262 | train 80.9% | test 77.5% | 8s
  step 100/391 | loss 0.5086 | acc 81.8% | 2s elapsed | eta 6s
  step 200/391 | loss 0.5113 | acc 81.8% | 4s elapsed | eta 4s
  step 300/391 | loss 0.5164 | acc 81.5% | 6s elapsed | eta 2s
Ep  71 | loss 0.5199 | task 0.5199 | train 81.3% | test 78.2% | 9s
  step 100/391 | loss 0.5113 | acc 81.7% | 2s elapsed | eta 6s
  step 200/391 | loss 0.5081 | acc 81.9% | 3s elapsed | eta 3s
  step 300/391 | loss 0.5100 | acc 81.7% | 5s elapsed | eta 1s
Ep  72 | loss 0.5158 | task 0.5158 | train 81.3% | test 78.2% | 7s
  step 100/391 | loss 0.5061 | acc 81.9% | 1s elapsed | eta 4s
  step 200/391 | loss 0.5146 | acc 81.6% | 3s elapsed | eta 2s
  step 300/391 | loss 0.5156 | acc 81.5% | 4s elapsed | eta 1s
Ep  73 | loss 0.5188 | task 0.5188 | train 81.3% | test 77.3% | 6s
  step 100/391 | loss 0.5014 | acc 82.2% | 1s elapsed | eta 4s
  step 200/391 | loss 0.5066 | acc 81.8% | 3s elapsed | eta 3s
  step 300/391 | loss 0.5097 | acc 81.7% | 4s elapsed | eta 1s
Ep  74 | loss 0.5135 | task 0.5135 | train 81.6% | test 77.5% | 6s
  step 100/391 | loss 0.4847 | acc 82.6% | 2s elapsed | eta 5s
  step 200/391 | loss 0.5001 | acc 82.0% | 4s elapsed | eta 4s
  step 300/391 | loss 0.5078 | acc 81.8% | 6s elapsed | eta 2s
Ep  75 | loss 0.5105 | task 0.5105 | train 81.8% | test 77.7% | 9s
  step 100/391 | loss 0.4948 | acc 82.4% | 2s elapsed | eta 6s
  step 200/391 | loss 0.4944 | acc 82.3% | 3s elapsed | eta 3s
  step 300/391 | loss 0.4991 | acc 82.1% | 5s elapsed | eta 1s
Ep  76 | loss 0.5037 | task 0.5037 | train 81.9% | test 78.4% | 7s
  step 100/391 | loss 0.4775 | acc 82.7% | 1s elapsed | eta 4s
  step 200/391 | loss 0.4912 | acc 82.0% | 2s elapsed | eta 2s
  step 300/391 | loss 0.4971 | acc 81.9% | 3s elapsed | eta 1s
Ep  77 | loss 0.4979 | task 0.4979 | train 81.9% | test 78.0% | 5s
  step 100/391 | loss 0.4810 | acc 82.7% | 1s elapsed | eta 4s
  step 200/391 | loss 0.4834 | acc 82.5% | 2s elapsed | eta 2s
  step 300/391 | loss 0.4895 | acc 82.4% | 3s elapsed | eta 1s
Ep  78 | loss 0.4937 | task 0.4937 | train 82.3% | test 78.1% | 6s
  step 100/391 | loss 0.5013 | acc 81.7% | 2s elapsed | eta 5s
  step 200/391 | loss 0.4959 | acc 82.0% | 4s elapsed | eta 4s
  step 300/391 | loss 0.4910 | acc 82.2% | 6s elapsed | eta 2s
Ep  79 | loss 0.4936 | task 0.4936 | train 82.1% | test 78.5% | 10s
  step 100/391 | loss 0.4725 | acc 82.9% | 2s elapsed | eta 6s
  step 200/391 | loss 0.4848 | acc 82.5% | 3s elapsed | eta 3s
  step 300/391 | loss 0.4850 | acc 82.6% | 5s elapsed | eta 1s
Ep  80 | loss 0.4868 | task 0.4868 | train 82.6% | test 77.8% | 7s
  step 100/391 | loss 0.4671 | acc 83.3% | 1s elapsed | eta 4s
  step 200/391 | loss 0.4770 | acc 82.8% | 2s elapsed | eta 2s
  step 300/391 | loss 0.4837 | acc 82.5% | 4s elapsed | eta 1s
Ep  81 | loss 0.4867 | task 0.4867 | train 82.4% | test 78.2% | 6s
  step 100/391 | loss 0.4689 | acc 83.3% | 1s elapsed | eta 4s
  step 200/391 | loss 0.4844 | acc 82.7% | 3s elapsed | eta 2s
  step 300/391 | loss 0.4867 | acc 82.6% | 4s elapsed | eta 1s
Ep  82 | loss 0.4887 | task 0.4887 | train 82.4% | test 78.3% | 7s
  step 100/391 | loss 0.4756 | acc 82.8% | 2s elapsed | eta 6s
  step 200/391 | loss 0.4773 | acc 82.6% | 4s elapsed | eta 4s
  step 300/391 | loss 0.4770 | acc 82.6% | 7s elapsed | eta 2s
Ep  83 | loss 0.4802 | task 0.4802 | train 82.6% | test 78.3% | 9s
  step 100/391 | loss 0.4509 | acc 83.5% | 2s elapsed | eta 5s
  step 200/391 | loss 0.4617 | acc 83.1% | 3s elapsed | eta 3s
  step 300/391 | loss 0.4684 | acc 82.9% | 5s elapsed | eta 1s
Ep  84 | loss 0.4699 | task 0.4699 | train 82.9% | test 78.0% | 7s
  step 100/391 | loss 0.4563 | acc 83.6% | 1s elapsed | eta 4s
  step 200/391 | loss 0.4645 | acc 83.4% | 3s elapsed | eta 2s
  step 300/391 | loss 0.4677 | acc 83.3% | 4s elapsed | eta 1s
Ep  85 | loss 0.4690 | task 0.4690 | train 83.1% | test 78.8% | 6s
  step 100/391 | loss 0.4598 | acc 83.5% | 2s elapsed | eta 5s
  step 200/391 | loss 0.4592 | acc 83.3% | 3s elapsed | eta 3s
  step 300/391 | loss 0.4623 | acc 83.2% | 4s elapsed | eta 1s
Ep  86 | loss 0.4680 | task 0.4680 | train 83.1% | test 78.0% | 6s
  step 100/391 | loss 0.4487 | acc 83.8% | 2s elapsed | eta 5s
  step 200/391 | loss 0.4515 | acc 83.7% | 3s elapsed | eta 3s
  step 300/391 | loss 0.4638 | acc 83.2% | 5s elapsed | eta 2s
Ep  87 | loss 0.4645 | task 0.4645 | train 83.1% | test 78.3% | 8s
  step 100/391 | loss 0.4524 | acc 83.8% | 2s elapsed | eta 5s
  step 200/391 | loss 0.4522 | acc 83.7% | 3s elapsed | eta 3s
  step 300/391 | loss 0.4533 | acc 83.7% | 4s elapsed | eta 1s
Ep  88 | loss 0.4555 | task 0.4555 | train 83.6% | test 78.3% | 6s
  step 100/391 | loss 0.4425 | acc 84.2% | 1s elapsed | eta 4s
  step 200/391 | loss 0.4545 | acc 83.7% | 3s elapsed | eta 2s
  step 300/391 | loss 0.4555 | acc 83.6% | 4s elapsed | eta 1s
Ep  89 | loss 0.4563 | task 0.4563 | train 83.5% | test 77.9% | 6s
  step 100/391 | loss 0.4438 | acc 84.1% | 1s elapsed | eta 4s
  step 200/391 | loss 0.4424 | acc 84.1% | 3s elapsed | eta 2s
  step 300/391 | loss 0.4503 | acc 83.8% | 4s elapsed | eta 1s
Ep  90 | loss 0.4538 | task 0.4538 | train 83.7% | test 77.4% | 6s
  step 100/391 | loss 0.4389 | acc 83.8% | 2s elapsed | eta 6s
  step 200/391 | loss 0.4462 | acc 83.7% | 4s elapsed | eta 4s
  step 300/391 | loss 0.4523 | acc 83.5% | 6s elapsed | eta 2s
Ep  91 | loss 0.4522 | task 0.4522 | train 83.5% | test 78.0% | 9s
  step 100/391 | loss 0.4458 | acc 84.1% | 2s elapsed | eta 6s
  step 200/391 | loss 0.4406 | acc 84.2% | 3s elapsed | eta 3s
  step 300/391 | loss 0.4429 | acc 84.0% | 4s elapsed | eta 1s
Ep  92 | loss 0.4469 | task 0.4469 | train 83.8% | test 78.5% | 7s
  step 100/391 | loss 0.4361 | acc 84.4% | 1s elapsed | eta 4s
  step 200/391 | loss 0.4407 | acc 84.1% | 3s elapsed | eta 3s
  step 300/391 | loss 0.4422 | acc 84.1% | 4s elapsed | eta 1s
Ep  93 | loss 0.4469 | task 0.4469 | train 83.9% | test 78.4% | 8s
  step 100/391 | loss 0.4362 | acc 84.2% | 2s elapsed | eta 6s
  step 200/391 | loss 0.4389 | acc 84.1% | 4s elapsed | eta 4s
  step 300/391 | loss 0.4428 | acc 84.0% | 6s elapsed | eta 2s
Ep  94 | loss 0.4410 | task 0.4410 | train 84.1% | test 78.6% | 10s
  step 100/391 | loss 0.4287 | acc 84.3% | 2s elapsed | eta 7s
  step 200/391 | loss 0.4322 | acc 84.4% | 5s elapsed | eta 5s
  step 300/391 | loss 0.4299 | acc 84.4% | 7s elapsed | eta 2s
Ep  95 | loss 0.4338 | task 0.4338 | train 84.3% | test 78.4% | 11s
  step 100/391 | loss 0.4194 | acc 84.8% | 3s elapsed | eta 8s
  step 200/391 | loss 0.4244 | acc 84.7% | 5s elapsed | eta 5s
  step 300/391 | loss 0.4318 | acc 84.5% | 7s elapsed | eta 2s
Ep  96 | loss 0.4379 | task 0.4379 | train 84.2% | test 78.0% | 10s
  step 100/391 | loss 0.4174 | acc 84.8% | 3s elapsed | eta 8s
  step 200/391 | loss 0.4242 | acc 84.6% | 5s elapsed | eta 5s
  step 300/391 | loss 0.4307 | acc 84.4% | 8s elapsed | eta 2s
Ep  97 | loss 0.4344 | task 0.4344 | train 84.2% | test 78.1% | 12s
  step 100/391 | loss 0.4110 | acc 85.2% | 3s elapsed | eta 8s
  step 200/391 | loss 0.4137 | acc 85.0% | 5s elapsed | eta 5s
  step 300/391 | loss 0.4213 | acc 84.8% | 8s elapsed | eta 2s
Ep  98 | loss 0.4287 | task 0.4287 | train 84.5% | test 78.2% | 11s
  step 100/391 | loss 0.4248 | acc 84.4% | 2s elapsed | eta 5s
  step 200/391 | loss 0.4216 | acc 84.7% | 4s elapsed | eta 4s
  step 300/391 | loss 0.4264 | acc 84.6% | 7s elapsed | eta 2s
Ep  99 | loss 0.4272 | task 0.4272 | train 84.6% | test 78.1% | 10s
  step 100/391 | loss 0.4133 | acc 85.2% | 3s elapsed | eta 8s
  step 200/391 | loss 0.4210 | acc 84.7% | 5s elapsed | eta 5s
  step 300/391 | loss 0.4229 | acc 84.6% | 8s elapsed | eta 2s
Ep 100 | loss 0.4253 | task 0.4253 | train 84.6% | test 77.9% | 11s
  step 100/391 | loss 0.4036 | acc 85.4% | 3s elapsed | eta 8s
  step 200/391 | loss 0.4051 | acc 85.4% | 5s elapsed | eta 4s
  step 300/391 | loss 0.4131 | acc 85.2% | 7s elapsed | eta 2s
Ep 101 | loss 0.4162 | task 0.4162 | train 85.0% | test 78.4% | 11s
  step 100/391 | loss 0.4088 | acc 85.2% | 3s elapsed | eta 8s
  step 200/391 | loss 0.4125 | acc 85.1% | 5s elapsed | eta 5s
  step 300/391 | loss 0.4179 | acc 84.9% | 8s elapsed | eta 2s
Ep 102 | loss 0.4201 | task 0.4201 | train 84.8% | test 78.4% | 12s
  step 100/391 | loss 0.4112 | acc 85.2% | 3s elapsed | eta 7s
  step 200/391 | loss 0.4106 | acc 85.1% | 5s elapsed | eta 5s
  step 300/391 | loss 0.4115 | acc 85.1% | 7s elapsed | eta 2s
Ep 103 | loss 0.4135 | task 0.4135 | train 85.0% | test 78.0% | 10s
  step 100/391 | loss 0.3986 | acc 85.5% | 2s elapsed | eta 6s
  step 200/391 | loss 0.4062 | acc 85.4% | 4s elapsed | eta 4s
  step 300/391 | loss 0.4086 | acc 85.2% | 7s elapsed | eta 2s
Ep 104 | loss 0.4116 | task 0.4116 | train 85.1% | test 78.6% | 11s
  step 100/391 | loss 0.3837 | acc 86.0% | 2s elapsed | eta 7s
  step 200/391 | loss 0.3974 | acc 85.4% | 5s elapsed | eta 5s
  step 300/391 | loss 0.4024 | acc 85.4% | 7s elapsed | eta 2s
Ep 105 | loss 0.4079 | task 0.4079 | train 85.2% | test 77.9% | 11s
  step 100/391 | loss 0.3934 | acc 86.1% | 3s elapsed | eta 8s
  step 200/391 | loss 0.3965 | acc 85.7% | 4s elapsed | eta 4s
  step 300/391 | loss 0.4017 | acc 85.5% | 7s elapsed | eta 2s
Ep 106 | loss 0.4032 | task 0.4032 | train 85.5% | test 78.5% | 11s
  step 100/391 | loss 0.3941 | acc 85.6% | 3s elapsed | eta 8s
  step 200/391 | loss 0.3949 | acc 85.6% | 5s elapsed | eta 5s
  step 300/391 | loss 0.3989 | acc 85.4% | 8s elapsed | eta 2s
Ep 107 | loss 0.4003 | task 0.4003 | train 85.4% | test 78.1% | 12s
  step 100/391 | loss 0.3780 | acc 86.2% | 3s elapsed | eta 8s
  step 200/391 | loss 0.3826 | acc 86.1% | 5s elapsed | eta 5s
  step 300/391 | loss 0.3900 | acc 85.8% | 7s elapsed | eta 2s
Ep 108 | loss 0.3936 | task 0.3936 | train 85.7% | test 78.4% | 10s
  step 100/391 | loss 0.3703 | acc 86.7% | 2s elapsed | eta 5s
  step 200/391 | loss 0.3785 | acc 86.4% | 4s elapsed | eta 4s
  step 300/391 | loss 0.3871 | acc 86.1% | 7s elapsed | eta 2s
Ep 109 | loss 0.3924 | task 0.3924 | train 85.8% | test 78.7% | 10s
  step 100/391 | loss 0.3792 | acc 85.8% | 3s elapsed | eta 8s
  step 200/391 | loss 0.3824 | acc 85.9% | 5s elapsed | eta 5s
  step 300/391 | loss 0.3916 | acc 85.8% | 8s elapsed | eta 2s
Ep 110 | loss 0.3927 | task 0.3927 | train 85.7% | test 78.7% | 12s
  step 100/391 | loss 0.3828 | acc 86.3% | 2s elapsed | eta 6s
  step 200/391 | loss 0.3834 | acc 86.3% | 4s elapsed | eta 4s
  step 300/391 | loss 0.3885 | acc 86.0% | 6s elapsed | eta 2s
Ep 111 | loss 0.3897 | task 0.3897 | train 85.9% | test 77.9% | 9s
  step 100/391 | loss 0.3808 | acc 86.3% | 3s elapsed | eta 7s
  step 200/391 | loss 0.3862 | acc 86.0% | 5s elapsed | eta 5s
  step 300/391 | loss 0.3870 | acc 86.1% | 8s elapsed | eta 2s
Ep 112 | loss 0.3883 | task 0.3883 | train 86.1% | test 78.3% | 11s
  step 100/391 | loss 0.3752 | acc 86.6% | 2s elapsed | eta 7s
  step 200/391 | loss 0.3797 | acc 86.3% | 5s elapsed | eta 4s
  step 300/391 | loss 0.3808 | acc 86.2% | 7s elapsed | eta 2s
Ep 113 | loss 0.3836 | task 0.3836 | train 86.2% | test 78.3% | 10s
  step 100/391 | loss 0.3736 | acc 86.7% | 2s elapsed | eta 7s
  step 200/391 | loss 0.3752 | acc 86.5% | 4s elapsed | eta 4s
  step 300/391 | loss 0.3786 | acc 86.3% | 6s elapsed | eta 2s
Ep 114 | loss 0.3833 | task 0.3833 | train 86.2% | test 78.1% | 9s
  step 100/391 | loss 0.3633 | acc 86.7% | 2s elapsed | eta 6s
  step 200/391 | loss 0.3715 | acc 86.5% | 4s elapsed | eta 4s
  step 300/391 | loss 0.3795 | acc 86.2% | 6s elapsed | eta 2s
Ep 115 | loss 0.3833 | task 0.3833 | train 86.1% | test 78.4% | 9s
  step 100/391 | loss 0.3577 | acc 87.0% | 1s elapsed | eta 4s
  step 200/391 | loss 0.3602 | acc 86.9% | 3s elapsed | eta 3s
  step 300/391 | loss 0.3682 | acc 86.6% | 4s elapsed | eta 1s
Ep 116 | loss 0.3766 | task 0.3766 | train 86.4% | test 78.7% | 6s
  step 100/391 | loss 0.3591 | acc 87.5% | 2s elapsed | eta 5s
  step 200/391 | loss 0.3660 | acc 87.0% | 3s elapsed | eta 3s
  step 300/391 | loss 0.3712 | acc 86.7% | 4s elapsed | eta 1s
Ep 117 | loss 0.3749 | task 0.3749 | train 86.6% | test 78.2% | 6s
  step 100/391 | loss 0.3569 | acc 87.0% | 2s elapsed | eta 4s
  step 200/391 | loss 0.3641 | acc 86.7% | 3s elapsed | eta 3s
  step 300/391 | loss 0.3710 | acc 86.4% | 4s elapsed | eta 1s
Ep 118 | loss 0.3735 | task 0.3735 | train 86.4% | test 78.1% | 6s
  step 100/391 | loss 0.3675 | acc 86.8% | 2s elapsed | eta 5s
  step 200/391 | loss 0.3691 | acc 86.8% | 3s elapsed | eta 3s
  step 300/391 | loss 0.3725 | acc 86.6% | 4s elapsed | eta 1s
Ep 119 | loss 0.3727 | task 0.3727 | train 86.5% | test 79.3% | 6s
  step 100/391 | loss 0.3487 | acc 87.0% | 2s elapsed | eta 5s
  step 200/391 | loss 0.3607 | acc 86.7% | 3s elapsed | eta 3s
  step 300/391 | loss 0.3683 | acc 86.5% | 4s elapsed | eta 1s
Ep 120 | loss 0.3714 | task 0.3714 | train 86.5% | test 78.2% | 6s
  step 100/391 | loss 0.3544 | acc 87.1% | 1s elapsed | eta 4s
  step 200/391 | loss 0.3528 | acc 87.1% | 3s elapsed | eta 2s
  step 300/391 | loss 0.3607 | acc 86.9% | 4s elapsed | eta 1s
Ep 121 | loss 0.3646 | task 0.3646 | train 86.7% | test 78.8% | 5s
  step 100/391 | loss 0.3559 | acc 87.1% | 1s elapsed | eta 4s
  step 200/391 | loss 0.3564 | acc 87.1% | 3s elapsed | eta 2s
  step 300/391 | loss 0.3598 | acc 87.0% | 4s elapsed | eta 1s
Ep 122 | loss 0.3629 | task 0.3629 | train 86.9% | test 79.1% | 6s
  step 100/391 | loss 0.3467 | acc 87.6% | 1s elapsed | eta 4s
  step 200/391 | loss 0.3535 | acc 87.2% | 2s elapsed | eta 2s
  step 300/391 | loss 0.3607 | acc 87.0% | 4s elapsed | eta 1s
Ep 123 | loss 0.3618 | task 0.3618 | train 87.0% | test 78.7% | 5s
  step 100/391 | loss 0.3498 | acc 87.4% | 1s elapsed | eta 4s
  step 200/391 | loss 0.3566 | acc 87.2% | 3s elapsed | eta 2s
  step 300/391 | loss 0.3585 | acc 87.1% | 4s elapsed | eta 1s
Ep 124 | loss 0.3610 | task 0.3610 | train 87.0% | test 79.4% | 5s
  step 100/391 | loss 0.3435 | acc 87.6% | 1s elapsed | eta 4s
  step 200/391 | loss 0.3501 | acc 87.4% | 3s elapsed | eta 2s
  step 300/391 | loss 0.3523 | acc 87.3% | 4s elapsed | eta 1s
Ep 125 | loss 0.3547 | task 0.3547 | train 87.2% | test 79.2% | 5s
  step 100/391 | loss 0.3395 | acc 87.6% | 1s elapsed | eta 4s
  step 200/391 | loss 0.3460 | acc 87.4% | 2s elapsed | eta 2s
  step 300/391 | loss 0.3502 | acc 87.2% | 4s elapsed | eta 1s
Ep 126 | loss 0.3529 | task 0.3529 | train 87.1% | test 78.2% | 5s
  step 100/391 | loss 0.3413 | acc 87.5% | 1s elapsed | eta 4s
  step 200/391 | loss 0.3456 | acc 87.3% | 3s elapsed | eta 2s
  step 300/391 | loss 0.3493 | acc 87.3% | 4s elapsed | eta 1s
Ep 127 | loss 0.3487 | task 0.3487 | train 87.3% | test 79.3% | 6s
  step 100/391 | loss 0.3496 | acc 87.5% | 2s elapsed | eta 5s
  step 200/391 | loss 0.3446 | acc 87.5% | 3s elapsed | eta 3s
  step 300/391 | loss 0.3497 | acc 87.3% | 4s elapsed | eta 1s
Ep 128 | loss 0.3494 | task 0.3494 | train 87.3% | test 79.2% | 6s
  step 100/391 | loss 0.3362 | acc 88.0% | 2s elapsed | eta 5s
  step 200/391 | loss 0.3387 | acc 87.8% | 3s elapsed | eta 3s
  step 300/391 | loss 0.3405 | acc 87.8% | 4s elapsed | eta 1s
Ep 129 | loss 0.3435 | task 0.3435 | train 87.6% | test 78.7% | 6s
  step 100/391 | loss 0.3327 | acc 88.1% | 2s elapsed | eta 5s
  step 200/391 | loss 0.3333 | acc 88.0% | 3s elapsed | eta 3s
  step 300/391 | loss 0.3412 | acc 87.7% | 4s elapsed | eta 1s
Ep 130 | loss 0.3443 | task 0.3443 | train 87.6% | test 79.4% | 6s
  step 100/391 | loss 0.3297 | acc 88.0% | 2s elapsed | eta 5s
  step 200/391 | loss 0.3314 | acc 88.0% | 3s elapsed | eta 3s
  step 300/391 | loss 0.3338 | acc 88.0% | 4s elapsed | eta 1s
Ep 131 | loss 0.3370 | task 0.3370 | train 87.9% | test 79.0% | 6s
  step 100/391 | loss 0.3297 | acc 88.1% | 1s elapsed | eta 4s
  step 200/391 | loss 0.3301 | acc 88.0% | 2s elapsed | eta 2s
  step 300/391 | loss 0.3381 | acc 87.8% | 4s elapsed | eta 1s
Ep 132 | loss 0.3396 | task 0.3396 | train 87.6% | test 79.0% | 5s
  step 100/391 | loss 0.3385 | acc 88.0% | 1s elapsed | eta 4s
  step 200/391 | loss 0.3410 | acc 87.8% | 3s elapsed | eta 2s
  step 300/391 | loss 0.3424 | acc 87.6% | 4s elapsed | eta 1s
Ep 133 | loss 0.3417 | task 0.3417 | train 87.6% | test 79.5% | 5s
  step 100/391 | loss 0.3271 | acc 88.0% | 1s elapsed | eta 4s
  step 200/391 | loss 0.3345 | acc 87.8% | 2s elapsed | eta 2s
  step 300/391 | loss 0.3365 | acc 87.7% | 4s elapsed | eta 1s
Ep 134 | loss 0.3394 | task 0.3394 | train 87.6% | test 79.2% | 5s
  step 100/391 | loss 0.3148 | acc 88.7% | 1s elapsed | eta 4s
  step 200/391 | loss 0.3238 | acc 88.5% | 3s elapsed | eta 3s
  step 300/391 | loss 0.3284 | acc 88.3% | 4s elapsed | eta 1s
Ep 135 | loss 0.3282 | task 0.3282 | train 88.3% | test 78.8% | 6s
  step 100/391 | loss 0.3240 | acc 88.3% | 1s elapsed | eta 4s
  step 200/391 | loss 0.3262 | acc 88.2% | 2s elapsed | eta 2s
  step 300/391 | loss 0.3294 | acc 88.1% | 4s elapsed | eta 1s
Ep 136 | loss 0.3333 | task 0.3333 | train 88.0% | test 78.8% | 5s
  step 100/391 | loss 0.3244 | acc 88.2% | 1s elapsed | eta 4s
  step 200/391 | loss 0.3239 | acc 88.3% | 2s elapsed | eta 2s
  step 300/391 | loss 0.3224 | acc 88.4% | 4s elapsed | eta 1s
Ep 137 | loss 0.3258 | task 0.3258 | train 88.3% | test 79.3% | 6s
  step 100/391 | loss 0.3153 | acc 88.7% | 2s elapsed | eta 5s
  step 200/391 | loss 0.3188 | acc 88.6% | 4s elapsed | eta 3s
  step 300/391 | loss 0.3226 | acc 88.4% | 6s elapsed | eta 2s
Ep 138 | loss 0.3239 | task 0.3239 | train 88.4% | test 78.6% | 10s
  step 100/391 | loss 0.3069 | acc 88.9% | 2s elapsed | eta 6s
  step 200/391 | loss 0.3105 | acc 88.9% | 4s elapsed | eta 4s
  step 300/391 | loss 0.3139 | acc 88.7% | 7s elapsed | eta 2s
Ep 139 | loss 0.3180 | task 0.3180 | train 88.5% | test 78.7% | 10s
  step 100/391 | loss 0.3082 | acc 88.7% | 3s elapsed | eta 8s
  step 200/391 | loss 0.3152 | acc 88.6% | 5s elapsed | eta 5s
  step 300/391 | loss 0.3180 | acc 88.5% | 7s elapsed | eta 2s
Ep 140 | loss 0.3212 | task 0.3212 | train 88.3% | test 79.1% | 10s
  step 100/391 | loss 0.2986 | acc 89.4% | 2s elapsed | eta 6s
  step 200/391 | loss 0.3091 | acc 88.9% | 4s elapsed | eta 4s
  step 300/391 | loss 0.3121 | acc 88.8% | 6s elapsed | eta 2s
Ep 141 | loss 0.3185 | task 0.3185 | train 88.6% | test 79.1% | 9s
  step 100/391 | loss 0.3087 | acc 88.9% | 3s elapsed | eta 8s
  step 200/391 | loss 0.3123 | acc 88.8% | 5s elapsed | eta 5s
  step 300/391 | loss 0.3178 | acc 88.5% | 7s elapsed | eta 2s
Ep 142 | loss 0.3181 | task 0.3181 | train 88.5% | test 79.3% | 11s
  step 100/391 | loss 0.3062 | acc 89.0% | 3s elapsed | eta 8s
  step 200/391 | loss 0.3077 | acc 88.8% | 6s elapsed | eta 5s
  step 300/391 | loss 0.3117 | acc 88.8% | 8s elapsed | eta 3s
Ep 143 | loss 0.3151 | task 0.3151 | train 88.7% | test 79.0% | 13s
  step 100/391 | loss 0.3005 | acc 88.9% | 2s elapsed | eta 7s
  step 200/391 | loss 0.3035 | acc 88.8% | 4s elapsed | eta 4s
  step 300/391 | loss 0.3078 | acc 88.7% | 7s elapsed | eta 2s
Ep 144 | loss 0.3124 | task 0.3124 | train 88.6% | test 78.7% | 10s
  step 100/391 | loss 0.2984 | acc 89.1% | 2s elapsed | eta 6s
  step 200/391 | loss 0.3041 | acc 88.9% | 4s elapsed | eta 4s
  step 300/391 | loss 0.3052 | acc 88.8% | 7s elapsed | eta 2s
Ep 145 | loss 0.3079 | task 0.3079 | train 88.8% | test 79.4% | 9s
  step 100/391 | loss 0.2897 | acc 89.1% | 3s elapsed | eta 9s
  step 200/391 | loss 0.2995 | acc 88.9% | 5s elapsed | eta 5s
  step 300/391 | loss 0.3032 | acc 88.8% | 8s elapsed | eta 2s
Ep 146 | loss 0.3061 | task 0.3061 | train 88.7% | test 79.2% | 12s
  step 100/391 | loss 0.2996 | acc 89.6% | 3s elapsed | eta 8s
  step 200/391 | loss 0.2968 | acc 89.4% | 5s elapsed | eta 5s
  step 300/391 | loss 0.3025 | acc 89.1% | 8s elapsed | eta 2s
Ep 147 | loss 0.3048 | task 0.3048 | train 89.1% | test 79.0% | 11s
  step 100/391 | loss 0.2982 | acc 89.2% | 2s elapsed | eta 5s
  step 200/391 | loss 0.2996 | acc 89.2% | 4s elapsed | eta 3s
  step 300/391 | loss 0.3045 | acc 89.0% | 6s elapsed | eta 2s
Ep 148 | loss 0.3064 | task 0.3064 | train 89.0% | test 79.3% | 9s
  step 100/391 | loss 0.3006 | acc 89.0% | 3s elapsed | eta 8s
  step 200/391 | loss 0.3028 | acc 89.0% | 6s elapsed | eta 5s
  step 300/391 | loss 0.3045 | acc 89.0% | 9s elapsed | eta 3s
Ep 149 | loss 0.3030 | task 0.3030 | train 89.0% | test 79.1% | 13s
  step 100/391 | loss 0.2901 | acc 89.8% | 3s elapsed | eta 9s
  step 200/391 | loss 0.2983 | acc 89.4% | 6s elapsed | eta 6s
  step 300/391 | loss 0.3007 | acc 89.2% | 9s elapsed | eta 3s
Ep 150 | loss 0.3000 | task 0.3000 | train 89.2% | test 78.9% | 11s
  step 100/391 | loss 0.3018 | acc 89.1% | 2s elapsed | eta 6s
  step 200/391 | loss 0.3018 | acc 89.0% | 4s elapsed | eta 4s
  step 300/391 | loss 0.2980 | acc 89.1% | 6s elapsed | eta 2s
Ep 151 | loss 0.3016 | task 0.3016 | train 89.0% | test 78.9% | 10s
  step 100/391 | loss 0.2883 | acc 89.7% | 3s elapsed | eta 10s
  step 200/391 | loss 0.2904 | acc 89.6% | 6s elapsed | eta 6s
  step 300/391 | loss 0.2919 | acc 89.6% | 8s elapsed | eta 3s
Ep 152 | loss 0.2947 | task 0.2947 | train 89.4% | test 79.4% | 12s
  step 100/391 | loss 0.2784 | acc 90.0% | 3s elapsed | eta 8s
  step 200/391 | loss 0.2892 | acc 89.6% | 5s elapsed | eta 5s
  step 300/391 | loss 0.2914 | acc 89.4% | 7s elapsed | eta 2s
Ep 153 | loss 0.2937 | task 0.2937 | train 89.4% | test 79.0% | 10s
  step 100/391 | loss 0.2727 | acc 90.2% | 2s elapsed | eta 6s
  step 200/391 | loss 0.2812 | acc 89.8% | 4s elapsed | eta 4s
  step 300/391 | loss 0.2866 | acc 89.6% | 7s elapsed | eta 2s
Ep 154 | loss 0.2883 | task 0.2883 | train 89.6% | test 79.2% | 10s
  step 100/391 | loss 0.2845 | acc 89.6% | 2s elapsed | eta 7s
  step 200/391 | loss 0.2865 | acc 89.7% | 5s elapsed | eta 5s
  step 300/391 | loss 0.2867 | acc 89.6% | 8s elapsed | eta 2s
Ep 155 | loss 0.2919 | task 0.2919 | train 89.4% | test 79.2% | 11s
  step 100/391 | loss 0.2892 | acc 89.7% | 2s elapsed | eta 7s
  step 200/391 | loss 0.2893 | acc 89.5% | 4s elapsed | eta 4s
  step 300/391 | loss 0.2899 | acc 89.5% | 6s elapsed | eta 2s
Ep 156 | loss 0.2934 | task 0.2934 | train 89.3% | test 79.0% | 10s
  step 100/391 | loss 0.2938 | acc 89.3% | 3s elapsed | eta 9s
  step 200/391 | loss 0.2856 | acc 89.6% | 6s elapsed | eta 5s
  step 300/391 | loss 0.2855 | acc 89.6% | 8s elapsed | eta 2s
Ep 157 | loss 0.2894 | task 0.2894 | train 89.6% | test 79.8% | 11s
  step 100/391 | loss 0.2872 | acc 89.6% | 3s elapsed | eta 8s
  step 200/391 | loss 0.2917 | acc 89.5% | 5s elapsed | eta 5s
  step 300/391 | loss 0.2891 | acc 89.7% | 7s elapsed | eta 2s
Ep 158 | loss 0.2889 | task 0.2889 | train 89.6% | test 79.1% | 10s
  step 100/391 | loss 0.2673 | acc 90.5% | 2s elapsed | eta 5s
  step 200/391 | loss 0.2792 | acc 90.0% | 4s elapsed | eta 4s
  step 300/391 | loss 0.2796 | acc 90.0% | 7s elapsed | eta 2s
Ep 159 | loss 0.2843 | task 0.2843 | train 89.8% | test 79.3% | 10s
  step 100/391 | loss 0.2710 | acc 90.0% | 3s elapsed | eta 8s
  step 200/391 | loss 0.2735 | acc 90.1% | 5s elapsed | eta 5s
  step 300/391 | loss 0.2749 | acc 90.1% | 8s elapsed | eta 2s
Ep 160 | loss 0.2787 | task 0.2787 | train 89.9% | test 79.6% | 12s
  step 100/391 | loss 0.2644 | acc 90.3% | 3s elapsed | eta 7s
  step 200/391 | loss 0.2735 | acc 90.1% | 5s elapsed | eta 5s
  step 300/391 | loss 0.2746 | acc 90.1% | 7s elapsed | eta 2s
Ep 161 | loss 0.2821 | task 0.2821 | train 89.9% | test 79.0% | 11s
  step 100/391 | loss 0.2742 | acc 89.9% | 2s elapsed | eta 7s
  step 200/391 | loss 0.2758 | acc 89.9% | 5s elapsed | eta 4s
  step 300/391 | loss 0.2760 | acc 90.0% | 7s elapsed | eta 2s
Ep 162 | loss 0.2759 | task 0.2759 | train 90.0% | test 79.0% | 11s
  step 100/391 | loss 0.2686 | acc 90.2% | 3s elapsed | eta 7s
  step 200/391 | loss 0.2697 | acc 90.2% | 5s elapsed | eta 5s
  step 300/391 | loss 0.2770 | acc 90.0% | 7s elapsed | eta 2s
Ep 163 | loss 0.2797 | task 0.2797 | train 89.9% | test 80.0% | 10s
  step 100/391 | loss 0.2671 | acc 90.2% | 2s elapsed | eta 6s
  step 200/391 | loss 0.2698 | acc 90.2% | 5s elapsed | eta 4s
  step 300/391 | loss 0.2707 | acc 90.1% | 7s elapsed | eta 2s
Ep 164 | loss 0.2742 | task 0.2742 | train 90.0% | test 79.4% | 11s
  step 100/391 | loss 0.2691 | acc 90.0% | 3s elapsed | eta 8s
  step 200/391 | loss 0.2682 | acc 90.1% | 5s elapsed | eta 5s
  step 300/391 | loss 0.2715 | acc 90.1% | 8s elapsed | eta 2s
Ep 165 | loss 0.2730 | task 0.2730 | train 90.1% | test 79.5% | 11s
  step 100/391 | loss 0.2593 | acc 90.7% | 2s elapsed | eta 5s
  step 200/391 | loss 0.2627 | acc 90.6% | 3s elapsed | eta 2s
  step 300/391 | loss 0.2653 | acc 90.4% | 4s elapsed | eta 1s
Ep 166 | loss 0.2669 | task 0.2669 | train 90.3% | test 79.4% | 6s
  step 100/391 | loss 0.2557 | acc 91.1% | 1s elapsed | eta 4s
  step 200/391 | loss 0.2669 | acc 90.5% | 3s elapsed | eta 3s
  step 300/391 | loss 0.2687 | acc 90.4% | 4s elapsed | eta 1s
Ep 167 | loss 0.2698 | task 0.2698 | train 90.3% | test 79.2% | 7s
  step 100/391 | loss 0.2473 | acc 90.9% | 2s elapsed | eta 5s
  step 200/391 | loss 0.2541 | acc 90.6% | 3s elapsed | eta 3s
  step 300/391 | loss 0.2601 | acc 90.4% | 5s elapsed | eta 1s
Ep 168 | loss 0.2650 | task 0.2650 | train 90.4% | test 79.9% | 8s
  step 100/391 | loss 0.2724 | acc 90.1% | 1s elapsed | eta 4s
  step 200/391 | loss 0.2684 | acc 90.3% | 2s elapsed | eta 2s
  step 300/391 | loss 0.2664 | acc 90.4% | 3s elapsed | eta 1s
Ep 169 | loss 0.2673 | task 0.2673 | train 90.4% | test 79.3% | 5s
  step 100/391 | loss 0.2556 | acc 90.8% | 1s elapsed | eta 4s
  step 200/391 | loss 0.2590 | acc 90.7% | 2s elapsed | eta 2s
  step 300/391 | loss 0.2617 | acc 90.6% | 3s elapsed | eta 1s
Ep 170 | loss 0.2651 | task 0.2651 | train 90.5% | test 79.7% | 5s
  step 100/391 | loss 0.2668 | acc 90.4% | 1s elapsed | eta 4s
  step 200/391 | loss 0.2635 | acc 90.6% | 2s elapsed | eta 2s
  step 300/391 | loss 0.2614 | acc 90.6% | 4s elapsed | eta 1s
Ep 171 | loss 0.2628 | task 0.2628 | train 90.5% | test 79.6% | 7s
  step 100/391 | loss 0.2570 | acc 90.8% | 2s elapsed | eta 6s
  step 200/391 | loss 0.2558 | acc 90.9% | 4s elapsed | eta 4s
  step 300/391 | loss 0.2597 | acc 90.7% | 6s elapsed | eta 2s
Ep 172 | loss 0.2588 | task 0.2588 | train 90.7% | test 80.0% | 8s
  step 100/391 | loss 0.2502 | acc 91.0% | 2s elapsed | eta 4s
  step 200/391 | loss 0.2517 | acc 90.9% | 3s elapsed | eta 2s
  step 300/391 | loss 0.2546 | acc 90.9% | 4s elapsed | eta 1s
Ep 173 | loss 0.2574 | task 0.2574 | train 90.7% | test 79.5% | 6s
  step 100/391 | loss 0.2466 | acc 91.0% | 1s elapsed | eta 4s
  step 200/391 | loss 0.2505 | acc 90.7% | 3s elapsed | eta 2s
  step 300/391 | loss 0.2551 | acc 90.7% | 4s elapsed | eta 1s
Ep 174 | loss 0.2560 | task 0.2560 | train 90.6% | test 79.2% | 6s
  step 100/391 | loss 0.2438 | acc 91.5% | 2s elapsed | eta 5s
  step 200/391 | loss 0.2534 | acc 90.9% | 3s elapsed | eta 3s
  step 300/391 | loss 0.2597 | acc 90.6% | 5s elapsed | eta 1s
Ep 175 | loss 0.2580 | task 0.2580 | train 90.7% | test 79.9% | 8s
  step 100/391 | loss 0.2457 | acc 91.1% | 2s elapsed | eta 6s
  step 200/391 | loss 0.2517 | acc 90.9% | 4s elapsed | eta 4s
  step 300/391 | loss 0.2538 | acc 90.8% | 7s elapsed | eta 2s
Ep 176 | loss 0.2564 | task 0.2564 | train 90.8% | test 79.5% | 9s
  step 100/391 | loss 0.2490 | acc 91.2% | 1s elapsed | eta 4s
  step 200/391 | loss 0.2524 | acc 91.0% | 2s elapsed | eta 2s
  step 300/391 | loss 0.2529 | acc 90.9% | 4s elapsed | eta 1s
Ep 177 | loss 0.2521 | task 0.2521 | train 90.9% | test 79.7% | 6s
  step 100/391 | loss 0.2445 | acc 91.2% | 1s elapsed | eta 4s
  step 200/391 | loss 0.2463 | acc 91.1% | 3s elapsed | eta 2s
  step 300/391 | loss 0.2468 | acc 91.1% | 4s elapsed | eta 1s
Ep 178 | loss 0.2489 | task 0.2489 | train 91.1% | test 79.5% | 6s
  step 100/391 | loss 0.2484 | acc 91.1% | 2s elapsed | eta 5s
  step 200/391 | loss 0.2455 | acc 91.2% | 3s elapsed | eta 3s
  step 300/391 | loss 0.2473 | acc 91.1% | 5s elapsed | eta 2s
Ep 179 | loss 0.2509 | task 0.2509 | train 90.8% | test 79.3% | 9s
  step 100/391 | loss 0.2439 | acc 91.1% | 2s elapsed | eta 7s
  step 200/391 | loss 0.2487 | acc 90.9% | 4s elapsed | eta 4s
  step 300/391 | loss 0.2492 | acc 90.9% | 6s elapsed | eta 2s
Ep 180 | loss 0.2498 | task 0.2498 | train 90.9% | test 79.2% | 9s
  step 100/391 | loss 0.2367 | acc 91.1% | 2s elapsed | eta 5s
  step 200/391 | loss 0.2387 | acc 91.3% | 3s elapsed | eta 3s
  step 300/391 | loss 0.2427 | acc 91.1% | 4s elapsed | eta 1s
Ep 181 | loss 0.2417 | task 0.2417 | train 91.2% | test 79.5% | 7s
  step 100/391 | loss 0.2402 | acc 91.5% | 2s elapsed | eta 4s
  step 200/391 | loss 0.2432 | acc 91.2% | 3s elapsed | eta 3s
  step 300/391 | loss 0.2445 | acc 91.1% | 5s elapsed | eta 1s
Ep 182 | loss 0.2462 | task 0.2462 | train 91.0% | test 79.4% | 7s
  step 100/391 | loss 0.2339 | acc 91.6% | 2s elapsed | eta 5s
  step 200/391 | loss 0.2405 | acc 91.3% | 3s elapsed | eta 3s
  step 300/391 | loss 0.2421 | acc 91.2% | 5s elapsed | eta 2s
Ep 183 | loss 0.2417 | task 0.2417 | train 91.2% | test 79.8% | 8s
  step 100/391 | loss 0.2337 | acc 91.7% | 2s elapsed | eta 6s
  step 200/391 | loss 0.2364 | acc 91.5% | 4s elapsed | eta 4s
  step 300/391 | loss 0.2400 | acc 91.3% | 6s elapsed | eta 2s
Ep 184 | loss 0.2421 | task 0.2421 | train 91.2% | test 79.7% | 9s
  step 100/391 | loss 0.2353 | acc 91.6% | 2s elapsed | eta 5s
  step 200/391 | loss 0.2374 | acc 91.5% | 3s elapsed | eta 3s
  step 300/391 | loss 0.2395 | acc 91.4% | 5s elapsed | eta 1s
Ep 185 | loss 0.2403 | task 0.2403 | train 91.4% | test 79.7% | 8s
  step 100/391 | loss 0.2349 | acc 91.5% | 2s elapsed | eta 5s
  step 200/391 | loss 0.2316 | acc 91.6% | 3s elapsed | eta 3s
  step 300/391 | loss 0.2339 | acc 91.6% | 5s elapsed | eta 1s
Ep 186 | loss 0.2351 | task 0.2351 | train 91.5% | test 79.4% | 7s
  step 100/391 | loss 0.2299 | acc 91.6% | 1s elapsed | eta 4s
  step 200/391 | loss 0.2313 | acc 91.6% | 3s elapsed | eta 2s
  step 300/391 | loss 0.2346 | acc 91.6% | 4s elapsed | eta 1s
Ep 187 | loss 0.2343 | task 0.2343 | train 91.5% | test 79.7% | 6s
  step 100/391 | loss 0.2243 | acc 91.9% | 2s elapsed | eta 6s
  step 200/391 | loss 0.2284 | acc 91.6% | 4s elapsed | eta 4s
  step 300/391 | loss 0.2321 | acc 91.5% | 6s elapsed | eta 2s
Ep 188 | loss 0.2340 | task 0.2340 | train 91.4% | test 79.4% | 9s
  step 100/391 | loss 0.2325 | acc 91.6% | 2s elapsed | eta 5s
  step 200/391 | loss 0.2309 | acc 91.7% | 3s elapsed | eta 2s
  step 300/391 | loss 0.2337 | acc 91.6% | 3s elapsed | eta 1s
Ep 189 | loss 0.2360 | task 0.2360 | train 91.4% | test 79.4% | 5s
  step 100/391 | loss 0.2321 | acc 91.5% | 1s elapsed | eta 2s
  step 200/391 | loss 0.2286 | acc 91.7% | 2s elapsed | eta 1s
  step 300/391 | loss 0.2308 | acc 91.6% | 2s elapsed | eta 1s
Ep 190 | loss 0.2329 | task 0.2329 | train 91.5% | test 79.5% | 3s
  step 100/391 | loss 0.2248 | acc 91.6% | 1s elapsed | eta 4s
  step 200/391 | loss 0.2279 | acc 91.6% | 3s elapsed | eta 3s
  step 300/391 | loss 0.2307 | acc 91.6% | 4s elapsed | eta 1s
Ep 191 | loss 0.2320 | task 0.2320 | train 91.6% | test 79.7% | 6s
  step 100/391 | loss 0.2226 | acc 91.9% | 1s elapsed | eta 3s
  step 200/391 | loss 0.2208 | acc 91.9% | 2s elapsed | eta 2s
  step 300/391 | loss 0.2235 | acc 91.9% | 2s elapsed | eta 1s
Ep 192 | loss 0.2265 | task 0.2265 | train 91.8% | test 79.3% | 3s
  step 100/391 | loss 0.2305 | acc 91.6% | 1s elapsed | eta 3s
  step 200/391 | loss 0.2260 | acc 91.8% | 2s elapsed | eta 2s
  step 300/391 | loss 0.2260 | acc 91.9% | 2s elapsed | eta 1s
Ep 193 | loss 0.2251 | task 0.2251 | train 91.8% | test 79.5% | 3s
  step 100/391 | loss 0.2219 | acc 91.9% | 1s elapsed | eta 3s
  step 200/391 | loss 0.2224 | acc 92.0% | 2s elapsed | eta 2s
  step 300/391 | loss 0.2256 | acc 91.9% | 2s elapsed | eta 1s
Ep 194 | loss 0.2253 | task 0.2253 | train 91.9% | test 79.8% | 3s
  step 100/391 | loss 0.2071 | acc 92.3% | 1s elapsed | eta 3s
  step 200/391 | loss 0.2140 | acc 92.2% | 2s elapsed | eta 2s
  step 300/391 | loss 0.2172 | acc 92.1% | 2s elapsed | eta 1s
Ep 195 | loss 0.2190 | task 0.2190 | train 92.0% | test 80.0% | 3s
  step 100/391 | loss 0.2087 | acc 92.4% | 1s elapsed | eta 2s
  step 200/391 | loss 0.2142 | acc 92.2% | 1s elapsed | eta 1s
  step 300/391 | loss 0.2164 | acc 92.2% | 2s elapsed | eta 1s
Ep 196 | loss 0.2193 | task 0.2193 | train 92.1% | test 79.8% | 3s
  step 100/391 | loss 0.2120 | acc 92.3% | 1s elapsed | eta 2s
  step 200/391 | loss 0.2216 | acc 92.0% | 1s elapsed | eta 1s
  step 300/391 | loss 0.2205 | acc 91.9% | 2s elapsed | eta 1s
Ep 197 | loss 0.2225 | task 0.2225 | train 91.9% | test 79.7% | 3s
  step 100/391 | loss 0.2216 | acc 92.1% | 1s elapsed | eta 2s
  step 200/391 | loss 0.2264 | acc 91.8% | 1s elapsed | eta 1s
  step 300/391 | loss 0.2250 | acc 91.8% | 2s elapsed | eta 1s
Ep 198 | loss 0.2239 | task 0.2239 | train 91.8% | test 79.8% | 3s
  step 100/391 | loss 0.2180 | acc 92.3% | 1s elapsed | eta 2s
  step 200/391 | loss 0.2141 | acc 92.4% | 1s elapsed | eta 1s
  step 300/391 | loss 0.2180 | acc 92.2% | 2s elapsed | eta 1s
Ep 199 | loss 0.2189 | task 0.2189 | train 92.2% | test 80.0% | 3s
  step 100/391 | loss 0.2176 | acc 91.9% | 1s elapsed | eta 2s
  step 200/391 | loss 0.2156 | acc 92.0% | 1s elapsed | eta 1s
  step 300/391 | loss 0.2173 | acc 91.9% | 2s elapsed | eta 1s
Ep 200 | loss 0.2166 | task 0.2166 | train 92.0% | test 79.7% | 3s
  step 100/391 | loss 0.2074 | acc 92.6% | 1s elapsed | eta 2s
  step 200/391 | loss 0.2155 | acc 92.3% | 1s elapsed | eta 1s
  step 300/391 | loss 0.2161 | acc 92.2% | 2s elapsed | eta 1s
Ep 201 | loss 0.2182 | task 0.2182 | train 92.1% | test 79.7% | 3s
  step 100/391 | loss 0.2135 | acc 92.5% | 1s elapsed | eta 2s
  step 200/391 | loss 0.2137 | acc 92.4% | 1s elapsed | eta 1s
  step 300/391 | loss 0.2148 | acc 92.2% | 2s elapsed | eta 1s
Ep 202 | loss 0.2154 | task 0.2154 | train 92.2% | test 80.0% | 3s
  step 100/391 | loss 0.2089 | acc 92.3% | 1s elapsed | eta 2s
  step 200/391 | loss 0.2057 | acc 92.5% | 1s elapsed | eta 1s
  step 300/391 | loss 0.2107 | acc 92.3% | 2s elapsed | eta 1s
Ep 203 | loss 0.2128 | task 0.2128 | train 92.2% | test 79.9% | 3s
  step 100/391 | loss 0.2044 | acc 92.7% | 1s elapsed | eta 2s
  step 200/391 | loss 0.2137 | acc 92.3% | 1s elapsed | eta 1s
  step 300/391 | loss 0.2136 | acc 92.2% | 2s elapsed | eta 1s
Ep 204 | loss 0.2140 | task 0.2140 | train 92.2% | test 80.0% | 3s
  step 100/391 | loss 0.2075 | acc 92.7% | 1s elapsed | eta 2s
  step 200/391 | loss 0.2104 | acc 92.5% | 1s elapsed | eta 1s
  step 300/391 | loss 0.2110 | acc 92.5% | 2s elapsed | eta 1s
Ep 205 | loss 0.2106 | task 0.2106 | train 92.5% | test 79.8% | 3s
  step 100/391 | loss 0.2036 | acc 92.7% | 1s elapsed | eta 2s
  step 200/391 | loss 0.2053 | acc 92.7% | 1s elapsed | eta 1s
  step 300/391 | loss 0.2069 | acc 92.6% | 2s elapsed | eta 1s
Ep 206 | loss 0.2073 | task 0.2073 | train 92.6% | test 79.5% | 3s
  step 100/391 | loss 0.2105 | acc 92.1% | 1s elapsed | eta 3s
  step 200/391 | loss 0.2069 | acc 92.3% | 2s elapsed | eta 1s
  step 300/391 | loss 0.2097 | acc 92.3% | 2s elapsed | eta 1s
Ep 207 | loss 0.2108 | task 0.2108 | train 92.4% | test 79.9% | 3s
  step 100/391 | loss 0.2014 | acc 92.7% | 1s elapsed | eta 3s
  step 200/391 | loss 0.2041 | acc 92.6% | 2s elapsed | eta 2s
  step 300/391 | loss 0.2065 | acc 92.6% | 2s elapsed | eta 1s
Ep 208 | loss 0.2060 | task 0.2060 | train 92.6% | test 79.7% | 3s
  step 100/391 | loss 0.1973 | acc 92.9% | 1s elapsed | eta 4s
  step 200/391 | loss 0.2027 | acc 92.8% | 2s elapsed | eta 2s
  step 300/391 | loss 0.2013 | acc 92.8% | 2s elapsed | eta 1s
Ep 209 | loss 0.2015 | task 0.2015 | train 92.8% | test 79.5% | 4s
  step 100/391 | loss 0.1971 | acc 92.9% | 1s elapsed | eta 3s
  step 200/391 | loss 0.1972 | acc 92.9% | 2s elapsed | eta 2s
  step 300/391 | loss 0.1997 | acc 92.8% | 2s elapsed | eta 1s
Ep 210 | loss 0.1992 | task 0.1992 | train 92.8% | test 79.9% | 3s
  step 100/391 | loss 0.1976 | acc 92.9% | 1s elapsed | eta 3s
  step 200/391 | loss 0.2034 | acc 92.6% | 2s elapsed | eta 2s
  step 300/391 | loss 0.2088 | acc 92.5% | 2s elapsed | eta 1s
Ep 211 | loss 0.2088 | task 0.2088 | train 92.4% | test 79.6% | 3s
  step 100/391 | loss 0.1921 | acc 93.1% | 1s elapsed | eta 4s
  step 200/391 | loss 0.1948 | acc 92.9% | 2s elapsed | eta 2s
  step 300/391 | loss 0.2000 | acc 92.7% | 2s elapsed | eta 1s
Ep 212 | loss 0.2017 | task 0.2017 | train 92.7% | test 79.7% | 4s
  step 100/391 | loss 0.1917 | acc 93.0% | 1s elapsed | eta 4s
  step 200/391 | loss 0.2009 | acc 92.7% | 2s elapsed | eta 2s
  step 300/391 | loss 0.2024 | acc 92.8% | 2s elapsed | eta 1s
Ep 213 | loss 0.2037 | task 0.2037 | train 92.7% | test 79.6% | 4s
  step 100/391 | loss 0.1991 | acc 92.9% | 1s elapsed | eta 3s
  step 200/391 | loss 0.1976 | acc 92.7% | 2s elapsed | eta 2s
  step 300/391 | loss 0.2000 | acc 92.6% | 2s elapsed | eta 1s
Ep 214 | loss 0.1992 | task 0.1992 | train 92.7% | test 79.8% | 4s
  step 100/391 | loss 0.1906 | acc 93.2% | 1s elapsed | eta 3s
  step 200/391 | loss 0.1936 | acc 93.0% | 2s elapsed | eta 1s
  step 300/391 | loss 0.1930 | acc 93.0% | 2s elapsed | eta 1s
Ep 215 | loss 0.1945 | task 0.1945 | train 92.9% | test 80.0% | 3s
  step 100/391 | loss 0.1976 | acc 92.7% | 1s elapsed | eta 3s
  step 200/391 | loss 0.1963 | acc 92.9% | 2s elapsed | eta 2s
  step 300/391 | loss 0.1975 | acc 92.8% | 2s elapsed | eta 1s
Ep 216 | loss 0.1997 | task 0.1997 | train 92.7% | test 79.9% | 3s
  step 100/391 | loss 0.1898 | acc 93.2% | 1s elapsed | eta 2s
  step 200/391 | loss 0.1923 | acc 93.0% | 1s elapsed | eta 1s
  step 300/391 | loss 0.1929 | acc 92.9% | 2s elapsed | eta 1s
Ep 217 | loss 0.1937 | task 0.1937 | train 92.9% | test 79.8% | 4s
  step 100/391 | loss 0.1987 | acc 92.6% | 1s elapsed | eta 4s
  step 200/391 | loss 0.1978 | acc 92.9% | 3s elapsed | eta 2s
  step 300/391 | loss 0.1972 | acc 92.9% | 4s elapsed | eta 1s
Ep 218 | loss 0.1948 | task 0.1948 | train 93.1% | test 80.1% | 6s
  step 100/391 | loss 0.1899 | acc 92.9% | 1s elapsed | eta 4s
  step 200/391 | loss 0.1922 | acc 92.9% | 2s elapsed | eta 2s
  step 300/391 | loss 0.1914 | acc 93.0% | 4s elapsed | eta 1s
Ep 219 | loss 0.1936 | task 0.1936 | train 92.9% | test 80.0% | 6s
  step 100/391 | loss 0.1925 | acc 93.2% | 2s elapsed | eta 5s
  step 200/391 | loss 0.1906 | acc 93.2% | 3s elapsed | eta 3s
  step 300/391 | loss 0.1921 | acc 93.1% | 4s elapsed | eta 1s
Ep 220 | loss 0.1929 | task 0.1929 | train 93.1% | test 79.9% | 7s
  step 100/391 | loss 0.1887 | acc 93.3% | 2s elapsed | eta 5s
  step 200/391 | loss 0.1895 | acc 93.3% | 3s elapsed | eta 3s
  step 300/391 | loss 0.1913 | acc 93.2% | 5s elapsed | eta 1s
Ep 221 | loss 0.1920 | task 0.1920 | train 93.1% | test 80.2% | 7s
  step 100/391 | loss 0.1903 | acc 93.1% | 2s elapsed | eta 5s
  step 200/391 | loss 0.1892 | acc 93.1% | 3s elapsed | eta 3s
  step 300/391 | loss 0.1907 | acc 93.1% | 5s elapsed | eta 1s
Ep 222 | loss 0.1926 | task 0.1926 | train 93.0% | test 79.9% | 8s
  step 100/391 | loss 0.1843 | acc 93.0% | 2s elapsed | eta 5s
  step 200/391 | loss 0.1858 | acc 93.2% | 4s elapsed | eta 3s
  step 300/391 | loss 0.1865 | acc 93.3% | 5s elapsed | eta 2s
Ep 223 | loss 0.1861 | task 0.1861 | train 93.3% | test 79.9% | 8s
  step 100/391 | loss 0.1809 | acc 93.5% | 2s elapsed | eta 5s
  step 200/391 | loss 0.1863 | acc 93.4% | 3s elapsed | eta 3s
  step 300/391 | loss 0.1868 | acc 93.3% | 4s elapsed | eta 1s
Ep 224 | loss 0.1870 | task 0.1870 | train 93.3% | test 79.8% | 7s
  step 100/391 | loss 0.1960 | acc 92.9% | 2s elapsed | eta 5s
  step 200/391 | loss 0.1881 | acc 93.3% | 3s elapsed | eta 3s
  step 300/391 | loss 0.1868 | acc 93.3% | 5s elapsed | eta 2s
Ep 225 | loss 0.1878 | task 0.1878 | train 93.2% | test 79.8% | 9s
  step 100/391 | loss 0.1800 | acc 93.5% | 2s elapsed | eta 5s
  step 200/391 | loss 0.1811 | acc 93.4% | 3s elapsed | eta 3s
  step 300/391 | loss 0.1851 | acc 93.3% | 5s elapsed | eta 1s
Ep 226 | loss 0.1856 | task 0.1856 | train 93.3% | test 79.9% | 8s
  step 100/391 | loss 0.1824 | acc 93.5% | 2s elapsed | eta 7s
  step 200/391 | loss 0.1801 | acc 93.5% | 4s elapsed | eta 4s
  step 300/391 | loss 0.1847 | acc 93.4% | 6s elapsed | eta 2s
Ep 227 | loss 0.1866 | task 0.1866 | train 93.3% | test 79.8% | 9s
  step 100/391 | loss 0.1788 | acc 93.4% | 2s elapsed | eta 5s
  step 200/391 | loss 0.1827 | acc 93.3% | 3s elapsed | eta 3s
  step 300/391 | loss 0.1807 | acc 93.4% | 4s elapsed | eta 1s
Ep 228 | loss 0.1809 | task 0.1809 | train 93.4% | test 79.7% | 6s
  step 100/391 | loss 0.1811 | acc 93.8% | 1s elapsed | eta 4s
  step 200/391 | loss 0.1834 | acc 93.6% | 3s elapsed | eta 2s
  step 300/391 | loss 0.1846 | acc 93.5% | 4s elapsed | eta 1s
Ep 229 | loss 0.1860 | task 0.1860 | train 93.4% | test 80.0% | 6s
  step 100/391 | loss 0.1831 | acc 93.4% | 2s elapsed | eta 4s
  step 200/391 | loss 0.1822 | acc 93.5% | 2s elapsed | eta 2s
  step 300/391 | loss 0.1837 | acc 93.5% | 4s elapsed | eta 1s
Ep 230 | loss 0.1845 | task 0.1845 | train 93.4% | test 80.0% | 6s
  step 100/391 | loss 0.1746 | acc 93.7% | 2s elapsed | eta 4s
  step 200/391 | loss 0.1778 | acc 93.5% | 3s elapsed | eta 3s
  step 300/391 | loss 0.1772 | acc 93.6% | 5s elapsed | eta 1s
Ep 231 | loss 0.1784 | task 0.1784 | train 93.5% | test 79.9% | 8s
  step 100/391 | loss 0.1775 | acc 93.5% | 2s elapsed | eta 6s
  step 200/391 | loss 0.1781 | acc 93.4% | 4s elapsed | eta 4s
  step 300/391 | loss 0.1794 | acc 93.4% | 5s elapsed | eta 2s
Ep 232 | loss 0.1796 | task 0.1796 | train 93.4% | test 80.0% | 8s
  step 100/391 | loss 0.1759 | acc 93.7% | 1s elapsed | eta 4s
  step 200/391 | loss 0.1791 | acc 93.5% | 3s elapsed | eta 2s
  step 300/391 | loss 0.1790 | acc 93.5% | 4s elapsed | eta 1s
Ep 233 | loss 0.1792 | task 0.1792 | train 93.5% | test 79.9% | 6s
  step 100/391 | loss 0.1807 | acc 93.6% | 1s elapsed | eta 4s
  step 200/391 | loss 0.1780 | acc 93.6% | 2s elapsed | eta 2s
  step 300/391 | loss 0.1797 | acc 93.4% | 4s elapsed | eta 1s
Ep 234 | loss 0.1797 | task 0.1797 | train 93.4% | test 79.9% | 6s
  step 100/391 | loss 0.1739 | acc 93.5% | 2s elapsed | eta 5s
  step 200/391 | loss 0.1766 | acc 93.6% | 3s elapsed | eta 3s
  step 300/391 | loss 0.1785 | acc 93.6% | 4s elapsed | eta 1s
Ep 235 | loss 0.1778 | task 0.1778 | train 93.6% | test 79.8% | 7s
  step 100/391 | loss 0.1748 | acc 93.9% | 2s elapsed | eta 6s
  step 200/391 | loss 0.1811 | acc 93.6% | 4s elapsed | eta 4s
  step 300/391 | loss 0.1804 | acc 93.6% | 6s elapsed | eta 2s
Ep 236 | loss 0.1789 | task 0.1789 | train 93.7% | test 79.9% | 9s
  step 100/391 | loss 0.1765 | acc 93.6% | 2s elapsed | eta 5s
  step 200/391 | loss 0.1688 | acc 93.9% | 3s elapsed | eta 3s
  step 300/391 | loss 0.1698 | acc 93.9% | 4s elapsed | eta 1s
Ep 237 | loss 0.1727 | task 0.1727 | train 93.8% | test 80.0% | 6s
  step 100/391 | loss 0.1737 | acc 93.6% | 2s elapsed | eta 4s
  step 200/391 | loss 0.1792 | acc 93.5% | 3s elapsed | eta 3s
  step 300/391 | loss 0.1798 | acc 93.4% | 4s elapsed | eta 1s
Ep 238 | loss 0.1786 | task 0.1786 | train 93.5% | test 80.0% | 6s
  step 100/391 | loss 0.1713 | acc 93.9% | 1s elapsed | eta 4s
  step 200/391 | loss 0.1734 | acc 93.8% | 3s elapsed | eta 2s
  step 300/391 | loss 0.1721 | acc 93.8% | 4s elapsed | eta 1s
Ep 239 | loss 0.1723 | task 0.1723 | train 93.8% | test 79.9% | 6s
  step 100/391 | loss 0.1678 | acc 93.8% | 2s elapsed | eta 5s
  step 200/391 | loss 0.1700 | acc 93.8% | 3s elapsed | eta 3s
  step 300/391 | loss 0.1693 | acc 93.7% | 5s elapsed | eta 1s
Ep 240 | loss 0.1713 | task 0.1713 | train 93.7% | test 80.1% | 7s
  step 100/391 | loss 0.1702 | acc 93.8% | 2s elapsed | eta 5s
  step 200/391 | loss 0.1749 | acc 93.7% | 3s elapsed | eta 3s
  step 300/391 | loss 0.1741 | acc 93.7% | 4s elapsed | eta 1s
Ep 241 | loss 0.1722 | task 0.1722 | train 93.8% | test 79.9% | 6s
  step 100/391 | loss 0.1701 | acc 93.8% | 1s elapsed | eta 4s
  step 200/391 | loss 0.1724 | acc 93.8% | 2s elapsed | eta 2s
  step 300/391 | loss 0.1738 | acc 93.7% | 3s elapsed | eta 1s
Ep 242 | loss 0.1717 | task 0.1717 | train 93.8% | test 80.2% | 5s
  step 100/391 | loss 0.1629 | acc 93.9% | 2s elapsed | eta 4s
  step 200/391 | loss 0.1672 | acc 93.9% | 3s elapsed | eta 3s
  step 300/391 | loss 0.1681 | acc 93.9% | 4s elapsed | eta 1s
Ep 243 | loss 0.1706 | task 0.1706 | train 93.9% | test 80.2% | 6s
  step 100/391 | loss 0.1722 | acc 93.9% | 2s elapsed | eta 5s
  step 200/391 | loss 0.1695 | acc 94.0% | 3s elapsed | eta 3s
  step 300/391 | loss 0.1688 | acc 94.0% | 5s elapsed | eta 1s
Ep 244 | loss 0.1681 | task 0.1681 | train 94.0% | test 80.0% | 8s
  step 100/391 | loss 0.1714 | acc 93.8% | 2s elapsed | eta 5s
  step 200/391 | loss 0.1678 | acc 93.9% | 3s elapsed | eta 2s
  step 300/391 | loss 0.1681 | acc 93.9% | 4s elapsed | eta 1s
Ep 245 | loss 0.1690 | task 0.1690 | train 93.8% | test 80.2% | 6s
  step 100/391 | loss 0.1760 | acc 93.5% | 1s elapsed | eta 4s
  step 200/391 | loss 0.1692 | acc 93.9% | 2s elapsed | eta 2s
  step 300/391 | loss 0.1691 | acc 93.9% | 3s elapsed | eta 1s
Ep 246 | loss 0.1692 | task 0.1692 | train 93.9% | test 80.0% | 5s
  step 100/391 | loss 0.1673 | acc 93.9% | 1s elapsed | eta 4s
  step 200/391 | loss 0.1655 | acc 94.0% | 2s elapsed | eta 2s
  step 300/391 | loss 0.1672 | acc 94.0% | 4s elapsed | eta 1s
Ep 247 | loss 0.1677 | task 0.1677 | train 94.1% | test 80.0% | 6s
  step 100/391 | loss 0.1639 | acc 94.1% | 2s elapsed | eta 5s
  step 200/391 | loss 0.1654 | acc 94.1% | 3s elapsed | eta 3s
  step 300/391 | loss 0.1671 | acc 94.0% | 5s elapsed | eta 1s
Ep 248 | loss 0.1664 | task 0.1664 | train 94.0% | test 80.0% | 8s
  step 100/391 | loss 0.1677 | acc 94.1% | 2s elapsed | eta 4s
  step 200/391 | loss 0.1664 | acc 94.2% | 3s elapsed | eta 2s
  step 300/391 | loss 0.1650 | acc 94.1% | 4s elapsed | eta 1s
Ep 249 | loss 0.1668 | task 0.1668 | train 94.0% | test 80.3% | 6s
  step 100/391 | loss 0.1633 | acc 94.1% | 1s elapsed | eta 3s
  step 200/391 | loss 0.1629 | acc 94.1% | 2s elapsed | eta 2s
  step 300/391 | loss 0.1625 | acc 94.1% | 3s elapsed | eta 1s
Ep 250 | loss 0.1626 | task 0.1626 | train 94.1% | test 80.1% | 5s
  step 100/391 | loss 0.1629 | acc 94.1% | 2s elapsed | eta 5s
  step 200/391 | loss 0.1640 | acc 94.0% | 3s elapsed | eta 3s
  step 300/391 | loss 0.1649 | acc 94.1% | 5s elapsed | eta 2s
Ep 251 | loss 0.1657 | task 0.1657 | train 94.0% | test 80.1% | 8s
  step 100/391 | loss 0.1616 | acc 94.3% | 2s elapsed | eta 5s
  step 200/391 | loss 0.1639 | acc 94.2% | 3s elapsed | eta 3s
  step 300/391 | loss 0.1641 | acc 94.1% | 5s elapsed | eta 2s
Ep 252 | loss 0.1640 | task 0.1640 | train 94.1% | test 80.3% | 7s
  step 100/391 | loss 0.1651 | acc 94.0% | 1s elapsed | eta 4s
  step 200/391 | loss 0.1633 | acc 94.2% | 2s elapsed | eta 2s
  step 300/391 | loss 0.1639 | acc 94.1% | 4s elapsed | eta 1s
Ep 253 | loss 0.1637 | task 0.1637 | train 94.1% | test 80.0% | 5s
  step 100/391 | loss 0.1625 | acc 94.1% | 1s elapsed | eta 4s
  step 200/391 | loss 0.1606 | acc 94.2% | 2s elapsed | eta 2s
  step 300/391 | loss 0.1631 | acc 94.1% | 3s elapsed | eta 1s
Ep 254 | loss 0.1621 | task 0.1621 | train 94.1% | test 80.4% | 5s
  step 100/391 | loss 0.1582 | acc 94.4% | 2s elapsed | eta 6s
  step 200/391 | loss 0.1601 | acc 94.2% | 3s elapsed | eta 3s
  step 300/391 | loss 0.1617 | acc 94.2% | 5s elapsed | eta 2s
Ep 255 | loss 0.1617 | task 0.1617 | train 94.2% | test 80.3% | 8s
  step 100/391 | loss 0.1602 | acc 94.3% | 2s elapsed | eta 5s
  step 200/391 | loss 0.1569 | acc 94.4% | 3s elapsed | eta 3s
  step 300/391 | loss 0.1600 | acc 94.3% | 5s elapsed | eta 1s
Ep 256 | loss 0.1605 | task 0.1605 | train 94.3% | test 80.1% | 7s
  step 100/391 | loss 0.1627 | acc 94.1% | 1s elapsed | eta 4s
  step 200/391 | loss 0.1625 | acc 94.0% | 2s elapsed | eta 2s
  step 300/391 | loss 0.1625 | acc 94.1% | 3s elapsed | eta 1s
Ep 257 | loss 0.1620 | task 0.1620 | train 94.1% | test 80.1% | 5s
  step 100/391 | loss 0.1604 | acc 94.1% | 1s elapsed | eta 4s
  step 200/391 | loss 0.1567 | acc 94.3% | 2s elapsed | eta 2s
  step 300/391 | loss 0.1565 | acc 94.4% | 4s elapsed | eta 1s
Ep 258 | loss 0.1578 | task 0.1578 | train 94.3% | test 80.2% | 6s
  step 100/391 | loss 0.1536 | acc 94.4% | 1s elapsed | eta 4s
  step 200/391 | loss 0.1583 | acc 94.3% | 3s elapsed | eta 3s
  step 300/391 | loss 0.1571 | acc 94.4% | 5s elapsed | eta 2s
Ep 259 | loss 0.1574 | task 0.1574 | train 94.3% | test 80.3% | 8s
  step 100/391 | loss 0.1548 | acc 94.3% | 2s elapsed | eta 5s
  step 200/391 | loss 0.1551 | acc 94.3% | 3s elapsed | eta 3s
  step 300/391 | loss 0.1549 | acc 94.3% | 5s elapsed | eta 2s
Ep 260 | loss 0.1553 | task 0.1553 | train 94.3% | test 80.3% | 7s
  step 100/391 | loss 0.1541 | acc 94.6% | 1s elapsed | eta 4s
  step 200/391 | loss 0.1574 | acc 94.3% | 2s elapsed | eta 2s
  step 300/391 | loss 0.1569 | acc 94.3% | 3s elapsed | eta 1s
Ep 261 | loss 0.1575 | task 0.1575 | train 94.3% | test 80.2% | 5s
  step 100/391 | loss 0.1614 | acc 94.3% | 1s elapsed | eta 4s
  step 200/391 | loss 0.1597 | acc 94.2% | 2s elapsed | eta 2s
  step 300/391 | loss 0.1597 | acc 94.2% | 3s elapsed | eta 1s
Ep 262 | loss 0.1593 | task 0.1593 | train 94.2% | test 80.4% | 5s
  step 100/391 | loss 0.1638 | acc 94.4% | 2s elapsed | eta 5s
  step 200/391 | loss 0.1598 | acc 94.3% | 3s elapsed | eta 3s
  step 300/391 | loss 0.1596 | acc 94.3% | 5s elapsed | eta 2s
Ep 263 | loss 0.1582 | task 0.1582 | train 94.3% | test 80.4% | 8s
  step 100/391 | loss 0.1496 | acc 94.7% | 2s elapsed | eta 5s
  step 200/391 | loss 0.1529 | acc 94.4% | 3s elapsed | eta 3s
  step 300/391 | loss 0.1552 | acc 94.4% | 5s elapsed | eta 2s
Ep 264 | loss 0.1550 | task 0.1550 | train 94.4% | test 80.4% | 7s
  step 100/391 | loss 0.1586 | acc 94.5% | 1s elapsed | eta 4s
  step 200/391 | loss 0.1563 | acc 94.6% | 2s elapsed | eta 2s
  step 300/391 | loss 0.1584 | acc 94.3% | 3s elapsed | eta 1s
Ep 265 | loss 0.1569 | task 0.1569 | train 94.4% | test 80.3% | 5s
  step 100/391 | loss 0.1614 | acc 94.1% | 1s elapsed | eta 4s
  step 200/391 | loss 0.1563 | acc 94.4% | 2s elapsed | eta 2s
  step 300/391 | loss 0.1580 | acc 94.3% | 4s elapsed | eta 1s
Ep 266 | loss 0.1563 | task 0.1563 | train 94.3% | test 80.2% | 6s
  step 100/391 | loss 0.1575 | acc 94.1% | 2s elapsed | eta 6s
  step 200/391 | loss 0.1548 | acc 94.3% | 4s elapsed | eta 4s
  step 300/391 | loss 0.1561 | acc 94.3% | 6s elapsed | eta 2s
Ep 267 | loss 0.1558 | task 0.1558 | train 94.3% | test 80.3% | 9s
  step 100/391 | loss 0.1533 | acc 94.5% | 2s elapsed | eta 5s
  step 200/391 | loss 0.1571 | acc 94.4% | 3s elapsed | eta 3s
  step 300/391 | loss 0.1583 | acc 94.3% | 4s elapsed | eta 1s
Ep 268 | loss 0.1584 | task 0.1584 | train 94.3% | test 80.2% | 6s
  step 100/391 | loss 0.1576 | acc 94.3% | 1s elapsed | eta 4s
  step 200/391 | loss 0.1578 | acc 94.3% | 2s elapsed | eta 2s
  step 300/391 | loss 0.1575 | acc 94.3% | 3s elapsed | eta 1s
Ep 269 | loss 0.1574 | task 0.1574 | train 94.3% | test 80.2% | 5s
  step 100/391 | loss 0.1517 | acc 94.6% | 1s elapsed | eta 4s
  step 200/391 | loss 0.1545 | acc 94.5% | 2s elapsed | eta 2s
  step 300/391 | loss 0.1520 | acc 94.6% | 3s elapsed | eta 1s
Ep 270 | loss 0.1527 | task 0.1527 | train 94.6% | test 80.2% | 5s
  step 100/391 | loss 0.1514 | acc 94.4% | 2s elapsed | eta 6s
  step 200/391 | loss 0.1477 | acc 94.7% | 3s elapsed | eta 3s
  step 300/391 | loss 0.1485 | acc 94.7% | 5s elapsed | eta 1s
Ep 271 | loss 0.1511 | task 0.1511 | train 94.6% | test 80.3% | 7s
  step 100/391 | loss 0.1547 | acc 94.5% | 2s elapsed | eta 6s
  step 200/391 | loss 0.1570 | acc 94.4% | 4s elapsed | eta 3s
  step 300/391 | loss 0.1569 | acc 94.4% | 5s elapsed | eta 1s
Ep 272 | loss 0.1561 | task 0.1561 | train 94.4% | test 80.2% | 7s
  step 100/391 | loss 0.1583 | acc 94.3% | 1s elapsed | eta 4s
  step 200/391 | loss 0.1556 | acc 94.5% | 2s elapsed | eta 2s
  step 300/391 | loss 0.1552 | acc 94.4% | 4s elapsed | eta 1s
Ep 273 | loss 0.1534 | task 0.1534 | train 94.5% | test 80.1% | 6s
  step 100/391 | loss 0.1462 | acc 94.9% | 1s elapsed | eta 4s
  step 200/391 | loss 0.1484 | acc 94.7% | 3s elapsed | eta 3s
  step 300/391 | loss 0.1517 | acc 94.6% | 4s elapsed | eta 1s
Ep 274 | loss 0.1516 | task 0.1516 | train 94.6% | test 80.3% | 6s
  step 100/391 | loss 0.1513 | acc 94.5% | 2s elapsed | eta 6s
  step 200/391 | loss 0.1510 | acc 94.6% | 4s elapsed | eta 4s
  step 300/391 | loss 0.1521 | acc 94.5% | 6s elapsed | eta 2s
Ep 275 | loss 0.1542 | task 0.1542 | train 94.5% | test 80.4% | 9s
  step 100/391 | loss 0.1569 | acc 94.4% | 2s elapsed | eta 5s
  step 200/391 | loss 0.1548 | acc 94.4% | 2s elapsed | eta 2s
  step 300/391 | loss 0.1550 | acc 94.5% | 3s elapsed | eta 1s
Ep 276 | loss 0.1557 | task 0.1557 | train 94.4% | test 80.4% | 5s
  step 100/391 | loss 0.1513 | acc 94.5% | 1s elapsed | eta 3s
  step 200/391 | loss 0.1514 | acc 94.5% | 2s elapsed | eta 2s
  step 300/391 | loss 0.1534 | acc 94.5% | 3s elapsed | eta 1s
Ep 277 | loss 0.1552 | task 0.1552 | train 94.4% | test 80.4% | 4s
  step 100/391 | loss 0.1540 | acc 94.6% | 1s elapsed | eta 2s
  step 200/391 | loss 0.1522 | acc 94.6% | 2s elapsed | eta 2s
  step 300/391 | loss 0.1525 | acc 94.6% | 3s elapsed | eta 1s
Ep 278 | loss 0.1543 | task 0.1543 | train 94.5% | test 80.3% | 5s
  step 100/391 | loss 0.1558 | acc 94.4% | 1s elapsed | eta 4s
  step 200/391 | loss 0.1534 | acc 94.4% | 3s elapsed | eta 2s
  step 300/391 | loss 0.1506 | acc 94.5% | 4s elapsed | eta 1s
Ep 279 | loss 0.1523 | task 0.1523 | train 94.5% | test 80.3% | 6s
  step 100/391 | loss 0.1573 | acc 94.3% | 1s elapsed | eta 4s
  step 200/391 | loss 0.1501 | acc 94.7% | 3s elapsed | eta 2s
  step 300/391 | loss 0.1514 | acc 94.6% | 3s elapsed | eta 1s
Ep 280 | loss 0.1513 | task 0.1513 | train 94.6% | test 80.3% | 4s
  step 100/391 | loss 0.1481 | acc 94.8% | 1s elapsed | eta 2s
  step 200/391 | loss 0.1497 | acc 94.6% | 1s elapsed | eta 1s
  step 300/391 | loss 0.1506 | acc 94.6% | 2s elapsed | eta 1s
Ep 281 | loss 0.1504 | task 0.1504 | train 94.6% | test 80.3% | 3s
  step 100/391 | loss 0.1488 | acc 94.8% | 1s elapsed | eta 3s
  step 200/391 | loss 0.1507 | acc 94.6% | 2s elapsed | eta 1s
  step 300/391 | loss 0.1516 | acc 94.6% | 2s elapsed | eta 1s
Ep 282 | loss 0.1521 | task 0.1521 | train 94.5% | test 80.4% | 3s
  step 100/391 | loss 0.1445 | acc 94.7% | 1s elapsed | eta 2s
  step 200/391 | loss 0.1490 | acc 94.7% | 1s elapsed | eta 1s
  step 300/391 | loss 0.1495 | acc 94.6% | 2s elapsed | eta 1s
Ep 283 | loss 0.1501 | task 0.1501 | train 94.6% | test 80.4% | 3s
  step 100/391 | loss 0.1476 | acc 94.7% | 1s elapsed | eta 2s
  step 200/391 | loss 0.1482 | acc 94.6% | 1s elapsed | eta 1s
  step 300/391 | loss 0.1468 | acc 94.7% | 2s elapsed | eta 1s
Ep 284 | loss 0.1493 | task 0.1493 | train 94.6% | test 80.5% | 3s
  step 100/391 | loss 0.1491 | acc 94.6% | 1s elapsed | eta 3s
  step 200/391 | loss 0.1489 | acc 94.7% | 2s elapsed | eta 2s
  step 300/391 | loss 0.1483 | acc 94.7% | 2s elapsed | eta 1s
Ep 285 | loss 0.1496 | task 0.1496 | train 94.6% | test 80.4% | 4s
  step 100/391 | loss 0.1454 | acc 94.9% | 1s elapsed | eta 3s
  step 200/391 | loss 0.1445 | acc 94.9% | 2s elapsed | eta 2s
  step 300/391 | loss 0.1464 | acc 94.8% | 2s elapsed | eta 1s
Ep 286 | loss 0.1470 | task 0.1470 | train 94.8% | test 80.4% | 4s
  step 100/391 | loss 0.1500 | acc 94.4% | 1s elapsed | eta 3s
  step 200/391 | loss 0.1456 | acc 94.6% | 2s elapsed | eta 2s
  step 300/391 | loss 0.1490 | acc 94.6% | 2s elapsed | eta 1s
Ep 287 | loss 0.1501 | task 0.1501 | train 94.5% | test 80.4% | 4s
  step 100/391 | loss 0.1493 | acc 94.7% | 1s elapsed | eta 3s
  step 200/391 | loss 0.1495 | acc 94.7% | 2s elapsed | eta 2s
  step 300/391 | loss 0.1486 | acc 94.7% | 2s elapsed | eta 1s
Ep 288 | loss 0.1498 | task 0.1498 | train 94.6% | test 80.5% | 4s
  step 100/391 | loss 0.1443 | acc 94.7% | 1s elapsed | eta 4s
  step 200/391 | loss 0.1441 | acc 94.8% | 2s elapsed | eta 2s
  step 300/391 | loss 0.1471 | acc 94.7% | 2s elapsed | eta 1s
Ep 289 | loss 0.1490 | task 0.1490 | train 94.7% | test 80.5% | 4s
  step 100/391 | loss 0.1422 | acc 94.6% | 1s elapsed | eta 3s
  step 200/391 | loss 0.1470 | acc 94.6% | 2s elapsed | eta 2s
  step 300/391 | loss 0.1468 | acc 94.6% | 2s elapsed | eta 1s
Ep 290 | loss 0.1466 | task 0.1466 | train 94.7% | test 80.5% | 4s
  step 100/391 | loss 0.1435 | acc 94.9% | 1s elapsed | eta 3s
  step 200/391 | loss 0.1488 | acc 94.7% | 2s elapsed | eta 2s
  step 300/391 | loss 0.1509 | acc 94.6% | 2s elapsed | eta 1s
Ep 291 | loss 0.1491 | task 0.1491 | train 94.7% | test 80.5% | 4s
  step 100/391 | loss 0.1471 | acc 94.6% | 1s elapsed | eta 4s
  step 200/391 | loss 0.1492 | acc 94.5% | 2s elapsed | eta 2s
  step 300/391 | loss 0.1484 | acc 94.6% | 2s elapsed | eta 1s
Ep 292 | loss 0.1487 | task 0.1487 | train 94.6% | test 80.4% | 3s
  step 100/391 | loss 0.1441 | acc 94.8% | 1s elapsed | eta 2s
  step 200/391 | loss 0.1475 | acc 94.7% | 1s elapsed | eta 1s
  step 300/391 | loss 0.1477 | acc 94.7% | 2s elapsed | eta 1s
Ep 293 | loss 0.1483 | task 0.1483 | train 94.7% | test 80.4% | 3s
  step 100/391 | loss 0.1426 | acc 94.9% | 1s elapsed | eta 2s
  step 200/391 | loss 0.1446 | acc 94.8% | 1s elapsed | eta 1s
  step 300/391 | loss 0.1474 | acc 94.7% | 2s elapsed | eta 1s
Ep 294 | loss 0.1450 | task 0.1450 | train 94.8% | test 80.5% | 3s
  step 100/391 | loss 0.1513 | acc 94.7% | 1s elapsed | eta 2s
  step 200/391 | loss 0.1521 | acc 94.7% | 1s elapsed | eta 1s
  step 300/391 | loss 0.1531 | acc 94.6% | 2s elapsed | eta 1s
Ep 295 | loss 0.1529 | task 0.1529 | train 94.7% | test 80.5% | 3s
  step 100/391 | loss 0.1491 | acc 94.5% | 1s elapsed | eta 2s
  step 200/391 | loss 0.1477 | acc 94.7% | 1s elapsed | eta 1s
  step 300/391 | loss 0.1487 | acc 94.7% | 2s elapsed | eta 1s
Ep 296 | loss 0.1498 | task 0.1498 | train 94.6% | test 80.5% | 3s
  step 100/391 | loss 0.1418 | acc 94.9% | 1s elapsed | eta 2s
  step 200/391 | loss 0.1459 | acc 94.7% | 1s elapsed | eta 1s
  step 300/391 | loss 0.1470 | acc 94.7% | 2s elapsed | eta 1s
Ep 297 | loss 0.1461 | task 0.1461 | train 94.7% | test 80.5% | 3s
  step 100/391 | loss 0.1532 | acc 94.6% | 1s elapsed | eta 3s
  step 200/391 | loss 0.1475 | acc 94.8% | 1s elapsed | eta 1s
  step 300/391 | loss 0.1475 | acc 94.8% | 2s elapsed | eta 1s
Ep 298 | loss 0.1466 | task 0.1466 | train 94.8% | test 80.4% | 3s
  step 100/391 | loss 0.1478 | acc 94.6% | 1s elapsed | eta 2s
  step 200/391 | loss 0.1476 | acc 94.6% | 1s elapsed | eta 1s
  step 300/391 | loss 0.1487 | acc 94.7% | 2s elapsed | eta 1s
Ep 299 | loss 0.1492 | task 0.1492 | train 94.6% | test 80.4% | 3s
  step 100/391 | loss 0.1536 | acc 94.3% | 1s elapsed | eta 2s
  step 200/391 | loss 0.1516 | acc 94.5% | 1s elapsed | eta 1s
  step 300/391 | loss 0.1494 | acc 94.6% | 2s elapsed | eta 1s
Ep 300 | loss 0.1494 | task 0.1494 | train 94.6% | test 80.4% | 3s
Saved checkpoint to models/base_dim192_K2_300ep.pt
