/home/ec2-user/dev/ugh/.venv/lib/python3.13/site-packages/torchvision/datasets/cifar.py:83: VisibleDeprecationWarning: dtype(): align should be passed as Python or NumPy boolean but got `align=0`. Did you mean to pass a tuple to create a subarray type? (Deprecated NumPy 2.4)
  entry = pickle.load(f, encoding="latin1")
Model: baseline | Params: 914,122 | K=2 | blocks/unit=-
----------------------------------------------------------------------
  step 100/391 | loss 1.9672 | acc 26.5% | 1s elapsed | eta 4s
  step 200/391 | loss 1.8847 | acc 29.4% | 2s elapsed | eta 2s
  step 300/391 | loss 1.8195 | acc 32.0% | 3s elapsed | eta 1s
Ep   1 | loss 1.7714 | task 1.7714 | train 34.0% | test 43.2% | 4s
  step 100/391 | loss 1.5505 | acc 43.9% | 1s elapsed | eta 3s
  step 200/391 | loss 1.5252 | acc 44.6% | 2s elapsed | eta 2s
  step 300/391 | loss 1.4990 | acc 45.5% | 2s elapsed | eta 1s
Ep   2 | loss 1.4831 | task 1.4831 | train 46.1% | test 50.8% | 3s
  step 100/391 | loss 1.3973 | acc 49.0% | 1s elapsed | eta 3s
  step 200/391 | loss 1.3786 | acc 49.9% | 2s elapsed | eta 2s
  step 300/391 | loss 1.3631 | acc 50.4% | 2s elapsed | eta 1s
Ep   3 | loss 1.3534 | task 1.3534 | train 50.6% | test 53.7% | 3s
  step 100/391 | loss 1.2970 | acc 52.5% | 1s elapsed | eta 3s
  step 200/391 | loss 1.2946 | acc 52.4% | 2s elapsed | eta 2s
  step 300/391 | loss 1.2860 | acc 53.0% | 2s elapsed | eta 1s
Ep   4 | loss 1.2771 | task 1.2771 | train 53.5% | test 56.9% | 3s
  step 100/391 | loss 1.2287 | acc 55.0% | 1s elapsed | eta 2s
  step 200/391 | loss 1.2237 | acc 55.5% | 2s elapsed | eta 1s
  step 300/391 | loss 1.2155 | acc 55.8% | 2s elapsed | eta 1s
Ep   5 | loss 1.2056 | task 1.2056 | train 56.2% | test 58.3% | 3s
  step 100/391 | loss 1.1753 | acc 57.7% | 1s elapsed | eta 3s
  step 200/391 | loss 1.1757 | acc 57.5% | 2s elapsed | eta 2s
  step 300/391 | loss 1.1672 | acc 58.0% | 2s elapsed | eta 1s
Ep   6 | loss 1.1590 | task 1.1590 | train 58.3% | test 61.0% | 3s
  step 100/391 | loss 1.1293 | acc 59.4% | 1s elapsed | eta 2s
  step 200/391 | loss 1.1281 | acc 59.3% | 1s elapsed | eta 1s
  step 300/391 | loss 1.1222 | acc 59.5% | 2s elapsed | eta 1s
Ep   7 | loss 1.1187 | task 1.1187 | train 59.6% | test 60.9% | 3s
  step 100/391 | loss 1.0879 | acc 60.8% | 1s elapsed | eta 3s
  step 200/391 | loss 1.0830 | acc 61.0% | 2s elapsed | eta 2s
  step 300/391 | loss 1.0816 | acc 61.1% | 2s elapsed | eta 1s
Ep   8 | loss 1.0764 | task 1.0764 | train 61.2% | test 63.9% | 3s
  step 100/391 | loss 1.0630 | acc 61.3% | 1s elapsed | eta 3s
  step 200/391 | loss 1.0632 | acc 61.7% | 2s elapsed | eta 1s
  step 300/391 | loss 1.0539 | acc 62.0% | 2s elapsed | eta 1s
Ep   9 | loss 1.0449 | task 1.0449 | train 62.3% | test 64.4% | 3s
  step 100/391 | loss 0.9998 | acc 64.0% | 1s elapsed | eta 3s
  step 200/391 | loss 1.0142 | acc 63.6% | 2s elapsed | eta 2s
  step 300/391 | loss 1.0174 | acc 63.5% | 2s elapsed | eta 1s
Ep  10 | loss 1.0127 | task 1.0127 | train 63.6% | test 64.1% | 3s
  step 100/391 | loss 0.9960 | acc 64.5% | 1s elapsed | eta 3s
  step 200/391 | loss 0.9980 | acc 64.2% | 2s elapsed | eta 2s
  step 300/391 | loss 0.9908 | acc 64.5% | 2s elapsed | eta 1s
Ep  11 | loss 0.9945 | task 0.9945 | train 64.4% | test 65.8% | 3s
  step 100/391 | loss 0.9696 | acc 65.0% | 1s elapsed | eta 3s
  step 200/391 | loss 0.9677 | acc 65.1% | 1s elapsed | eta 1s
  step 300/391 | loss 0.9669 | acc 65.2% | 2s elapsed | eta 1s
Ep  12 | loss 0.9706 | task 0.9706 | train 65.1% | test 67.3% | 3s
  step 100/391 | loss 0.9625 | acc 65.9% | 1s elapsed | eta 3s
  step 200/391 | loss 0.9553 | acc 66.0% | 2s elapsed | eta 2s
  step 300/391 | loss 0.9529 | acc 66.0% | 2s elapsed | eta 1s
Ep  13 | loss 0.9482 | task 0.9482 | train 66.0% | test 66.8% | 4s
  step 100/391 | loss 0.9211 | acc 67.0% | 1s elapsed | eta 3s
  step 200/391 | loss 0.9234 | acc 67.1% | 2s elapsed | eta 2s
  step 300/391 | loss 0.9302 | acc 66.7% | 2s elapsed | eta 1s
Ep  14 | loss 0.9302 | task 0.9302 | train 66.7% | test 68.5% | 3s
  step 100/391 | loss 0.9136 | acc 67.7% | 1s elapsed | eta 3s
  step 200/391 | loss 0.9212 | acc 67.2% | 2s elapsed | eta 2s
  step 300/391 | loss 0.9160 | acc 67.2% | 2s elapsed | eta 1s
Ep  15 | loss 0.9107 | task 0.9107 | train 67.3% | test 68.9% | 3s
  step 100/391 | loss 0.8848 | acc 68.2% | 1s elapsed | eta 3s
  step 200/391 | loss 0.8962 | acc 67.8% | 2s elapsed | eta 2s
  step 300/391 | loss 0.8956 | acc 67.8% | 2s elapsed | eta 1s
Ep  16 | loss 0.8966 | task 0.8966 | train 67.9% | test 68.6% | 3s
  step 100/391 | loss 0.8664 | acc 69.2% | 1s elapsed | eta 3s
  step 200/391 | loss 0.8765 | acc 68.7% | 2s elapsed | eta 2s
  step 300/391 | loss 0.8756 | acc 68.6% | 2s elapsed | eta 1s
Ep  17 | loss 0.8745 | task 0.8745 | train 68.6% | test 71.0% | 3s
  step 100/391 | loss 0.8519 | acc 69.5% | 1s elapsed | eta 3s
  step 200/391 | loss 0.8663 | acc 69.2% | 2s elapsed | eta 1s
  step 300/391 | loss 0.8643 | acc 69.3% | 2s elapsed | eta 1s
Ep  18 | loss 0.8647 | task 0.8647 | train 69.2% | test 69.2% | 3s
  step 100/391 | loss 0.8454 | acc 70.0% | 1s elapsed | eta 3s
  step 200/391 | loss 0.8583 | acc 69.6% | 2s elapsed | eta 2s
  step 300/391 | loss 0.8543 | acc 69.7% | 2s elapsed | eta 1s
Ep  19 | loss 0.8529 | task 0.8529 | train 69.7% | test 71.3% | 3s
  step 100/391 | loss 0.8449 | acc 69.5% | 1s elapsed | eta 3s
  step 200/391 | loss 0.8402 | acc 69.9% | 2s elapsed | eta 2s
  step 300/391 | loss 0.8365 | acc 70.1% | 2s elapsed | eta 1s
Ep  20 | loss 0.8362 | task 0.8362 | train 70.1% | test 71.3% | 3s
  step 100/391 | loss 0.8420 | acc 69.8% | 1s elapsed | eta 2s
  step 200/391 | loss 0.8344 | acc 70.1% | 1s elapsed | eta 1s
  step 300/391 | loss 0.8312 | acc 70.3% | 2s elapsed | eta 1s
Ep  21 | loss 0.8300 | task 0.8300 | train 70.4% | test 72.0% | 3s
  step 100/391 | loss 0.7993 | acc 71.8% | 1s elapsed | eta 3s
  step 200/391 | loss 0.8051 | acc 71.5% | 2s elapsed | eta 2s
  step 300/391 | loss 0.8103 | acc 71.3% | 2s elapsed | eta 1s
Ep  22 | loss 0.8115 | task 0.8115 | train 71.2% | test 72.1% | 3s
  step 100/391 | loss 0.7736 | acc 71.9% | 1s elapsed | eta 3s
  step 200/391 | loss 0.7992 | acc 71.2% | 2s elapsed | eta 1s
  step 300/391 | loss 0.7997 | acc 71.4% | 2s elapsed | eta 1s
Ep  23 | loss 0.8006 | task 0.8006 | train 71.3% | test 72.0% | 3s
  step 100/391 | loss 0.7909 | acc 71.5% | 1s elapsed | eta 3s
  step 200/391 | loss 0.7828 | acc 71.9% | 2s elapsed | eta 2s
  step 300/391 | loss 0.7886 | acc 71.9% | 2s elapsed | eta 1s
Ep  24 | loss 0.7932 | task 0.7932 | train 71.8% | test 73.3% | 3s
  step 100/391 | loss 0.7782 | acc 72.2% | 1s elapsed | eta 3s
  step 200/391 | loss 0.7780 | acc 72.3% | 2s elapsed | eta 2s
  step 300/391 | loss 0.7780 | acc 72.2% | 2s elapsed | eta 1s
Ep  25 | loss 0.7820 | task 0.7820 | train 72.0% | test 74.0% | 3s
  step 100/391 | loss 0.7745 | acc 72.2% | 1s elapsed | eta 3s
  step 200/391 | loss 0.7792 | acc 72.1% | 2s elapsed | eta 2s
  step 300/391 | loss 0.7788 | acc 72.3% | 2s elapsed | eta 1s
Ep  26 | loss 0.7795 | task 0.7795 | train 72.3% | test 72.9% | 3s
  step 100/391 | loss 0.7348 | acc 73.8% | 1s elapsed | eta 3s
  step 200/391 | loss 0.7549 | acc 73.1% | 2s elapsed | eta 2s
  step 300/391 | loss 0.7605 | acc 73.0% | 2s elapsed | eta 1s
Ep  27 | loss 0.7641 | task 0.7641 | train 72.8% | test 73.4% | 4s
  step 100/391 | loss 0.7747 | acc 72.6% | 1s elapsed | eta 2s
  step 200/391 | loss 0.7595 | acc 73.0% | 2s elapsed | eta 1s
  step 300/391 | loss 0.7543 | acc 73.1% | 2s elapsed | eta 1s
Ep  28 | loss 0.7558 | task 0.7558 | train 73.0% | test 73.6% | 3s
  step 100/391 | loss 0.7337 | acc 74.0% | 1s elapsed | eta 3s
  step 200/391 | loss 0.7455 | acc 73.5% | 2s elapsed | eta 2s
  step 300/391 | loss 0.7470 | acc 73.5% | 2s elapsed | eta 1s
Ep  29 | loss 0.7460 | task 0.7460 | train 73.4% | test 72.6% | 4s
  step 100/391 | loss 0.7189 | acc 74.0% | 1s elapsed | eta 2s
  step 200/391 | loss 0.7302 | acc 73.7% | 1s elapsed | eta 1s
  step 300/391 | loss 0.7351 | acc 73.6% | 2s elapsed | eta 1s
Ep  30 | loss 0.7375 | task 0.7375 | train 73.7% | test 74.1% | 3s
  step 100/391 | loss 0.7139 | acc 74.4% | 1s elapsed | eta 3s
  step 200/391 | loss 0.7203 | acc 74.3% | 2s elapsed | eta 2s
  step 300/391 | loss 0.7250 | acc 74.2% | 2s elapsed | eta 1s
Ep  31 | loss 0.7253 | task 0.7253 | train 74.1% | test 74.6% | 3s
  step 100/391 | loss 0.7109 | acc 74.4% | 1s elapsed | eta 2s
  step 200/391 | loss 0.7197 | acc 74.3% | 1s elapsed | eta 1s
  step 300/391 | loss 0.7237 | acc 74.2% | 2s elapsed | eta 1s
Ep  32 | loss 0.7221 | task 0.7221 | train 74.3% | test 74.2% | 3s
  step 100/391 | loss 0.7078 | acc 74.5% | 1s elapsed | eta 3s
  step 200/391 | loss 0.7074 | acc 74.7% | 2s elapsed | eta 2s
  step 300/391 | loss 0.7073 | acc 74.8% | 2s elapsed | eta 1s
Ep  33 | loss 0.7113 | task 0.7113 | train 74.6% | test 74.1% | 3s
  step 100/391 | loss 0.6911 | acc 75.2% | 1s elapsed | eta 3s
  step 200/391 | loss 0.6920 | acc 75.3% | 2s elapsed | eta 2s
  step 300/391 | loss 0.6971 | acc 75.1% | 2s elapsed | eta 1s
Ep  34 | loss 0.6993 | task 0.6993 | train 75.0% | test 74.9% | 3s
  step 100/391 | loss 0.6839 | acc 75.4% | 1s elapsed | eta 2s
  step 200/391 | loss 0.6924 | acc 75.2% | 1s elapsed | eta 1s
  step 300/391 | loss 0.6946 | acc 75.2% | 2s elapsed | eta 1s
Ep  35 | loss 0.6969 | task 0.6969 | train 75.1% | test 73.7% | 3s
  step 100/391 | loss 0.6822 | acc 75.7% | 1s elapsed | eta 3s
  step 200/391 | loss 0.6846 | acc 75.7% | 2s elapsed | eta 2s
  step 300/391 | loss 0.6880 | acc 75.5% | 2s elapsed | eta 1s
Ep  36 | loss 0.6892 | task 0.6892 | train 75.4% | test 74.9% | 3s
  step 100/391 | loss 0.6710 | acc 75.8% | 1s elapsed | eta 3s
  step 200/391 | loss 0.6740 | acc 75.9% | 2s elapsed | eta 2s
  step 300/391 | loss 0.6744 | acc 76.0% | 2s elapsed | eta 1s
Ep  37 | loss 0.6806 | task 0.6806 | train 75.7% | test 75.1% | 3s
  step 100/391 | loss 0.6597 | acc 76.4% | 1s elapsed | eta 3s
  step 200/391 | loss 0.6693 | acc 76.2% | 2s elapsed | eta 2s
  step 300/391 | loss 0.6697 | acc 76.1% | 2s elapsed | eta 1s
Ep  38 | loss 0.6703 | task 0.6703 | train 76.1% | test 75.4% | 4s
  step 100/391 | loss 0.6571 | acc 76.6% | 1s elapsed | eta 3s
  step 200/391 | loss 0.6686 | acc 76.2% | 2s elapsed | eta 2s
  step 300/391 | loss 0.6641 | acc 76.5% | 2s elapsed | eta 1s
Ep  39 | loss 0.6634 | task 0.6634 | train 76.4% | test 75.2% | 3s
  step 100/391 | loss 0.6621 | acc 76.6% | 1s elapsed | eta 3s
  step 200/391 | loss 0.6573 | acc 76.7% | 2s elapsed | eta 2s
  step 300/391 | loss 0.6593 | acc 76.5% | 2s elapsed | eta 1s
Ep  40 | loss 0.6613 | task 0.6613 | train 76.5% | test 76.0% | 3s
  step 100/391 | loss 0.6336 | acc 77.5% | 1s elapsed | eta 3s
  step 200/391 | loss 0.6391 | acc 77.2% | 2s elapsed | eta 2s
  step 300/391 | loss 0.6414 | acc 77.0% | 2s elapsed | eta 1s
Ep  41 | loss 0.6469 | task 0.6469 | train 76.9% | test 75.2% | 3s
  step 100/391 | loss 0.6181 | acc 78.0% | 1s elapsed | eta 2s
  step 200/391 | loss 0.6381 | acc 77.4% | 2s elapsed | eta 1s
  step 300/391 | loss 0.6481 | acc 77.1% | 2s elapsed | eta 1s
Ep  42 | loss 0.6493 | task 0.6493 | train 77.0% | test 75.3% | 3s
  step 100/391 | loss 0.6241 | acc 77.6% | 1s elapsed | eta 3s
  step 200/391 | loss 0.6362 | acc 77.2% | 2s elapsed | eta 2s
  step 300/391 | loss 0.6371 | acc 77.2% | 2s elapsed | eta 1s
Ep  43 | loss 0.6395 | task 0.6395 | train 77.2% | test 75.8% | 3s
  step 100/391 | loss 0.6169 | acc 77.7% | 1s elapsed | eta 2s
  step 200/391 | loss 0.6248 | acc 77.4% | 1s elapsed | eta 1s
  step 300/391 | loss 0.6292 | acc 77.5% | 2s elapsed | eta 1s
Ep  44 | loss 0.6318 | task 0.6318 | train 77.4% | test 76.8% | 3s
  step 100/391 | loss 0.6280 | acc 77.3% | 1s elapsed | eta 2s
  step 200/391 | loss 0.6276 | acc 77.4% | 2s elapsed | eta 1s
  step 300/391 | loss 0.6285 | acc 77.5% | 2s elapsed | eta 1s
Ep  45 | loss 0.6318 | task 0.6318 | train 77.3% | test 76.1% | 3s
  step 100/391 | loss 0.6000 | acc 78.4% | 1s elapsed | eta 3s
  step 200/391 | loss 0.6137 | acc 77.9% | 2s elapsed | eta 2s
  step 300/391 | loss 0.6158 | acc 77.8% | 2s elapsed | eta 1s
Ep  46 | loss 0.6191 | task 0.6191 | train 77.7% | test 75.4% | 3s
  step 100/391 | loss 0.6072 | acc 77.9% | 1s elapsed | eta 3s
  step 200/391 | loss 0.6130 | acc 77.7% | 2s elapsed | eta 2s
  step 300/391 | loss 0.6125 | acc 77.9% | 2s elapsed | eta 1s
Ep  47 | loss 0.6153 | task 0.6153 | train 77.9% | test 75.7% | 3s
  step 100/391 | loss 0.5871 | acc 78.6% | 1s elapsed | eta 3s
  step 200/391 | loss 0.6002 | acc 78.3% | 2s elapsed | eta 2s
  step 300/391 | loss 0.6037 | acc 78.2% | 2s elapsed | eta 1s
Ep  48 | loss 0.6077 | task 0.6077 | train 78.1% | test 75.8% | 3s
  step 100/391 | loss 0.5916 | acc 78.7% | 1s elapsed | eta 3s
  step 200/391 | loss 0.5924 | acc 78.8% | 2s elapsed | eta 2s
  step 300/391 | loss 0.5956 | acc 78.7% | 2s elapsed | eta 1s
Ep  49 | loss 0.6037 | task 0.6037 | train 78.4% | test 77.2% | 3s
  step 100/391 | loss 0.5811 | acc 79.1% | 1s elapsed | eta 3s
  step 200/391 | loss 0.5872 | acc 78.9% | 2s elapsed | eta 2s
  step 300/391 | loss 0.5936 | acc 78.8% | 2s elapsed | eta 1s
Ep  50 | loss 0.5957 | task 0.5957 | train 78.7% | test 76.4% | 3s
  step 100/391 | loss 0.5824 | acc 79.3% | 1s elapsed | eta 2s
  step 200/391 | loss 0.5870 | acc 79.2% | 1s elapsed | eta 1s
  step 300/391 | loss 0.5904 | acc 79.1% | 2s elapsed | eta 1s
Ep  51 | loss 0.5930 | task 0.5930 | train 79.0% | test 76.6% | 3s
  step 100/391 | loss 0.5759 | acc 79.5% | 1s elapsed | eta 3s
  step 200/391 | loss 0.5833 | acc 79.3% | 2s elapsed | eta 2s
  step 300/391 | loss 0.5862 | acc 79.0% | 2s elapsed | eta 1s
Ep  52 | loss 0.5900 | task 0.5900 | train 78.9% | test 76.3% | 3s
  step 100/391 | loss 0.5701 | acc 79.6% | 1s elapsed | eta 2s
  step 200/391 | loss 0.5739 | acc 79.5% | 1s elapsed | eta 1s
  step 300/391 | loss 0.5777 | acc 79.3% | 2s elapsed | eta 1s
Ep  53 | loss 0.5816 | task 0.5816 | train 79.2% | test 77.7% | 3s
  step 100/391 | loss 0.5597 | acc 79.9% | 1s elapsed | eta 3s
  step 200/391 | loss 0.5725 | acc 79.2% | 2s elapsed | eta 2s
  step 300/391 | loss 0.5763 | acc 79.2% | 2s elapsed | eta 1s
Ep  54 | loss 0.5796 | task 0.5796 | train 79.2% | test 77.6% | 3s
  step 100/391 | loss 0.5548 | acc 80.1% | 1s elapsed | eta 3s
  step 200/391 | loss 0.5669 | acc 79.6% | 2s elapsed | eta 2s
  step 300/391 | loss 0.5728 | acc 79.5% | 2s elapsed | eta 1s
Ep  55 | loss 0.5753 | task 0.5753 | train 79.5% | test 76.5% | 3s
  step 100/391 | loss 0.5503 | acc 80.3% | 1s elapsed | eta 3s
  step 200/391 | loss 0.5615 | acc 80.1% | 2s elapsed | eta 2s
  step 300/391 | loss 0.5662 | acc 79.8% | 2s elapsed | eta 1s
Ep  56 | loss 0.5692 | task 0.5692 | train 79.7% | test 77.0% | 3s
  step 100/391 | loss 0.5616 | acc 79.6% | 1s elapsed | eta 3s
  step 200/391 | loss 0.5560 | acc 79.8% | 2s elapsed | eta 2s
  step 300/391 | loss 0.5596 | acc 79.6% | 2s elapsed | eta 1s
Ep  57 | loss 0.5609 | task 0.5609 | train 79.6% | test 77.4% | 4s
  step 100/391 | loss 0.5476 | acc 80.4% | 1s elapsed | eta 2s
  step 200/391 | loss 0.5517 | acc 80.1% | 1s elapsed | eta 1s
  step 300/391 | loss 0.5558 | acc 80.1% | 2s elapsed | eta 1s
Ep  58 | loss 0.5584 | task 0.5584 | train 80.0% | test 77.3% | 3s
  step 100/391 | loss 0.5489 | acc 80.5% | 1s elapsed | eta 3s
  step 200/391 | loss 0.5527 | acc 80.2% | 2s elapsed | eta 2s
  step 300/391 | loss 0.5588 | acc 79.9% | 2s elapsed | eta 1s
Ep  59 | loss 0.5562 | task 0.5562 | train 80.1% | test 77.3% | 3s
  step 100/391 | loss 0.5288 | acc 81.2% | 1s elapsed | eta 3s
  step 200/391 | loss 0.5412 | acc 80.7% | 2s elapsed | eta 2s
  step 300/391 | loss 0.5397 | acc 80.7% | 2s elapsed | eta 1s
Ep  60 | loss 0.5453 | task 0.5453 | train 80.5% | test 77.5% | 3s
  step 100/391 | loss 0.5487 | acc 80.2% | 1s elapsed | eta 3s
  step 200/391 | loss 0.5438 | acc 80.4% | 2s elapsed | eta 2s
  step 300/391 | loss 0.5454 | acc 80.3% | 2s elapsed | eta 1s
Ep  61 | loss 0.5432 | task 0.5432 | train 80.4% | test 76.7% | 3s
  step 100/391 | loss 0.5259 | acc 80.9% | 1s elapsed | eta 3s
  step 200/391 | loss 0.5234 | acc 81.0% | 2s elapsed | eta 2s
  step 300/391 | loss 0.5310 | acc 80.8% | 2s elapsed | eta 1s
Ep  62 | loss 0.5348 | task 0.5348 | train 80.7% | test 76.2% | 3s
  step 100/391 | loss 0.5298 | acc 80.9% | 1s elapsed | eta 2s
  step 200/391 | loss 0.5376 | acc 80.7% | 1s elapsed | eta 1s
  step 300/391 | loss 0.5287 | acc 81.0% | 2s elapsed | eta 1s
Ep  63 | loss 0.5329 | task 0.5329 | train 80.9% | test 77.6% | 3s
  step 100/391 | loss 0.5091 | acc 81.9% | 1s elapsed | eta 3s
  step 200/391 | loss 0.5182 | acc 81.5% | 2s elapsed | eta 2s
  step 300/391 | loss 0.5281 | acc 81.2% | 2s elapsed | eta 1s
Ep  64 | loss 0.5277 | task 0.5277 | train 81.2% | test 77.2% | 4s
  step 100/391 | loss 0.5162 | acc 81.5% | 1s elapsed | eta 3s
  step 200/391 | loss 0.5217 | acc 81.3% | 1s elapsed | eta 1s
  step 300/391 | loss 0.5221 | acc 81.2% | 2s elapsed | eta 1s
Ep  65 | loss 0.5256 | task 0.5256 | train 81.2% | test 78.2% | 3s
  step 100/391 | loss 0.5201 | acc 81.2% | 1s elapsed | eta 3s
  step 200/391 | loss 0.5202 | acc 81.3% | 2s elapsed | eta 2s
  step 300/391 | loss 0.5181 | acc 81.4% | 2s elapsed | eta 1s
Ep  66 | loss 0.5238 | task 0.5238 | train 81.2% | test 77.8% | 4s
  step 100/391 | loss 0.5018 | acc 81.7% | 1s elapsed | eta 3s
  step 200/391 | loss 0.5136 | acc 81.3% | 2s elapsed | eta 2s
  step 300/391 | loss 0.5147 | acc 81.3% | 2s elapsed | eta 1s
Ep  67 | loss 0.5210 | task 0.5210 | train 81.1% | test 77.0% | 3s
  step 100/391 | loss 0.4989 | acc 82.2% | 1s elapsed | eta 3s
  step 200/391 | loss 0.5071 | acc 81.9% | 2s elapsed | eta 2s
  step 300/391 | loss 0.5133 | acc 81.6% | 2s elapsed | eta 1s
Ep  68 | loss 0.5145 | task 0.5145 | train 81.6% | test 77.8% | 3s
  step 100/391 | loss 0.4938 | acc 82.4% | 1s elapsed | eta 3s
  step 200/391 | loss 0.4920 | acc 82.4% | 2s elapsed | eta 2s
  step 300/391 | loss 0.4966 | acc 82.2% | 2s elapsed | eta 1s
Ep  69 | loss 0.5034 | task 0.5034 | train 82.0% | test 78.2% | 3s
  step 100/391 | loss 0.4936 | acc 82.4% | 1s elapsed | eta 3s
  step 200/391 | loss 0.5024 | acc 82.2% | 2s elapsed | eta 2s
  step 300/391 | loss 0.5028 | acc 82.1% | 2s elapsed | eta 1s
Ep  70 | loss 0.5062 | task 0.5062 | train 81.9% | test 78.5% | 4s
  step 100/391 | loss 0.4935 | acc 82.5% | 1s elapsed | eta 3s
  step 200/391 | loss 0.4946 | acc 82.3% | 2s elapsed | eta 2s
  step 300/391 | loss 0.4971 | acc 82.2% | 2s elapsed | eta 1s
Ep  71 | loss 0.4993 | task 0.4993 | train 82.1% | test 78.0% | 3s
  step 100/391 | loss 0.4908 | acc 82.4% | 1s elapsed | eta 2s
  step 200/391 | loss 0.4914 | acc 82.3% | 1s elapsed | eta 1s
  step 300/391 | loss 0.4962 | acc 82.2% | 2s elapsed | eta 1s
Ep  72 | loss 0.4976 | task 0.4976 | train 82.2% | test 77.9% | 3s
  step 100/391 | loss 0.4813 | acc 82.7% | 1s elapsed | eta 2s
  step 200/391 | loss 0.4876 | acc 82.3% | 2s elapsed | eta 1s
  step 300/391 | loss 0.4895 | acc 82.2% | 2s elapsed | eta 1s
Ep  73 | loss 0.4931 | task 0.4931 | train 82.1% | test 77.6% | 3s
  step 100/391 | loss 0.4875 | acc 82.4% | 1s elapsed | eta 3s
  step 200/391 | loss 0.4962 | acc 82.1% | 1s elapsed | eta 1s
  step 300/391 | loss 0.4909 | acc 82.4% | 2s elapsed | eta 1s
Ep  74 | loss 0.4915 | task 0.4915 | train 82.3% | test 77.9% | 3s
  step 100/391 | loss 0.4631 | acc 83.4% | 1s elapsed | eta 3s
  step 200/391 | loss 0.4808 | acc 82.8% | 2s elapsed | eta 2s
  step 300/391 | loss 0.4840 | acc 82.6% | 2s elapsed | eta 1s
Ep  75 | loss 0.4868 | task 0.4868 | train 82.6% | test 78.5% | 3s
  step 100/391 | loss 0.4600 | acc 83.3% | 1s elapsed | eta 3s
  step 200/391 | loss 0.4684 | acc 83.0% | 2s elapsed | eta 2s
  step 300/391 | loss 0.4728 | acc 82.8% | 2s elapsed | eta 1s
Ep  76 | loss 0.4763 | task 0.4763 | train 82.7% | test 78.0% | 3s
  step 100/391 | loss 0.4657 | acc 83.4% | 1s elapsed | eta 3s
  step 200/391 | loss 0.4704 | acc 83.1% | 2s elapsed | eta 2s
  step 300/391 | loss 0.4750 | acc 82.9% | 2s elapsed | eta 1s
Ep  77 | loss 0.4781 | task 0.4781 | train 82.8% | test 78.0% | 4s
  step 100/391 | loss 0.4573 | acc 83.3% | 1s elapsed | eta 3s
  step 200/391 | loss 0.4642 | acc 83.0% | 2s elapsed | eta 2s
  step 300/391 | loss 0.4664 | acc 83.0% | 2s elapsed | eta 1s
Ep  78 | loss 0.4694 | task 0.4694 | train 82.8% | test 77.7% | 3s
  step 100/391 | loss 0.4498 | acc 83.7% | 1s elapsed | eta 2s
  step 200/391 | loss 0.4620 | acc 83.2% | 2s elapsed | eta 1s
  step 300/391 | loss 0.4645 | acc 83.2% | 2s elapsed | eta 1s
Ep  79 | loss 0.4670 | task 0.4670 | train 83.0% | test 77.8% | 3s
  step 100/391 | loss 0.4558 | acc 83.8% | 1s elapsed | eta 3s
  step 200/391 | loss 0.4618 | acc 83.5% | 2s elapsed | eta 2s
  step 300/391 | loss 0.4635 | acc 83.4% | 2s elapsed | eta 1s
Ep  80 | loss 0.4669 | task 0.4669 | train 83.2% | test 78.3% | 3s
  step 100/391 | loss 0.4434 | acc 83.6% | 1s elapsed | eta 3s
  step 200/391 | loss 0.4512 | acc 83.5% | 2s elapsed | eta 1s
  step 300/391 | loss 0.4602 | acc 83.2% | 2s elapsed | eta 1s
Ep  81 | loss 0.4653 | task 0.4653 | train 83.0% | test 78.7% | 3s
  step 100/391 | loss 0.4370 | acc 84.5% | 1s elapsed | eta 3s
  step 200/391 | loss 0.4439 | acc 84.0% | 2s elapsed | eta 2s
  step 300/391 | loss 0.4510 | acc 83.9% | 2s elapsed | eta 1s
Ep  82 | loss 0.4590 | task 0.4590 | train 83.5% | test 78.4% | 3s
  step 100/391 | loss 0.4513 | acc 84.0% | 1s elapsed | eta 3s
  step 200/391 | loss 0.4501 | acc 84.0% | 2s elapsed | eta 2s
  step 300/391 | loss 0.4546 | acc 83.6% | 2s elapsed | eta 1s
Ep  83 | loss 0.4570 | task 0.4570 | train 83.6% | test 78.7% | 3s
  step 100/391 | loss 0.4272 | acc 84.6% | 1s elapsed | eta 3s
  step 200/391 | loss 0.4448 | acc 83.9% | 2s elapsed | eta 2s
  step 300/391 | loss 0.4506 | acc 83.7% | 2s elapsed | eta 1s
Ep  84 | loss 0.4522 | task 0.4522 | train 83.8% | test 78.6% | 4s
  step 100/391 | loss 0.4343 | acc 84.4% | 1s elapsed | eta 3s
  step 200/391 | loss 0.4432 | acc 84.1% | 2s elapsed | eta 2s
  step 300/391 | loss 0.4477 | acc 83.9% | 2s elapsed | eta 1s
Ep  85 | loss 0.4476 | task 0.4476 | train 83.9% | test 78.6% | 3s
  step 100/391 | loss 0.4318 | acc 84.4% | 1s elapsed | eta 2s
  step 200/391 | loss 0.4397 | acc 84.0% | 2s elapsed | eta 1s
  step 300/391 | loss 0.4413 | acc 84.1% | 2s elapsed | eta 1s
Ep  86 | loss 0.4426 | task 0.4426 | train 84.1% | test 78.2% | 3s
  step 100/391 | loss 0.4383 | acc 84.2% | 1s elapsed | eta 3s
  step 200/391 | loss 0.4413 | acc 84.1% | 2s elapsed | eta 2s
  step 300/391 | loss 0.4436 | acc 84.0% | 2s elapsed | eta 1s
Ep  87 | loss 0.4444 | task 0.4444 | train 83.9% | test 78.8% | 3s
  step 100/391 | loss 0.4232 | acc 84.6% | 1s elapsed | eta 2s
  step 200/391 | loss 0.4373 | acc 84.2% | 1s elapsed | eta 1s
  step 300/391 | loss 0.4393 | acc 84.1% | 2s elapsed | eta 1s
Ep  88 | loss 0.4366 | task 0.4366 | train 84.2% | test 79.0% | 3s
  step 100/391 | loss 0.4219 | acc 84.8% | 1s elapsed | eta 3s
  step 200/391 | loss 0.4218 | acc 84.9% | 2s elapsed | eta 2s
  step 300/391 | loss 0.4312 | acc 84.5% | 2s elapsed | eta 1s
Ep  89 | loss 0.4384 | task 0.4384 | train 84.2% | test 79.1% | 4s
  step 100/391 | loss 0.4125 | acc 85.0% | 1s elapsed | eta 2s
  step 200/391 | loss 0.4184 | acc 84.9% | 1s elapsed | eta 1s
  step 300/391 | loss 0.4245 | acc 84.7% | 2s elapsed | eta 1s
Ep  90 | loss 0.4310 | task 0.4310 | train 84.5% | test 78.1% | 3s
  step 100/391 | loss 0.4176 | acc 84.9% | 1s elapsed | eta 2s
  step 200/391 | loss 0.4228 | acc 84.8% | 2s elapsed | eta 1s
  step 300/391 | loss 0.4266 | acc 84.5% | 2s elapsed | eta 1s
Ep  91 | loss 0.4291 | task 0.4291 | train 84.4% | test 77.7% | 3s
  step 100/391 | loss 0.4131 | acc 84.9% | 1s elapsed | eta 3s
  step 200/391 | loss 0.4190 | acc 84.8% | 2s elapsed | eta 1s
  step 300/391 | loss 0.4249 | acc 84.6% | 2s elapsed | eta 1s
Ep  92 | loss 0.4265 | task 0.4265 | train 84.6% | test 78.6% | 3s
  step 100/391 | loss 0.4145 | acc 84.8% | 1s elapsed | eta 3s
  step 200/391 | loss 0.4182 | acc 84.8% | 2s elapsed | eta 2s
  step 300/391 | loss 0.4223 | acc 84.7% | 2s elapsed | eta 1s
Ep  93 | loss 0.4233 | task 0.4233 | train 84.6% | test 78.7% | 4s
  step 100/391 | loss 0.4084 | acc 85.4% | 1s elapsed | eta 3s
  step 200/391 | loss 0.4139 | acc 85.1% | 2s elapsed | eta 2s
  step 300/391 | loss 0.4152 | acc 85.1% | 2s elapsed | eta 1s
Ep  94 | loss 0.4200 | task 0.4200 | train 84.9% | test 78.2% | 3s
  step 100/391 | loss 0.4070 | acc 85.2% | 1s elapsed | eta 2s
  step 200/391 | loss 0.4059 | acc 85.4% | 2s elapsed | eta 1s
  step 300/391 | loss 0.4114 | acc 85.3% | 2s elapsed | eta 1s
Ep  95 | loss 0.4127 | task 0.4127 | train 85.2% | test 79.0% | 3s
  step 100/391 | loss 0.4024 | acc 85.2% | 1s elapsed | eta 3s
  step 200/391 | loss 0.4068 | acc 85.0% | 2s elapsed | eta 2s
  step 300/391 | loss 0.4107 | acc 85.0% | 2s elapsed | eta 1s
Ep  96 | loss 0.4158 | task 0.4158 | train 84.9% | test 78.7% | 3s
  step 100/391 | loss 0.3955 | acc 85.7% | 1s elapsed | eta 2s
  step 200/391 | loss 0.4014 | acc 85.5% | 1s elapsed | eta 1s
  step 300/391 | loss 0.4050 | acc 85.4% | 2s elapsed | eta 1s
Ep  97 | loss 0.4063 | task 0.4063 | train 85.3% | test 79.3% | 3s
  step 100/391 | loss 0.3943 | acc 85.9% | 1s elapsed | eta 3s
  step 200/391 | loss 0.3999 | acc 85.9% | 2s elapsed | eta 2s
  step 300/391 | loss 0.4094 | acc 85.5% | 2s elapsed | eta 1s
Ep  98 | loss 0.4099 | task 0.4099 | train 85.4% | test 78.7% | 4s
  step 100/391 | loss 0.3804 | acc 86.1% | 1s elapsed | eta 2s
  step 200/391 | loss 0.3930 | acc 85.7% | 1s elapsed | eta 1s
  step 300/391 | loss 0.3987 | acc 85.5% | 2s elapsed | eta 1s
Ep  99 | loss 0.4009 | task 0.4009 | train 85.5% | test 79.1% | 3s
  step 100/391 | loss 0.3878 | acc 85.9% | 1s elapsed | eta 3s
  step 200/391 | loss 0.3962 | acc 85.6% | 2s elapsed | eta 2s
  step 300/391 | loss 0.3994 | acc 85.6% | 2s elapsed | eta 1s
Ep 100 | loss 0.3995 | task 0.3995 | train 85.5% | test 78.8% | 3s
  step 100/391 | loss 0.3764 | acc 86.2% | 1s elapsed | eta 2s
  step 200/391 | loss 0.3919 | acc 85.7% | 2s elapsed | eta 2s
  step 300/391 | loss 0.3946 | acc 85.6% | 2s elapsed | eta 1s
Ep 101 | loss 0.3948 | task 0.3948 | train 85.7% | test 78.8% | 3s
  step 100/391 | loss 0.3751 | acc 86.4% | 1s elapsed | eta 3s
  step 200/391 | loss 0.3858 | acc 86.0% | 2s elapsed | eta 2s
  step 300/391 | loss 0.3883 | acc 85.9% | 2s elapsed | eta 1s
Ep 102 | loss 0.3924 | task 0.3924 | train 85.8% | test 78.4% | 4s
  step 100/391 | loss 0.3667 | acc 86.9% | 1s elapsed | eta 3s
  step 200/391 | loss 0.3783 | acc 86.3% | 2s elapsed | eta 2s
  step 300/391 | loss 0.3814 | acc 86.3% | 2s elapsed | eta 1s
Ep 103 | loss 0.3914 | task 0.3914 | train 85.9% | test 78.2% | 3s
  step 100/391 | loss 0.3779 | acc 86.3% | 1s elapsed | eta 2s
  step 200/391 | loss 0.3842 | acc 86.1% | 1s elapsed | eta 1s
  step 300/391 | loss 0.3851 | acc 86.0% | 2s elapsed | eta 1s
Ep 104 | loss 0.3883 | task 0.3883 | train 85.8% | test 78.4% | 3s
  step 100/391 | loss 0.3823 | acc 86.3% | 1s elapsed | eta 2s
  step 200/391 | loss 0.3836 | acc 86.2% | 2s elapsed | eta 1s
  step 300/391 | loss 0.3855 | acc 86.0% | 2s elapsed | eta 1s
Ep 105 | loss 0.3864 | task 0.3864 | train 86.0% | test 78.8% | 3s
  step 100/391 | loss 0.3774 | acc 86.5% | 1s elapsed | eta 3s
  step 200/391 | loss 0.3812 | acc 86.3% | 2s elapsed | eta 2s
  step 300/391 | loss 0.3845 | acc 86.2% | 2s elapsed | eta 1s
Ep 106 | loss 0.3856 | task 0.3856 | train 86.1% | test 78.8% | 3s
  step 100/391 | loss 0.3802 | acc 86.3% | 1s elapsed | eta 3s
  step 200/391 | loss 0.3845 | acc 86.2% | 2s elapsed | eta 2s
  step 300/391 | loss 0.3881 | acc 86.1% | 2s elapsed | eta 1s
Ep 107 | loss 0.3882 | task 0.3882 | train 86.1% | test 79.2% | 3s
  step 100/391 | loss 0.3706 | acc 86.7% | 1s elapsed | eta 3s
  step 200/391 | loss 0.3692 | acc 86.8% | 2s elapsed | eta 2s
  step 300/391 | loss 0.3741 | acc 86.6% | 2s elapsed | eta 1s
Ep 108 | loss 0.3782 | task 0.3782 | train 86.4% | test 79.0% | 3s
  step 100/391 | loss 0.3611 | acc 87.0% | 1s elapsed | eta 2s
  step 200/391 | loss 0.3688 | acc 86.7% | 1s elapsed | eta 1s
  step 300/391 | loss 0.3736 | acc 86.5% | 2s elapsed | eta 1s
Ep 109 | loss 0.3796 | task 0.3796 | train 86.3% | test 78.8% | 3s
  step 100/391 | loss 0.3556 | acc 87.1% | 1s elapsed | eta 3s
  step 200/391 | loss 0.3626 | acc 86.9% | 2s elapsed | eta 2s
  step 300/391 | loss 0.3686 | acc 86.6% | 2s elapsed | eta 1s
Ep 110 | loss 0.3722 | task 0.3722 | train 86.5% | test 79.1% | 3s
  step 100/391 | loss 0.3649 | acc 86.7% | 1s elapsed | eta 3s
  step 200/391 | loss 0.3680 | acc 86.6% | 1s elapsed | eta 1s
  step 300/391 | loss 0.3709 | acc 86.6% | 2s elapsed | eta 1s
Ep 111 | loss 0.3731 | task 0.3731 | train 86.5% | test 78.9% | 3s
  step 100/391 | loss 0.3536 | acc 87.2% | 1s elapsed | eta 3s
  step 200/391 | loss 0.3624 | acc 86.9% | 2s elapsed | eta 2s
  step 300/391 | loss 0.3668 | acc 86.5% | 2s elapsed | eta 1s
Ep 112 | loss 0.3701 | task 0.3701 | train 86.4% | test 79.3% | 4s
  step 100/391 | loss 0.3519 | acc 87.0% | 1s elapsed | eta 3s
  step 200/391 | loss 0.3575 | acc 87.0% | 2s elapsed | eta 2s
  step 300/391 | loss 0.3596 | acc 86.9% | 2s elapsed | eta 1s
Ep 113 | loss 0.3618 | task 0.3618 | train 86.8% | test 79.0% | 3s
  step 100/391 | loss 0.3474 | acc 87.3% | 1s elapsed | eta 2s
  step 200/391 | loss 0.3554 | acc 87.2% | 2s elapsed | eta 1s
  step 300/391 | loss 0.3616 | acc 87.0% | 2s elapsed | eta 1s
Ep 114 | loss 0.3619 | task 0.3619 | train 86.9% | test 80.0% | 3s
  step 100/391 | loss 0.3468 | acc 87.5% | 1s elapsed | eta 3s
  step 200/391 | loss 0.3559 | acc 87.4% | 2s elapsed | eta 2s
  step 300/391 | loss 0.3595 | acc 87.1% | 2s elapsed | eta 1s
Ep 115 | loss 0.3587 | task 0.3587 | train 87.1% | test 79.5% | 3s
  step 100/391 | loss 0.3465 | acc 87.2% | 1s elapsed | eta 3s
  step 200/391 | loss 0.3542 | acc 87.1% | 2s elapsed | eta 1s
  step 300/391 | loss 0.3546 | acc 87.1% | 2s elapsed | eta 1s
Ep 116 | loss 0.3526 | task 0.3526 | train 87.2% | test 78.4% | 3s
  step 100/391 | loss 0.3450 | acc 87.6% | 1s elapsed | eta 3s
  step 200/391 | loss 0.3497 | acc 87.3% | 2s elapsed | eta 2s
  step 300/391 | loss 0.3564 | acc 87.1% | 2s elapsed | eta 1s
Ep 117 | loss 0.3578 | task 0.3578 | train 87.1% | test 79.5% | 3s
  step 100/391 | loss 0.3385 | acc 87.7% | 1s elapsed | eta 2s
  step 200/391 | loss 0.3455 | acc 87.5% | 1s elapsed | eta 1s
  step 300/391 | loss 0.3474 | acc 87.4% | 2s elapsed | eta 1s
Ep 118 | loss 0.3519 | task 0.3519 | train 87.3% | test 79.0% | 3s
  step 100/391 | loss 0.3464 | acc 87.5% | 1s elapsed | eta 3s
  step 200/391 | loss 0.3551 | acc 87.3% | 2s elapsed | eta 2s
  step 300/391 | loss 0.3512 | acc 87.4% | 2s elapsed | eta 1s
Ep 119 | loss 0.3532 | task 0.3532 | train 87.4% | test 78.8% | 4s
  step 100/391 | loss 0.3427 | acc 87.4% | 1s elapsed | eta 2s
  step 200/391 | loss 0.3430 | acc 87.6% | 1s elapsed | eta 1s
  step 300/391 | loss 0.3506 | acc 87.3% | 2s elapsed | eta 1s
Ep 120 | loss 0.3526 | task 0.3526 | train 87.2% | test 78.9% | 3s
  step 100/391 | loss 0.3298 | acc 88.1% | 1s elapsed | eta 3s
  step 200/391 | loss 0.3390 | acc 87.9% | 2s elapsed | eta 2s
  step 300/391 | loss 0.3492 | acc 87.4% | 2s elapsed | eta 1s
Ep 121 | loss 0.3504 | task 0.3504 | train 87.4% | test 79.3% | 3s
  step 100/391 | loss 0.3234 | acc 88.0% | 1s elapsed | eta 3s
  step 200/391 | loss 0.3362 | acc 87.7% | 2s elapsed | eta 1s
  step 300/391 | loss 0.3389 | acc 87.7% | 2s elapsed | eta 1s
Ep 122 | loss 0.3448 | task 0.3448 | train 87.5% | test 79.5% | 3s
  step 100/391 | loss 0.3308 | acc 88.1% | 1s elapsed | eta 3s
  step 200/391 | loss 0.3336 | acc 88.0% | 2s elapsed | eta 2s
  step 300/391 | loss 0.3361 | acc 87.9% | 2s elapsed | eta 1s
Ep 123 | loss 0.3403 | task 0.3403 | train 87.8% | test 79.3% | 4s
  step 100/391 | loss 0.3354 | acc 88.0% | 1s elapsed | eta 3s
  step 200/391 | loss 0.3359 | acc 87.8% | 2s elapsed | eta 2s
  step 300/391 | loss 0.3400 | acc 87.7% | 2s elapsed | eta 1s
Ep 124 | loss 0.3406 | task 0.3406 | train 87.6% | test 79.4% | 3s
  step 100/391 | loss 0.3376 | acc 87.7% | 1s elapsed | eta 3s
  step 200/391 | loss 0.3443 | acc 87.5% | 2s elapsed | eta 2s
  step 300/391 | loss 0.3417 | acc 87.5% | 2s elapsed | eta 1s
Ep 125 | loss 0.3447 | task 0.3447 | train 87.5% | test 78.9% | 3s
  step 100/391 | loss 0.3146 | acc 88.6% | 1s elapsed | eta 3s
  step 200/391 | loss 0.3225 | acc 88.4% | 2s elapsed | eta 2s
  step 300/391 | loss 0.3277 | acc 88.1% | 2s elapsed | eta 1s
Ep 126 | loss 0.3321 | task 0.3321 | train 88.0% | test 79.2% | 3s
  step 100/391 | loss 0.3076 | acc 89.0% | 1s elapsed | eta 2s
  step 200/391 | loss 0.3219 | acc 88.3% | 1s elapsed | eta 1s
  step 300/391 | loss 0.3283 | acc 88.0% | 2s elapsed | eta 1s
Ep 127 | loss 0.3311 | task 0.3311 | train 88.0% | test 79.2% | 3s
  step 100/391 | loss 0.3215 | acc 88.1% | 1s elapsed | eta 3s
  step 200/391 | loss 0.3273 | acc 88.1% | 2s elapsed | eta 2s
  step 300/391 | loss 0.3329 | acc 87.9% | 2s elapsed | eta 1s
Ep 128 | loss 0.3342 | task 0.3342 | train 87.8% | test 79.1% | 3s
  step 100/391 | loss 0.3219 | acc 88.3% | 1s elapsed | eta 3s
  step 200/391 | loss 0.3207 | acc 88.3% | 2s elapsed | eta 2s
  step 300/391 | loss 0.3246 | acc 88.2% | 2s elapsed | eta 1s
Ep 129 | loss 0.3283 | task 0.3283 | train 88.1% | test 79.3% | 4s
  step 100/391 | loss 0.3215 | acc 88.2% | 1s elapsed | eta 2s
  step 200/391 | loss 0.3248 | acc 88.2% | 2s elapsed | eta 1s
  step 300/391 | loss 0.3276 | acc 88.1% | 2s elapsed | eta 1s
Ep 130 | loss 0.3262 | task 0.3262 | train 88.2% | test 78.7% | 3s
  step 100/391 | loss 0.3111 | acc 88.6% | 1s elapsed | eta 3s
  step 200/391 | loss 0.3140 | acc 88.7% | 2s elapsed | eta 2s
  step 300/391 | loss 0.3213 | acc 88.4% | 2s elapsed | eta 1s
Ep 131 | loss 0.3255 | task 0.3255 | train 88.3% | test 79.9% | 3s
  step 100/391 | loss 0.3082 | acc 88.9% | 1s elapsed | eta 2s
  step 200/391 | loss 0.3107 | acc 88.8% | 1s elapsed | eta 1s
  step 300/391 | loss 0.3157 | acc 88.7% | 2s elapsed | eta 1s
Ep 132 | loss 0.3190 | task 0.3190 | train 88.5% | test 79.2% | 3s
  step 100/391 | loss 0.3031 | acc 89.1% | 1s elapsed | eta 3s
  step 200/391 | loss 0.3115 | acc 88.8% | 2s elapsed | eta 2s
  step 300/391 | loss 0.3145 | acc 88.6% | 2s elapsed | eta 1s
Ep 133 | loss 0.3188 | task 0.3188 | train 88.5% | test 79.3% | 3s
  step 100/391 | loss 0.3033 | acc 89.2% | 1s elapsed | eta 2s
  step 200/391 | loss 0.3100 | acc 88.9% | 1s elapsed | eta 1s
  step 300/391 | loss 0.3134 | acc 88.7% | 2s elapsed | eta 1s
Ep 134 | loss 0.3154 | task 0.3154 | train 88.6% | test 79.4% | 3s
  step 100/391 | loss 0.3046 | acc 88.9% | 1s elapsed | eta 3s
  step 200/391 | loss 0.3142 | acc 88.4% | 2s elapsed | eta 2s
  step 300/391 | loss 0.3137 | acc 88.5% | 2s elapsed | eta 1s
Ep 135 | loss 0.3190 | task 0.3190 | train 88.3% | test 79.3% | 3s
  step 100/391 | loss 0.3030 | acc 88.9% | 1s elapsed | eta 3s
  step 200/391 | loss 0.3040 | acc 88.7% | 2s elapsed | eta 1s
  step 300/391 | loss 0.3081 | acc 88.7% | 2s elapsed | eta 1s
Ep 136 | loss 0.3117 | task 0.3117 | train 88.6% | test 79.0% | 3s
  step 100/391 | loss 0.3103 | acc 88.6% | 1s elapsed | eta 3s
  step 200/391 | loss 0.3114 | acc 88.5% | 2s elapsed | eta 2s
  step 300/391 | loss 0.3114 | acc 88.6% | 2s elapsed | eta 1s
Ep 137 | loss 0.3139 | task 0.3139 | train 88.5% | test 79.7% | 3s
  step 100/391 | loss 0.2876 | acc 89.5% | 1s elapsed | eta 3s
  step 200/391 | loss 0.2996 | acc 88.9% | 2s elapsed | eta 2s
  step 300/391 | loss 0.3052 | acc 88.8% | 2s elapsed | eta 1s
Ep 138 | loss 0.3077 | task 0.3077 | train 88.8% | test 79.8% | 3s
  step 100/391 | loss 0.2921 | acc 89.5% | 1s elapsed | eta 3s
  step 200/391 | loss 0.2995 | acc 89.2% | 2s elapsed | eta 2s
  step 300/391 | loss 0.3037 | acc 89.1% | 2s elapsed | eta 1s
Ep 139 | loss 0.3065 | task 0.3065 | train 89.0% | test 79.4% | 3s
  step 100/391 | loss 0.2830 | acc 89.8% | 1s elapsed | eta 3s
  step 200/391 | loss 0.2994 | acc 89.2% | 2s elapsed | eta 2s
  step 300/391 | loss 0.3007 | acc 89.3% | 2s elapsed | eta 1s
Ep 140 | loss 0.3012 | task 0.3012 | train 89.2% | test 79.3% | 4s
  step 100/391 | loss 0.2914 | acc 89.3% | 1s elapsed | eta 2s
  step 200/391 | loss 0.2939 | acc 89.3% | 1s elapsed | eta 1s
  step 300/391 | loss 0.3006 | acc 89.1% | 2s elapsed | eta 1s
Ep 141 | loss 0.3014 | task 0.3014 | train 89.1% | test 79.6% | 3s
  step 100/391 | loss 0.3008 | acc 88.8% | 1s elapsed | eta 3s
  step 200/391 | loss 0.3034 | acc 88.8% | 2s elapsed | eta 2s
  step 300/391 | loss 0.3076 | acc 88.6% | 2s elapsed | eta 1s
Ep 142 | loss 0.3055 | task 0.3055 | train 88.7% | test 79.4% | 3s
  step 100/391 | loss 0.2928 | acc 89.4% | 1s elapsed | eta 2s
  step 200/391 | loss 0.2975 | acc 89.2% | 1s elapsed | eta 1s
  step 300/391 | loss 0.2998 | acc 89.1% | 2s elapsed | eta 1s
Ep 143 | loss 0.3027 | task 0.3027 | train 89.0% | test 79.2% | 3s
  step 100/391 | loss 0.2989 | acc 89.2% | 1s elapsed | eta 3s
  step 200/391 | loss 0.2963 | acc 89.2% | 2s elapsed | eta 2s
  step 300/391 | loss 0.2997 | acc 89.0% | 2s elapsed | eta 1s
Ep 144 | loss 0.3005 | task 0.3005 | train 89.1% | test 79.5% | 4s
  step 100/391 | loss 0.2844 | acc 89.8% | 1s elapsed | eta 3s
  step 200/391 | loss 0.2874 | acc 89.6% | 2s elapsed | eta 1s
  step 300/391 | loss 0.2874 | acc 89.7% | 2s elapsed | eta 1s
Ep 145 | loss 0.2937 | task 0.2937 | train 89.5% | test 79.5% | 3s
  step 100/391 | loss 0.2895 | acc 89.6% | 1s elapsed | eta 3s
  step 200/391 | loss 0.2910 | acc 89.5% | 2s elapsed | eta 2s
  step 300/391 | loss 0.2942 | acc 89.3% | 2s elapsed | eta 1s
Ep 146 | loss 0.2954 | task 0.2954 | train 89.3% | test 79.8% | 4s
  step 100/391 | loss 0.2963 | acc 89.3% | 1s elapsed | eta 2s
  step 200/391 | loss 0.2923 | acc 89.5% | 2s elapsed | eta 1s
  step 300/391 | loss 0.2944 | acc 89.3% | 2s elapsed | eta 1s
Ep 147 | loss 0.2950 | task 0.2950 | train 89.3% | test 79.7% | 3s
  step 100/391 | loss 0.2790 | acc 89.9% | 1s elapsed | eta 3s
  step 200/391 | loss 0.2834 | acc 89.8% | 2s elapsed | eta 2s
  step 300/391 | loss 0.2867 | acc 89.6% | 2s elapsed | eta 1s
Ep 148 | loss 0.2893 | task 0.2893 | train 89.5% | test 79.8% | 4s
  step 100/391 | loss 0.2822 | acc 89.7% | 1s elapsed | eta 2s
  step 200/391 | loss 0.2854 | acc 89.6% | 2s elapsed | eta 1s
  step 300/391 | loss 0.2876 | acc 89.5% | 2s elapsed | eta 1s
Ep 149 | loss 0.2886 | task 0.2886 | train 89.4% | test 79.6% | 3s
  step 100/391 | loss 0.2769 | acc 90.0% | 1s elapsed | eta 2s
  step 200/391 | loss 0.2771 | acc 90.1% | 1s elapsed | eta 1s
  step 300/391 | loss 0.2797 | acc 90.0% | 2s elapsed | eta 1s
Ep 150 | loss 0.2815 | task 0.2815 | train 89.9% | test 79.7% | 3s
  step 100/391 | loss 0.2732 | acc 90.1% | 1s elapsed | eta 3s
  step 200/391 | loss 0.2807 | acc 89.9% | 2s elapsed | eta 2s
  step 300/391 | loss 0.2833 | acc 89.8% | 2s elapsed | eta 1s
Ep 151 | loss 0.2848 | task 0.2848 | train 89.7% | test 79.7% | 3s
  step 100/391 | loss 0.2787 | acc 89.9% | 1s elapsed | eta 3s
  step 200/391 | loss 0.2795 | acc 90.0% | 2s elapsed | eta 2s
  step 300/391 | loss 0.2825 | acc 89.8% | 2s elapsed | eta 1s
Ep 152 | loss 0.2828 | task 0.2828 | train 89.8% | test 79.8% | 3s
  step 100/391 | loss 0.2672 | acc 90.3% | 1s elapsed | eta 3s
  step 200/391 | loss 0.2714 | acc 90.2% | 2s elapsed | eta 2s
  step 300/391 | loss 0.2759 | acc 90.0% | 2s elapsed | eta 1s
Ep 153 | loss 0.2813 | task 0.2813 | train 89.8% | test 79.9% | 3s
  step 100/391 | loss 0.2768 | acc 89.8% | 1s elapsed | eta 3s
  step 200/391 | loss 0.2702 | acc 90.1% | 2s elapsed | eta 2s
  step 300/391 | loss 0.2731 | acc 90.0% | 2s elapsed | eta 1s
Ep 154 | loss 0.2747 | task 0.2747 | train 90.0% | test 79.8% | 4s
  step 100/391 | loss 0.2660 | acc 90.3% | 1s elapsed | eta 2s
  step 200/391 | loss 0.2719 | acc 90.2% | 1s elapsed | eta 1s
  step 300/391 | loss 0.2742 | acc 90.1% | 2s elapsed | eta 1s
Ep 155 | loss 0.2764 | task 0.2764 | train 90.0% | test 79.6% | 3s
  step 100/391 | loss 0.2647 | acc 90.6% | 1s elapsed | eta 2s
  step 200/391 | loss 0.2683 | acc 90.3% | 2s elapsed | eta 2s
  step 300/391 | loss 0.2734 | acc 90.1% | 2s elapsed | eta 1s
Ep 156 | loss 0.2748 | task 0.2748 | train 90.0% | test 79.4% | 3s
  step 100/391 | loss 0.2744 | acc 90.2% | 1s elapsed | eta 2s
  step 200/391 | loss 0.2754 | acc 89.9% | 1s elapsed | eta 1s
  step 300/391 | loss 0.2754 | acc 89.9% | 2s elapsed | eta 1s
Ep 157 | loss 0.2770 | task 0.2770 | train 89.8% | test 79.9% | 3s
  step 100/391 | loss 0.2646 | acc 90.5% | 1s elapsed | eta 3s
  step 200/391 | loss 0.2694 | acc 90.2% | 2s elapsed | eta 1s
  step 300/391 | loss 0.2696 | acc 90.1% | 2s elapsed | eta 1s
Ep 158 | loss 0.2732 | task 0.2732 | train 90.0% | test 79.6% | 3s
  step 100/391 | loss 0.2601 | acc 90.7% | 1s elapsed | eta 3s
  step 200/391 | loss 0.2614 | acc 90.7% | 2s elapsed | eta 2s
  step 300/391 | loss 0.2609 | acc 90.7% | 2s elapsed | eta 1s
Ep 159 | loss 0.2649 | task 0.2649 | train 90.5% | test 78.7% | 3s
  step 100/391 | loss 0.2548 | acc 90.7% | 1s elapsed | eta 3s
  step 200/391 | loss 0.2602 | acc 90.5% | 2s elapsed | eta 2s
  step 300/391 | loss 0.2610 | acc 90.6% | 2s elapsed | eta 1s
Ep 160 | loss 0.2638 | task 0.2638 | train 90.5% | test 79.6% | 3s
  step 100/391 | loss 0.2567 | acc 90.6% | 1s elapsed | eta 3s
  step 200/391 | loss 0.2582 | acc 90.6% | 2s elapsed | eta 2s
  step 300/391 | loss 0.2609 | acc 90.4% | 2s elapsed | eta 1s
Ep 161 | loss 0.2614 | task 0.2614 | train 90.4% | test 79.8% | 3s
  step 100/391 | loss 0.2531 | acc 90.9% | 1s elapsed | eta 3s
  step 200/391 | loss 0.2568 | acc 90.7% | 2s elapsed | eta 2s
  step 300/391 | loss 0.2603 | acc 90.6% | 2s elapsed | eta 1s
Ep 162 | loss 0.2607 | task 0.2607 | train 90.6% | test 79.4% | 3s
  step 100/391 | loss 0.2522 | acc 91.1% | 1s elapsed | eta 3s
  step 200/391 | loss 0.2587 | acc 90.6% | 2s elapsed | eta 2s
  step 300/391 | loss 0.2614 | acc 90.5% | 2s elapsed | eta 1s
Ep 163 | loss 0.2610 | task 0.2610 | train 90.5% | test 79.7% | 3s
  step 100/391 | loss 0.2467 | acc 90.8% | 1s elapsed | eta 2s
  step 200/391 | loss 0.2500 | acc 90.7% | 2s elapsed | eta 1s
  step 300/391 | loss 0.2531 | acc 90.7% | 2s elapsed | eta 1s
Ep 164 | loss 0.2564 | task 0.2564 | train 90.6% | test 79.8% | 3s
  step 100/391 | loss 0.2410 | acc 91.3% | 1s elapsed | eta 3s
  step 200/391 | loss 0.2469 | acc 91.0% | 2s elapsed | eta 2s
  step 300/391 | loss 0.2508 | acc 90.9% | 2s elapsed | eta 1s
Ep 165 | loss 0.2532 | task 0.2532 | train 90.9% | test 79.7% | 3s
  step 100/391 | loss 0.2438 | acc 91.4% | 1s elapsed | eta 2s
  step 200/391 | loss 0.2496 | acc 91.1% | 1s elapsed | eta 1s
  step 300/391 | loss 0.2546 | acc 90.9% | 2s elapsed | eta 1s
Ep 166 | loss 0.2555 | task 0.2555 | train 90.9% | test 80.1% | 3s
  step 100/391 | loss 0.2363 | acc 91.6% | 1s elapsed | eta 3s
  step 200/391 | loss 0.2424 | acc 91.3% | 2s elapsed | eta 2s
  step 300/391 | loss 0.2509 | acc 90.9% | 2s elapsed | eta 1s
Ep 167 | loss 0.2517 | task 0.2517 | train 90.8% | test 79.9% | 3s
  step 100/391 | loss 0.2484 | acc 91.0% | 1s elapsed | eta 2s
  step 200/391 | loss 0.2532 | acc 90.9% | 1s elapsed | eta 1s
  step 300/391 | loss 0.2554 | acc 90.7% | 2s elapsed | eta 1s
Ep 168 | loss 0.2553 | task 0.2553 | train 90.7% | test 79.7% | 3s
  step 100/391 | loss 0.2594 | acc 90.8% | 1s elapsed | eta 3s
  step 200/391 | loss 0.2519 | acc 90.9% | 2s elapsed | eta 2s
  step 300/391 | loss 0.2504 | acc 90.9% | 2s elapsed | eta 1s
Ep 169 | loss 0.2538 | task 0.2538 | train 90.7% | test 79.8% | 3s
  step 100/391 | loss 0.2356 | acc 91.3% | 1s elapsed | eta 2s
  step 200/391 | loss 0.2424 | acc 91.2% | 2s elapsed | eta 2s
  step 300/391 | loss 0.2480 | acc 91.0% | 2s elapsed | eta 1s
Ep 170 | loss 0.2481 | task 0.2481 | train 91.0% | test 80.1% | 3s
  step 100/391 | loss 0.2448 | acc 91.1% | 1s elapsed | eta 3s
  step 200/391 | loss 0.2461 | acc 91.0% | 2s elapsed | eta 2s
  step 300/391 | loss 0.2465 | acc 91.0% | 2s elapsed | eta 1s
Ep 171 | loss 0.2466 | task 0.2466 | train 91.0% | test 80.0% | 3s
  step 100/391 | loss 0.2375 | acc 91.4% | 1s elapsed | eta 3s
  step 200/391 | loss 0.2391 | acc 91.4% | 2s elapsed | eta 2s
  step 300/391 | loss 0.2466 | acc 91.1% | 2s elapsed | eta 1s
Ep 172 | loss 0.2486 | task 0.2486 | train 91.0% | test 79.9% | 3s
  step 100/391 | loss 0.2326 | acc 91.7% | 1s elapsed | eta 3s
  step 200/391 | loss 0.2381 | acc 91.4% | 2s elapsed | eta 1s
  step 300/391 | loss 0.2429 | acc 91.2% | 2s elapsed | eta 1s
Ep 173 | loss 0.2446 | task 0.2446 | train 91.2% | test 80.2% | 3s
  step 100/391 | loss 0.2351 | acc 91.7% | 1s elapsed | eta 3s
  step 200/391 | loss 0.2392 | acc 91.4% | 2s elapsed | eta 2s
  step 300/391 | loss 0.2396 | acc 91.4% | 2s elapsed | eta 1s
Ep 174 | loss 0.2398 | task 0.2398 | train 91.3% | test 79.8% | 4s
  step 100/391 | loss 0.2397 | acc 91.4% | 1s elapsed | eta 3s
  step 200/391 | loss 0.2360 | acc 91.4% | 2s elapsed | eta 2s
  step 300/391 | loss 0.2376 | acc 91.5% | 2s elapsed | eta 1s
Ep 175 | loss 0.2403 | task 0.2403 | train 91.3% | test 79.4% | 3s
  step 100/391 | loss 0.2370 | acc 91.4% | 1s elapsed | eta 3s
  step 200/391 | loss 0.2387 | acc 91.3% | 2s elapsed | eta 2s
  step 300/391 | loss 0.2389 | acc 91.3% | 2s elapsed | eta 1s
Ep 176 | loss 0.2400 | task 0.2400 | train 91.3% | test 79.6% | 4s
  step 100/391 | loss 0.2295 | acc 91.9% | 1s elapsed | eta 2s
  step 200/391 | loss 0.2326 | acc 91.8% | 2s elapsed | eta 2s
  step 300/391 | loss 0.2344 | acc 91.8% | 2s elapsed | eta 1s
Ep 177 | loss 0.2350 | task 0.2350 | train 91.6% | test 80.1% | 3s
  step 100/391 | loss 0.2311 | acc 91.6% | 1s elapsed | eta 3s
  step 200/391 | loss 0.2340 | acc 91.6% | 2s elapsed | eta 2s
  step 300/391 | loss 0.2360 | acc 91.5% | 2s elapsed | eta 1s
Ep 178 | loss 0.2352 | task 0.2352 | train 91.6% | test 79.9% | 3s
  step 100/391 | loss 0.2240 | acc 91.6% | 1s elapsed | eta 3s
  step 200/391 | loss 0.2253 | acc 91.7% | 2s elapsed | eta 2s
  step 300/391 | loss 0.2321 | acc 91.5% | 2s elapsed | eta 1s
Ep 179 | loss 0.2336 | task 0.2336 | train 91.5% | test 79.9% | 3s
  step 100/391 | loss 0.2265 | acc 91.8% | 1s elapsed | eta 2s
  step 200/391 | loss 0.2329 | acc 91.5% | 1s elapsed | eta 1s
  step 300/391 | loss 0.2341 | acc 91.5% | 2s elapsed | eta 1s
Ep 180 | loss 0.2354 | task 0.2354 | train 91.5% | test 80.0% | 3s
  step 100/391 | loss 0.2324 | acc 91.4% | 1s elapsed | eta 3s
  step 200/391 | loss 0.2300 | acc 91.5% | 2s elapsed | eta 2s
  step 300/391 | loss 0.2332 | acc 91.5% | 2s elapsed | eta 1s
Ep 181 | loss 0.2333 | task 0.2333 | train 91.5% | test 80.3% | 3s
  step 100/391 | loss 0.2214 | acc 91.9% | 1s elapsed | eta 2s
  step 200/391 | loss 0.2282 | acc 91.6% | 1s elapsed | eta 1s
  step 300/391 | loss 0.2272 | acc 91.7% | 2s elapsed | eta 1s
Ep 182 | loss 0.2281 | task 0.2281 | train 91.6% | test 80.4% | 3s
  step 100/391 | loss 0.2411 | acc 91.2% | 1s elapsed | eta 3s
  step 200/391 | loss 0.2353 | acc 91.4% | 2s elapsed | eta 2s
  step 300/391 | loss 0.2306 | acc 91.6% | 2s elapsed | eta 1s
Ep 183 | loss 0.2311 | task 0.2311 | train 91.6% | test 80.1% | 4s
  step 100/391 | loss 0.2239 | acc 92.0% | 1s elapsed | eta 3s
  step 200/391 | loss 0.2236 | acc 91.9% | 2s elapsed | eta 2s
  step 300/391 | loss 0.2280 | acc 91.7% | 2s elapsed | eta 1s
Ep 184 | loss 0.2263 | task 0.2263 | train 91.8% | test 80.1% | 3s
  step 100/391 | loss 0.2245 | acc 91.8% | 1s elapsed | eta 3s
  step 200/391 | loss 0.2276 | acc 91.7% | 2s elapsed | eta 2s
  step 300/391 | loss 0.2277 | acc 91.8% | 2s elapsed | eta 1s
Ep 185 | loss 0.2293 | task 0.2293 | train 91.7% | test 79.8% | 3s
  step 100/391 | loss 0.2186 | acc 92.1% | 1s elapsed | eta 3s
  step 200/391 | loss 0.2252 | acc 91.9% | 2s elapsed | eta 2s
  step 300/391 | loss 0.2289 | acc 91.7% | 2s elapsed | eta 1s
Ep 186 | loss 0.2274 | task 0.2274 | train 91.8% | test 80.2% | 4s
  step 100/391 | loss 0.2192 | acc 92.2% | 1s elapsed | eta 3s
  step 200/391 | loss 0.2224 | acc 91.9% | 2s elapsed | eta 1s
  step 300/391 | loss 0.2274 | acc 91.7% | 2s elapsed | eta 1s
Ep 187 | loss 0.2282 | task 0.2282 | train 91.7% | test 80.4% | 3s
  step 100/391 | loss 0.2169 | acc 92.2% | 1s elapsed | eta 3s
  step 200/391 | loss 0.2201 | acc 92.1% | 2s elapsed | eta 2s
  step 300/391 | loss 0.2202 | acc 92.0% | 2s elapsed | eta 1s
Ep 188 | loss 0.2246 | task 0.2246 | train 91.9% | test 79.9% | 3s
  step 100/391 | loss 0.2044 | acc 92.8% | 1s elapsed | eta 2s
  step 200/391 | loss 0.2141 | acc 92.4% | 1s elapsed | eta 1s
  step 300/391 | loss 0.2160 | acc 92.2% | 2s elapsed | eta 1s
Ep 189 | loss 0.2170 | task 0.2170 | train 92.2% | test 80.0% | 3s
  step 100/391 | loss 0.2242 | acc 91.7% | 1s elapsed | eta 3s
  step 200/391 | loss 0.2250 | acc 91.8% | 2s elapsed | eta 2s
  step 300/391 | loss 0.2214 | acc 91.9% | 2s elapsed | eta 1s
Ep 190 | loss 0.2213 | task 0.2213 | train 91.9% | test 80.1% | 3s
  step 100/391 | loss 0.2124 | acc 92.4% | 1s elapsed | eta 2s
  step 200/391 | loss 0.2123 | acc 92.4% | 1s elapsed | eta 1s
  step 300/391 | loss 0.2187 | acc 92.1% | 2s elapsed | eta 1s
Ep 191 | loss 0.2206 | task 0.2206 | train 92.0% | test 80.0% | 3s
  step 100/391 | loss 0.2154 | acc 92.4% | 1s elapsed | eta 3s
  step 200/391 | loss 0.2131 | acc 92.4% | 2s elapsed | eta 2s
  step 300/391 | loss 0.2119 | acc 92.4% | 2s elapsed | eta 1s
Ep 192 | loss 0.2136 | task 0.2136 | train 92.3% | test 80.1% | 3s
  step 100/391 | loss 0.1993 | acc 93.0% | 1s elapsed | eta 3s
  step 200/391 | loss 0.2051 | acc 92.8% | 2s elapsed | eta 1s
  step 300/391 | loss 0.2081 | acc 92.6% | 2s elapsed | eta 1s
Ep 193 | loss 0.2104 | task 0.2104 | train 92.5% | test 80.3% | 3s
  step 100/391 | loss 0.2049 | acc 92.7% | 1s elapsed | eta 2s
  step 200/391 | loss 0.2092 | acc 92.5% | 2s elapsed | eta 1s
  step 300/391 | loss 0.2105 | acc 92.5% | 2s elapsed | eta 1s
Ep 194 | loss 0.2148 | task 0.2148 | train 92.3% | test 80.6% | 3s
  step 100/391 | loss 0.2023 | acc 92.8% | 1s elapsed | eta 3s
  step 200/391 | loss 0.2067 | acc 92.5% | 2s elapsed | eta 2s
  step 300/391 | loss 0.2086 | acc 92.5% | 2s elapsed | eta 1s
Ep 195 | loss 0.2112 | task 0.2112 | train 92.4% | test 80.0% | 3s
  step 100/391 | loss 0.2046 | acc 92.5% | 1s elapsed | eta 2s
  step 200/391 | loss 0.2058 | acc 92.4% | 1s elapsed | eta 1s
  step 300/391 | loss 0.2113 | acc 92.2% | 2s elapsed | eta 1s
Ep 196 | loss 0.2126 | task 0.2126 | train 92.1% | test 80.3% | 3s
  step 100/391 | loss 0.2051 | acc 92.6% | 1s elapsed | eta 3s
  step 200/391 | loss 0.2035 | acc 92.7% | 2s elapsed | eta 2s
  step 300/391 | loss 0.2065 | acc 92.5% | 2s elapsed | eta 1s
Ep 197 | loss 0.2073 | task 0.2073 | train 92.5% | test 80.2% | 3s
  step 100/391 | loss 0.2042 | acc 92.5% | 1s elapsed | eta 3s
  step 200/391 | loss 0.2081 | acc 92.4% | 2s elapsed | eta 2s
  step 300/391 | loss 0.2097 | acc 92.3% | 2s elapsed | eta 1s
Ep 198 | loss 0.2106 | task 0.2106 | train 92.4% | test 80.1% | 3s
  step 100/391 | loss 0.1993 | acc 93.0% | 1s elapsed | eta 2s
  step 200/391 | loss 0.2080 | acc 92.7% | 2s elapsed | eta 2s
  step 300/391 | loss 0.2093 | acc 92.6% | 2s elapsed | eta 1s
Ep 199 | loss 0.2110 | task 0.2110 | train 92.4% | test 79.9% | 3s
  step 100/391 | loss 0.2026 | acc 92.6% | 1s elapsed | eta 2s
  step 200/391 | loss 0.2029 | acc 92.6% | 2s elapsed | eta 2s
  step 300/391 | loss 0.2070 | acc 92.5% | 2s elapsed | eta 1s
Ep 200 | loss 0.2064 | task 0.2064 | train 92.5% | test 80.5% | 3s
  step 100/391 | loss 0.2034 | acc 92.5% | 1s elapsed | eta 2s
  step 200/391 | loss 0.2021 | acc 92.6% | 2s elapsed | eta 1s
  step 300/391 | loss 0.2035 | acc 92.5% | 2s elapsed | eta 1s
Ep 201 | loss 0.2056 | task 0.2056 | train 92.4% | test 80.3% | 3s
  step 100/391 | loss 0.1933 | acc 93.2% | 1s elapsed | eta 3s
  step 200/391 | loss 0.2019 | acc 92.7% | 2s elapsed | eta 2s
  step 300/391 | loss 0.2009 | acc 92.8% | 2s elapsed | eta 1s
Ep 202 | loss 0.2019 | task 0.2019 | train 92.7% | test 80.0% | 4s
  step 100/391 | loss 0.1998 | acc 92.8% | 1s elapsed | eta 2s
  step 200/391 | loss 0.1990 | acc 92.9% | 1s elapsed | eta 1s
  step 300/391 | loss 0.2032 | acc 92.7% | 2s elapsed | eta 1s
Ep 203 | loss 0.2050 | task 0.2050 | train 92.6% | test 80.2% | 3s
  step 100/391 | loss 0.1942 | acc 92.9% | 1s elapsed | eta 3s
  step 200/391 | loss 0.1977 | acc 92.9% | 2s elapsed | eta 2s
  step 300/391 | loss 0.1977 | acc 92.9% | 2s elapsed | eta 1s
Ep 204 | loss 0.2004 | task 0.2004 | train 92.8% | test 80.2% | 3s
  step 100/391 | loss 0.1949 | acc 92.9% | 1s elapsed | eta 3s
  step 200/391 | loss 0.2036 | acc 92.6% | 2s elapsed | eta 1s
  step 300/391 | loss 0.2038 | acc 92.6% | 2s elapsed | eta 1s
Ep 205 | loss 0.2042 | task 0.2042 | train 92.6% | test 80.1% | 3s
  step 100/391 | loss 0.1901 | acc 93.1% | 1s elapsed | eta 3s
  step 200/391 | loss 0.1945 | acc 93.0% | 2s elapsed | eta 2s
  step 300/391 | loss 0.1987 | acc 92.8% | 2s elapsed | eta 1s
Ep 206 | loss 0.1993 | task 0.1993 | train 92.8% | test 80.0% | 3s
  step 100/391 | loss 0.1922 | acc 93.0% | 1s elapsed | eta 3s
  step 200/391 | loss 0.1941 | acc 93.0% | 2s elapsed | eta 2s
  step 300/391 | loss 0.1954 | acc 92.9% | 2s elapsed | eta 1s
Ep 207 | loss 0.1966 | task 0.1966 | train 92.8% | test 80.0% | 3s
  step 100/391 | loss 0.1958 | acc 92.9% | 1s elapsed | eta 3s
  step 200/391 | loss 0.1968 | acc 92.8% | 2s elapsed | eta 2s
  step 300/391 | loss 0.1981 | acc 92.8% | 2s elapsed | eta 1s
Ep 208 | loss 0.1964 | task 0.1964 | train 92.8% | test 80.3% | 4s
  step 100/391 | loss 0.1915 | acc 93.2% | 1s elapsed | eta 3s
  step 200/391 | loss 0.1967 | acc 93.0% | 2s elapsed | eta 2s
  step 300/391 | loss 0.1973 | acc 92.9% | 2s elapsed | eta 1s
Ep 209 | loss 0.1964 | task 0.1964 | train 92.9% | test 80.1% | 3s
  step 100/391 | loss 0.1883 | acc 93.0% | 1s elapsed | eta 3s
  step 200/391 | loss 0.1912 | acc 93.1% | 2s elapsed | eta 2s
  step 300/391 | loss 0.1921 | acc 93.0% | 2s elapsed | eta 1s
Ep 210 | loss 0.1939 | task 0.1939 | train 93.0% | test 80.3% | 4s
  step 100/391 | loss 0.1976 | acc 92.7% | 1s elapsed | eta 3s
  step 200/391 | loss 0.1903 | acc 93.1% | 2s elapsed | eta 2s
  step 300/391 | loss 0.1883 | acc 93.2% | 2s elapsed | eta 1s
Ep 211 | loss 0.1894 | task 0.1894 | train 93.1% | test 79.9% | 3s
  step 100/391 | loss 0.1784 | acc 93.3% | 1s elapsed | eta 2s
  step 200/391 | loss 0.1870 | acc 93.2% | 2s elapsed | eta 1s
  step 300/391 | loss 0.1870 | acc 93.2% | 2s elapsed | eta 1s
Ep 212 | loss 0.1858 | task 0.1858 | train 93.3% | test 80.1% | 3s
  step 100/391 | loss 0.1849 | acc 93.4% | 1s elapsed | eta 3s
  step 200/391 | loss 0.1858 | acc 93.3% | 2s elapsed | eta 2s
  step 300/391 | loss 0.1882 | acc 93.3% | 2s elapsed | eta 1s
Ep 213 | loss 0.1913 | task 0.1913 | train 93.2% | test 80.1% | 4s
  step 100/391 | loss 0.1830 | acc 93.2% | 1s elapsed | eta 2s
  step 200/391 | loss 0.1830 | acc 93.2% | 1s elapsed | eta 1s
  step 300/391 | loss 0.1840 | acc 93.2% | 2s elapsed | eta 1s
Ep 214 | loss 0.1873 | task 0.1873 | train 93.1% | test 80.1% | 3s
  step 100/391 | loss 0.1901 | acc 93.1% | 1s elapsed | eta 3s
  step 200/391 | loss 0.1868 | acc 93.3% | 2s elapsed | eta 2s
  step 300/391 | loss 0.1878 | acc 93.2% | 2s elapsed | eta 1s
Ep 215 | loss 0.1887 | task 0.1887 | train 93.2% | test 80.2% | 4s
  step 100/391 | loss 0.1858 | acc 93.2% | 1s elapsed | eta 3s
  step 200/391 | loss 0.1915 | acc 93.1% | 1s elapsed | eta 1s
  step 300/391 | loss 0.1914 | acc 93.1% | 2s elapsed | eta 1s
Ep 216 | loss 0.1899 | task 0.1899 | train 93.1% | test 80.3% | 3s
  step 100/391 | loss 0.1808 | acc 93.3% | 1s elapsed | eta 2s
  step 200/391 | loss 0.1778 | acc 93.5% | 2s elapsed | eta 2s
  step 300/391 | loss 0.1815 | acc 93.3% | 2s elapsed | eta 1s
Ep 217 | loss 0.1827 | task 0.1827 | train 93.3% | test 80.3% | 3s
  step 100/391 | loss 0.1726 | acc 93.9% | 1s elapsed | eta 3s
  step 200/391 | loss 0.1777 | acc 93.7% | 2s elapsed | eta 2s
  step 300/391 | loss 0.1837 | acc 93.4% | 2s elapsed | eta 1s
Ep 218 | loss 0.1853 | task 0.1853 | train 93.3% | test 80.5% | 3s
  step 100/391 | loss 0.1815 | acc 93.5% | 1s elapsed | eta 2s
  step 200/391 | loss 0.1849 | acc 93.2% | 1s elapsed | eta 1s
  step 300/391 | loss 0.1840 | acc 93.3% | 2s elapsed | eta 1s
Ep 219 | loss 0.1846 | task 0.1846 | train 93.4% | test 80.2% | 3s
  step 100/391 | loss 0.1730 | acc 93.7% | 1s elapsed | eta 3s
  step 200/391 | loss 0.1807 | acc 93.5% | 2s elapsed | eta 2s
  step 300/391 | loss 0.1791 | acc 93.4% | 2s elapsed | eta 1s
Ep 220 | loss 0.1806 | task 0.1806 | train 93.4% | test 80.3% | 3s
  step 100/391 | loss 0.1660 | acc 94.0% | 1s elapsed | eta 3s
  step 200/391 | loss 0.1754 | acc 93.7% | 2s elapsed | eta 2s
  step 300/391 | loss 0.1746 | acc 93.7% | 2s elapsed | eta 1s
Ep 221 | loss 0.1777 | task 0.1777 | train 93.6% | test 80.3% | 3s
  step 100/391 | loss 0.1714 | acc 93.6% | 1s elapsed | eta 3s
  step 200/391 | loss 0.1787 | acc 93.4% | 2s elapsed | eta 2s
  step 300/391 | loss 0.1771 | acc 93.5% | 2s elapsed | eta 1s
Ep 222 | loss 0.1763 | task 0.1763 | train 93.5% | test 80.5% | 3s
  step 100/391 | loss 0.1664 | acc 94.1% | 1s elapsed | eta 3s
  step 200/391 | loss 0.1774 | acc 93.6% | 2s elapsed | eta 2s
  step 300/391 | loss 0.1789 | acc 93.6% | 2s elapsed | eta 1s
Ep 223 | loss 0.1798 | task 0.1798 | train 93.5% | test 80.7% | 3s
  step 100/391 | loss 0.1727 | acc 93.7% | 1s elapsed | eta 2s
  step 200/391 | loss 0.1783 | acc 93.6% | 2s elapsed | eta 1s
  step 300/391 | loss 0.1773 | acc 93.6% | 2s elapsed | eta 1s
Ep 224 | loss 0.1755 | task 0.1755 | train 93.7% | test 80.6% | 3s
  step 100/391 | loss 0.1719 | acc 93.9% | 1s elapsed | eta 3s
  step 200/391 | loss 0.1725 | acc 93.9% | 2s elapsed | eta 2s
  step 300/391 | loss 0.1753 | acc 93.8% | 2s elapsed | eta 1s
Ep 225 | loss 0.1764 | task 0.1764 | train 93.7% | test 80.5% | 3s
  step 100/391 | loss 0.1740 | acc 93.9% | 1s elapsed | eta 2s
  step 200/391 | loss 0.1747 | acc 93.8% | 1s elapsed | eta 1s
  step 300/391 | loss 0.1764 | acc 93.7% | 2s elapsed | eta 1s
Ep 226 | loss 0.1777 | task 0.1777 | train 93.6% | test 80.3% | 3s
  step 100/391 | loss 0.1686 | acc 93.8% | 1s elapsed | eta 3s
  step 200/391 | loss 0.1694 | acc 93.8% | 2s elapsed | eta 1s
  step 300/391 | loss 0.1706 | acc 93.7% | 2s elapsed | eta 1s
Ep 227 | loss 0.1720 | task 0.1720 | train 93.7% | test 80.5% | 3s
  step 100/391 | loss 0.1705 | acc 93.7% | 1s elapsed | eta 2s
  step 200/391 | loss 0.1705 | acc 93.8% | 1s elapsed | eta 1s
  step 300/391 | loss 0.1721 | acc 93.7% | 2s elapsed | eta 1s
Ep 228 | loss 0.1740 | task 0.1740 | train 93.7% | test 80.7% | 3s
  step 100/391 | loss 0.1781 | acc 93.7% | 1s elapsed | eta 2s
  step 200/391 | loss 0.1772 | acc 93.7% | 2s elapsed | eta 1s
  step 300/391 | loss 0.1771 | acc 93.7% | 2s elapsed | eta 1s
Ep 229 | loss 0.1758 | task 0.1758 | train 93.7% | test 80.6% | 3s
  step 100/391 | loss 0.1733 | acc 93.7% | 1s elapsed | eta 3s
  step 200/391 | loss 0.1724 | acc 93.8% | 2s elapsed | eta 1s
  step 300/391 | loss 0.1725 | acc 93.8% | 2s elapsed | eta 1s
Ep 230 | loss 0.1693 | task 0.1693 | train 93.9% | test 80.4% | 3s
  step 100/391 | loss 0.1601 | acc 94.3% | 1s elapsed | eta 3s
  step 200/391 | loss 0.1639 | acc 94.1% | 2s elapsed | eta 2s
  step 300/391 | loss 0.1659 | acc 94.0% | 2s elapsed | eta 1s
Ep 231 | loss 0.1677 | task 0.1677 | train 94.0% | test 80.5% | 3s
  step 100/391 | loss 0.1709 | acc 93.6% | 1s elapsed | eta 3s
  step 200/391 | loss 0.1703 | acc 93.7% | 2s elapsed | eta 2s
  step 300/391 | loss 0.1706 | acc 93.8% | 2s elapsed | eta 1s
Ep 232 | loss 0.1694 | task 0.1694 | train 93.8% | test 80.5% | 3s
  step 100/391 | loss 0.1696 | acc 94.0% | 1s elapsed | eta 3s
  step 200/391 | loss 0.1712 | acc 93.9% | 2s elapsed | eta 2s
  step 300/391 | loss 0.1721 | acc 93.9% | 2s elapsed | eta 1s
Ep 233 | loss 0.1740 | task 0.1740 | train 93.8% | test 80.8% | 4s
  step 100/391 | loss 0.1650 | acc 94.1% | 1s elapsed | eta 3s
  step 200/391 | loss 0.1650 | acc 94.1% | 2s elapsed | eta 2s
  step 300/391 | loss 0.1646 | acc 94.1% | 2s elapsed | eta 1s
Ep 234 | loss 0.1675 | task 0.1675 | train 94.0% | test 80.7% | 3s
  step 100/391 | loss 0.1619 | acc 94.4% | 1s elapsed | eta 2s
  step 200/391 | loss 0.1648 | acc 94.2% | 2s elapsed | eta 2s
  step 300/391 | loss 0.1642 | acc 94.1% | 2s elapsed | eta 1s
Ep 235 | loss 0.1663 | task 0.1663 | train 94.1% | test 80.6% | 3s
  step 100/391 | loss 0.1609 | acc 94.2% | 1s elapsed | eta 3s
  step 200/391 | loss 0.1657 | acc 93.9% | 2s elapsed | eta 2s
  step 300/391 | loss 0.1660 | acc 93.8% | 2s elapsed | eta 1s
Ep 236 | loss 0.1680 | task 0.1680 | train 93.8% | test 80.8% | 3s
  step 100/391 | loss 0.1621 | acc 94.2% | 1s elapsed | eta 2s
  step 200/391 | loss 0.1644 | acc 94.1% | 1s elapsed | eta 1s
  step 300/391 | loss 0.1636 | acc 94.1% | 2s elapsed | eta 1s
Ep 237 | loss 0.1641 | task 0.1641 | train 94.1% | test 80.8% | 3s
  step 100/391 | loss 0.1616 | acc 94.0% | 1s elapsed | eta 3s
  step 200/391 | loss 0.1623 | acc 94.1% | 2s elapsed | eta 2s
  step 300/391 | loss 0.1632 | acc 94.1% | 2s elapsed | eta 1s
Ep 238 | loss 0.1634 | task 0.1634 | train 94.1% | test 80.8% | 4s
  step 100/391 | loss 0.1703 | acc 93.8% | 1s elapsed | eta 3s
  step 200/391 | loss 0.1700 | acc 93.8% | 2s elapsed | eta 1s
  step 300/391 | loss 0.1657 | acc 94.1% | 2s elapsed | eta 1s
Ep 239 | loss 0.1653 | task 0.1653 | train 94.1% | test 80.4% | 3s
  step 100/391 | loss 0.1653 | acc 93.9% | 1s elapsed | eta 3s
  step 200/391 | loss 0.1630 | acc 94.0% | 2s elapsed | eta 2s
  step 300/391 | loss 0.1636 | acc 94.0% | 2s elapsed | eta 1s
Ep 240 | loss 0.1630 | task 0.1630 | train 94.0% | test 80.5% | 3s
  step 100/391 | loss 0.1607 | acc 94.2% | 1s elapsed | eta 3s
  step 200/391 | loss 0.1625 | acc 94.1% | 2s elapsed | eta 2s
  step 300/391 | loss 0.1637 | acc 94.1% | 2s elapsed | eta 1s
Ep 241 | loss 0.1643 | task 0.1643 | train 94.1% | test 80.6% | 3s
  step 100/391 | loss 0.1495 | acc 94.7% | 1s elapsed | eta 2s
  step 200/391 | loss 0.1542 | acc 94.5% | 1s elapsed | eta 1s
  step 300/391 | loss 0.1573 | acc 94.4% | 2s elapsed | eta 1s
Ep 242 | loss 0.1590 | task 0.1590 | train 94.4% | test 80.3% | 3s
  step 100/391 | loss 0.1577 | acc 94.5% | 1s elapsed | eta 3s
  step 200/391 | loss 0.1600 | acc 94.4% | 2s elapsed | eta 2s
  step 300/391 | loss 0.1582 | acc 94.4% | 2s elapsed | eta 1s
Ep 243 | loss 0.1589 | task 0.1589 | train 94.4% | test 80.6% | 3s
  step 100/391 | loss 0.1651 | acc 94.2% | 1s elapsed | eta 3s
  step 200/391 | loss 0.1618 | acc 94.2% | 2s elapsed | eta 2s
  step 300/391 | loss 0.1622 | acc 94.2% | 2s elapsed | eta 1s
Ep 244 | loss 0.1608 | task 0.1608 | train 94.2% | test 80.3% | 3s
  step 100/391 | loss 0.1547 | acc 94.3% | 1s elapsed | eta 3s
  step 200/391 | loss 0.1553 | acc 94.2% | 2s elapsed | eta 2s
  step 300/391 | loss 0.1579 | acc 94.2% | 2s elapsed | eta 1s
Ep 245 | loss 0.1572 | task 0.1572 | train 94.3% | test 80.7% | 4s
  step 100/391 | loss 0.1562 | acc 94.2% | 1s elapsed | eta 3s
  step 200/391 | loss 0.1566 | acc 94.3% | 2s elapsed | eta 2s
  step 300/391 | loss 0.1591 | acc 94.2% | 2s elapsed | eta 1s
Ep 246 | loss 0.1600 | task 0.1600 | train 94.2% | test 80.5% | 3s
  step 100/391 | loss 0.1567 | acc 94.1% | 1s elapsed | eta 3s
  step 200/391 | loss 0.1588 | acc 94.1% | 2s elapsed | eta 2s
  step 300/391 | loss 0.1610 | acc 94.1% | 2s elapsed | eta 1s
Ep 247 | loss 0.1598 | task 0.1598 | train 94.2% | test 80.5% | 4s
  step 100/391 | loss 0.1486 | acc 94.6% | 1s elapsed | eta 3s
  step 200/391 | loss 0.1549 | acc 94.4% | 2s elapsed | eta 2s
  step 300/391 | loss 0.1567 | acc 94.3% | 2s elapsed | eta 1s
Ep 248 | loss 0.1542 | task 0.1542 | train 94.4% | test 80.5% | 3s
  step 100/391 | loss 0.1506 | acc 94.7% | 1s elapsed | eta 2s
  step 200/391 | loss 0.1494 | acc 94.7% | 2s elapsed | eta 1s
  step 300/391 | loss 0.1542 | acc 94.5% | 2s elapsed | eta 1s
Ep 249 | loss 0.1560 | task 0.1560 | train 94.5% | test 80.6% | 3s
  step 100/391 | loss 0.1527 | acc 94.5% | 1s elapsed | eta 3s
  step 200/391 | loss 0.1562 | acc 94.4% | 2s elapsed | eta 2s
  step 300/391 | loss 0.1549 | acc 94.5% | 2s elapsed | eta 1s
Ep 250 | loss 0.1550 | task 0.1550 | train 94.5% | test 80.7% | 3s
  step 100/391 | loss 0.1542 | acc 94.6% | 1s elapsed | eta 3s
  step 200/391 | loss 0.1552 | acc 94.5% | 2s elapsed | eta 1s
  step 300/391 | loss 0.1537 | acc 94.5% | 2s elapsed | eta 1s
Ep 251 | loss 0.1566 | task 0.1566 | train 94.5% | test 80.7% | 3s
  step 100/391 | loss 0.1529 | acc 94.6% | 1s elapsed | eta 3s
  step 200/391 | loss 0.1545 | acc 94.4% | 2s elapsed | eta 2s
  step 300/391 | loss 0.1549 | acc 94.4% | 2s elapsed | eta 1s
Ep 252 | loss 0.1567 | task 0.1567 | train 94.4% | test 80.6% | 3s
  step 100/391 | loss 0.1571 | acc 94.2% | 1s elapsed | eta 2s
  step 200/391 | loss 0.1593 | acc 94.1% | 1s elapsed | eta 1s
  step 300/391 | loss 0.1572 | acc 94.2% | 2s elapsed | eta 1s
Ep 253 | loss 0.1578 | task 0.1578 | train 94.2% | test 80.7% | 3s
  step 100/391 | loss 0.1519 | acc 94.6% | 1s elapsed | eta 3s
  step 200/391 | loss 0.1531 | acc 94.5% | 2s elapsed | eta 2s
  step 300/391 | loss 0.1515 | acc 94.6% | 2s elapsed | eta 1s
Ep 254 | loss 0.1526 | task 0.1526 | train 94.6% | test 80.6% | 3s
  step 100/391 | loss 0.1419 | acc 95.0% | 1s elapsed | eta 3s
  step 200/391 | loss 0.1471 | acc 94.8% | 2s elapsed | eta 1s
  step 300/391 | loss 0.1477 | acc 94.7% | 2s elapsed | eta 1s
Ep 255 | loss 0.1496 | task 0.1496 | train 94.6% | test 80.6% | 3s
  step 100/391 | loss 0.1467 | acc 94.7% | 1s elapsed | eta 3s
  step 200/391 | loss 0.1482 | acc 94.7% | 2s elapsed | eta 2s
  step 300/391 | loss 0.1482 | acc 94.7% | 2s elapsed | eta 1s
Ep 256 | loss 0.1505 | task 0.1505 | train 94.6% | test 80.7% | 4s
  step 100/391 | loss 0.1515 | acc 94.5% | 1s elapsed | eta 3s
  step 200/391 | loss 0.1534 | acc 94.4% | 2s elapsed | eta 2s
  step 300/391 | loss 0.1531 | acc 94.4% | 2s elapsed | eta 1s
Ep 257 | loss 0.1540 | task 0.1540 | train 94.3% | test 80.6% | 3s
  step 100/391 | loss 0.1517 | acc 94.6% | 1s elapsed | eta 3s
  step 200/391 | loss 0.1539 | acc 94.6% | 2s elapsed | eta 2s
  step 300/391 | loss 0.1523 | acc 94.6% | 2s elapsed | eta 1s
Ep 258 | loss 0.1512 | task 0.1512 | train 94.6% | test 80.6% | 4s
  step 100/391 | loss 0.1510 | acc 94.6% | 1s elapsed | eta 2s
  step 200/391 | loss 0.1510 | acc 94.6% | 2s elapsed | eta 1s
  step 300/391 | loss 0.1506 | acc 94.6% | 2s elapsed | eta 1s
Ep 259 | loss 0.1494 | task 0.1494 | train 94.6% | test 80.6% | 3s
  step 100/391 | loss 0.1475 | acc 94.8% | 1s elapsed | eta 2s
  step 200/391 | loss 0.1478 | acc 94.7% | 2s elapsed | eta 2s
  step 300/391 | loss 0.1495 | acc 94.6% | 2s elapsed | eta 1s
Ep 260 | loss 0.1510 | task 0.1510 | train 94.6% | test 80.7% | 3s
  step 100/391 | loss 0.1448 | acc 94.8% | 1s elapsed | eta 3s
  step 200/391 | loss 0.1448 | acc 94.8% | 2s elapsed | eta 2s
  step 300/391 | loss 0.1462 | acc 94.7% | 2s elapsed | eta 1s
Ep 261 | loss 0.1483 | task 0.1483 | train 94.6% | test 80.6% | 3s
  step 100/391 | loss 0.1432 | acc 94.9% | 1s elapsed | eta 2s
  step 200/391 | loss 0.1487 | acc 94.7% | 1s elapsed | eta 1s
  step 300/391 | loss 0.1485 | acc 94.7% | 2s elapsed | eta 1s
Ep 262 | loss 0.1488 | task 0.1488 | train 94.6% | test 80.5% | 3s
  step 100/391 | loss 0.1403 | acc 94.9% | 1s elapsed | eta 3s
  step 200/391 | loss 0.1462 | acc 94.7% | 2s elapsed | eta 2s
  step 300/391 | loss 0.1469 | acc 94.8% | 2s elapsed | eta 1s
Ep 263 | loss 0.1488 | task 0.1488 | train 94.7% | test 80.9% | 4s
  step 100/391 | loss 0.1542 | acc 94.4% | 1s elapsed | eta 2s
  step 200/391 | loss 0.1534 | acc 94.4% | 1s elapsed | eta 1s
  step 300/391 | loss 0.1502 | acc 94.6% | 2s elapsed | eta 1s
Ep 264 | loss 0.1483 | task 0.1483 | train 94.7% | test 80.7% | 3s
  step 100/391 | loss 0.1528 | acc 94.6% | 1s elapsed | eta 3s
  step 200/391 | loss 0.1482 | acc 94.7% | 2s elapsed | eta 2s
  step 300/391 | loss 0.1489 | acc 94.6% | 2s elapsed | eta 1s
Ep 265 | loss 0.1476 | task 0.1476 | train 94.6% | test 80.8% | 3s
  step 100/391 | loss 0.1461 | acc 94.7% | 1s elapsed | eta 3s
  step 200/391 | loss 0.1481 | acc 94.5% | 2s elapsed | eta 2s
  step 300/391 | loss 0.1487 | acc 94.6% | 2s elapsed | eta 1s
Ep 266 | loss 0.1495 | task 0.1495 | train 94.6% | test 80.6% | 4s
  step 100/391 | loss 0.1451 | acc 94.8% | 1s elapsed | eta 2s
  step 200/391 | loss 0.1475 | acc 94.7% | 2s elapsed | eta 1s
  step 300/391 | loss 0.1470 | acc 94.6% | 2s elapsed | eta 1s
Ep 267 | loss 0.1470 | task 0.1470 | train 94.7% | test 80.8% | 3s
  step 100/391 | loss 0.1478 | acc 94.6% | 1s elapsed | eta 2s
  step 200/391 | loss 0.1476 | acc 94.7% | 2s elapsed | eta 1s
  step 300/391 | loss 0.1478 | acc 94.7% | 2s elapsed | eta 1s
Ep 268 | loss 0.1473 | task 0.1473 | train 94.8% | test 80.6% | 3s
  step 100/391 | loss 0.1485 | acc 94.7% | 1s elapsed | eta 3s
  step 200/391 | loss 0.1448 | acc 94.8% | 2s elapsed | eta 1s
  step 300/391 | loss 0.1462 | acc 94.7% | 2s elapsed | eta 1s
Ep 269 | loss 0.1480 | task 0.1480 | train 94.6% | test 80.8% | 3s
  step 100/391 | loss 0.1570 | acc 94.3% | 1s elapsed | eta 3s
  step 200/391 | loss 0.1502 | acc 94.6% | 2s elapsed | eta 2s
  step 300/391 | loss 0.1498 | acc 94.6% | 2s elapsed | eta 1s
Ep 270 | loss 0.1497 | task 0.1497 | train 94.6% | test 80.7% | 4s
  step 100/391 | loss 0.1509 | acc 94.5% | 1s elapsed | eta 3s
  step 200/391 | loss 0.1464 | acc 94.7% | 2s elapsed | eta 2s
  step 300/391 | loss 0.1451 | acc 94.7% | 2s elapsed | eta 1s
Ep 271 | loss 0.1453 | task 0.1453 | train 94.7% | test 80.7% | 3s
  step 100/391 | loss 0.1407 | acc 94.9% | 1s elapsed | eta 3s
  step 200/391 | loss 0.1442 | acc 94.9% | 2s elapsed | eta 2s
  step 300/391 | loss 0.1461 | acc 94.8% | 2s elapsed | eta 1s
Ep 272 | loss 0.1462 | task 0.1462 | train 94.8% | test 80.8% | 4s
  step 100/391 | loss 0.1474 | acc 94.7% | 1s elapsed | eta 3s
  step 200/391 | loss 0.1475 | acc 94.7% | 2s elapsed | eta 2s
  step 300/391 | loss 0.1486 | acc 94.6% | 2s elapsed | eta 1s
Ep 273 | loss 0.1487 | task 0.1487 | train 94.6% | test 80.7% | 3s
  step 100/391 | loss 0.1429 | acc 94.8% | 1s elapsed | eta 3s
  step 200/391 | loss 0.1409 | acc 94.9% | 2s elapsed | eta 1s
  step 300/391 | loss 0.1430 | acc 94.8% | 2s elapsed | eta 1s
Ep 274 | loss 0.1417 | task 0.1417 | train 94.9% | test 80.6% | 3s
  step 100/391 | loss 0.1422 | acc 95.0% | 1s elapsed | eta 3s
  step 200/391 | loss 0.1395 | acc 95.1% | 2s elapsed | eta 2s
  step 300/391 | loss 0.1428 | acc 95.0% | 2s elapsed | eta 1s
Ep 275 | loss 0.1431 | task 0.1431 | train 94.9% | test 80.5% | 3s
  step 100/391 | loss 0.1462 | acc 94.7% | 1s elapsed | eta 3s
  step 200/391 | loss 0.1425 | acc 94.8% | 2s elapsed | eta 2s
  step 300/391 | loss 0.1431 | acc 94.8% | 2s elapsed | eta 1s
Ep 276 | loss 0.1423 | task 0.1423 | train 94.8% | test 80.6% | 4s
  step 100/391 | loss 0.1306 | acc 95.4% | 1s elapsed | eta 3s
  step 200/391 | loss 0.1420 | acc 94.9% | 2s elapsed | eta 2s
  step 300/391 | loss 0.1414 | acc 94.9% | 2s elapsed | eta 1s
Ep 277 | loss 0.1406 | task 0.1406 | train 95.0% | test 80.7% | 3s
  step 100/391 | loss 0.1478 | acc 94.4% | 1s elapsed | eta 3s
  step 200/391 | loss 0.1450 | acc 94.7% | 2s elapsed | eta 2s
  step 300/391 | loss 0.1429 | acc 94.8% | 2s elapsed | eta 1s
Ep 278 | loss 0.1435 | task 0.1435 | train 94.8% | test 80.8% | 3s
  step 100/391 | loss 0.1413 | acc 95.0% | 1s elapsed | eta 3s
  step 200/391 | loss 0.1420 | acc 95.0% | 2s elapsed | eta 2s
  step 300/391 | loss 0.1424 | acc 94.9% | 2s elapsed | eta 1s
Ep 279 | loss 0.1423 | task 0.1423 | train 94.9% | test 80.6% | 4s
  step 100/391 | loss 0.1417 | acc 94.9% | 1s elapsed | eta 2s
  step 200/391 | loss 0.1409 | acc 94.9% | 1s elapsed | eta 1s
  step 300/391 | loss 0.1438 | acc 94.8% | 2s elapsed | eta 1s
Ep 280 | loss 0.1448 | task 0.1448 | train 94.8% | test 80.8% | 3s
  step 100/391 | loss 0.1429 | acc 94.9% | 1s elapsed | eta 3s
  step 200/391 | loss 0.1409 | acc 94.9% | 2s elapsed | eta 2s
  step 300/391 | loss 0.1416 | acc 95.0% | 2s elapsed | eta 1s
Ep 281 | loss 0.1423 | task 0.1423 | train 95.0% | test 80.7% | 4s
  step 100/391 | loss 0.1416 | acc 95.0% | 1s elapsed | eta 3s
  step 200/391 | loss 0.1421 | acc 94.9% | 2s elapsed | eta 2s
  step 300/391 | loss 0.1386 | acc 95.0% | 2s elapsed | eta 1s
Ep 282 | loss 0.1416 | task 0.1416 | train 94.9% | test 80.8% | 3s
  step 100/391 | loss 0.1412 | acc 94.9% | 1s elapsed | eta 3s
  step 200/391 | loss 0.1407 | acc 94.9% | 2s elapsed | eta 2s
  step 300/391 | loss 0.1394 | acc 95.0% | 3s elapsed | eta 1s
Ep 283 | loss 0.1402 | task 0.1402 | train 95.0% | test 80.8% | 5s
  step 100/391 | loss 0.1388 | acc 95.0% | 2s elapsed | eta 5s
  step 200/391 | loss 0.1419 | acc 94.8% | 3s elapsed | eta 3s
  step 300/391 | loss 0.1423 | acc 94.8% | 5s elapsed | eta 1s
Ep 284 | loss 0.1419 | task 0.1419 | train 94.9% | test 80.7% | 8s
  step 100/391 | loss 0.1370 | acc 95.2% | 2s elapsed | eta 4s
  step 200/391 | loss 0.1349 | acc 95.2% | 3s elapsed | eta 3s
  step 300/391 | loss 0.1351 | acc 95.2% | 5s elapsed | eta 1s
Ep 285 | loss 0.1368 | task 0.1368 | train 95.1% | test 80.8% | 7s
  step 100/391 | loss 0.1406 | acc 95.0% | 1s elapsed | eta 4s
  step 200/391 | loss 0.1458 | acc 94.8% | 3s elapsed | eta 2s
  step 300/391 | loss 0.1419 | acc 95.0% | 4s elapsed | eta 1s
Ep 286 | loss 0.1421 | task 0.1421 | train 94.9% | test 80.7% | 6s
  step 100/391 | loss 0.1358 | acc 95.1% | 2s elapsed | eta 5s
  step 200/391 | loss 0.1391 | acc 95.1% | 3s elapsed | eta 3s
  step 300/391 | loss 0.1374 | acc 95.1% | 5s elapsed | eta 2s
Ep 287 | loss 0.1377 | task 0.1377 | train 95.1% | test 80.8% | 9s
  step 100/391 | loss 0.1413 | acc 95.1% | 2s elapsed | eta 5s
  step 200/391 | loss 0.1390 | acc 95.2% | 3s elapsed | eta 3s
  step 300/391 | loss 0.1388 | acc 95.1% | 5s elapsed | eta 1s
Ep 288 | loss 0.1397 | task 0.1397 | train 95.0% | test 80.9% | 7s
  step 100/391 | loss 0.1454 | acc 94.7% | 2s elapsed | eta 5s
  step 200/391 | loss 0.1430 | acc 94.8% | 3s elapsed | eta 3s
  step 300/391 | loss 0.1443 | acc 94.8% | 4s elapsed | eta 1s
Ep 289 | loss 0.1437 | task 0.1437 | train 94.9% | test 80.8% | 7s
  step 100/391 | loss 0.1361 | acc 95.1% | 1s elapsed | eta 3s
  step 200/391 | loss 0.1370 | acc 95.1% | 2s elapsed | eta 2s
  step 300/391 | loss 0.1366 | acc 95.1% | 2s elapsed | eta 1s
Ep 290 | loss 0.1382 | task 0.1382 | train 95.1% | test 80.9% | 3s
  step 100/391 | loss 0.1524 | acc 94.5% | 1s elapsed | eta 3s
  step 200/391 | loss 0.1457 | acc 94.7% | 2s elapsed | eta 2s
  step 300/391 | loss 0.1420 | acc 94.8% | 2s elapsed | eta 1s
Ep 291 | loss 0.1422 | task 0.1422 | train 94.9% | test 80.8% | 3s
  step 100/391 | loss 0.1354 | acc 95.1% | 1s elapsed | eta 2s
  step 200/391 | loss 0.1393 | acc 95.1% | 1s elapsed | eta 1s
  step 300/391 | loss 0.1381 | acc 95.1% | 2s elapsed | eta 1s
Ep 292 | loss 0.1388 | task 0.1388 | train 95.0% | test 80.8% | 3s
  step 100/391 | loss 0.1470 | acc 94.8% | 1s elapsed | eta 3s
  step 200/391 | loss 0.1443 | acc 94.9% | 2s elapsed | eta 2s
  step 300/391 | loss 0.1438 | acc 95.0% | 2s elapsed | eta 1s
Ep 293 | loss 0.1458 | task 0.1458 | train 94.9% | test 80.9% | 4s
  step 100/391 | loss 0.1488 | acc 95.0% | 1s elapsed | eta 2s
  step 200/391 | loss 0.1473 | acc 95.0% | 1s elapsed | eta 1s
  step 300/391 | loss 0.1446 | acc 95.0% | 2s elapsed | eta 1s
Ep 294 | loss 0.1430 | task 0.1430 | train 95.0% | test 80.9% | 3s
  step 100/391 | loss 0.1397 | acc 95.0% | 1s elapsed | eta 3s
  step 200/391 | loss 0.1398 | acc 95.0% | 2s elapsed | eta 2s
  step 300/391 | loss 0.1381 | acc 95.0% | 2s elapsed | eta 1s
Ep 295 | loss 0.1388 | task 0.1388 | train 95.0% | test 80.9% | 3s
  step 100/391 | loss 0.1411 | acc 94.9% | 1s elapsed | eta 3s
  step 200/391 | loss 0.1372 | acc 95.1% | 2s elapsed | eta 2s
  step 300/391 | loss 0.1375 | acc 95.2% | 2s elapsed | eta 1s
Ep 296 | loss 0.1391 | task 0.1391 | train 95.1% | test 81.0% | 3s
  step 100/391 | loss 0.1374 | acc 95.0% | 1s elapsed | eta 3s
  step 200/391 | loss 0.1410 | acc 94.9% | 2s elapsed | eta 2s
  step 300/391 | loss 0.1398 | acc 95.0% | 2s elapsed | eta 1s
Ep 297 | loss 0.1379 | task 0.1379 | train 95.1% | test 81.0% | 3s
  step 100/391 | loss 0.1355 | acc 95.0% | 1s elapsed | eta 3s
  step 200/391 | loss 0.1358 | acc 95.1% | 2s elapsed | eta 2s
  step 300/391 | loss 0.1358 | acc 95.1% | 2s elapsed | eta 1s
Ep 298 | loss 0.1396 | task 0.1396 | train 95.0% | test 81.0% | 3s
  step 100/391 | loss 0.1414 | acc 95.0% | 1s elapsed | eta 2s
  step 200/391 | loss 0.1419 | acc 95.0% | 2s elapsed | eta 1s
  step 300/391 | loss 0.1427 | acc 95.0% | 2s elapsed | eta 1s
Ep 299 | loss 0.1442 | task 0.1442 | train 94.9% | test 80.9% | 3s
  step 100/391 | loss 0.1413 | acc 94.8% | 1s elapsed | eta 3s
  step 200/391 | loss 0.1449 | acc 94.8% | 2s elapsed | eta 2s
  step 300/391 | loss 0.1414 | acc 95.0% | 2s elapsed | eta 1s
Ep 300 | loss 0.1427 | task 0.1427 | train 94.9% | test 80.9% | 3s
Saved checkpoint to models/base_plain_K2_d01_300ep.pt
