/home/ec2-user/dev/ugh/.venv/lib/python3.13/site-packages/torchvision/datasets/cifar.py:83: VisibleDeprecationWarning: dtype(): align should be passed as Python or NumPy boolean but got `align=0`. Did you mean to pass a tuple to create a subarray type? (Deprecated NumPy 2.4)
  entry = pickle.load(f, encoding="latin1")
Model: baseline | Params: 3,583,306 | K=8 | blocks/unit=-
----------------------------------------------------------------------
  step 100/391 | loss 1.9585 | acc 26.8% | 2s elapsed | eta 5s
  step 200/391 | loss 1.8669 | acc 29.8% | 3s elapsed | eta 3s
  step 300/391 | loss 1.8015 | acc 32.3% | 4s elapsed | eta 1s
Ep   1 | loss 1.7586 | task 1.7586 | train 34.0% | test 39.9% | 6s
  step 100/391 | loss 1.5275 | acc 43.9% | 1s elapsed | eta 4s
  step 200/391 | loss 1.4912 | acc 45.2% | 2s elapsed | eta 2s
  step 300/391 | loss 1.4657 | acc 46.4% | 4s elapsed | eta 1s
Ep   2 | loss 1.4439 | task 1.4439 | train 47.2% | test 51.1% | 5s
  step 100/391 | loss 1.3222 | acc 51.2% | 1s elapsed | eta 4s
  step 200/391 | loss 1.3108 | acc 51.9% | 3s elapsed | eta 2s
  step 300/391 | loss 1.2981 | acc 52.5% | 4s elapsed | eta 1s
Ep   3 | loss 1.2842 | task 1.2842 | train 53.2% | test 56.3% | 5s
  step 100/391 | loss 1.2150 | acc 56.1% | 1s elapsed | eta 4s
  step 200/391 | loss 1.1972 | acc 56.7% | 2s elapsed | eta 2s
  step 300/391 | loss 1.1850 | acc 57.1% | 4s elapsed | eta 1s
Ep   4 | loss 1.1774 | task 1.1774 | train 57.4% | test 60.1% | 6s
  step 100/391 | loss 1.1092 | acc 60.2% | 1s elapsed | eta 4s
  step 200/391 | loss 1.1157 | acc 59.9% | 3s elapsed | eta 2s
  step 300/391 | loss 1.0997 | acc 60.5% | 4s elapsed | eta 1s
Ep   5 | loss 1.0912 | task 1.0912 | train 60.8% | test 61.9% | 5s
  step 100/391 | loss 1.0441 | acc 62.7% | 2s elapsed | eta 5s
  step 200/391 | loss 1.0369 | acc 63.0% | 3s elapsed | eta 3s
  step 300/391 | loss 1.0279 | acc 63.3% | 4s elapsed | eta 1s
Ep   6 | loss 1.0225 | task 1.0225 | train 63.5% | test 64.8% | 6s
  step 100/391 | loss 0.9915 | acc 64.5% | 2s elapsed | eta 5s
  step 200/391 | loss 0.9819 | acc 64.9% | 3s elapsed | eta 3s
  step 300/391 | loss 0.9751 | acc 65.2% | 4s elapsed | eta 1s
Ep   7 | loss 0.9699 | task 0.9699 | train 65.5% | test 67.4% | 6s
  step 100/391 | loss 0.9392 | acc 66.7% | 2s elapsed | eta 4s
  step 200/391 | loss 0.9358 | acc 66.6% | 3s elapsed | eta 3s
  step 300/391 | loss 0.9225 | acc 67.1% | 5s elapsed | eta 2s
Ep   8 | loss 0.9202 | task 0.9202 | train 67.1% | test 68.7% | 8s
  step 100/391 | loss 0.8836 | acc 68.7% | 2s elapsed | eta 6s
  step 200/391 | loss 0.8878 | acc 68.5% | 4s elapsed | eta 4s
  step 300/391 | loss 0.8803 | acc 68.7% | 7s elapsed | eta 2s
Ep   9 | loss 0.8754 | task 0.8754 | train 69.0% | test 68.9% | 11s
  step 100/391 | loss 0.8427 | acc 69.9% | 3s elapsed | eta 8s
  step 200/391 | loss 0.8379 | acc 70.1% | 5s elapsed | eta 5s
  step 300/391 | loss 0.8350 | acc 70.4% | 8s elapsed | eta 2s
Ep  10 | loss 0.8342 | task 0.8342 | train 70.5% | test 70.3% | 11s
  step 100/391 | loss 0.7823 | acc 72.4% | 2s elapsed | eta 6s
  step 200/391 | loss 0.7908 | acc 72.1% | 4s elapsed | eta 4s
  step 300/391 | loss 0.7895 | acc 72.1% | 7s elapsed | eta 2s
Ep  11 | loss 0.7876 | task 0.7876 | train 72.1% | test 70.8% | 10s
  step 100/391 | loss 0.7536 | acc 73.2% | 2s elapsed | eta 5s
  step 200/391 | loss 0.7632 | acc 72.8% | 4s elapsed | eta 4s
  step 300/391 | loss 0.7569 | acc 72.9% | 7s elapsed | eta 2s
Ep  12 | loss 0.7533 | task 0.7533 | train 73.2% | test 73.4% | 11s
  step 100/391 | loss 0.7083 | acc 75.1% | 3s elapsed | eta 9s
  step 200/391 | loss 0.7192 | acc 74.6% | 6s elapsed | eta 6s
  step 300/391 | loss 0.7207 | acc 74.5% | 8s elapsed | eta 3s
Ep  13 | loss 0.7250 | task 0.7250 | train 74.3% | test 73.2% | 12s
  step 100/391 | loss 0.7023 | acc 74.9% | 2s elapsed | eta 7s
  step 200/391 | loss 0.6981 | acc 75.1% | 5s elapsed | eta 4s
  step 300/391 | loss 0.6967 | acc 75.3% | 7s elapsed | eta 2s
Ep  14 | loss 0.6973 | task 0.6973 | train 75.3% | test 75.5% | 10s
  step 100/391 | loss 0.6601 | acc 76.9% | 2s elapsed | eta 6s
  step 200/391 | loss 0.6575 | acc 76.7% | 4s elapsed | eta 4s
  step 300/391 | loss 0.6665 | acc 76.5% | 6s elapsed | eta 2s
Ep  15 | loss 0.6643 | task 0.6643 | train 76.5% | test 74.7% | 10s
  step 100/391 | loss 0.6355 | acc 77.5% | 3s elapsed | eta 10s
  step 200/391 | loss 0.6319 | acc 77.8% | 6s elapsed | eta 6s
  step 300/391 | loss 0.6389 | acc 77.5% | 10s elapsed | eta 3s
Ep  16 | loss 0.6374 | task 0.6374 | train 77.6% | test 75.9% | 14s
  step 100/391 | loss 0.5932 | acc 79.3% | 2s elapsed | eta 6s
  step 200/391 | loss 0.6055 | acc 78.9% | 4s elapsed | eta 4s
  step 300/391 | loss 0.6127 | acc 78.6% | 6s elapsed | eta 2s
Ep  17 | loss 0.6102 | task 0.6102 | train 78.6% | test 76.4% | 8s
  step 100/391 | loss 0.5690 | acc 80.0% | 2s elapsed | eta 5s
  step 200/391 | loss 0.5709 | acc 79.6% | 4s elapsed | eta 3s
  step 300/391 | loss 0.5802 | acc 79.3% | 6s elapsed | eta 2s
Ep  18 | loss 0.5809 | task 0.5809 | train 79.3% | test 76.7% | 9s
  step 100/391 | loss 0.5679 | acc 79.4% | 3s elapsed | eta 10s
  step 200/391 | loss 0.5608 | acc 79.8% | 7s elapsed | eta 6s
  step 300/391 | loss 0.5559 | acc 80.0% | 10s elapsed | eta 3s
Ep  19 | loss 0.5575 | task 0.5575 | train 79.9% | test 75.9% | 14s
  step 100/391 | loss 0.5181 | acc 81.6% | 2s elapsed | eta 6s
  step 200/391 | loss 0.5337 | acc 80.9% | 4s elapsed | eta 4s
  step 300/391 | loss 0.5297 | acc 81.1% | 7s elapsed | eta 2s
Ep  20 | loss 0.5336 | task 0.5336 | train 80.9% | test 76.8% | 9s
  step 100/391 | loss 0.5102 | acc 82.2% | 2s elapsed | eta 6s
  step 200/391 | loss 0.5032 | acc 82.3% | 4s elapsed | eta 4s
  step 300/391 | loss 0.5075 | acc 82.1% | 6s elapsed | eta 2s
Ep  21 | loss 0.5104 | task 0.5104 | train 82.0% | test 78.3% | 9s
  step 100/391 | loss 0.4833 | acc 83.0% | 3s elapsed | eta 10s
  step 200/391 | loss 0.4834 | acc 82.9% | 6s elapsed | eta 6s
  step 300/391 | loss 0.4906 | acc 82.6% | 10s elapsed | eta 3s
Ep  22 | loss 0.4912 | task 0.4912 | train 82.5% | test 78.0% | 14s
  step 100/391 | loss 0.4423 | acc 84.0% | 2s elapsed | eta 5s
  step 200/391 | loss 0.4588 | acc 83.4% | 3s elapsed | eta 3s
  step 300/391 | loss 0.4646 | acc 83.3% | 5s elapsed | eta 2s
Ep  23 | loss 0.4684 | task 0.4684 | train 83.2% | test 79.0% | 7s
  step 100/391 | loss 0.4283 | acc 84.9% | 2s elapsed | eta 5s
  step 200/391 | loss 0.4356 | acc 84.6% | 3s elapsed | eta 3s
  step 300/391 | loss 0.4399 | acc 84.3% | 5s elapsed | eta 1s
Ep  24 | loss 0.4443 | task 0.4443 | train 84.2% | test 78.7% | 8s
  step 100/391 | loss 0.4341 | acc 84.6% | 3s elapsed | eta 9s
  step 200/391 | loss 0.4333 | acc 84.6% | 6s elapsed | eta 6s
  step 300/391 | loss 0.4314 | acc 84.8% | 9s elapsed | eta 3s
Ep  25 | loss 0.4306 | task 0.4306 | train 84.8% | test 76.9% | 13s
  step 100/391 | loss 0.3855 | acc 86.1% | 2s elapsed | eta 5s
  step 200/391 | loss 0.3919 | acc 86.0% | 3s elapsed | eta 3s
  step 300/391 | loss 0.3943 | acc 85.9% | 5s elapsed | eta 1s
Ep  26 | loss 0.4020 | task 0.4020 | train 85.6% | test 79.1% | 8s
  step 100/391 | loss 0.3727 | acc 86.8% | 2s elapsed | eta 5s
  step 200/391 | loss 0.3703 | acc 86.8% | 3s elapsed | eta 3s
  step 300/391 | loss 0.3780 | acc 86.5% | 6s elapsed | eta 2s
Ep  27 | loss 0.3846 | task 0.3846 | train 86.3% | test 78.4% | 10s
  step 100/391 | loss 0.3542 | acc 87.3% | 3s elapsed | eta 10s
  step 200/391 | loss 0.3534 | acc 87.2% | 6s elapsed | eta 6s
  step 300/391 | loss 0.3620 | acc 87.0% | 8s elapsed | eta 3s
Ep  28 | loss 0.3681 | task 0.3681 | train 86.8% | test 78.3% | 11s
  step 100/391 | loss 0.3308 | acc 88.3% | 2s elapsed | eta 5s
  step 200/391 | loss 0.3407 | acc 87.9% | 3s elapsed | eta 3s
  step 300/391 | loss 0.3470 | acc 87.7% | 5s elapsed | eta 1s
Ep  29 | loss 0.3472 | task 0.3472 | train 87.7% | test 77.9% | 7s
  step 100/391 | loss 0.3197 | acc 88.6% | 2s elapsed | eta 5s
  step 200/391 | loss 0.3294 | acc 88.4% | 4s elapsed | eta 4s
  step 300/391 | loss 0.3298 | acc 88.4% | 7s elapsed | eta 2s
Ep  30 | loss 0.3351 | task 0.3351 | train 88.2% | test 79.5% | 11s
  step 100/391 | loss 0.3130 | acc 89.1% | 3s elapsed | eta 9s
  step 200/391 | loss 0.3128 | acc 88.9% | 6s elapsed | eta 6s
  step 300/391 | loss 0.3194 | acc 88.7% | 8s elapsed | eta 2s
Ep  31 | loss 0.3181 | task 0.3181 | train 88.7% | test 79.5% | 10s
  step 100/391 | loss 0.2842 | acc 89.7% | 2s elapsed | eta 5s
  step 200/391 | loss 0.2892 | acc 89.7% | 4s elapsed | eta 3s
  step 300/391 | loss 0.2969 | acc 89.4% | 5s elapsed | eta 2s
Ep  32 | loss 0.3000 | task 0.3000 | train 89.2% | test 79.6% | 9s
  step 100/391 | loss 0.2732 | acc 90.2% | 3s elapsed | eta 9s
  step 200/391 | loss 0.2706 | acc 90.4% | 6s elapsed | eta 6s
  step 300/391 | loss 0.2763 | acc 90.1% | 9s elapsed | eta 3s
Ep  33 | loss 0.2844 | task 0.2844 | train 89.9% | test 78.3% | 13s
  step 100/391 | loss 0.2560 | acc 90.9% | 2s elapsed | eta 5s
  step 200/391 | loss 0.2610 | acc 90.8% | 3s elapsed | eta 3s
  step 300/391 | loss 0.2651 | acc 90.5% | 5s elapsed | eta 2s
Ep  34 | loss 0.2679 | task 0.2679 | train 90.5% | test 79.3% | 8s
  step 100/391 | loss 0.2336 | acc 91.8% | 1s elapsed | eta 4s
  step 200/391 | loss 0.2459 | acc 91.3% | 3s elapsed | eta 3s
  step 300/391 | loss 0.2532 | acc 90.9% | 5s elapsed | eta 2s
Ep  35 | loss 0.2570 | task 0.2570 | train 90.8% | test 79.3% | 9s
  step 100/391 | loss 0.2297 | acc 91.8% | 3s elapsed | eta 8s
  step 200/391 | loss 0.2391 | acc 91.4% | 5s elapsed | eta 5s
  step 300/391 | loss 0.2438 | acc 91.2% | 8s elapsed | eta 2s
Ep  36 | loss 0.2477 | task 0.2477 | train 91.1% | test 79.1% | 11s
  step 100/391 | loss 0.2115 | acc 92.7% | 2s elapsed | eta 4s
  step 200/391 | loss 0.2183 | acc 92.3% | 3s elapsed | eta 3s
  step 300/391 | loss 0.2237 | acc 92.1% | 4s elapsed | eta 1s
Ep  37 | loss 0.2278 | task 0.2278 | train 91.9% | test 79.9% | 6s
  step 100/391 | loss 0.2054 | acc 92.8% | 1s elapsed | eta 4s
  step 200/391 | loss 0.2139 | acc 92.5% | 3s elapsed | eta 2s
  step 300/391 | loss 0.2156 | acc 92.3% | 4s elapsed | eta 1s
Ep  38 | loss 0.2200 | task 0.2200 | train 92.2% | test 79.6% | 5s
  step 100/391 | loss 0.1932 | acc 93.2% | 1s elapsed | eta 4s
  step 200/391 | loss 0.1987 | acc 92.9% | 2s elapsed | eta 2s
  step 300/391 | loss 0.2072 | acc 92.7% | 3s elapsed | eta 1s
Ep  39 | loss 0.2103 | task 0.2103 | train 92.6% | test 79.0% | 5s
  step 100/391 | loss 0.1969 | acc 93.1% | 1s elapsed | eta 4s
  step 200/391 | loss 0.1958 | acc 93.1% | 2s elapsed | eta 2s
  step 300/391 | loss 0.2013 | acc 92.9% | 4s elapsed | eta 1s
Ep  40 | loss 0.2050 | task 0.2050 | train 92.7% | test 79.8% | 5s
  step 100/391 | loss 0.1824 | acc 93.7% | 1s elapsed | eta 4s
  step 200/391 | loss 0.1857 | acc 93.4% | 3s elapsed | eta 2s
  step 300/391 | loss 0.1898 | acc 93.3% | 4s elapsed | eta 1s
Ep  41 | loss 0.1934 | task 0.1934 | train 93.1% | test 79.5% | 5s
  step 100/391 | loss 0.1739 | acc 93.9% | 1s elapsed | eta 4s
  step 200/391 | loss 0.1745 | acc 93.9% | 2s elapsed | eta 2s
  step 300/391 | loss 0.1826 | acc 93.6% | 4s elapsed | eta 1s
Ep  42 | loss 0.1827 | task 0.1827 | train 93.6% | test 79.8% | 5s
  step 100/391 | loss 0.1647 | acc 94.0% | 1s elapsed | eta 4s
  step 200/391 | loss 0.1675 | acc 94.0% | 2s elapsed | eta 2s
  step 300/391 | loss 0.1733 | acc 93.8% | 3s elapsed | eta 1s
Ep  43 | loss 0.1758 | task 0.1758 | train 93.8% | test 79.6% | 5s
  step 100/391 | loss 0.1615 | acc 94.4% | 1s elapsed | eta 4s
  step 200/391 | loss 0.1668 | acc 94.1% | 2s elapsed | eta 2s
  step 300/391 | loss 0.1672 | acc 94.1% | 4s elapsed | eta 1s
Ep  44 | loss 0.1718 | task 0.1718 | train 93.9% | test 78.6% | 5s
  step 100/391 | loss 0.1541 | acc 94.7% | 2s elapsed | eta 5s
  step 200/391 | loss 0.1551 | acc 94.5% | 3s elapsed | eta 3s
  step 300/391 | loss 0.1582 | acc 94.4% | 4s elapsed | eta 1s
Ep  45 | loss 0.1624 | task 0.1624 | train 94.2% | test 80.0% | 6s
  step 100/391 | loss 0.1467 | acc 94.9% | 2s elapsed | eta 5s
  step 200/391 | loss 0.1557 | acc 94.6% | 3s elapsed | eta 3s
  step 300/391 | loss 0.1591 | acc 94.4% | 4s elapsed | eta 1s
Ep  46 | loss 0.1612 | task 0.1612 | train 94.3% | test 80.1% | 6s
  step 100/391 | loss 0.1345 | acc 95.4% | 2s elapsed | eta 5s
  step 200/391 | loss 0.1453 | acc 95.0% | 3s elapsed | eta 3s
  step 300/391 | loss 0.1485 | acc 94.9% | 4s elapsed | eta 1s
Ep  47 | loss 0.1514 | task 0.1514 | train 94.7% | test 79.7% | 6s
  step 100/391 | loss 0.1348 | acc 95.4% | 2s elapsed | eta 4s
  step 200/391 | loss 0.1417 | acc 95.0% | 3s elapsed | eta 3s
  step 300/391 | loss 0.1448 | acc 94.9% | 4s elapsed | eta 1s
Ep  48 | loss 0.1470 | task 0.1470 | train 94.8% | test 78.8% | 6s
  step 100/391 | loss 0.1380 | acc 95.2% | 2s elapsed | eta 5s
  step 200/391 | loss 0.1362 | acc 95.2% | 3s elapsed | eta 3s
  step 300/391 | loss 0.1413 | acc 95.0% | 4s elapsed | eta 1s
Ep  49 | loss 0.1452 | task 0.1452 | train 94.9% | test 78.5% | 6s
  step 100/391 | loss 0.1281 | acc 95.3% | 2s elapsed | eta 5s
  step 200/391 | loss 0.1348 | acc 95.2% | 3s elapsed | eta 3s
  step 300/391 | loss 0.1370 | acc 95.1% | 4s elapsed | eta 1s
Ep  50 | loss 0.1393 | task 0.1393 | train 95.1% | test 79.0% | 5s
  step 100/391 | loss 0.1201 | acc 95.8% | 1s elapsed | eta 4s
  step 200/391 | loss 0.1295 | acc 95.5% | 2s elapsed | eta 2s
  step 300/391 | loss 0.1330 | acc 95.3% | 4s elapsed | eta 1s
Ep  51 | loss 0.1346 | task 0.1346 | train 95.2% | test 79.7% | 5s
  step 100/391 | loss 0.1150 | acc 96.0% | 1s elapsed | eta 4s
  step 200/391 | loss 0.1276 | acc 95.5% | 3s elapsed | eta 2s
  step 300/391 | loss 0.1289 | acc 95.5% | 4s elapsed | eta 1s
Ep  52 | loss 0.1302 | task 0.1302 | train 95.4% | test 79.3% | 7s
  step 100/391 | loss 0.1145 | acc 96.0% | 2s elapsed | eta 5s
  step 200/391 | loss 0.1189 | acc 95.8% | 4s elapsed | eta 3s
  step 300/391 | loss 0.1256 | acc 95.6% | 6s elapsed | eta 2s
Ep  53 | loss 0.1284 | task 0.1284 | train 95.5% | test 79.4% | 9s
  step 100/391 | loss 0.1151 | acc 96.0% | 3s elapsed | eta 8s
  step 200/391 | loss 0.1148 | acc 96.0% | 5s elapsed | eta 4s
  step 300/391 | loss 0.1178 | acc 95.9% | 7s elapsed | eta 2s
Ep  54 | loss 0.1204 | task 0.1204 | train 95.8% | test 79.7% | 10s
  step 100/391 | loss 0.1098 | acc 96.0% | 2s elapsed | eta 6s
  step 200/391 | loss 0.1111 | acc 96.0% | 4s elapsed | eta 4s
  step 300/391 | loss 0.1157 | acc 95.9% | 7s elapsed | eta 2s
Ep  55 | loss 0.1152 | task 0.1152 | train 95.9% | test 79.5% | 10s
  step 100/391 | loss 0.1095 | acc 96.0% | 3s elapsed | eta 8s
  step 200/391 | loss 0.1130 | acc 95.9% | 6s elapsed | eta 5s
  step 300/391 | loss 0.1125 | acc 95.9% | 9s elapsed | eta 3s
Ep  56 | loss 0.1141 | task 0.1141 | train 95.9% | test 80.1% | 13s
  step 100/391 | loss 0.1012 | acc 96.6% | 3s elapsed | eta 10s
  step 200/391 | loss 0.1027 | acc 96.5% | 6s elapsed | eta 6s
  step 300/391 | loss 0.1082 | acc 96.3% | 9s elapsed | eta 3s
Ep  57 | loss 0.1124 | task 0.1124 | train 96.2% | test 79.3% | 12s
  step 100/391 | loss 0.1030 | acc 96.5% | 2s elapsed | eta 7s
  step 200/391 | loss 0.1071 | acc 96.3% | 4s elapsed | eta 4s
  step 300/391 | loss 0.1084 | acc 96.2% | 6s elapsed | eta 2s
Ep  58 | loss 0.1094 | task 0.1094 | train 96.1% | test 79.9% | 9s
  step 100/391 | loss 0.0956 | acc 96.5% | 2s elapsed | eta 6s
  step 200/391 | loss 0.1036 | acc 96.3% | 4s elapsed | eta 4s
  step 300/391 | loss 0.1068 | acc 96.1% | 6s elapsed | eta 2s
Ep  59 | loss 0.1100 | task 0.1100 | train 96.1% | test 79.6% | 11s
  step 100/391 | loss 0.0924 | acc 97.0% | 3s elapsed | eta 9s
  step 200/391 | loss 0.0959 | acc 96.8% | 6s elapsed | eta 6s
  step 300/391 | loss 0.1002 | acc 96.6% | 9s elapsed | eta 3s
Ep  60 | loss 0.1031 | task 0.1031 | train 96.5% | test 79.8% | 11s
  step 100/391 | loss 0.0913 | acc 96.7% | 2s elapsed | eta 5s
  step 200/391 | loss 0.0966 | acc 96.6% | 3s elapsed | eta 3s
  step 300/391 | loss 0.0996 | acc 96.6% | 5s elapsed | eta 1s
Ep  61 | loss 0.1032 | task 0.1032 | train 96.4% | test 79.5% | 8s
  step 100/391 | loss 0.0846 | acc 97.0% | 2s elapsed | eta 5s
  step 200/391 | loss 0.0924 | acc 96.8% | 4s elapsed | eta 3s
  step 300/391 | loss 0.0969 | acc 96.6% | 5s elapsed | eta 2s
Ep  62 | loss 0.0995 | task 0.0995 | train 96.5% | test 79.6% | 9s
  step 100/391 | loss 0.0915 | acc 96.8% | 3s elapsed | eta 9s
  step 200/391 | loss 0.0932 | acc 96.8% | 6s elapsed | eta 6s
  step 300/391 | loss 0.0927 | acc 96.8% | 9s elapsed | eta 3s
Ep  63 | loss 0.0956 | task 0.0956 | train 96.7% | test 79.6% | 13s
  step 100/391 | loss 0.0945 | acc 96.8% | 2s elapsed | eta 6s
  step 200/391 | loss 0.0957 | acc 96.7% | 4s elapsed | eta 4s
  step 300/391 | loss 0.0972 | acc 96.6% | 6s elapsed | eta 2s
Ep  64 | loss 0.0968 | task 0.0968 | train 96.6% | test 79.7% | 9s
  step 100/391 | loss 0.0829 | acc 97.2% | 2s elapsed | eta 6s
  step 200/391 | loss 0.0883 | acc 97.0% | 4s elapsed | eta 4s
  step 300/391 | loss 0.0900 | acc 97.0% | 6s elapsed | eta 2s
Ep  65 | loss 0.0920 | task 0.0920 | train 96.9% | test 79.3% | 11s
  step 100/391 | loss 0.0832 | acc 97.1% | 3s elapsed | eta 9s
  step 200/391 | loss 0.0873 | acc 97.0% | 6s elapsed | eta 6s
  step 300/391 | loss 0.0892 | acc 96.9% | 10s elapsed | eta 3s
Ep  66 | loss 0.0915 | task 0.0915 | train 96.8% | test 79.3% | 12s
  step 100/391 | loss 0.0785 | acc 97.3% | 2s elapsed | eta 5s
  step 200/391 | loss 0.0849 | acc 97.0% | 3s elapsed | eta 3s
  step 300/391 | loss 0.0846 | acc 97.0% | 5s elapsed | eta 1s
Ep  67 | loss 0.0873 | task 0.0873 | train 97.0% | test 79.7% | 7s
  step 100/391 | loss 0.0765 | acc 97.3% | 2s elapsed | eta 5s
  step 200/391 | loss 0.0791 | acc 97.2% | 3s elapsed | eta 3s
  step 300/391 | loss 0.0812 | acc 97.1% | 6s elapsed | eta 2s
Ep  68 | loss 0.0847 | task 0.0847 | train 97.0% | test 79.4% | 10s
  step 100/391 | loss 0.0811 | acc 97.1% | 3s elapsed | eta 9s
  step 200/391 | loss 0.0849 | acc 97.0% | 6s elapsed | eta 6s
  step 300/391 | loss 0.0856 | acc 97.0% | 9s elapsed | eta 3s
Ep  69 | loss 0.0869 | task 0.0869 | train 97.0% | test 79.2% | 11s
  step 100/391 | loss 0.0791 | acc 97.2% | 2s elapsed | eta 5s
  step 200/391 | loss 0.0814 | acc 97.2% | 4s elapsed | eta 3s
  step 300/391 | loss 0.0846 | acc 97.1% | 5s elapsed | eta 2s
Ep  70 | loss 0.0856 | task 0.0856 | train 97.0% | test 79.2% | 8s
  step 100/391 | loss 0.0812 | acc 97.0% | 3s elapsed | eta 9s
  step 200/391 | loss 0.0826 | acc 97.0% | 6s elapsed | eta 6s
  step 300/391 | loss 0.0819 | acc 97.1% | 9s elapsed | eta 3s
Ep  71 | loss 0.0818 | task 0.0818 | train 97.0% | test 79.3% | 13s
  step 100/391 | loss 0.0724 | acc 97.4% | 2s elapsed | eta 6s
  step 200/391 | loss 0.0734 | acc 97.4% | 4s elapsed | eta 4s
  step 300/391 | loss 0.0756 | acc 97.3% | 6s elapsed | eta 2s
Ep  72 | loss 0.0785 | task 0.0785 | train 97.2% | test 79.6% | 8s
  step 100/391 | loss 0.0786 | acc 97.5% | 2s elapsed | eta 5s
  step 200/391 | loss 0.0798 | acc 97.4% | 3s elapsed | eta 3s
  step 300/391 | loss 0.0802 | acc 97.3% | 5s elapsed | eta 1s
Ep  73 | loss 0.0807 | task 0.0807 | train 97.3% | test 79.5% | 7s
  step 100/391 | loss 0.0730 | acc 97.4% | 3s elapsed | eta 9s
  step 200/391 | loss 0.0717 | acc 97.5% | 6s elapsed | eta 6s
  step 300/391 | loss 0.0747 | acc 97.4% | 9s elapsed | eta 3s
Ep  74 | loss 0.0757 | task 0.0757 | train 97.3% | test 79.1% | 13s
  step 100/391 | loss 0.0697 | acc 97.5% | 3s elapsed | eta 8s
  step 200/391 | loss 0.0713 | acc 97.5% | 4s elapsed | eta 4s
  step 300/391 | loss 0.0713 | acc 97.5% | 6s elapsed | eta 2s
Ep  75 | loss 0.0732 | task 0.0732 | train 97.4% | test 79.7% | 8s
  step 100/391 | loss 0.0744 | acc 97.5% | 2s elapsed | eta 5s
  step 200/391 | loss 0.0759 | acc 97.4% | 3s elapsed | eta 3s
  step 300/391 | loss 0.0754 | acc 97.4% | 5s elapsed | eta 2s
Ep  76 | loss 0.0757 | task 0.0757 | train 97.4% | test 79.6% | 10s
  step 100/391 | loss 0.0683 | acc 97.6% | 3s elapsed | eta 9s
  step 200/391 | loss 0.0690 | acc 97.6% | 6s elapsed | eta 6s
  step 300/391 | loss 0.0691 | acc 97.6% | 9s elapsed | eta 3s
Ep  77 | loss 0.0708 | task 0.0708 | train 97.5% | test 79.6% | 11s
  step 100/391 | loss 0.0639 | acc 97.9% | 2s elapsed | eta 4s
  step 200/391 | loss 0.0673 | acc 97.7% | 3s elapsed | eta 3s
  step 300/391 | loss 0.0701 | acc 97.6% | 4s elapsed | eta 1s
Ep  78 | loss 0.0716 | task 0.0716 | train 97.6% | test 80.3% | 6s
  step 100/391 | loss 0.0673 | acc 97.7% | 3s elapsed | eta 8s
  step 200/391 | loss 0.0700 | acc 97.5% | 5s elapsed | eta 5s
  step 300/391 | loss 0.0698 | acc 97.6% | 8s elapsed | eta 2s
Ep  79 | loss 0.0695 | task 0.0695 | train 97.6% | test 78.9% | 11s
  step 100/391 | loss 0.0649 | acc 97.8% | 2s elapsed | eta 5s
  step 200/391 | loss 0.0671 | acc 97.7% | 3s elapsed | eta 3s
  step 300/391 | loss 0.0669 | acc 97.6% | 4s elapsed | eta 1s
Ep  80 | loss 0.0684 | task 0.0684 | train 97.6% | test 80.4% | 6s
  step 100/391 | loss 0.0634 | acc 98.0% | 2s elapsed | eta 5s
  step 200/391 | loss 0.0650 | acc 97.8% | 3s elapsed | eta 3s
  step 300/391 | loss 0.0661 | acc 97.8% | 4s elapsed | eta 1s
Ep  81 | loss 0.0664 | task 0.0664 | train 97.7% | test 79.7% | 6s
  step 100/391 | loss 0.0608 | acc 97.9% | 1s elapsed | eta 4s
  step 200/391 | loss 0.0646 | acc 97.7% | 2s elapsed | eta 2s
  step 300/391 | loss 0.0649 | acc 97.7% | 4s elapsed | eta 1s
Ep  82 | loss 0.0669 | task 0.0669 | train 97.7% | test 79.3% | 5s
  step 100/391 | loss 0.0609 | acc 97.9% | 1s elapsed | eta 4s
  step 200/391 | loss 0.0674 | acc 97.7% | 2s elapsed | eta 2s
  step 300/391 | loss 0.0679 | acc 97.7% | 4s elapsed | eta 1s
Ep  83 | loss 0.0692 | task 0.0692 | train 97.6% | test 79.5% | 5s
  step 100/391 | loss 0.0549 | acc 98.1% | 1s elapsed | eta 4s
  step 200/391 | loss 0.0602 | acc 97.9% | 2s elapsed | eta 2s
  step 300/391 | loss 0.0633 | acc 97.8% | 3s elapsed | eta 1s
Ep  84 | loss 0.0632 | task 0.0632 | train 97.8% | test 78.5% | 5s
  step 100/391 | loss 0.0621 | acc 97.8% | 1s elapsed | eta 4s
  step 200/391 | loss 0.0637 | acc 97.8% | 2s elapsed | eta 2s
  step 300/391 | loss 0.0647 | acc 97.7% | 4s elapsed | eta 1s
Ep  85 | loss 0.0644 | task 0.0644 | train 97.8% | test 79.5% | 5s
  step 100/391 | loss 0.0545 | acc 98.2% | 1s elapsed | eta 4s
  step 200/391 | loss 0.0593 | acc 98.0% | 2s elapsed | eta 2s
  step 300/391 | loss 0.0593 | acc 98.0% | 4s elapsed | eta 1s
Ep  86 | loss 0.0602 | task 0.0602 | train 98.0% | test 79.6% | 5s
  step 100/391 | loss 0.0539 | acc 98.0% | 1s elapsed | eta 4s
  step 200/391 | loss 0.0593 | acc 98.0% | 2s elapsed | eta 2s
  step 300/391 | loss 0.0596 | acc 98.0% | 4s elapsed | eta 1s
Ep  87 | loss 0.0616 | task 0.0616 | train 98.0% | test 78.7% | 6s
  step 100/391 | loss 0.0609 | acc 97.7% | 2s elapsed | eta 4s
  step 200/391 | loss 0.0615 | acc 97.8% | 3s elapsed | eta 3s
  step 300/391 | loss 0.0607 | acc 97.8% | 4s elapsed | eta 1s
Ep  88 | loss 0.0609 | task 0.0609 | train 97.8% | test 79.0% | 6s
  step 100/391 | loss 0.0591 | acc 97.9% | 2s elapsed | eta 5s
  step 200/391 | loss 0.0550 | acc 98.1% | 3s elapsed | eta 3s
  step 300/391 | loss 0.0573 | acc 98.0% | 4s elapsed | eta 1s
Ep  89 | loss 0.0592 | task 0.0592 | train 98.0% | test 80.2% | 6s
  step 100/391 | loss 0.0577 | acc 98.0% | 1s elapsed | eta 4s
  step 200/391 | loss 0.0576 | acc 98.0% | 3s elapsed | eta 2s
  step 300/391 | loss 0.0597 | acc 98.0% | 4s elapsed | eta 1s
Ep  90 | loss 0.0590 | task 0.0590 | train 98.0% | test 78.8% | 6s
  step 100/391 | loss 0.0455 | acc 98.4% | 2s elapsed | eta 4s
  step 200/391 | loss 0.0511 | acc 98.2% | 3s elapsed | eta 3s
  step 300/391 | loss 0.0542 | acc 98.1% | 4s elapsed | eta 1s
Ep  91 | loss 0.0559 | task 0.0559 | train 98.0% | test 79.5% | 6s
  step 100/391 | loss 0.0546 | acc 98.1% | 2s elapsed | eta 5s
  step 200/391 | loss 0.0554 | acc 98.1% | 3s elapsed | eta 3s
  step 300/391 | loss 0.0531 | acc 98.2% | 4s elapsed | eta 1s
Ep  92 | loss 0.0548 | task 0.0548 | train 98.1% | test 79.7% | 6s
  step 100/391 | loss 0.0478 | acc 98.3% | 1s elapsed | eta 4s
  step 200/391 | loss 0.0497 | acc 98.2% | 3s elapsed | eta 2s
  step 300/391 | loss 0.0529 | acc 98.1% | 4s elapsed | eta 1s
Ep  93 | loss 0.0545 | task 0.0545 | train 98.1% | test 78.8% | 5s
  step 100/391 | loss 0.0523 | acc 98.1% | 1s elapsed | eta 3s
  step 200/391 | loss 0.0515 | acc 98.1% | 2s elapsed | eta 2s
  step 300/391 | loss 0.0518 | acc 98.1% | 3s elapsed | eta 1s
Ep  94 | loss 0.0519 | task 0.0519 | train 98.2% | test 79.0% | 5s
  step 100/391 | loss 0.0494 | acc 98.3% | 1s elapsed | eta 4s
  step 200/391 | loss 0.0517 | acc 98.2% | 2s elapsed | eta 2s
  step 300/391 | loss 0.0508 | acc 98.2% | 4s elapsed | eta 1s
Ep  95 | loss 0.0517 | task 0.0517 | train 98.2% | test 79.5% | 6s
  step 100/391 | loss 0.0469 | acc 98.5% | 2s elapsed | eta 5s
  step 200/391 | loss 0.0473 | acc 98.4% | 3s elapsed | eta 3s
  step 300/391 | loss 0.0478 | acc 98.4% | 5s elapsed | eta 2s
Ep  96 | loss 0.0479 | task 0.0479 | train 98.4% | test 79.0% | 8s
  step 100/391 | loss 0.0473 | acc 98.3% | 2s elapsed | eta 6s
  step 200/391 | loss 0.0482 | acc 98.3% | 4s elapsed | eta 4s
  step 300/391 | loss 0.0497 | acc 98.2% | 6s elapsed | eta 2s
Ep  97 | loss 0.0498 | task 0.0498 | train 98.2% | test 78.9% | 10s
  step 100/391 | loss 0.0426 | acc 98.5% | 2s elapsed | eta 6s
  step 200/391 | loss 0.0473 | acc 98.3% | 4s elapsed | eta 4s
  step 300/391 | loss 0.0498 | acc 98.3% | 7s elapsed | eta 2s
Ep  98 | loss 0.0500 | task 0.0500 | train 98.2% | test 79.4% | 10s
  step 100/391 | loss 0.0469 | acc 98.4% | 2s elapsed | eta 6s
  step 200/391 | loss 0.0469 | acc 98.3% | 4s elapsed | eta 4s
  step 300/391 | loss 0.0474 | acc 98.3% | 8s elapsed | eta 2s
Ep  99 | loss 0.0485 | task 0.0485 | train 98.3% | test 79.0% | 12s
  step 100/391 | loss 0.0461 | acc 98.4% | 3s elapsed | eta 9s
  step 200/391 | loss 0.0469 | acc 98.4% | 6s elapsed | eta 6s
  step 300/391 | loss 0.0488 | acc 98.3% | 8s elapsed | eta 3s
Ep 100 | loss 0.0494 | task 0.0494 | train 98.3% | test 79.5% | 12s
  step 100/391 | loss 0.0498 | acc 98.4% | 2s elapsed | eta 7s
  step 200/391 | loss 0.0498 | acc 98.3% | 5s elapsed | eta 4s
  step 300/391 | loss 0.0498 | acc 98.3% | 7s elapsed | eta 2s
Ep 101 | loss 0.0495 | task 0.0495 | train 98.3% | test 79.8% | 11s
  step 100/391 | loss 0.0421 | acc 98.5% | 2s elapsed | eta 7s
  step 200/391 | loss 0.0441 | acc 98.5% | 4s elapsed | eta 4s
  step 300/391 | loss 0.0458 | acc 98.4% | 7s elapsed | eta 2s
Ep 102 | loss 0.0469 | task 0.0469 | train 98.3% | test 79.7% | 12s
  step 100/391 | loss 0.0432 | acc 98.5% | 3s elapsed | eta 9s
  step 200/391 | loss 0.0434 | acc 98.5% | 6s elapsed | eta 6s
  step 300/391 | loss 0.0453 | acc 98.4% | 9s elapsed | eta 3s
Ep 103 | loss 0.0453 | task 0.0453 | train 98.4% | test 80.0% | 11s
  step 100/391 | loss 0.0410 | acc 98.6% | 2s elapsed | eta 6s
  step 200/391 | loss 0.0423 | acc 98.5% | 4s elapsed | eta 3s
  step 300/391 | loss 0.0437 | acc 98.5% | 5s elapsed | eta 2s
Ep 104 | loss 0.0455 | task 0.0455 | train 98.4% | test 79.0% | 8s
  step 100/391 | loss 0.0458 | acc 98.4% | 2s elapsed | eta 6s
  step 200/391 | loss 0.0438 | acc 98.4% | 4s elapsed | eta 4s
  step 300/391 | loss 0.0454 | acc 98.4% | 6s elapsed | eta 2s
Ep 105 | loss 0.0452 | task 0.0452 | train 98.4% | test 79.3% | 10s
  step 100/391 | loss 0.0408 | acc 98.6% | 3s elapsed | eta 10s
  step 200/391 | loss 0.0416 | acc 98.6% | 7s elapsed | eta 6s
  step 300/391 | loss 0.0421 | acc 98.6% | 10s elapsed | eta 3s
Ep 106 | loss 0.0431 | task 0.0431 | train 98.5% | test 79.7% | 14s
  step 100/391 | loss 0.0358 | acc 98.8% | 2s elapsed | eta 6s
  step 200/391 | loss 0.0421 | acc 98.6% | 4s elapsed | eta 4s
  step 300/391 | loss 0.0431 | acc 98.5% | 6s elapsed | eta 2s
Ep 107 | loss 0.0437 | task 0.0437 | train 98.5% | test 79.2% | 8s
  step 100/391 | loss 0.0402 | acc 98.5% | 2s elapsed | eta 5s
  step 200/391 | loss 0.0410 | acc 98.5% | 3s elapsed | eta 3s
  step 300/391 | loss 0.0423 | acc 98.5% | 5s elapsed | eta 2s
Ep 108 | loss 0.0435 | task 0.0435 | train 98.5% | test 79.3% | 8s
  step 100/391 | loss 0.0392 | acc 98.6% | 2s elapsed | eta 6s
  step 200/391 | loss 0.0411 | acc 98.6% | 5s elapsed | eta 5s
  step 300/391 | loss 0.0417 | acc 98.5% | 8s elapsed | eta 2s
Ep 109 | loss 0.0421 | task 0.0421 | train 98.5% | test 79.6% | 12s
  step 100/391 | loss 0.0402 | acc 98.6% | 3s elapsed | eta 9s
  step 200/391 | loss 0.0403 | acc 98.6% | 5s elapsed | eta 4s
  step 300/391 | loss 0.0406 | acc 98.6% | 7s elapsed | eta 2s
Ep 110 | loss 0.0410 | task 0.0410 | train 98.6% | test 79.2% | 10s
  step 100/391 | loss 0.0357 | acc 98.7% | 2s elapsed | eta 5s
  step 200/391 | loss 0.0394 | acc 98.6% | 3s elapsed | eta 3s
  step 300/391 | loss 0.0393 | acc 98.6% | 5s elapsed | eta 2s
Ep 111 | loss 0.0403 | task 0.0403 | train 98.6% | test 79.8% | 8s
  step 100/391 | loss 0.0366 | acc 98.8% | 2s elapsed | eta 6s
  step 200/391 | loss 0.0386 | acc 98.7% | 5s elapsed | eta 5s
  step 300/391 | loss 0.0387 | acc 98.7% | 8s elapsed | eta 2s
Ep 112 | loss 0.0386 | task 0.0386 | train 98.7% | test 80.1% | 12s
  step 100/391 | loss 0.0387 | acc 98.7% | 3s elapsed | eta 9s
  step 200/391 | loss 0.0364 | acc 98.7% | 5s elapsed | eta 5s
  step 300/391 | loss 0.0401 | acc 98.6% | 7s elapsed | eta 2s
Ep 113 | loss 0.0397 | task 0.0397 | train 98.6% | test 80.1% | 10s
  step 100/391 | loss 0.0446 | acc 98.6% | 2s elapsed | eta 6s
  step 200/391 | loss 0.0396 | acc 98.7% | 4s elapsed | eta 3s
  step 300/391 | loss 0.0396 | acc 98.7% | 6s elapsed | eta 2s
Ep 114 | loss 0.0408 | task 0.0408 | train 98.6% | test 79.4% | 10s
  step 100/391 | loss 0.0351 | acc 98.8% | 2s elapsed | eta 6s
  step 200/391 | loss 0.0380 | acc 98.7% | 4s elapsed | eta 4s
  step 300/391 | loss 0.0389 | acc 98.7% | 8s elapsed | eta 2s
Ep 115 | loss 0.0385 | task 0.0385 | train 98.7% | test 79.8% | 12s
  step 100/391 | loss 0.0302 | acc 98.9% | 3s elapsed | eta 10s
  step 200/391 | loss 0.0336 | acc 98.9% | 5s elapsed | eta 5s
  step 300/391 | loss 0.0351 | acc 98.8% | 7s elapsed | eta 2s
Ep 116 | loss 0.0368 | task 0.0368 | train 98.7% | test 79.9% | 10s
  step 100/391 | loss 0.0431 | acc 98.5% | 2s elapsed | eta 5s
  step 200/391 | loss 0.0423 | acc 98.5% | 3s elapsed | eta 3s
  step 300/391 | loss 0.0398 | acc 98.6% | 5s elapsed | eta 2s
Ep 117 | loss 0.0398 | task 0.0398 | train 98.6% | test 78.2% | 8s
  step 100/391 | loss 0.0332 | acc 98.9% | 2s elapsed | eta 7s
  step 200/391 | loss 0.0349 | acc 98.9% | 4s elapsed | eta 4s
  step 300/391 | loss 0.0349 | acc 98.9% | 7s elapsed | eta 2s
Ep 118 | loss 0.0375 | task 0.0375 | train 98.8% | test 80.0% | 11s
  step 100/391 | loss 0.0345 | acc 98.8% | 3s elapsed | eta 9s
  step 200/391 | loss 0.0338 | acc 98.8% | 6s elapsed | eta 6s
  step 300/391 | loss 0.0344 | acc 98.8% | 9s elapsed | eta 3s
Ep 119 | loss 0.0356 | task 0.0356 | train 98.8% | test 80.7% | 11s
  step 100/391 | loss 0.0296 | acc 99.0% | 2s elapsed | eta 5s
  step 200/391 | loss 0.0331 | acc 98.9% | 3s elapsed | eta 3s
  step 300/391 | loss 0.0340 | acc 98.8% | 5s elapsed | eta 2s
Ep 120 | loss 0.0352 | task 0.0352 | train 98.8% | test 79.9% | 8s
  step 100/391 | loss 0.0315 | acc 98.9% | 2s elapsed | eta 5s
  step 200/391 | loss 0.0338 | acc 98.8% | 4s elapsed | eta 4s
  step 300/391 | loss 0.0335 | acc 98.9% | 7s elapsed | eta 2s
Ep 121 | loss 0.0345 | task 0.0345 | train 98.8% | test 80.3% | 10s
  step 100/391 | loss 0.0299 | acc 99.0% | 3s elapsed | eta 9s
  step 200/391 | loss 0.0316 | acc 98.9% | 6s elapsed | eta 6s
  step 300/391 | loss 0.0330 | acc 98.9% | 8s elapsed | eta 2s
Ep 122 | loss 0.0339 | task 0.0339 | train 98.8% | test 79.2% | 10s
  step 100/391 | loss 0.0379 | acc 98.7% | 2s elapsed | eta 5s
  step 200/391 | loss 0.0357 | acc 98.8% | 4s elapsed | eta 4s
  step 300/391 | loss 0.0349 | acc 98.8% | 7s elapsed | eta 2s
Ep 123 | loss 0.0350 | task 0.0350 | train 98.8% | test 80.0% | 10s
  step 100/391 | loss 0.0332 | acc 98.9% | 2s elapsed | eta 5s
  step 200/391 | loss 0.0314 | acc 98.9% | 3s elapsed | eta 3s
  step 300/391 | loss 0.0332 | acc 98.8% | 4s elapsed | eta 1s
Ep 124 | loss 0.0335 | task 0.0335 | train 98.8% | test 80.2% | 6s
  step 100/391 | loss 0.0345 | acc 98.8% | 2s elapsed | eta 4s
  step 200/391 | loss 0.0336 | acc 98.8% | 3s elapsed | eta 3s
  step 300/391 | loss 0.0339 | acc 98.9% | 4s elapsed | eta 1s
Ep 125 | loss 0.0329 | task 0.0329 | train 98.9% | test 80.6% | 6s
  step 100/391 | loss 0.0356 | acc 98.9% | 2s elapsed | eta 5s
  step 200/391 | loss 0.0344 | acc 98.9% | 3s elapsed | eta 3s
  step 300/391 | loss 0.0329 | acc 98.9% | 4s elapsed | eta 1s
Ep 126 | loss 0.0322 | task 0.0322 | train 98.9% | test 80.0% | 6s
  step 100/391 | loss 0.0313 | acc 98.9% | 2s elapsed | eta 4s
  step 200/391 | loss 0.0315 | acc 99.0% | 3s elapsed | eta 3s
  step 300/391 | loss 0.0320 | acc 98.9% | 4s elapsed | eta 1s
Ep 127 | loss 0.0306 | task 0.0306 | train 98.9% | test 80.7% | 6s
  step 100/391 | loss 0.0266 | acc 99.1% | 2s elapsed | eta 5s
  step 200/391 | loss 0.0277 | acc 99.1% | 3s elapsed | eta 3s
  step 300/391 | loss 0.0285 | acc 99.0% | 4s elapsed | eta 1s
Ep 128 | loss 0.0293 | task 0.0293 | train 99.0% | test 80.1% | 5s
  step 100/391 | loss 0.0269 | acc 99.1% | 1s elapsed | eta 4s
  step 200/391 | loss 0.0298 | acc 99.0% | 2s elapsed | eta 2s
  step 300/391 | loss 0.0293 | acc 99.0% | 4s elapsed | eta 1s
Ep 129 | loss 0.0302 | task 0.0302 | train 99.0% | test 80.1% | 5s
  step 100/391 | loss 0.0307 | acc 99.0% | 1s elapsed | eta 4s
  step 200/391 | loss 0.0307 | acc 98.9% | 3s elapsed | eta 2s
  step 300/391 | loss 0.0321 | acc 98.9% | 4s elapsed | eta 1s
Ep 130 | loss 0.0311 | task 0.0311 | train 98.9% | test 80.1% | 5s
  step 100/391 | loss 0.0269 | acc 99.0% | 1s elapsed | eta 4s
  step 200/391 | loss 0.0285 | acc 99.0% | 2s elapsed | eta 2s
  step 300/391 | loss 0.0272 | acc 99.1% | 4s elapsed | eta 1s
Ep 131 | loss 0.0283 | task 0.0283 | train 99.0% | test 80.3% | 5s
  step 100/391 | loss 0.0300 | acc 98.9% | 1s elapsed | eta 4s
  step 200/391 | loss 0.0302 | acc 98.9% | 2s elapsed | eta 2s
  step 300/391 | loss 0.0323 | acc 98.9% | 3s elapsed | eta 1s
Ep 132 | loss 0.0321 | task 0.0321 | train 98.9% | test 80.2% | 5s
  step 100/391 | loss 0.0268 | acc 99.1% | 1s elapsed | eta 4s
  step 200/391 | loss 0.0282 | acc 99.0% | 2s elapsed | eta 2s
  step 300/391 | loss 0.0286 | acc 99.0% | 3s elapsed | eta 1s
Ep 133 | loss 0.0292 | task 0.0292 | train 99.0% | test 79.9% | 5s
  step 100/391 | loss 0.0280 | acc 99.1% | 1s elapsed | eta 4s
  step 200/391 | loss 0.0273 | acc 99.1% | 2s elapsed | eta 2s
  step 300/391 | loss 0.0288 | acc 99.0% | 3s elapsed | eta 1s
Ep 134 | loss 0.0289 | task 0.0289 | train 99.0% | test 80.3% | 5s
  step 100/391 | loss 0.0249 | acc 99.1% | 1s elapsed | eta 4s
  step 200/391 | loss 0.0254 | acc 99.1% | 3s elapsed | eta 2s
  step 300/391 | loss 0.0248 | acc 99.2% | 4s elapsed | eta 1s
Ep 135 | loss 0.0255 | task 0.0255 | train 99.1% | test 80.4% | 6s
  step 100/391 | loss 0.0264 | acc 99.1% | 2s elapsed | eta 5s
  step 200/391 | loss 0.0261 | acc 99.1% | 3s elapsed | eta 3s
  step 300/391 | loss 0.0269 | acc 99.1% | 4s elapsed | eta 1s
Ep 136 | loss 0.0278 | task 0.0278 | train 99.1% | test 80.6% | 6s
  step 100/391 | loss 0.0239 | acc 99.2% | 2s elapsed | eta 5s
  step 200/391 | loss 0.0220 | acc 99.2% | 3s elapsed | eta 3s
  step 300/391 | loss 0.0234 | acc 99.2% | 4s elapsed | eta 1s
Ep 137 | loss 0.0253 | task 0.0253 | train 99.1% | test 80.4% | 6s
  step 100/391 | loss 0.0235 | acc 99.2% | 1s elapsed | eta 4s
  step 200/391 | loss 0.0234 | acc 99.2% | 3s elapsed | eta 2s
  step 300/391 | loss 0.0254 | acc 99.1% | 4s elapsed | eta 1s
Ep 138 | loss 0.0256 | task 0.0256 | train 99.2% | test 80.0% | 5s
  step 100/391 | loss 0.0241 | acc 99.2% | 2s elapsed | eta 4s
  step 200/391 | loss 0.0249 | acc 99.2% | 3s elapsed | eta 3s
  step 300/391 | loss 0.0251 | acc 99.2% | 4s elapsed | eta 1s
Ep 139 | loss 0.0264 | task 0.0264 | train 99.1% | test 79.6% | 6s
  step 100/391 | loss 0.0236 | acc 99.1% | 2s elapsed | eta 5s
  step 200/391 | loss 0.0244 | acc 99.1% | 3s elapsed | eta 3s
  step 300/391 | loss 0.0248 | acc 99.1% | 5s elapsed | eta 2s
Ep 140 | loss 0.0243 | task 0.0243 | train 99.1% | test 80.2% | 8s
  step 100/391 | loss 0.0234 | acc 99.1% | 2s elapsed | eta 7s
  step 200/391 | loss 0.0210 | acc 99.2% | 5s elapsed | eta 4s
  step 300/391 | loss 0.0229 | acc 99.2% | 7s elapsed | eta 2s
Ep 141 | loss 0.0236 | task 0.0236 | train 99.2% | test 79.9% | 10s
  step 100/391 | loss 0.0268 | acc 99.0% | 2s elapsed | eta 7s
  step 200/391 | loss 0.0260 | acc 99.1% | 4s elapsed | eta 4s
  step 300/391 | loss 0.0258 | acc 99.1% | 7s elapsed | eta 2s
Ep 142 | loss 0.0255 | task 0.0255 | train 99.1% | test 80.4% | 10s
  step 100/391 | loss 0.0227 | acc 99.3% | 2s elapsed | eta 7s
  step 200/391 | loss 0.0220 | acc 99.3% | 5s elapsed | eta 4s
  step 300/391 | loss 0.0216 | acc 99.3% | 7s elapsed | eta 2s
Ep 143 | loss 0.0222 | task 0.0222 | train 99.3% | test 80.4% | 9s
  step 100/391 | loss 0.0255 | acc 99.2% | 3s elapsed | eta 8s
  step 200/391 | loss 0.0236 | acc 99.2% | 6s elapsed | eta 5s
  step 300/391 | loss 0.0239 | acc 99.2% | 9s elapsed | eta 3s
Ep 144 | loss 0.0244 | task 0.0244 | train 99.2% | test 80.7% | 13s
  step 100/391 | loss 0.0204 | acc 99.3% | 3s elapsed | eta 8s
  step 200/391 | loss 0.0239 | acc 99.2% | 5s elapsed | eta 5s
  step 300/391 | loss 0.0224 | acc 99.3% | 8s elapsed | eta 2s
Ep 145 | loss 0.0223 | task 0.0223 | train 99.3% | test 80.1% | 11s
  step 100/391 | loss 0.0219 | acc 99.2% | 2s elapsed | eta 7s
  step 200/391 | loss 0.0211 | acc 99.3% | 4s elapsed | eta 4s
  step 300/391 | loss 0.0222 | acc 99.3% | 6s elapsed | eta 2s
Ep 146 | loss 0.0227 | task 0.0227 | train 99.3% | test 80.0% | 9s
  step 100/391 | loss 0.0188 | acc 99.4% | 2s elapsed | eta 6s
  step 200/391 | loss 0.0193 | acc 99.3% | 5s elapsed | eta 4s
  step 300/391 | loss 0.0199 | acc 99.3% | 7s elapsed | eta 2s
Ep 147 | loss 0.0214 | task 0.0214 | train 99.3% | test 80.3% | 12s
  step 100/391 | loss 0.0198 | acc 99.3% | 3s elapsed | eta 9s
  step 200/391 | loss 0.0200 | acc 99.3% | 6s elapsed | eta 6s
  step 300/391 | loss 0.0203 | acc 99.3% | 8s elapsed | eta 3s
Ep 148 | loss 0.0218 | task 0.0218 | train 99.3% | test 80.6% | 11s
  step 100/391 | loss 0.0229 | acc 99.3% | 2s elapsed | eta 5s
  step 200/391 | loss 0.0226 | acc 99.3% | 3s elapsed | eta 3s
  step 300/391 | loss 0.0210 | acc 99.3% | 5s elapsed | eta 1s
Ep 149 | loss 0.0211 | task 0.0211 | train 99.3% | test 80.4% | 7s
  step 100/391 | loss 0.0230 | acc 99.3% | 2s elapsed | eta 6s
  step 200/391 | loss 0.0227 | acc 99.2% | 5s elapsed | eta 4s
  step 300/391 | loss 0.0208 | acc 99.3% | 7s elapsed | eta 2s
Ep 150 | loss 0.0211 | task 0.0211 | train 99.3% | test 80.2% | 11s
  step 100/391 | loss 0.0174 | acc 99.4% | 3s elapsed | eta 10s
  step 200/391 | loss 0.0173 | acc 99.4% | 6s elapsed | eta 6s
  step 300/391 | loss 0.0190 | acc 99.4% | 8s elapsed | eta 3s
Ep 151 | loss 0.0204 | task 0.0204 | train 99.3% | test 80.2% | 11s
  step 100/391 | loss 0.0202 | acc 99.2% | 2s elapsed | eta 5s
  step 200/391 | loss 0.0195 | acc 99.3% | 3s elapsed | eta 3s
  step 300/391 | loss 0.0188 | acc 99.3% | 5s elapsed | eta 1s
Ep 152 | loss 0.0198 | task 0.0198 | train 99.3% | test 80.3% | 7s
  step 100/391 | loss 0.0201 | acc 99.3% | 2s elapsed | eta 5s
  step 200/391 | loss 0.0191 | acc 99.3% | 4s elapsed | eta 3s
  step 300/391 | loss 0.0198 | acc 99.3% | 6s elapsed | eta 2s
Ep 153 | loss 0.0198 | task 0.0198 | train 99.3% | test 81.0% | 10s
  step 100/391 | loss 0.0168 | acc 99.4% | 3s elapsed | eta 9s
  step 200/391 | loss 0.0173 | acc 99.4% | 6s elapsed | eta 6s
  step 300/391 | loss 0.0185 | acc 99.4% | 9s elapsed | eta 3s
Ep 154 | loss 0.0184 | task 0.0184 | train 99.4% | test 80.4% | 11s
  step 100/391 | loss 0.0159 | acc 99.4% | 2s elapsed | eta 5s
  step 200/391 | loss 0.0149 | acc 99.4% | 3s elapsed | eta 3s
  step 300/391 | loss 0.0146 | acc 99.5% | 5s elapsed | eta 2s
Ep 155 | loss 0.0154 | task 0.0154 | train 99.5% | test 80.5% | 8s
  step 100/391 | loss 0.0183 | acc 99.4% | 2s elapsed | eta 5s
  step 200/391 | loss 0.0172 | acc 99.4% | 3s elapsed | eta 3s
  step 300/391 | loss 0.0194 | acc 99.4% | 5s elapsed | eta 1s
Ep 156 | loss 0.0197 | task 0.0197 | train 99.4% | test 80.0% | 9s
  step 100/391 | loss 0.0153 | acc 99.5% | 3s elapsed | eta 9s
  step 200/391 | loss 0.0166 | acc 99.4% | 6s elapsed | eta 6s
  step 300/391 | loss 0.0176 | acc 99.4% | 9s elapsed | eta 3s
Ep 157 | loss 0.0192 | task 0.0192 | train 99.3% | test 80.7% | 12s
  step 100/391 | loss 0.0125 | acc 99.6% | 2s elapsed | eta 5s
  step 200/391 | loss 0.0144 | acc 99.4% | 3s elapsed | eta 3s
  step 300/391 | loss 0.0155 | acc 99.4% | 4s elapsed | eta 1s
Ep 158 | loss 0.0168 | task 0.0168 | train 99.4% | test 79.8% | 7s
  step 100/391 | loss 0.0183 | acc 99.4% | 2s elapsed | eta 5s
  step 200/391 | loss 0.0174 | acc 99.4% | 5s elapsed | eta 4s
  step 300/391 | loss 0.0176 | acc 99.4% | 8s elapsed | eta 2s
Ep 159 | loss 0.0186 | task 0.0186 | train 99.4% | test 80.5% | 12s
  step 100/391 | loss 0.0130 | acc 99.6% | 3s elapsed | eta 9s
  step 200/391 | loss 0.0152 | acc 99.5% | 5s elapsed | eta 5s
  step 300/391 | loss 0.0165 | acc 99.5% | 7s elapsed | eta 2s
Ep 160 | loss 0.0156 | task 0.0156 | train 99.5% | test 79.8% | 10s
  step 100/391 | loss 0.0184 | acc 99.4% | 2s elapsed | eta 5s
  step 200/391 | loss 0.0165 | acc 99.4% | 3s elapsed | eta 3s
  step 300/391 | loss 0.0170 | acc 99.4% | 5s elapsed | eta 2s
Ep 161 | loss 0.0166 | task 0.0166 | train 99.4% | test 81.3% | 8s
  step 100/391 | loss 0.0152 | acc 99.5% | 3s elapsed | eta 9s
  step 200/391 | loss 0.0154 | acc 99.5% | 6s elapsed | eta 6s
  step 300/391 | loss 0.0159 | acc 99.5% | 9s elapsed | eta 3s
Ep 162 | loss 0.0158 | task 0.0158 | train 99.5% | test 80.8% | 13s
  step 100/391 | loss 0.0145 | acc 99.5% | 2s elapsed | eta 6s
  step 200/391 | loss 0.0164 | acc 99.4% | 4s elapsed | eta 3s
  step 300/391 | loss 0.0163 | acc 99.4% | 5s elapsed | eta 2s
Ep 163 | loss 0.0167 | task 0.0167 | train 99.4% | test 80.3% | 8s
  step 100/391 | loss 0.0155 | acc 99.5% | 2s elapsed | eta 5s
  step 200/391 | loss 0.0147 | acc 99.6% | 3s elapsed | eta 3s
  step 300/391 | loss 0.0157 | acc 99.5% | 6s elapsed | eta 2s
Ep 164 | loss 0.0157 | task 0.0157 | train 99.5% | test 80.0% | 9s
  step 100/391 | loss 0.0161 | acc 99.5% | 3s elapsed | eta 8s
  step 200/391 | loss 0.0153 | acc 99.5% | 5s elapsed | eta 5s
  step 300/391 | loss 0.0156 | acc 99.5% | 8s elapsed | eta 2s
Ep 165 | loss 0.0158 | task 0.0158 | train 99.5% | test 80.5% | 12s
  step 100/391 | loss 0.0163 | acc 99.4% | 2s elapsed | eta 5s
  step 200/391 | loss 0.0143 | acc 99.5% | 3s elapsed | eta 3s
  step 300/391 | loss 0.0151 | acc 99.5% | 4s elapsed | eta 1s
Ep 166 | loss 0.0148 | task 0.0148 | train 99.5% | test 80.9% | 6s
  step 100/391 | loss 0.0116 | acc 99.6% | 2s elapsed | eta 5s
  step 200/391 | loss 0.0120 | acc 99.6% | 3s elapsed | eta 3s
  step 300/391 | loss 0.0121 | acc 99.6% | 4s elapsed | eta 1s
Ep 167 | loss 0.0131 | task 0.0131 | train 99.6% | test 80.4% | 6s
  step 100/391 | loss 0.0140 | acc 99.5% | 1s elapsed | eta 4s
  step 200/391 | loss 0.0156 | acc 99.5% | 2s elapsed | eta 2s
  step 300/391 | loss 0.0149 | acc 99.5% | 3s elapsed | eta 1s
Ep 168 | loss 0.0151 | task 0.0151 | train 99.5% | test 80.9% | 5s
  step 100/391 | loss 0.0133 | acc 99.6% | 1s elapsed | eta 4s
  step 200/391 | loss 0.0147 | acc 99.5% | 2s elapsed | eta 2s
  step 300/391 | loss 0.0138 | acc 99.5% | 3s elapsed | eta 1s
Ep 169 | loss 0.0137 | task 0.0137 | train 99.5% | test 79.6% | 5s
  step 100/391 | loss 0.0106 | acc 99.6% | 1s elapsed | eta 4s
  step 200/391 | loss 0.0125 | acc 99.6% | 2s elapsed | eta 2s
  step 300/391 | loss 0.0125 | acc 99.6% | 4s elapsed | eta 1s
Ep 170 | loss 0.0129 | task 0.0129 | train 99.6% | test 80.5% | 5s
  step 100/391 | loss 0.0136 | acc 99.5% | 1s elapsed | eta 4s
  step 200/391 | loss 0.0135 | acc 99.5% | 2s elapsed | eta 2s
  step 300/391 | loss 0.0146 | acc 99.5% | 4s elapsed | eta 1s
Ep 171 | loss 0.0135 | task 0.0135 | train 99.5% | test 80.4% | 5s
  step 100/391 | loss 0.0105 | acc 99.6% | 1s elapsed | eta 4s
  step 200/391 | loss 0.0117 | acc 99.6% | 2s elapsed | eta 2s
  step 300/391 | loss 0.0123 | acc 99.6% | 3s elapsed | eta 1s
Ep 172 | loss 0.0132 | task 0.0132 | train 99.5% | test 81.0% | 6s
  step 100/391 | loss 0.0122 | acc 99.6% | 2s elapsed | eta 5s
  step 200/391 | loss 0.0126 | acc 99.6% | 3s elapsed | eta 3s
  step 300/391 | loss 0.0119 | acc 99.6% | 5s elapsed | eta 2s
Ep 173 | loss 0.0121 | task 0.0121 | train 99.6% | test 80.3% | 8s
  step 100/391 | loss 0.0132 | acc 99.5% | 2s elapsed | eta 6s
  step 200/391 | loss 0.0129 | acc 99.6% | 4s elapsed | eta 4s
  step 300/391 | loss 0.0133 | acc 99.6% | 7s elapsed | eta 2s
Ep 174 | loss 0.0128 | task 0.0128 | train 99.6% | test 80.4% | 10s
  step 100/391 | loss 0.0128 | acc 99.6% | 3s elapsed | eta 8s
  step 200/391 | loss 0.0122 | acc 99.6% | 5s elapsed | eta 5s
  step 300/391 | loss 0.0119 | acc 99.6% | 7s elapsed | eta 2s
Ep 175 | loss 0.0118 | task 0.0118 | train 99.6% | test 81.1% | 10s
  step 100/391 | loss 0.0111 | acc 99.6% | 2s elapsed | eta 6s
  step 200/391 | loss 0.0119 | acc 99.6% | 4s elapsed | eta 3s
  step 300/391 | loss 0.0110 | acc 99.6% | 6s elapsed | eta 2s
Ep 176 | loss 0.0101 | task 0.0101 | train 99.7% | test 80.6% | 9s
  step 100/391 | loss 0.0107 | acc 99.6% | 3s elapsed | eta 9s
  step 200/391 | loss 0.0111 | acc 99.6% | 6s elapsed | eta 6s
  step 300/391 | loss 0.0106 | acc 99.6% | 9s elapsed | eta 3s
Ep 177 | loss 0.0119 | task 0.0119 | train 99.6% | test 80.4% | 13s
  step 100/391 | loss 0.0108 | acc 99.6% | 2s elapsed | eta 7s
  step 200/391 | loss 0.0085 | acc 99.7% | 4s elapsed | eta 4s
  step 300/391 | loss 0.0093 | acc 99.7% | 7s elapsed | eta 2s
Ep 178 | loss 0.0102 | task 0.0102 | train 99.6% | test 80.9% | 10s
  step 100/391 | loss 0.0148 | acc 99.6% | 2s elapsed | eta 7s
  step 200/391 | loss 0.0141 | acc 99.6% | 4s elapsed | eta 4s
  step 300/391 | loss 0.0132 | acc 99.6% | 6s elapsed | eta 2s
Ep 179 | loss 0.0125 | task 0.0125 | train 99.6% | test 80.5% | 9s
  step 100/391 | loss 0.0090 | acc 99.8% | 2s elapsed | eta 6s
  step 200/391 | loss 0.0090 | acc 99.7% | 4s elapsed | eta 4s
  step 300/391 | loss 0.0094 | acc 99.7% | 7s elapsed | eta 2s
Ep 180 | loss 0.0093 | task 0.0093 | train 99.7% | test 80.6% | 11s
  step 100/391 | loss 0.0097 | acc 99.7% | 3s elapsed | eta 10s
  step 200/391 | loss 0.0097 | acc 99.7% | 6s elapsed | eta 6s
  step 300/391 | loss 0.0104 | acc 99.6% | 9s elapsed | eta 3s
Ep 181 | loss 0.0103 | task 0.0103 | train 99.6% | test 80.7% | 11s
  step 100/391 | loss 0.0078 | acc 99.7% | 2s elapsed | eta 5s
  step 200/391 | loss 0.0086 | acc 99.7% | 3s elapsed | eta 3s
  step 300/391 | loss 0.0092 | acc 99.7% | 5s elapsed | eta 1s
Ep 182 | loss 0.0099 | task 0.0099 | train 99.7% | test 80.5% | 7s
  step 100/391 | loss 0.0102 | acc 99.6% | 2s elapsed | eta 5s
  step 200/391 | loss 0.0090 | acc 99.7% | 3s elapsed | eta 3s
  step 300/391 | loss 0.0102 | acc 99.7% | 5s elapsed | eta 2s
Ep 183 | loss 0.0105 | task 0.0105 | train 99.7% | test 80.7% | 9s
  step 100/391 | loss 0.0088 | acc 99.7% | 3s elapsed | eta 9s
  step 200/391 | loss 0.0086 | acc 99.7% | 6s elapsed | eta 6s
  step 300/391 | loss 0.0098 | acc 99.7% | 9s elapsed | eta 3s
Ep 184 | loss 0.0105 | task 0.0105 | train 99.7% | test 81.0% | 12s
  step 100/391 | loss 0.0100 | acc 99.7% | 2s elapsed | eta 6s
  step 200/391 | loss 0.0097 | acc 99.7% | 3s elapsed | eta 3s
  step 300/391 | loss 0.0090 | acc 99.7% | 5s elapsed | eta 2s
Ep 185 | loss 0.0095 | task 0.0095 | train 99.7% | test 80.9% | 8s
  step 100/391 | loss 0.0099 | acc 99.7% | 2s elapsed | eta 5s
  step 200/391 | loss 0.0093 | acc 99.7% | 3s elapsed | eta 3s
  step 300/391 | loss 0.0090 | acc 99.7% | 4s elapsed | eta 1s
Ep 186 | loss 0.0094 | task 0.0094 | train 99.7% | test 81.0% | 8s
  step 100/391 | loss 0.0087 | acc 99.7% | 3s elapsed | eta 9s
  step 200/391 | loss 0.0080 | acc 99.8% | 6s elapsed | eta 6s
  step 300/391 | loss 0.0093 | acc 99.7% | 9s elapsed | eta 3s
Ep 187 | loss 0.0098 | task 0.0098 | train 99.7% | test 80.6% | 13s
  step 100/391 | loss 0.0074 | acc 99.8% | 2s elapsed | eta 6s
  step 200/391 | loss 0.0076 | acc 99.8% | 3s elapsed | eta 3s
  step 300/391 | loss 0.0075 | acc 99.8% | 6s elapsed | eta 2s
Ep 188 | loss 0.0075 | task 0.0075 | train 99.8% | test 80.7% | 8s
  step 100/391 | loss 0.0121 | acc 99.6% | 2s elapsed | eta 5s
  step 200/391 | loss 0.0098 | acc 99.7% | 3s elapsed | eta 3s
  step 300/391 | loss 0.0095 | acc 99.7% | 6s elapsed | eta 2s
Ep 189 | loss 0.0090 | task 0.0090 | train 99.7% | test 81.2% | 9s
  step 100/391 | loss 0.0083 | acc 99.7% | 3s elapsed | eta 9s
  step 200/391 | loss 0.0093 | acc 99.7% | 6s elapsed | eta 6s
  step 300/391 | loss 0.0091 | acc 99.7% | 9s elapsed | eta 3s
Ep 190 | loss 0.0088 | task 0.0088 | train 99.7% | test 80.4% | 13s
  step 100/391 | loss 0.0080 | acc 99.8% | 2s elapsed | eta 5s
  step 200/391 | loss 0.0085 | acc 99.7% | 3s elapsed | eta 3s
  step 300/391 | loss 0.0079 | acc 99.8% | 5s elapsed | eta 2s
Ep 191 | loss 0.0077 | task 0.0077 | train 99.8% | test 80.0% | 8s
  step 100/391 | loss 0.0071 | acc 99.7% | 2s elapsed | eta 6s
  step 200/391 | loss 0.0073 | acc 99.7% | 3s elapsed | eta 3s
  step 300/391 | loss 0.0067 | acc 99.8% | 6s elapsed | eta 2s
Ep 192 | loss 0.0069 | task 0.0069 | train 99.8% | test 80.8% | 9s
  step 100/391 | loss 0.0066 | acc 99.8% | 3s elapsed | eta 9s
  step 200/391 | loss 0.0083 | acc 99.7% | 6s elapsed | eta 6s
  step 300/391 | loss 0.0083 | acc 99.7% | 10s elapsed | eta 3s
Ep 193 | loss 0.0078 | task 0.0078 | train 99.8% | test 80.7% | 14s
  step 100/391 | loss 0.0048 | acc 99.9% | 2s elapsed | eta 6s
  step 200/391 | loss 0.0052 | acc 99.8% | 4s elapsed | eta 4s
  step 300/391 | loss 0.0056 | acc 99.8% | 6s elapsed | eta 2s
Ep 194 | loss 0.0059 | task 0.0059 | train 99.8% | test 81.2% | 9s
  step 100/391 | loss 0.0075 | acc 99.8% | 2s elapsed | eta 5s
  step 200/391 | loss 0.0069 | acc 99.8% | 4s elapsed | eta 3s
  step 300/391 | loss 0.0069 | acc 99.8% | 6s elapsed | eta 2s
Ep 195 | loss 0.0073 | task 0.0073 | train 99.7% | test 80.6% | 9s
  step 100/391 | loss 0.0073 | acc 99.8% | 2s elapsed | eta 6s
  step 200/391 | loss 0.0074 | acc 99.8% | 5s elapsed | eta 5s
  step 300/391 | loss 0.0077 | acc 99.8% | 9s elapsed | eta 3s
Ep 196 | loss 0.0077 | task 0.0077 | train 99.8% | test 81.2% | 13s
  step 100/391 | loss 0.0090 | acc 99.7% | 3s elapsed | eta 9s
  step 200/391 | loss 0.0082 | acc 99.7% | 5s elapsed | eta 5s
  step 300/391 | loss 0.0081 | acc 99.7% | 7s elapsed | eta 2s
Ep 197 | loss 0.0077 | task 0.0077 | train 99.8% | test 80.7% | 10s
  step 100/391 | loss 0.0047 | acc 99.8% | 2s elapsed | eta 6s
  step 200/391 | loss 0.0051 | acc 99.8% | 4s elapsed | eta 4s
  step 300/391 | loss 0.0058 | acc 99.8% | 6s elapsed | eta 2s
Ep 198 | loss 0.0057 | task 0.0057 | train 99.8% | test 80.9% | 7s
  step 100/391 | loss 0.0037 | acc 99.9% | 1s elapsed | eta 4s
  step 200/391 | loss 0.0042 | acc 99.8% | 4s elapsed | eta 4s
  step 300/391 | loss 0.0045 | acc 99.8% | 7s elapsed | eta 2s
Ep 199 | loss 0.0058 | task 0.0058 | train 99.8% | test 80.4% | 10s
  step 100/391 | loss 0.0065 | acc 99.8% | 3s elapsed | eta 8s
  step 200/391 | loss 0.0057 | acc 99.8% | 5s elapsed | eta 5s
  step 300/391 | loss 0.0060 | acc 99.8% | 7s elapsed | eta 2s
Ep 200 | loss 0.0057 | task 0.0057 | train 99.8% | test 80.9% | 9s
  step 100/391 | loss 0.0032 | acc 99.9% | 2s elapsed | eta 5s
  step 200/391 | loss 0.0042 | acc 99.9% | 3s elapsed | eta 3s
  step 300/391 | loss 0.0045 | acc 99.9% | 4s elapsed | eta 1s
Ep 201 | loss 0.0047 | task 0.0047 | train 99.8% | test 80.9% | 6s
  step 100/391 | loss 0.0056 | acc 99.8% | 2s elapsed | eta 5s
  step 200/391 | loss 0.0056 | acc 99.8% | 3s elapsed | eta 3s
  step 300/391 | loss 0.0056 | acc 99.8% | 4s elapsed | eta 1s
Ep 202 | loss 0.0054 | task 0.0054 | train 99.8% | test 81.2% | 6s
  step 100/391 | loss 0.0049 | acc 99.9% | 2s elapsed | eta 5s
  step 200/391 | loss 0.0054 | acc 99.8% | 3s elapsed | eta 3s
  step 300/391 | loss 0.0059 | acc 99.8% | 4s elapsed | eta 1s
Ep 203 | loss 0.0060 | task 0.0060 | train 99.8% | test 80.7% | 6s
  step 100/391 | loss 0.0047 | acc 99.8% | 2s elapsed | eta 4s
  step 200/391 | loss 0.0040 | acc 99.9% | 3s elapsed | eta 3s
  step 300/391 | loss 0.0039 | acc 99.9% | 4s elapsed | eta 1s
Ep 204 | loss 0.0038 | task 0.0038 | train 99.9% | test 81.0% | 6s
  step 100/391 | loss 0.0048 | acc 99.8% | 2s elapsed | eta 5s
  step 200/391 | loss 0.0043 | acc 99.9% | 3s elapsed | eta 3s
  step 300/391 | loss 0.0050 | acc 99.8% | 4s elapsed | eta 1s
Ep 205 | loss 0.0046 | task 0.0046 | train 99.8% | test 80.3% | 6s
  step 100/391 | loss 0.0050 | acc 99.8% | 2s elapsed | eta 5s
  step 200/391 | loss 0.0050 | acc 99.8% | 3s elapsed | eta 3s
  step 300/391 | loss 0.0044 | acc 99.8% | 4s elapsed | eta 1s
Ep 206 | loss 0.0046 | task 0.0046 | train 99.8% | test 81.0% | 6s
  step 100/391 | loss 0.0029 | acc 99.9% | 2s elapsed | eta 4s
  step 200/391 | loss 0.0038 | acc 99.9% | 3s elapsed | eta 3s
  step 300/391 | loss 0.0036 | acc 99.9% | 4s elapsed | eta 1s
Ep 207 | loss 0.0036 | task 0.0036 | train 99.9% | test 81.4% | 6s
  step 100/391 | loss 0.0037 | acc 99.9% | 2s elapsed | eta 5s
  step 200/391 | loss 0.0041 | acc 99.9% | 3s elapsed | eta 3s
  step 300/391 | loss 0.0040 | acc 99.9% | 4s elapsed | eta 1s
Ep 208 | loss 0.0040 | task 0.0040 | train 99.9% | test 80.8% | 6s
  step 100/391 | loss 0.0040 | acc 99.9% | 2s elapsed | eta 5s
  step 200/391 | loss 0.0052 | acc 99.8% | 3s elapsed | eta 3s
  step 300/391 | loss 0.0046 | acc 99.8% | 4s elapsed | eta 1s
Ep 209 | loss 0.0045 | task 0.0045 | train 99.8% | test 80.6% | 6s
  step 100/391 | loss 0.0058 | acc 99.8% | 2s elapsed | eta 5s
  step 200/391 | loss 0.0059 | acc 99.8% | 3s elapsed | eta 3s
  step 300/391 | loss 0.0057 | acc 99.8% | 4s elapsed | eta 1s
Ep 210 | loss 0.0053 | task 0.0053 | train 99.8% | test 81.0% | 6s
  step 100/391 | loss 0.0050 | acc 99.8% | 1s elapsed | eta 4s
  step 200/391 | loss 0.0043 | acc 99.8% | 2s elapsed | eta 2s
  step 300/391 | loss 0.0045 | acc 99.8% | 4s elapsed | eta 1s
Ep 211 | loss 0.0049 | task 0.0049 | train 99.8% | test 80.7% | 5s
  step 100/391 | loss 0.0038 | acc 99.9% | 1s elapsed | eta 4s
  step 200/391 | loss 0.0032 | acc 99.9% | 2s elapsed | eta 2s
  step 300/391 | loss 0.0034 | acc 99.9% | 4s elapsed | eta 1s
Ep 212 | loss 0.0036 | task 0.0036 | train 99.9% | test 80.8% | 6s
  step 100/391 | loss 0.0039 | acc 99.8% | 2s elapsed | eta 5s
  step 200/391 | loss 0.0037 | acc 99.9% | 3s elapsed | eta 3s
  step 300/391 | loss 0.0036 | acc 99.9% | 5s elapsed | eta 2s
Ep 213 | loss 0.0039 | task 0.0039 | train 99.9% | test 81.4% | 8s
  step 100/391 | loss 0.0035 | acc 99.9% | 2s elapsed | eta 6s
  step 200/391 | loss 0.0040 | acc 99.9% | 4s elapsed | eta 4s
  step 300/391 | loss 0.0037 | acc 99.9% | 6s elapsed | eta 2s
Ep 214 | loss 0.0039 | task 0.0039 | train 99.9% | test 81.2% | 10s
  step 100/391 | loss 0.0041 | acc 99.9% | 3s elapsed | eta 7s
  step 200/391 | loss 0.0044 | acc 99.9% | 5s elapsed | eta 5s
  step 300/391 | loss 0.0048 | acc 99.8% | 8s elapsed | eta 2s
Ep 215 | loss 0.0044 | task 0.0044 | train 99.9% | test 81.2% | 11s
  step 100/391 | loss 0.0030 | acc 99.9% | 2s elapsed | eta 7s
  step 200/391 | loss 0.0025 | acc 99.9% | 5s elapsed | eta 5s
  step 300/391 | loss 0.0023 | acc 99.9% | 7s elapsed | eta 2s
Ep 216 | loss 0.0028 | task 0.0028 | train 99.9% | test 81.2% | 11s
  step 100/391 | loss 0.0041 | acc 99.9% | 3s elapsed | eta 9s
  step 200/391 | loss 0.0027 | acc 99.9% | 6s elapsed | eta 6s
  step 300/391 | loss 0.0029 | acc 99.9% | 9s elapsed | eta 3s
Ep 217 | loss 0.0030 | task 0.0030 | train 99.9% | test 80.9% | 13s
  step 100/391 | loss 0.0019 | acc 99.9% | 3s elapsed | eta 7s
  step 200/391 | loss 0.0024 | acc 99.9% | 5s elapsed | eta 4s
  step 300/391 | loss 0.0026 | acc 99.9% | 7s elapsed | eta 2s
Ep 218 | loss 0.0027 | task 0.0027 | train 99.9% | test 81.2% | 10s
  step 100/391 | loss 0.0025 | acc 99.9% | 2s elapsed | eta 6s
  step 200/391 | loss 0.0024 | acc 99.9% | 4s elapsed | eta 4s
  step 300/391 | loss 0.0025 | acc 99.9% | 6s elapsed | eta 2s
Ep 219 | loss 0.0030 | task 0.0030 | train 99.9% | test 81.6% | 8s
  step 100/391 | loss 0.0015 | acc 99.9% | 2s elapsed | eta 6s
  step 200/391 | loss 0.0016 | acc 99.9% | 5s elapsed | eta 4s
  step 300/391 | loss 0.0015 | acc 99.9% | 7s elapsed | eta 2s
Ep 220 | loss 0.0015 | task 0.0015 | train 99.9% | test 81.5% | 11s
  step 100/391 | loss 0.0019 | acc 99.9% | 3s elapsed | eta 9s
  step 200/391 | loss 0.0023 | acc 99.9% | 6s elapsed | eta 6s
  step 300/391 | loss 0.0028 | acc 99.9% | 9s elapsed | eta 3s
Ep 221 | loss 0.0028 | task 0.0028 | train 99.9% | test 81.0% | 12s
  step 100/391 | loss 0.0022 | acc 99.9% | 2s elapsed | eta 5s
  step 200/391 | loss 0.0023 | acc 99.9% | 3s elapsed | eta 3s
  step 300/391 | loss 0.0030 | acc 99.9% | 5s elapsed | eta 2s
Ep 222 | loss 0.0029 | task 0.0029 | train 99.9% | test 81.0% | 8s
  step 100/391 | loss 0.0023 | acc 99.9% | 2s elapsed | eta 6s
  step 200/391 | loss 0.0017 | acc 99.9% | 4s elapsed | eta 4s
  step 300/391 | loss 0.0023 | acc 99.9% | 6s elapsed | eta 2s
Ep 223 | loss 0.0025 | task 0.0025 | train 99.9% | test 81.1% | 9s
  step 100/391 | loss 0.0020 | acc 99.9% | 3s elapsed | eta 9s
  step 200/391 | loss 0.0019 | acc 99.9% | 6s elapsed | eta 6s
  step 300/391 | loss 0.0017 | acc 99.9% | 9s elapsed | eta 3s
Ep 224 | loss 0.0017 | task 0.0017 | train 99.9% | test 81.3% | 13s
  step 100/391 | loss 0.0015 | acc 100.0% | 2s elapsed | eta 6s
  step 200/391 | loss 0.0014 | acc 100.0% | 4s elapsed | eta 4s
  step 300/391 | loss 0.0015 | acc 100.0% | 6s elapsed | eta 2s
Ep 225 | loss 0.0016 | task 0.0016 | train 100.0% | test 81.2% | 9s
  step 100/391 | loss 0.0034 | acc 99.9% | 2s elapsed | eta 5s
  step 200/391 | loss 0.0026 | acc 99.9% | 3s elapsed | eta 3s
  step 300/391 | loss 0.0024 | acc 99.9% | 6s elapsed | eta 2s
Ep 226 | loss 0.0025 | task 0.0025 | train 99.9% | test 80.8% | 9s
  step 100/391 | loss 0.0025 | acc 99.9% | 2s elapsed | eta 5s
  step 200/391 | loss 0.0021 | acc 99.9% | 4s elapsed | eta 4s
  step 300/391 | loss 0.0018 | acc 99.9% | 7s elapsed | eta 2s
Ep 227 | loss 0.0017 | task 0.0017 | train 99.9% | test 81.2% | 12s
  step 100/391 | loss 0.0013 | acc 100.0% | 3s elapsed | eta 9s
  step 200/391 | loss 0.0011 | acc 100.0% | 5s elapsed | eta 5s
  step 300/391 | loss 0.0010 | acc 100.0% | 7s elapsed | eta 2s
Ep 228 | loss 0.0012 | task 0.0012 | train 100.0% | test 81.2% | 9s
  step 100/391 | loss 0.0025 | acc 99.9% | 2s elapsed | eta 5s
  step 200/391 | loss 0.0027 | acc 99.9% | 4s elapsed | eta 4s
  step 300/391 | loss 0.0022 | acc 99.9% | 6s elapsed | eta 2s
Ep 229 | loss 0.0018 | task 0.0018 | train 99.9% | test 81.4% | 9s
  step 100/391 | loss 0.0012 | acc 99.9% | 3s elapsed | eta 9s
  step 200/391 | loss 0.0011 | acc 100.0% | 6s elapsed | eta 6s
  step 300/391 | loss 0.0018 | acc 99.9% | 9s elapsed | eta 3s
Ep 230 | loss 0.0018 | task 0.0018 | train 99.9% | test 81.8% | 12s
  step 100/391 | loss 0.0016 | acc 100.0% | 2s elapsed | eta 5s
  step 200/391 | loss 0.0019 | acc 100.0% | 3s elapsed | eta 3s
  step 300/391 | loss 0.0016 | acc 100.0% | 5s elapsed | eta 1s
Ep 231 | loss 0.0015 | task 0.0015 | train 100.0% | test 81.5% | 7s
  step 100/391 | loss 0.0013 | acc 99.9% | 2s elapsed | eta 7s
  step 200/391 | loss 0.0021 | acc 99.9% | 4s elapsed | eta 4s
  step 300/391 | loss 0.0017 | acc 99.9% | 6s elapsed | eta 2s
Ep 232 | loss 0.0016 | task 0.0016 | train 100.0% | test 81.6% | 9s
  step 100/391 | loss 0.0017 | acc 99.9% | 3s elapsed | eta 9s
  step 200/391 | loss 0.0016 | acc 99.9% | 6s elapsed | eta 6s
  step 300/391 | loss 0.0018 | acc 99.9% | 9s elapsed | eta 3s
Ep 233 | loss 0.0017 | task 0.0017 | train 99.9% | test 81.4% | 11s
  step 100/391 | loss 0.0014 | acc 100.0% | 2s elapsed | eta 5s
  step 200/391 | loss 0.0013 | acc 99.9% | 3s elapsed | eta 3s
  step 300/391 | loss 0.0015 | acc 99.9% | 5s elapsed | eta 1s
Ep 234 | loss 0.0017 | task 0.0017 | train 99.9% | test 80.9% | 8s
  step 100/391 | loss 0.0011 | acc 100.0% | 2s elapsed | eta 4s
  step 200/391 | loss 0.0008 | acc 100.0% | 3s elapsed | eta 3s
  step 300/391 | loss 0.0008 | acc 100.0% | 6s elapsed | eta 2s
Ep 235 | loss 0.0010 | task 0.0010 | train 100.0% | test 80.6% | 9s
  step 100/391 | loss 0.0022 | acc 99.9% | 3s elapsed | eta 9s
  step 200/391 | loss 0.0016 | acc 99.9% | 6s elapsed | eta 5s
  step 300/391 | loss 0.0015 | acc 99.9% | 8s elapsed | eta 2s
Ep 236 | loss 0.0014 | task 0.0014 | train 100.0% | test 81.6% | 10s
  step 100/391 | loss 0.0014 | acc 100.0% | 1s elapsed | eta 4s
  step 200/391 | loss 0.0014 | acc 99.9% | 3s elapsed | eta 3s
  step 300/391 | loss 0.0016 | acc 99.9% | 6s elapsed | eta 2s
Ep 237 | loss 0.0014 | task 0.0014 | train 100.0% | test 81.4% | 9s
  step 100/391 | loss 0.0015 | acc 99.9% | 1s elapsed | eta 4s
  step 200/391 | loss 0.0015 | acc 99.9% | 3s elapsed | eta 2s
  step 300/391 | loss 0.0015 | acc 99.9% | 4s elapsed | eta 1s
Ep 238 | loss 0.0016 | task 0.0016 | train 99.9% | test 81.2% | 6s
  step 100/391 | loss 0.0008 | acc 100.0% | 2s elapsed | eta 5s
  step 200/391 | loss 0.0010 | acc 100.0% | 3s elapsed | eta 3s
  step 300/391 | loss 0.0011 | acc 100.0% | 4s elapsed | eta 1s
Ep 239 | loss 0.0010 | task 0.0010 | train 100.0% | test 81.5% | 6s
  step 100/391 | loss 0.0008 | acc 100.0% | 2s elapsed | eta 5s
  step 200/391 | loss 0.0011 | acc 100.0% | 3s elapsed | eta 3s
  step 300/391 | loss 0.0009 | acc 100.0% | 4s elapsed | eta 1s
Ep 240 | loss 0.0009 | task 0.0009 | train 100.0% | test 81.0% | 5s
  step 100/391 | loss 0.0009 | acc 100.0% | 1s elapsed | eta 4s
  step 200/391 | loss 0.0010 | acc 100.0% | 2s elapsed | eta 2s
  step 300/391 | loss 0.0011 | acc 100.0% | 4s elapsed | eta 1s
Ep 241 | loss 0.0010 | task 0.0010 | train 100.0% | test 81.4% | 5s
  step 100/391 | loss 0.0010 | acc 99.9% | 1s elapsed | eta 4s
  step 200/391 | loss 0.0009 | acc 100.0% | 2s elapsed | eta 2s
  step 300/391 | loss 0.0009 | acc 100.0% | 4s elapsed | eta 1s
Ep 242 | loss 0.0011 | task 0.0011 | train 100.0% | test 81.4% | 5s
  step 100/391 | loss 0.0009 | acc 100.0% | 1s elapsed | eta 4s
  step 200/391 | loss 0.0009 | acc 100.0% | 2s elapsed | eta 2s
  step 300/391 | loss 0.0009 | acc 100.0% | 4s elapsed | eta 1s
Ep 243 | loss 0.0009 | task 0.0009 | train 100.0% | test 81.4% | 5s
  step 100/391 | loss 0.0003 | acc 100.0% | 1s elapsed | eta 4s
  step 200/391 | loss 0.0006 | acc 100.0% | 2s elapsed | eta 2s
  step 300/391 | loss 0.0006 | acc 100.0% | 4s elapsed | eta 1s
Ep 244 | loss 0.0006 | task 0.0006 | train 100.0% | test 81.7% | 5s
  step 100/391 | loss 0.0014 | acc 100.0% | 1s elapsed | eta 4s
  step 200/391 | loss 0.0013 | acc 100.0% | 2s elapsed | eta 2s
  step 300/391 | loss 0.0012 | acc 100.0% | 4s elapsed | eta 1s
Ep 245 | loss 0.0012 | task 0.0012 | train 100.0% | test 81.6% | 5s
  step 100/391 | loss 0.0004 | acc 100.0% | 1s elapsed | eta 4s
  step 200/391 | loss 0.0004 | acc 100.0% | 2s elapsed | eta 2s
  step 300/391 | loss 0.0005 | acc 100.0% | 4s elapsed | eta 1s
Ep 246 | loss 0.0006 | task 0.0006 | train 100.0% | test 81.8% | 5s
  step 100/391 | loss 0.0007 | acc 100.0% | 2s elapsed | eta 5s
  step 200/391 | loss 0.0006 | acc 100.0% | 3s elapsed | eta 3s
  step 300/391 | loss 0.0006 | acc 100.0% | 4s elapsed | eta 1s
Ep 247 | loss 0.0007 | task 0.0007 | train 100.0% | test 81.6% | 6s
  step 100/391 | loss 0.0007 | acc 100.0% | 1s elapsed | eta 4s
  step 200/391 | loss 0.0006 | acc 100.0% | 2s elapsed | eta 2s
  step 300/391 | loss 0.0006 | acc 100.0% | 3s elapsed | eta 1s
Ep 248 | loss 0.0006 | task 0.0006 | train 100.0% | test 81.6% | 6s
  step 100/391 | loss 0.0006 | acc 100.0% | 1s elapsed | eta 4s
  step 200/391 | loss 0.0004 | acc 100.0% | 3s elapsed | eta 2s
  step 300/391 | loss 0.0003 | acc 100.0% | 4s elapsed | eta 1s
Ep 249 | loss 0.0003 | task 0.0003 | train 100.0% | test 81.6% | 6s
  step 100/391 | loss 0.0005 | acc 100.0% | 1s elapsed | eta 4s
  step 200/391 | loss 0.0006 | acc 100.0% | 3s elapsed | eta 2s
  step 300/391 | loss 0.0005 | acc 100.0% | 4s elapsed | eta 1s
Ep 250 | loss 0.0006 | task 0.0006 | train 100.0% | test 81.5% | 6s
  step 100/391 | loss 0.0014 | acc 100.0% | 1s elapsed | eta 4s
  step 200/391 | loss 0.0008 | acc 100.0% | 3s elapsed | eta 2s
  step 300/391 | loss 0.0006 | acc 100.0% | 4s elapsed | eta 1s
Ep 251 | loss 0.0005 | task 0.0005 | train 100.0% | test 81.4% | 6s
  step 100/391 | loss 0.0004 | acc 100.0% | 2s elapsed | eta 5s
  step 200/391 | loss 0.0003 | acc 100.0% | 3s elapsed | eta 3s
  step 300/391 | loss 0.0005 | acc 100.0% | 5s elapsed | eta 2s
Ep 252 | loss 0.0004 | task 0.0004 | train 100.0% | test 82.0% | 9s
  step 100/391 | loss 0.0001 | acc 100.0% | 2s elapsed | eta 6s
  step 200/391 | loss 0.0002 | acc 100.0% | 4s elapsed | eta 4s
  step 300/391 | loss 0.0002 | acc 100.0% | 7s elapsed | eta 2s
Ep 253 | loss 0.0003 | task 0.0003 | train 100.0% | test 81.7% | 11s
  step 100/391 | loss 0.0008 | acc 100.0% | 3s elapsed | eta 8s
  step 200/391 | loss 0.0006 | acc 100.0% | 5s elapsed | eta 5s
  step 300/391 | loss 0.0004 | acc 100.0% | 8s elapsed | eta 2s
Ep 254 | loss 0.0004 | task 0.0004 | train 100.0% | test 81.9% | 11s
  step 100/391 | loss 0.0003 | acc 100.0% | 2s elapsed | eta 6s
  step 200/391 | loss 0.0004 | acc 100.0% | 4s elapsed | eta 4s
  step 300/391 | loss 0.0004 | acc 100.0% | 5s elapsed | eta 2s
Ep 255 | loss 0.0004 | task 0.0004 | train 100.0% | test 82.0% | 9s
  step 100/391 | loss 0.0002 | acc 100.0% | 2s elapsed | eta 7s
  step 200/391 | loss 0.0003 | acc 100.0% | 5s elapsed | eta 5s
  step 300/391 | loss 0.0003 | acc 100.0% | 8s elapsed | eta 3s
Ep 256 | loss 0.0003 | task 0.0003 | train 100.0% | test 81.9% | 13s
  step 100/391 | loss 0.0002 | acc 100.0% | 3s elapsed | eta 9s
  step 200/391 | loss 0.0002 | acc 100.0% | 5s elapsed | eta 5s
  step 300/391 | loss 0.0002 | acc 100.0% | 8s elapsed | eta 3s
Ep 257 | loss 0.0002 | task 0.0002 | train 100.0% | test 81.7% | 12s
  step 100/391 | loss 0.0004 | acc 100.0% | 2s elapsed | eta 7s
  step 200/391 | loss 0.0003 | acc 100.0% | 4s elapsed | eta 4s
  step 300/391 | loss 0.0005 | acc 100.0% | 6s elapsed | eta 2s
Ep 258 | loss 0.0007 | task 0.0007 | train 100.0% | test 82.0% | 9s
  step 100/391 | loss 0.0002 | acc 100.0% | 2s elapsed | eta 6s
  step 200/391 | loss 0.0003 | acc 100.0% | 4s elapsed | eta 4s
  step 300/391 | loss 0.0002 | acc 100.0% | 6s elapsed | eta 2s
Ep 259 | loss 0.0003 | task 0.0003 | train 100.0% | test 82.0% | 10s
  step 100/391 | loss 0.0001 | acc 100.0% | 3s elapsed | eta 9s
  step 200/391 | loss 0.0001 | acc 100.0% | 6s elapsed | eta 6s
  step 300/391 | loss 0.0001 | acc 100.0% | 9s elapsed | eta 3s
Ep 260 | loss 0.0001 | task 0.0001 | train 100.0% | test 82.3% | 13s
  step 100/391 | loss 0.0001 | acc 100.0% | 2s elapsed | eta 5s
  step 200/391 | loss 0.0002 | acc 100.0% | 3s elapsed | eta 3s
  step 300/391 | loss 0.0002 | acc 100.0% | 5s elapsed | eta 2s
Ep 261 | loss 0.0002 | task 0.0002 | train 100.0% | test 81.9% | 8s
  step 100/391 | loss 0.0002 | acc 100.0% | 2s elapsed | eta 5s
  step 200/391 | loss 0.0003 | acc 100.0% | 3s elapsed | eta 3s
  step 300/391 | loss 0.0002 | acc 100.0% | 5s elapsed | eta 2s
Ep 262 | loss 0.0002 | task 0.0002 | train 100.0% | test 81.9% | 9s
  step 100/391 | loss 0.0004 | acc 100.0% | 3s elapsed | eta 9s
  step 200/391 | loss 0.0004 | acc 100.0% | 6s elapsed | eta 6s
  step 300/391 | loss 0.0003 | acc 100.0% | 9s elapsed | eta 3s
Ep 263 | loss 0.0003 | task 0.0003 | train 100.0% | test 81.9% | 13s
  step 100/391 | loss 0.0001 | acc 100.0% | 2s elapsed | eta 5s
  step 200/391 | loss 0.0002 | acc 100.0% | 3s elapsed | eta 3s
  step 300/391 | loss 0.0001 | acc 100.0% | 5s elapsed | eta 2s
Ep 264 | loss 0.0002 | task 0.0002 | train 100.0% | test 82.2% | 8s
  step 100/391 | loss 0.0000 | acc 100.0% | 2s elapsed | eta 5s
  step 200/391 | loss 0.0002 | acc 100.0% | 3s elapsed | eta 3s
  step 300/391 | loss 0.0002 | acc 100.0% | 5s elapsed | eta 1s
Ep 265 | loss 0.0001 | task 0.0001 | train 100.0% | test 82.1% | 8s
  step 100/391 | loss 0.0000 | acc 100.0% | 3s elapsed | eta 9s
  step 200/391 | loss 0.0001 | acc 100.0% | 6s elapsed | eta 6s
  step 300/391 | loss 0.0001 | acc 100.0% | 9s elapsed | eta 3s
Ep 266 | loss 0.0001 | task 0.0001 | train 100.0% | test 82.0% | 13s
  step 100/391 | loss 0.0001 | acc 100.0% | 2s elapsed | eta 5s
  step 200/391 | loss 0.0002 | acc 100.0% | 3s elapsed | eta 3s
  step 300/391 | loss 0.0002 | acc 100.0% | 5s elapsed | eta 2s
Ep 267 | loss 0.0003 | task 0.0003 | train 100.0% | test 81.9% | 8s
  step 100/391 | loss 0.0001 | acc 100.0% | 2s elapsed | eta 5s
  step 200/391 | loss 0.0001 | acc 100.0% | 3s elapsed | eta 3s
  step 300/391 | loss 0.0001 | acc 100.0% | 5s elapsed | eta 1s
Ep 268 | loss 0.0001 | task 0.0001 | train 100.0% | test 81.9% | 9s
  step 100/391 | loss 0.0000 | acc 100.0% | 3s elapsed | eta 9s
  step 200/391 | loss 0.0001 | acc 100.0% | 6s elapsed | eta 6s
  step 300/391 | loss 0.0001 | acc 100.0% | 9s elapsed | eta 3s
Ep 269 | loss 0.0001 | task 0.0001 | train 100.0% | test 82.0% | 13s
  step 100/391 | loss 0.0002 | acc 100.0% | 2s elapsed | eta 5s
  step 200/391 | loss 0.0001 | acc 100.0% | 3s elapsed | eta 3s
  step 300/391 | loss 0.0001 | acc 100.0% | 4s elapsed | eta 1s
Ep 270 | loss 0.0001 | task 0.0001 | train 100.0% | test 82.1% | 7s
  step 100/391 | loss 0.0000 | acc 100.0% | 2s elapsed | eta 5s
  step 200/391 | loss 0.0000 | acc 100.0% | 3s elapsed | eta 3s
  step 300/391 | loss 0.0000 | acc 100.0% | 5s elapsed | eta 2s
Ep 271 | loss 0.0001 | task 0.0001 | train 100.0% | test 82.2% | 9s
  step 100/391 | loss 0.0001 | acc 100.0% | 3s elapsed | eta 9s
  step 200/391 | loss 0.0002 | acc 100.0% | 6s elapsed | eta 6s
  step 300/391 | loss 0.0001 | acc 100.0% | 9s elapsed | eta 3s
Ep 272 | loss 0.0002 | task 0.0002 | train 100.0% | test 82.2% | 12s
  step 100/391 | loss 0.0000 | acc 100.0% | 2s elapsed | eta 5s
  step 200/391 | loss 0.0000 | acc 100.0% | 3s elapsed | eta 3s
  step 300/391 | loss 0.0001 | acc 100.0% | 5s elapsed | eta 2s
Ep 273 | loss 0.0001 | task 0.0001 | train 100.0% | test 82.0% | 8s
  step 100/391 | loss 0.0000 | acc 100.0% | 2s elapsed | eta 5s
  step 200/391 | loss 0.0001 | acc 100.0% | 3s elapsed | eta 3s
  step 300/391 | loss 0.0001 | acc 100.0% | 5s elapsed | eta 2s
Ep 274 | loss 0.0001 | task 0.0001 | train 100.0% | test 82.0% | 9s
  step 100/391 | loss 0.0001 | acc 100.0% | 3s elapsed | eta 8s
  step 200/391 | loss 0.0001 | acc 100.0% | 5s elapsed | eta 5s
  step 300/391 | loss 0.0001 | acc 100.0% | 8s elapsed | eta 2s
Ep 275 | loss 0.0001 | task 0.0001 | train 100.0% | test 81.9% | 11s
  step 100/391 | loss 0.0000 | acc 100.0% | 2s elapsed | eta 5s
  step 200/391 | loss 0.0000 | acc 100.0% | 4s elapsed | eta 4s
  step 300/391 | loss 0.0001 | acc 100.0% | 7s elapsed | eta 2s
Ep 276 | loss 0.0001 | task 0.0001 | train 100.0% | test 82.0% | 9s
  step 100/391 | loss 0.0000 | acc 100.0% | 1s elapsed | eta 4s
  step 200/391 | loss 0.0000 | acc 100.0% | 3s elapsed | eta 2s
  step 300/391 | loss 0.0000 | acc 100.0% | 4s elapsed | eta 1s
Ep 277 | loss 0.0000 | task 0.0000 | train 100.0% | test 82.1% | 5s
  step 100/391 | loss 0.0001 | acc 100.0% | 1s elapsed | eta 4s
  step 200/391 | loss 0.0000 | acc 100.0% | 2s elapsed | eta 2s
  step 300/391 | loss 0.0000 | acc 100.0% | 4s elapsed | eta 1s
Ep 278 | loss 0.0000 | task 0.0000 | train 100.0% | test 81.9% | 5s
  step 100/391 | loss 0.0000 | acc 100.0% | 2s elapsed | eta 4s
  step 200/391 | loss 0.0000 | acc 100.0% | 3s elapsed | eta 3s
  step 300/391 | loss 0.0000 | acc 100.0% | 4s elapsed | eta 1s
Ep 279 | loss 0.0000 | task 0.0000 | train 100.0% | test 82.0% | 6s
  step 100/391 | loss 0.0000 | acc 100.0% | 2s elapsed | eta 4s
  step 200/391 | loss 0.0001 | acc 100.0% | 3s elapsed | eta 3s
  step 300/391 | loss 0.0001 | acc 100.0% | 4s elapsed | eta 1s
Ep 280 | loss 0.0001 | task 0.0001 | train 100.0% | test 81.8% | 6s
  step 100/391 | loss 0.0000 | acc 100.0% | 2s elapsed | eta 5s
  step 200/391 | loss 0.0000 | acc 100.0% | 3s elapsed | eta 3s
  step 300/391 | loss 0.0000 | acc 100.0% | 4s elapsed | eta 1s
Ep 281 | loss 0.0000 | task 0.0000 | train 100.0% | test 81.9% | 6s
  step 100/391 | loss 0.0000 | acc 100.0% | 2s elapsed | eta 5s
  step 200/391 | loss 0.0000 | acc 100.0% | 3s elapsed | eta 3s
  step 300/391 | loss 0.0000 | acc 100.0% | 4s elapsed | eta 1s
Ep 282 | loss 0.0000 | task 0.0000 | train 100.0% | test 81.9% | 6s
  step 100/391 | loss 0.0000 | acc 100.0% | 2s elapsed | eta 5s
  step 200/391 | loss 0.0001 | acc 100.0% | 3s elapsed | eta 3s
  step 300/391 | loss 0.0000 | acc 100.0% | 4s elapsed | eta 1s
Ep 283 | loss 0.0000 | task 0.0000 | train 100.0% | test 81.9% | 6s
  step 100/391 | loss 0.0000 | acc 100.0% | 1s elapsed | eta 4s
  step 200/391 | loss 0.0000 | acc 100.0% | 3s elapsed | eta 2s
  step 300/391 | loss 0.0001 | acc 100.0% | 4s elapsed | eta 1s
Ep 284 | loss 0.0001 | task 0.0001 | train 100.0% | test 82.0% | 6s
  step 100/391 | loss 0.0000 | acc 100.0% | 2s elapsed | eta 5s
  step 200/391 | loss 0.0000 | acc 100.0% | 3s elapsed | eta 3s
  step 300/391 | loss 0.0001 | acc 100.0% | 5s elapsed | eta 2s
Ep 285 | loss 0.0001 | task 0.0001 | train 100.0% | test 82.2% | 8s
  step 100/391 | loss 0.0000 | acc 100.0% | 2s elapsed | eta 6s
  step 200/391 | loss 0.0000 | acc 100.0% | 4s elapsed | eta 4s
  step 300/391 | loss 0.0000 | acc 100.0% | 7s elapsed | eta 2s
Ep 286 | loss 0.0001 | task 0.0001 | train 100.0% | test 82.2% | 10s
  step 100/391 | loss 0.0000 | acc 100.0% | 2s elapsed | eta 7s
  step 200/391 | loss 0.0000 | acc 100.0% | 5s elapsed | eta 4s
  step 300/391 | loss 0.0000 | acc 100.0% | 7s elapsed | eta 2s
Ep 287 | loss 0.0000 | task 0.0000 | train 100.0% | test 82.2% | 10s
  step 100/391 | loss 0.0000 | acc 100.0% | 2s elapsed | eta 7s
  step 200/391 | loss 0.0000 | acc 100.0% | 4s elapsed | eta 4s
  step 300/391 | loss 0.0001 | acc 100.0% | 8s elapsed | eta 2s
Ep 288 | loss 0.0001 | task 0.0001 | train 100.0% | test 82.2% | 12s
  step 100/391 | loss 0.0001 | acc 100.0% | 3s elapsed | eta 10s
  step 200/391 | loss 0.0001 | acc 100.0% | 6s elapsed | eta 6s
  step 300/391 | loss 0.0000 | acc 100.0% | 8s elapsed | eta 3s
Ep 289 | loss 0.0000 | task 0.0000 | train 100.0% | test 82.2% | 12s
  step 100/391 | loss 0.0000 | acc 100.0% | 2s elapsed | eta 7s
  step 200/391 | loss 0.0000 | acc 100.0% | 5s elapsed | eta 4s
  step 300/391 | loss 0.0000 | acc 100.0% | 8s elapsed | eta 2s
Ep 290 | loss 0.0000 | task 0.0000 | train 100.0% | test 82.1% | 11s
  step 100/391 | loss 0.0000 | acc 100.0% | 2s elapsed | eta 5s
  step 200/391 | loss 0.0000 | acc 100.0% | 3s elapsed | eta 3s
  step 300/391 | loss 0.0000 | acc 100.0% | 5s elapsed | eta 2s
Ep 291 | loss 0.0000 | task 0.0000 | train 100.0% | test 82.1% | 8s
  step 100/391 | loss 0.0000 | acc 100.0% | 2s elapsed | eta 6s
  step 200/391 | loss 0.0000 | acc 100.0% | 5s elapsed | eta 5s
  step 300/391 | loss 0.0000 | acc 100.0% | 8s elapsed | eta 2s
Ep 292 | loss 0.0000 | task 0.0000 | train 100.0% | test 82.1% | 12s
  step 100/391 | loss 0.0000 | acc 100.0% | 3s elapsed | eta 10s
  step 200/391 | loss 0.0000 | acc 100.0% | 6s elapsed | eta 5s
  step 300/391 | loss 0.0000 | acc 100.0% | 7s elapsed | eta 2s
Ep 293 | loss 0.0000 | task 0.0000 | train 100.0% | test 82.2% | 10s
  step 100/391 | loss 0.0000 | acc 100.0% | 2s elapsed | eta 5s
  step 200/391 | loss 0.0000 | acc 100.0% | 3s elapsed | eta 3s
  step 300/391 | loss 0.0000 | acc 100.0% | 5s elapsed | eta 1s
Ep 294 | loss 0.0000 | task 0.0000 | train 100.0% | test 82.2% | 7s
  step 100/391 | loss 0.0000 | acc 100.0% | 2s elapsed | eta 5s
  step 200/391 | loss 0.0000 | acc 100.0% | 4s elapsed | eta 4s
  step 300/391 | loss 0.0000 | acc 100.0% | 6s elapsed | eta 2s
Ep 295 | loss 0.0000 | task 0.0000 | train 100.0% | test 82.2% | 10s
  step 100/391 | loss 0.0000 | acc 100.0% | 3s elapsed | eta 9s
  step 200/391 | loss 0.0000 | acc 100.0% | 6s elapsed | eta 6s
  step 300/391 | loss 0.0000 | acc 100.0% | 9s elapsed | eta 3s
Ep 296 | loss 0.0000 | task 0.0000 | train 100.0% | test 82.2% | 11s
  step 100/391 | loss 0.0002 | acc 100.0% | 2s elapsed | eta 5s
  step 200/391 | loss 0.0001 | acc 100.0% | 3s elapsed | eta 3s
  step 300/391 | loss 0.0001 | acc 100.0% | 5s elapsed | eta 2s
Ep 297 | loss 0.0001 | task 0.0001 | train 100.0% | test 82.2% | 8s
  step 100/391 | loss 0.0000 | acc 100.0% | 2s elapsed | eta 5s
  step 200/391 | loss 0.0000 | acc 100.0% | 3s elapsed | eta 3s
  step 300/391 | loss 0.0000 | acc 100.0% | 5s elapsed | eta 2s
Ep 298 | loss 0.0000 | task 0.0000 | train 100.0% | test 82.2% | 9s
  step 100/391 | loss 0.0000 | acc 100.0% | 3s elapsed | eta 9s
  step 200/391 | loss 0.0000 | acc 100.0% | 6s elapsed | eta 6s
  step 300/391 | loss 0.0000 | acc 100.0% | 9s elapsed | eta 3s
Ep 299 | loss 0.0000 | task 0.0000 | train 100.0% | test 82.2% | 12s
  step 100/391 | loss 0.0000 | acc 100.0% | 2s elapsed | eta 5s
  step 200/391 | loss 0.0000 | acc 100.0% | 3s elapsed | eta 3s
  step 300/391 | loss 0.0000 | acc 100.0% | 5s elapsed | eta 2s
Ep 300 | loss 0.0000 | task 0.0000 | train 100.0% | test 82.2% | 8s
Saved checkpoint to models/base_plain_K8_300ep.pt
