/home/ec2-user/dev/ugh/.venv/lib/python3.13/site-packages/torchvision/datasets/cifar.py:83: VisibleDeprecationWarning: dtype(): align should be passed as Python or NumPy boolean but got `align=0`. Did you mean to pass a tuple to create a subarray type? (Deprecated NumPy 2.4)
  entry = pickle.load(f, encoding="latin1")
Model: baseline | Params: 3,583,306 | K=8 | blocks/unit=-
----------------------------------------------------------------------
  step 100/391 | loss 1.9766 | acc 25.6% | 2s elapsed | eta 6s
  step 200/391 | loss 1.8810 | acc 29.2% | 4s elapsed | eta 3s
  step 300/391 | loss 1.8193 | acc 31.8% | 5s elapsed | eta 2s
Ep   1 | loss 1.7691 | task 1.7691 | train 33.9% | test 43.0% | 7s
  step 100/391 | loss 1.5067 | acc 44.4% | 2s elapsed | eta 5s
  step 200/391 | loss 1.4999 | acc 45.0% | 3s elapsed | eta 3s
  step 300/391 | loss 1.4821 | acc 45.8% | 5s elapsed | eta 1s
Ep   2 | loss 1.4642 | task 1.4642 | train 46.5% | test 51.4% | 7s
  step 100/391 | loss 1.3688 | acc 50.0% | 2s elapsed | eta 5s
  step 200/391 | loss 1.3448 | acc 51.2% | 3s elapsed | eta 3s
  step 300/391 | loss 1.3329 | acc 51.6% | 5s elapsed | eta 1s
Ep   3 | loss 1.3235 | task 1.3235 | train 51.9% | test 56.4% | 7s
  step 100/391 | loss 1.2442 | acc 55.2% | 2s elapsed | eta 5s
  step 200/391 | loss 1.2398 | acc 55.1% | 3s elapsed | eta 3s
  step 300/391 | loss 1.2298 | acc 55.3% | 5s elapsed | eta 1s
Ep   4 | loss 1.2176 | task 1.2176 | train 55.8% | test 57.3% | 7s
  step 100/391 | loss 1.1773 | acc 57.2% | 2s elapsed | eta 5s
  step 200/391 | loss 1.1628 | acc 58.0% | 3s elapsed | eta 3s
  step 300/391 | loss 1.1520 | acc 58.3% | 5s elapsed | eta 1s
Ep   5 | loss 1.1427 | task 1.1427 | train 58.5% | test 61.3% | 7s
  step 100/391 | loss 1.0924 | acc 60.4% | 2s elapsed | eta 5s
  step 200/391 | loss 1.0912 | acc 60.5% | 3s elapsed | eta 3s
  step 300/391 | loss 1.0784 | acc 61.3% | 5s elapsed | eta 1s
Ep   6 | loss 1.0743 | task 1.0743 | train 61.4% | test 63.4% | 7s
  step 100/391 | loss 1.0386 | acc 62.7% | 2s elapsed | eta 5s
  step 200/391 | loss 1.0278 | acc 63.3% | 3s elapsed | eta 3s
  step 300/391 | loss 1.0283 | acc 63.2% | 5s elapsed | eta 1s
Ep   7 | loss 1.0237 | task 1.0237 | train 63.4% | test 66.7% | 7s
  step 100/391 | loss 0.9843 | acc 64.3% | 2s elapsed | eta 5s
  step 200/391 | loss 0.9704 | acc 65.0% | 3s elapsed | eta 3s
  step 300/391 | loss 0.9718 | acc 65.1% | 5s elapsed | eta 1s
Ep   8 | loss 0.9710 | task 0.9710 | train 65.1% | test 64.5% | 7s
  step 100/391 | loss 0.9366 | acc 66.7% | 1s elapsed | eta 4s
  step 200/391 | loss 0.9295 | acc 66.7% | 2s elapsed | eta 2s
  step 300/391 | loss 0.9311 | acc 66.8% | 4s elapsed | eta 1s
Ep   9 | loss 0.9306 | task 0.9306 | train 66.8% | test 68.5% | 5s
  step 100/391 | loss 0.8974 | acc 68.6% | 1s elapsed | eta 4s
  step 200/391 | loss 0.8997 | acc 68.2% | 3s elapsed | eta 2s
  step 300/391 | loss 0.9019 | acc 67.9% | 4s elapsed | eta 1s
Ep  10 | loss 0.9007 | task 0.9007 | train 68.0% | test 69.8% | 5s
  step 100/391 | loss 0.8693 | acc 68.6% | 1s elapsed | eta 4s
  step 200/391 | loss 0.8808 | acc 68.3% | 2s elapsed | eta 2s
  step 300/391 | loss 0.8770 | acc 68.5% | 4s elapsed | eta 1s
Ep  11 | loss 0.8693 | task 0.8693 | train 68.9% | test 70.5% | 5s
  step 100/391 | loss 0.8363 | acc 69.9% | 1s elapsed | eta 4s
  step 200/391 | loss 0.8254 | acc 70.6% | 3s elapsed | eta 2s
  step 300/391 | loss 0.8282 | acc 70.5% | 4s elapsed | eta 1s
Ep  12 | loss 0.8300 | task 0.8300 | train 70.5% | test 72.7% | 5s
  step 100/391 | loss 0.8180 | acc 70.7% | 1s elapsed | eta 4s
  step 200/391 | loss 0.8109 | acc 71.1% | 3s elapsed | eta 2s
  step 300/391 | loss 0.8129 | acc 71.1% | 4s elapsed | eta 1s
Ep  13 | loss 0.8090 | task 0.8090 | train 71.2% | test 73.0% | 5s
  step 100/391 | loss 0.7754 | acc 72.3% | 1s elapsed | eta 4s
  step 200/391 | loss 0.7822 | acc 72.1% | 3s elapsed | eta 2s
  step 300/391 | loss 0.7771 | acc 72.4% | 4s elapsed | eta 1s
Ep  14 | loss 0.7795 | task 0.7795 | train 72.3% | test 73.5% | 5s
  step 100/391 | loss 0.7527 | acc 72.9% | 1s elapsed | eta 4s
  step 200/391 | loss 0.7554 | acc 72.8% | 3s elapsed | eta 2s
  step 300/391 | loss 0.7595 | acc 72.8% | 4s elapsed | eta 1s
Ep  15 | loss 0.7573 | task 0.7573 | train 73.0% | test 73.9% | 5s
  step 100/391 | loss 0.7302 | acc 74.1% | 1s elapsed | eta 4s
  step 200/391 | loss 0.7378 | acc 73.4% | 2s elapsed | eta 2s
  step 300/391 | loss 0.7356 | acc 73.8% | 4s elapsed | eta 1s
Ep  16 | loss 0.7391 | task 0.7391 | train 73.8% | test 74.1% | 5s
  step 100/391 | loss 0.7128 | acc 74.8% | 1s elapsed | eta 4s
  step 200/391 | loss 0.7071 | acc 75.1% | 2s elapsed | eta 2s
  step 300/391 | loss 0.7128 | acc 74.8% | 4s elapsed | eta 1s
Ep  17 | loss 0.7106 | task 0.7106 | train 74.9% | test 74.9% | 5s
  step 100/391 | loss 0.6871 | acc 75.6% | 1s elapsed | eta 4s
  step 200/391 | loss 0.6913 | acc 75.3% | 2s elapsed | eta 2s
  step 300/391 | loss 0.6922 | acc 75.3% | 4s elapsed | eta 1s
Ep  18 | loss 0.6939 | task 0.6939 | train 75.3% | test 76.1% | 5s
  step 100/391 | loss 0.6717 | acc 75.8% | 1s elapsed | eta 4s
  step 200/391 | loss 0.6705 | acc 76.1% | 2s elapsed | eta 2s
  step 300/391 | loss 0.6733 | acc 75.9% | 4s elapsed | eta 1s
Ep  19 | loss 0.6718 | task 0.6718 | train 75.9% | test 76.1% | 5s
  step 100/391 | loss 0.6591 | acc 76.6% | 1s elapsed | eta 4s
  step 200/391 | loss 0.6596 | acc 76.7% | 3s elapsed | eta 2s
  step 300/391 | loss 0.6583 | acc 76.7% | 4s elapsed | eta 1s
Ep  20 | loss 0.6583 | task 0.6583 | train 76.8% | test 76.2% | 5s
  step 100/391 | loss 0.6364 | acc 77.6% | 1s elapsed | eta 4s
  step 200/391 | loss 0.6355 | acc 77.5% | 3s elapsed | eta 2s
  step 300/391 | loss 0.6397 | acc 77.3% | 4s elapsed | eta 1s
Ep  21 | loss 0.6408 | task 0.6408 | train 77.2% | test 76.2% | 5s
  step 100/391 | loss 0.6171 | acc 78.1% | 1s elapsed | eta 4s
  step 200/391 | loss 0.6236 | acc 77.9% | 2s elapsed | eta 2s
  step 300/391 | loss 0.6249 | acc 78.0% | 4s elapsed | eta 1s
Ep  22 | loss 0.6266 | task 0.6266 | train 77.9% | test 77.9% | 5s
  step 100/391 | loss 0.6023 | acc 78.3% | 1s elapsed | eta 4s
  step 200/391 | loss 0.5970 | acc 78.6% | 2s elapsed | eta 2s
  step 300/391 | loss 0.6036 | acc 78.5% | 4s elapsed | eta 1s
Ep  23 | loss 0.6098 | task 0.6098 | train 78.4% | test 77.9% | 5s
  step 100/391 | loss 0.5882 | acc 79.3% | 1s elapsed | eta 4s
  step 200/391 | loss 0.5926 | acc 78.9% | 2s elapsed | eta 2s
  step 300/391 | loss 0.5889 | acc 79.1% | 4s elapsed | eta 1s
Ep  24 | loss 0.5923 | task 0.5923 | train 78.9% | test 77.6% | 5s
  step 100/391 | loss 0.5982 | acc 79.0% | 1s elapsed | eta 4s
  step 200/391 | loss 0.5828 | acc 79.6% | 3s elapsed | eta 2s
  step 300/391 | loss 0.5823 | acc 79.4% | 4s elapsed | eta 1s
Ep  25 | loss 0.5799 | task 0.5799 | train 79.5% | test 78.7% | 5s
  step 100/391 | loss 0.5675 | acc 79.7% | 1s elapsed | eta 4s
  step 200/391 | loss 0.5670 | acc 79.7% | 2s elapsed | eta 2s
  step 300/391 | loss 0.5668 | acc 79.8% | 4s elapsed | eta 1s
Ep  26 | loss 0.5654 | task 0.5654 | train 79.9% | test 79.4% | 5s
  step 100/391 | loss 0.5409 | acc 80.6% | 1s elapsed | eta 4s
  step 200/391 | loss 0.5507 | acc 80.4% | 3s elapsed | eta 2s
  step 300/391 | loss 0.5527 | acc 80.4% | 4s elapsed | eta 1s
Ep  27 | loss 0.5553 | task 0.5553 | train 80.3% | test 78.9% | 5s
  step 100/391 | loss 0.5282 | acc 81.1% | 1s elapsed | eta 4s
  step 200/391 | loss 0.5396 | acc 80.9% | 3s elapsed | eta 2s
  step 300/391 | loss 0.5374 | acc 81.0% | 4s elapsed | eta 1s
Ep  28 | loss 0.5421 | task 0.5421 | train 80.8% | test 79.2% | 5s
  step 100/391 | loss 0.5108 | acc 81.8% | 1s elapsed | eta 4s
  step 200/391 | loss 0.5154 | acc 81.6% | 3s elapsed | eta 2s
  step 300/391 | loss 0.5203 | acc 81.5% | 4s elapsed | eta 1s
Ep  29 | loss 0.5280 | task 0.5280 | train 81.2% | test 79.1% | 5s
  step 100/391 | loss 0.5059 | acc 82.2% | 1s elapsed | eta 4s
  step 200/391 | loss 0.5095 | acc 82.0% | 3s elapsed | eta 2s
  step 300/391 | loss 0.5146 | acc 81.8% | 4s elapsed | eta 1s
Ep  30 | loss 0.5189 | task 0.5189 | train 81.7% | test 79.2% | 5s
  step 100/391 | loss 0.4915 | acc 82.8% | 1s elapsed | eta 4s
  step 200/391 | loss 0.5048 | acc 82.3% | 2s elapsed | eta 2s
  step 300/391 | loss 0.5079 | acc 82.2% | 4s elapsed | eta 1s
Ep  31 | loss 0.5087 | task 0.5087 | train 82.1% | test 79.8% | 5s
  step 100/391 | loss 0.4786 | acc 82.9% | 1s elapsed | eta 4s
  step 200/391 | loss 0.4870 | acc 82.7% | 3s elapsed | eta 2s
  step 300/391 | loss 0.4924 | acc 82.6% | 4s elapsed | eta 1s
Ep  32 | loss 0.4930 | task 0.4930 | train 82.6% | test 79.8% | 5s
  step 100/391 | loss 0.4750 | acc 82.9% | 1s elapsed | eta 4s
  step 200/391 | loss 0.4759 | acc 82.9% | 2s elapsed | eta 2s
  step 300/391 | loss 0.4808 | acc 82.7% | 4s elapsed | eta 1s
Ep  33 | loss 0.4834 | task 0.4834 | train 82.6% | test 79.3% | 5s
  step 100/391 | loss 0.4653 | acc 83.3% | 1s elapsed | eta 4s
  step 200/391 | loss 0.4588 | acc 83.3% | 2s elapsed | eta 2s
  step 300/391 | loss 0.4666 | acc 83.2% | 4s elapsed | eta 1s
Ep  34 | loss 0.4709 | task 0.4709 | train 83.2% | test 80.1% | 5s
  step 100/391 | loss 0.4369 | acc 84.5% | 1s elapsed | eta 4s
  step 200/391 | loss 0.4426 | acc 84.3% | 2s elapsed | eta 2s
  step 300/391 | loss 0.4478 | acc 84.2% | 4s elapsed | eta 1s
Ep  35 | loss 0.4529 | task 0.4529 | train 83.9% | test 80.0% | 5s
  step 100/391 | loss 0.4467 | acc 83.8% | 1s elapsed | eta 4s
  step 200/391 | loss 0.4411 | acc 84.2% | 2s elapsed | eta 2s
  step 300/391 | loss 0.4435 | acc 84.2% | 4s elapsed | eta 1s
Ep  36 | loss 0.4475 | task 0.4475 | train 84.0% | test 80.8% | 5s
  step 100/391 | loss 0.4201 | acc 84.9% | 1s elapsed | eta 4s
  step 200/391 | loss 0.4248 | acc 84.9% | 3s elapsed | eta 2s
  step 300/391 | loss 0.4305 | acc 84.7% | 4s elapsed | eta 1s
Ep  37 | loss 0.4361 | task 0.4361 | train 84.5% | test 80.3% | 5s
  step 100/391 | loss 0.4105 | acc 85.4% | 2s elapsed | eta 4s
  step 200/391 | loss 0.4206 | acc 84.9% | 3s elapsed | eta 3s
  step 300/391 | loss 0.4229 | acc 84.8% | 4s elapsed | eta 1s
Ep  38 | loss 0.4285 | task 0.4285 | train 84.6% | test 81.2% | 6s
  step 100/391 | loss 0.4031 | acc 85.2% | 1s elapsed | eta 4s
  step 200/391 | loss 0.4131 | acc 85.1% | 3s elapsed | eta 3s
  step 300/391 | loss 0.4128 | acc 85.2% | 4s elapsed | eta 1s
Ep  39 | loss 0.4175 | task 0.4175 | train 85.0% | test 80.4% | 6s
  step 100/391 | loss 0.3844 | acc 86.4% | 1s elapsed | eta 4s
  step 200/391 | loss 0.3945 | acc 85.9% | 3s elapsed | eta 3s
  step 300/391 | loss 0.4080 | acc 85.5% | 4s elapsed | eta 1s
Ep  40 | loss 0.4083 | task 0.4083 | train 85.4% | test 81.4% | 6s
  step 100/391 | loss 0.3750 | acc 86.5% | 1s elapsed | eta 4s
  step 200/391 | loss 0.3881 | acc 86.1% | 3s elapsed | eta 3s
  step 300/391 | loss 0.3936 | acc 85.9% | 4s elapsed | eta 1s
Ep  41 | loss 0.3969 | task 0.3969 | train 85.8% | test 80.4% | 6s
  step 100/391 | loss 0.3787 | acc 86.3% | 1s elapsed | eta 4s
  step 200/391 | loss 0.3894 | acc 86.1% | 3s elapsed | eta 3s
  step 300/391 | loss 0.3903 | acc 85.9% | 4s elapsed | eta 1s
Ep  42 | loss 0.3901 | task 0.3901 | train 85.9% | test 80.7% | 6s
  step 100/391 | loss 0.3672 | acc 86.9% | 2s elapsed | eta 4s
  step 200/391 | loss 0.3666 | acc 86.8% | 3s elapsed | eta 3s
  step 300/391 | loss 0.3751 | acc 86.5% | 4s elapsed | eta 1s
Ep  43 | loss 0.3797 | task 0.3797 | train 86.3% | test 81.5% | 6s
  step 100/391 | loss 0.3546 | acc 87.2% | 2s elapsed | eta 4s
  step 200/391 | loss 0.3575 | acc 87.3% | 3s elapsed | eta 3s
  step 300/391 | loss 0.3677 | acc 86.9% | 4s elapsed | eta 1s
Ep  44 | loss 0.3688 | task 0.3688 | train 86.8% | test 81.9% | 6s
  step 100/391 | loss 0.3512 | acc 87.4% | 1s elapsed | eta 4s
  step 200/391 | loss 0.3560 | acc 87.0% | 3s elapsed | eta 3s
  step 300/391 | loss 0.3607 | acc 87.0% | 4s elapsed | eta 1s
Ep  45 | loss 0.3639 | task 0.3639 | train 86.9% | test 80.1% | 6s
  step 100/391 | loss 0.3393 | acc 88.0% | 2s elapsed | eta 5s
  step 200/391 | loss 0.3484 | acc 87.5% | 3s elapsed | eta 3s
  step 300/391 | loss 0.3494 | acc 87.4% | 4s elapsed | eta 1s
Ep  46 | loss 0.3529 | task 0.3529 | train 87.3% | test 80.5% | 6s
  step 100/391 | loss 0.3280 | acc 88.3% | 2s elapsed | eta 4s
  step 200/391 | loss 0.3388 | acc 87.9% | 3s elapsed | eta 3s
  step 300/391 | loss 0.3426 | acc 87.6% | 4s elapsed | eta 1s
Ep  47 | loss 0.3454 | task 0.3454 | train 87.5% | test 81.9% | 6s
  step 100/391 | loss 0.3103 | acc 88.7% | 1s elapsed | eta 4s
  step 200/391 | loss 0.3265 | acc 88.2% | 3s elapsed | eta 3s
  step 300/391 | loss 0.3340 | acc 88.1% | 4s elapsed | eta 1s
Ep  48 | loss 0.3347 | task 0.3347 | train 88.1% | test 82.3% | 6s
  step 100/391 | loss 0.3084 | acc 88.8% | 1s elapsed | eta 4s
  step 200/391 | loss 0.3227 | acc 88.5% | 3s elapsed | eta 3s
  step 300/391 | loss 0.3297 | acc 88.2% | 4s elapsed | eta 1s
Ep  49 | loss 0.3330 | task 0.3330 | train 88.0% | test 82.1% | 6s
  step 100/391 | loss 0.3105 | acc 88.6% | 1s elapsed | eta 4s
  step 200/391 | loss 0.3177 | acc 88.4% | 3s elapsed | eta 3s
  step 300/391 | loss 0.3213 | acc 88.3% | 4s elapsed | eta 1s
Ep  50 | loss 0.3250 | task 0.3250 | train 88.1% | test 81.7% | 6s
  step 100/391 | loss 0.2974 | acc 89.3% | 1s elapsed | eta 4s
  step 200/391 | loss 0.3073 | acc 89.0% | 3s elapsed | eta 3s
  step 300/391 | loss 0.3133 | acc 88.7% | 4s elapsed | eta 1s
Ep  51 | loss 0.3153 | task 0.3153 | train 88.6% | test 82.0% | 6s
  step 100/391 | loss 0.2944 | acc 89.4% | 2s elapsed | eta 4s
  step 200/391 | loss 0.3000 | acc 89.2% | 3s elapsed | eta 3s
  step 300/391 | loss 0.3085 | acc 88.8% | 4s elapsed | eta 1s
Ep  52 | loss 0.3101 | task 0.3101 | train 88.8% | test 81.3% | 6s
  step 100/391 | loss 0.2919 | acc 89.6% | 1s elapsed | eta 4s
  step 200/391 | loss 0.2982 | acc 89.3% | 3s elapsed | eta 3s
  step 300/391 | loss 0.3000 | acc 89.2% | 4s elapsed | eta 1s
Ep  53 | loss 0.3011 | task 0.3011 | train 89.2% | test 82.4% | 6s
  step 100/391 | loss 0.2775 | acc 90.2% | 1s elapsed | eta 4s
  step 200/391 | loss 0.2876 | acc 89.8% | 3s elapsed | eta 3s
  step 300/391 | loss 0.2926 | acc 89.5% | 4s elapsed | eta 1s
Ep  54 | loss 0.2965 | task 0.2965 | train 89.3% | test 82.1% | 6s
  step 100/391 | loss 0.2757 | acc 90.1% | 1s elapsed | eta 4s
  step 200/391 | loss 0.2801 | acc 90.0% | 3s elapsed | eta 3s
  step 300/391 | loss 0.2846 | acc 89.8% | 4s elapsed | eta 1s
Ep  55 | loss 0.2862 | task 0.2862 | train 89.7% | test 82.4% | 6s
  step 100/391 | loss 0.2537 | acc 90.9% | 1s elapsed | eta 4s
  step 200/391 | loss 0.2692 | acc 90.3% | 3s elapsed | eta 3s
  step 300/391 | loss 0.2730 | acc 90.2% | 4s elapsed | eta 1s
Ep  56 | loss 0.2752 | task 0.2752 | train 90.1% | test 82.3% | 6s
  step 100/391 | loss 0.2553 | acc 90.9% | 2s elapsed | eta 4s
  step 200/391 | loss 0.2607 | acc 90.7% | 3s elapsed | eta 3s
  step 300/391 | loss 0.2695 | acc 90.3% | 4s elapsed | eta 1s
Ep  57 | loss 0.2694 | task 0.2694 | train 90.3% | test 81.6% | 6s
  step 100/391 | loss 0.2557 | acc 90.5% | 1s elapsed | eta 4s
  step 200/391 | loss 0.2510 | acc 90.6% | 3s elapsed | eta 3s
  step 300/391 | loss 0.2591 | acc 90.4% | 4s elapsed | eta 1s
Ep  58 | loss 0.2634 | task 0.2634 | train 90.2% | test 82.0% | 6s
  step 100/391 | loss 0.2433 | acc 91.2% | 2s elapsed | eta 6s
  step 200/391 | loss 0.2415 | acc 91.3% | 3s elapsed | eta 3s
  step 300/391 | loss 0.2509 | acc 90.9% | 5s elapsed | eta 1s
Ep  59 | loss 0.2580 | task 0.2580 | train 90.7% | test 81.7% | 6s
  step 100/391 | loss 0.2465 | acc 91.3% | 2s elapsed | eta 4s
  step 200/391 | loss 0.2470 | acc 91.2% | 3s elapsed | eta 3s
  step 300/391 | loss 0.2519 | acc 91.0% | 4s elapsed | eta 1s
Ep  60 | loss 0.2526 | task 0.2526 | train 90.9% | test 81.6% | 6s
  step 100/391 | loss 0.2354 | acc 91.6% | 2s elapsed | eta 4s
  step 200/391 | loss 0.2404 | acc 91.3% | 3s elapsed | eta 3s
  step 300/391 | loss 0.2440 | acc 91.2% | 4s elapsed | eta 1s
Ep  61 | loss 0.2449 | task 0.2449 | train 91.2% | test 82.0% | 6s
  step 100/391 | loss 0.2291 | acc 91.6% | 1s elapsed | eta 4s
  step 200/391 | loss 0.2326 | acc 91.4% | 3s elapsed | eta 3s
  step 300/391 | loss 0.2395 | acc 91.3% | 4s elapsed | eta 1s
Ep  62 | loss 0.2414 | task 0.2414 | train 91.1% | test 82.5% | 6s
  step 100/391 | loss 0.2190 | acc 92.1% | 1s elapsed | eta 4s
  step 200/391 | loss 0.2192 | acc 92.0% | 3s elapsed | eta 3s
  step 300/391 | loss 0.2286 | acc 91.7% | 4s elapsed | eta 1s
Ep  63 | loss 0.2311 | task 0.2311 | train 91.6% | test 81.2% | 6s
  step 100/391 | loss 0.2217 | acc 92.0% | 1s elapsed | eta 4s
  step 200/391 | loss 0.2281 | acc 91.8% | 3s elapsed | eta 3s
  step 300/391 | loss 0.2308 | acc 91.7% | 4s elapsed | eta 1s
Ep  64 | loss 0.2326 | task 0.2326 | train 91.6% | test 81.4% | 6s
  step 100/391 | loss 0.2140 | acc 92.3% | 2s elapsed | eta 4s
  step 200/391 | loss 0.2212 | acc 92.0% | 3s elapsed | eta 3s
  step 300/391 | loss 0.2235 | acc 91.9% | 4s elapsed | eta 1s
Ep  65 | loss 0.2266 | task 0.2266 | train 91.8% | test 81.7% | 6s
  step 100/391 | loss 0.2070 | acc 92.7% | 1s elapsed | eta 4s
  step 200/391 | loss 0.2101 | acc 92.5% | 3s elapsed | eta 3s
  step 300/391 | loss 0.2155 | acc 92.3% | 4s elapsed | eta 1s
Ep  66 | loss 0.2198 | task 0.2198 | train 92.1% | test 82.0% | 6s
  step 100/391 | loss 0.2004 | acc 92.9% | 2s elapsed | eta 4s
  step 200/391 | loss 0.2100 | acc 92.4% | 3s elapsed | eta 3s
  step 300/391 | loss 0.2113 | acc 92.4% | 4s elapsed | eta 1s
Ep  67 | loss 0.2149 | task 0.2149 | train 92.3% | test 82.3% | 6s
  step 100/391 | loss 0.2019 | acc 92.8% | 1s elapsed | eta 4s
  step 200/391 | loss 0.2064 | acc 92.6% | 3s elapsed | eta 3s
  step 300/391 | loss 0.2075 | acc 92.6% | 4s elapsed | eta 1s
Ep  68 | loss 0.2142 | task 0.2142 | train 92.3% | test 81.8% | 6s
  step 100/391 | loss 0.1956 | acc 93.1% | 1s elapsed | eta 4s
  step 200/391 | loss 0.2012 | acc 92.8% | 3s elapsed | eta 3s
  step 300/391 | loss 0.2057 | acc 92.7% | 4s elapsed | eta 1s
Ep  69 | loss 0.2077 | task 0.2077 | train 92.6% | test 82.3% | 6s
  step 100/391 | loss 0.1892 | acc 93.2% | 2s elapsed | eta 4s
  step 200/391 | loss 0.1961 | acc 92.9% | 3s elapsed | eta 3s
  step 300/391 | loss 0.1977 | acc 92.9% | 4s elapsed | eta 1s
Ep  70 | loss 0.2026 | task 0.2026 | train 92.7% | test 81.5% | 6s
  step 100/391 | loss 0.1883 | acc 93.2% | 2s elapsed | eta 4s
  step 200/391 | loss 0.1924 | acc 93.0% | 3s elapsed | eta 3s
  step 300/391 | loss 0.1930 | acc 93.0% | 4s elapsed | eta 1s
Ep  71 | loss 0.1966 | task 0.1966 | train 92.9% | test 82.3% | 6s
  step 100/391 | loss 0.1954 | acc 93.0% | 2s elapsed | eta 4s
  step 200/391 | loss 0.1966 | acc 93.0% | 3s elapsed | eta 3s
  step 300/391 | loss 0.1983 | acc 92.9% | 4s elapsed | eta 1s
Ep  72 | loss 0.2007 | task 0.2007 | train 92.7% | test 82.2% | 6s
  step 100/391 | loss 0.1777 | acc 93.4% | 2s elapsed | eta 4s
  step 200/391 | loss 0.1826 | acc 93.2% | 3s elapsed | eta 3s
  step 300/391 | loss 0.1885 | acc 93.1% | 4s elapsed | eta 1s
Ep  73 | loss 0.1898 | task 0.1898 | train 93.1% | test 82.1% | 6s
  step 100/391 | loss 0.1790 | acc 93.8% | 1s elapsed | eta 4s
  step 200/391 | loss 0.1809 | acc 93.6% | 3s elapsed | eta 3s
  step 300/391 | loss 0.1841 | acc 93.5% | 4s elapsed | eta 1s
Ep  74 | loss 0.1879 | task 0.1879 | train 93.3% | test 82.7% | 6s
  step 100/391 | loss 0.1833 | acc 93.3% | 1s elapsed | eta 4s
  step 200/391 | loss 0.1846 | acc 93.2% | 3s elapsed | eta 3s
  step 300/391 | loss 0.1873 | acc 93.1% | 4s elapsed | eta 1s
Ep  75 | loss 0.1902 | task 0.1902 | train 93.0% | test 82.7% | 6s
  step 100/391 | loss 0.1698 | acc 94.1% | 1s elapsed | eta 4s
  step 200/391 | loss 0.1742 | acc 93.8% | 3s elapsed | eta 3s
  step 300/391 | loss 0.1751 | acc 93.9% | 4s elapsed | eta 1s
Ep  76 | loss 0.1776 | task 0.1776 | train 93.7% | test 82.5% | 6s
  step 100/391 | loss 0.1618 | acc 94.3% | 1s elapsed | eta 4s
  step 200/391 | loss 0.1667 | acc 94.0% | 3s elapsed | eta 3s
  step 300/391 | loss 0.1708 | acc 93.9% | 4s elapsed | eta 1s
Ep  77 | loss 0.1724 | task 0.1724 | train 93.8% | test 82.6% | 6s
  step 100/391 | loss 0.1638 | acc 94.2% | 2s elapsed | eta 4s
  step 200/391 | loss 0.1613 | acc 94.2% | 3s elapsed | eta 3s
  step 300/391 | loss 0.1672 | acc 94.0% | 4s elapsed | eta 1s
Ep  78 | loss 0.1698 | task 0.1698 | train 93.8% | test 81.9% | 6s
  step 100/391 | loss 0.1637 | acc 94.2% | 1s elapsed | eta 4s
  step 200/391 | loss 0.1637 | acc 94.3% | 3s elapsed | eta 3s
  step 300/391 | loss 0.1667 | acc 94.0% | 4s elapsed | eta 1s
Ep  79 | loss 0.1695 | task 0.1695 | train 93.9% | test 82.2% | 6s
  step 100/391 | loss 0.1527 | acc 94.6% | 2s elapsed | eta 4s
  step 200/391 | loss 0.1553 | acc 94.4% | 3s elapsed | eta 3s
  step 300/391 | loss 0.1574 | acc 94.3% | 4s elapsed | eta 1s
Ep  80 | loss 0.1619 | task 0.1619 | train 94.2% | test 82.0% | 6s
  step 100/391 | loss 0.1572 | acc 94.4% | 1s elapsed | eta 4s
  step 200/391 | loss 0.1532 | acc 94.5% | 3s elapsed | eta 3s
  step 300/391 | loss 0.1593 | acc 94.4% | 4s elapsed | eta 1s
Ep  81 | loss 0.1607 | task 0.1607 | train 94.3% | test 82.1% | 6s
  step 100/391 | loss 0.1507 | acc 94.4% | 1s elapsed | eta 4s
  step 200/391 | loss 0.1540 | acc 94.5% | 3s elapsed | eta 3s
  step 300/391 | loss 0.1574 | acc 94.4% | 4s elapsed | eta 1s
Ep  82 | loss 0.1579 | task 0.1579 | train 94.4% | test 82.5% | 6s
  step 100/391 | loss 0.1549 | acc 94.5% | 2s elapsed | eta 5s
  step 200/391 | loss 0.1585 | acc 94.4% | 3s elapsed | eta 3s
  step 300/391 | loss 0.1581 | acc 94.3% | 4s elapsed | eta 1s
Ep  83 | loss 0.1576 | task 0.1576 | train 94.3% | test 82.6% | 6s
  step 100/391 | loss 0.1544 | acc 94.4% | 1s elapsed | eta 4s
  step 200/391 | loss 0.1531 | acc 94.4% | 3s elapsed | eta 3s
  step 300/391 | loss 0.1529 | acc 94.5% | 4s elapsed | eta 1s
Ep  84 | loss 0.1550 | task 0.1550 | train 94.4% | test 82.0% | 6s
  step 100/391 | loss 0.1455 | acc 94.7% | 1s elapsed | eta 4s
  step 200/391 | loss 0.1448 | acc 94.9% | 3s elapsed | eta 3s
  step 300/391 | loss 0.1513 | acc 94.6% | 4s elapsed | eta 1s
Ep  85 | loss 0.1532 | task 0.1532 | train 94.5% | test 81.5% | 6s
  step 100/391 | loss 0.1434 | acc 94.9% | 1s elapsed | eta 4s
  step 200/391 | loss 0.1462 | acc 94.9% | 3s elapsed | eta 3s
  step 300/391 | loss 0.1475 | acc 94.8% | 4s elapsed | eta 1s
Ep  86 | loss 0.1504 | task 0.1504 | train 94.6% | test 82.0% | 6s
  step 100/391 | loss 0.1332 | acc 95.1% | 1s elapsed | eta 4s
  step 200/391 | loss 0.1400 | acc 95.0% | 3s elapsed | eta 3s
  step 300/391 | loss 0.1427 | acc 94.9% | 4s elapsed | eta 1s
Ep  87 | loss 0.1439 | task 0.1439 | train 94.8% | test 81.7% | 6s
  step 100/391 | loss 0.1300 | acc 95.2% | 1s elapsed | eta 4s
  step 200/391 | loss 0.1396 | acc 94.9% | 3s elapsed | eta 3s
  step 300/391 | loss 0.1410 | acc 94.8% | 4s elapsed | eta 1s
Ep  88 | loss 0.1440 | task 0.1440 | train 94.8% | test 81.9% | 6s
  step 100/391 | loss 0.1391 | acc 95.1% | 1s elapsed | eta 4s
  step 200/391 | loss 0.1428 | acc 94.9% | 3s elapsed | eta 3s
  step 300/391 | loss 0.1389 | acc 95.1% | 4s elapsed | eta 1s
Ep  89 | loss 0.1429 | task 0.1429 | train 94.9% | test 81.7% | 6s
  step 100/391 | loss 0.1359 | acc 95.2% | 2s elapsed | eta 4s
  step 200/391 | loss 0.1374 | acc 95.0% | 3s elapsed | eta 3s
  step 300/391 | loss 0.1375 | acc 95.1% | 4s elapsed | eta 1s
Ep  90 | loss 0.1387 | task 0.1387 | train 95.1% | test 81.9% | 6s
  step 100/391 | loss 0.1276 | acc 95.4% | 2s elapsed | eta 4s
  step 200/391 | loss 0.1305 | acc 95.3% | 3s elapsed | eta 3s
  step 300/391 | loss 0.1358 | acc 95.1% | 4s elapsed | eta 1s
Ep  91 | loss 0.1378 | task 0.1378 | train 95.0% | test 81.8% | 6s
  step 100/391 | loss 0.1311 | acc 95.3% | 1s elapsed | eta 4s
  step 200/391 | loss 0.1295 | acc 95.3% | 3s elapsed | eta 3s
  step 300/391 | loss 0.1315 | acc 95.3% | 4s elapsed | eta 1s
Ep  92 | loss 0.1336 | task 0.1336 | train 95.2% | test 81.5% | 6s
  step 100/391 | loss 0.1242 | acc 95.6% | 1s elapsed | eta 4s
  step 200/391 | loss 0.1276 | acc 95.6% | 3s elapsed | eta 3s
  step 300/391 | loss 0.1287 | acc 95.5% | 4s elapsed | eta 1s
Ep  93 | loss 0.1303 | task 0.1303 | train 95.4% | test 82.3% | 6s
  step 100/391 | loss 0.1201 | acc 95.6% | 2s elapsed | eta 4s
  step 200/391 | loss 0.1270 | acc 95.3% | 3s elapsed | eta 3s
  step 300/391 | loss 0.1285 | acc 95.3% | 4s elapsed | eta 1s
Ep  94 | loss 0.1319 | task 0.1319 | train 95.2% | test 82.2% | 6s
  step 100/391 | loss 0.1162 | acc 95.8% | 1s elapsed | eta 4s
  step 200/391 | loss 0.1187 | acc 95.8% | 3s elapsed | eta 3s
  step 300/391 | loss 0.1266 | acc 95.5% | 4s elapsed | eta 1s
Ep  95 | loss 0.1269 | task 0.1269 | train 95.5% | test 82.7% | 6s
  step 100/391 | loss 0.1215 | acc 95.7% | 2s elapsed | eta 4s
  step 200/391 | loss 0.1249 | acc 95.5% | 3s elapsed | eta 3s
  step 300/391 | loss 0.1256 | acc 95.5% | 4s elapsed | eta 1s
Ep  96 | loss 0.1263 | task 0.1263 | train 95.5% | test 82.6% | 6s
  step 100/391 | loss 0.1218 | acc 95.5% | 1s elapsed | eta 4s
  step 200/391 | loss 0.1221 | acc 95.5% | 3s elapsed | eta 3s
  step 300/391 | loss 0.1211 | acc 95.6% | 4s elapsed | eta 1s
Ep  97 | loss 0.1231 | task 0.1231 | train 95.5% | test 82.6% | 6s
  step 100/391 | loss 0.1298 | acc 95.5% | 1s elapsed | eta 4s
  step 200/391 | loss 0.1224 | acc 95.7% | 3s elapsed | eta 3s
  step 300/391 | loss 0.1226 | acc 95.7% | 4s elapsed | eta 1s
Ep  98 | loss 0.1233 | task 0.1233 | train 95.7% | test 81.8% | 6s
  step 100/391 | loss 0.1135 | acc 96.2% | 1s elapsed | eta 4s
  step 200/391 | loss 0.1117 | acc 96.2% | 3s elapsed | eta 3s
  step 300/391 | loss 0.1170 | acc 95.9% | 4s elapsed | eta 1s
Ep  99 | loss 0.1206 | task 0.1206 | train 95.8% | test 82.2% | 6s
  step 100/391 | loss 0.1164 | acc 95.8% | 2s elapsed | eta 4s
  step 200/391 | loss 0.1136 | acc 95.8% | 3s elapsed | eta 3s
  step 300/391 | loss 0.1157 | acc 95.8% | 4s elapsed | eta 1s
Ep 100 | loss 0.1177 | task 0.1177 | train 95.8% | test 82.0% | 6s
  step 100/391 | loss 0.1072 | acc 96.3% | 1s elapsed | eta 4s
  step 200/391 | loss 0.1052 | acc 96.3% | 3s elapsed | eta 3s
  step 300/391 | loss 0.1090 | acc 96.1% | 4s elapsed | eta 1s
Ep 101 | loss 0.1139 | task 0.1139 | train 95.9% | test 82.4% | 6s
  step 100/391 | loss 0.1102 | acc 96.1% | 2s elapsed | eta 4s
  step 200/391 | loss 0.1130 | acc 96.0% | 3s elapsed | eta 3s
  step 300/391 | loss 0.1151 | acc 95.9% | 4s elapsed | eta 1s
Ep 102 | loss 0.1155 | task 0.1155 | train 95.9% | test 82.3% | 6s
  step 100/391 | loss 0.1069 | acc 96.2% | 2s elapsed | eta 4s
  step 200/391 | loss 0.1115 | acc 96.2% | 3s elapsed | eta 3s
  step 300/391 | loss 0.1137 | acc 96.1% | 4s elapsed | eta 1s
Ep 103 | loss 0.1153 | task 0.1153 | train 96.0% | test 81.8% | 6s
  step 100/391 | loss 0.1039 | acc 96.3% | 1s elapsed | eta 4s
  step 200/391 | loss 0.1064 | acc 96.2% | 3s elapsed | eta 3s
  step 300/391 | loss 0.1081 | acc 96.2% | 4s elapsed | eta 1s
Ep 104 | loss 0.1095 | task 0.1095 | train 96.1% | test 81.4% | 6s
  step 100/391 | loss 0.1080 | acc 96.2% | 1s elapsed | eta 4s
  step 200/391 | loss 0.1071 | acc 96.2% | 3s elapsed | eta 3s
  step 300/391 | loss 0.1088 | acc 96.2% | 4s elapsed | eta 1s
Ep 105 | loss 0.1090 | task 0.1090 | train 96.2% | test 81.7% | 6s
  step 100/391 | loss 0.1034 | acc 96.4% | 1s elapsed | eta 4s
  step 200/391 | loss 0.1046 | acc 96.5% | 3s elapsed | eta 3s
  step 300/391 | loss 0.1067 | acc 96.3% | 4s elapsed | eta 1s
Ep 106 | loss 0.1080 | task 0.1080 | train 96.2% | test 82.2% | 6s
  step 100/391 | loss 0.1005 | acc 96.3% | 2s elapsed | eta 4s
  step 200/391 | loss 0.1016 | acc 96.4% | 3s elapsed | eta 3s
  step 300/391 | loss 0.1053 | acc 96.3% | 4s elapsed | eta 1s
Ep 107 | loss 0.1068 | task 0.1068 | train 96.2% | test 81.9% | 6s
  step 100/391 | loss 0.1028 | acc 96.4% | 1s elapsed | eta 4s
  step 200/391 | loss 0.1015 | acc 96.5% | 3s elapsed | eta 3s
  step 300/391 | loss 0.1018 | acc 96.4% | 4s elapsed | eta 1s
Ep 108 | loss 0.1048 | task 0.1048 | train 96.3% | test 82.2% | 6s
  step 100/391 | loss 0.1006 | acc 96.6% | 2s elapsed | eta 4s
  step 200/391 | loss 0.0986 | acc 96.5% | 3s elapsed | eta 3s
  step 300/391 | loss 0.0995 | acc 96.5% | 4s elapsed | eta 1s
Ep 109 | loss 0.1034 | task 0.1034 | train 96.3% | test 81.9% | 6s
  step 100/391 | loss 0.0954 | acc 96.5% | 1s elapsed | eta 4s
  step 200/391 | loss 0.1012 | acc 96.4% | 3s elapsed | eta 3s
  step 300/391 | loss 0.1011 | acc 96.5% | 4s elapsed | eta 1s
Ep 110 | loss 0.1014 | task 0.1014 | train 96.4% | test 82.2% | 6s
  step 100/391 | loss 0.0959 | acc 96.8% | 1s elapsed | eta 4s
  step 200/391 | loss 0.0959 | acc 96.7% | 3s elapsed | eta 3s
  step 300/391 | loss 0.0976 | acc 96.6% | 4s elapsed | eta 1s
Ep 111 | loss 0.0996 | task 0.0996 | train 96.5% | test 82.6% | 6s
  step 100/391 | loss 0.0942 | acc 96.8% | 1s elapsed | eta 4s
  step 200/391 | loss 0.0934 | acc 96.7% | 3s elapsed | eta 3s
  step 300/391 | loss 0.0952 | acc 96.6% | 4s elapsed | eta 1s
Ep 112 | loss 0.0955 | task 0.0955 | train 96.7% | test 82.4% | 6s
  step 100/391 | loss 0.0913 | acc 96.7% | 1s elapsed | eta 4s
  step 200/391 | loss 0.0926 | acc 96.6% | 3s elapsed | eta 3s
  step 300/391 | loss 0.0941 | acc 96.6% | 4s elapsed | eta 1s
Ep 113 | loss 0.0952 | task 0.0952 | train 96.6% | test 82.3% | 6s
  step 100/391 | loss 0.0938 | acc 96.7% | 1s elapsed | eta 4s
  step 200/391 | loss 0.0905 | acc 96.8% | 3s elapsed | eta 3s
  step 300/391 | loss 0.0927 | acc 96.7% | 4s elapsed | eta 1s
Ep 114 | loss 0.0953 | task 0.0953 | train 96.6% | test 82.5% | 6s
  step 100/391 | loss 0.0869 | acc 97.0% | 1s elapsed | eta 4s
  step 200/391 | loss 0.0923 | acc 96.8% | 3s elapsed | eta 3s
  step 300/391 | loss 0.0922 | acc 96.8% | 4s elapsed | eta 1s
Ep 115 | loss 0.0940 | task 0.0940 | train 96.7% | test 82.0% | 6s
  step 100/391 | loss 0.0948 | acc 96.7% | 1s elapsed | eta 4s
  step 200/391 | loss 0.0925 | acc 96.8% | 3s elapsed | eta 3s
  step 300/391 | loss 0.0936 | acc 96.7% | 4s elapsed | eta 1s
Ep 116 | loss 0.0929 | task 0.0929 | train 96.7% | test 82.5% | 6s
  step 100/391 | loss 0.0878 | acc 97.0% | 1s elapsed | eta 4s
  step 200/391 | loss 0.0939 | acc 96.7% | 3s elapsed | eta 3s
  step 300/391 | loss 0.0932 | acc 96.8% | 4s elapsed | eta 1s
Ep 117 | loss 0.0946 | task 0.0946 | train 96.7% | test 82.5% | 6s
  step 100/391 | loss 0.0845 | acc 97.2% | 2s elapsed | eta 4s
  step 200/391 | loss 0.0841 | acc 97.1% | 3s elapsed | eta 3s
  step 300/391 | loss 0.0868 | acc 97.0% | 4s elapsed | eta 1s
Ep 118 | loss 0.0881 | task 0.0881 | train 96.9% | test 82.6% | 6s
  step 100/391 | loss 0.0803 | acc 97.1% | 1s elapsed | eta 4s
  step 200/391 | loss 0.0837 | acc 97.0% | 3s elapsed | eta 3s
  step 300/391 | loss 0.0841 | acc 97.0% | 4s elapsed | eta 1s
Ep 119 | loss 0.0872 | task 0.0872 | train 96.9% | test 82.0% | 6s
  step 100/391 | loss 0.0806 | acc 97.2% | 1s elapsed | eta 4s
  step 200/391 | loss 0.0817 | acc 97.2% | 3s elapsed | eta 3s
  step 300/391 | loss 0.0858 | acc 97.0% | 4s elapsed | eta 1s
Ep 120 | loss 0.0870 | task 0.0870 | train 97.0% | test 82.5% | 6s
  step 100/391 | loss 0.0869 | acc 97.0% | 1s elapsed | eta 4s
  step 200/391 | loss 0.0889 | acc 96.8% | 3s elapsed | eta 3s
  step 300/391 | loss 0.0884 | acc 96.8% | 4s elapsed | eta 1s
Ep 121 | loss 0.0887 | task 0.0887 | train 96.8% | test 82.4% | 6s
  step 100/391 | loss 0.0756 | acc 97.3% | 1s elapsed | eta 4s
  step 200/391 | loss 0.0820 | acc 97.1% | 3s elapsed | eta 3s
  step 300/391 | loss 0.0802 | acc 97.1% | 4s elapsed | eta 1s
Ep 122 | loss 0.0820 | task 0.0820 | train 97.1% | test 82.4% | 6s
  step 100/391 | loss 0.0851 | acc 97.2% | 2s elapsed | eta 4s
  step 200/391 | loss 0.0823 | acc 97.2% | 3s elapsed | eta 3s
  step 300/391 | loss 0.0834 | acc 97.2% | 4s elapsed | eta 1s
Ep 123 | loss 0.0860 | task 0.0860 | train 97.1% | test 82.3% | 6s
  step 100/391 | loss 0.0773 | acc 97.2% | 1s elapsed | eta 4s
  step 200/391 | loss 0.0792 | acc 97.2% | 3s elapsed | eta 3s
  step 300/391 | loss 0.0797 | acc 97.1% | 4s elapsed | eta 1s
Ep 124 | loss 0.0826 | task 0.0826 | train 97.0% | test 82.6% | 6s
  step 100/391 | loss 0.0764 | acc 97.3% | 1s elapsed | eta 4s
  step 200/391 | loss 0.0784 | acc 97.2% | 3s elapsed | eta 3s
  step 300/391 | loss 0.0789 | acc 97.2% | 4s elapsed | eta 1s
Ep 125 | loss 0.0811 | task 0.0811 | train 97.1% | test 82.6% | 6s
  step 100/391 | loss 0.0756 | acc 97.2% | 2s elapsed | eta 4s
  step 200/391 | loss 0.0782 | acc 97.2% | 3s elapsed | eta 3s
  step 300/391 | loss 0.0786 | acc 97.2% | 4s elapsed | eta 1s
Ep 126 | loss 0.0812 | task 0.0812 | train 97.1% | test 82.3% | 6s
  step 100/391 | loss 0.0734 | acc 97.4% | 1s elapsed | eta 4s
  step 200/391 | loss 0.0762 | acc 97.3% | 3s elapsed | eta 3s
  step 300/391 | loss 0.0777 | acc 97.2% | 4s elapsed | eta 1s
Ep 127 | loss 0.0792 | task 0.0792 | train 97.1% | test 81.5% | 6s
  step 100/391 | loss 0.0693 | acc 97.5% | 2s elapsed | eta 4s
  step 200/391 | loss 0.0718 | acc 97.4% | 3s elapsed | eta 3s
  step 300/391 | loss 0.0728 | acc 97.4% | 4s elapsed | eta 1s
Ep 128 | loss 0.0754 | task 0.0754 | train 97.4% | test 82.5% | 6s
  step 100/391 | loss 0.0718 | acc 97.4% | 2s elapsed | eta 4s
  step 200/391 | loss 0.0731 | acc 97.4% | 3s elapsed | eta 3s
  step 300/391 | loss 0.0742 | acc 97.4% | 4s elapsed | eta 1s
Ep 129 | loss 0.0763 | task 0.0763 | train 97.3% | test 82.5% | 6s
  step 100/391 | loss 0.0718 | acc 97.6% | 2s elapsed | eta 4s
  step 200/391 | loss 0.0714 | acc 97.5% | 3s elapsed | eta 3s
  step 300/391 | loss 0.0734 | acc 97.5% | 4s elapsed | eta 1s
Ep 130 | loss 0.0750 | task 0.0750 | train 97.4% | test 82.0% | 6s
  step 100/391 | loss 0.0695 | acc 97.6% | 2s elapsed | eta 5s
  step 200/391 | loss 0.0750 | acc 97.4% | 3s elapsed | eta 3s
  step 300/391 | loss 0.0734 | acc 97.5% | 4s elapsed | eta 1s
Ep 131 | loss 0.0744 | task 0.0744 | train 97.4% | test 81.7% | 6s
  step 100/391 | loss 0.0727 | acc 97.5% | 1s elapsed | eta 4s
  step 200/391 | loss 0.0725 | acc 97.5% | 3s elapsed | eta 3s
  step 300/391 | loss 0.0735 | acc 97.5% | 4s elapsed | eta 1s
Ep 132 | loss 0.0743 | task 0.0743 | train 97.5% | test 82.3% | 6s
  step 100/391 | loss 0.0728 | acc 97.5% | 1s elapsed | eta 4s
  step 200/391 | loss 0.0739 | acc 97.4% | 3s elapsed | eta 3s
  step 300/391 | loss 0.0735 | acc 97.4% | 4s elapsed | eta 1s
Ep 133 | loss 0.0742 | task 0.0742 | train 97.4% | test 82.0% | 6s
  step 100/391 | loss 0.0673 | acc 97.8% | 2s elapsed | eta 4s
  step 200/391 | loss 0.0647 | acc 97.8% | 3s elapsed | eta 3s
  step 300/391 | loss 0.0649 | acc 97.8% | 4s elapsed | eta 1s
Ep 134 | loss 0.0680 | task 0.0680 | train 97.7% | test 83.1% | 6s
  step 100/391 | loss 0.0639 | acc 97.7% | 2s elapsed | eta 5s
  step 200/391 | loss 0.0655 | acc 97.7% | 3s elapsed | eta 3s
  step 300/391 | loss 0.0669 | acc 97.7% | 4s elapsed | eta 1s
Ep 135 | loss 0.0685 | task 0.0685 | train 97.6% | test 82.4% | 6s
  step 100/391 | loss 0.0697 | acc 97.6% | 1s elapsed | eta 4s
  step 200/391 | loss 0.0680 | acc 97.7% | 3s elapsed | eta 3s
  step 300/391 | loss 0.0696 | acc 97.6% | 4s elapsed | eta 1s
Ep 136 | loss 0.0708 | task 0.0708 | train 97.5% | test 82.2% | 6s
  step 100/391 | loss 0.0608 | acc 97.9% | 2s elapsed | eta 4s
  step 200/391 | loss 0.0657 | acc 97.7% | 3s elapsed | eta 3s
  step 300/391 | loss 0.0666 | acc 97.7% | 4s elapsed | eta 1s
Ep 137 | loss 0.0693 | task 0.0693 | train 97.6% | test 82.6% | 6s
  step 100/391 | loss 0.0638 | acc 97.9% | 2s elapsed | eta 4s
  step 200/391 | loss 0.0624 | acc 97.8% | 3s elapsed | eta 3s
  step 300/391 | loss 0.0645 | acc 97.8% | 4s elapsed | eta 1s
Ep 138 | loss 0.0662 | task 0.0662 | train 97.7% | test 82.7% | 6s
  step 100/391 | loss 0.0673 | acc 97.6% | 1s elapsed | eta 4s
  step 200/391 | loss 0.0656 | acc 97.7% | 3s elapsed | eta 3s
  step 300/391 | loss 0.0669 | acc 97.7% | 4s elapsed | eta 1s
Ep 139 | loss 0.0673 | task 0.0673 | train 97.6% | test 82.5% | 6s
  step 100/391 | loss 0.0609 | acc 97.9% | 1s elapsed | eta 4s
  step 200/391 | loss 0.0648 | acc 97.8% | 3s elapsed | eta 3s
  step 300/391 | loss 0.0648 | acc 97.8% | 4s elapsed | eta 1s
Ep 140 | loss 0.0645 | task 0.0645 | train 97.8% | test 82.7% | 6s
  step 100/391 | loss 0.0563 | acc 98.1% | 2s elapsed | eta 4s
  step 200/391 | loss 0.0625 | acc 97.8% | 3s elapsed | eta 3s
  step 300/391 | loss 0.0642 | acc 97.8% | 4s elapsed | eta 1s
Ep 141 | loss 0.0638 | task 0.0638 | train 97.8% | test 82.3% | 6s
  step 100/391 | loss 0.0630 | acc 97.8% | 2s elapsed | eta 5s
  step 200/391 | loss 0.0635 | acc 97.8% | 3s elapsed | eta 3s
  step 300/391 | loss 0.0627 | acc 97.8% | 4s elapsed | eta 1s
Ep 142 | loss 0.0622 | task 0.0622 | train 97.8% | test 82.3% | 6s
  step 100/391 | loss 0.0644 | acc 97.8% | 1s elapsed | eta 4s
  step 200/391 | loss 0.0652 | acc 97.8% | 3s elapsed | eta 3s
  step 300/391 | loss 0.0666 | acc 97.8% | 4s elapsed | eta 1s
Ep 143 | loss 0.0660 | task 0.0660 | train 97.8% | test 82.0% | 6s
  step 100/391 | loss 0.0573 | acc 98.0% | 1s elapsed | eta 4s
  step 200/391 | loss 0.0592 | acc 98.0% | 3s elapsed | eta 3s
  step 300/391 | loss 0.0592 | acc 97.9% | 4s elapsed | eta 1s
Ep 144 | loss 0.0597 | task 0.0597 | train 97.9% | test 82.3% | 6s
  step 100/391 | loss 0.0529 | acc 98.0% | 1s elapsed | eta 4s
  step 200/391 | loss 0.0564 | acc 98.0% | 3s elapsed | eta 3s
  step 300/391 | loss 0.0566 | acc 98.0% | 4s elapsed | eta 1s
Ep 145 | loss 0.0582 | task 0.0582 | train 97.9% | test 82.3% | 6s
  step 100/391 | loss 0.0582 | acc 98.1% | 1s elapsed | eta 4s
  step 200/391 | loss 0.0617 | acc 97.9% | 3s elapsed | eta 3s
  step 300/391 | loss 0.0596 | acc 97.9% | 4s elapsed | eta 1s
Ep 146 | loss 0.0602 | task 0.0602 | train 97.9% | test 82.5% | 6s
  step 100/391 | loss 0.0593 | acc 97.9% | 1s elapsed | eta 4s
  step 200/391 | loss 0.0586 | acc 98.0% | 3s elapsed | eta 3s
  step 300/391 | loss 0.0605 | acc 97.9% | 4s elapsed | eta 1s
Ep 147 | loss 0.0588 | task 0.0588 | train 98.0% | test 82.4% | 6s
  step 100/391 | loss 0.0537 | acc 98.2% | 2s elapsed | eta 4s
  step 200/391 | loss 0.0573 | acc 98.1% | 3s elapsed | eta 3s
  step 300/391 | loss 0.0596 | acc 98.0% | 4s elapsed | eta 1s
Ep 148 | loss 0.0598 | task 0.0598 | train 97.9% | test 82.7% | 6s
  step 100/391 | loss 0.0608 | acc 97.8% | 2s elapsed | eta 4s
  step 200/391 | loss 0.0576 | acc 98.0% | 3s elapsed | eta 3s
  step 300/391 | loss 0.0571 | acc 98.0% | 4s elapsed | eta 1s
Ep 149 | loss 0.0571 | task 0.0571 | train 98.0% | test 82.8% | 6s
  step 100/391 | loss 0.0523 | acc 98.2% | 2s elapsed | eta 4s
  step 200/391 | loss 0.0551 | acc 98.1% | 3s elapsed | eta 3s
  step 300/391 | loss 0.0553 | acc 98.1% | 4s elapsed | eta 1s
Ep 150 | loss 0.0568 | task 0.0568 | train 98.0% | test 82.8% | 6s
  step 100/391 | loss 0.0560 | acc 98.0% | 2s elapsed | eta 4s
  step 200/391 | loss 0.0544 | acc 98.0% | 3s elapsed | eta 3s
  step 300/391 | loss 0.0556 | acc 98.0% | 4s elapsed | eta 1s
Ep 151 | loss 0.0559 | task 0.0559 | train 98.0% | test 82.3% | 6s
  step 100/391 | loss 0.0535 | acc 98.2% | 1s elapsed | eta 4s
  step 200/391 | loss 0.0561 | acc 98.1% | 3s elapsed | eta 3s
  step 300/391 | loss 0.0549 | acc 98.1% | 4s elapsed | eta 1s
Ep 152 | loss 0.0551 | task 0.0551 | train 98.1% | test 82.1% | 6s
  step 100/391 | loss 0.0521 | acc 98.2% | 1s elapsed | eta 4s
  step 200/391 | loss 0.0501 | acc 98.3% | 3s elapsed | eta 3s
  step 300/391 | loss 0.0505 | acc 98.2% | 4s elapsed | eta 1s
Ep 153 | loss 0.0523 | task 0.0523 | train 98.2% | test 82.8% | 6s
  step 100/391 | loss 0.0513 | acc 98.3% | 2s elapsed | eta 4s
  step 200/391 | loss 0.0483 | acc 98.4% | 3s elapsed | eta 3s
  step 300/391 | loss 0.0490 | acc 98.3% | 4s elapsed | eta 1s
Ep 154 | loss 0.0501 | task 0.0501 | train 98.2% | test 82.7% | 6s
  step 100/391 | loss 0.0451 | acc 98.4% | 1s elapsed | eta 4s
  step 200/391 | loss 0.0490 | acc 98.3% | 3s elapsed | eta 3s
  step 300/391 | loss 0.0483 | acc 98.3% | 4s elapsed | eta 1s
Ep 155 | loss 0.0513 | task 0.0513 | train 98.2% | test 83.0% | 6s
  step 100/391 | loss 0.0500 | acc 98.4% | 2s elapsed | eta 4s
  step 200/391 | loss 0.0497 | acc 98.3% | 3s elapsed | eta 3s
  step 300/391 | loss 0.0512 | acc 98.2% | 4s elapsed | eta 1s
Ep 156 | loss 0.0522 | task 0.0522 | train 98.2% | test 83.3% | 6s
  step 100/391 | loss 0.0465 | acc 98.3% | 2s elapsed | eta 4s
  step 200/391 | loss 0.0481 | acc 98.3% | 3s elapsed | eta 3s
  step 300/391 | loss 0.0498 | acc 98.3% | 4s elapsed | eta 1s
Ep 157 | loss 0.0512 | task 0.0512 | train 98.2% | test 83.1% | 6s
  step 100/391 | loss 0.0467 | acc 98.4% | 1s elapsed | eta 4s
  step 200/391 | loss 0.0482 | acc 98.3% | 3s elapsed | eta 3s
  step 300/391 | loss 0.0491 | acc 98.3% | 4s elapsed | eta 1s
Ep 158 | loss 0.0504 | task 0.0504 | train 98.2% | test 82.7% | 6s
  step 100/391 | loss 0.0466 | acc 98.5% | 2s elapsed | eta 4s
  step 200/391 | loss 0.0469 | acc 98.4% | 3s elapsed | eta 3s
  step 300/391 | loss 0.0475 | acc 98.4% | 4s elapsed | eta 1s
Ep 159 | loss 0.0492 | task 0.0492 | train 98.3% | test 82.5% | 6s
  step 100/391 | loss 0.0460 | acc 98.4% | 1s elapsed | eta 4s
  step 200/391 | loss 0.0449 | acc 98.5% | 3s elapsed | eta 3s
  step 300/391 | loss 0.0460 | acc 98.4% | 4s elapsed | eta 1s
Ep 160 | loss 0.0467 | task 0.0467 | train 98.4% | test 82.3% | 6s
  step 100/391 | loss 0.0434 | acc 98.6% | 1s elapsed | eta 4s
  step 200/391 | loss 0.0450 | acc 98.5% | 3s elapsed | eta 3s
  step 300/391 | loss 0.0457 | acc 98.4% | 4s elapsed | eta 1s
Ep 161 | loss 0.0467 | task 0.0467 | train 98.4% | test 82.8% | 6s
  step 100/391 | loss 0.0427 | acc 98.5% | 2s elapsed | eta 4s
  step 200/391 | loss 0.0424 | acc 98.4% | 3s elapsed | eta 3s
  step 300/391 | loss 0.0456 | acc 98.4% | 4s elapsed | eta 1s
Ep 162 | loss 0.0447 | task 0.0447 | train 98.4% | test 82.9% | 6s
  step 100/391 | loss 0.0466 | acc 98.5% | 2s elapsed | eta 4s
  step 200/391 | loss 0.0466 | acc 98.4% | 3s elapsed | eta 3s
  step 300/391 | loss 0.0460 | acc 98.5% | 4s elapsed | eta 1s
Ep 163 | loss 0.0456 | task 0.0456 | train 98.5% | test 82.6% | 6s
  step 100/391 | loss 0.0444 | acc 98.5% | 2s elapsed | eta 4s
  step 200/391 | loss 0.0456 | acc 98.4% | 3s elapsed | eta 3s
  step 300/391 | loss 0.0458 | acc 98.4% | 4s elapsed | eta 1s
Ep 164 | loss 0.0458 | task 0.0458 | train 98.4% | test 82.4% | 6s
  step 100/391 | loss 0.0403 | acc 98.5% | 1s elapsed | eta 4s
  step 200/391 | loss 0.0434 | acc 98.5% | 3s elapsed | eta 3s
  step 300/391 | loss 0.0432 | acc 98.5% | 4s elapsed | eta 1s
Ep 165 | loss 0.0431 | task 0.0431 | train 98.5% | test 82.8% | 6s
  step 100/391 | loss 0.0406 | acc 98.6% | 2s elapsed | eta 4s
  step 200/391 | loss 0.0400 | acc 98.7% | 3s elapsed | eta 3s
  step 300/391 | loss 0.0407 | acc 98.6% | 4s elapsed | eta 1s
Ep 166 | loss 0.0413 | task 0.0413 | train 98.6% | test 82.7% | 6s
  step 100/391 | loss 0.0394 | acc 98.7% | 2s elapsed | eta 4s
  step 200/391 | loss 0.0420 | acc 98.6% | 3s elapsed | eta 3s
  step 300/391 | loss 0.0435 | acc 98.5% | 4s elapsed | eta 1s
Ep 167 | loss 0.0438 | task 0.0438 | train 98.5% | test 82.6% | 6s
  step 100/391 | loss 0.0368 | acc 98.8% | 2s elapsed | eta 5s
  step 200/391 | loss 0.0371 | acc 98.7% | 3s elapsed | eta 3s
  step 300/391 | loss 0.0396 | acc 98.6% | 4s elapsed | eta 1s
Ep 168 | loss 0.0404 | task 0.0404 | train 98.6% | test 82.7% | 6s
  step 100/391 | loss 0.0388 | acc 98.6% | 2s elapsed | eta 4s
  step 200/391 | loss 0.0391 | acc 98.6% | 3s elapsed | eta 3s
  step 300/391 | loss 0.0401 | acc 98.6% | 4s elapsed | eta 1s
Ep 169 | loss 0.0410 | task 0.0410 | train 98.6% | test 82.6% | 6s
  step 100/391 | loss 0.0399 | acc 98.5% | 2s elapsed | eta 4s
  step 200/391 | loss 0.0388 | acc 98.6% | 3s elapsed | eta 3s
  step 300/391 | loss 0.0402 | acc 98.6% | 4s elapsed | eta 1s
Ep 170 | loss 0.0412 | task 0.0412 | train 98.6% | test 82.7% | 6s
  step 100/391 | loss 0.0398 | acc 98.6% | 2s elapsed | eta 4s
  step 200/391 | loss 0.0384 | acc 98.7% | 3s elapsed | eta 3s
  step 300/391 | loss 0.0388 | acc 98.7% | 4s elapsed | eta 1s
Ep 171 | loss 0.0384 | task 0.0384 | train 98.7% | test 82.6% | 6s
  step 100/391 | loss 0.0353 | acc 98.8% | 2s elapsed | eta 5s
  step 200/391 | loss 0.0401 | acc 98.7% | 3s elapsed | eta 3s
  step 300/391 | loss 0.0398 | acc 98.7% | 4s elapsed | eta 1s
Ep 172 | loss 0.0399 | task 0.0399 | train 98.6% | test 82.7% | 6s
  step 100/391 | loss 0.0382 | acc 98.7% | 2s elapsed | eta 4s
  step 200/391 | loss 0.0381 | acc 98.7% | 3s elapsed | eta 3s
  step 300/391 | loss 0.0375 | acc 98.7% | 4s elapsed | eta 1s
Ep 173 | loss 0.0391 | task 0.0391 | train 98.7% | test 83.4% | 6s
  step 100/391 | loss 0.0371 | acc 98.8% | 2s elapsed | eta 4s
  step 200/391 | loss 0.0358 | acc 98.8% | 3s elapsed | eta 3s
  step 300/391 | loss 0.0362 | acc 98.8% | 4s elapsed | eta 1s
Ep 174 | loss 0.0361 | task 0.0361 | train 98.8% | test 82.6% | 6s
  step 100/391 | loss 0.0333 | acc 98.8% | 2s elapsed | eta 4s
  step 200/391 | loss 0.0379 | acc 98.7% | 3s elapsed | eta 3s
  step 300/391 | loss 0.0389 | acc 98.6% | 4s elapsed | eta 1s
Ep 175 | loss 0.0385 | task 0.0385 | train 98.7% | test 83.3% | 6s
  step 100/391 | loss 0.0374 | acc 98.8% | 2s elapsed | eta 4s
  step 200/391 | loss 0.0389 | acc 98.7% | 3s elapsed | eta 3s
  step 300/391 | loss 0.0366 | acc 98.8% | 4s elapsed | eta 1s
Ep 176 | loss 0.0376 | task 0.0376 | train 98.7% | test 82.9% | 6s
  step 100/391 | loss 0.0372 | acc 98.8% | 1s elapsed | eta 4s
  step 200/391 | loss 0.0361 | acc 98.8% | 3s elapsed | eta 3s
  step 300/391 | loss 0.0362 | acc 98.8% | 4s elapsed | eta 1s
Ep 177 | loss 0.0358 | task 0.0358 | train 98.8% | test 82.4% | 6s
  step 100/391 | loss 0.0395 | acc 98.6% | 2s elapsed | eta 4s
  step 200/391 | loss 0.0361 | acc 98.7% | 3s elapsed | eta 3s
  step 300/391 | loss 0.0351 | acc 98.8% | 4s elapsed | eta 1s
Ep 178 | loss 0.0359 | task 0.0359 | train 98.8% | test 82.5% | 6s
  step 100/391 | loss 0.0316 | acc 98.9% | 1s elapsed | eta 4s
  step 200/391 | loss 0.0324 | acc 98.9% | 3s elapsed | eta 3s
  step 300/391 | loss 0.0353 | acc 98.7% | 4s elapsed | eta 1s
Ep 179 | loss 0.0351 | task 0.0351 | train 98.8% | test 83.3% | 6s
  step 100/391 | loss 0.0315 | acc 98.9% | 2s elapsed | eta 5s
  step 200/391 | loss 0.0319 | acc 98.9% | 3s elapsed | eta 3s
  step 300/391 | loss 0.0318 | acc 98.9% | 4s elapsed | eta 1s
Ep 180 | loss 0.0324 | task 0.0324 | train 98.9% | test 82.4% | 6s
  step 100/391 | loss 0.0239 | acc 99.2% | 2s elapsed | eta 5s
  step 200/391 | loss 0.0305 | acc 99.0% | 3s elapsed | eta 3s
  step 300/391 | loss 0.0305 | acc 99.0% | 4s elapsed | eta 1s
Ep 181 | loss 0.0315 | task 0.0315 | train 98.9% | test 83.1% | 6s
  step 100/391 | loss 0.0309 | acc 99.0% | 1s elapsed | eta 4s
  step 200/391 | loss 0.0326 | acc 98.9% | 3s elapsed | eta 3s
  step 300/391 | loss 0.0325 | acc 98.9% | 4s elapsed | eta 1s
Ep 182 | loss 0.0328 | task 0.0328 | train 98.9% | test 82.7% | 6s
  step 100/391 | loss 0.0343 | acc 98.8% | 2s elapsed | eta 4s
  step 200/391 | loss 0.0329 | acc 98.9% | 3s elapsed | eta 3s
  step 300/391 | loss 0.0329 | acc 98.9% | 4s elapsed | eta 1s
Ep 183 | loss 0.0329 | task 0.0329 | train 98.9% | test 82.9% | 6s
  step 100/391 | loss 0.0349 | acc 98.8% | 1s elapsed | eta 4s
  step 200/391 | loss 0.0329 | acc 98.9% | 3s elapsed | eta 3s
  step 300/391 | loss 0.0321 | acc 98.9% | 4s elapsed | eta 1s
Ep 184 | loss 0.0325 | task 0.0325 | train 98.9% | test 83.1% | 6s
  step 100/391 | loss 0.0296 | acc 99.0% | 1s elapsed | eta 4s
  step 200/391 | loss 0.0303 | acc 98.9% | 3s elapsed | eta 3s
  step 300/391 | loss 0.0298 | acc 99.0% | 4s elapsed | eta 1s
Ep 185 | loss 0.0298 | task 0.0298 | train 99.0% | test 82.6% | 6s
  step 100/391 | loss 0.0296 | acc 98.9% | 2s elapsed | eta 4s
  step 200/391 | loss 0.0320 | acc 98.9% | 3s elapsed | eta 3s
  step 300/391 | loss 0.0325 | acc 98.9% | 4s elapsed | eta 1s
Ep 186 | loss 0.0329 | task 0.0329 | train 98.9% | test 82.4% | 6s
  step 100/391 | loss 0.0295 | acc 99.1% | 2s elapsed | eta 5s
  step 200/391 | loss 0.0300 | acc 99.1% | 3s elapsed | eta 3s
  step 300/391 | loss 0.0299 | acc 99.0% | 4s elapsed | eta 1s
Ep 187 | loss 0.0301 | task 0.0301 | train 99.0% | test 83.2% | 6s
  step 100/391 | loss 0.0261 | acc 99.1% | 1s elapsed | eta 4s
  step 200/391 | loss 0.0269 | acc 99.1% | 3s elapsed | eta 3s
  step 300/391 | loss 0.0292 | acc 99.0% | 4s elapsed | eta 1s
Ep 188 | loss 0.0291 | task 0.0291 | train 99.0% | test 82.3% | 6s
  step 100/391 | loss 0.0257 | acc 99.0% | 2s elapsed | eta 4s
  step 200/391 | loss 0.0275 | acc 99.0% | 3s elapsed | eta 3s
  step 300/391 | loss 0.0280 | acc 99.0% | 4s elapsed | eta 1s
Ep 189 | loss 0.0279 | task 0.0279 | train 99.0% | test 83.0% | 6s
  step 100/391 | loss 0.0253 | acc 99.1% | 1s elapsed | eta 4s
  step 200/391 | loss 0.0262 | acc 99.1% | 3s elapsed | eta 3s
  step 300/391 | loss 0.0272 | acc 99.1% | 4s elapsed | eta 1s
Ep 190 | loss 0.0288 | task 0.0288 | train 99.0% | test 83.1% | 6s
  step 100/391 | loss 0.0289 | acc 99.0% | 2s elapsed | eta 4s
  step 200/391 | loss 0.0274 | acc 99.0% | 3s elapsed | eta 3s
  step 300/391 | loss 0.0279 | acc 99.0% | 4s elapsed | eta 1s
Ep 191 | loss 0.0281 | task 0.0281 | train 99.0% | test 83.3% | 6s
  step 100/391 | loss 0.0290 | acc 99.1% | 1s elapsed | eta 4s
  step 200/391 | loss 0.0283 | acc 99.1% | 3s elapsed | eta 3s
  step 300/391 | loss 0.0265 | acc 99.1% | 4s elapsed | eta 1s
Ep 192 | loss 0.0274 | task 0.0274 | train 99.1% | test 83.0% | 6s
  step 100/391 | loss 0.0251 | acc 99.2% | 2s elapsed | eta 4s
  step 200/391 | loss 0.0257 | acc 99.1% | 3s elapsed | eta 3s
  step 300/391 | loss 0.0271 | acc 99.1% | 4s elapsed | eta 1s
Ep 193 | loss 0.0270 | task 0.0270 | train 99.1% | test 83.0% | 6s
  step 100/391 | loss 0.0213 | acc 99.3% | 1s elapsed | eta 4s
  step 200/391 | loss 0.0237 | acc 99.2% | 3s elapsed | eta 3s
  step 300/391 | loss 0.0245 | acc 99.2% | 4s elapsed | eta 1s
Ep 194 | loss 0.0245 | task 0.0245 | train 99.2% | test 83.1% | 6s
  step 100/391 | loss 0.0245 | acc 99.1% | 1s elapsed | eta 4s
  step 200/391 | loss 0.0238 | acc 99.2% | 3s elapsed | eta 3s
  step 300/391 | loss 0.0229 | acc 99.2% | 4s elapsed | eta 1s
Ep 195 | loss 0.0238 | task 0.0238 | train 99.2% | test 82.9% | 6s
  step 100/391 | loss 0.0256 | acc 99.2% | 2s elapsed | eta 4s
  step 200/391 | loss 0.0269 | acc 99.1% | 3s elapsed | eta 3s
  step 300/391 | loss 0.0262 | acc 99.1% | 4s elapsed | eta 1s
Ep 196 | loss 0.0257 | task 0.0257 | train 99.2% | test 83.1% | 6s
  step 100/391 | loss 0.0198 | acc 99.3% | 1s elapsed | eta 4s
  step 200/391 | loss 0.0222 | acc 99.2% | 3s elapsed | eta 3s
  step 300/391 | loss 0.0237 | acc 99.2% | 4s elapsed | eta 1s
Ep 197 | loss 0.0240 | task 0.0240 | train 99.2% | test 82.9% | 6s
  step 100/391 | loss 0.0217 | acc 99.2% | 2s elapsed | eta 5s
  step 200/391 | loss 0.0239 | acc 99.2% | 3s elapsed | eta 3s
  step 300/391 | loss 0.0239 | acc 99.1% | 4s elapsed | eta 1s
Ep 198 | loss 0.0252 | task 0.0252 | train 99.1% | test 83.4% | 6s
  step 100/391 | loss 0.0218 | acc 99.3% | 2s elapsed | eta 5s
  step 200/391 | loss 0.0203 | acc 99.3% | 3s elapsed | eta 3s
  step 300/391 | loss 0.0195 | acc 99.3% | 4s elapsed | eta 1s
Ep 199 | loss 0.0203 | task 0.0203 | train 99.3% | test 82.8% | 6s
  step 100/391 | loss 0.0218 | acc 99.2% | 1s elapsed | eta 4s
  step 200/391 | loss 0.0204 | acc 99.3% | 3s elapsed | eta 3s
  step 300/391 | loss 0.0213 | acc 99.3% | 4s elapsed | eta 1s
Ep 200 | loss 0.0220 | task 0.0220 | train 99.2% | test 83.0% | 6s
  step 100/391 | loss 0.0225 | acc 99.3% | 2s elapsed | eta 4s
  step 200/391 | loss 0.0204 | acc 99.3% | 3s elapsed | eta 3s
  step 300/391 | loss 0.0224 | acc 99.3% | 4s elapsed | eta 1s
Ep 201 | loss 0.0227 | task 0.0227 | train 99.2% | test 82.9% | 6s
  step 100/391 | loss 0.0212 | acc 99.3% | 2s elapsed | eta 4s
  step 200/391 | loss 0.0219 | acc 99.3% | 3s elapsed | eta 3s
  step 300/391 | loss 0.0208 | acc 99.3% | 4s elapsed | eta 1s
Ep 202 | loss 0.0207 | task 0.0207 | train 99.3% | test 83.3% | 6s
  step 100/391 | loss 0.0139 | acc 99.5% | 2s elapsed | eta 4s
  step 200/391 | loss 0.0172 | acc 99.4% | 3s elapsed | eta 3s
  step 300/391 | loss 0.0185 | acc 99.3% | 4s elapsed | eta 1s
Ep 203 | loss 0.0183 | task 0.0183 | train 99.4% | test 83.5% | 6s
  step 100/391 | loss 0.0187 | acc 99.4% | 2s elapsed | eta 4s
  step 200/391 | loss 0.0198 | acc 99.3% | 3s elapsed | eta 3s
  step 300/391 | loss 0.0192 | acc 99.3% | 4s elapsed | eta 1s
Ep 204 | loss 0.0186 | task 0.0186 | train 99.4% | test 83.2% | 6s
  step 100/391 | loss 0.0199 | acc 99.4% | 1s elapsed | eta 4s
  step 200/391 | loss 0.0213 | acc 99.3% | 3s elapsed | eta 3s
  step 300/391 | loss 0.0219 | acc 99.3% | 4s elapsed | eta 1s
Ep 205 | loss 0.0212 | task 0.0212 | train 99.3% | test 83.4% | 6s
  step 100/391 | loss 0.0186 | acc 99.4% | 2s elapsed | eta 4s
  step 200/391 | loss 0.0201 | acc 99.3% | 3s elapsed | eta 3s
  step 300/391 | loss 0.0195 | acc 99.3% | 4s elapsed | eta 1s
Ep 206 | loss 0.0198 | task 0.0198 | train 99.3% | test 83.3% | 6s
  step 100/391 | loss 0.0204 | acc 99.3% | 1s elapsed | eta 4s
  step 200/391 | loss 0.0219 | acc 99.2% | 3s elapsed | eta 3s
  step 300/391 | loss 0.0207 | acc 99.3% | 4s elapsed | eta 1s
Ep 207 | loss 0.0210 | task 0.0210 | train 99.3% | test 83.1% | 6s
  step 100/391 | loss 0.0176 | acc 99.4% | 2s elapsed | eta 4s
  step 200/391 | loss 0.0182 | acc 99.3% | 3s elapsed | eta 3s
  step 300/391 | loss 0.0177 | acc 99.4% | 4s elapsed | eta 1s
Ep 208 | loss 0.0173 | task 0.0173 | train 99.4% | test 83.3% | 6s
  step 100/391 | loss 0.0229 | acc 99.3% | 2s elapsed | eta 5s
  step 200/391 | loss 0.0198 | acc 99.4% | 3s elapsed | eta 3s
  step 300/391 | loss 0.0194 | acc 99.4% | 4s elapsed | eta 1s
Ep 209 | loss 0.0192 | task 0.0192 | train 99.4% | test 83.5% | 6s
  step 100/391 | loss 0.0168 | acc 99.5% | 1s elapsed | eta 4s
  step 200/391 | loss 0.0171 | acc 99.5% | 3s elapsed | eta 3s
  step 300/391 | loss 0.0170 | acc 99.4% | 4s elapsed | eta 1s
Ep 210 | loss 0.0166 | task 0.0166 | train 99.4% | test 83.5% | 6s
  step 100/391 | loss 0.0182 | acc 99.3% | 2s elapsed | eta 4s
  step 200/391 | loss 0.0157 | acc 99.4% | 3s elapsed | eta 3s
  step 300/391 | loss 0.0160 | acc 99.4% | 4s elapsed | eta 1s
Ep 211 | loss 0.0153 | task 0.0153 | train 99.5% | test 82.9% | 6s
  step 100/391 | loss 0.0188 | acc 99.5% | 1s elapsed | eta 4s
  step 200/391 | loss 0.0187 | acc 99.4% | 3s elapsed | eta 3s
  step 300/391 | loss 0.0185 | acc 99.4% | 4s elapsed | eta 1s
Ep 212 | loss 0.0186 | task 0.0186 | train 99.4% | test 83.0% | 6s
  step 100/391 | loss 0.0189 | acc 99.4% | 2s elapsed | eta 4s
  step 200/391 | loss 0.0180 | acc 99.4% | 3s elapsed | eta 3s
  step 300/391 | loss 0.0174 | acc 99.4% | 4s elapsed | eta 1s
Ep 213 | loss 0.0184 | task 0.0184 | train 99.4% | test 83.4% | 6s
  step 100/391 | loss 0.0173 | acc 99.3% | 1s elapsed | eta 4s
  step 200/391 | loss 0.0169 | acc 99.4% | 3s elapsed | eta 3s
  step 300/391 | loss 0.0173 | acc 99.4% | 4s elapsed | eta 1s
Ep 214 | loss 0.0170 | task 0.0170 | train 99.4% | test 83.5% | 6s
  step 100/391 | loss 0.0113 | acc 99.6% | 1s elapsed | eta 4s
  step 200/391 | loss 0.0135 | acc 99.5% | 3s elapsed | eta 3s
  step 300/391 | loss 0.0141 | acc 99.5% | 4s elapsed | eta 1s
Ep 215 | loss 0.0153 | task 0.0153 | train 99.5% | test 83.4% | 6s
  step 100/391 | loss 0.0162 | acc 99.5% | 2s elapsed | eta 4s
  step 200/391 | loss 0.0160 | acc 99.5% | 3s elapsed | eta 3s
  step 300/391 | loss 0.0160 | acc 99.5% | 4s elapsed | eta 1s
Ep 216 | loss 0.0154 | task 0.0154 | train 99.5% | test 83.5% | 6s
  step 100/391 | loss 0.0137 | acc 99.5% | 1s elapsed | eta 4s
  step 200/391 | loss 0.0149 | acc 99.5% | 3s elapsed | eta 3s
  step 300/391 | loss 0.0145 | acc 99.5% | 4s elapsed | eta 1s
Ep 217 | loss 0.0137 | task 0.0137 | train 99.5% | test 83.3% | 6s
  step 100/391 | loss 0.0172 | acc 99.4% | 2s elapsed | eta 5s
  step 200/391 | loss 0.0163 | acc 99.5% | 3s elapsed | eta 3s
  step 300/391 | loss 0.0157 | acc 99.5% | 4s elapsed | eta 1s
Ep 218 | loss 0.0147 | task 0.0147 | train 99.5% | test 83.2% | 6s
  step 100/391 | loss 0.0174 | acc 99.4% | 2s elapsed | eta 4s
  step 200/391 | loss 0.0173 | acc 99.4% | 3s elapsed | eta 3s
  step 300/391 | loss 0.0172 | acc 99.4% | 4s elapsed | eta 1s
Ep 219 | loss 0.0166 | task 0.0166 | train 99.4% | test 83.6% | 6s
  step 100/391 | loss 0.0132 | acc 99.5% | 2s elapsed | eta 5s
  step 200/391 | loss 0.0122 | acc 99.6% | 3s elapsed | eta 3s
  step 300/391 | loss 0.0135 | acc 99.5% | 4s elapsed | eta 1s
Ep 220 | loss 0.0134 | task 0.0134 | train 99.5% | test 83.4% | 6s
  step 100/391 | loss 0.0136 | acc 99.6% | 2s elapsed | eta 4s
  step 200/391 | loss 0.0128 | acc 99.6% | 3s elapsed | eta 3s
  step 300/391 | loss 0.0123 | acc 99.6% | 4s elapsed | eta 1s
Ep 221 | loss 0.0120 | task 0.0120 | train 99.6% | test 83.6% | 6s
  step 100/391 | loss 0.0091 | acc 99.7% | 2s elapsed | eta 5s
  step 200/391 | loss 0.0111 | acc 99.7% | 3s elapsed | eta 3s
  step 300/391 | loss 0.0113 | acc 99.6% | 5s elapsed | eta 1s
Ep 222 | loss 0.0120 | task 0.0120 | train 99.6% | test 83.2% | 7s
  step 100/391 | loss 0.0102 | acc 99.7% | 2s elapsed | eta 5s
  step 200/391 | loss 0.0103 | acc 99.6% | 3s elapsed | eta 3s
  step 300/391 | loss 0.0118 | acc 99.6% | 5s elapsed | eta 1s
Ep 223 | loss 0.0120 | task 0.0120 | train 99.6% | test 83.3% | 7s
  step 100/391 | loss 0.0093 | acc 99.7% | 2s elapsed | eta 5s
  step 200/391 | loss 0.0107 | acc 99.7% | 3s elapsed | eta 3s
  step 300/391 | loss 0.0104 | acc 99.7% | 5s elapsed | eta 1s
Ep 224 | loss 0.0113 | task 0.0113 | train 99.6% | test 83.5% | 7s
  step 100/391 | loss 0.0130 | acc 99.6% | 2s elapsed | eta 5s
  step 200/391 | loss 0.0118 | acc 99.6% | 3s elapsed | eta 3s
  step 300/391 | loss 0.0118 | acc 99.6% | 5s elapsed | eta 1s
Ep 225 | loss 0.0119 | task 0.0119 | train 99.6% | test 83.5% | 7s
  step 100/391 | loss 0.0095 | acc 99.7% | 2s elapsed | eta 5s
  step 200/391 | loss 0.0106 | acc 99.7% | 3s elapsed | eta 3s
  step 300/391 | loss 0.0108 | acc 99.6% | 5s elapsed | eta 1s
Ep 226 | loss 0.0108 | task 0.0108 | train 99.6% | test 83.8% | 7s
  step 100/391 | loss 0.0091 | acc 99.6% | 2s elapsed | eta 5s
  step 200/391 | loss 0.0101 | acc 99.6% | 3s elapsed | eta 3s
  step 300/391 | loss 0.0107 | acc 99.6% | 5s elapsed | eta 1s
Ep 227 | loss 0.0107 | task 0.0107 | train 99.6% | test 83.8% | 7s
  step 100/391 | loss 0.0106 | acc 99.6% | 2s elapsed | eta 5s
  step 200/391 | loss 0.0110 | acc 99.6% | 3s elapsed | eta 3s
  step 300/391 | loss 0.0110 | acc 99.6% | 5s elapsed | eta 1s
Ep 228 | loss 0.0110 | task 0.0110 | train 99.6% | test 83.4% | 7s
  step 100/391 | loss 0.0129 | acc 99.6% | 2s elapsed | eta 5s
  step 200/391 | loss 0.0112 | acc 99.6% | 3s elapsed | eta 3s
  step 300/391 | loss 0.0114 | acc 99.6% | 5s elapsed | eta 1s
Ep 229 | loss 0.0108 | task 0.0108 | train 99.6% | test 83.6% | 7s
  step 100/391 | loss 0.0113 | acc 99.7% | 2s elapsed | eta 5s
  step 200/391 | loss 0.0106 | acc 99.7% | 3s elapsed | eta 3s
  step 300/391 | loss 0.0105 | acc 99.7% | 5s elapsed | eta 1s
Ep 230 | loss 0.0098 | task 0.0098 | train 99.7% | test 83.4% | 7s
  step 100/391 | loss 0.0088 | acc 99.7% | 2s elapsed | eta 5s
  step 200/391 | loss 0.0094 | acc 99.7% | 3s elapsed | eta 3s
  step 300/391 | loss 0.0100 | acc 99.6% | 5s elapsed | eta 1s
Ep 231 | loss 0.0104 | task 0.0104 | train 99.6% | test 83.5% | 7s
  step 100/391 | loss 0.0078 | acc 99.7% | 2s elapsed | eta 5s
  step 200/391 | loss 0.0093 | acc 99.7% | 3s elapsed | eta 3s
  step 300/391 | loss 0.0103 | acc 99.6% | 5s elapsed | eta 1s
Ep 232 | loss 0.0104 | task 0.0104 | train 99.6% | test 83.3% | 7s
  step 100/391 | loss 0.0105 | acc 99.7% | 2s elapsed | eta 5s
  step 200/391 | loss 0.0093 | acc 99.7% | 3s elapsed | eta 3s
  step 300/391 | loss 0.0090 | acc 99.7% | 5s elapsed | eta 1s
Ep 233 | loss 0.0095 | task 0.0095 | train 99.7% | test 83.1% | 7s
  step 100/391 | loss 0.0082 | acc 99.7% | 2s elapsed | eta 5s
  step 200/391 | loss 0.0091 | acc 99.7% | 3s elapsed | eta 3s
  step 300/391 | loss 0.0100 | acc 99.6% | 5s elapsed | eta 1s
Ep 234 | loss 0.0091 | task 0.0091 | train 99.7% | test 83.5% | 7s
  step 100/391 | loss 0.0082 | acc 99.7% | 2s elapsed | eta 5s
  step 200/391 | loss 0.0091 | acc 99.7% | 3s elapsed | eta 3s
  step 300/391 | loss 0.0088 | acc 99.7% | 5s elapsed | eta 1s
Ep 235 | loss 0.0091 | task 0.0091 | train 99.7% | test 83.5% | 7s
  step 100/391 | loss 0.0076 | acc 99.8% | 2s elapsed | eta 5s
  step 200/391 | loss 0.0082 | acc 99.7% | 3s elapsed | eta 3s
  step 300/391 | loss 0.0092 | acc 99.7% | 5s elapsed | eta 1s
Ep 236 | loss 0.0091 | task 0.0091 | train 99.7% | test 83.7% | 7s
  step 100/391 | loss 0.0087 | acc 99.7% | 2s elapsed | eta 5s
  step 200/391 | loss 0.0084 | acc 99.7% | 3s elapsed | eta 3s
  step 300/391 | loss 0.0083 | acc 99.7% | 5s elapsed | eta 1s
Ep 237 | loss 0.0085 | task 0.0085 | train 99.7% | test 83.7% | 7s
  step 100/391 | loss 0.0092 | acc 99.7% | 2s elapsed | eta 5s
  step 200/391 | loss 0.0101 | acc 99.7% | 3s elapsed | eta 3s
  step 300/391 | loss 0.0102 | acc 99.7% | 5s elapsed | eta 1s
Ep 238 | loss 0.0097 | task 0.0097 | train 99.7% | test 83.5% | 7s
  step 100/391 | loss 0.0068 | acc 99.8% | 2s elapsed | eta 5s
  step 200/391 | loss 0.0072 | acc 99.8% | 3s elapsed | eta 3s
  step 300/391 | loss 0.0075 | acc 99.7% | 5s elapsed | eta 1s
Ep 239 | loss 0.0077 | task 0.0077 | train 99.7% | test 83.4% | 7s
  step 100/391 | loss 0.0073 | acc 99.7% | 2s elapsed | eta 5s
  step 200/391 | loss 0.0075 | acc 99.7% | 3s elapsed | eta 3s
  step 300/391 | loss 0.0078 | acc 99.7% | 5s elapsed | eta 1s
Ep 240 | loss 0.0079 | task 0.0079 | train 99.7% | test 83.5% | 7s
  step 100/391 | loss 0.0102 | acc 99.6% | 2s elapsed | eta 5s
  step 200/391 | loss 0.0078 | acc 99.7% | 3s elapsed | eta 3s
  step 300/391 | loss 0.0087 | acc 99.7% | 5s elapsed | eta 1s
Ep 241 | loss 0.0086 | task 0.0086 | train 99.7% | test 83.3% | 7s
  step 100/391 | loss 0.0082 | acc 99.7% | 2s elapsed | eta 5s
  step 200/391 | loss 0.0079 | acc 99.7% | 3s elapsed | eta 3s
  step 300/391 | loss 0.0078 | acc 99.7% | 5s elapsed | eta 1s
Ep 242 | loss 0.0079 | task 0.0079 | train 99.7% | test 83.6% | 7s
  step 100/391 | loss 0.0091 | acc 99.8% | 2s elapsed | eta 5s
  step 200/391 | loss 0.0089 | acc 99.7% | 3s elapsed | eta 3s
  step 300/391 | loss 0.0083 | acc 99.7% | 5s elapsed | eta 1s
Ep 243 | loss 0.0081 | task 0.0081 | train 99.7% | test 83.6% | 7s
  step 100/391 | loss 0.0076 | acc 99.7% | 2s elapsed | eta 5s
  step 200/391 | loss 0.0068 | acc 99.8% | 3s elapsed | eta 3s
  step 300/391 | loss 0.0065 | acc 99.8% | 5s elapsed | eta 1s
Ep 244 | loss 0.0064 | task 0.0064 | train 99.8% | test 83.4% | 7s
  step 100/391 | loss 0.0053 | acc 99.8% | 2s elapsed | eta 5s
  step 200/391 | loss 0.0060 | acc 99.8% | 3s elapsed | eta 3s
  step 300/391 | loss 0.0058 | acc 99.8% | 5s elapsed | eta 1s
Ep 245 | loss 0.0057 | task 0.0057 | train 99.8% | test 83.7% | 7s
  step 100/391 | loss 0.0066 | acc 99.8% | 2s elapsed | eta 5s
  step 200/391 | loss 0.0072 | acc 99.8% | 3s elapsed | eta 3s
  step 300/391 | loss 0.0072 | acc 99.8% | 5s elapsed | eta 1s
Ep 246 | loss 0.0071 | task 0.0071 | train 99.8% | test 84.0% | 7s
  step 100/391 | loss 0.0052 | acc 99.9% | 2s elapsed | eta 5s
  step 200/391 | loss 0.0059 | acc 99.9% | 3s elapsed | eta 3s
  step 300/391 | loss 0.0055 | acc 99.8% | 5s elapsed | eta 1s
Ep 247 | loss 0.0058 | task 0.0058 | train 99.8% | test 83.8% | 7s
  step 100/391 | loss 0.0062 | acc 99.8% | 2s elapsed | eta 5s
  step 200/391 | loss 0.0068 | acc 99.8% | 3s elapsed | eta 3s
  step 300/391 | loss 0.0060 | acc 99.8% | 5s elapsed | eta 1s
Ep 248 | loss 0.0061 | task 0.0061 | train 99.8% | test 83.8% | 7s
  step 100/391 | loss 0.0045 | acc 99.9% | 2s elapsed | eta 5s
  step 200/391 | loss 0.0054 | acc 99.8% | 3s elapsed | eta 3s
  step 300/391 | loss 0.0057 | acc 99.8% | 5s elapsed | eta 1s
Ep 249 | loss 0.0056 | task 0.0056 | train 99.8% | test 83.8% | 7s
  step 100/391 | loss 0.0045 | acc 99.8% | 2s elapsed | eta 5s
  step 200/391 | loss 0.0047 | acc 99.8% | 3s elapsed | eta 3s
  step 300/391 | loss 0.0054 | acc 99.8% | 5s elapsed | eta 1s
Ep 250 | loss 0.0053 | task 0.0053 | train 99.8% | test 83.3% | 7s
  step 100/391 | loss 0.0063 | acc 99.8% | 2s elapsed | eta 5s
  step 200/391 | loss 0.0052 | acc 99.8% | 3s elapsed | eta 3s
  step 300/391 | loss 0.0048 | acc 99.8% | 5s elapsed | eta 1s
Ep 251 | loss 0.0051 | task 0.0051 | train 99.8% | test 83.9% | 7s
  step 100/391 | loss 0.0061 | acc 99.8% | 2s elapsed | eta 5s
  step 200/391 | loss 0.0060 | acc 99.8% | 3s elapsed | eta 3s
  step 300/391 | loss 0.0056 | acc 99.8% | 5s elapsed | eta 1s
Ep 252 | loss 0.0049 | task 0.0049 | train 99.8% | test 83.6% | 7s
  step 100/391 | loss 0.0059 | acc 99.8% | 2s elapsed | eta 5s
  step 200/391 | loss 0.0051 | acc 99.8% | 3s elapsed | eta 3s
  step 300/391 | loss 0.0051 | acc 99.8% | 5s elapsed | eta 1s
Ep 253 | loss 0.0050 | task 0.0050 | train 99.8% | test 83.6% | 7s
  step 100/391 | loss 0.0035 | acc 99.9% | 2s elapsed | eta 5s
  step 200/391 | loss 0.0044 | acc 99.9% | 3s elapsed | eta 3s
  step 300/391 | loss 0.0046 | acc 99.8% | 5s elapsed | eta 1s
Ep 254 | loss 0.0045 | task 0.0045 | train 99.8% | test 83.6% | 7s
  step 100/391 | loss 0.0038 | acc 99.9% | 2s elapsed | eta 5s
  step 200/391 | loss 0.0036 | acc 99.9% | 3s elapsed | eta 3s
  step 300/391 | loss 0.0042 | acc 99.8% | 5s elapsed | eta 1s
Ep 255 | loss 0.0044 | task 0.0044 | train 99.8% | test 83.7% | 7s
  step 100/391 | loss 0.0036 | acc 99.9% | 2s elapsed | eta 5s
  step 200/391 | loss 0.0035 | acc 99.9% | 3s elapsed | eta 3s
  step 300/391 | loss 0.0040 | acc 99.9% | 5s elapsed | eta 1s
Ep 256 | loss 0.0039 | task 0.0039 | train 99.9% | test 83.6% | 7s
  step 100/391 | loss 0.0049 | acc 99.8% | 2s elapsed | eta 5s
  step 200/391 | loss 0.0054 | acc 99.8% | 3s elapsed | eta 3s
  step 300/391 | loss 0.0057 | acc 99.8% | 5s elapsed | eta 1s
Ep 257 | loss 0.0051 | task 0.0051 | train 99.8% | test 83.6% | 7s
  step 100/391 | loss 0.0042 | acc 99.8% | 2s elapsed | eta 5s
  step 200/391 | loss 0.0039 | acc 99.9% | 3s elapsed | eta 3s
  step 300/391 | loss 0.0036 | acc 99.9% | 5s elapsed | eta 1s
Ep 258 | loss 0.0042 | task 0.0042 | train 99.9% | test 83.9% | 7s
  step 100/391 | loss 0.0041 | acc 99.8% | 2s elapsed | eta 5s
  step 200/391 | loss 0.0037 | acc 99.9% | 3s elapsed | eta 3s
  step 300/391 | loss 0.0046 | acc 99.8% | 5s elapsed | eta 1s
Ep 259 | loss 0.0049 | task 0.0049 | train 99.8% | test 83.8% | 7s
  step 100/391 | loss 0.0031 | acc 99.9% | 2s elapsed | eta 5s
  step 200/391 | loss 0.0032 | acc 99.9% | 3s elapsed | eta 3s
  step 300/391 | loss 0.0032 | acc 99.9% | 5s elapsed | eta 1s
Ep 260 | loss 0.0032 | task 0.0032 | train 99.9% | test 83.8% | 7s
  step 100/391 | loss 0.0045 | acc 99.9% | 2s elapsed | eta 5s
  step 200/391 | loss 0.0038 | acc 99.9% | 3s elapsed | eta 3s
  step 300/391 | loss 0.0039 | acc 99.9% | 5s elapsed | eta 1s
Ep 261 | loss 0.0041 | task 0.0041 | train 99.9% | test 83.9% | 7s
  step 100/391 | loss 0.0040 | acc 99.9% | 2s elapsed | eta 5s
  step 200/391 | loss 0.0041 | acc 99.9% | 3s elapsed | eta 3s
  step 300/391 | loss 0.0033 | acc 99.9% | 5s elapsed | eta 1s
Ep 262 | loss 0.0035 | task 0.0035 | train 99.9% | test 84.0% | 7s
  step 100/391 | loss 0.0051 | acc 99.8% | 2s elapsed | eta 5s
  step 200/391 | loss 0.0040 | acc 99.9% | 3s elapsed | eta 3s
  step 300/391 | loss 0.0040 | acc 99.9% | 5s elapsed | eta 1s
Ep 263 | loss 0.0043 | task 0.0043 | train 99.9% | test 84.0% | 7s
  step 100/391 | loss 0.0043 | acc 99.9% | 2s elapsed | eta 5s
  step 200/391 | loss 0.0035 | acc 99.9% | 3s elapsed | eta 3s
  step 300/391 | loss 0.0035 | acc 99.9% | 5s elapsed | eta 1s
Ep 264 | loss 0.0033 | task 0.0033 | train 99.9% | test 83.8% | 7s
  step 100/391 | loss 0.0034 | acc 99.9% | 2s elapsed | eta 5s
  step 200/391 | loss 0.0035 | acc 99.9% | 3s elapsed | eta 3s
  step 300/391 | loss 0.0035 | acc 99.9% | 5s elapsed | eta 1s
Ep 265 | loss 0.0033 | task 0.0033 | train 99.9% | test 83.6% | 7s
  step 100/391 | loss 0.0035 | acc 99.9% | 2s elapsed | eta 5s
  step 200/391 | loss 0.0039 | acc 99.9% | 3s elapsed | eta 3s
  step 300/391 | loss 0.0041 | acc 99.9% | 5s elapsed | eta 1s
Ep 266 | loss 0.0039 | task 0.0039 | train 99.9% | test 83.8% | 7s
  step 100/391 | loss 0.0055 | acc 99.9% | 2s elapsed | eta 5s
  step 200/391 | loss 0.0046 | acc 99.9% | 3s elapsed | eta 3s
  step 300/391 | loss 0.0041 | acc 99.9% | 5s elapsed | eta 1s
Ep 267 | loss 0.0037 | task 0.0037 | train 99.9% | test 84.0% | 7s
  step 100/391 | loss 0.0027 | acc 99.9% | 2s elapsed | eta 5s
  step 200/391 | loss 0.0036 | acc 99.9% | 3s elapsed | eta 3s
  step 300/391 | loss 0.0033 | acc 99.9% | 5s elapsed | eta 1s
Ep 268 | loss 0.0033 | task 0.0033 | train 99.9% | test 83.9% | 7s
  step 100/391 | loss 0.0033 | acc 99.9% | 2s elapsed | eta 5s
  step 200/391 | loss 0.0028 | acc 99.9% | 3s elapsed | eta 3s
  step 300/391 | loss 0.0032 | acc 99.9% | 5s elapsed | eta 1s
Ep 269 | loss 0.0031 | task 0.0031 | train 99.9% | test 83.9% | 7s
  step 100/391 | loss 0.0025 | acc 99.9% | 2s elapsed | eta 5s
  step 200/391 | loss 0.0026 | acc 99.9% | 3s elapsed | eta 3s
  step 300/391 | loss 0.0029 | acc 99.9% | 5s elapsed | eta 1s
Ep 270 | loss 0.0027 | task 0.0027 | train 99.9% | test 83.9% | 7s
  step 100/391 | loss 0.0026 | acc 99.9% | 2s elapsed | eta 5s
  step 200/391 | loss 0.0028 | acc 99.9% | 3s elapsed | eta 3s
  step 300/391 | loss 0.0030 | acc 99.9% | 5s elapsed | eta 1s
Ep 271 | loss 0.0031 | task 0.0031 | train 99.9% | test 84.0% | 7s
  step 100/391 | loss 0.0027 | acc 99.9% | 2s elapsed | eta 5s
  step 200/391 | loss 0.0029 | acc 99.9% | 3s elapsed | eta 3s
  step 300/391 | loss 0.0026 | acc 99.9% | 5s elapsed | eta 1s
Ep 272 | loss 0.0025 | task 0.0025 | train 99.9% | test 83.8% | 7s
  step 100/391 | loss 0.0018 | acc 99.9% | 2s elapsed | eta 5s
  step 200/391 | loss 0.0022 | acc 99.9% | 3s elapsed | eta 3s
  step 300/391 | loss 0.0025 | acc 99.9% | 5s elapsed | eta 1s
Ep 273 | loss 0.0026 | task 0.0026 | train 99.9% | test 83.9% | 7s
  step 100/391 | loss 0.0026 | acc 99.9% | 2s elapsed | eta 5s
  step 200/391 | loss 0.0029 | acc 99.9% | 3s elapsed | eta 3s
  step 300/391 | loss 0.0031 | acc 99.9% | 5s elapsed | eta 1s
Ep 274 | loss 0.0032 | task 0.0032 | train 99.9% | test 83.9% | 7s
  step 100/391 | loss 0.0015 | acc 100.0% | 2s elapsed | eta 5s
  step 200/391 | loss 0.0022 | acc 99.9% | 3s elapsed | eta 3s
  step 300/391 | loss 0.0023 | acc 99.9% | 5s elapsed | eta 1s
Ep 275 | loss 0.0021 | task 0.0021 | train 99.9% | test 83.8% | 7s
  step 100/391 | loss 0.0014 | acc 99.9% | 2s elapsed | eta 5s
  step 200/391 | loss 0.0018 | acc 99.9% | 3s elapsed | eta 3s
  step 300/391 | loss 0.0024 | acc 99.9% | 5s elapsed | eta 1s
Ep 276 | loss 0.0024 | task 0.0024 | train 99.9% | test 83.8% | 7s
  step 100/391 | loss 0.0034 | acc 99.9% | 2s elapsed | eta 5s
  step 200/391 | loss 0.0025 | acc 99.9% | 3s elapsed | eta 3s
  step 300/391 | loss 0.0025 | acc 99.9% | 5s elapsed | eta 1s
Ep 277 | loss 0.0024 | task 0.0024 | train 99.9% | test 83.9% | 7s
  step 100/391 | loss 0.0023 | acc 99.9% | 2s elapsed | eta 5s
  step 200/391 | loss 0.0018 | acc 99.9% | 3s elapsed | eta 3s
  step 300/391 | loss 0.0021 | acc 99.9% | 5s elapsed | eta 1s
Ep 278 | loss 0.0021 | task 0.0021 | train 99.9% | test 84.0% | 7s
  step 100/391 | loss 0.0019 | acc 99.9% | 2s elapsed | eta 5s
  step 200/391 | loss 0.0020 | acc 99.9% | 3s elapsed | eta 3s
  step 300/391 | loss 0.0019 | acc 99.9% | 5s elapsed | eta 1s
Ep 279 | loss 0.0021 | task 0.0021 | train 99.9% | test 84.0% | 7s
  step 100/391 | loss 0.0017 | acc 99.9% | 2s elapsed | eta 5s
  step 200/391 | loss 0.0022 | acc 99.9% | 3s elapsed | eta 3s
  step 300/391 | loss 0.0024 | acc 99.9% | 5s elapsed | eta 1s
Ep 280 | loss 0.0024 | task 0.0024 | train 99.9% | test 83.9% | 7s
  step 100/391 | loss 0.0018 | acc 99.9% | 2s elapsed | eta 5s
  step 200/391 | loss 0.0019 | acc 99.9% | 3s elapsed | eta 3s
  step 300/391 | loss 0.0021 | acc 99.9% | 5s elapsed | eta 1s
Ep 281 | loss 0.0019 | task 0.0019 | train 99.9% | test 84.0% | 7s
  step 100/391 | loss 0.0016 | acc 100.0% | 2s elapsed | eta 5s
  step 200/391 | loss 0.0015 | acc 100.0% | 3s elapsed | eta 3s
  step 300/391 | loss 0.0017 | acc 99.9% | 5s elapsed | eta 1s
Ep 282 | loss 0.0019 | task 0.0019 | train 99.9% | test 84.0% | 7s
  step 100/391 | loss 0.0020 | acc 99.9% | 2s elapsed | eta 5s
  step 200/391 | loss 0.0017 | acc 99.9% | 3s elapsed | eta 3s
  step 300/391 | loss 0.0020 | acc 99.9% | 5s elapsed | eta 1s
Ep 283 | loss 0.0021 | task 0.0021 | train 99.9% | test 84.0% | 7s
  step 100/391 | loss 0.0025 | acc 99.9% | 2s elapsed | eta 5s
  step 200/391 | loss 0.0021 | acc 99.9% | 3s elapsed | eta 3s
  step 300/391 | loss 0.0026 | acc 99.9% | 5s elapsed | eta 1s
Ep 284 | loss 0.0026 | task 0.0026 | train 99.9% | test 84.0% | 7s
  step 100/391 | loss 0.0017 | acc 99.9% | 2s elapsed | eta 5s
  step 200/391 | loss 0.0021 | acc 99.9% | 3s elapsed | eta 3s
  step 300/391 | loss 0.0020 | acc 99.9% | 5s elapsed | eta 1s
Ep 285 | loss 0.0021 | task 0.0021 | train 99.9% | test 84.0% | 7s
  step 100/391 | loss 0.0034 | acc 99.9% | 2s elapsed | eta 5s
  step 200/391 | loss 0.0034 | acc 99.9% | 3s elapsed | eta 3s
  step 300/391 | loss 0.0030 | acc 99.9% | 5s elapsed | eta 1s
Ep 286 | loss 0.0028 | task 0.0028 | train 99.9% | test 84.0% | 7s
  step 100/391 | loss 0.0035 | acc 99.9% | 2s elapsed | eta 5s
  step 200/391 | loss 0.0028 | acc 99.9% | 3s elapsed | eta 3s
  step 300/391 | loss 0.0028 | acc 99.9% | 5s elapsed | eta 1s
Ep 287 | loss 0.0029 | task 0.0029 | train 99.9% | test 83.9% | 7s
  step 100/391 | loss 0.0019 | acc 99.9% | 2s elapsed | eta 5s
  step 200/391 | loss 0.0030 | acc 99.9% | 3s elapsed | eta 3s
  step 300/391 | loss 0.0026 | acc 99.9% | 5s elapsed | eta 1s
Ep 288 | loss 0.0025 | task 0.0025 | train 99.9% | test 84.0% | 7s
  step 100/391 | loss 0.0012 | acc 100.0% | 2s elapsed | eta 5s
  step 200/391 | loss 0.0017 | acc 99.9% | 3s elapsed | eta 3s
  step 300/391 | loss 0.0016 | acc 100.0% | 5s elapsed | eta 1s
Ep 289 | loss 0.0016 | task 0.0016 | train 100.0% | test 84.1% | 7s
  step 100/391 | loss 0.0030 | acc 99.9% | 2s elapsed | eta 5s
  step 200/391 | loss 0.0025 | acc 99.9% | 3s elapsed | eta 3s
  step 300/391 | loss 0.0022 | acc 99.9% | 5s elapsed | eta 1s
Ep 290 | loss 0.0024 | task 0.0024 | train 99.9% | test 84.0% | 7s
  step 100/391 | loss 0.0020 | acc 99.9% | 2s elapsed | eta 5s
  step 200/391 | loss 0.0021 | acc 99.9% | 3s elapsed | eta 3s
  step 300/391 | loss 0.0021 | acc 99.9% | 5s elapsed | eta 1s
Ep 291 | loss 0.0019 | task 0.0019 | train 99.9% | test 84.0% | 7s
  step 100/391 | loss 0.0013 | acc 100.0% | 2s elapsed | eta 5s
  step 200/391 | loss 0.0012 | acc 100.0% | 3s elapsed | eta 3s
  step 300/391 | loss 0.0016 | acc 99.9% | 5s elapsed | eta 1s
Ep 292 | loss 0.0015 | task 0.0015 | train 99.9% | test 84.0% | 7s
  step 100/391 | loss 0.0011 | acc 100.0% | 2s elapsed | eta 5s
  step 200/391 | loss 0.0015 | acc 100.0% | 3s elapsed | eta 3s
  step 300/391 | loss 0.0016 | acc 99.9% | 5s elapsed | eta 1s
Ep 293 | loss 0.0017 | task 0.0017 | train 99.9% | test 84.0% | 7s
  step 100/391 | loss 0.0013 | acc 99.9% | 2s elapsed | eta 5s
  step 200/391 | loss 0.0016 | acc 99.9% | 3s elapsed | eta 3s
  step 300/391 | loss 0.0018 | acc 99.9% | 5s elapsed | eta 1s
Ep 294 | loss 0.0019 | task 0.0019 | train 99.9% | test 84.0% | 7s
  step 100/391 | loss 0.0024 | acc 99.9% | 2s elapsed | eta 5s
  step 200/391 | loss 0.0024 | acc 99.9% | 3s elapsed | eta 3s
  step 300/391 | loss 0.0023 | acc 99.9% | 5s elapsed | eta 1s
Ep 295 | loss 0.0022 | task 0.0022 | train 99.9% | test 84.0% | 7s
  step 100/391 | loss 0.0034 | acc 99.9% | 2s elapsed | eta 5s
  step 200/391 | loss 0.0027 | acc 99.9% | 3s elapsed | eta 3s
  step 300/391 | loss 0.0026 | acc 99.9% | 5s elapsed | eta 1s
Ep 296 | loss 0.0024 | task 0.0024 | train 99.9% | test 84.0% | 7s
  step 100/391 | loss 0.0019 | acc 99.9% | 2s elapsed | eta 5s
  step 200/391 | loss 0.0020 | acc 99.9% | 3s elapsed | eta 3s
  step 300/391 | loss 0.0017 | acc 99.9% | 5s elapsed | eta 1s
Ep 297 | loss 0.0022 | task 0.0022 | train 99.9% | test 84.0% | 7s
  step 100/391 | loss 0.0018 | acc 99.9% | 2s elapsed | eta 5s
  step 200/391 | loss 0.0018 | acc 99.9% | 3s elapsed | eta 3s
  step 300/391 | loss 0.0022 | acc 99.9% | 5s elapsed | eta 1s
Ep 298 | loss 0.0020 | task 0.0020 | train 99.9% | test 83.9% | 7s
  step 100/391 | loss 0.0010 | acc 100.0% | 2s elapsed | eta 5s
  step 200/391 | loss 0.0015 | acc 100.0% | 3s elapsed | eta 3s
  step 300/391 | loss 0.0015 | acc 100.0% | 5s elapsed | eta 1s
Ep 299 | loss 0.0017 | task 0.0017 | train 99.9% | test 83.9% | 7s
  step 100/391 | loss 0.0014 | acc 100.0% | 2s elapsed | eta 5s
  step 200/391 | loss 0.0016 | acc 100.0% | 3s elapsed | eta 3s
  step 300/391 | loss 0.0021 | acc 99.9% | 5s elapsed | eta 1s
Ep 300 | loss 0.0023 | task 0.0023 | train 99.9% | test 83.9% | 7s
Saved checkpoint to models/base_plain_K8_d01_300ep.pt
