/home/ec2-user/dev/ugh/.venv/lib/python3.13/site-packages/torchvision/datasets/cifar.py:83: VisibleDeprecationWarning: dtype(): align should be passed as Python or NumPy boolean but got `align=0`. Did you mean to pass a tuple to create a subarray type? (Deprecated NumPy 2.4)
  entry = pickle.load(f, encoding="latin1")
Model: baseline | Params: 1,803,850 | K=4 | blocks/unit=-
----------------------------------------------------------------------
  step 100/391 | loss 1.9657 | acc 26.9% | 2s elapsed | eta 7s
  step 200/391 | loss 1.8628 | acc 30.4% | 4s elapsed | eta 4s
  step 300/391 | loss 1.7848 | acc 33.4% | 5s elapsed | eta 2s
Ep   1 | loss 1.7313 | task 1.7313 | train 35.5% | test 43.4% | 8s
  step 100/391 | loss 1.4908 | acc 45.5% | 2s elapsed | eta 6s
  step 200/391 | loss 1.4592 | acc 46.7% | 4s elapsed | eta 4s
  step 300/391 | loss 1.4403 | acc 47.5% | 6s elapsed | eta 2s
Ep   2 | loss 1.4132 | task 1.4132 | train 48.5% | test 52.0% | 9s
  step 100/391 | loss 1.2995 | acc 52.9% | 3s elapsed | eta 8s
  step 200/391 | loss 1.2946 | acc 52.8% | 5s elapsed | eta 4s
  step 300/391 | loss 1.2721 | acc 53.6% | 6s elapsed | eta 2s
Ep   3 | loss 1.2548 | task 1.2548 | train 54.4% | test 56.9% | 9s
  step 100/391 | loss 1.1712 | acc 57.6% | 1s elapsed | eta 4s
  step 200/391 | loss 1.1739 | acc 57.6% | 3s elapsed | eta 3s
  step 300/391 | loss 1.1620 | acc 58.1% | 4s elapsed | eta 1s
Ep   4 | loss 1.1591 | task 1.1591 | train 58.3% | test 60.0% | 6s
  step 100/391 | loss 1.1172 | acc 59.6% | 1s elapsed | eta 4s
  step 200/391 | loss 1.1028 | acc 60.3% | 3s elapsed | eta 2s
  step 300/391 | loss 1.0985 | acc 60.3% | 4s elapsed | eta 1s
Ep   5 | loss 1.0920 | task 1.0920 | train 60.5% | test 61.2% | 6s
  step 100/391 | loss 1.0327 | acc 62.8% | 2s elapsed | eta 6s
  step 200/391 | loss 1.0324 | acc 62.7% | 4s elapsed | eta 4s
  step 300/391 | loss 1.0287 | acc 63.0% | 7s elapsed | eta 2s
Ep   6 | loss 1.0265 | task 1.0265 | train 62.9% | test 64.2% | 10s
  step 100/391 | loss 0.9829 | acc 64.5% | 2s elapsed | eta 7s
  step 200/391 | loss 0.9778 | acc 64.8% | 4s elapsed | eta 4s
  step 300/391 | loss 0.9765 | acc 65.0% | 6s elapsed | eta 2s
Ep   7 | loss 0.9733 | task 0.9733 | train 65.1% | test 66.4% | 8s
  step 100/391 | loss 0.9451 | acc 66.3% | 2s elapsed | eta 4s
  step 200/391 | loss 0.9386 | acc 66.5% | 3s elapsed | eta 3s
  step 300/391 | loss 0.9279 | acc 67.0% | 4s elapsed | eta 1s
Ep   8 | loss 0.9244 | task 0.9244 | train 67.1% | test 66.5% | 7s
  step 100/391 | loss 0.8957 | acc 67.5% | 2s elapsed | eta 5s
  step 200/391 | loss 0.8923 | acc 67.9% | 3s elapsed | eta 3s
  step 300/391 | loss 0.8892 | acc 67.9% | 5s elapsed | eta 1s
Ep   9 | loss 0.8847 | task 0.8847 | train 68.3% | test 68.4% | 7s
  step 100/391 | loss 0.8348 | acc 70.6% | 2s elapsed | eta 5s
  step 200/391 | loss 0.8369 | acc 70.2% | 3s elapsed | eta 3s
  step 300/391 | loss 0.8438 | acc 69.9% | 5s elapsed | eta 1s
Ep  10 | loss 0.8447 | task 0.8447 | train 69.9% | test 69.7% | 8s
  step 100/391 | loss 0.8141 | acc 70.5% | 2s elapsed | eta 7s
  step 200/391 | loss 0.8085 | acc 71.1% | 4s elapsed | eta 4s
  step 300/391 | loss 0.8075 | acc 71.2% | 6s elapsed | eta 2s
Ep  11 | loss 0.8083 | task 0.8083 | train 71.2% | test 71.8% | 9s
  step 100/391 | loss 0.7772 | acc 72.5% | 1s elapsed | eta 4s
  step 200/391 | loss 0.7796 | acc 72.3% | 3s elapsed | eta 3s
  step 300/391 | loss 0.7821 | acc 72.3% | 4s elapsed | eta 1s
Ep  12 | loss 0.7780 | task 0.7780 | train 72.4% | test 72.8% | 6s
  step 100/391 | loss 0.7451 | acc 73.9% | 1s elapsed | eta 4s
  step 200/391 | loss 0.7472 | acc 73.6% | 3s elapsed | eta 2s
  step 300/391 | loss 0.7469 | acc 73.4% | 4s elapsed | eta 1s
Ep  13 | loss 0.7453 | task 0.7453 | train 73.4% | test 72.5% | 6s
  step 100/391 | loss 0.7069 | acc 75.0% | 2s elapsed | eta 4s
  step 200/391 | loss 0.7173 | acc 74.6% | 3s elapsed | eta 3s
  step 300/391 | loss 0.7209 | acc 74.6% | 4s elapsed | eta 1s
Ep  14 | loss 0.7198 | task 0.7198 | train 74.6% | test 72.0% | 7s
  step 100/391 | loss 0.6891 | acc 75.6% | 2s elapsed | eta 6s
  step 200/391 | loss 0.6932 | acc 75.5% | 4s elapsed | eta 4s
  step 300/391 | loss 0.6903 | acc 75.6% | 6s elapsed | eta 2s
Ep  15 | loss 0.6907 | task 0.6907 | train 75.6% | test 74.1% | 9s
  step 100/391 | loss 0.6603 | acc 76.1% | 1s elapsed | eta 4s
  step 200/391 | loss 0.6649 | acc 76.1% | 2s elapsed | eta 2s
  step 300/391 | loss 0.6646 | acc 76.2% | 4s elapsed | eta 1s
Ep  16 | loss 0.6646 | task 0.6646 | train 76.1% | test 74.0% | 6s
  step 100/391 | loss 0.6352 | acc 77.5% | 1s elapsed | eta 4s
  step 200/391 | loss 0.6374 | acc 77.4% | 2s elapsed | eta 2s
  step 300/391 | loss 0.6363 | acc 77.4% | 3s elapsed | eta 1s
Ep  17 | loss 0.6386 | task 0.6386 | train 77.3% | test 75.2% | 5s
  step 100/391 | loss 0.6103 | acc 78.2% | 2s elapsed | eta 5s
  step 200/391 | loss 0.6181 | acc 78.1% | 3s elapsed | eta 3s
  step 300/391 | loss 0.6138 | acc 78.2% | 5s elapsed | eta 2s
Ep  18 | loss 0.6160 | task 0.6160 | train 78.2% | test 75.5% | 8s
  step 100/391 | loss 0.5845 | acc 79.2% | 2s elapsed | eta 6s
  step 200/391 | loss 0.5884 | acc 79.2% | 4s elapsed | eta 4s
  step 300/391 | loss 0.5895 | acc 79.1% | 6s elapsed | eta 2s
Ep  19 | loss 0.5942 | task 0.5942 | train 78.9% | test 76.1% | 9s
  step 100/391 | loss 0.5589 | acc 80.2% | 1s elapsed | eta 4s
  step 200/391 | loss 0.5664 | acc 79.9% | 3s elapsed | eta 3s
  step 300/391 | loss 0.5709 | acc 79.8% | 4s elapsed | eta 1s
Ep  20 | loss 0.5736 | task 0.5736 | train 79.8% | test 76.6% | 6s
  step 100/391 | loss 0.5466 | acc 80.3% | 2s elapsed | eta 4s
  step 200/391 | loss 0.5401 | acc 80.8% | 3s elapsed | eta 2s
  step 300/391 | loss 0.5464 | acc 80.7% | 4s elapsed | eta 1s
Ep  21 | loss 0.5527 | task 0.5527 | train 80.4% | test 76.3% | 6s
  step 100/391 | loss 0.5165 | acc 81.4% | 2s elapsed | eta 6s
  step 200/391 | loss 0.5245 | acc 81.3% | 4s elapsed | eta 4s
  step 300/391 | loss 0.5266 | acc 81.3% | 6s elapsed | eta 2s
Ep  22 | loss 0.5313 | task 0.5313 | train 81.2% | test 76.7% | 9s
  step 100/391 | loss 0.5101 | acc 81.5% | 2s elapsed | eta 6s
  step 200/391 | loss 0.5103 | acc 81.6% | 4s elapsed | eta 4s
  step 300/391 | loss 0.5133 | acc 81.6% | 6s elapsed | eta 2s
Ep  23 | loss 0.5156 | task 0.5156 | train 81.5% | test 77.3% | 8s
  step 100/391 | loss 0.4839 | acc 82.9% | 1s elapsed | eta 4s
  step 200/391 | loss 0.4952 | acc 82.6% | 3s elapsed | eta 2s
  step 300/391 | loss 0.4958 | acc 82.5% | 4s elapsed | eta 1s
Ep  24 | loss 0.4984 | task 0.4984 | train 82.2% | test 77.9% | 6s
  step 100/391 | loss 0.4718 | acc 83.3% | 1s elapsed | eta 4s
  step 200/391 | loss 0.4709 | acc 83.1% | 2s elapsed | eta 2s
  step 300/391 | loss 0.4752 | acc 82.9% | 3s elapsed | eta 1s
Ep  25 | loss 0.4785 | task 0.4785 | train 82.8% | test 77.3% | 6s
  step 100/391 | loss 0.4442 | acc 84.2% | 2s elapsed | eta 6s
  step 200/391 | loss 0.4479 | acc 83.9% | 4s elapsed | eta 4s
  step 300/391 | loss 0.4572 | acc 83.7% | 6s elapsed | eta 2s
Ep  26 | loss 0.4584 | task 0.4584 | train 83.6% | test 77.3% | 9s
  step 100/391 | loss 0.4398 | acc 84.2% | 2s elapsed | eta 6s
  step 200/391 | loss 0.4367 | acc 84.4% | 4s elapsed | eta 3s
  step 300/391 | loss 0.4415 | acc 84.1% | 5s elapsed | eta 1s
Ep  27 | loss 0.4454 | task 0.4454 | train 84.1% | test 76.7% | 7s
  step 100/391 | loss 0.4200 | acc 85.0% | 1s elapsed | eta 4s
  step 200/391 | loss 0.4218 | acc 84.9% | 2s elapsed | eta 2s
  step 300/391 | loss 0.4227 | acc 84.9% | 4s elapsed | eta 1s
Ep  28 | loss 0.4304 | task 0.4304 | train 84.5% | test 78.0% | 6s
  step 100/391 | loss 0.3969 | acc 85.8% | 2s elapsed | eta 5s
  step 200/391 | loss 0.4000 | acc 85.5% | 3s elapsed | eta 3s
  step 300/391 | loss 0.4047 | acc 85.4% | 4s elapsed | eta 1s
Ep  29 | loss 0.4081 | task 0.4081 | train 85.4% | test 78.5% | 8s
  step 100/391 | loss 0.3803 | acc 86.5% | 2s elapsed | eta 6s
  step 200/391 | loss 0.3804 | acc 86.5% | 4s elapsed | eta 4s
  step 300/391 | loss 0.3909 | acc 86.2% | 6s elapsed | eta 2s
Ep  30 | loss 0.3969 | task 0.3969 | train 86.0% | test 77.3% | 9s
  step 100/391 | loss 0.3632 | acc 86.9% | 1s elapsed | eta 4s
  step 200/391 | loss 0.3660 | acc 86.9% | 3s elapsed | eta 2s
  step 300/391 | loss 0.3720 | acc 86.7% | 4s elapsed | eta 1s
Ep  31 | loss 0.3741 | task 0.3741 | train 86.6% | test 78.7% | 6s
  step 100/391 | loss 0.3373 | acc 88.0% | 1s elapsed | eta 4s
  step 200/391 | loss 0.3422 | acc 87.6% | 2s elapsed | eta 2s
  step 300/391 | loss 0.3540 | acc 87.2% | 4s elapsed | eta 1s
Ep  32 | loss 0.3591 | task 0.3591 | train 87.0% | test 78.4% | 6s
  step 100/391 | loss 0.3334 | acc 88.3% | 1s elapsed | eta 4s
  step 200/391 | loss 0.3390 | acc 87.8% | 3s elapsed | eta 2s
  step 300/391 | loss 0.3420 | acc 87.8% | 4s elapsed | eta 1s
Ep  33 | loss 0.3492 | task 0.3492 | train 87.5% | test 78.1% | 7s
  step 100/391 | loss 0.3253 | acc 88.2% | 2s elapsed | eta 7s
  step 200/391 | loss 0.3301 | acc 88.2% | 4s elapsed | eta 4s
  step 300/391 | loss 0.3342 | acc 88.1% | 6s elapsed | eta 2s
Ep  34 | loss 0.3372 | task 0.3372 | train 88.0% | test 77.6% | 9s
  step 100/391 | loss 0.3005 | acc 89.1% | 1s elapsed | eta 4s
  step 200/391 | loss 0.3102 | acc 89.0% | 2s elapsed | eta 2s
  step 300/391 | loss 0.3147 | acc 88.8% | 3s elapsed | eta 1s
Ep  35 | loss 0.3200 | task 0.3200 | train 88.6% | test 77.5% | 5s
  step 100/391 | loss 0.2901 | acc 89.5% | 1s elapsed | eta 3s
  step 200/391 | loss 0.3033 | acc 89.3% | 2s elapsed | eta 2s
  step 300/391 | loss 0.3073 | acc 89.0% | 3s elapsed | eta 1s
Ep  36 | loss 0.3123 | task 0.3123 | train 88.8% | test 77.8% | 6s
  step 100/391 | loss 0.2763 | acc 90.1% | 2s elapsed | eta 6s
  step 200/391 | loss 0.2878 | acc 89.7% | 4s elapsed | eta 3s
  step 300/391 | loss 0.2951 | acc 89.4% | 5s elapsed | eta 1s
Ep  37 | loss 0.2999 | task 0.2999 | train 89.2% | test 77.8% | 6s
  step 100/391 | loss 0.2759 | acc 90.1% | 1s elapsed | eta 4s
  step 200/391 | loss 0.2747 | acc 90.1% | 2s elapsed | eta 2s
  step 300/391 | loss 0.2827 | acc 89.8% | 3s elapsed | eta 1s
Ep  38 | loss 0.2881 | task 0.2881 | train 89.6% | test 78.0% | 4s
  step 100/391 | loss 0.2552 | acc 90.6% | 1s elapsed | eta 3s
  step 200/391 | loss 0.2637 | acc 90.3% | 2s elapsed | eta 2s
  step 300/391 | loss 0.2693 | acc 90.2% | 3s elapsed | eta 1s
Ep  39 | loss 0.2760 | task 0.2760 | train 90.0% | test 78.2% | 4s
  step 100/391 | loss 0.2490 | acc 90.9% | 1s elapsed | eta 4s
  step 200/391 | loss 0.2619 | acc 90.6% | 2s elapsed | eta 2s
  step 300/391 | loss 0.2635 | acc 90.5% | 3s elapsed | eta 1s
Ep  40 | loss 0.2710 | task 0.2710 | train 90.2% | test 79.1% | 4s
  step 100/391 | loss 0.2326 | acc 91.7% | 1s elapsed | eta 4s
  step 200/391 | loss 0.2407 | acc 91.4% | 2s elapsed | eta 2s
  step 300/391 | loss 0.2464 | acc 91.1% | 3s elapsed | eta 1s
Ep  41 | loss 0.2524 | task 0.2524 | train 90.9% | test 78.7% | 4s
  step 100/391 | loss 0.2311 | acc 91.6% | 1s elapsed | eta 4s
  step 200/391 | loss 0.2374 | acc 91.4% | 2s elapsed | eta 2s
  step 300/391 | loss 0.2392 | acc 91.3% | 3s elapsed | eta 1s
Ep  42 | loss 0.2462 | task 0.2462 | train 91.2% | test 78.7% | 4s
  step 100/391 | loss 0.2246 | acc 92.0% | 1s elapsed | eta 4s
  step 200/391 | loss 0.2297 | acc 91.6% | 2s elapsed | eta 2s
  step 300/391 | loss 0.2326 | acc 91.5% | 3s elapsed | eta 1s
Ep  43 | loss 0.2358 | task 0.2358 | train 91.4% | test 79.0% | 4s
  step 100/391 | loss 0.2107 | acc 92.4% | 1s elapsed | eta 3s
  step 200/391 | loss 0.2159 | acc 92.2% | 2s elapsed | eta 1s
  step 300/391 | loss 0.2239 | acc 91.9% | 2s elapsed | eta 1s
Ep  44 | loss 0.2283 | task 0.2283 | train 91.7% | test 78.5% | 3s
  step 100/391 | loss 0.2093 | acc 92.7% | 1s elapsed | eta 3s
  step 200/391 | loss 0.2087 | acc 92.5% | 2s elapsed | eta 2s
  step 300/391 | loss 0.2117 | acc 92.4% | 2s elapsed | eta 1s
Ep  45 | loss 0.2181 | task 0.2181 | train 92.2% | test 78.3% | 3s
  step 100/391 | loss 0.2036 | acc 92.7% | 1s elapsed | eta 2s
  step 200/391 | loss 0.2073 | acc 92.6% | 2s elapsed | eta 1s
  step 300/391 | loss 0.2112 | acc 92.4% | 2s elapsed | eta 1s
Ep  46 | loss 0.2136 | task 0.2136 | train 92.2% | test 78.3% | 3s
  step 100/391 | loss 0.1924 | acc 93.3% | 1s elapsed | eta 2s
  step 200/391 | loss 0.1957 | acc 93.1% | 2s elapsed | eta 1s
  step 300/391 | loss 0.2004 | acc 92.9% | 2s elapsed | eta 1s
Ep  47 | loss 0.2029 | task 0.2029 | train 92.8% | test 78.8% | 3s
  step 100/391 | loss 0.1949 | acc 93.1% | 1s elapsed | eta 2s
  step 200/391 | loss 0.1948 | acc 93.0% | 2s elapsed | eta 1s
  step 300/391 | loss 0.1990 | acc 92.8% | 2s elapsed | eta 1s
Ep  48 | loss 0.2024 | task 0.2024 | train 92.7% | test 78.2% | 3s
  step 100/391 | loss 0.1723 | acc 93.8% | 1s elapsed | eta 3s
  step 200/391 | loss 0.1853 | acc 93.4% | 2s elapsed | eta 2s
  step 300/391 | loss 0.1897 | acc 93.2% | 2s elapsed | eta 1s
Ep  49 | loss 0.1919 | task 0.1919 | train 93.2% | test 78.7% | 3s
  step 100/391 | loss 0.1698 | acc 93.9% | 1s elapsed | eta 3s
  step 200/391 | loss 0.1810 | acc 93.5% | 2s elapsed | eta 1s
  step 300/391 | loss 0.1813 | acc 93.5% | 2s elapsed | eta 1s
Ep  50 | loss 0.1829 | task 0.1829 | train 93.5% | test 78.6% | 3s
  step 100/391 | loss 0.1662 | acc 94.1% | 1s elapsed | eta 3s
  step 200/391 | loss 0.1706 | acc 93.9% | 2s elapsed | eta 2s
  step 300/391 | loss 0.1741 | acc 93.8% | 2s elapsed | eta 1s
Ep  51 | loss 0.1782 | task 0.1782 | train 93.6% | test 78.3% | 3s
  step 100/391 | loss 0.1671 | acc 94.0% | 1s elapsed | eta 3s
  step 200/391 | loss 0.1664 | acc 94.0% | 2s elapsed | eta 1s
  step 300/391 | loss 0.1714 | acc 93.8% | 2s elapsed | eta 1s
Ep  52 | loss 0.1728 | task 0.1728 | train 93.7% | test 78.4% | 3s
  step 100/391 | loss 0.1649 | acc 94.3% | 1s elapsed | eta 4s
  step 200/391 | loss 0.1637 | acc 94.2% | 2s elapsed | eta 2s
  step 300/391 | loss 0.1702 | acc 94.0% | 3s elapsed | eta 1s
Ep  53 | loss 0.1729 | task 0.1729 | train 93.8% | test 79.2% | 4s
  step 100/391 | loss 0.1497 | acc 94.8% | 1s elapsed | eta 4s
  step 200/391 | loss 0.1599 | acc 94.4% | 2s elapsed | eta 2s
  step 300/391 | loss 0.1613 | acc 94.3% | 3s elapsed | eta 1s
Ep  54 | loss 0.1660 | task 0.1660 | train 94.2% | test 77.9% | 4s
  step 100/391 | loss 0.1482 | acc 94.9% | 1s elapsed | eta 4s
  step 200/391 | loss 0.1467 | acc 94.8% | 2s elapsed | eta 2s
  step 300/391 | loss 0.1552 | acc 94.4% | 3s elapsed | eta 1s
Ep  55 | loss 0.1562 | task 0.1562 | train 94.4% | test 78.4% | 4s
  step 100/391 | loss 0.1523 | acc 94.6% | 1s elapsed | eta 4s
  step 200/391 | loss 0.1546 | acc 94.5% | 2s elapsed | eta 2s
  step 300/391 | loss 0.1558 | acc 94.4% | 3s elapsed | eta 1s
Ep  56 | loss 0.1566 | task 0.1566 | train 94.4% | test 78.2% | 4s
  step 100/391 | loss 0.1435 | acc 94.8% | 1s elapsed | eta 4s
  step 200/391 | loss 0.1453 | acc 94.8% | 2s elapsed | eta 2s
  step 300/391 | loss 0.1506 | acc 94.7% | 3s elapsed | eta 1s
Ep  57 | loss 0.1529 | task 0.1529 | train 94.6% | test 78.8% | 4s
  step 100/391 | loss 0.1311 | acc 95.2% | 1s elapsed | eta 4s
  step 200/391 | loss 0.1382 | acc 94.9% | 2s elapsed | eta 2s
  step 300/391 | loss 0.1436 | acc 94.8% | 3s elapsed | eta 1s
Ep  58 | loss 0.1473 | task 0.1473 | train 94.7% | test 77.7% | 4s
  step 100/391 | loss 0.1360 | acc 95.1% | 1s elapsed | eta 4s
  step 200/391 | loss 0.1396 | acc 95.0% | 2s elapsed | eta 2s
  step 300/391 | loss 0.1429 | acc 94.9% | 3s elapsed | eta 1s
Ep  59 | loss 0.1459 | task 0.1459 | train 94.8% | test 79.2% | 4s
  step 100/391 | loss 0.1324 | acc 95.4% | 1s elapsed | eta 3s
  step 200/391 | loss 0.1361 | acc 95.1% | 2s elapsed | eta 2s
  step 300/391 | loss 0.1385 | acc 95.0% | 2s elapsed | eta 1s
Ep  60 | loss 0.1409 | task 0.1409 | train 94.9% | test 78.8% | 4s
  step 100/391 | loss 0.1235 | acc 95.5% | 1s elapsed | eta 3s
  step 200/391 | loss 0.1250 | acc 95.5% | 2s elapsed | eta 2s
  step 300/391 | loss 0.1312 | acc 95.3% | 3s elapsed | eta 1s
Ep  61 | loss 0.1332 | task 0.1332 | train 95.3% | test 78.6% | 4s
  step 100/391 | loss 0.1203 | acc 95.8% | 1s elapsed | eta 2s
  step 200/391 | loss 0.1218 | acc 95.6% | 2s elapsed | eta 1s
  step 300/391 | loss 0.1268 | acc 95.5% | 2s elapsed | eta 1s
Ep  62 | loss 0.1291 | task 0.1291 | train 95.4% | test 79.0% | 3s
  step 100/391 | loss 0.1144 | acc 95.8% | 1s elapsed | eta 2s
  step 200/391 | loss 0.1216 | acc 95.6% | 2s elapsed | eta 1s
  step 300/391 | loss 0.1248 | acc 95.5% | 2s elapsed | eta 1s
Ep  63 | loss 0.1288 | task 0.1288 | train 95.4% | test 78.2% | 3s
  step 100/391 | loss 0.1210 | acc 95.8% | 1s elapsed | eta 2s
  step 200/391 | loss 0.1197 | acc 95.8% | 1s elapsed | eta 1s
  step 300/391 | loss 0.1261 | acc 95.6% | 2s elapsed | eta 1s
Ep  64 | loss 0.1287 | task 0.1287 | train 95.5% | test 79.0% | 3s
  step 100/391 | loss 0.1090 | acc 96.3% | 1s elapsed | eta 3s
  step 200/391 | loss 0.1181 | acc 95.8% | 2s elapsed | eta 1s
  step 300/391 | loss 0.1190 | acc 95.8% | 2s elapsed | eta 1s
Ep  65 | loss 0.1226 | task 0.1226 | train 95.7% | test 79.4% | 3s
  step 100/391 | loss 0.1152 | acc 95.8% | 1s elapsed | eta 3s
  step 200/391 | loss 0.1146 | acc 95.9% | 2s elapsed | eta 2s
  step 300/391 | loss 0.1161 | acc 95.8% | 2s elapsed | eta 1s
Ep  66 | loss 0.1182 | task 0.1182 | train 95.8% | test 78.7% | 3s
  step 100/391 | loss 0.1137 | acc 96.2% | 1s elapsed | eta 3s
  step 200/391 | loss 0.1177 | acc 96.0% | 2s elapsed | eta 2s
  step 300/391 | loss 0.1176 | acc 96.0% | 3s elapsed | eta 1s
Ep  67 | loss 0.1189 | task 0.1189 | train 95.9% | test 79.0% | 4s
  step 100/391 | loss 0.1086 | acc 96.3% | 1s elapsed | eta 4s
  step 200/391 | loss 0.1104 | acc 96.1% | 2s elapsed | eta 2s
  step 300/391 | loss 0.1099 | acc 96.1% | 4s elapsed | eta 1s
Ep  68 | loss 0.1115 | task 0.1115 | train 96.0% | test 78.6% | 6s
  step 100/391 | loss 0.1043 | acc 96.2% | 2s elapsed | eta 5s
  step 200/391 | loss 0.1119 | acc 95.9% | 3s elapsed | eta 3s
  step 300/391 | loss 0.1153 | acc 95.8% | 5s elapsed | eta 2s
Ep  69 | loss 0.1157 | task 0.1157 | train 95.8% | test 79.0% | 9s
  step 100/391 | loss 0.1072 | acc 96.2% | 2s elapsed | eta 6s
  step 200/391 | loss 0.1103 | acc 96.0% | 4s elapsed | eta 4s
  step 300/391 | loss 0.1104 | acc 96.0% | 6s elapsed | eta 2s
Ep  70 | loss 0.1116 | task 0.1116 | train 96.0% | test 78.5% | 9s
  step 100/391 | loss 0.0936 | acc 96.7% | 2s elapsed | eta 6s
  step 200/391 | loss 0.0972 | acc 96.6% | 4s elapsed | eta 4s
  step 300/391 | loss 0.1011 | acc 96.4% | 5s elapsed | eta 2s
Ep  71 | loss 0.1039 | task 0.1039 | train 96.3% | test 77.9% | 8s
  step 100/391 | loss 0.1094 | acc 96.0% | 1s elapsed | eta 4s
  step 200/391 | loss 0.0994 | acc 96.4% | 3s elapsed | eta 3s
  step 300/391 | loss 0.1044 | acc 96.3% | 4s elapsed | eta 1s
Ep  72 | loss 0.1068 | task 0.1068 | train 96.2% | test 79.3% | 7s
  step 100/391 | loss 0.1000 | acc 96.6% | 2s elapsed | eta 6s
  step 200/391 | loss 0.1007 | acc 96.5% | 4s elapsed | eta 4s
  step 300/391 | loss 0.1023 | acc 96.4% | 6s elapsed | eta 2s
Ep  73 | loss 0.1036 | task 0.1036 | train 96.3% | test 78.1% | 9s
  step 100/391 | loss 0.0992 | acc 96.3% | 2s elapsed | eta 5s
  step 200/391 | loss 0.0967 | acc 96.4% | 3s elapsed | eta 3s
  step 300/391 | loss 0.0998 | acc 96.4% | 5s elapsed | eta 1s
Ep  74 | loss 0.1017 | task 0.1017 | train 96.3% | test 78.2% | 7s
  step 100/391 | loss 0.0906 | acc 96.9% | 2s elapsed | eta 5s
  step 200/391 | loss 0.0940 | acc 96.7% | 3s elapsed | eta 3s
  step 300/391 | loss 0.0961 | acc 96.6% | 5s elapsed | eta 1s
Ep  75 | loss 0.0969 | task 0.0969 | train 96.6% | test 78.0% | 7s
  step 100/391 | loss 0.0899 | acc 96.9% | 2s elapsed | eta 5s
  step 200/391 | loss 0.0891 | acc 96.9% | 3s elapsed | eta 3s
  step 300/391 | loss 0.0945 | acc 96.7% | 5s elapsed | eta 2s
Ep  76 | loss 0.0966 | task 0.0966 | train 96.6% | test 79.1% | 8s
  step 100/391 | loss 0.0862 | acc 97.0% | 2s elapsed | eta 6s
  step 200/391 | loss 0.0913 | acc 96.8% | 4s elapsed | eta 4s
  step 300/391 | loss 0.0943 | acc 96.7% | 6s elapsed | eta 2s
Ep  77 | loss 0.0962 | task 0.0962 | train 96.6% | test 78.3% | 9s
  step 100/391 | loss 0.0865 | acc 97.0% | 2s elapsed | eta 6s
  step 200/391 | loss 0.0903 | acc 96.9% | 4s elapsed | eta 4s
  step 300/391 | loss 0.0932 | acc 96.8% | 6s elapsed | eta 2s
Ep  78 | loss 0.0924 | task 0.0924 | train 96.8% | test 78.6% | 8s
  step 100/391 | loss 0.0851 | acc 96.9% | 1s elapsed | eta 4s
  step 200/391 | loss 0.0856 | acc 96.9% | 3s elapsed | eta 3s
  step 300/391 | loss 0.0891 | acc 96.9% | 4s elapsed | eta 1s
Ep  79 | loss 0.0914 | task 0.0914 | train 96.7% | test 79.7% | 6s
  step 100/391 | loss 0.0821 | acc 97.2% | 1s elapsed | eta 4s
  step 200/391 | loss 0.0858 | acc 97.0% | 2s elapsed | eta 2s
  step 300/391 | loss 0.0872 | acc 96.9% | 4s elapsed | eta 1s
Ep  80 | loss 0.0869 | task 0.0869 | train 96.9% | test 78.4% | 6s
  step 100/391 | loss 0.0843 | acc 97.0% | 2s elapsed | eta 5s
  step 200/391 | loss 0.0850 | acc 97.0% | 3s elapsed | eta 3s
  step 300/391 | loss 0.0877 | acc 96.9% | 4s elapsed | eta 1s
Ep  81 | loss 0.0879 | task 0.0879 | train 96.9% | test 78.2% | 7s
  step 100/391 | loss 0.0815 | acc 97.1% | 2s elapsed | eta 7s
  step 200/391 | loss 0.0853 | acc 97.0% | 4s elapsed | eta 4s
  step 300/391 | loss 0.0833 | acc 97.1% | 7s elapsed | eta 2s
Ep  82 | loss 0.0852 | task 0.0852 | train 97.1% | test 78.0% | 10s
  step 100/391 | loss 0.0852 | acc 96.9% | 2s elapsed | eta 5s
  step 200/391 | loss 0.0843 | acc 97.0% | 3s elapsed | eta 3s
  step 300/391 | loss 0.0859 | acc 96.9% | 4s elapsed | eta 1s
Ep  83 | loss 0.0869 | task 0.0869 | train 96.9% | test 78.7% | 6s
  step 100/391 | loss 0.0831 | acc 97.3% | 1s elapsed | eta 4s
  step 200/391 | loss 0.0847 | acc 97.1% | 3s elapsed | eta 2s
  step 300/391 | loss 0.0840 | acc 97.0% | 4s elapsed | eta 1s
Ep  84 | loss 0.0850 | task 0.0850 | train 97.0% | test 78.5% | 6s
  step 100/391 | loss 0.0733 | acc 97.3% | 1s elapsed | eta 4s
  step 200/391 | loss 0.0783 | acc 97.2% | 3s elapsed | eta 3s
  step 300/391 | loss 0.0828 | acc 97.1% | 4s elapsed | eta 1s
Ep  85 | loss 0.0842 | task 0.0842 | train 97.0% | test 78.8% | 7s
  step 100/391 | loss 0.0766 | acc 97.3% | 2s elapsed | eta 6s
  step 200/391 | loss 0.0787 | acc 97.3% | 4s elapsed | eta 4s
  step 300/391 | loss 0.0781 | acc 97.3% | 6s elapsed | eta 2s
Ep  86 | loss 0.0791 | task 0.0791 | train 97.2% | test 78.7% | 10s
  step 100/391 | loss 0.0752 | acc 97.5% | 2s elapsed | eta 5s
  step 200/391 | loss 0.0770 | acc 97.4% | 3s elapsed | eta 3s
  step 300/391 | loss 0.0799 | acc 97.3% | 4s elapsed | eta 1s
Ep  87 | loss 0.0820 | task 0.0820 | train 97.2% | test 78.7% | 7s
  step 100/391 | loss 0.0665 | acc 97.8% | 2s elapsed | eta 4s
  step 200/391 | loss 0.0699 | acc 97.6% | 3s elapsed | eta 3s
  step 300/391 | loss 0.0734 | acc 97.5% | 4s elapsed | eta 1s
Ep  88 | loss 0.0765 | task 0.0765 | train 97.4% | test 78.8% | 6s
  step 100/391 | loss 0.0765 | acc 97.3% | 1s elapsed | eta 4s
  step 200/391 | loss 0.0741 | acc 97.4% | 3s elapsed | eta 3s
  step 300/391 | loss 0.0750 | acc 97.4% | 4s elapsed | eta 1s
Ep  89 | loss 0.0750 | task 0.0750 | train 97.4% | test 78.2% | 7s
  step 100/391 | loss 0.0687 | acc 97.7% | 2s elapsed | eta 7s
  step 200/391 | loss 0.0715 | acc 97.6% | 4s elapsed | eta 4s
  step 300/391 | loss 0.0718 | acc 97.6% | 7s elapsed | eta 2s
Ep  90 | loss 0.0724 | task 0.0724 | train 97.6% | test 78.6% | 10s
  step 100/391 | loss 0.0716 | acc 97.5% | 2s elapsed | eta 6s
  step 200/391 | loss 0.0706 | acc 97.6% | 3s elapsed | eta 3s
  step 300/391 | loss 0.0726 | acc 97.5% | 4s elapsed | eta 1s
Ep  91 | loss 0.0747 | task 0.0747 | train 97.4% | test 78.7% | 7s
  step 100/391 | loss 0.0683 | acc 97.6% | 1s elapsed | eta 4s
  step 200/391 | loss 0.0695 | acc 97.6% | 2s elapsed | eta 2s
  step 300/391 | loss 0.0692 | acc 97.6% | 3s elapsed | eta 1s
Ep  92 | loss 0.0707 | task 0.0707 | train 97.5% | test 78.5% | 5s
  step 100/391 | loss 0.0697 | acc 97.6% | 1s elapsed | eta 4s
  step 200/391 | loss 0.0728 | acc 97.4% | 2s elapsed | eta 2s
  step 300/391 | loss 0.0716 | acc 97.5% | 4s elapsed | eta 1s
Ep  93 | loss 0.0713 | task 0.0713 | train 97.5% | test 78.8% | 7s
  step 100/391 | loss 0.0693 | acc 97.6% | 2s elapsed | eta 6s
  step 200/391 | loss 0.0691 | acc 97.6% | 4s elapsed | eta 4s
  step 300/391 | loss 0.0701 | acc 97.6% | 6s elapsed | eta 2s
Ep  94 | loss 0.0701 | task 0.0701 | train 97.5% | test 78.3% | 9s
  step 100/391 | loss 0.0700 | acc 97.6% | 1s elapsed | eta 4s
  step 200/391 | loss 0.0705 | acc 97.6% | 2s elapsed | eta 2s
  step 300/391 | loss 0.0704 | acc 97.6% | 3s elapsed | eta 1s
Ep  95 | loss 0.0709 | task 0.0709 | train 97.5% | test 78.8% | 5s
  step 100/391 | loss 0.0544 | acc 98.2% | 1s elapsed | eta 4s
  step 200/391 | loss 0.0592 | acc 98.0% | 2s elapsed | eta 2s
  step 300/391 | loss 0.0631 | acc 97.8% | 3s elapsed | eta 1s
Ep  96 | loss 0.0674 | task 0.0674 | train 97.6% | test 78.2% | 6s
  step 100/391 | loss 0.0584 | acc 98.0% | 2s elapsed | eta 5s
  step 200/391 | loss 0.0612 | acc 97.9% | 3s elapsed | eta 3s
  step 300/391 | loss 0.0648 | acc 97.8% | 5s elapsed | eta 2s
Ep  97 | loss 0.0643 | task 0.0643 | train 97.8% | test 78.9% | 8s
  step 100/391 | loss 0.0573 | acc 98.0% | 2s elapsed | eta 7s
  step 200/391 | loss 0.0613 | acc 97.9% | 4s elapsed | eta 4s
  step 300/391 | loss 0.0651 | acc 97.7% | 7s elapsed | eta 2s
Ep  98 | loss 0.0668 | task 0.0668 | train 97.6% | test 78.5% | 9s
  step 100/391 | loss 0.0634 | acc 97.8% | 1s elapsed | eta 4s
  step 200/391 | loss 0.0636 | acc 97.7% | 2s elapsed | eta 2s
  step 300/391 | loss 0.0658 | acc 97.7% | 3s elapsed | eta 1s
Ep  99 | loss 0.0645 | task 0.0645 | train 97.7% | test 78.0% | 5s
  step 100/391 | loss 0.0630 | acc 97.8% | 1s elapsed | eta 4s
  step 200/391 | loss 0.0644 | acc 97.8% | 2s elapsed | eta 2s
  step 300/391 | loss 0.0630 | acc 97.8% | 4s elapsed | eta 1s
Ep 100 | loss 0.0638 | task 0.0638 | train 97.8% | test 78.5% | 6s
  step 100/391 | loss 0.0589 | acc 98.0% | 2s elapsed | eta 7s
  step 200/391 | loss 0.0597 | acc 98.0% | 4s elapsed | eta 4s
  step 300/391 | loss 0.0590 | acc 98.0% | 6s elapsed | eta 2s
Ep 101 | loss 0.0602 | task 0.0602 | train 97.9% | test 79.0% | 9s
  step 100/391 | loss 0.0567 | acc 97.9% | 2s elapsed | eta 6s
  step 200/391 | loss 0.0590 | acc 97.9% | 4s elapsed | eta 4s
  step 300/391 | loss 0.0608 | acc 97.8% | 5s elapsed | eta 1s
Ep 102 | loss 0.0615 | task 0.0615 | train 97.8% | test 78.9% | 7s
  step 100/391 | loss 0.0563 | acc 98.2% | 1s elapsed | eta 4s
  step 200/391 | loss 0.0595 | acc 98.1% | 2s elapsed | eta 2s
  step 300/391 | loss 0.0620 | acc 97.9% | 3s elapsed | eta 1s
Ep 103 | loss 0.0609 | task 0.0609 | train 97.9% | test 78.6% | 5s
  step 100/391 | loss 0.0580 | acc 98.0% | 1s elapsed | eta 4s
  step 200/391 | loss 0.0581 | acc 98.0% | 2s elapsed | eta 2s
  step 300/391 | loss 0.0601 | acc 97.9% | 4s elapsed | eta 1s
Ep 104 | loss 0.0610 | task 0.0610 | train 97.8% | test 78.2% | 7s
  step 100/391 | loss 0.0534 | acc 98.1% | 2s elapsed | eta 7s
  step 200/391 | loss 0.0564 | acc 98.0% | 4s elapsed | eta 4s
  step 300/391 | loss 0.0565 | acc 98.0% | 7s elapsed | eta 2s
Ep 105 | loss 0.0588 | task 0.0588 | train 98.0% | test 79.0% | 10s
  step 100/391 | loss 0.0554 | acc 98.0% | 1s elapsed | eta 4s
  step 200/391 | loss 0.0569 | acc 98.0% | 2s elapsed | eta 2s
  step 300/391 | loss 0.0580 | acc 97.9% | 4s elapsed | eta 1s
Ep 106 | loss 0.0576 | task 0.0576 | train 97.9% | test 79.1% | 6s
  step 100/391 | loss 0.0499 | acc 98.3% | 1s elapsed | eta 4s
  step 200/391 | loss 0.0532 | acc 98.2% | 2s elapsed | eta 2s
  step 300/391 | loss 0.0551 | acc 98.1% | 4s elapsed | eta 1s
Ep 107 | loss 0.0564 | task 0.0564 | train 98.0% | test 78.8% | 5s
  step 100/391 | loss 0.0531 | acc 98.2% | 1s elapsed | eta 4s
  step 200/391 | loss 0.0533 | acc 98.2% | 2s elapsed | eta 2s
  step 300/391 | loss 0.0525 | acc 98.2% | 4s elapsed | eta 1s
Ep 108 | loss 0.0531 | task 0.0531 | train 98.2% | test 78.9% | 7s
  step 100/391 | loss 0.0484 | acc 98.2% | 2s elapsed | eta 6s
  step 200/391 | loss 0.0511 | acc 98.2% | 4s elapsed | eta 3s
  step 300/391 | loss 0.0539 | acc 98.1% | 5s elapsed | eta 2s
Ep 109 | loss 0.0536 | task 0.0536 | train 98.1% | test 78.8% | 8s
  step 100/391 | loss 0.0526 | acc 98.1% | 2s elapsed | eta 5s
  step 200/391 | loss 0.0560 | acc 98.1% | 2s elapsed | eta 2s
  step 300/391 | loss 0.0556 | acc 98.0% | 3s elapsed | eta 1s
Ep 110 | loss 0.0557 | task 0.0557 | train 98.0% | test 79.2% | 4s
  step 100/391 | loss 0.0468 | acc 98.5% | 2s elapsed | eta 6s
  step 200/391 | loss 0.0495 | acc 98.3% | 4s elapsed | eta 4s
  step 300/391 | loss 0.0505 | acc 98.3% | 4s elapsed | eta 1s
Ep 111 | loss 0.0507 | task 0.0507 | train 98.3% | test 78.5% | 6s
  step 100/391 | loss 0.0471 | acc 98.2% | 1s elapsed | eta 3s
  step 200/391 | loss 0.0507 | acc 98.2% | 2s elapsed | eta 2s
  step 300/391 | loss 0.0516 | acc 98.2% | 2s elapsed | eta 1s
Ep 112 | loss 0.0539 | task 0.0539 | train 98.1% | test 79.0% | 3s
  step 100/391 | loss 0.0444 | acc 98.3% | 1s elapsed | eta 3s
  step 200/391 | loss 0.0472 | acc 98.3% | 2s elapsed | eta 1s
  step 300/391 | loss 0.0496 | acc 98.2% | 2s elapsed | eta 1s
Ep 113 | loss 0.0500 | task 0.0500 | train 98.2% | test 78.5% | 3s
  step 100/391 | loss 0.0495 | acc 98.3% | 1s elapsed | eta 3s
  step 200/391 | loss 0.0479 | acc 98.3% | 2s elapsed | eta 2s
  step 300/391 | loss 0.0493 | acc 98.3% | 2s elapsed | eta 1s
Ep 114 | loss 0.0484 | task 0.0484 | train 98.3% | test 78.2% | 3s
  step 100/391 | loss 0.0480 | acc 98.3% | 1s elapsed | eta 2s
  step 200/391 | loss 0.0452 | acc 98.4% | 1s elapsed | eta 1s
  step 300/391 | loss 0.0463 | acc 98.4% | 2s elapsed | eta 1s
Ep 115 | loss 0.0481 | task 0.0481 | train 98.3% | test 79.1% | 3s
  step 100/391 | loss 0.0491 | acc 98.3% | 1s elapsed | eta 3s
  step 200/391 | loss 0.0470 | acc 98.4% | 2s elapsed | eta 1s
  step 300/391 | loss 0.0482 | acc 98.3% | 2s elapsed | eta 1s
Ep 116 | loss 0.0482 | task 0.0482 | train 98.4% | test 79.1% | 3s
  step 100/391 | loss 0.0471 | acc 98.3% | 1s elapsed | eta 2s
  step 200/391 | loss 0.0464 | acc 98.4% | 1s elapsed | eta 1s
  step 300/391 | loss 0.0468 | acc 98.4% | 2s elapsed | eta 1s
Ep 117 | loss 0.0470 | task 0.0470 | train 98.4% | test 79.4% | 3s
  step 100/391 | loss 0.0437 | acc 98.5% | 1s elapsed | eta 3s
  step 200/391 | loss 0.0450 | acc 98.4% | 2s elapsed | eta 2s
  step 300/391 | loss 0.0474 | acc 98.4% | 3s elapsed | eta 1s
Ep 118 | loss 0.0468 | task 0.0468 | train 98.4% | test 79.1% | 5s
  step 100/391 | loss 0.0476 | acc 98.3% | 2s elapsed | eta 4s
  step 200/391 | loss 0.0437 | acc 98.4% | 3s elapsed | eta 3s
  step 300/391 | loss 0.0453 | acc 98.4% | 4s elapsed | eta 1s
Ep 119 | loss 0.0455 | task 0.0455 | train 98.4% | test 78.5% | 6s
  step 100/391 | loss 0.0435 | acc 98.5% | 2s elapsed | eta 4s
  step 200/391 | loss 0.0429 | acc 98.5% | 3s elapsed | eta 3s
  step 300/391 | loss 0.0443 | acc 98.5% | 5s elapsed | eta 1s
Ep 120 | loss 0.0443 | task 0.0443 | train 98.5% | test 78.9% | 7s
  step 100/391 | loss 0.0367 | acc 98.6% | 2s elapsed | eta 6s
  step 200/391 | loss 0.0416 | acc 98.5% | 4s elapsed | eta 4s
  step 300/391 | loss 0.0432 | acc 98.5% | 6s elapsed | eta 2s
Ep 121 | loss 0.0438 | task 0.0438 | train 98.5% | test 78.8% | 9s
  step 100/391 | loss 0.0437 | acc 98.5% | 2s elapsed | eta 5s
  step 200/391 | loss 0.0454 | acc 98.4% | 3s elapsed | eta 3s
  step 300/391 | loss 0.0443 | acc 98.4% | 5s elapsed | eta 2s
Ep 122 | loss 0.0459 | task 0.0459 | train 98.4% | test 79.1% | 8s
  step 100/391 | loss 0.0418 | acc 98.6% | 2s elapsed | eta 5s
  step 200/391 | loss 0.0377 | acc 98.6% | 3s elapsed | eta 3s
  step 300/391 | loss 0.0392 | acc 98.6% | 5s elapsed | eta 2s
Ep 123 | loss 0.0402 | task 0.0402 | train 98.6% | test 78.5% | 8s
  step 100/391 | loss 0.0356 | acc 98.7% | 2s elapsed | eta 6s
  step 200/391 | loss 0.0395 | acc 98.7% | 4s elapsed | eta 4s
  step 300/391 | loss 0.0428 | acc 98.6% | 7s elapsed | eta 2s
Ep 124 | loss 0.0439 | task 0.0439 | train 98.5% | test 79.3% | 9s
  step 100/391 | loss 0.0409 | acc 98.5% | 2s elapsed | eta 6s
  step 200/391 | loss 0.0393 | acc 98.6% | 4s elapsed | eta 3s
  step 300/391 | loss 0.0406 | acc 98.6% | 5s elapsed | eta 2s
Ep 125 | loss 0.0420 | task 0.0420 | train 98.6% | test 78.8% | 8s
  step 100/391 | loss 0.0423 | acc 98.6% | 2s elapsed | eta 5s
  step 200/391 | loss 0.0378 | acc 98.7% | 3s elapsed | eta 3s
  step 300/391 | loss 0.0404 | acc 98.6% | 5s elapsed | eta 1s
Ep 126 | loss 0.0413 | task 0.0413 | train 98.6% | test 79.4% | 7s
  step 100/391 | loss 0.0374 | acc 98.7% | 2s elapsed | eta 4s
  step 200/391 | loss 0.0375 | acc 98.7% | 3s elapsed | eta 3s
  step 300/391 | loss 0.0402 | acc 98.6% | 4s elapsed | eta 1s
Ep 127 | loss 0.0402 | task 0.0402 | train 98.6% | test 78.9% | 6s
  step 100/391 | loss 0.0332 | acc 98.9% | 2s elapsed | eta 7s
  step 200/391 | loss 0.0377 | acc 98.7% | 4s elapsed | eta 4s
  step 300/391 | loss 0.0387 | acc 98.7% | 7s elapsed | eta 2s
Ep 128 | loss 0.0392 | task 0.0392 | train 98.6% | test 78.5% | 10s
  step 100/391 | loss 0.0339 | acc 98.8% | 2s elapsed | eta 6s
  step 200/391 | loss 0.0370 | acc 98.7% | 4s elapsed | eta 4s
  step 300/391 | loss 0.0375 | acc 98.7% | 5s elapsed | eta 2s
Ep 129 | loss 0.0378 | task 0.0378 | train 98.7% | test 79.4% | 7s
  step 100/391 | loss 0.0353 | acc 98.8% | 1s elapsed | eta 4s
  step 200/391 | loss 0.0378 | acc 98.7% | 2s elapsed | eta 2s
  step 300/391 | loss 0.0412 | acc 98.6% | 3s elapsed | eta 1s
Ep 130 | loss 0.0407 | task 0.0407 | train 98.6% | test 78.6% | 5s
  step 100/391 | loss 0.0409 | acc 98.6% | 1s elapsed | eta 4s
  step 200/391 | loss 0.0398 | acc 98.6% | 2s elapsed | eta 2s
  step 300/391 | loss 0.0386 | acc 98.7% | 3s elapsed | eta 1s
Ep 131 | loss 0.0385 | task 0.0385 | train 98.7% | test 79.1% | 5s
  step 100/391 | loss 0.0307 | acc 99.0% | 1s elapsed | eta 4s
  step 200/391 | loss 0.0330 | acc 98.8% | 3s elapsed | eta 3s
  step 300/391 | loss 0.0344 | acc 98.8% | 4s elapsed | eta 1s
Ep 132 | loss 0.0356 | task 0.0356 | train 98.8% | test 78.7% | 8s
  step 100/391 | loss 0.0325 | acc 98.9% | 2s elapsed | eta 7s
  step 200/391 | loss 0.0334 | acc 98.9% | 5s elapsed | eta 4s
  step 300/391 | loss 0.0342 | acc 98.8% | 7s elapsed | eta 2s
Ep 133 | loss 0.0349 | task 0.0349 | train 98.8% | test 79.0% | 10s
  step 100/391 | loss 0.0363 | acc 98.6% | 2s elapsed | eta 4s
  step 200/391 | loss 0.0333 | acc 98.8% | 3s elapsed | eta 3s
  step 300/391 | loss 0.0348 | acc 98.8% | 4s elapsed | eta 1s
Ep 134 | loss 0.0360 | task 0.0360 | train 98.8% | test 79.1% | 6s
  step 100/391 | loss 0.0304 | acc 99.0% | 2s elapsed | eta 5s
  step 200/391 | loss 0.0346 | acc 98.8% | 3s elapsed | eta 3s
  step 300/391 | loss 0.0344 | acc 98.8% | 4s elapsed | eta 1s
Ep 135 | loss 0.0348 | task 0.0348 | train 98.8% | test 79.5% | 6s
  step 100/391 | loss 0.0308 | acc 99.0% | 2s elapsed | eta 5s
  step 200/391 | loss 0.0304 | acc 99.0% | 3s elapsed | eta 3s
  step 300/391 | loss 0.0315 | acc 98.9% | 4s elapsed | eta 1s
Ep 136 | loss 0.0326 | task 0.0326 | train 98.9% | test 78.9% | 8s
  step 100/391 | loss 0.0321 | acc 99.0% | 2s elapsed | eta 7s
  step 200/391 | loss 0.0348 | acc 98.8% | 4s elapsed | eta 4s
  step 300/391 | loss 0.0346 | acc 98.8% | 6s elapsed | eta 2s
Ep 137 | loss 0.0338 | task 0.0338 | train 98.8% | test 79.3% | 9s
  step 100/391 | loss 0.0317 | acc 98.9% | 2s elapsed | eta 5s
  step 200/391 | loss 0.0315 | acc 98.9% | 3s elapsed | eta 3s
  step 300/391 | loss 0.0319 | acc 98.8% | 4s elapsed | eta 1s
Ep 138 | loss 0.0324 | task 0.0324 | train 98.8% | test 79.4% | 7s
  step 100/391 | loss 0.0293 | acc 99.0% | 1s elapsed | eta 4s
  step 200/391 | loss 0.0308 | acc 99.0% | 3s elapsed | eta 2s
  step 300/391 | loss 0.0320 | acc 98.9% | 4s elapsed | eta 1s
Ep 139 | loss 0.0324 | task 0.0324 | train 98.9% | test 79.0% | 6s
  step 100/391 | loss 0.0267 | acc 99.1% | 1s elapsed | eta 4s
  step 200/391 | loss 0.0290 | acc 99.0% | 2s elapsed | eta 2s
  step 300/391 | loss 0.0295 | acc 99.0% | 4s elapsed | eta 1s
Ep 140 | loss 0.0296 | task 0.0296 | train 99.0% | test 78.6% | 7s
  step 100/391 | loss 0.0253 | acc 99.1% | 2s elapsed | eta 6s
  step 200/391 | loss 0.0304 | acc 98.9% | 4s elapsed | eta 4s
  step 300/391 | loss 0.0305 | acc 98.9% | 6s elapsed | eta 2s
Ep 141 | loss 0.0308 | task 0.0308 | train 98.9% | test 78.7% | 9s
  step 100/391 | loss 0.0262 | acc 99.1% | 1s elapsed | eta 4s
  step 200/391 | loss 0.0293 | acc 99.0% | 2s elapsed | eta 2s
  step 300/391 | loss 0.0294 | acc 99.0% | 4s elapsed | eta 1s
Ep 142 | loss 0.0298 | task 0.0298 | train 99.0% | test 80.0% | 6s
  step 100/391 | loss 0.0276 | acc 99.1% | 1s elapsed | eta 4s
  step 200/391 | loss 0.0265 | acc 99.2% | 2s elapsed | eta 2s
  step 300/391 | loss 0.0261 | acc 99.2% | 3s elapsed | eta 1s
Ep 143 | loss 0.0270 | task 0.0270 | train 99.1% | test 78.8% | 5s
  step 100/391 | loss 0.0298 | acc 99.0% | 2s elapsed | eta 5s
  step 200/391 | loss 0.0272 | acc 99.1% | 3s elapsed | eta 3s
  step 300/391 | loss 0.0285 | acc 99.0% | 5s elapsed | eta 1s
Ep 144 | loss 0.0292 | task 0.0292 | train 99.0% | test 79.3% | 8s
  step 100/391 | loss 0.0285 | acc 99.1% | 2s elapsed | eta 7s
  step 200/391 | loss 0.0275 | acc 99.0% | 4s elapsed | eta 4s
  step 300/391 | loss 0.0271 | acc 99.1% | 7s elapsed | eta 2s
Ep 145 | loss 0.0276 | task 0.0276 | train 99.0% | test 79.1% | 9s
  step 100/391 | loss 0.0267 | acc 99.0% | 1s elapsed | eta 4s
  step 200/391 | loss 0.0271 | acc 99.1% | 2s elapsed | eta 2s
  step 300/391 | loss 0.0267 | acc 99.1% | 4s elapsed | eta 1s
Ep 146 | loss 0.0272 | task 0.0272 | train 99.1% | test 79.4% | 6s
  step 100/391 | loss 0.0273 | acc 99.2% | 1s elapsed | eta 4s
  step 200/391 | loss 0.0278 | acc 99.1% | 2s elapsed | eta 2s
  step 300/391 | loss 0.0282 | acc 99.1% | 3s elapsed | eta 1s
Ep 147 | loss 0.0280 | task 0.0280 | train 99.0% | test 79.3% | 6s
  step 100/391 | loss 0.0245 | acc 99.1% | 2s elapsed | eta 5s
  step 200/391 | loss 0.0252 | acc 99.1% | 3s elapsed | eta 3s
  step 300/391 | loss 0.0258 | acc 99.1% | 5s elapsed | eta 1s
Ep 148 | loss 0.0265 | task 0.0265 | train 99.1% | test 78.7% | 8s
  step 100/391 | loss 0.0248 | acc 99.1% | 2s elapsed | eta 6s
  step 200/391 | loss 0.0245 | acc 99.1% | 4s elapsed | eta 4s
  step 300/391 | loss 0.0269 | acc 99.0% | 6s elapsed | eta 2s
Ep 149 | loss 0.0266 | task 0.0266 | train 99.1% | test 79.2% | 8s
  step 100/391 | loss 0.0234 | acc 99.2% | 1s elapsed | eta 4s
  step 200/391 | loss 0.0245 | acc 99.1% | 2s elapsed | eta 2s
  step 300/391 | loss 0.0261 | acc 99.1% | 4s elapsed | eta 1s
Ep 150 | loss 0.0263 | task 0.0263 | train 99.1% | test 78.5% | 5s
  step 100/391 | loss 0.0224 | acc 99.2% | 1s elapsed | eta 4s
  step 200/391 | loss 0.0237 | acc 99.2% | 2s elapsed | eta 2s
  step 300/391 | loss 0.0249 | acc 99.2% | 4s elapsed | eta 1s
Ep 151 | loss 0.0249 | task 0.0249 | train 99.2% | test 78.9% | 7s
  step 100/391 | loss 0.0233 | acc 99.2% | 2s elapsed | eta 7s
  step 200/391 | loss 0.0227 | acc 99.2% | 4s elapsed | eta 4s
  step 300/391 | loss 0.0234 | acc 99.1% | 6s elapsed | eta 2s
Ep 152 | loss 0.0234 | task 0.0234 | train 99.2% | test 79.4% | 9s
  step 100/391 | loss 0.0186 | acc 99.4% | 2s elapsed | eta 6s
  step 200/391 | loss 0.0222 | acc 99.3% | 3s elapsed | eta 3s
  step 300/391 | loss 0.0235 | acc 99.2% | 5s elapsed | eta 1s
Ep 153 | loss 0.0228 | task 0.0228 | train 99.2% | test 79.3% | 7s
  step 100/391 | loss 0.0209 | acc 99.3% | 1s elapsed | eta 4s
  step 200/391 | loss 0.0244 | acc 99.2% | 2s elapsed | eta 2s
  step 300/391 | loss 0.0255 | acc 99.2% | 3s elapsed | eta 1s
Ep 154 | loss 0.0252 | task 0.0252 | train 99.1% | test 78.8% | 5s
  step 100/391 | loss 0.0204 | acc 99.3% | 1s elapsed | eta 4s
  step 200/391 | loss 0.0226 | acc 99.2% | 3s elapsed | eta 2s
  step 300/391 | loss 0.0221 | acc 99.2% | 5s elapsed | eta 1s
Ep 155 | loss 0.0221 | task 0.0221 | train 99.2% | test 79.7% | 8s
  step 100/391 | loss 0.0188 | acc 99.4% | 2s elapsed | eta 7s
  step 200/391 | loss 0.0207 | acc 99.3% | 4s elapsed | eta 4s
  step 300/391 | loss 0.0213 | acc 99.3% | 7s elapsed | eta 2s
Ep 156 | loss 0.0223 | task 0.0223 | train 99.3% | test 79.4% | 10s
  step 100/391 | loss 0.0216 | acc 99.3% | 1s elapsed | eta 3s
  step 200/391 | loss 0.0209 | acc 99.3% | 2s elapsed | eta 2s
  step 300/391 | loss 0.0212 | acc 99.3% | 3s elapsed | eta 1s
Ep 157 | loss 0.0217 | task 0.0217 | train 99.2% | test 79.3% | 5s
  step 100/391 | loss 0.0209 | acc 99.4% | 1s elapsed | eta 4s
  step 200/391 | loss 0.0224 | acc 99.3% | 3s elapsed | eta 2s
  step 300/391 | loss 0.0203 | acc 99.3% | 4s elapsed | eta 1s
Ep 158 | loss 0.0215 | task 0.0215 | train 99.3% | test 79.1% | 6s
  step 100/391 | loss 0.0189 | acc 99.3% | 2s elapsed | eta 5s
  step 200/391 | loss 0.0195 | acc 99.3% | 3s elapsed | eta 3s
  step 300/391 | loss 0.0204 | acc 99.3% | 4s elapsed | eta 1s
Ep 159 | loss 0.0210 | task 0.0210 | train 99.2% | test 79.2% | 7s
  step 100/391 | loss 0.0168 | acc 99.4% | 2s elapsed | eta 6s
  step 200/391 | loss 0.0186 | acc 99.4% | 4s elapsed | eta 4s
  step 300/391 | loss 0.0197 | acc 99.3% | 5s elapsed | eta 2s
Ep 160 | loss 0.0212 | task 0.0212 | train 99.3% | test 78.9% | 8s
  step 100/391 | loss 0.0181 | acc 99.5% | 1s elapsed | eta 3s
  step 200/391 | loss 0.0189 | acc 99.4% | 2s elapsed | eta 2s
  step 300/391 | loss 0.0201 | acc 99.3% | 2s elapsed | eta 1s
Ep 161 | loss 0.0197 | task 0.0197 | train 99.3% | test 78.8% | 4s
  step 100/391 | loss 0.0185 | acc 99.3% | 1s elapsed | eta 3s
  step 200/391 | loss 0.0209 | acc 99.3% | 2s elapsed | eta 2s
  step 300/391 | loss 0.0204 | acc 99.3% | 2s elapsed | eta 1s
Ep 162 | loss 0.0200 | task 0.0200 | train 99.3% | test 78.6% | 4s
  step 100/391 | loss 0.0187 | acc 99.3% | 1s elapsed | eta 3s
  step 200/391 | loss 0.0208 | acc 99.3% | 2s elapsed | eta 2s
  step 300/391 | loss 0.0203 | acc 99.3% | 2s elapsed | eta 1s
Ep 163 | loss 0.0208 | task 0.0208 | train 99.3% | test 79.7% | 3s
  step 100/391 | loss 0.0165 | acc 99.5% | 1s elapsed | eta 2s
  step 200/391 | loss 0.0175 | acc 99.4% | 1s elapsed | eta 1s
  step 300/391 | loss 0.0189 | acc 99.3% | 2s elapsed | eta 1s
Ep 164 | loss 0.0190 | task 0.0190 | train 99.3% | test 79.7% | 3s
  step 100/391 | loss 0.0156 | acc 99.4% | 1s elapsed | eta 2s
  step 200/391 | loss 0.0173 | acc 99.4% | 1s elapsed | eta 1s
  step 300/391 | loss 0.0188 | acc 99.3% | 2s elapsed | eta 1s
Ep 165 | loss 0.0185 | task 0.0185 | train 99.3% | test 79.5% | 3s
  step 100/391 | loss 0.0158 | acc 99.4% | 1s elapsed | eta 2s
  step 200/391 | loss 0.0159 | acc 99.4% | 1s elapsed | eta 1s
  step 300/391 | loss 0.0169 | acc 99.4% | 2s elapsed | eta 1s
Ep 166 | loss 0.0169 | task 0.0169 | train 99.4% | test 79.5% | 3s
  step 100/391 | loss 0.0157 | acc 99.4% | 1s elapsed | eta 2s
  step 200/391 | loss 0.0191 | acc 99.3% | 1s elapsed | eta 1s
  step 300/391 | loss 0.0190 | acc 99.3% | 2s elapsed | eta 1s
Ep 167 | loss 0.0191 | task 0.0191 | train 99.3% | test 79.1% | 3s
  step 100/391 | loss 0.0134 | acc 99.5% | 1s elapsed | eta 3s
  step 200/391 | loss 0.0136 | acc 99.5% | 1s elapsed | eta 1s
  step 300/391 | loss 0.0153 | acc 99.5% | 2s elapsed | eta 1s
Ep 168 | loss 0.0169 | task 0.0169 | train 99.4% | test 79.4% | 3s
  step 100/391 | loss 0.0161 | acc 99.4% | 1s elapsed | eta 2s
  step 200/391 | loss 0.0176 | acc 99.4% | 2s elapsed | eta 2s
  step 300/391 | loss 0.0184 | acc 99.4% | 3s elapsed | eta 1s
Ep 169 | loss 0.0185 | task 0.0185 | train 99.4% | test 79.3% | 4s
  step 100/391 | loss 0.0120 | acc 99.6% | 1s elapsed | eta 4s
  step 200/391 | loss 0.0126 | acc 99.6% | 2s elapsed | eta 2s
  step 300/391 | loss 0.0137 | acc 99.5% | 3s elapsed | eta 1s
Ep 170 | loss 0.0143 | task 0.0143 | train 99.5% | test 79.5% | 6s
  step 100/391 | loss 0.0152 | acc 99.4% | 1s elapsed | eta 4s
  step 200/391 | loss 0.0154 | acc 99.4% | 3s elapsed | eta 3s
  step 300/391 | loss 0.0158 | acc 99.4% | 5s elapsed | eta 1s
Ep 171 | loss 0.0166 | task 0.0166 | train 99.4% | test 79.5% | 8s
  step 100/391 | loss 0.0166 | acc 99.5% | 2s elapsed | eta 6s
  step 200/391 | loss 0.0164 | acc 99.5% | 4s elapsed | eta 3s
  step 300/391 | loss 0.0173 | acc 99.4% | 5s elapsed | eta 2s
Ep 172 | loss 0.0172 | task 0.0172 | train 99.4% | test 79.3% | 8s
  step 100/391 | loss 0.0124 | acc 99.6% | 2s elapsed | eta 5s
  step 200/391 | loss 0.0128 | acc 99.6% | 3s elapsed | eta 3s
  step 300/391 | loss 0.0141 | acc 99.5% | 5s elapsed | eta 2s
Ep 173 | loss 0.0142 | task 0.0142 | train 99.5% | test 79.1% | 8s
  step 100/391 | loss 0.0120 | acc 99.6% | 2s elapsed | eta 5s
  step 200/391 | loss 0.0144 | acc 99.5% | 3s elapsed | eta 3s
  step 300/391 | loss 0.0149 | acc 99.5% | 5s elapsed | eta 1s
Ep 174 | loss 0.0145 | task 0.0145 | train 99.5% | test 79.4% | 7s
  step 100/391 | loss 0.0172 | acc 99.4% | 1s elapsed | eta 4s
  step 200/391 | loss 0.0155 | acc 99.5% | 3s elapsed | eta 3s
  step 300/391 | loss 0.0157 | acc 99.5% | 4s elapsed | eta 1s
Ep 175 | loss 0.0159 | task 0.0159 | train 99.4% | test 79.3% | 6s
  step 100/391 | loss 0.0109 | acc 99.6% | 1s elapsed | eta 4s
  step 200/391 | loss 0.0133 | acc 99.5% | 2s elapsed | eta 2s
  step 300/391 | loss 0.0136 | acc 99.5% | 3s elapsed | eta 1s
Ep 176 | loss 0.0135 | task 0.0135 | train 99.5% | test 79.5% | 5s
  step 100/391 | loss 0.0122 | acc 99.6% | 1s elapsed | eta 4s
  step 200/391 | loss 0.0125 | acc 99.6% | 3s elapsed | eta 2s
  step 300/391 | loss 0.0136 | acc 99.6% | 4s elapsed | eta 1s
Ep 177 | loss 0.0136 | task 0.0136 | train 99.6% | test 79.5% | 5s
  step 100/391 | loss 0.0126 | acc 99.6% | 1s elapsed | eta 3s
  step 200/391 | loss 0.0125 | acc 99.6% | 2s elapsed | eta 2s
  step 300/391 | loss 0.0132 | acc 99.5% | 2s elapsed | eta 1s
Ep 178 | loss 0.0139 | task 0.0139 | train 99.5% | test 79.4% | 3s
  step 100/391 | loss 0.0117 | acc 99.6% | 1s elapsed | eta 2s
  step 200/391 | loss 0.0116 | acc 99.6% | 1s elapsed | eta 1s
  step 300/391 | loss 0.0111 | acc 99.6% | 2s elapsed | eta 1s
Ep 179 | loss 0.0115 | task 0.0115 | train 99.6% | test 80.0% | 3s
  step 100/391 | loss 0.0100 | acc 99.6% | 1s elapsed | eta 3s
  step 200/391 | loss 0.0103 | acc 99.6% | 2s elapsed | eta 2s
  step 300/391 | loss 0.0113 | acc 99.6% | 3s elapsed | eta 1s
Ep 180 | loss 0.0113 | task 0.0113 | train 99.6% | test 79.2% | 4s
  step 100/391 | loss 0.0122 | acc 99.6% | 1s elapsed | eta 3s
  step 200/391 | loss 0.0124 | acc 99.6% | 2s elapsed | eta 2s
  step 300/391 | loss 0.0129 | acc 99.6% | 2s elapsed | eta 1s
Ep 181 | loss 0.0132 | task 0.0132 | train 99.6% | test 79.8% | 4s
  step 100/391 | loss 0.0120 | acc 99.6% | 1s elapsed | eta 3s
  step 200/391 | loss 0.0106 | acc 99.6% | 2s elapsed | eta 2s
  step 300/391 | loss 0.0110 | acc 99.6% | 3s elapsed | eta 1s
Ep 182 | loss 0.0111 | task 0.0111 | train 99.6% | test 79.8% | 4s
  step 100/391 | loss 0.0137 | acc 99.5% | 1s elapsed | eta 4s
  step 200/391 | loss 0.0117 | acc 99.6% | 2s elapsed | eta 2s
  step 300/391 | loss 0.0119 | acc 99.6% | 3s elapsed | eta 1s
Ep 183 | loss 0.0124 | task 0.0124 | train 99.6% | test 80.1% | 4s
  step 100/391 | loss 0.0083 | acc 99.7% | 1s elapsed | eta 4s
  step 200/391 | loss 0.0105 | acc 99.6% | 2s elapsed | eta 2s
  step 300/391 | loss 0.0108 | acc 99.6% | 3s elapsed | eta 1s
Ep 184 | loss 0.0109 | task 0.0109 | train 99.6% | test 79.3% | 4s
  step 100/391 | loss 0.0088 | acc 99.7% | 1s elapsed | eta 4s
  step 200/391 | loss 0.0093 | acc 99.7% | 2s elapsed | eta 2s
  step 300/391 | loss 0.0097 | acc 99.7% | 3s elapsed | eta 1s
Ep 185 | loss 0.0103 | task 0.0103 | train 99.6% | test 79.8% | 4s
  step 100/391 | loss 0.0102 | acc 99.7% | 1s elapsed | eta 4s
  step 200/391 | loss 0.0103 | acc 99.7% | 2s elapsed | eta 2s
  step 300/391 | loss 0.0103 | acc 99.6% | 3s elapsed | eta 1s
Ep 186 | loss 0.0098 | task 0.0098 | train 99.7% | test 79.2% | 4s
  step 100/391 | loss 0.0090 | acc 99.7% | 1s elapsed | eta 3s
  step 200/391 | loss 0.0083 | acc 99.7% | 2s elapsed | eta 2s
  step 300/391 | loss 0.0096 | acc 99.7% | 3s elapsed | eta 1s
Ep 187 | loss 0.0098 | task 0.0098 | train 99.7% | test 80.1% | 4s
  step 100/391 | loss 0.0087 | acc 99.7% | 1s elapsed | eta 4s
  step 200/391 | loss 0.0099 | acc 99.7% | 3s elapsed | eta 3s
  step 300/391 | loss 0.0104 | acc 99.7% | 4s elapsed | eta 1s
Ep 188 | loss 0.0108 | task 0.0108 | train 99.7% | test 80.0% | 6s
  step 100/391 | loss 0.0086 | acc 99.7% | 2s elapsed | eta 4s
  step 200/391 | loss 0.0089 | acc 99.7% | 3s elapsed | eta 3s
  step 300/391 | loss 0.0097 | acc 99.7% | 5s elapsed | eta 1s
Ep 189 | loss 0.0095 | task 0.0095 | train 99.7% | test 80.1% | 8s
  step 100/391 | loss 0.0062 | acc 99.8% | 3s elapsed | eta 7s
  step 200/391 | loss 0.0075 | acc 99.8% | 4s elapsed | eta 4s
  step 300/391 | loss 0.0079 | acc 99.7% | 6s elapsed | eta 2s
Ep 190 | loss 0.0089 | task 0.0089 | train 99.7% | test 79.6% | 10s
  step 100/391 | loss 0.0103 | acc 99.7% | 2s elapsed | eta 5s
  step 200/391 | loss 0.0102 | acc 99.7% | 4s elapsed | eta 3s
  step 300/391 | loss 0.0098 | acc 99.7% | 6s elapsed | eta 2s
Ep 191 | loss 0.0097 | task 0.0097 | train 99.7% | test 80.1% | 9s
  step 100/391 | loss 0.0091 | acc 99.7% | 2s elapsed | eta 5s
  step 200/391 | loss 0.0089 | acc 99.7% | 3s elapsed | eta 3s
  step 300/391 | loss 0.0098 | acc 99.7% | 4s elapsed | eta 1s
Ep 192 | loss 0.0097 | task 0.0097 | train 99.7% | test 79.5% | 7s
  step 100/391 | loss 0.0090 | acc 99.7% | 2s elapsed | eta 7s
  step 200/391 | loss 0.0092 | acc 99.7% | 4s elapsed | eta 4s
  step 300/391 | loss 0.0086 | acc 99.7% | 6s elapsed | eta 2s
Ep 193 | loss 0.0084 | task 0.0084 | train 99.7% | test 80.3% | 10s
  step 100/391 | loss 0.0058 | acc 99.8% | 2s elapsed | eta 7s
  step 200/391 | loss 0.0069 | acc 99.8% | 4s elapsed | eta 4s
  step 300/391 | loss 0.0070 | acc 99.7% | 6s elapsed | eta 2s
Ep 194 | loss 0.0077 | task 0.0077 | train 99.7% | test 79.8% | 9s
  step 100/391 | loss 0.0075 | acc 99.8% | 2s elapsed | eta 6s
  step 200/391 | loss 0.0076 | acc 99.7% | 3s elapsed | eta 3s
  step 300/391 | loss 0.0074 | acc 99.7% | 5s elapsed | eta 2s
Ep 195 | loss 0.0074 | task 0.0074 | train 99.8% | test 80.2% | 8s
  step 100/391 | loss 0.0067 | acc 99.8% | 1s elapsed | eta 4s
  step 200/391 | loss 0.0067 | acc 99.8% | 3s elapsed | eta 2s
  step 300/391 | loss 0.0065 | acc 99.8% | 4s elapsed | eta 1s
Ep 196 | loss 0.0073 | task 0.0073 | train 99.8% | test 79.7% | 6s
  step 100/391 | loss 0.0077 | acc 99.7% | 2s elapsed | eta 5s
  step 200/391 | loss 0.0077 | acc 99.7% | 4s elapsed | eta 4s
  step 300/391 | loss 0.0079 | acc 99.7% | 6s elapsed | eta 2s
Ep 197 | loss 0.0080 | task 0.0080 | train 99.7% | test 79.4% | 10s
  step 100/391 | loss 0.0056 | acc 99.8% | 2s elapsed | eta 7s
  step 200/391 | loss 0.0058 | acc 99.8% | 5s elapsed | eta 4s
  step 300/391 | loss 0.0057 | acc 99.8% | 6s elapsed | eta 2s
Ep 198 | loss 0.0059 | task 0.0059 | train 99.8% | test 79.4% | 9s
  step 100/391 | loss 0.0050 | acc 99.8% | 1s elapsed | eta 4s
  step 200/391 | loss 0.0059 | acc 99.8% | 3s elapsed | eta 3s
  step 300/391 | loss 0.0061 | acc 99.8% | 4s elapsed | eta 1s
Ep 199 | loss 0.0064 | task 0.0064 | train 99.8% | test 79.9% | 6s
  step 100/391 | loss 0.0056 | acc 99.8% | 2s elapsed | eta 5s
  step 200/391 | loss 0.0069 | acc 99.8% | 3s elapsed | eta 3s
  step 300/391 | loss 0.0067 | acc 99.8% | 4s elapsed | eta 1s
Ep 200 | loss 0.0069 | task 0.0069 | train 99.8% | test 79.9% | 6s
  step 100/391 | loss 0.0071 | acc 99.8% | 1s elapsed | eta 4s
  step 200/391 | loss 0.0066 | acc 99.8% | 3s elapsed | eta 3s
  step 300/391 | loss 0.0068 | acc 99.8% | 5s elapsed | eta 2s
Ep 201 | loss 0.0068 | task 0.0068 | train 99.8% | test 80.0% | 8s
  step 100/391 | loss 0.0047 | acc 99.9% | 3s elapsed | eta 7s
  step 200/391 | loss 0.0051 | acc 99.8% | 4s elapsed | eta 4s
  step 300/391 | loss 0.0059 | acc 99.8% | 6s elapsed | eta 2s
Ep 202 | loss 0.0063 | task 0.0063 | train 99.8% | test 79.9% | 8s
  step 100/391 | loss 0.0067 | acc 99.8% | 1s elapsed | eta 4s
  step 200/391 | loss 0.0065 | acc 99.8% | 2s elapsed | eta 2s
  step 300/391 | loss 0.0058 | acc 99.8% | 4s elapsed | eta 1s
Ep 203 | loss 0.0060 | task 0.0060 | train 99.8% | test 79.8% | 6s
  step 100/391 | loss 0.0060 | acc 99.8% | 2s elapsed | eta 5s
  step 200/391 | loss 0.0053 | acc 99.8% | 3s elapsed | eta 3s
  step 300/391 | loss 0.0051 | acc 99.8% | 4s elapsed | eta 1s
Ep 204 | loss 0.0054 | task 0.0054 | train 99.8% | test 80.1% | 6s
  step 100/391 | loss 0.0031 | acc 99.9% | 1s elapsed | eta 4s
  step 200/391 | loss 0.0048 | acc 99.8% | 2s elapsed | eta 2s
  step 300/391 | loss 0.0055 | acc 99.8% | 3s elapsed | eta 1s
Ep 205 | loss 0.0058 | task 0.0058 | train 99.8% | test 79.8% | 6s
  step 100/391 | loss 0.0054 | acc 99.8% | 2s elapsed | eta 7s
  step 200/391 | loss 0.0056 | acc 99.8% | 5s elapsed | eta 4s
  step 300/391 | loss 0.0059 | acc 99.8% | 7s elapsed | eta 2s
Ep 206 | loss 0.0054 | task 0.0054 | train 99.8% | test 79.7% | 10s
  step 100/391 | loss 0.0063 | acc 99.8% | 1s elapsed | eta 4s
  step 200/391 | loss 0.0052 | acc 99.8% | 2s elapsed | eta 2s
  step 300/391 | loss 0.0051 | acc 99.8% | 4s elapsed | eta 1s
Ep 207 | loss 0.0049 | task 0.0049 | train 99.9% | test 80.3% | 6s
  step 100/391 | loss 0.0052 | acc 99.8% | 1s elapsed | eta 4s
  step 200/391 | loss 0.0042 | acc 99.9% | 3s elapsed | eta 2s
  step 300/391 | loss 0.0041 | acc 99.9% | 4s elapsed | eta 1s
Ep 208 | loss 0.0043 | task 0.0043 | train 99.9% | test 79.9% | 6s
  step 100/391 | loss 0.0036 | acc 99.9% | 2s elapsed | eta 5s
  step 200/391 | loss 0.0041 | acc 99.9% | 3s elapsed | eta 3s
  step 300/391 | loss 0.0041 | acc 99.9% | 4s elapsed | eta 1s
Ep 209 | loss 0.0044 | task 0.0044 | train 99.9% | test 79.8% | 6s
  step 100/391 | loss 0.0030 | acc 99.9% | 2s elapsed | eta 7s
  step 200/391 | loss 0.0035 | acc 99.9% | 4s elapsed | eta 4s
  step 300/391 | loss 0.0034 | acc 99.9% | 6s elapsed | eta 2s
Ep 210 | loss 0.0035 | task 0.0035 | train 99.9% | test 79.8% | 9s
  step 100/391 | loss 0.0036 | acc 99.9% | 2s elapsed | eta 6s
  step 200/391 | loss 0.0039 | acc 99.9% | 4s elapsed | eta 4s
  step 300/391 | loss 0.0041 | acc 99.9% | 5s elapsed | eta 2s
Ep 211 | loss 0.0041 | task 0.0041 | train 99.9% | test 79.6% | 7s
  step 100/391 | loss 0.0037 | acc 99.9% | 1s elapsed | eta 4s
  step 200/391 | loss 0.0037 | acc 99.9% | 2s elapsed | eta 2s
  step 300/391 | loss 0.0035 | acc 99.9% | 3s elapsed | eta 1s
Ep 212 | loss 0.0034 | task 0.0034 | train 99.9% | test 80.0% | 5s
  step 100/391 | loss 0.0040 | acc 99.9% | 1s elapsed | eta 4s
  step 200/391 | loss 0.0044 | acc 99.9% | 2s elapsed | eta 2s
  step 300/391 | loss 0.0046 | acc 99.9% | 3s elapsed | eta 1s
Ep 213 | loss 0.0049 | task 0.0049 | train 99.9% | test 80.1% | 6s
  step 100/391 | loss 0.0051 | acc 99.8% | 2s elapsed | eta 6s
  step 200/391 | loss 0.0051 | acc 99.8% | 4s elapsed | eta 4s
  step 300/391 | loss 0.0045 | acc 99.8% | 6s elapsed | eta 2s
Ep 214 | loss 0.0047 | task 0.0047 | train 99.8% | test 80.1% | 10s
  step 100/391 | loss 0.0023 | acc 99.9% | 2s elapsed | eta 4s
  step 200/391 | loss 0.0019 | acc 100.0% | 3s elapsed | eta 3s
  step 300/391 | loss 0.0025 | acc 99.9% | 4s elapsed | eta 1s
Ep 215 | loss 0.0029 | task 0.0029 | train 99.9% | test 79.8% | 7s
  step 100/391 | loss 0.0037 | acc 99.9% | 1s elapsed | eta 4s
  step 200/391 | loss 0.0038 | acc 99.9% | 2s elapsed | eta 2s
  step 300/391 | loss 0.0036 | acc 99.9% | 3s elapsed | eta 1s
Ep 216 | loss 0.0039 | task 0.0039 | train 99.9% | test 79.8% | 6s
  step 100/391 | loss 0.0025 | acc 99.9% | 1s elapsed | eta 4s
  step 200/391 | loss 0.0022 | acc 99.9% | 3s elapsed | eta 3s
  step 300/391 | loss 0.0029 | acc 99.9% | 5s elapsed | eta 1s
Ep 217 | loss 0.0031 | task 0.0031 | train 99.9% | test 80.3% | 8s
  step 100/391 | loss 0.0026 | acc 99.9% | 2s elapsed | eta 6s
  step 200/391 | loss 0.0021 | acc 99.9% | 4s elapsed | eta 4s
  step 300/391 | loss 0.0026 | acc 99.9% | 6s elapsed | eta 2s
Ep 218 | loss 0.0032 | task 0.0032 | train 99.9% | test 80.3% | 9s
  step 100/391 | loss 0.0034 | acc 99.9% | 1s elapsed | eta 4s
  step 200/391 | loss 0.0040 | acc 99.9% | 2s elapsed | eta 2s
  step 300/391 | loss 0.0036 | acc 99.9% | 3s elapsed | eta 1s
Ep 219 | loss 0.0037 | task 0.0037 | train 99.9% | test 79.8% | 5s
  step 100/391 | loss 0.0031 | acc 99.9% | 1s elapsed | eta 4s
  step 200/391 | loss 0.0028 | acc 99.9% | 2s elapsed | eta 2s
  step 300/391 | loss 0.0028 | acc 99.9% | 3s elapsed | eta 1s
Ep 220 | loss 0.0031 | task 0.0031 | train 99.9% | test 80.4% | 5s
  step 100/391 | loss 0.0021 | acc 99.9% | 1s elapsed | eta 4s
  step 200/391 | loss 0.0028 | acc 99.9% | 3s elapsed | eta 3s
  step 300/391 | loss 0.0036 | acc 99.9% | 5s elapsed | eta 1s
Ep 221 | loss 0.0034 | task 0.0034 | train 99.9% | test 79.7% | 8s
  step 100/391 | loss 0.0027 | acc 99.9% | 2s elapsed | eta 6s
  step 200/391 | loss 0.0023 | acc 99.9% | 4s elapsed | eta 4s
  step 300/391 | loss 0.0025 | acc 99.9% | 6s elapsed | eta 2s
Ep 222 | loss 0.0025 | task 0.0025 | train 99.9% | test 80.0% | 9s
  step 100/391 | loss 0.0019 | acc 99.9% | 2s elapsed | eta 4s
  step 200/391 | loss 0.0025 | acc 99.9% | 3s elapsed | eta 3s
  step 300/391 | loss 0.0027 | acc 99.9% | 4s elapsed | eta 1s
Ep 223 | loss 0.0026 | task 0.0026 | train 99.9% | test 80.1% | 6s
  step 100/391 | loss 0.0026 | acc 99.9% | 2s elapsed | eta 4s
  step 200/391 | loss 0.0029 | acc 99.9% | 3s elapsed | eta 3s
  step 300/391 | loss 0.0028 | acc 99.9% | 4s elapsed | eta 1s
Ep 224 | loss 0.0025 | task 0.0025 | train 99.9% | test 79.8% | 6s
  step 100/391 | loss 0.0033 | acc 99.9% | 2s elapsed | eta 7s
  step 200/391 | loss 0.0021 | acc 100.0% | 4s elapsed | eta 4s
  step 300/391 | loss 0.0022 | acc 99.9% | 6s elapsed | eta 2s
Ep 225 | loss 0.0020 | task 0.0020 | train 100.0% | test 80.0% | 9s
  step 100/391 | loss 0.0019 | acc 100.0% | 2s elapsed | eta 7s
  step 200/391 | loss 0.0019 | acc 99.9% | 4s elapsed | eta 4s
  step 300/391 | loss 0.0022 | acc 99.9% | 5s elapsed | eta 1s
Ep 226 | loss 0.0022 | task 0.0022 | train 99.9% | test 80.3% | 7s
  step 100/391 | loss 0.0027 | acc 99.9% | 1s elapsed | eta 4s
  step 200/391 | loss 0.0025 | acc 99.9% | 2s elapsed | eta 2s
  step 300/391 | loss 0.0025 | acc 99.9% | 3s elapsed | eta 1s
Ep 227 | loss 0.0023 | task 0.0023 | train 99.9% | test 80.4% | 5s
  step 100/391 | loss 0.0029 | acc 99.9% | 2s elapsed | eta 6s
  step 200/391 | loss 0.0028 | acc 99.9% | 4s elapsed | eta 3s
  step 300/391 | loss 0.0025 | acc 99.9% | 5s elapsed | eta 2s
Ep 228 | loss 0.0023 | task 0.0023 | train 99.9% | test 80.3% | 8s
  step 100/391 | loss 0.0018 | acc 99.9% | 1s elapsed | eta 4s
  step 200/391 | loss 0.0016 | acc 99.9% | 2s elapsed | eta 2s
  step 300/391 | loss 0.0014 | acc 100.0% | 3s elapsed | eta 1s
Ep 229 | loss 0.0017 | task 0.0017 | train 99.9% | test 80.5% | 4s
  step 100/391 | loss 0.0018 | acc 99.9% | 1s elapsed | eta 4s
  step 200/391 | loss 0.0021 | acc 99.9% | 2s elapsed | eta 2s
  step 300/391 | loss 0.0021 | acc 99.9% | 3s elapsed | eta 1s
Ep 230 | loss 0.0022 | task 0.0022 | train 99.9% | test 79.8% | 4s
  step 100/391 | loss 0.0028 | acc 99.9% | 1s elapsed | eta 3s
  step 200/391 | loss 0.0023 | acc 99.9% | 2s elapsed | eta 2s
  step 300/391 | loss 0.0022 | acc 99.9% | 2s elapsed | eta 1s
Ep 231 | loss 0.0022 | task 0.0022 | train 99.9% | test 80.1% | 4s
  step 100/391 | loss 0.0010 | acc 100.0% | 1s elapsed | eta 3s
  step 200/391 | loss 0.0012 | acc 100.0% | 2s elapsed | eta 2s
  step 300/391 | loss 0.0013 | acc 100.0% | 2s elapsed | eta 1s
Ep 232 | loss 0.0013 | task 0.0013 | train 100.0% | test 80.1% | 4s
  step 100/391 | loss 0.0016 | acc 100.0% | 1s elapsed | eta 3s
  step 200/391 | loss 0.0015 | acc 100.0% | 2s elapsed | eta 2s
  step 300/391 | loss 0.0014 | acc 100.0% | 3s elapsed | eta 1s
Ep 233 | loss 0.0014 | task 0.0014 | train 100.0% | test 80.5% | 4s
  step 100/391 | loss 0.0009 | acc 100.0% | 1s elapsed | eta 4s
  step 200/391 | loss 0.0009 | acc 100.0% | 2s elapsed | eta 2s
  step 300/391 | loss 0.0011 | acc 100.0% | 3s elapsed | eta 1s
Ep 234 | loss 0.0012 | task 0.0012 | train 100.0% | test 80.5% | 4s
  step 100/391 | loss 0.0010 | acc 100.0% | 1s elapsed | eta 4s
  step 200/391 | loss 0.0015 | acc 99.9% | 2s elapsed | eta 2s
  step 300/391 | loss 0.0013 | acc 100.0% | 3s elapsed | eta 1s
Ep 235 | loss 0.0011 | task 0.0011 | train 100.0% | test 80.6% | 4s
  step 100/391 | loss 0.0012 | acc 100.0% | 1s elapsed | eta 2s
  step 200/391 | loss 0.0009 | acc 100.0% | 2s elapsed | eta 1s
  step 300/391 | loss 0.0012 | acc 100.0% | 2s elapsed | eta 1s
Ep 236 | loss 0.0013 | task 0.0013 | train 100.0% | test 80.1% | 3s
  step 100/391 | loss 0.0011 | acc 100.0% | 1s elapsed | eta 3s
  step 200/391 | loss 0.0017 | acc 99.9% | 2s elapsed | eta 2s
  step 300/391 | loss 0.0017 | acc 100.0% | 2s elapsed | eta 1s
Ep 237 | loss 0.0016 | task 0.0016 | train 100.0% | test 80.2% | 3s
  step 100/391 | loss 0.0013 | acc 100.0% | 1s elapsed | eta 2s
  step 200/391 | loss 0.0015 | acc 100.0% | 2s elapsed | eta 1s
  step 300/391 | loss 0.0016 | acc 100.0% | 2s elapsed | eta 1s
Ep 238 | loss 0.0014 | task 0.0014 | train 100.0% | test 80.3% | 3s
  step 100/391 | loss 0.0007 | acc 100.0% | 1s elapsed | eta 2s
  step 200/391 | loss 0.0010 | acc 100.0% | 1s elapsed | eta 1s
  step 300/391 | loss 0.0010 | acc 100.0% | 2s elapsed | eta 1s
Ep 239 | loss 0.0010 | task 0.0010 | train 100.0% | test 80.7% | 3s
  step 100/391 | loss 0.0006 | acc 100.0% | 1s elapsed | eta 2s
  step 200/391 | loss 0.0006 | acc 100.0% | 2s elapsed | eta 1s
  step 300/391 | loss 0.0009 | acc 100.0% | 2s elapsed | eta 1s
Ep 240 | loss 0.0009 | task 0.0009 | train 100.0% | test 80.5% | 3s
  step 100/391 | loss 0.0009 | acc 100.0% | 1s elapsed | eta 3s
  step 200/391 | loss 0.0010 | acc 100.0% | 2s elapsed | eta 2s
  step 300/391 | loss 0.0009 | acc 100.0% | 2s elapsed | eta 1s
Ep 241 | loss 0.0009 | task 0.0009 | train 100.0% | test 80.6% | 4s
  step 100/391 | loss 0.0007 | acc 100.0% | 1s elapsed | eta 3s
  step 200/391 | loss 0.0010 | acc 100.0% | 1s elapsed | eta 1s
  step 300/391 | loss 0.0008 | acc 100.0% | 2s elapsed | eta 1s
Ep 242 | loss 0.0009 | task 0.0009 | train 100.0% | test 80.5% | 3s
  step 100/391 | loss 0.0007 | acc 100.0% | 1s elapsed | eta 3s
  step 200/391 | loss 0.0007 | acc 100.0% | 2s elapsed | eta 2s
  step 300/391 | loss 0.0006 | acc 100.0% | 2s elapsed | eta 1s
Ep 243 | loss 0.0007 | task 0.0007 | train 100.0% | test 80.5% | 3s
  step 100/391 | loss 0.0005 | acc 100.0% | 1s elapsed | eta 2s
  step 200/391 | loss 0.0007 | acc 100.0% | 1s elapsed | eta 1s
  step 300/391 | loss 0.0007 | acc 100.0% | 2s elapsed | eta 1s
Ep 244 | loss 0.0010 | task 0.0010 | train 100.0% | test 80.0% | 3s
  step 100/391 | loss 0.0006 | acc 100.0% | 1s elapsed | eta 3s
  step 200/391 | loss 0.0006 | acc 100.0% | 2s elapsed | eta 2s
  step 300/391 | loss 0.0006 | acc 100.0% | 2s elapsed | eta 1s
Ep 245 | loss 0.0006 | task 0.0006 | train 100.0% | test 80.3% | 4s
  step 100/391 | loss 0.0007 | acc 100.0% | 1s elapsed | eta 3s
  step 200/391 | loss 0.0007 | acc 100.0% | 2s elapsed | eta 2s
  step 300/391 | loss 0.0008 | acc 100.0% | 3s elapsed | eta 1s
Ep 246 | loss 0.0008 | task 0.0008 | train 100.0% | test 80.5% | 4s
  step 100/391 | loss 0.0007 | acc 100.0% | 1s elapsed | eta 4s
  step 200/391 | loss 0.0006 | acc 100.0% | 2s elapsed | eta 2s
  step 300/391 | loss 0.0006 | acc 100.0% | 3s elapsed | eta 1s
Ep 247 | loss 0.0006 | task 0.0006 | train 100.0% | test 80.6% | 4s
  step 100/391 | loss 0.0009 | acc 100.0% | 1s elapsed | eta 4s
  step 200/391 | loss 0.0008 | acc 100.0% | 2s elapsed | eta 2s
  step 300/391 | loss 0.0007 | acc 100.0% | 3s elapsed | eta 1s
Ep 248 | loss 0.0007 | task 0.0007 | train 100.0% | test 80.5% | 4s
  step 100/391 | loss 0.0005 | acc 100.0% | 1s elapsed | eta 4s
  step 200/391 | loss 0.0004 | acc 100.0% | 2s elapsed | eta 2s
  step 300/391 | loss 0.0008 | acc 100.0% | 3s elapsed | eta 1s
Ep 249 | loss 0.0009 | task 0.0009 | train 100.0% | test 80.4% | 4s
  step 100/391 | loss 0.0004 | acc 100.0% | 1s elapsed | eta 4s
  step 200/391 | loss 0.0005 | acc 100.0% | 2s elapsed | eta 2s
  step 300/391 | loss 0.0005 | acc 100.0% | 3s elapsed | eta 1s
Ep 250 | loss 0.0005 | task 0.0005 | train 100.0% | test 80.5% | 4s
  step 100/391 | loss 0.0007 | acc 100.0% | 1s elapsed | eta 4s
  step 200/391 | loss 0.0006 | acc 100.0% | 3s elapsed | eta 2s
  step 300/391 | loss 0.0005 | acc 100.0% | 4s elapsed | eta 1s
Ep 251 | loss 0.0005 | task 0.0005 | train 100.0% | test 80.7% | 6s
  step 100/391 | loss 0.0002 | acc 100.0% | 2s elapsed | eta 5s
  step 200/391 | loss 0.0002 | acc 100.0% | 3s elapsed | eta 3s
  step 300/391 | loss 0.0007 | acc 100.0% | 5s elapsed | eta 1s
Ep 252 | loss 0.0006 | task 0.0006 | train 100.0% | test 80.3% | 7s
  step 100/391 | loss 0.0009 | acc 100.0% | 2s elapsed | eta 5s
  step 200/391 | loss 0.0005 | acc 100.0% | 4s elapsed | eta 3s
  step 300/391 | loss 0.0005 | acc 100.0% | 5s elapsed | eta 2s
Ep 253 | loss 0.0005 | task 0.0005 | train 100.0% | test 80.6% | 8s
  step 100/391 | loss 0.0004 | acc 100.0% | 2s elapsed | eta 6s
  step 200/391 | loss 0.0004 | acc 100.0% | 3s elapsed | eta 3s
  step 300/391 | loss 0.0004 | acc 100.0% | 5s elapsed | eta 2s
Ep 254 | loss 0.0004 | task 0.0004 | train 100.0% | test 80.8% | 7s
  step 100/391 | loss 0.0007 | acc 100.0% | 2s elapsed | eta 5s
  step 200/391 | loss 0.0005 | acc 100.0% | 3s elapsed | eta 3s
  step 300/391 | loss 0.0003 | acc 100.0% | 5s elapsed | eta 1s
Ep 255 | loss 0.0003 | task 0.0003 | train 100.0% | test 80.7% | 8s
  step 100/391 | loss 0.0007 | acc 100.0% | 1s elapsed | eta 4s
  step 200/391 | loss 0.0006 | acc 100.0% | 3s elapsed | eta 2s
  step 300/391 | loss 0.0004 | acc 100.0% | 4s elapsed | eta 1s
Ep 256 | loss 0.0004 | task 0.0004 | train 100.0% | test 80.6% | 7s
  step 100/391 | loss 0.0003 | acc 100.0% | 2s elapsed | eta 6s
  step 200/391 | loss 0.0003 | acc 100.0% | 4s elapsed | eta 4s
  step 300/391 | loss 0.0005 | acc 100.0% | 7s elapsed | eta 2s
Ep 257 | loss 0.0005 | task 0.0005 | train 100.0% | test 80.3% | 10s
  step 100/391 | loss 0.0005 | acc 100.0% | 2s elapsed | eta 5s
  step 200/391 | loss 0.0006 | acc 100.0% | 4s elapsed | eta 3s
  step 300/391 | loss 0.0005 | acc 100.0% | 6s elapsed | eta 2s
Ep 258 | loss 0.0004 | task 0.0004 | train 100.0% | test 80.3% | 9s
  step 100/391 | loss 0.0006 | acc 100.0% | 2s elapsed | eta 5s
  step 200/391 | loss 0.0004 | acc 100.0% | 3s elapsed | eta 3s
  step 300/391 | loss 0.0003 | acc 100.0% | 5s elapsed | eta 2s
Ep 259 | loss 0.0003 | task 0.0003 | train 100.0% | test 80.7% | 8s
  step 100/391 | loss 0.0003 | acc 100.0% | 1s elapsed | eta 4s
  step 200/391 | loss 0.0004 | acc 100.0% | 3s elapsed | eta 2s
  step 300/391 | loss 0.0005 | acc 100.0% | 4s elapsed | eta 1s
Ep 260 | loss 0.0004 | task 0.0004 | train 100.0% | test 80.5% | 6s
  step 100/391 | loss 0.0001 | acc 100.0% | 2s elapsed | eta 5s
  step 200/391 | loss 0.0003 | acc 100.0% | 3s elapsed | eta 3s
  step 300/391 | loss 0.0003 | acc 100.0% | 5s elapsed | eta 1s
Ep 261 | loss 0.0003 | task 0.0003 | train 100.0% | test 80.6% | 8s
  step 100/391 | loss 0.0002 | acc 100.0% | 2s elapsed | eta 7s
  step 200/391 | loss 0.0002 | acc 100.0% | 4s elapsed | eta 4s
  step 300/391 | loss 0.0002 | acc 100.0% | 7s elapsed | eta 2s
Ep 262 | loss 0.0002 | task 0.0002 | train 100.0% | test 80.8% | 9s
  step 100/391 | loss 0.0005 | acc 100.0% | 2s elapsed | eta 5s
  step 200/391 | loss 0.0003 | acc 100.0% | 3s elapsed | eta 3s
  step 300/391 | loss 0.0004 | acc 100.0% | 4s elapsed | eta 1s
Ep 263 | loss 0.0004 | task 0.0004 | train 100.0% | test 80.7% | 7s
  step 100/391 | loss 0.0003 | acc 100.0% | 1s elapsed | eta 4s
  step 200/391 | loss 0.0002 | acc 100.0% | 3s elapsed | eta 2s
  step 300/391 | loss 0.0002 | acc 100.0% | 4s elapsed | eta 1s
Ep 264 | loss 0.0002 | task 0.0002 | train 100.0% | test 80.6% | 6s
  step 100/391 | loss 0.0001 | acc 100.0% | 1s elapsed | eta 4s
  step 200/391 | loss 0.0003 | acc 100.0% | 3s elapsed | eta 3s
  step 300/391 | loss 0.0002 | acc 100.0% | 4s elapsed | eta 1s
Ep 265 | loss 0.0002 | task 0.0002 | train 100.0% | test 80.5% | 7s
  step 100/391 | loss 0.0001 | acc 100.0% | 2s elapsed | eta 6s
  step 200/391 | loss 0.0001 | acc 100.0% | 4s elapsed | eta 4s
  step 300/391 | loss 0.0001 | acc 100.0% | 6s elapsed | eta 2s
Ep 266 | loss 0.0002 | task 0.0002 | train 100.0% | test 80.7% | 9s
  step 100/391 | loss 0.0001 | acc 100.0% | 1s elapsed | eta 4s
  step 200/391 | loss 0.0001 | acc 100.0% | 3s elapsed | eta 3s
  step 300/391 | loss 0.0001 | acc 100.0% | 4s elapsed | eta 1s
Ep 267 | loss 0.0001 | task 0.0001 | train 100.0% | test 80.5% | 6s
  step 100/391 | loss 0.0001 | acc 100.0% | 2s elapsed | eta 4s
  step 200/391 | loss 0.0001 | acc 100.0% | 3s elapsed | eta 3s
  step 300/391 | loss 0.0001 | acc 100.0% | 4s elapsed | eta 1s
Ep 268 | loss 0.0001 | task 0.0001 | train 100.0% | test 80.8% | 6s
  step 100/391 | loss 0.0003 | acc 100.0% | 2s elapsed | eta 5s
  step 200/391 | loss 0.0002 | acc 100.0% | 3s elapsed | eta 3s
  step 300/391 | loss 0.0002 | acc 100.0% | 4s elapsed | eta 1s
Ep 269 | loss 0.0002 | task 0.0002 | train 100.0% | test 80.7% | 7s
  step 100/391 | loss 0.0003 | acc 100.0% | 2s elapsed | eta 7s
  step 200/391 | loss 0.0002 | acc 100.0% | 4s elapsed | eta 4s
  step 300/391 | loss 0.0002 | acc 100.0% | 6s elapsed | eta 2s
Ep 270 | loss 0.0002 | task 0.0002 | train 100.0% | test 80.8% | 9s
  step 100/391 | loss 0.0003 | acc 100.0% | 2s elapsed | eta 6s
  step 200/391 | loss 0.0003 | acc 100.0% | 3s elapsed | eta 3s
  step 300/391 | loss 0.0002 | acc 100.0% | 4s elapsed | eta 1s
Ep 271 | loss 0.0003 | task 0.0003 | train 100.0% | test 80.7% | 7s
  step 100/391 | loss 0.0001 | acc 100.0% | 2s elapsed | eta 4s
  step 200/391 | loss 0.0001 | acc 100.0% | 3s elapsed | eta 3s
  step 300/391 | loss 0.0001 | acc 100.0% | 4s elapsed | eta 1s
Ep 272 | loss 0.0001 | task 0.0001 | train 100.0% | test 80.9% | 6s
  step 100/391 | loss 0.0002 | acc 100.0% | 1s elapsed | eta 4s
  step 200/391 | loss 0.0001 | acc 100.0% | 2s elapsed | eta 2s
  step 300/391 | loss 0.0001 | acc 100.0% | 4s elapsed | eta 1s
Ep 273 | loss 0.0002 | task 0.0002 | train 100.0% | test 80.5% | 7s
  step 100/391 | loss 0.0001 | acc 100.0% | 2s elapsed | eta 5s
  step 200/391 | loss 0.0001 | acc 100.0% | 4s elapsed | eta 3s
  step 300/391 | loss 0.0001 | acc 100.0% | 6s elapsed | eta 2s
Ep 274 | loss 0.0001 | task 0.0001 | train 100.0% | test 80.8% | 9s
  step 100/391 | loss 0.0001 | acc 100.0% | 2s elapsed | eta 6s
  step 200/391 | loss 0.0001 | acc 100.0% | 3s elapsed | eta 3s
  step 300/391 | loss 0.0001 | acc 100.0% | 4s elapsed | eta 1s
Ep 275 | loss 0.0001 | task 0.0001 | train 100.0% | test 80.6% | 6s
  step 100/391 | loss 0.0001 | acc 100.0% | 1s elapsed | eta 4s
  step 200/391 | loss 0.0001 | acc 100.0% | 2s elapsed | eta 2s
  step 300/391 | loss 0.0001 | acc 100.0% | 3s elapsed | eta 1s
Ep 276 | loss 0.0001 | task 0.0001 | train 100.0% | test 80.8% | 5s
  step 100/391 | loss 0.0002 | acc 100.0% | 1s elapsed | eta 4s
  step 200/391 | loss 0.0002 | acc 100.0% | 2s elapsed | eta 2s
  step 300/391 | loss 0.0002 | acc 100.0% | 4s elapsed | eta 1s
Ep 277 | loss 0.0002 | task 0.0002 | train 100.0% | test 80.8% | 7s
  step 100/391 | loss 0.0001 | acc 100.0% | 2s elapsed | eta 6s
  step 200/391 | loss 0.0001 | acc 100.0% | 4s elapsed | eta 4s
  step 300/391 | loss 0.0001 | acc 100.0% | 6s elapsed | eta 2s
Ep 278 | loss 0.0001 | task 0.0001 | train 100.0% | test 80.8% | 9s
  step 100/391 | loss 0.0001 | acc 100.0% | 2s elapsed | eta 5s
  step 200/391 | loss 0.0001 | acc 100.0% | 3s elapsed | eta 3s
  step 300/391 | loss 0.0001 | acc 100.0% | 4s elapsed | eta 1s
Ep 279 | loss 0.0001 | task 0.0001 | train 100.0% | test 80.8% | 7s
  step 100/391 | loss 0.0001 | acc 100.0% | 2s elapsed | eta 5s
  step 200/391 | loss 0.0001 | acc 100.0% | 3s elapsed | eta 3s
  step 300/391 | loss 0.0001 | acc 100.0% | 4s elapsed | eta 1s
Ep 280 | loss 0.0001 | task 0.0001 | train 100.0% | test 80.8% | 6s
  step 100/391 | loss 0.0003 | acc 100.0% | 1s elapsed | eta 4s
  step 200/391 | loss 0.0002 | acc 100.0% | 3s elapsed | eta 3s
  step 300/391 | loss 0.0001 | acc 100.0% | 5s elapsed | eta 1s
Ep 281 | loss 0.0001 | task 0.0001 | train 100.0% | test 80.9% | 7s
  step 100/391 | loss 0.0001 | acc 100.0% | 2s elapsed | eta 6s
  step 200/391 | loss 0.0001 | acc 100.0% | 4s elapsed | eta 4s
  step 300/391 | loss 0.0001 | acc 100.0% | 6s elapsed | eta 2s
Ep 282 | loss 0.0001 | task 0.0001 | train 100.0% | test 80.9% | 9s
  step 100/391 | loss 0.0001 | acc 100.0% | 1s elapsed | eta 4s
  step 200/391 | loss 0.0001 | acc 100.0% | 2s elapsed | eta 2s
  step 300/391 | loss 0.0001 | acc 100.0% | 3s elapsed | eta 1s
Ep 283 | loss 0.0001 | task 0.0001 | train 100.0% | test 80.8% | 5s
  step 100/391 | loss 0.0001 | acc 100.0% | 1s elapsed | eta 4s
  step 200/391 | loss 0.0000 | acc 100.0% | 2s elapsed | eta 2s
  step 300/391 | loss 0.0000 | acc 100.0% | 3s elapsed | eta 1s
Ep 284 | loss 0.0000 | task 0.0000 | train 100.0% | test 80.9% | 5s
  step 100/391 | loss 0.0000 | acc 100.0% | 1s elapsed | eta 4s
  step 200/391 | loss 0.0001 | acc 100.0% | 3s elapsed | eta 2s
  step 300/391 | loss 0.0000 | acc 100.0% | 5s elapsed | eta 1s
Ep 285 | loss 0.0001 | task 0.0001 | train 100.0% | test 81.0% | 8s
  step 100/391 | loss 0.0001 | acc 100.0% | 2s elapsed | eta 7s
  step 200/391 | loss 0.0001 | acc 100.0% | 4s elapsed | eta 4s
  step 300/391 | loss 0.0001 | acc 100.0% | 6s elapsed | eta 2s
Ep 286 | loss 0.0001 | task 0.0001 | train 100.0% | test 80.9% | 9s
  step 100/391 | loss 0.0001 | acc 100.0% | 2s elapsed | eta 5s
  step 200/391 | loss 0.0001 | acc 100.0% | 3s elapsed | eta 3s
  step 300/391 | loss 0.0003 | acc 100.0% | 4s elapsed | eta 1s
Ep 287 | loss 0.0002 | task 0.0002 | train 100.0% | test 80.9% | 6s
  step 100/391 | loss 0.0000 | acc 100.0% | 2s elapsed | eta 4s
  step 200/391 | loss 0.0001 | acc 100.0% | 2s elapsed | eta 2s
  step 300/391 | loss 0.0001 | acc 100.0% | 4s elapsed | eta 1s
Ep 288 | loss 0.0001 | task 0.0001 | train 100.0% | test 80.9% | 6s
  step 100/391 | loss 0.0001 | acc 100.0% | 1s elapsed | eta 4s
  step 200/391 | loss 0.0001 | acc 100.0% | 3s elapsed | eta 3s
  step 300/391 | loss 0.0000 | acc 100.0% | 5s elapsed | eta 1s
Ep 289 | loss 0.0000 | task 0.0000 | train 100.0% | test 80.8% | 7s
  step 100/391 | loss 0.0000 | acc 100.0% | 2s elapsed | eta 6s
  step 200/391 | loss 0.0000 | acc 100.0% | 4s elapsed | eta 3s
  step 300/391 | loss 0.0000 | acc 100.0% | 5s elapsed | eta 2s
Ep 290 | loss 0.0000 | task 0.0000 | train 100.0% | test 80.9% | 8s
  step 100/391 | loss 0.0001 | acc 100.0% | 1s elapsed | eta 4s
  step 200/391 | loss 0.0001 | acc 100.0% | 2s elapsed | eta 2s
  step 300/391 | loss 0.0001 | acc 100.0% | 4s elapsed | eta 1s
Ep 291 | loss 0.0001 | task 0.0001 | train 100.0% | test 80.9% | 6s
  step 100/391 | loss 0.0000 | acc 100.0% | 1s elapsed | eta 3s
  step 200/391 | loss 0.0001 | acc 100.0% | 2s elapsed | eta 2s
  step 300/391 | loss 0.0001 | acc 100.0% | 3s elapsed | eta 1s
Ep 292 | loss 0.0001 | task 0.0001 | train 100.0% | test 80.9% | 4s
  step 100/391 | loss 0.0000 | acc 100.0% | 1s elapsed | eta 3s
  step 200/391 | loss 0.0000 | acc 100.0% | 2s elapsed | eta 2s
  step 300/391 | loss 0.0000 | acc 100.0% | 2s elapsed | eta 1s
Ep 293 | loss 0.0000 | task 0.0000 | train 100.0% | test 80.9% | 4s
  step 100/391 | loss 0.0000 | acc 100.0% | 1s elapsed | eta 4s
  step 200/391 | loss 0.0000 | acc 100.0% | 2s elapsed | eta 2s
  step 300/391 | loss 0.0000 | acc 100.0% | 3s elapsed | eta 1s
Ep 294 | loss 0.0000 | task 0.0000 | train 100.0% | test 80.9% | 4s
  step 100/391 | loss 0.0001 | acc 100.0% | 1s elapsed | eta 3s
  step 200/391 | loss 0.0001 | acc 100.0% | 2s elapsed | eta 2s
  step 300/391 | loss 0.0000 | acc 100.0% | 3s elapsed | eta 1s
Ep 295 | loss 0.0000 | task 0.0000 | train 100.0% | test 81.0% | 4s
  step 100/391 | loss 0.0001 | acc 100.0% | 1s elapsed | eta 4s
  step 200/391 | loss 0.0000 | acc 100.0% | 2s elapsed | eta 2s
  step 300/391 | loss 0.0000 | acc 100.0% | 3s elapsed | eta 1s
Ep 296 | loss 0.0001 | task 0.0001 | train 100.0% | test 80.9% | 4s
  step 100/391 | loss 0.0000 | acc 100.0% | 1s elapsed | eta 3s
  step 200/391 | loss 0.0000 | acc 100.0% | 2s elapsed | eta 2s
  step 300/391 | loss 0.0000 | acc 100.0% | 2s elapsed | eta 1s
Ep 297 | loss 0.0001 | task 0.0001 | train 100.0% | test 81.0% | 4s
  step 100/391 | loss 0.0000 | acc 100.0% | 1s elapsed | eta 4s
  step 200/391 | loss 0.0000 | acc 100.0% | 2s elapsed | eta 2s
  step 300/391 | loss 0.0000 | acc 100.0% | 3s elapsed | eta 1s
Ep 298 | loss 0.0000 | task 0.0000 | train 100.0% | test 81.0% | 4s
  step 100/391 | loss 0.0001 | acc 100.0% | 1s elapsed | eta 3s
  step 200/391 | loss 0.0000 | acc 100.0% | 2s elapsed | eta 2s
  step 300/391 | loss 0.0000 | acc 100.0% | 2s elapsed | eta 1s
Ep 299 | loss 0.0000 | task 0.0000 | train 100.0% | test 81.0% | 3s
  step 100/391 | loss 0.0001 | acc 100.0% | 1s elapsed | eta 2s
  step 200/391 | loss 0.0001 | acc 100.0% | 1s elapsed | eta 1s
  step 300/391 | loss 0.0001 | acc 100.0% | 2s elapsed | eta 1s
Ep 300 | loss 0.0001 | task 0.0001 | train 100.0% | test 81.0% | 3s
Saved checkpoint to models/base_plain_K4_300ep.pt
