/home/ec2-user/dev/ugh/.venv/lib/python3.13/site-packages/torchvision/datasets/cifar.py:83: VisibleDeprecationWarning: dtype(): align should be passed as Python or NumPy boolean but got `align=0`. Did you mean to pass a tuple to create a subarray type? (Deprecated NumPy 2.4)
  entry = pickle.load(f, encoding="latin1")
Model: baseline | Params: 914,122 | K=2 | blocks/unit=-
----------------------------------------------------------------------
  step 100/391 | loss 1.9499 | acc 26.8% | 5s elapsed | eta 15s
  step 200/391 | loss 1.8484 | acc 31.0% | 9s elapsed | eta 9s
  step 300/391 | loss 1.7711 | acc 34.1% | 13s elapsed | eta 4s
Ep   1 | loss 1.7161 | task 1.7161 | train 36.4% | test 44.8% | 19s
  step 100/391 | loss 1.4744 | acc 46.1% | 5s elapsed | eta 13s
  step 200/391 | loss 1.4531 | acc 47.0% | 9s elapsed | eta 9s
  step 300/391 | loss 1.4276 | acc 47.9% | 13s elapsed | eta 4s
Ep   2 | loss 1.4104 | task 1.4104 | train 48.5% | test 51.9% | 19s
  step 100/391 | loss 1.3091 | acc 52.1% | 5s elapsed | eta 13s
  step 200/391 | loss 1.3098 | acc 52.2% | 9s elapsed | eta 9s
  step 300/391 | loss 1.2944 | acc 52.9% | 14s elapsed | eta 4s
Ep   3 | loss 1.2856 | task 1.2856 | train 53.3% | test 55.7% | 20s
  step 100/391 | loss 1.2308 | acc 55.2% | 4s elapsed | eta 12s
  step 200/391 | loss 1.2252 | acc 55.7% | 8s elapsed | eta 8s
  step 300/391 | loss 1.2122 | acc 56.0% | 12s elapsed | eta 4s
Ep   4 | loss 1.2029 | task 1.2029 | train 56.4% | test 58.3% | 17s
  step 100/391 | loss 1.1734 | acc 57.6% | 4s elapsed | eta 12s
  step 200/391 | loss 1.1532 | acc 58.4% | 8s elapsed | eta 7s
  step 300/391 | loss 1.1450 | acc 58.6% | 11s elapsed | eta 3s
Ep   5 | loss 1.1415 | task 1.1415 | train 58.7% | test 60.4% | 16s
  step 100/391 | loss 1.0982 | acc 60.3% | 4s elapsed | eta 12s
  step 200/391 | loss 1.1010 | acc 60.2% | 7s elapsed | eta 7s
  step 300/391 | loss 1.0985 | acc 60.2% | 11s elapsed | eta 3s
Ep   6 | loss 1.0942 | task 1.0942 | train 60.4% | test 58.9% | 15s
  step 100/391 | loss 1.0701 | acc 61.0% | 3s elapsed | eta 8s
  step 200/391 | loss 1.0634 | acc 61.4% | 5s elapsed | eta 5s
  step 300/391 | loss 1.0582 | acc 61.7% | 9s elapsed | eta 3s
Ep   7 | loss 1.0553 | task 1.0553 | train 62.0% | test 62.2% | 13s
  step 100/391 | loss 1.0339 | acc 63.1% | 4s elapsed | eta 11s
  step 200/391 | loss 1.0198 | acc 63.6% | 7s elapsed | eta 7s
  step 300/391 | loss 1.0207 | acc 63.5% | 10s elapsed | eta 3s
Ep   8 | loss 1.0163 | task 1.0163 | train 63.7% | test 63.7% | 15s
  step 100/391 | loss 0.9832 | acc 64.9% | 4s elapsed | eta 11s
  step 200/391 | loss 0.9850 | acc 64.7% | 7s elapsed | eta 7s
  step 300/391 | loss 0.9929 | acc 64.4% | 11s elapsed | eta 3s
Ep   9 | loss 0.9898 | task 0.9898 | train 64.6% | test 65.0% | 14s
  step 100/391 | loss 0.9497 | acc 65.8% | 3s elapsed | eta 8s
  step 200/391 | loss 0.9621 | acc 65.4% | 5s elapsed | eta 5s
  step 300/391 | loss 0.9590 | acc 65.6% | 8s elapsed | eta 2s
Ep  10 | loss 0.9583 | task 0.9583 | train 65.6% | test 65.9% | 11s
  step 100/391 | loss 0.9244 | acc 67.3% | 2s elapsed | eta 7s
  step 200/391 | loss 0.9299 | acc 67.0% | 5s elapsed | eta 5s
  step 300/391 | loss 0.9332 | acc 66.7% | 7s elapsed | eta 2s
Ep  11 | loss 0.9290 | task 0.9290 | train 66.8% | test 66.6% | 11s
  step 100/391 | loss 0.9064 | acc 67.8% | 2s elapsed | eta 5s
  step 200/391 | loss 0.9087 | acc 67.6% | 3s elapsed | eta 3s
  step 300/391 | loss 0.9102 | acc 67.6% | 5s elapsed | eta 2s
Ep  12 | loss 0.9083 | task 0.9083 | train 67.7% | test 67.1% | 8s
  step 100/391 | loss 0.8590 | acc 69.1% | 2s elapsed | eta 5s
  step 200/391 | loss 0.8775 | acc 68.7% | 4s elapsed | eta 4s
  step 300/391 | loss 0.8738 | acc 68.8% | 6s elapsed | eta 2s
Ep  13 | loss 0.8801 | task 0.8801 | train 68.6% | test 68.7% | 10s
  step 100/391 | loss 0.8686 | acc 68.6% | 3s elapsed | eta 8s
  step 200/391 | loss 0.8628 | acc 69.1% | 5s elapsed | eta 5s
  step 300/391 | loss 0.8642 | acc 69.2% | 8s elapsed | eta 2s
Ep  14 | loss 0.8602 | task 0.8602 | train 69.3% | test 69.2% | 11s
  step 100/391 | loss 0.8219 | acc 70.7% | 2s elapsed | eta 7s
  step 200/391 | loss 0.8240 | acc 70.8% | 4s elapsed | eta 4s
  step 300/391 | loss 0.8285 | acc 70.6% | 6s elapsed | eta 2s
Ep  15 | loss 0.8311 | task 0.8311 | train 70.5% | test 68.9% | 9s
  step 100/391 | loss 0.8006 | acc 71.2% | 2s elapsed | eta 5s
  step 200/391 | loss 0.8053 | acc 70.9% | 3s elapsed | eta 3s
  step 300/391 | loss 0.8068 | acc 71.0% | 6s elapsed | eta 2s
Ep  16 | loss 0.8109 | task 0.8109 | train 70.9% | test 68.5% | 9s
  step 100/391 | loss 0.7858 | acc 71.9% | 3s elapsed | eta 7s
  step 200/391 | loss 0.7920 | acc 71.7% | 5s elapsed | eta 5s
  step 300/391 | loss 0.7921 | acc 71.7% | 7s elapsed | eta 2s
Ep  17 | loss 0.7971 | task 0.7971 | train 71.7% | test 70.5% | 11s
  step 100/391 | loss 0.7777 | acc 72.3% | 2s elapsed | eta 7s
  step 200/391 | loss 0.7761 | acc 72.2% | 4s elapsed | eta 4s
  step 300/391 | loss 0.7793 | acc 72.0% | 6s elapsed | eta 2s
Ep  18 | loss 0.7809 | task 0.7809 | train 71.9% | test 71.5% | 9s
  step 100/391 | loss 0.7431 | acc 73.4% | 2s elapsed | eta 5s
  step 200/391 | loss 0.7542 | acc 72.9% | 3s elapsed | eta 3s
  step 300/391 | loss 0.7609 | acc 72.8% | 6s elapsed | eta 2s
Ep  19 | loss 0.7628 | task 0.7628 | train 72.8% | test 70.9% | 9s
  step 100/391 | loss 0.7423 | acc 73.4% | 2s elapsed | eta 7s
  step 200/391 | loss 0.7456 | acc 73.3% | 4s elapsed | eta 4s
  step 300/391 | loss 0.7473 | acc 73.3% | 7s elapsed | eta 2s
Ep  20 | loss 0.7458 | task 0.7458 | train 73.4% | test 71.4% | 10s
  step 100/391 | loss 0.6985 | acc 75.0% | 3s elapsed | eta 7s
  step 200/391 | loss 0.7102 | acc 74.5% | 5s elapsed | eta 5s
  step 300/391 | loss 0.7253 | acc 74.0% | 7s elapsed | eta 2s
Ep  21 | loss 0.7256 | task 0.7256 | train 73.9% | test 71.9% | 10s
  step 100/391 | loss 0.7005 | acc 74.6% | 2s elapsed | eta 6s
  step 200/391 | loss 0.7078 | acc 74.6% | 4s elapsed | eta 4s
  step 300/391 | loss 0.7089 | acc 74.6% | 7s elapsed | eta 2s
Ep  22 | loss 0.7100 | task 0.7100 | train 74.6% | test 71.7% | 11s
  step 100/391 | loss 0.6701 | acc 76.1% | 3s elapsed | eta 8s
  step 200/391 | loss 0.6801 | acc 75.7% | 5s elapsed | eta 5s
  step 300/391 | loss 0.6882 | acc 75.3% | 7s elapsed | eta 2s
Ep  23 | loss 0.6916 | task 0.6916 | train 75.2% | test 73.3% | 11s
  step 100/391 | loss 0.6631 | acc 76.5% | 2s elapsed | eta 6s
  step 200/391 | loss 0.6722 | acc 76.0% | 3s elapsed | eta 3s
  step 300/391 | loss 0.6764 | acc 75.9% | 5s elapsed | eta 2s
Ep  24 | loss 0.6784 | task 0.6784 | train 75.7% | test 72.5% | 8s
  step 100/391 | loss 0.6457 | acc 76.8% | 2s elapsed | eta 6s
  step 200/391 | loss 0.6601 | acc 76.3% | 4s elapsed | eta 4s
  step 300/391 | loss 0.6624 | acc 76.2% | 6s elapsed | eta 2s
Ep  25 | loss 0.6669 | task 0.6669 | train 76.1% | test 73.6% | 10s
  step 100/391 | loss 0.6410 | acc 76.9% | 3s elapsed | eta 8s
  step 200/391 | loss 0.6429 | acc 77.0% | 5s elapsed | eta 5s
  step 300/391 | loss 0.6481 | acc 76.8% | 8s elapsed | eta 2s
Ep  26 | loss 0.6499 | task 0.6499 | train 76.8% | test 73.5% | 11s
  step 100/391 | loss 0.6150 | acc 77.9% | 3s elapsed | eta 7s
  step 200/391 | loss 0.6267 | acc 77.6% | 5s elapsed | eta 4s
  step 300/391 | loss 0.6327 | acc 77.4% | 7s elapsed | eta 2s
Ep  27 | loss 0.6376 | task 0.6376 | train 77.1% | test 73.0% | 9s
  step 100/391 | loss 0.6086 | acc 78.1% | 2s elapsed | eta 6s
  step 200/391 | loss 0.6189 | acc 77.6% | 4s elapsed | eta 4s
  step 300/391 | loss 0.6222 | acc 77.5% | 6s elapsed | eta 2s
Ep  28 | loss 0.6246 | task 0.6246 | train 77.5% | test 73.6% | 10s
  step 100/391 | loss 0.5895 | acc 78.6% | 2s elapsed | eta 7s
  step 200/391 | loss 0.5979 | acc 78.5% | 5s elapsed | eta 5s
  step 300/391 | loss 0.6046 | acc 78.2% | 7s elapsed | eta 2s
Ep  29 | loss 0.6086 | task 0.6086 | train 78.1% | test 73.1% | 11s
  step 100/391 | loss 0.5811 | acc 79.0% | 2s elapsed | eta 7s
  step 200/391 | loss 0.5898 | acc 78.6% | 4s elapsed | eta 4s
  step 300/391 | loss 0.5916 | acc 78.7% | 5s elapsed | eta 2s
Ep  30 | loss 0.5976 | task 0.5976 | train 78.4% | test 73.8% | 8s
  step 100/391 | loss 0.5682 | acc 79.7% | 2s elapsed | eta 7s
  step 200/391 | loss 0.5774 | acc 79.2% | 4s elapsed | eta 4s
  step 300/391 | loss 0.5824 | acc 79.0% | 6s elapsed | eta 2s
Ep  31 | loss 0.5861 | task 0.5861 | train 78.9% | test 73.2% | 9s
  step 100/391 | loss 0.5550 | acc 79.6% | 2s elapsed | eta 7s
  step 200/391 | loss 0.5575 | acc 79.9% | 4s elapsed | eta 4s
  step 300/391 | loss 0.5652 | acc 79.7% | 6s elapsed | eta 2s
Ep  32 | loss 0.5700 | task 0.5700 | train 79.5% | test 73.2% | 9s
  step 100/391 | loss 0.5351 | acc 80.4% | 2s elapsed | eta 7s
  step 200/391 | loss 0.5486 | acc 80.1% | 4s elapsed | eta 3s
  step 300/391 | loss 0.5512 | acc 80.1% | 5s elapsed | eta 1s
Ep  33 | loss 0.5587 | task 0.5587 | train 79.9% | test 74.4% | 6s
  step 100/391 | loss 0.5332 | acc 80.7% | 1s elapsed | eta 4s
  step 200/391 | loss 0.5405 | acc 80.4% | 2s elapsed | eta 2s
  step 300/391 | loss 0.5430 | acc 80.3% | 4s elapsed | eta 1s
Ep  34 | loss 0.5474 | task 0.5474 | train 80.2% | test 73.6% | 5s
  step 100/391 | loss 0.5207 | acc 81.4% | 2s elapsed | eta 5s
  step 200/391 | loss 0.5235 | acc 81.2% | 3s elapsed | eta 3s
  step 300/391 | loss 0.5285 | acc 81.0% | 4s elapsed | eta 1s
Ep  35 | loss 0.5336 | task 0.5336 | train 80.8% | test 74.2% | 5s
  step 100/391 | loss 0.5080 | acc 81.7% | 2s elapsed | eta 5s
  step 200/391 | loss 0.5128 | acc 81.6% | 3s elapsed | eta 3s
  step 300/391 | loss 0.5170 | acc 81.5% | 4s elapsed | eta 1s
Ep  36 | loss 0.5195 | task 0.5195 | train 81.3% | test 73.2% | 6s
  step 100/391 | loss 0.4950 | acc 81.8% | 1s elapsed | eta 4s
  step 200/391 | loss 0.5070 | acc 81.5% | 3s elapsed | eta 2s
  step 300/391 | loss 0.5102 | acc 81.5% | 4s elapsed | eta 1s
Ep  37 | loss 0.5094 | task 0.5094 | train 81.7% | test 74.0% | 5s
  step 100/391 | loss 0.4813 | acc 82.6% | 1s elapsed | eta 4s
  step 200/391 | loss 0.4855 | acc 82.4% | 2s elapsed | eta 2s
  step 300/391 | loss 0.4928 | acc 82.0% | 3s elapsed | eta 1s
Ep  38 | loss 0.4953 | task 0.4953 | train 81.9% | test 74.1% | 5s
  step 100/391 | loss 0.4552 | acc 83.4% | 1s elapsed | eta 3s
  step 200/391 | loss 0.4783 | acc 82.7% | 2s elapsed | eta 2s
  step 300/391 | loss 0.4827 | acc 82.5% | 3s elapsed | eta 1s
Ep  39 | loss 0.4883 | task 0.4883 | train 82.3% | test 74.4% | 5s
  step 100/391 | loss 0.4604 | acc 83.3% | 1s elapsed | eta 4s
  step 200/391 | loss 0.4712 | acc 82.9% | 2s elapsed | eta 2s
  step 300/391 | loss 0.4755 | acc 82.8% | 3s elapsed | eta 1s
Ep  40 | loss 0.4800 | task 0.4800 | train 82.6% | test 75.2% | 5s
  step 100/391 | loss 0.4431 | acc 84.2% | 2s elapsed | eta 4s
  step 200/391 | loss 0.4546 | acc 83.8% | 3s elapsed | eta 2s
  step 300/391 | loss 0.4611 | acc 83.5% | 4s elapsed | eta 1s
Ep  41 | loss 0.4634 | task 0.4634 | train 83.4% | test 74.5% | 5s
  step 100/391 | loss 0.4400 | acc 84.0% | 1s elapsed | eta 3s
  step 200/391 | loss 0.4459 | acc 83.8% | 2s elapsed | eta 2s
  step 300/391 | loss 0.4528 | acc 83.6% | 3s elapsed | eta 1s
Ep  42 | loss 0.4568 | task 0.4568 | train 83.4% | test 74.4% | 5s
  step 100/391 | loss 0.4263 | acc 84.6% | 1s elapsed | eta 4s
  step 200/391 | loss 0.4315 | acc 84.4% | 2s elapsed | eta 2s
  step 300/391 | loss 0.4364 | acc 84.1% | 3s elapsed | eta 1s
Ep  43 | loss 0.4430 | task 0.4430 | train 84.0% | test 74.9% | 5s
  step 100/391 | loss 0.4297 | acc 84.8% | 1s elapsed | eta 4s
  step 200/391 | loss 0.4352 | acc 84.3% | 2s elapsed | eta 2s
  step 300/391 | loss 0.4397 | acc 84.1% | 3s elapsed | eta 1s
Ep  44 | loss 0.4385 | task 0.4385 | train 84.2% | test 74.7% | 5s
  step 100/391 | loss 0.4291 | acc 84.6% | 2s elapsed | eta 5s
  step 200/391 | loss 0.4276 | acc 84.6% | 3s elapsed | eta 3s
  step 300/391 | loss 0.4310 | acc 84.6% | 5s elapsed | eta 1s
Ep  45 | loss 0.4342 | task 0.4342 | train 84.4% | test 74.6% | 8s
  step 100/391 | loss 0.4090 | acc 85.0% | 2s elapsed | eta 6s
  step 200/391 | loss 0.4179 | acc 84.8% | 4s elapsed | eta 4s
  step 300/391 | loss 0.4221 | acc 84.6% | 7s elapsed | eta 2s
Ep  46 | loss 0.4212 | task 0.4212 | train 84.7% | test 74.5% | 10s
  step 100/391 | loss 0.3783 | acc 86.5% | 2s elapsed | eta 6s
  step 200/391 | loss 0.3959 | acc 85.8% | 4s elapsed | eta 4s
  step 300/391 | loss 0.4041 | acc 85.4% | 6s elapsed | eta 2s
Ep  47 | loss 0.4075 | task 0.4075 | train 85.3% | test 75.2% | 9s
  step 100/391 | loss 0.3800 | acc 86.3% | 2s elapsed | eta 6s
  step 200/391 | loss 0.3902 | acc 85.9% | 4s elapsed | eta 4s
  step 300/391 | loss 0.3966 | acc 85.7% | 6s elapsed | eta 2s
Ep  48 | loss 0.4001 | task 0.4001 | train 85.5% | test 73.6% | 10s
  step 100/391 | loss 0.3744 | acc 86.4% | 2s elapsed | eta 5s
  step 200/391 | loss 0.3810 | acc 86.2% | 4s elapsed | eta 3s
  step 300/391 | loss 0.3873 | acc 85.9% | 6s elapsed | eta 2s
Ep  49 | loss 0.3932 | task 0.3932 | train 85.6% | test 75.2% | 10s
  step 100/391 | loss 0.3701 | acc 86.8% | 2s elapsed | eta 7s
  step 200/391 | loss 0.3768 | acc 86.4% | 5s elapsed | eta 5s
  step 300/391 | loss 0.3817 | acc 86.2% | 8s elapsed | eta 2s
Ep  50 | loss 0.3850 | task 0.3850 | train 86.0% | test 74.8% | 12s
  step 100/391 | loss 0.3575 | acc 86.9% | 2s elapsed | eta 7s
  step 200/391 | loss 0.3647 | acc 86.7% | 4s elapsed | eta 4s
  step 300/391 | loss 0.3691 | acc 86.5% | 7s elapsed | eta 2s
Ep  51 | loss 0.3736 | task 0.3736 | train 86.4% | test 74.8% | 11s
  step 100/391 | loss 0.3500 | acc 87.3% | 2s elapsed | eta 5s
  step 200/391 | loss 0.3515 | acc 87.2% | 3s elapsed | eta 3s
  step 300/391 | loss 0.3588 | acc 86.9% | 5s elapsed | eta 2s
Ep  52 | loss 0.3614 | task 0.3614 | train 86.9% | test 74.7% | 9s
  step 100/391 | loss 0.3388 | acc 87.8% | 2s elapsed | eta 6s
  step 200/391 | loss 0.3420 | acc 87.6% | 4s elapsed | eta 3s
  step 300/391 | loss 0.3549 | acc 87.2% | 6s elapsed | eta 2s
Ep  53 | loss 0.3577 | task 0.3577 | train 87.0% | test 73.8% | 10s
  step 100/391 | loss 0.3409 | acc 87.7% | 2s elapsed | eta 7s
  step 200/391 | loss 0.3432 | acc 87.4% | 5s elapsed | eta 5s
  step 300/391 | loss 0.3525 | acc 87.1% | 8s elapsed | eta 2s
Ep  54 | loss 0.3547 | task 0.3547 | train 87.1% | test 74.8% | 12s
  step 100/391 | loss 0.3163 | acc 88.4% | 3s elapsed | eta 8s
  step 200/391 | loss 0.3257 | acc 88.0% | 5s elapsed | eta 5s
  step 300/391 | loss 0.3324 | acc 87.8% | 7s elapsed | eta 2s
Ep  55 | loss 0.3404 | task 0.3404 | train 87.6% | test 75.3% | 10s
  step 100/391 | loss 0.3257 | acc 88.1% | 2s elapsed | eta 6s
  step 200/391 | loss 0.3281 | acc 88.2% | 4s elapsed | eta 4s
  step 300/391 | loss 0.3366 | acc 87.9% | 6s elapsed | eta 2s
Ep  56 | loss 0.3406 | task 0.3406 | train 87.7% | test 75.1% | 10s
  step 100/391 | loss 0.3151 | acc 88.7% | 2s elapsed | eta 7s
  step 200/391 | loss 0.3194 | acc 88.5% | 4s elapsed | eta 4s
  step 300/391 | loss 0.3246 | acc 88.3% | 7s elapsed | eta 2s
Ep  57 | loss 0.3315 | task 0.3315 | train 88.0% | test 75.0% | 11s
  step 100/391 | loss 0.2937 | acc 89.3% | 3s elapsed | eta 7s
  step 200/391 | loss 0.3066 | acc 89.0% | 5s elapsed | eta 5s
  step 300/391 | loss 0.3137 | acc 88.7% | 8s elapsed | eta 3s
Ep  58 | loss 0.3198 | task 0.3198 | train 88.4% | test 76.0% | 13s
  step 100/391 | loss 0.2987 | acc 89.0% | 2s elapsed | eta 7s
  step 200/391 | loss 0.3109 | acc 88.7% | 4s elapsed | eta 4s
  step 300/391 | loss 0.3136 | acc 88.5% | 6s elapsed | eta 2s
Ep  59 | loss 0.3204 | task 0.3204 | train 88.3% | test 74.4% | 9s
  step 100/391 | loss 0.2875 | acc 89.6% | 2s elapsed | eta 6s
  step 200/391 | loss 0.2902 | acc 89.5% | 4s elapsed | eta 4s
  step 300/391 | loss 0.2981 | acc 89.3% | 6s elapsed | eta 2s
Ep  60 | loss 0.3060 | task 0.3060 | train 89.0% | test 74.8% | 9s
  step 100/391 | loss 0.2740 | acc 89.9% | 3s elapsed | eta 7s
  step 200/391 | loss 0.2853 | acc 89.5% | 5s elapsed | eta 5s
  step 300/391 | loss 0.2951 | acc 89.2% | 7s elapsed | eta 2s
Ep  61 | loss 0.3024 | task 0.3024 | train 89.0% | test 75.4% | 11s
  step 100/391 | loss 0.2706 | acc 90.4% | 3s elapsed | eta 7s
  step 200/391 | loss 0.2756 | acc 90.0% | 5s elapsed | eta 5s
  step 300/391 | loss 0.2843 | acc 89.7% | 7s elapsed | eta 2s
Ep  62 | loss 0.2921 | task 0.2921 | train 89.4% | test 74.6% | 10s
  step 100/391 | loss 0.2785 | acc 89.8% | 2s elapsed | eta 5s
  step 200/391 | loss 0.2878 | acc 89.4% | 3s elapsed | eta 3s
  step 300/391 | loss 0.2898 | acc 89.4% | 5s elapsed | eta 1s
Ep  63 | loss 0.2930 | task 0.2930 | train 89.2% | test 75.1% | 9s
  step 100/391 | loss 0.2640 | acc 90.7% | 2s elapsed | eta 7s
  step 200/391 | loss 0.2738 | acc 90.2% | 5s elapsed | eta 4s
  step 300/391 | loss 0.2814 | acc 89.9% | 7s elapsed | eta 2s
Ep  64 | loss 0.2875 | task 0.2875 | train 89.7% | test 74.6% | 11s
  step 100/391 | loss 0.2609 | acc 90.6% | 3s elapsed | eta 8s
  step 200/391 | loss 0.2732 | acc 90.3% | 5s elapsed | eta 5s
  step 300/391 | loss 0.2830 | acc 89.8% | 8s elapsed | eta 2s
Ep  65 | loss 0.2861 | task 0.2861 | train 89.7% | test 75.0% | 11s
  step 100/391 | loss 0.2694 | acc 90.3% | 2s elapsed | eta 5s
  step 200/391 | loss 0.2730 | acc 90.2% | 3s elapsed | eta 3s
  step 300/391 | loss 0.2782 | acc 89.9% | 5s elapsed | eta 1s
Ep  66 | loss 0.2810 | task 0.2810 | train 89.8% | test 74.8% | 8s
  step 100/391 | loss 0.2597 | acc 90.7% | 3s elapsed | eta 8s
  step 200/391 | loss 0.2635 | acc 90.5% | 5s elapsed | eta 5s
  step 300/391 | loss 0.2672 | acc 90.4% | 8s elapsed | eta 2s
Ep  67 | loss 0.2718 | task 0.2718 | train 90.1% | test 74.8% | 11s
  step 100/391 | loss 0.2437 | acc 91.4% | 2s elapsed | eta 7s
  step 200/391 | loss 0.2479 | acc 91.1% | 5s elapsed | eta 5s
  step 300/391 | loss 0.2571 | acc 90.8% | 7s elapsed | eta 2s
Ep  68 | loss 0.2606 | task 0.2606 | train 90.6% | test 74.4% | 9s
  step 100/391 | loss 0.2413 | acc 91.3% | 2s elapsed | eta 5s
  step 200/391 | loss 0.2453 | acc 91.0% | 3s elapsed | eta 3s
  step 300/391 | loss 0.2521 | acc 90.8% | 6s elapsed | eta 2s
Ep  69 | loss 0.2595 | task 0.2595 | train 90.6% | test 74.5% | 9s
  step 100/391 | loss 0.2337 | acc 91.6% | 3s elapsed | eta 8s
  step 200/391 | loss 0.2378 | acc 91.3% | 5s elapsed | eta 5s
  step 300/391 | loss 0.2468 | acc 91.0% | 8s elapsed | eta 2s
Ep  70 | loss 0.2496 | task 0.2496 | train 90.9% | test 74.8% | 11s
  step 100/391 | loss 0.2338 | acc 91.6% | 2s elapsed | eta 7s
  step 200/391 | loss 0.2385 | acc 91.4% | 5s elapsed | eta 4s
  step 300/391 | loss 0.2452 | acc 91.2% | 7s elapsed | eta 2s
Ep  71 | loss 0.2508 | task 0.2508 | train 91.0% | test 75.1% | 9s
  step 100/391 | loss 0.2347 | acc 91.4% | 2s elapsed | eta 6s
  step 200/391 | loss 0.2399 | acc 91.2% | 4s elapsed | eta 3s
  step 300/391 | loss 0.2423 | acc 91.1% | 6s elapsed | eta 2s
Ep  72 | loss 0.2461 | task 0.2461 | train 91.0% | test 73.9% | 9s
  step 100/391 | loss 0.2275 | acc 92.0% | 2s elapsed | eta 6s
  step 200/391 | loss 0.2342 | acc 91.7% | 5s elapsed | eta 4s
  step 300/391 | loss 0.2385 | acc 91.5% | 7s elapsed | eta 2s
Ep  73 | loss 0.2405 | task 0.2405 | train 91.4% | test 74.6% | 11s
  step 100/391 | loss 0.2203 | acc 92.2% | 3s elapsed | eta 8s
  step 200/391 | loss 0.2290 | acc 91.8% | 5s elapsed | eta 5s
  step 300/391 | loss 0.2335 | acc 91.6% | 7s elapsed | eta 2s
Ep  74 | loss 0.2350 | task 0.2350 | train 91.6% | test 74.4% | 10s
  step 100/391 | loss 0.2055 | acc 92.3% | 2s elapsed | eta 6s
  step 200/391 | loss 0.2213 | acc 91.7% | 4s elapsed | eta 4s
  step 300/391 | loss 0.2260 | acc 91.6% | 6s elapsed | eta 2s
Ep  75 | loss 0.2275 | task 0.2275 | train 91.7% | test 74.3% | 9s
  step 100/391 | loss 0.2115 | acc 92.3% | 3s elapsed | eta 7s
  step 200/391 | loss 0.2230 | acc 91.9% | 5s elapsed | eta 5s
  step 300/391 | loss 0.2258 | acc 91.8% | 7s elapsed | eta 2s
Ep  76 | loss 0.2297 | task 0.2297 | train 91.6% | test 74.3% | 11s
  step 100/391 | loss 0.2054 | acc 92.8% | 3s elapsed | eta 8s
  step 200/391 | loss 0.2120 | acc 92.3% | 5s elapsed | eta 4s
  step 300/391 | loss 0.2143 | acc 92.3% | 6s elapsed | eta 2s
Ep  77 | loss 0.2164 | task 0.2164 | train 92.3% | test 74.6% | 9s
  step 100/391 | loss 0.2048 | acc 92.7% | 2s elapsed | eta 6s
  step 200/391 | loss 0.2139 | acc 92.3% | 4s elapsed | eta 4s
  step 300/391 | loss 0.2163 | acc 92.2% | 7s elapsed | eta 2s
Ep  78 | loss 0.2216 | task 0.2216 | train 92.0% | test 74.4% | 10s
  step 100/391 | loss 0.2054 | acc 92.7% | 3s elapsed | eta 7s
  step 200/391 | loss 0.2059 | acc 92.6% | 5s elapsed | eta 5s
  step 300/391 | loss 0.2106 | acc 92.4% | 7s elapsed | eta 2s
Ep  79 | loss 0.2165 | task 0.2165 | train 92.2% | test 74.8% | 11s
  step 100/391 | loss 0.1884 | acc 93.4% | 3s elapsed | eta 7s
  step 200/391 | loss 0.1975 | acc 93.0% | 5s elapsed | eta 5s
  step 300/391 | loss 0.2048 | acc 92.6% | 7s elapsed | eta 2s
Ep  80 | loss 0.2107 | task 0.2107 | train 92.4% | test 74.2% | 10s
  step 100/391 | loss 0.1883 | acc 93.4% | 2s elapsed | eta 5s
  step 200/391 | loss 0.1931 | acc 93.2% | 3s elapsed | eta 3s
  step 300/391 | loss 0.2012 | acc 92.7% | 5s elapsed | eta 2s
Ep  81 | loss 0.2051 | task 0.2051 | train 92.6% | test 75.0% | 8s
  step 100/391 | loss 0.1892 | acc 93.2% | 2s elapsed | eta 7s
  step 200/391 | loss 0.1948 | acc 93.0% | 5s elapsed | eta 4s
  step 300/391 | loss 0.2011 | acc 92.7% | 7s elapsed | eta 2s
Ep  82 | loss 0.2058 | task 0.2058 | train 92.5% | test 73.9% | 10s
  step 100/391 | loss 0.1834 | acc 93.5% | 2s elapsed | eta 7s
  step 200/391 | loss 0.1883 | acc 93.3% | 5s elapsed | eta 4s
  step 300/391 | loss 0.1965 | acc 93.0% | 7s elapsed | eta 2s
Ep  83 | loss 0.2028 | task 0.2028 | train 92.7% | test 74.6% | 10s
  step 100/391 | loss 0.1856 | acc 93.3% | 2s elapsed | eta 5s
  step 200/391 | loss 0.1879 | acc 93.4% | 4s elapsed | eta 4s
  step 300/391 | loss 0.1916 | acc 93.3% | 6s elapsed | eta 2s
Ep  84 | loss 0.1965 | task 0.1965 | train 93.0% | test 75.0% | 9s
  step 100/391 | loss 0.1849 | acc 93.2% | 2s elapsed | eta 7s
  step 200/391 | loss 0.1896 | acc 93.1% | 4s elapsed | eta 4s
  step 300/391 | loss 0.1910 | acc 93.1% | 6s elapsed | eta 2s
Ep  85 | loss 0.1946 | task 0.1946 | train 93.0% | test 75.0% | 8s
  step 100/391 | loss 0.1772 | acc 93.5% | 1s elapsed | eta 4s
  step 200/391 | loss 0.1854 | acc 93.3% | 2s elapsed | eta 2s
  step 300/391 | loss 0.1886 | acc 93.3% | 3s elapsed | eta 1s
Ep  86 | loss 0.1915 | task 0.1915 | train 93.2% | test 74.8% | 5s
  step 100/391 | loss 0.1700 | acc 93.7% | 1s elapsed | eta 4s
  step 200/391 | loss 0.1776 | acc 93.5% | 3s elapsed | eta 2s
  step 300/391 | loss 0.1834 | acc 93.2% | 4s elapsed | eta 1s
Ep  87 | loss 0.1873 | task 0.1873 | train 93.2% | test 75.1% | 6s
  step 100/391 | loss 0.1685 | acc 94.0% | 1s elapsed | eta 4s
  step 200/391 | loss 0.1791 | acc 93.7% | 2s elapsed | eta 2s
  step 300/391 | loss 0.1834 | acc 93.4% | 4s elapsed | eta 1s
Ep  88 | loss 0.1868 | task 0.1868 | train 93.2% | test 74.8% | 5s
  step 100/391 | loss 0.1735 | acc 93.5% | 1s elapsed | eta 4s
  step 200/391 | loss 0.1771 | acc 93.5% | 2s elapsed | eta 2s
  step 300/391 | loss 0.1805 | acc 93.5% | 3s elapsed | eta 1s
Ep  89 | loss 0.1811 | task 0.1811 | train 93.4% | test 74.8% | 5s
  step 100/391 | loss 0.1642 | acc 94.1% | 1s elapsed | eta 4s
  step 200/391 | loss 0.1712 | acc 93.9% | 2s elapsed | eta 2s
  step 300/391 | loss 0.1759 | acc 93.7% | 3s elapsed | eta 1s
Ep  90 | loss 0.1802 | task 0.1802 | train 93.6% | test 74.5% | 5s
  step 100/391 | loss 0.1583 | acc 94.5% | 1s elapsed | eta 3s
  step 200/391 | loss 0.1646 | acc 94.2% | 2s elapsed | eta 2s
  step 300/391 | loss 0.1678 | acc 94.0% | 3s elapsed | eta 1s
Ep  91 | loss 0.1710 | task 0.1710 | train 93.9% | test 74.7% | 5s
  step 100/391 | loss 0.1645 | acc 94.2% | 1s elapsed | eta 3s
  step 200/391 | loss 0.1721 | acc 93.9% | 2s elapsed | eta 2s
  step 300/391 | loss 0.1726 | acc 93.8% | 3s elapsed | eta 1s
Ep  92 | loss 0.1741 | task 0.1741 | train 93.8% | test 74.4% | 5s
  step 100/391 | loss 0.1648 | acc 94.2% | 1s elapsed | eta 3s
  step 200/391 | loss 0.1665 | acc 94.0% | 2s elapsed | eta 2s
  step 300/391 | loss 0.1700 | acc 93.9% | 3s elapsed | eta 1s
Ep  93 | loss 0.1699 | task 0.1699 | train 93.9% | test 73.9% | 5s
  step 100/391 | loss 0.1601 | acc 94.2% | 1s elapsed | eta 3s
  step 200/391 | loss 0.1634 | acc 94.2% | 2s elapsed | eta 2s
  step 300/391 | loss 0.1681 | acc 93.9% | 3s elapsed | eta 1s
Ep  94 | loss 0.1700 | task 0.1700 | train 93.8% | test 74.5% | 5s
  step 100/391 | loss 0.1586 | acc 94.4% | 1s elapsed | eta 4s
  step 200/391 | loss 0.1570 | acc 94.6% | 2s elapsed | eta 2s
  step 300/391 | loss 0.1621 | acc 94.3% | 3s elapsed | eta 1s
Ep  95 | loss 0.1660 | task 0.1660 | train 94.1% | test 74.8% | 5s
  step 100/391 | loss 0.1505 | acc 94.6% | 1s elapsed | eta 4s
  step 200/391 | loss 0.1526 | acc 94.5% | 2s elapsed | eta 2s
  step 300/391 | loss 0.1539 | acc 94.4% | 3s elapsed | eta 1s
Ep  96 | loss 0.1601 | task 0.1601 | train 94.2% | test 74.1% | 5s
  step 100/391 | loss 0.1534 | acc 94.6% | 2s elapsed | eta 4s
  step 200/391 | loss 0.1565 | acc 94.4% | 3s elapsed | eta 2s
  step 300/391 | loss 0.1579 | acc 94.3% | 4s elapsed | eta 1s
Ep  97 | loss 0.1610 | task 0.1610 | train 94.2% | test 74.8% | 5s
  step 100/391 | loss 0.1491 | acc 94.7% | 1s elapsed | eta 4s
  step 200/391 | loss 0.1521 | acc 94.7% | 3s elapsed | eta 2s
  step 300/391 | loss 0.1529 | acc 94.5% | 4s elapsed | eta 1s
Ep  98 | loss 0.1561 | task 0.1561 | train 94.4% | test 74.5% | 5s
  step 100/391 | loss 0.1336 | acc 95.2% | 1s elapsed | eta 4s
  step 200/391 | loss 0.1431 | acc 94.8% | 2s elapsed | eta 2s
  step 300/391 | loss 0.1481 | acc 94.6% | 3s elapsed | eta 1s
Ep  99 | loss 0.1528 | task 0.1528 | train 94.5% | test 75.3% | 5s
  step 100/391 | loss 0.1421 | acc 94.8% | 1s elapsed | eta 4s
  step 200/391 | loss 0.1480 | acc 94.7% | 2s elapsed | eta 2s
  step 300/391 | loss 0.1543 | acc 94.4% | 3s elapsed | eta 1s
Ep 100 | loss 0.1557 | task 0.1557 | train 94.3% | test 75.1% | 5s
  step 100/391 | loss 0.1427 | acc 95.0% | 2s elapsed | eta 4s
  step 200/391 | loss 0.1419 | acc 94.8% | 3s elapsed | eta 3s
  step 300/391 | loss 0.1478 | acc 94.7% | 4s elapsed | eta 1s
Ep 101 | loss 0.1480 | task 0.1480 | train 94.7% | test 74.4% | 5s
  step 100/391 | loss 0.1465 | acc 94.7% | 1s elapsed | eta 4s
  step 200/391 | loss 0.1476 | acc 94.7% | 2s elapsed | eta 2s
  step 300/391 | loss 0.1493 | acc 94.6% | 3s elapsed | eta 1s
Ep 102 | loss 0.1505 | task 0.1505 | train 94.6% | test 75.4% | 5s
  step 100/391 | loss 0.1359 | acc 95.2% | 1s elapsed | eta 3s
  step 200/391 | loss 0.1387 | acc 95.0% | 2s elapsed | eta 2s
  step 300/391 | loss 0.1416 | acc 95.0% | 3s elapsed | eta 1s
Ep 103 | loss 0.1458 | task 0.1458 | train 94.8% | test 74.3% | 5s
  step 100/391 | loss 0.1337 | acc 95.3% | 1s elapsed | eta 4s
  step 200/391 | loss 0.1357 | acc 95.2% | 2s elapsed | eta 2s
  step 300/391 | loss 0.1409 | acc 95.0% | 3s elapsed | eta 1s
Ep 104 | loss 0.1428 | task 0.1428 | train 94.9% | test 75.2% | 5s
  step 100/391 | loss 0.1338 | acc 95.3% | 1s elapsed | eta 3s
  step 200/391 | loss 0.1368 | acc 95.2% | 2s elapsed | eta 2s
  step 300/391 | loss 0.1410 | acc 95.0% | 3s elapsed | eta 1s
Ep 105 | loss 0.1439 | task 0.1439 | train 94.9% | test 74.3% | 5s
  step 100/391 | loss 0.1294 | acc 95.4% | 1s elapsed | eta 3s
  step 200/391 | loss 0.1324 | acc 95.3% | 2s elapsed | eta 2s
  step 300/391 | loss 0.1356 | acc 95.2% | 3s elapsed | eta 1s
Ep 106 | loss 0.1386 | task 0.1386 | train 95.1% | test 75.3% | 5s
  step 100/391 | loss 0.1263 | acc 95.7% | 1s elapsed | eta 3s
  step 200/391 | loss 0.1358 | acc 95.3% | 2s elapsed | eta 2s
  step 300/391 | loss 0.1384 | acc 95.2% | 3s elapsed | eta 1s
Ep 107 | loss 0.1392 | task 0.1392 | train 95.1% | test 75.1% | 5s
  step 100/391 | loss 0.1284 | acc 95.4% | 2s elapsed | eta 5s
  step 200/391 | loss 0.1307 | acc 95.4% | 4s elapsed | eta 3s
  step 300/391 | loss 0.1325 | acc 95.4% | 6s elapsed | eta 2s
Ep 108 | loss 0.1343 | task 0.1343 | train 95.3% | test 75.0% | 9s
  step 100/391 | loss 0.1196 | acc 95.8% | 2s elapsed | eta 6s
  step 200/391 | loss 0.1280 | acc 95.5% | 4s elapsed | eta 4s
  step 300/391 | loss 0.1302 | acc 95.4% | 6s elapsed | eta 2s
Ep 109 | loss 0.1319 | task 0.1319 | train 95.3% | test 74.7% | 10s
  step 100/391 | loss 0.1189 | acc 95.7% | 2s elapsed | eta 6s
  step 200/391 | loss 0.1229 | acc 95.6% | 4s elapsed | eta 4s
  step 300/391 | loss 0.1279 | acc 95.4% | 6s elapsed | eta 2s
Ep 110 | loss 0.1317 | task 0.1317 | train 95.2% | test 74.5% | 10s
  step 100/391 | loss 0.1196 | acc 95.8% | 2s elapsed | eta 6s
  step 200/391 | loss 0.1243 | acc 95.6% | 4s elapsed | eta 4s
  step 300/391 | loss 0.1250 | acc 95.5% | 6s elapsed | eta 2s
Ep 111 | loss 0.1260 | task 0.1260 | train 95.5% | test 75.3% | 9s
  step 100/391 | loss 0.1168 | acc 95.9% | 2s elapsed | eta 5s
  step 200/391 | loss 0.1182 | acc 95.7% | 4s elapsed | eta 4s
  step 300/391 | loss 0.1223 | acc 95.6% | 7s elapsed | eta 2s
Ep 112 | loss 0.1255 | task 0.1255 | train 95.5% | test 74.7% | 11s
  step 100/391 | loss 0.1231 | acc 95.8% | 2s elapsed | eta 7s
  step 200/391 | loss 0.1207 | acc 95.8% | 5s elapsed | eta 5s
  step 300/391 | loss 0.1230 | acc 95.6% | 8s elapsed | eta 2s
Ep 113 | loss 0.1236 | task 0.1236 | train 95.6% | test 75.0% | 11s
  step 100/391 | loss 0.1061 | acc 96.4% | 2s elapsed | eta 6s
  step 200/391 | loss 0.1133 | acc 96.1% | 4s elapsed | eta 4s
  step 300/391 | loss 0.1188 | acc 95.9% | 6s elapsed | eta 2s
Ep 114 | loss 0.1238 | task 0.1238 | train 95.7% | test 74.4% | 9s
  step 100/391 | loss 0.1112 | acc 96.3% | 2s elapsed | eta 6s
  step 200/391 | loss 0.1182 | acc 95.9% | 4s elapsed | eta 4s
  step 300/391 | loss 0.1211 | acc 95.8% | 6s elapsed | eta 2s
Ep 115 | loss 0.1220 | task 0.1220 | train 95.8% | test 74.8% | 9s
  step 100/391 | loss 0.1142 | acc 96.0% | 3s elapsed | eta 8s
  step 200/391 | loss 0.1179 | acc 95.9% | 5s elapsed | eta 5s
  step 300/391 | loss 0.1199 | acc 95.8% | 7s elapsed | eta 2s
Ep 116 | loss 0.1218 | task 0.1218 | train 95.7% | test 75.8% | 11s
  step 100/391 | loss 0.1068 | acc 96.4% | 3s elapsed | eta 8s
  step 200/391 | loss 0.1126 | acc 96.1% | 6s elapsed | eta 5s
  step 300/391 | loss 0.1151 | acc 96.0% | 8s elapsed | eta 3s
Ep 117 | loss 0.1170 | task 0.1170 | train 95.9% | test 74.4% | 12s
  step 100/391 | loss 0.1095 | acc 96.1% | 2s elapsed | eta 6s
  step 200/391 | loss 0.1132 | acc 96.0% | 4s elapsed | eta 4s
  step 300/391 | loss 0.1161 | acc 95.9% | 6s elapsed | eta 2s
Ep 118 | loss 0.1173 | task 0.1173 | train 95.9% | test 75.3% | 8s
  step 100/391 | loss 0.1137 | acc 96.0% | 2s elapsed | eta 6s
  step 200/391 | loss 0.1143 | acc 96.1% | 4s elapsed | eta 3s
  step 300/391 | loss 0.1146 | acc 96.0% | 6s elapsed | eta 2s
Ep 119 | loss 0.1168 | task 0.1168 | train 95.9% | test 75.2% | 10s
  step 100/391 | loss 0.0953 | acc 96.7% | 3s elapsed | eta 9s
  step 200/391 | loss 0.1029 | acc 96.4% | 6s elapsed | eta 5s
  step 300/391 | loss 0.1043 | acc 96.3% | 9s elapsed | eta 3s
Ep 120 | loss 0.1071 | task 0.1071 | train 96.2% | test 75.1% | 12s
  step 100/391 | loss 0.1024 | acc 96.4% | 3s elapsed | eta 9s
  step 200/391 | loss 0.1065 | acc 96.3% | 5s elapsed | eta 5s
  step 300/391 | loss 0.1061 | acc 96.2% | 7s elapsed | eta 2s
Ep 121 | loss 0.1104 | task 0.1104 | train 96.1% | test 74.7% | 10s
  step 100/391 | loss 0.1020 | acc 96.4% | 2s elapsed | eta 6s
  step 200/391 | loss 0.1016 | acc 96.4% | 4s elapsed | eta 4s
  step 300/391 | loss 0.1063 | acc 96.3% | 6s elapsed | eta 2s
Ep 122 | loss 0.1093 | task 0.1093 | train 96.1% | test 74.9% | 9s
  step 100/391 | loss 0.1048 | acc 96.4% | 3s elapsed | eta 8s
  step 200/391 | loss 0.1054 | acc 96.4% | 5s elapsed | eta 5s
  step 300/391 | loss 0.1070 | acc 96.3% | 7s elapsed | eta 2s
Ep 123 | loss 0.1082 | task 0.1082 | train 96.2% | test 75.4% | 11s
  step 100/391 | loss 0.0958 | acc 96.7% | 3s elapsed | eta 8s
  step 200/391 | loss 0.1019 | acc 96.4% | 5s elapsed | eta 5s
  step 300/391 | loss 0.1046 | acc 96.3% | 7s elapsed | eta 2s
Ep 124 | loss 0.1044 | task 0.1044 | train 96.3% | test 75.3% | 8s
  step 100/391 | loss 0.0939 | acc 96.7% | 1s elapsed | eta 4s
  step 200/391 | loss 0.0974 | acc 96.5% | 2s elapsed | eta 2s
  step 300/391 | loss 0.1022 | acc 96.4% | 3s elapsed | eta 1s
Ep 125 | loss 0.1048 | task 0.1048 | train 96.3% | test 75.2% | 5s
  step 100/391 | loss 0.0949 | acc 96.5% | 1s elapsed | eta 3s
  step 200/391 | loss 0.0980 | acc 96.4% | 2s elapsed | eta 2s
  step 300/391 | loss 0.0993 | acc 96.4% | 3s elapsed | eta 1s
Ep 126 | loss 0.0999 | task 0.0999 | train 96.4% | test 75.5% | 5s
  step 100/391 | loss 0.0939 | acc 96.6% | 2s elapsed | eta 5s
  step 200/391 | loss 0.0970 | acc 96.5% | 3s elapsed | eta 3s
  step 300/391 | loss 0.0996 | acc 96.4% | 5s elapsed | eta 1s
Ep 127 | loss 0.0999 | task 0.0999 | train 96.4% | test 74.4% | 7s
  step 100/391 | loss 0.0981 | acc 96.5% | 2s elapsed | eta 5s
  step 200/391 | loss 0.0967 | acc 96.6% | 3s elapsed | eta 3s
  step 300/391 | loss 0.0968 | acc 96.6% | 4s elapsed | eta 1s
Ep 128 | loss 0.0991 | task 0.0991 | train 96.5% | test 75.3% | 6s
  step 100/391 | loss 0.0921 | acc 96.6% | 1s elapsed | eta 3s
  step 200/391 | loss 0.0947 | acc 96.6% | 2s elapsed | eta 2s
  step 300/391 | loss 0.0963 | acc 96.5% | 3s elapsed | eta 1s
Ep 129 | loss 0.0970 | task 0.0970 | train 96.5% | test 74.9% | 5s
  step 100/391 | loss 0.0913 | acc 96.6% | 1s elapsed | eta 4s
  step 200/391 | loss 0.0910 | acc 96.7% | 2s elapsed | eta 2s
  step 300/391 | loss 0.0952 | acc 96.6% | 3s elapsed | eta 1s
Ep 130 | loss 0.0966 | task 0.0966 | train 96.6% | test 75.0% | 5s
  step 100/391 | loss 0.0920 | acc 96.8% | 2s elapsed | eta 4s
  step 200/391 | loss 0.0923 | acc 96.7% | 3s elapsed | eta 3s
  step 300/391 | loss 0.0961 | acc 96.6% | 4s elapsed | eta 1s
Ep 131 | loss 0.0962 | task 0.0962 | train 96.6% | test 75.2% | 6s
  step 100/391 | loss 0.0942 | acc 96.8% | 2s elapsed | eta 6s
  step 200/391 | loss 0.0916 | acc 96.8% | 4s elapsed | eta 3s
  step 300/391 | loss 0.0935 | acc 96.7% | 5s elapsed | eta 2s
Ep 132 | loss 0.0941 | task 0.0941 | train 96.7% | test 75.0% | 8s
  step 100/391 | loss 0.0844 | acc 97.0% | 1s elapsed | eta 4s
  step 200/391 | loss 0.0860 | acc 97.0% | 2s elapsed | eta 2s
  step 300/391 | loss 0.0874 | acc 96.9% | 3s elapsed | eta 1s
Ep 133 | loss 0.0901 | task 0.0901 | train 96.8% | test 75.1% | 5s
  step 100/391 | loss 0.0894 | acc 96.9% | 1s elapsed | eta 3s
  step 200/391 | loss 0.0887 | acc 96.9% | 2s elapsed | eta 2s
  step 300/391 | loss 0.0893 | acc 96.9% | 3s elapsed | eta 1s
Ep 134 | loss 0.0897 | task 0.0897 | train 96.9% | test 75.1% | 5s
  step 100/391 | loss 0.0854 | acc 97.0% | 1s elapsed | eta 4s
  step 200/391 | loss 0.0880 | acc 96.9% | 2s elapsed | eta 2s
  step 300/391 | loss 0.0882 | acc 96.9% | 4s elapsed | eta 1s
Ep 135 | loss 0.0896 | task 0.0896 | train 96.9% | test 74.7% | 6s
  step 100/391 | loss 0.0849 | acc 97.1% | 2s elapsed | eta 5s
  step 200/391 | loss 0.0852 | acc 97.0% | 3s elapsed | eta 3s
  step 300/391 | loss 0.0859 | acc 97.0% | 4s elapsed | eta 1s
Ep 136 | loss 0.0883 | task 0.0883 | train 96.9% | test 75.3% | 6s
  step 100/391 | loss 0.0807 | acc 97.2% | 2s elapsed | eta 5s
  step 200/391 | loss 0.0792 | acc 97.2% | 3s elapsed | eta 3s
  step 300/391 | loss 0.0830 | acc 97.0% | 5s elapsed | eta 2s
Ep 137 | loss 0.0844 | task 0.0844 | train 97.0% | test 75.0% | 8s
  step 100/391 | loss 0.0779 | acc 97.2% | 1s elapsed | eta 4s
  step 200/391 | loss 0.0807 | acc 97.1% | 2s elapsed | eta 2s
  step 300/391 | loss 0.0806 | acc 97.2% | 3s elapsed | eta 1s
Ep 138 | loss 0.0833 | task 0.0833 | train 97.1% | test 75.2% | 6s
  step 100/391 | loss 0.0801 | acc 97.2% | 2s elapsed | eta 4s
  step 200/391 | loss 0.0835 | acc 97.1% | 3s elapsed | eta 3s
  step 300/391 | loss 0.0857 | acc 97.0% | 4s elapsed | eta 1s
Ep 139 | loss 0.0849 | task 0.0849 | train 97.0% | test 75.2% | 6s
  step 100/391 | loss 0.0803 | acc 97.1% | 1s elapsed | eta 4s
  step 200/391 | loss 0.0825 | acc 97.0% | 3s elapsed | eta 3s
  step 300/391 | loss 0.0840 | acc 97.0% | 4s elapsed | eta 1s
Ep 140 | loss 0.0860 | task 0.0860 | train 96.9% | test 74.6% | 6s
  step 100/391 | loss 0.0740 | acc 97.4% | 2s elapsed | eta 6s
  step 200/391 | loss 0.0767 | acc 97.3% | 3s elapsed | eta 3s
  step 300/391 | loss 0.0799 | acc 97.2% | 5s elapsed | eta 1s
Ep 141 | loss 0.0811 | task 0.0811 | train 97.1% | test 75.0% | 7s
  step 100/391 | loss 0.0722 | acc 97.6% | 2s elapsed | eta 5s
  step 200/391 | loss 0.0773 | acc 97.3% | 3s elapsed | eta 3s
  step 300/391 | loss 0.0804 | acc 97.2% | 5s elapsed | eta 2s
Ep 142 | loss 0.0807 | task 0.0807 | train 97.2% | test 74.5% | 8s
  step 100/391 | loss 0.0681 | acc 97.6% | 2s elapsed | eta 6s
  step 200/391 | loss 0.0747 | acc 97.4% | 3s elapsed | eta 3s
  step 300/391 | loss 0.0766 | acc 97.3% | 5s elapsed | eta 1s
Ep 143 | loss 0.0777 | task 0.0777 | train 97.3% | test 74.1% | 8s
  step 100/391 | loss 0.0689 | acc 97.6% | 1s elapsed | eta 4s
  step 200/391 | loss 0.0697 | acc 97.5% | 3s elapsed | eta 3s
  step 300/391 | loss 0.0721 | acc 97.5% | 4s elapsed | eta 1s
Ep 144 | loss 0.0755 | task 0.0755 | train 97.4% | test 74.7% | 6s
  step 100/391 | loss 0.0734 | acc 97.4% | 2s elapsed | eta 5s
  step 200/391 | loss 0.0781 | acc 97.1% | 3s elapsed | eta 3s
  step 300/391 | loss 0.0783 | acc 97.2% | 4s elapsed | eta 1s
Ep 145 | loss 0.0785 | task 0.0785 | train 97.2% | test 74.6% | 7s
  step 100/391 | loss 0.0645 | acc 97.8% | 2s elapsed | eta 5s
  step 200/391 | loss 0.0692 | acc 97.6% | 3s elapsed | eta 3s
  step 300/391 | loss 0.0710 | acc 97.5% | 4s elapsed | eta 1s
Ep 146 | loss 0.0729 | task 0.0729 | train 97.4% | test 75.0% | 6s
  step 100/391 | loss 0.0652 | acc 97.7% | 2s elapsed | eta 5s
  step 200/391 | loss 0.0703 | acc 97.6% | 3s elapsed | eta 3s
  step 300/391 | loss 0.0732 | acc 97.5% | 5s elapsed | eta 2s
Ep 147 | loss 0.0754 | task 0.0754 | train 97.4% | test 75.1% | 8s
  step 100/391 | loss 0.0679 | acc 97.6% | 2s elapsed | eta 5s
  step 200/391 | loss 0.0691 | acc 97.5% | 3s elapsed | eta 3s
  step 300/391 | loss 0.0710 | acc 97.5% | 5s elapsed | eta 1s
Ep 148 | loss 0.0729 | task 0.0729 | train 97.4% | test 75.1% | 7s
  step 100/391 | loss 0.0704 | acc 97.4% | 1s elapsed | eta 4s
  step 200/391 | loss 0.0691 | acc 97.4% | 3s elapsed | eta 3s
  step 300/391 | loss 0.0694 | acc 97.5% | 4s elapsed | eta 1s
Ep 149 | loss 0.0716 | task 0.0716 | train 97.4% | test 75.1% | 6s
  step 100/391 | loss 0.0649 | acc 97.8% | 1s elapsed | eta 4s
  step 200/391 | loss 0.0665 | acc 97.7% | 3s elapsed | eta 2s
  step 300/391 | loss 0.0673 | acc 97.6% | 4s elapsed | eta 1s
Ep 150 | loss 0.0675 | task 0.0675 | train 97.6% | test 74.1% | 6s
  step 100/391 | loss 0.0622 | acc 97.8% | 1s elapsed | eta 4s
  step 200/391 | loss 0.0652 | acc 97.8% | 2s elapsed | eta 2s
  step 300/391 | loss 0.0661 | acc 97.7% | 3s elapsed | eta 1s
Ep 151 | loss 0.0663 | task 0.0663 | train 97.7% | test 75.3% | 5s
  step 100/391 | loss 0.0679 | acc 97.7% | 2s elapsed | eta 5s
  step 200/391 | loss 0.0673 | acc 97.8% | 3s elapsed | eta 3s
  step 300/391 | loss 0.0684 | acc 97.7% | 5s elapsed | eta 1s
Ep 152 | loss 0.0690 | task 0.0690 | train 97.6% | test 75.2% | 7s
  step 100/391 | loss 0.0619 | acc 97.8% | 2s elapsed | eta 6s
  step 200/391 | loss 0.0614 | acc 97.9% | 4s elapsed | eta 4s
  step 300/391 | loss 0.0632 | acc 97.8% | 5s elapsed | eta 2s
Ep 153 | loss 0.0645 | task 0.0645 | train 97.8% | test 75.1% | 8s
  step 100/391 | loss 0.0615 | acc 97.9% | 2s elapsed | eta 4s
  step 200/391 | loss 0.0606 | acc 97.9% | 3s elapsed | eta 3s
  step 300/391 | loss 0.0633 | acc 97.8% | 4s elapsed | eta 1s
Ep 154 | loss 0.0653 | task 0.0653 | train 97.8% | test 75.2% | 6s
  step 100/391 | loss 0.0595 | acc 98.0% | 1s elapsed | eta 4s
  step 200/391 | loss 0.0612 | acc 97.9% | 3s elapsed | eta 3s
  step 300/391 | loss 0.0633 | acc 97.8% | 4s elapsed | eta 1s
Ep 155 | loss 0.0643 | task 0.0643 | train 97.8% | test 75.1% | 6s
  step 100/391 | loss 0.0608 | acc 97.9% | 1s elapsed | eta 4s
  step 200/391 | loss 0.0602 | acc 98.0% | 2s elapsed | eta 2s
  step 300/391 | loss 0.0611 | acc 97.9% | 3s elapsed | eta 1s
Ep 156 | loss 0.0629 | task 0.0629 | train 97.9% | test 74.9% | 5s
  step 100/391 | loss 0.0572 | acc 98.0% | 2s elapsed | eta 5s
  step 200/391 | loss 0.0579 | acc 97.9% | 3s elapsed | eta 3s
  step 300/391 | loss 0.0584 | acc 97.9% | 4s elapsed | eta 1s
Ep 157 | loss 0.0599 | task 0.0599 | train 97.9% | test 75.5% | 6s
  step 100/391 | loss 0.0542 | acc 98.1% | 1s elapsed | eta 4s
  step 200/391 | loss 0.0553 | acc 98.1% | 2s elapsed | eta 2s
  step 300/391 | loss 0.0574 | acc 98.0% | 2s elapsed | eta 1s
Ep 158 | loss 0.0579 | task 0.0579 | train 98.0% | test 75.2% | 4s
  step 100/391 | loss 0.0589 | acc 98.0% | 1s elapsed | eta 4s
  step 200/391 | loss 0.0626 | acc 97.8% | 2s elapsed | eta 2s
  step 300/391 | loss 0.0613 | acc 97.9% | 3s elapsed | eta 1s
Ep 159 | loss 0.0615 | task 0.0615 | train 97.9% | test 75.4% | 4s
  step 100/391 | loss 0.0570 | acc 97.9% | 1s elapsed | eta 3s
  step 200/391 | loss 0.0572 | acc 98.0% | 2s elapsed | eta 2s
  step 300/391 | loss 0.0588 | acc 97.9% | 2s elapsed | eta 1s
Ep 160 | loss 0.0598 | task 0.0598 | train 97.9% | test 75.3% | 4s
  step 100/391 | loss 0.0516 | acc 98.3% | 1s elapsed | eta 3s
  step 200/391 | loss 0.0531 | acc 98.2% | 2s elapsed | eta 2s
  step 300/391 | loss 0.0541 | acc 98.2% | 2s elapsed | eta 1s
Ep 161 | loss 0.0552 | task 0.0552 | train 98.1% | test 75.1% | 3s
  step 100/391 | loss 0.0543 | acc 98.2% | 1s elapsed | eta 3s
  step 200/391 | loss 0.0571 | acc 98.1% | 2s elapsed | eta 2s
  step 300/391 | loss 0.0568 | acc 98.1% | 2s elapsed | eta 1s
Ep 162 | loss 0.0577 | task 0.0577 | train 98.0% | test 74.9% | 4s
  step 100/391 | loss 0.0493 | acc 98.2% | 1s elapsed | eta 3s
  step 200/391 | loss 0.0537 | acc 98.1% | 2s elapsed | eta 2s
  step 300/391 | loss 0.0552 | acc 98.0% | 2s elapsed | eta 1s
Ep 163 | loss 0.0553 | task 0.0553 | train 98.0% | test 75.2% | 3s
  step 100/391 | loss 0.0520 | acc 98.1% | 1s elapsed | eta 3s
  step 200/391 | loss 0.0532 | acc 98.1% | 1s elapsed | eta 1s
  step 300/391 | loss 0.0530 | acc 98.2% | 2s elapsed | eta 1s
Ep 164 | loss 0.0537 | task 0.0537 | train 98.1% | test 75.3% | 3s
  step 100/391 | loss 0.0470 | acc 98.3% | 1s elapsed | eta 3s
  step 200/391 | loss 0.0524 | acc 98.1% | 1s elapsed | eta 1s
  step 300/391 | loss 0.0520 | acc 98.2% | 2s elapsed | eta 1s
Ep 165 | loss 0.0536 | task 0.0536 | train 98.1% | test 75.5% | 3s
  step 100/391 | loss 0.0489 | acc 98.3% | 1s elapsed | eta 3s
  step 200/391 | loss 0.0478 | acc 98.4% | 2s elapsed | eta 2s
  step 300/391 | loss 0.0499 | acc 98.3% | 2s elapsed | eta 1s
Ep 166 | loss 0.0499 | task 0.0499 | train 98.3% | test 75.0% | 4s
  step 100/391 | loss 0.0459 | acc 98.3% | 1s elapsed | eta 3s
  step 200/391 | loss 0.0492 | acc 98.2% | 2s elapsed | eta 1s
  step 300/391 | loss 0.0512 | acc 98.2% | 2s elapsed | eta 1s
Ep 167 | loss 0.0514 | task 0.0514 | train 98.2% | test 75.0% | 3s
  step 100/391 | loss 0.0508 | acc 98.4% | 1s elapsed | eta 3s
  step 200/391 | loss 0.0494 | acc 98.4% | 1s elapsed | eta 1s
  step 300/391 | loss 0.0502 | acc 98.3% | 2s elapsed | eta 1s
Ep 168 | loss 0.0510 | task 0.0510 | train 98.3% | test 75.6% | 3s
  step 100/391 | loss 0.0483 | acc 98.3% | 1s elapsed | eta 3s
  step 200/391 | loss 0.0529 | acc 98.1% | 2s elapsed | eta 1s
  step 300/391 | loss 0.0528 | acc 98.2% | 2s elapsed | eta 1s
Ep 169 | loss 0.0535 | task 0.0535 | train 98.1% | test 75.2% | 3s
  step 100/391 | loss 0.0469 | acc 98.5% | 1s elapsed | eta 2s
  step 200/391 | loss 0.0465 | acc 98.4% | 1s elapsed | eta 1s
  step 300/391 | loss 0.0469 | acc 98.4% | 2s elapsed | eta 1s
Ep 170 | loss 0.0479 | task 0.0479 | train 98.3% | test 75.4% | 3s
  step 100/391 | loss 0.0472 | acc 98.4% | 1s elapsed | eta 2s
  step 200/391 | loss 0.0463 | acc 98.4% | 1s elapsed | eta 1s
  step 300/391 | loss 0.0462 | acc 98.4% | 2s elapsed | eta 1s
Ep 171 | loss 0.0474 | task 0.0474 | train 98.4% | test 74.7% | 3s
  step 100/391 | loss 0.0413 | acc 98.6% | 1s elapsed | eta 2s
  step 200/391 | loss 0.0461 | acc 98.4% | 1s elapsed | eta 1s
  step 300/391 | loss 0.0465 | acc 98.4% | 2s elapsed | eta 1s
Ep 172 | loss 0.0469 | task 0.0469 | train 98.4% | test 75.4% | 3s
  step 100/391 | loss 0.0439 | acc 98.6% | 1s elapsed | eta 2s
  step 200/391 | loss 0.0464 | acc 98.5% | 1s elapsed | eta 1s
  step 300/391 | loss 0.0473 | acc 98.4% | 2s elapsed | eta 1s
Ep 173 | loss 0.0483 | task 0.0483 | train 98.4% | test 75.6% | 3s
  step 100/391 | loss 0.0416 | acc 98.6% | 1s elapsed | eta 2s
  step 200/391 | loss 0.0410 | acc 98.6% | 1s elapsed | eta 1s
  step 300/391 | loss 0.0434 | acc 98.5% | 2s elapsed | eta 1s
Ep 174 | loss 0.0459 | task 0.0459 | train 98.4% | test 75.7% | 3s
  step 100/391 | loss 0.0388 | acc 98.6% | 1s elapsed | eta 2s
  step 200/391 | loss 0.0417 | acc 98.6% | 1s elapsed | eta 1s
  step 300/391 | loss 0.0430 | acc 98.5% | 2s elapsed | eta 1s
Ep 175 | loss 0.0446 | task 0.0446 | train 98.4% | test 75.3% | 3s
  step 100/391 | loss 0.0384 | acc 98.6% | 1s elapsed | eta 2s
  step 200/391 | loss 0.0413 | acc 98.5% | 1s elapsed | eta 1s
  step 300/391 | loss 0.0425 | acc 98.5% | 2s elapsed | eta 1s
Ep 176 | loss 0.0430 | task 0.0430 | train 98.5% | test 75.2% | 3s
  step 100/391 | loss 0.0393 | acc 98.6% | 1s elapsed | eta 2s
  step 200/391 | loss 0.0390 | acc 98.7% | 1s elapsed | eta 1s
  step 300/391 | loss 0.0408 | acc 98.6% | 2s elapsed | eta 1s
Ep 177 | loss 0.0413 | task 0.0413 | train 98.6% | test 75.4% | 3s
  step 100/391 | loss 0.0451 | acc 98.5% | 1s elapsed | eta 2s
  step 200/391 | loss 0.0449 | acc 98.5% | 1s elapsed | eta 1s
  step 300/391 | loss 0.0428 | acc 98.5% | 2s elapsed | eta 1s
Ep 178 | loss 0.0425 | task 0.0425 | train 98.5% | test 75.5% | 3s
  step 100/391 | loss 0.0423 | acc 98.5% | 1s elapsed | eta 2s
  step 200/391 | loss 0.0420 | acc 98.6% | 1s elapsed | eta 1s
  step 300/391 | loss 0.0415 | acc 98.6% | 2s elapsed | eta 1s
Ep 179 | loss 0.0420 | task 0.0420 | train 98.5% | test 75.2% | 3s
  step 100/391 | loss 0.0345 | acc 98.9% | 1s elapsed | eta 2s
  step 200/391 | loss 0.0373 | acc 98.8% | 1s elapsed | eta 1s
  step 300/391 | loss 0.0393 | acc 98.7% | 2s elapsed | eta 1s
Ep 180 | loss 0.0391 | task 0.0391 | train 98.7% | test 75.6% | 3s
  step 100/391 | loss 0.0381 | acc 98.7% | 1s elapsed | eta 2s
  step 200/391 | loss 0.0376 | acc 98.7% | 1s elapsed | eta 1s
  step 300/391 | loss 0.0397 | acc 98.7% | 2s elapsed | eta 1s
Ep 181 | loss 0.0395 | task 0.0395 | train 98.7% | test 75.5% | 3s
  step 100/391 | loss 0.0365 | acc 98.8% | 1s elapsed | eta 3s
  step 200/391 | loss 0.0378 | acc 98.8% | 2s elapsed | eta 2s
  step 300/391 | loss 0.0380 | acc 98.7% | 2s elapsed | eta 1s
Ep 182 | loss 0.0399 | task 0.0399 | train 98.7% | test 75.4% | 3s
  step 100/391 | loss 0.0364 | acc 98.9% | 1s elapsed | eta 4s
  step 200/391 | loss 0.0378 | acc 98.8% | 2s elapsed | eta 2s
  step 300/391 | loss 0.0383 | acc 98.8% | 2s elapsed | eta 1s
Ep 183 | loss 0.0378 | task 0.0378 | train 98.8% | test 75.3% | 3s
  step 100/391 | loss 0.0332 | acc 98.8% | 1s elapsed | eta 3s
  step 200/391 | loss 0.0340 | acc 98.9% | 2s elapsed | eta 2s
  step 300/391 | loss 0.0353 | acc 98.8% | 2s elapsed | eta 1s
Ep 184 | loss 0.0354 | task 0.0354 | train 98.8% | test 75.4% | 4s
  step 100/391 | loss 0.0391 | acc 98.6% | 1s elapsed | eta 2s
  step 200/391 | loss 0.0382 | acc 98.6% | 1s elapsed | eta 1s
  step 300/391 | loss 0.0375 | acc 98.7% | 2s elapsed | eta 1s
Ep 185 | loss 0.0373 | task 0.0373 | train 98.7% | test 75.7% | 3s
  step 100/391 | loss 0.0335 | acc 98.9% | 1s elapsed | eta 2s
  step 200/391 | loss 0.0334 | acc 98.9% | 1s elapsed | eta 1s
  step 300/391 | loss 0.0344 | acc 98.8% | 2s elapsed | eta 1s
Ep 186 | loss 0.0363 | task 0.0363 | train 98.8% | test 75.2% | 3s
  step 100/391 | loss 0.0300 | acc 99.0% | 1s elapsed | eta 2s
  step 200/391 | loss 0.0330 | acc 98.9% | 2s elapsed | eta 1s
  step 300/391 | loss 0.0316 | acc 98.9% | 2s elapsed | eta 1s
Ep 187 | loss 0.0324 | task 0.0324 | train 98.9% | test 75.1% | 3s
  step 100/391 | loss 0.0335 | acc 98.7% | 1s elapsed | eta 3s
  step 200/391 | loss 0.0306 | acc 98.9% | 2s elapsed | eta 1s
  step 300/391 | loss 0.0314 | acc 98.9% | 2s elapsed | eta 1s
Ep 188 | loss 0.0318 | task 0.0318 | train 98.9% | test 75.8% | 3s
  step 100/391 | loss 0.0304 | acc 99.0% | 1s elapsed | eta 3s
  step 200/391 | loss 0.0308 | acc 99.0% | 2s elapsed | eta 2s
  step 300/391 | loss 0.0307 | acc 99.0% | 2s elapsed | eta 1s
Ep 189 | loss 0.0320 | task 0.0320 | train 98.9% | test 75.3% | 3s
  step 100/391 | loss 0.0291 | acc 98.9% | 1s elapsed | eta 3s
  step 200/391 | loss 0.0293 | acc 99.0% | 1s elapsed | eta 1s
  step 300/391 | loss 0.0291 | acc 99.0% | 2s elapsed | eta 1s
Ep 190 | loss 0.0291 | task 0.0291 | train 99.0% | test 75.2% | 3s
  step 100/391 | loss 0.0273 | acc 99.1% | 1s elapsed | eta 3s
  step 200/391 | loss 0.0282 | acc 99.0% | 2s elapsed | eta 2s
  step 300/391 | loss 0.0298 | acc 99.0% | 2s elapsed | eta 1s
Ep 191 | loss 0.0308 | task 0.0308 | train 99.0% | test 75.4% | 3s
  step 100/391 | loss 0.0316 | acc 98.9% | 1s elapsed | eta 2s
  step 200/391 | loss 0.0316 | acc 98.9% | 1s elapsed | eta 1s
  step 300/391 | loss 0.0309 | acc 99.0% | 2s elapsed | eta 1s
Ep 192 | loss 0.0312 | task 0.0312 | train 99.0% | test 75.9% | 3s
  step 100/391 | loss 0.0285 | acc 99.0% | 1s elapsed | eta 2s
  step 200/391 | loss 0.0294 | acc 98.9% | 1s elapsed | eta 1s
  step 300/391 | loss 0.0291 | acc 99.0% | 2s elapsed | eta 1s
Ep 193 | loss 0.0299 | task 0.0299 | train 98.9% | test 75.4% | 3s
  step 100/391 | loss 0.0259 | acc 99.2% | 1s elapsed | eta 2s
  step 200/391 | loss 0.0268 | acc 99.1% | 1s elapsed | eta 1s
  step 300/391 | loss 0.0277 | acc 99.1% | 2s elapsed | eta 1s
Ep 194 | loss 0.0271 | task 0.0271 | train 99.1% | test 75.4% | 3s
  step 100/391 | loss 0.0278 | acc 99.1% | 1s elapsed | eta 2s
  step 200/391 | loss 0.0273 | acc 99.1% | 1s elapsed | eta 1s
  step 300/391 | loss 0.0284 | acc 99.1% | 2s elapsed | eta 1s
Ep 195 | loss 0.0287 | task 0.0287 | train 99.0% | test 75.5% | 3s
  step 100/391 | loss 0.0255 | acc 99.2% | 1s elapsed | eta 2s
  step 200/391 | loss 0.0257 | acc 99.1% | 1s elapsed | eta 1s
  step 300/391 | loss 0.0261 | acc 99.1% | 2s elapsed | eta 1s
Ep 196 | loss 0.0264 | task 0.0264 | train 99.1% | test 75.3% | 3s
  step 100/391 | loss 0.0246 | acc 99.2% | 1s elapsed | eta 3s
  step 200/391 | loss 0.0244 | acc 99.2% | 2s elapsed | eta 2s
  step 300/391 | loss 0.0258 | acc 99.1% | 3s elapsed | eta 1s
Ep 197 | loss 0.0260 | task 0.0260 | train 99.1% | test 74.9% | 5s
  step 100/391 | loss 0.0251 | acc 99.1% | 1s elapsed | eta 4s
  step 200/391 | loss 0.0259 | acc 99.1% | 2s elapsed | eta 2s
  step 300/391 | loss 0.0262 | acc 99.1% | 3s elapsed | eta 1s
Ep 198 | loss 0.0265 | task 0.0265 | train 99.1% | test 75.6% | 5s
  step 100/391 | loss 0.0240 | acc 99.2% | 1s elapsed | eta 4s
  step 200/391 | loss 0.0229 | acc 99.2% | 3s elapsed | eta 3s
  step 300/391 | loss 0.0245 | acc 99.2% | 4s elapsed | eta 1s
Ep 199 | loss 0.0254 | task 0.0254 | train 99.1% | test 75.8% | 7s
  step 100/391 | loss 0.0211 | acc 99.3% | 2s elapsed | eta 5s
  step 200/391 | loss 0.0220 | acc 99.3% | 3s elapsed | eta 3s
  step 300/391 | loss 0.0232 | acc 99.2% | 4s elapsed | eta 1s
Ep 200 | loss 0.0237 | task 0.0237 | train 99.2% | test 75.4% | 7s
  step 100/391 | loss 0.0259 | acc 99.2% | 1s elapsed | eta 4s
  step 200/391 | loss 0.0253 | acc 99.2% | 3s elapsed | eta 3s
  step 300/391 | loss 0.0247 | acc 99.2% | 4s elapsed | eta 1s
Ep 201 | loss 0.0247 | task 0.0247 | train 99.2% | test 75.7% | 7s
  step 100/391 | loss 0.0214 | acc 99.3% | 2s elapsed | eta 5s
  step 200/391 | loss 0.0211 | acc 99.3% | 3s elapsed | eta 3s
  step 300/391 | loss 0.0213 | acc 99.3% | 4s elapsed | eta 1s
Ep 202 | loss 0.0222 | task 0.0222 | train 99.3% | test 75.6% | 6s
  step 100/391 | loss 0.0242 | acc 99.2% | 2s elapsed | eta 5s
  step 200/391 | loss 0.0239 | acc 99.2% | 4s elapsed | eta 3s
  step 300/391 | loss 0.0236 | acc 99.2% | 6s elapsed | eta 2s
Ep 203 | loss 0.0241 | task 0.0241 | train 99.2% | test 75.7% | 9s
  step 100/391 | loss 0.0230 | acc 99.2% | 2s elapsed | eta 6s
  step 200/391 | loss 0.0233 | acc 99.2% | 4s elapsed | eta 4s
  step 300/391 | loss 0.0230 | acc 99.2% | 5s elapsed | eta 2s
Ep 204 | loss 0.0226 | task 0.0226 | train 99.2% | test 76.1% | 8s
  step 100/391 | loss 0.0179 | acc 99.3% | 1s elapsed | eta 4s
  step 200/391 | loss 0.0201 | acc 99.3% | 3s elapsed | eta 2s
  step 300/391 | loss 0.0209 | acc 99.3% | 4s elapsed | eta 1s
Ep 205 | loss 0.0210 | task 0.0210 | train 99.3% | test 75.9% | 6s
  step 100/391 | loss 0.0249 | acc 99.1% | 2s elapsed | eta 5s
  step 200/391 | loss 0.0231 | acc 99.2% | 3s elapsed | eta 3s
  step 300/391 | loss 0.0227 | acc 99.2% | 5s elapsed | eta 1s
Ep 206 | loss 0.0227 | task 0.0227 | train 99.2% | test 75.9% | 7s
  step 100/391 | loss 0.0203 | acc 99.3% | 1s elapsed | eta 4s
  step 200/391 | loss 0.0207 | acc 99.3% | 2s elapsed | eta 2s
  step 300/391 | loss 0.0206 | acc 99.3% | 3s elapsed | eta 1s
Ep 207 | loss 0.0204 | task 0.0204 | train 99.3% | test 75.1% | 5s
  step 100/391 | loss 0.0211 | acc 99.3% | 2s elapsed | eta 4s
  step 200/391 | loss 0.0202 | acc 99.4% | 3s elapsed | eta 2s
  step 300/391 | loss 0.0201 | acc 99.4% | 4s elapsed | eta 1s
Ep 208 | loss 0.0202 | task 0.0202 | train 99.4% | test 75.7% | 7s
  step 100/391 | loss 0.0200 | acc 99.3% | 2s elapsed | eta 5s
  step 200/391 | loss 0.0196 | acc 99.3% | 3s elapsed | eta 3s
  step 300/391 | loss 0.0198 | acc 99.3% | 5s elapsed | eta 2s
Ep 209 | loss 0.0198 | task 0.0198 | train 99.3% | test 75.6% | 8s
  step 100/391 | loss 0.0164 | acc 99.4% | 1s elapsed | eta 3s
  step 200/391 | loss 0.0155 | acc 99.5% | 2s elapsed | eta 2s
  step 300/391 | loss 0.0169 | acc 99.4% | 3s elapsed | eta 1s
Ep 210 | loss 0.0169 | task 0.0169 | train 99.4% | test 76.0% | 5s
  step 100/391 | loss 0.0163 | acc 99.4% | 1s elapsed | eta 4s
  step 200/391 | loss 0.0169 | acc 99.4% | 2s elapsed | eta 2s
  step 300/391 | loss 0.0179 | acc 99.4% | 3s elapsed | eta 1s
Ep 211 | loss 0.0178 | task 0.0178 | train 99.4% | test 75.6% | 5s
  step 100/391 | loss 0.0183 | acc 99.4% | 1s elapsed | eta 4s
  step 200/391 | loss 0.0177 | acc 99.4% | 3s elapsed | eta 3s
  step 300/391 | loss 0.0175 | acc 99.4% | 4s elapsed | eta 1s
Ep 212 | loss 0.0174 | task 0.0174 | train 99.4% | test 76.1% | 5s
  step 100/391 | loss 0.0147 | acc 99.5% | 1s elapsed | eta 3s
  step 200/391 | loss 0.0156 | acc 99.5% | 2s elapsed | eta 2s
  step 300/391 | loss 0.0162 | acc 99.5% | 3s elapsed | eta 1s
Ep 213 | loss 0.0164 | task 0.0164 | train 99.4% | test 76.0% | 6s
  step 100/391 | loss 0.0159 | acc 99.4% | 2s elapsed | eta 5s
  step 200/391 | loss 0.0164 | acc 99.4% | 3s elapsed | eta 3s
  step 300/391 | loss 0.0159 | acc 99.4% | 5s elapsed | eta 2s
Ep 214 | loss 0.0157 | task 0.0157 | train 99.5% | test 75.9% | 8s
  step 100/391 | loss 0.0146 | acc 99.5% | 2s elapsed | eta 6s
  step 200/391 | loss 0.0161 | acc 99.5% | 3s elapsed | eta 3s
  step 300/391 | loss 0.0162 | acc 99.5% | 4s elapsed | eta 1s
Ep 215 | loss 0.0164 | task 0.0164 | train 99.5% | test 75.9% | 6s
  step 100/391 | loss 0.0150 | acc 99.5% | 1s elapsed | eta 4s
  step 200/391 | loss 0.0145 | acc 99.5% | 2s elapsed | eta 2s
  step 300/391 | loss 0.0147 | acc 99.5% | 3s elapsed | eta 1s
Ep 216 | loss 0.0146 | task 0.0146 | train 99.5% | test 76.2% | 5s
  step 100/391 | loss 0.0174 | acc 99.5% | 1s elapsed | eta 4s
  step 200/391 | loss 0.0145 | acc 99.6% | 2s elapsed | eta 2s
  step 300/391 | loss 0.0153 | acc 99.5% | 3s elapsed | eta 1s
Ep 217 | loss 0.0155 | task 0.0155 | train 99.5% | test 75.7% | 5s
  step 100/391 | loss 0.0143 | acc 99.5% | 1s elapsed | eta 4s
  step 200/391 | loss 0.0150 | acc 99.4% | 2s elapsed | eta 2s
  step 300/391 | loss 0.0155 | acc 99.5% | 3s elapsed | eta 1s
Ep 218 | loss 0.0154 | task 0.0154 | train 99.5% | test 75.9% | 5s
  step 100/391 | loss 0.0149 | acc 99.5% | 2s elapsed | eta 6s
  step 200/391 | loss 0.0138 | acc 99.6% | 4s elapsed | eta 3s
  step 300/391 | loss 0.0135 | acc 99.6% | 5s elapsed | eta 2s
Ep 219 | loss 0.0135 | task 0.0135 | train 99.6% | test 76.0% | 8s
  step 100/391 | loss 0.0132 | acc 99.5% | 2s elapsed | eta 5s
  step 200/391 | loss 0.0119 | acc 99.6% | 3s elapsed | eta 3s
  step 300/391 | loss 0.0128 | acc 99.6% | 5s elapsed | eta 1s
Ep 220 | loss 0.0132 | task 0.0132 | train 99.6% | test 75.8% | 7s
  step 100/391 | loss 0.0129 | acc 99.7% | 1s elapsed | eta 4s
  step 200/391 | loss 0.0118 | acc 99.7% | 2s elapsed | eta 2s
  step 300/391 | loss 0.0110 | acc 99.7% | 3s elapsed | eta 1s
Ep 221 | loss 0.0118 | task 0.0118 | train 99.6% | test 76.1% | 5s
  step 100/391 | loss 0.0093 | acc 99.8% | 1s elapsed | eta 4s
  step 200/391 | loss 0.0113 | acc 99.7% | 2s elapsed | eta 2s
  step 300/391 | loss 0.0113 | acc 99.7% | 3s elapsed | eta 1s
Ep 222 | loss 0.0114 | task 0.0114 | train 99.7% | test 76.1% | 5s
  step 100/391 | loss 0.0111 | acc 99.7% | 1s elapsed | eta 4s
  step 200/391 | loss 0.0121 | acc 99.6% | 3s elapsed | eta 3s
  step 300/391 | loss 0.0119 | acc 99.6% | 4s elapsed | eta 1s
Ep 223 | loss 0.0120 | task 0.0120 | train 99.6% | test 75.7% | 7s
  step 100/391 | loss 0.0111 | acc 99.6% | 2s elapsed | eta 5s
  step 200/391 | loss 0.0114 | acc 99.6% | 3s elapsed | eta 3s
  step 300/391 | loss 0.0119 | acc 99.6% | 5s elapsed | eta 1s
Ep 224 | loss 0.0111 | task 0.0111 | train 99.6% | test 76.1% | 7s
  step 100/391 | loss 0.0108 | acc 99.7% | 1s elapsed | eta 4s
  step 200/391 | loss 0.0103 | acc 99.7% | 2s elapsed | eta 2s
  step 300/391 | loss 0.0100 | acc 99.7% | 3s elapsed | eta 1s
Ep 225 | loss 0.0102 | task 0.0102 | train 99.7% | test 76.2% | 5s
  step 100/391 | loss 0.0105 | acc 99.6% | 1s elapsed | eta 3s
  step 200/391 | loss 0.0108 | acc 99.6% | 2s elapsed | eta 2s
  step 300/391 | loss 0.0110 | acc 99.6% | 3s elapsed | eta 1s
Ep 226 | loss 0.0112 | task 0.0112 | train 99.6% | test 76.0% | 5s
  step 100/391 | loss 0.0115 | acc 99.6% | 1s elapsed | eta 4s
  step 200/391 | loss 0.0108 | acc 99.6% | 2s elapsed | eta 2s
  step 300/391 | loss 0.0105 | acc 99.6% | 3s elapsed | eta 1s
Ep 227 | loss 0.0103 | task 0.0103 | train 99.7% | test 76.2% | 5s
  step 100/391 | loss 0.0093 | acc 99.7% | 2s elapsed | eta 6s
  step 200/391 | loss 0.0102 | acc 99.6% | 4s elapsed | eta 4s
  step 300/391 | loss 0.0105 | acc 99.7% | 5s elapsed | eta 2s
Ep 228 | loss 0.0103 | task 0.0103 | train 99.7% | test 76.3% | 8s
  step 100/391 | loss 0.0090 | acc 99.7% | 2s elapsed | eta 5s
  step 200/391 | loss 0.0091 | acc 99.7% | 3s elapsed | eta 3s
  step 300/391 | loss 0.0088 | acc 99.7% | 4s elapsed | eta 1s
Ep 229 | loss 0.0094 | task 0.0094 | train 99.7% | test 76.0% | 6s
  step 100/391 | loss 0.0091 | acc 99.7% | 1s elapsed | eta 3s
  step 200/391 | loss 0.0092 | acc 99.7% | 2s elapsed | eta 2s
  step 300/391 | loss 0.0091 | acc 99.7% | 3s elapsed | eta 1s
Ep 230 | loss 0.0090 | task 0.0090 | train 99.7% | test 76.1% | 5s
  step 100/391 | loss 0.0075 | acc 99.8% | 1s elapsed | eta 3s
  step 200/391 | loss 0.0091 | acc 99.7% | 2s elapsed | eta 2s
  step 300/391 | loss 0.0092 | acc 99.7% | 3s elapsed | eta 1s
Ep 231 | loss 0.0093 | task 0.0093 | train 99.7% | test 75.6% | 5s
  step 100/391 | loss 0.0092 | acc 99.7% | 1s elapsed | eta 3s
  step 200/391 | loss 0.0084 | acc 99.7% | 2s elapsed | eta 2s
  step 300/391 | loss 0.0083 | acc 99.7% | 3s elapsed | eta 1s
Ep 232 | loss 0.0083 | task 0.0083 | train 99.7% | test 75.9% | 5s
  step 100/391 | loss 0.0071 | acc 99.8% | 2s elapsed | eta 5s
  step 200/391 | loss 0.0071 | acc 99.8% | 3s elapsed | eta 3s
  step 300/391 | loss 0.0075 | acc 99.8% | 5s elapsed | eta 1s
Ep 233 | loss 0.0075 | task 0.0075 | train 99.8% | test 76.0% | 7s
  step 100/391 | loss 0.0078 | acc 99.7% | 2s elapsed | eta 5s
  step 200/391 | loss 0.0071 | acc 99.7% | 3s elapsed | eta 3s
  step 300/391 | loss 0.0065 | acc 99.8% | 5s elapsed | eta 1s
Ep 234 | loss 0.0068 | task 0.0068 | train 99.8% | test 75.8% | 6s
  step 100/391 | loss 0.0059 | acc 99.8% | 1s elapsed | eta 4s
  step 200/391 | loss 0.0072 | acc 99.8% | 2s elapsed | eta 2s
  step 300/391 | loss 0.0068 | acc 99.8% | 3s elapsed | eta 1s
Ep 235 | loss 0.0074 | task 0.0074 | train 99.8% | test 75.9% | 5s
  step 100/391 | loss 0.0064 | acc 99.9% | 1s elapsed | eta 4s
  step 200/391 | loss 0.0064 | acc 99.8% | 2s elapsed | eta 2s
  step 300/391 | loss 0.0065 | acc 99.8% | 3s elapsed | eta 1s
Ep 236 | loss 0.0071 | task 0.0071 | train 99.8% | test 75.7% | 5s
  step 100/391 | loss 0.0080 | acc 99.8% | 1s elapsed | eta 4s
  step 200/391 | loss 0.0073 | acc 99.8% | 2s elapsed | eta 2s
  step 300/391 | loss 0.0079 | acc 99.8% | 4s elapsed | eta 1s
Ep 237 | loss 0.0076 | task 0.0076 | train 99.8% | test 76.0% | 6s
  step 100/391 | loss 0.0068 | acc 99.8% | 2s elapsed | eta 5s
  step 200/391 | loss 0.0071 | acc 99.8% | 3s elapsed | eta 3s
  step 300/391 | loss 0.0066 | acc 99.8% | 4s elapsed | eta 1s
Ep 238 | loss 0.0069 | task 0.0069 | train 99.8% | test 76.0% | 7s
  step 100/391 | loss 0.0082 | acc 99.8% | 2s elapsed | eta 5s
  step 200/391 | loss 0.0079 | acc 99.8% | 3s elapsed | eta 2s
  step 300/391 | loss 0.0074 | acc 99.8% | 4s elapsed | eta 1s
Ep 239 | loss 0.0071 | task 0.0071 | train 99.8% | test 76.1% | 5s
  step 100/391 | loss 0.0054 | acc 99.9% | 1s elapsed | eta 3s
  step 200/391 | loss 0.0054 | acc 99.8% | 2s elapsed | eta 2s
  step 300/391 | loss 0.0053 | acc 99.8% | 3s elapsed | eta 1s
Ep 240 | loss 0.0054 | task 0.0054 | train 99.8% | test 76.2% | 4s
  step 100/391 | loss 0.0056 | acc 99.8% | 1s elapsed | eta 4s
  step 200/391 | loss 0.0056 | acc 99.9% | 2s elapsed | eta 2s
  step 300/391 | loss 0.0058 | acc 99.9% | 3s elapsed | eta 1s
Ep 241 | loss 0.0057 | task 0.0057 | train 99.8% | test 76.2% | 5s
  step 100/391 | loss 0.0047 | acc 99.9% | 2s elapsed | eta 5s
  step 200/391 | loss 0.0048 | acc 99.9% | 3s elapsed | eta 3s
  step 300/391 | loss 0.0050 | acc 99.9% | 5s elapsed | eta 2s
Ep 242 | loss 0.0056 | task 0.0056 | train 99.8% | test 76.2% | 8s
  step 100/391 | loss 0.0061 | acc 99.8% | 2s elapsed | eta 6s
  step 200/391 | loss 0.0062 | acc 99.8% | 4s elapsed | eta 3s
  step 300/391 | loss 0.0059 | acc 99.8% | 5s elapsed | eta 1s
Ep 243 | loss 0.0056 | task 0.0056 | train 99.9% | test 76.0% | 7s
  step 100/391 | loss 0.0044 | acc 99.9% | 1s elapsed | eta 4s
  step 200/391 | loss 0.0051 | acc 99.9% | 2s elapsed | eta 2s
  step 300/391 | loss 0.0051 | acc 99.9% | 3s elapsed | eta 1s
Ep 244 | loss 0.0055 | task 0.0055 | train 99.8% | test 76.3% | 5s
  step 100/391 | loss 0.0056 | acc 99.9% | 1s elapsed | eta 4s
  step 200/391 | loss 0.0049 | acc 99.9% | 2s elapsed | eta 2s
  step 300/391 | loss 0.0048 | acc 99.9% | 3s elapsed | eta 1s
Ep 245 | loss 0.0049 | task 0.0049 | train 99.9% | test 76.1% | 5s
  step 100/391 | loss 0.0060 | acc 99.8% | 1s elapsed | eta 3s
  step 200/391 | loss 0.0053 | acc 99.9% | 2s elapsed | eta 2s
  step 300/391 | loss 0.0050 | acc 99.9% | 3s elapsed | eta 1s
Ep 246 | loss 0.0047 | task 0.0047 | train 99.9% | test 76.3% | 6s
  step 100/391 | loss 0.0066 | acc 99.8% | 2s elapsed | eta 5s
  step 200/391 | loss 0.0057 | acc 99.8% | 3s elapsed | eta 3s
  step 300/391 | loss 0.0052 | acc 99.9% | 5s elapsed | eta 2s
Ep 247 | loss 0.0050 | task 0.0050 | train 99.9% | test 76.0% | 8s
  step 100/391 | loss 0.0036 | acc 99.9% | 2s elapsed | eta 5s
  step 200/391 | loss 0.0040 | acc 99.9% | 3s elapsed | eta 3s
  step 300/391 | loss 0.0042 | acc 99.9% | 4s elapsed | eta 1s
Ep 248 | loss 0.0044 | task 0.0044 | train 99.9% | test 75.9% | 6s
  step 100/391 | loss 0.0035 | acc 99.9% | 1s elapsed | eta 4s
  step 200/391 | loss 0.0041 | acc 99.9% | 2s elapsed | eta 2s
  step 300/391 | loss 0.0044 | acc 99.9% | 3s elapsed | eta 1s
Ep 249 | loss 0.0043 | task 0.0043 | train 99.9% | test 76.0% | 5s
  step 100/391 | loss 0.0038 | acc 99.9% | 1s elapsed | eta 4s
  step 200/391 | loss 0.0040 | acc 99.9% | 2s elapsed | eta 2s
  step 300/391 | loss 0.0040 | acc 99.9% | 3s elapsed | eta 1s
Ep 250 | loss 0.0047 | task 0.0047 | train 99.9% | test 75.9% | 4s
  step 100/391 | loss 0.0041 | acc 99.9% | 1s elapsed | eta 4s
  step 200/391 | loss 0.0040 | acc 99.9% | 2s elapsed | eta 2s
  step 300/391 | loss 0.0040 | acc 99.9% | 4s elapsed | eta 1s
Ep 251 | loss 0.0040 | task 0.0040 | train 99.9% | test 75.9% | 6s
  step 100/391 | loss 0.0033 | acc 99.9% | 2s elapsed | eta 5s
  step 200/391 | loss 0.0039 | acc 99.9% | 3s elapsed | eta 3s
  step 300/391 | loss 0.0047 | acc 99.9% | 4s elapsed | eta 1s
Ep 252 | loss 0.0049 | task 0.0049 | train 99.9% | test 75.8% | 6s
  step 100/391 | loss 0.0038 | acc 99.9% | 1s elapsed | eta 2s
  step 200/391 | loss 0.0042 | acc 99.9% | 1s elapsed | eta 1s
  step 300/391 | loss 0.0044 | acc 99.9% | 2s elapsed | eta 1s
Ep 253 | loss 0.0041 | task 0.0041 | train 99.9% | test 76.1% | 3s
  step 100/391 | loss 0.0035 | acc 99.9% | 1s elapsed | eta 2s
  step 200/391 | loss 0.0030 | acc 99.9% | 1s elapsed | eta 1s
  step 300/391 | loss 0.0028 | acc 99.9% | 2s elapsed | eta 1s
Ep 254 | loss 0.0031 | task 0.0031 | train 99.9% | test 76.0% | 3s
  step 100/391 | loss 0.0031 | acc 99.9% | 1s elapsed | eta 3s
  step 200/391 | loss 0.0030 | acc 99.9% | 2s elapsed | eta 2s
  step 300/391 | loss 0.0035 | acc 99.9% | 2s elapsed | eta 1s
Ep 255 | loss 0.0036 | task 0.0036 | train 99.9% | test 76.3% | 4s
  step 100/391 | loss 0.0034 | acc 99.9% | 1s elapsed | eta 3s
  step 200/391 | loss 0.0030 | acc 99.9% | 2s elapsed | eta 1s
  step 300/391 | loss 0.0033 | acc 99.9% | 2s elapsed | eta 1s
Ep 256 | loss 0.0033 | task 0.0033 | train 99.9% | test 76.3% | 3s
  step 100/391 | loss 0.0033 | acc 99.9% | 1s elapsed | eta 4s
  step 200/391 | loss 0.0031 | acc 99.9% | 2s elapsed | eta 2s
  step 300/391 | loss 0.0029 | acc 99.9% | 2s elapsed | eta 1s
Ep 257 | loss 0.0030 | task 0.0030 | train 99.9% | test 76.4% | 4s
  step 100/391 | loss 0.0034 | acc 99.9% | 1s elapsed | eta 2s
  step 200/391 | loss 0.0034 | acc 99.9% | 1s elapsed | eta 1s
  step 300/391 | loss 0.0034 | acc 99.9% | 2s elapsed | eta 1s
Ep 258 | loss 0.0037 | task 0.0037 | train 99.9% | test 76.4% | 3s
  step 100/391 | loss 0.0027 | acc 99.9% | 1s elapsed | eta 2s
  step 200/391 | loss 0.0025 | acc 99.9% | 1s elapsed | eta 1s
  step 300/391 | loss 0.0026 | acc 99.9% | 2s elapsed | eta 1s
Ep 259 | loss 0.0025 | task 0.0025 | train 99.9% | test 76.3% | 3s
  step 100/391 | loss 0.0031 | acc 99.9% | 1s elapsed | eta 2s
  step 200/391 | loss 0.0036 | acc 99.9% | 1s elapsed | eta 1s
  step 300/391 | loss 0.0035 | acc 99.9% | 2s elapsed | eta 1s
Ep 260 | loss 0.0032 | task 0.0032 | train 99.9% | test 76.4% | 3s
  step 100/391 | loss 0.0031 | acc 99.9% | 1s elapsed | eta 2s
  step 200/391 | loss 0.0032 | acc 99.9% | 1s elapsed | eta 1s
  step 300/391 | loss 0.0032 | acc 99.9% | 2s elapsed | eta 1s
Ep 261 | loss 0.0031 | task 0.0031 | train 99.9% | test 76.1% | 3s
  step 100/391 | loss 0.0032 | acc 99.9% | 1s elapsed | eta 2s
  step 200/391 | loss 0.0026 | acc 99.9% | 1s elapsed | eta 1s
  step 300/391 | loss 0.0023 | acc 99.9% | 2s elapsed | eta 1s
Ep 262 | loss 0.0025 | task 0.0025 | train 99.9% | test 76.3% | 3s
  step 100/391 | loss 0.0025 | acc 99.9% | 1s elapsed | eta 2s
  step 200/391 | loss 0.0027 | acc 99.9% | 1s elapsed | eta 1s
  step 300/391 | loss 0.0025 | acc 99.9% | 2s elapsed | eta 1s
Ep 263 | loss 0.0025 | task 0.0025 | train 99.9% | test 76.3% | 3s
  step 100/391 | loss 0.0022 | acc 100.0% | 1s elapsed | eta 2s
  step 200/391 | loss 0.0023 | acc 100.0% | 1s elapsed | eta 1s
  step 300/391 | loss 0.0023 | acc 99.9% | 2s elapsed | eta 1s
Ep 264 | loss 0.0022 | task 0.0022 | train 100.0% | test 76.2% | 3s
  step 100/391 | loss 0.0025 | acc 99.9% | 1s elapsed | eta 2s
  step 200/391 | loss 0.0028 | acc 99.9% | 1s elapsed | eta 1s
  step 300/391 | loss 0.0025 | acc 99.9% | 2s elapsed | eta 1s
Ep 265 | loss 0.0026 | task 0.0026 | train 99.9% | test 76.3% | 3s
  step 100/391 | loss 0.0020 | acc 99.9% | 1s elapsed | eta 2s
  step 200/391 | loss 0.0020 | acc 100.0% | 1s elapsed | eta 1s
  step 300/391 | loss 0.0021 | acc 100.0% | 2s elapsed | eta 1s
Ep 266 | loss 0.0021 | task 0.0021 | train 100.0% | test 76.5% | 3s
  step 100/391 | loss 0.0021 | acc 99.9% | 1s elapsed | eta 2s
  step 200/391 | loss 0.0020 | acc 99.9% | 1s elapsed | eta 1s
  step 300/391 | loss 0.0020 | acc 100.0% | 2s elapsed | eta 1s
Ep 267 | loss 0.0020 | task 0.0020 | train 100.0% | test 76.3% | 3s
  step 100/391 | loss 0.0023 | acc 100.0% | 1s elapsed | eta 2s
  step 200/391 | loss 0.0022 | acc 100.0% | 1s elapsed | eta 1s
  step 300/391 | loss 0.0022 | acc 100.0% | 2s elapsed | eta 1s
Ep 268 | loss 0.0021 | task 0.0021 | train 100.0% | test 76.1% | 3s
  step 100/391 | loss 0.0017 | acc 100.0% | 1s elapsed | eta 2s
  step 200/391 | loss 0.0020 | acc 100.0% | 1s elapsed | eta 1s
  step 300/391 | loss 0.0020 | acc 100.0% | 2s elapsed | eta 1s
Ep 269 | loss 0.0019 | task 0.0019 | train 100.0% | test 76.2% | 3s
  step 100/391 | loss 0.0016 | acc 100.0% | 1s elapsed | eta 2s
  step 200/391 | loss 0.0017 | acc 100.0% | 1s elapsed | eta 1s
  step 300/391 | loss 0.0019 | acc 100.0% | 2s elapsed | eta 1s
Ep 270 | loss 0.0018 | task 0.0018 | train 100.0% | test 76.2% | 3s
  step 100/391 | loss 0.0019 | acc 99.9% | 1s elapsed | eta 2s
  step 200/391 | loss 0.0018 | acc 100.0% | 1s elapsed | eta 1s
  step 300/391 | loss 0.0018 | acc 100.0% | 2s elapsed | eta 1s
Ep 271 | loss 0.0017 | task 0.0017 | train 100.0% | test 75.9% | 3s
  step 100/391 | loss 0.0016 | acc 100.0% | 1s elapsed | eta 2s
  step 200/391 | loss 0.0018 | acc 100.0% | 1s elapsed | eta 1s
  step 300/391 | loss 0.0017 | acc 100.0% | 2s elapsed | eta 1s
Ep 272 | loss 0.0017 | task 0.0017 | train 100.0% | test 76.1% | 3s
  step 100/391 | loss 0.0017 | acc 100.0% | 1s elapsed | eta 3s
  step 200/391 | loss 0.0015 | acc 100.0% | 2s elapsed | eta 2s
  step 300/391 | loss 0.0015 | acc 100.0% | 2s elapsed | eta 1s
Ep 273 | loss 0.0015 | task 0.0015 | train 100.0% | test 76.3% | 3s
  step 100/391 | loss 0.0016 | acc 100.0% | 1s elapsed | eta 3s
  step 200/391 | loss 0.0016 | acc 100.0% | 1s elapsed | eta 1s
  step 300/391 | loss 0.0018 | acc 100.0% | 2s elapsed | eta 1s
Ep 274 | loss 0.0019 | task 0.0019 | train 100.0% | test 76.1% | 3s
  step 100/391 | loss 0.0017 | acc 100.0% | 1s elapsed | eta 3s
  step 200/391 | loss 0.0015 | acc 100.0% | 2s elapsed | eta 2s
  step 300/391 | loss 0.0015 | acc 100.0% | 2s elapsed | eta 1s
Ep 275 | loss 0.0016 | task 0.0016 | train 100.0% | test 76.4% | 4s
  step 100/391 | loss 0.0017 | acc 100.0% | 1s elapsed | eta 3s
  step 200/391 | loss 0.0021 | acc 99.9% | 1s elapsed | eta 1s
  step 300/391 | loss 0.0020 | acc 99.9% | 2s elapsed | eta 1s
Ep 276 | loss 0.0019 | task 0.0019 | train 100.0% | test 76.2% | 4s
  step 100/391 | loss 0.0015 | acc 100.0% | 1s elapsed | eta 2s
  step 200/391 | loss 0.0016 | acc 100.0% | 1s elapsed | eta 1s
  step 300/391 | loss 0.0016 | acc 100.0% | 2s elapsed | eta 1s
Ep 277 | loss 0.0016 | task 0.0016 | train 100.0% | test 76.4% | 3s
  step 100/391 | loss 0.0016 | acc 100.0% | 1s elapsed | eta 3s
  step 200/391 | loss 0.0014 | acc 100.0% | 2s elapsed | eta 2s
  step 300/391 | loss 0.0014 | acc 100.0% | 2s elapsed | eta 1s
Ep 278 | loss 0.0014 | task 0.0014 | train 100.0% | test 76.2% | 3s
  step 100/391 | loss 0.0011 | acc 100.0% | 1s elapsed | eta 3s
  step 200/391 | loss 0.0013 | acc 100.0% | 2s elapsed | eta 2s
  step 300/391 | loss 0.0013 | acc 100.0% | 2s elapsed | eta 1s
Ep 279 | loss 0.0014 | task 0.0014 | train 100.0% | test 76.3% | 4s
  step 100/391 | loss 0.0011 | acc 100.0% | 1s elapsed | eta 3s
  step 200/391 | loss 0.0014 | acc 100.0% | 2s elapsed | eta 2s
  step 300/391 | loss 0.0015 | acc 100.0% | 2s elapsed | eta 1s
Ep 280 | loss 0.0015 | task 0.0015 | train 100.0% | test 76.2% | 3s
  step 100/391 | loss 0.0012 | acc 100.0% | 1s elapsed | eta 3s
  step 200/391 | loss 0.0013 | acc 100.0% | 2s elapsed | eta 2s
  step 300/391 | loss 0.0013 | acc 100.0% | 2s elapsed | eta 1s
Ep 281 | loss 0.0014 | task 0.0014 | train 100.0% | test 76.4% | 3s
  step 100/391 | loss 0.0010 | acc 100.0% | 1s elapsed | eta 3s
  step 200/391 | loss 0.0009 | acc 100.0% | 1s elapsed | eta 1s
  step 300/391 | loss 0.0011 | acc 100.0% | 2s elapsed | eta 1s
Ep 282 | loss 0.0011 | task 0.0011 | train 100.0% | test 76.3% | 3s
  step 100/391 | loss 0.0012 | acc 100.0% | 1s elapsed | eta 4s
  step 200/391 | loss 0.0013 | acc 100.0% | 2s elapsed | eta 2s
  step 300/391 | loss 0.0013 | acc 100.0% | 2s elapsed | eta 1s
Ep 283 | loss 0.0013 | task 0.0013 | train 100.0% | test 76.3% | 3s
  step 100/391 | loss 0.0013 | acc 100.0% | 1s elapsed | eta 3s
  step 200/391 | loss 0.0012 | acc 100.0% | 2s elapsed | eta 2s
  step 300/391 | loss 0.0013 | acc 100.0% | 2s elapsed | eta 1s
Ep 284 | loss 0.0013 | task 0.0013 | train 100.0% | test 76.3% | 4s
  step 100/391 | loss 0.0012 | acc 100.0% | 1s elapsed | eta 3s
  step 200/391 | loss 0.0014 | acc 100.0% | 2s elapsed | eta 2s
  step 300/391 | loss 0.0013 | acc 100.0% | 2s elapsed | eta 1s
Ep 285 | loss 0.0013 | task 0.0013 | train 100.0% | test 76.2% | 3s
  step 100/391 | loss 0.0013 | acc 100.0% | 1s elapsed | eta 3s
  step 200/391 | loss 0.0015 | acc 100.0% | 1s elapsed | eta 1s
  step 300/391 | loss 0.0015 | acc 100.0% | 2s elapsed | eta 1s
Ep 286 | loss 0.0014 | task 0.0014 | train 100.0% | test 76.4% | 3s
  step 100/391 | loss 0.0011 | acc 100.0% | 1s elapsed | eta 3s
  step 200/391 | loss 0.0011 | acc 100.0% | 1s elapsed | eta 1s
  step 300/391 | loss 0.0011 | acc 100.0% | 2s elapsed | eta 1s
Ep 287 | loss 0.0013 | task 0.0013 | train 100.0% | test 76.3% | 3s
  step 100/391 | loss 0.0014 | acc 100.0% | 1s elapsed | eta 2s
  step 200/391 | loss 0.0013 | acc 100.0% | 1s elapsed | eta 1s
  step 300/391 | loss 0.0012 | acc 100.0% | 2s elapsed | eta 1s
Ep 288 | loss 0.0011 | task 0.0011 | train 100.0% | test 76.5% | 3s
  step 100/391 | loss 0.0011 | acc 100.0% | 1s elapsed | eta 2s
  step 200/391 | loss 0.0011 | acc 100.0% | 1s elapsed | eta 1s
  step 300/391 | loss 0.0011 | acc 100.0% | 2s elapsed | eta 1s
Ep 289 | loss 0.0011 | task 0.0011 | train 100.0% | test 76.2% | 3s
  step 100/391 | loss 0.0011 | acc 100.0% | 1s elapsed | eta 2s
  step 200/391 | loss 0.0012 | acc 100.0% | 1s elapsed | eta 1s
  step 300/391 | loss 0.0012 | acc 100.0% | 2s elapsed | eta 1s
Ep 290 | loss 0.0012 | task 0.0012 | train 100.0% | test 76.2% | 3s
  step 100/391 | loss 0.0012 | acc 100.0% | 1s elapsed | eta 2s
  step 200/391 | loss 0.0013 | acc 100.0% | 1s elapsed | eta 1s
  step 300/391 | loss 0.0012 | acc 100.0% | 2s elapsed | eta 1s
Ep 291 | loss 0.0011 | task 0.0011 | train 100.0% | test 76.3% | 3s
  step 100/391 | loss 0.0010 | acc 100.0% | 1s elapsed | eta 3s
  step 200/391 | loss 0.0012 | acc 100.0% | 2s elapsed | eta 2s
  step 300/391 | loss 0.0011 | acc 100.0% | 3s elapsed | eta 1s
Ep 292 | loss 0.0012 | task 0.0012 | train 100.0% | test 76.3% | 5s
  step 100/391 | loss 0.0012 | acc 100.0% | 2s elapsed | eta 4s
  step 200/391 | loss 0.0013 | acc 100.0% | 3s elapsed | eta 3s
  step 300/391 | loss 0.0013 | acc 100.0% | 4s elapsed | eta 1s
Ep 293 | loss 0.0013 | task 0.0013 | train 100.0% | test 76.3% | 6s
  step 100/391 | loss 0.0015 | acc 100.0% | 2s elapsed | eta 5s
  step 200/391 | loss 0.0014 | acc 100.0% | 3s elapsed | eta 3s
  step 300/391 | loss 0.0013 | acc 100.0% | 4s elapsed | eta 1s
Ep 294 | loss 0.0013 | task 0.0013 | train 100.0% | test 76.3% | 7s
  step 100/391 | loss 0.0015 | acc 100.0% | 2s elapsed | eta 5s
  step 200/391 | loss 0.0015 | acc 100.0% | 3s elapsed | eta 3s
  step 300/391 | loss 0.0016 | acc 100.0% | 4s elapsed | eta 1s
Ep 295 | loss 0.0017 | task 0.0017 | train 100.0% | test 76.3% | 6s
  step 100/391 | loss 0.0010 | acc 100.0% | 1s elapsed | eta 4s
  step 200/391 | loss 0.0010 | acc 100.0% | 3s elapsed | eta 3s
  step 300/391 | loss 0.0010 | acc 100.0% | 4s elapsed | eta 1s
Ep 296 | loss 0.0011 | task 0.0011 | train 100.0% | test 76.3% | 6s
  step 100/391 | loss 0.0012 | acc 100.0% | 2s elapsed | eta 5s
  step 200/391 | loss 0.0013 | acc 100.0% | 3s elapsed | eta 3s
  step 300/391 | loss 0.0014 | acc 100.0% | 4s elapsed | eta 1s
Ep 297 | loss 0.0014 | task 0.0014 | train 100.0% | test 76.3% | 6s
  step 100/391 | loss 0.0016 | acc 99.9% | 1s elapsed | eta 4s
  step 200/391 | loss 0.0013 | acc 100.0% | 2s elapsed | eta 2s
  step 300/391 | loss 0.0012 | acc 100.0% | 4s elapsed | eta 1s
Ep 298 | loss 0.0012 | task 0.0012 | train 100.0% | test 76.2% | 7s
  step 100/391 | loss 0.0011 | acc 100.0% | 2s elapsed | eta 5s
  step 200/391 | loss 0.0013 | acc 100.0% | 4s elapsed | eta 3s
  step 300/391 | loss 0.0013 | acc 100.0% | 6s elapsed | eta 2s
Ep 299 | loss 0.0013 | task 0.0013 | train 100.0% | test 76.2% | 9s
  step 100/391 | loss 0.0011 | acc 100.0% | 2s elapsed | eta 5s
  step 200/391 | loss 0.0010 | acc 100.0% | 3s elapsed | eta 3s
  step 300/391 | loss 0.0010 | acc 100.0% | 5s elapsed | eta 1s
Ep 300 | loss 0.0011 | task 0.0011 | train 100.0% | test 76.2% | 8s
Saved checkpoint to models/base_plain_K2_300ep.pt
