/home/ec2-user/dev/ugh/.venv/lib/python3.13/site-packages/torchvision/datasets/cifar.py:83: VisibleDeprecationWarning: dtype(): align should be passed as Python or NumPy boolean but got `align=0`. Did you mean to pass a tuple to create a subarray type? (Deprecated NumPy 2.4)
  entry = pickle.load(f, encoding="latin1")
Model: continuous | Params: 1,021,130 | K=8 | blocks/unit=2
----------------------------------------------------------------------
Ep   1 | loss 1.7749 | task 1.7749 | cons 0.0000 | train 33.9% | test 40.6%
Ep   2 | loss 1.4777 | task 1.4777 | cons 0.0000 | train 46.1% | test 51.7%
Ep   3 | loss 1.3342 | task 1.3342 | cons 0.0000 | train 51.6% | test 53.8%
Ep   4 | loss 1.2382 | task 1.2382 | cons 0.0000 | train 55.3% | test 59.3%
Ep   5 | loss 1.1783 | task 1.1783 | cons 0.0000 | train 57.5% | test 56.6%
Ep   6 | loss 1.1135 | task 1.1135 | cons 0.0000 | train 59.9% | test 62.7%
Ep   7 | loss 1.0616 | task 1.0616 | cons 0.0000 | train 61.8% | test 63.0%
Ep   8 | loss 1.0172 | task 1.0172 | cons 0.0000 | train 63.4% | test 66.0%
Ep   9 | loss 0.9802 | task 0.9802 | cons 0.0000 | train 64.8% | test 67.4%
Ep  10 | loss 0.9381 | task 0.9381 | cons 0.0000 | train 66.4% | test 67.7%
    K=1: 63.1%
    K=2: 67.2%
    K=4: 68.5%
Ep  11 | loss 0.9096 | task 0.9096 | cons 0.0000 | train 67.4% | test 69.2%
Ep  12 | loss 0.8692 | task 0.8692 | cons 0.0000 | train 69.0% | test 68.0%
Ep  13 | loss 0.8455 | task 0.8455 | cons 0.0000 | train 69.9% | test 71.2%
Ep  14 | loss 0.8125 | task 0.8125 | cons 0.0000 | train 70.9% | test 72.6%
Ep  15 | loss 0.8003 | task 0.8003 | cons 0.0000 | train 71.6% | test 72.5%
Ep  16 | loss 0.7715 | task 0.7715 | cons 0.0000 | train 72.3% | test 73.3%
Ep  17 | loss 0.7458 | task 0.7458 | cons 0.0000 | train 73.5% | test 73.7%
Ep  18 | loss 0.7200 | task 0.7200 | cons 0.0000 | train 74.4% | test 74.2%
Ep  19 | loss 0.7101 | task 0.7101 | cons 0.0000 | train 74.7% | test 75.0%
Ep  20 | loss 0.6897 | task 0.6897 | cons 0.0000 | train 75.3% | test 75.5%
    K=1: 68.7%
    K=2: 74.4%
    K=4: 75.4%
Ep  21 | loss 0.6800 | task 0.6800 | cons 0.0000 | train 75.8% | test 74.2%
Ep  22 | loss 0.6484 | task 0.6484 | cons 0.0000 | train 77.0% | test 75.7%
Ep  23 | loss 0.6324 | task 0.6324 | cons 0.0000 | train 77.5% | test 76.0%
Ep  24 | loss 0.6153 | task 0.6153 | cons 0.0000 | train 78.0% | test 75.4%
Ep  25 | loss 0.5996 | task 0.5996 | cons 0.0000 | train 78.7% | test 75.8%
Ep  26 | loss 0.5902 | task 0.5902 | cons 0.0000 | train 79.1% | test 75.9%
Ep  27 | loss 0.5701 | task 0.5701 | cons 0.0000 | train 79.7% | test 76.4%
Ep  28 | loss 0.5494 | task 0.5494 | cons 0.0000 | train 80.3% | test 76.4%
Ep  29 | loss 0.5465 | task 0.5465 | cons 0.0000 | train 80.5% | test 76.1%
Ep  30 | loss 0.5167 | task 0.5167 | cons 0.0000 | train 81.6% | test 76.8%
    K=1: 70.6%
    K=2: 76.9%
    K=4: 77.4%
Ep  31 | loss 0.5043 | task 0.5043 | cons 0.0000 | train 82.0% | test 76.4%
Ep  32 | loss 0.4986 | task 0.4986 | cons 0.0000 | train 82.2% | test 77.4%
Ep  33 | loss 0.4826 | task 0.4826 | cons 0.0000 | train 83.0% | test 78.2%
Ep  34 | loss 0.4845 | task 0.4845 | cons 0.0000 | train 82.6% | test 78.3%
Ep  35 | loss 0.4548 | task 0.4548 | cons 0.0000 | train 83.7% | test 78.2%
Ep  36 | loss 0.4471 | task 0.4471 | cons 0.0000 | train 84.0% | test 78.4%
Ep  37 | loss 0.4405 | task 0.4405 | cons 0.0000 | train 84.2% | test 78.2%
Ep  38 | loss 0.4330 | task 0.4330 | cons 0.0000 | train 84.5% | test 78.1%
Ep  39 | loss 0.4245 | task 0.4245 | cons 0.0000 | train 84.8% | test 78.8%
Ep  40 | loss 0.4017 | task 0.4017 | cons 0.0000 | train 85.5% | test 78.0%
    K=1: 70.7%
    K=2: 77.4%
    K=4: 78.3%
Ep  41 | loss 0.3925 | task 0.3925 | cons 0.0000 | train 85.8% | test 78.0%
Ep  42 | loss 0.3798 | task 0.3798 | cons 0.0000 | train 86.3% | test 78.3%
Ep  43 | loss 0.3681 | task 0.3681 | cons 0.0000 | train 86.8% | test 77.8%
Ep  44 | loss 0.3558 | task 0.3558 | cons 0.0000 | train 87.2% | test 77.9%
Ep  45 | loss 0.3448 | task 0.3448 | cons 0.0000 | train 87.7% | test 78.0%
Ep  46 | loss 0.3380 | task 0.3380 | cons 0.0000 | train 87.9% | test 78.0%
Ep  47 | loss 0.3289 | task 0.3289 | cons 0.0000 | train 88.4% | test 78.6%
Ep  48 | loss 0.3136 | task 0.3136 | cons 0.0000 | train 88.7% | test 78.1%
Ep  49 | loss 0.3038 | task 0.3038 | cons 0.0000 | train 89.1% | test 78.4%
Ep  50 | loss 0.2911 | task 0.2911 | cons 0.0000 | train 89.5% | test 78.8%
    K=1: 72.4%
    K=2: 78.1%
    K=4: 78.8%
Ep  51 | loss 0.2907 | task 0.2907 | cons 0.0000 | train 89.6% | test 78.8%
Ep  52 | loss 0.2772 | task 0.2772 | cons 0.0000 | train 90.0% | test 77.6%
Ep  53 | loss 0.2722 | task 0.2722 | cons 0.0000 | train 90.4% | test 78.2%
Ep  54 | loss 0.2582 | task 0.2582 | cons 0.0000 | train 90.8% | test 78.2%
Ep  55 | loss 0.2441 | task 0.2441 | cons 0.0000 | train 91.2% | test 78.7%
Ep  56 | loss 0.2462 | task 0.2462 | cons 0.0000 | train 91.3% | test 78.4%
Ep  57 | loss 0.2358 | task 0.2358 | cons 0.0000 | train 91.6% | test 77.8%
Ep  58 | loss 0.2309 | task 0.2309 | cons 0.0000 | train 91.8% | test 78.5%
Ep  59 | loss 0.2203 | task 0.2203 | cons 0.0000 | train 92.1% | test 78.0%
Ep  60 | loss 0.2229 | task 0.2229 | cons 0.0000 | train 92.1% | test 78.3%
    K=1: 73.6%
    K=2: 78.5%
    K=4: 78.7%
Ep  61 | loss 0.1981 | task 0.1981 | cons 0.0000 | train 93.0% | test 78.0%
Ep  62 | loss 0.1909 | task 0.1909 | cons 0.0000 | train 93.2% | test 78.5%
Ep  63 | loss 0.1857 | task 0.1857 | cons 0.0000 | train 93.4% | test 78.4%
Ep  64 | loss 0.1962 | task 0.1962 | cons 0.0000 | train 93.0% | test 78.2%
Ep  65 | loss 0.1834 | task 0.1834 | cons 0.0000 | train 93.6% | test 78.2%
Ep  66 | loss 0.1738 | task 0.1738 | cons 0.0000 | train 93.9% | test 78.4%
Ep  67 | loss 0.1744 | task 0.1744 | cons 0.0000 | train 94.0% | test 78.2%
Ep  68 | loss 0.1491 | task 0.1491 | cons 0.0000 | train 94.7% | test 78.3%
Ep  69 | loss 0.1561 | task 0.1561 | cons 0.0000 | train 94.4% | test 78.6%
Ep  70 | loss 0.1616 | task 0.1616 | cons 0.0000 | train 94.3% | test 78.6%
    K=1: 73.7%
    K=2: 78.7%
    K=4: 79.0%
Ep  71 | loss 0.1600 | task 0.1600 | cons 0.0000 | train 94.3% | test 78.3%
Ep  72 | loss 0.1447 | task 0.1447 | cons 0.0000 | train 94.9% | test 78.3%
Ep  73 | loss 0.1510 | task 0.1510 | cons 0.0000 | train 94.6% | test 78.3%
Ep  74 | loss 0.1429 | task 0.1429 | cons 0.0000 | train 95.0% | test 78.5%
Ep  75 | loss 0.1409 | task 0.1409 | cons 0.0000 | train 95.0% | test 78.3%
Ep  76 | loss 0.1222 | task 0.1222 | cons 0.0000 | train 95.7% | test 78.4%
Ep  77 | loss 0.1224 | task 0.1224 | cons 0.0000 | train 95.7% | test 78.7%
Ep  78 | loss 0.1173 | task 0.1173 | cons 0.0000 | train 95.9% | test 78.8%
Ep  79 | loss 0.1124 | task 0.1124 | cons 0.0000 | train 96.0% | test 78.7%
Ep  80 | loss 0.1167 | task 0.1167 | cons 0.0000 | train 95.9% | test 78.7%
    K=1: 74.1%
    K=2: 79.1%
    K=4: 79.5%
Ep  81 | loss 0.1072 | task 0.1072 | cons 0.0000 | train 96.2% | test 79.0%
Ep  82 | loss 0.1051 | task 0.1051 | cons 0.0000 | train 96.4% | test 78.9%
Ep  83 | loss 0.1128 | task 0.1128 | cons 0.0000 | train 96.1% | test 78.7%
Ep  84 | loss 0.0960 | task 0.0960 | cons 0.0000 | train 96.6% | test 79.0%
Ep  85 | loss 0.1021 | task 0.1021 | cons 0.0000 | train 96.5% | test 78.8%
Ep  86 | loss 0.0988 | task 0.0988 | cons 0.0000 | train 96.5% | test 79.2%
Ep  87 | loss 0.0959 | task 0.0959 | cons 0.0000 | train 96.6% | test 78.8%
Ep  88 | loss 0.0991 | task 0.0991 | cons 0.0000 | train 96.6% | test 78.9%
Ep  89 | loss 0.0997 | task 0.0997 | cons 0.0000 | train 96.5% | test 78.8%
Ep  90 | loss 0.0877 | task 0.0877 | cons 0.0000 | train 97.0% | test 78.7%
    K=1: 74.6%
    K=2: 78.9%
    K=4: 79.4%
Ep  91 | loss 0.0945 | task 0.0945 | cons 0.0000 | train 96.7% | test 78.7%
Ep  92 | loss 0.0947 | task 0.0947 | cons 0.0000 | train 96.7% | test 78.8%
Ep  93 | loss 0.1038 | task 0.1038 | cons 0.0000 | train 96.4% | test 78.8%
Ep  94 | loss 0.0857 | task 0.0857 | cons 0.0000 | train 97.0% | test 78.9%
Ep  95 | loss 0.0883 | task 0.0883 | cons 0.0000 | train 97.0% | test 78.9%
Ep  96 | loss 0.0856 | task 0.0856 | cons 0.0000 | train 97.0% | test 79.0%
Ep  97 | loss 0.1025 | task 0.1025 | cons 0.0000 | train 96.4% | test 79.0%
Ep  98 | loss 0.0910 | task 0.0910 | cons 0.0000 | train 96.9% | test 79.0%
Ep  99 | loss 0.0760 | task 0.0760 | cons 0.0000 | train 97.5% | test 79.0%
Ep 100 | loss 0.0992 | task 0.0992 | cons 0.0000 | train 96.6% | test 79.0%
    K=1: 74.7%
    K=2: 79.0%
    K=4: 79.6%
Saved checkpoint to cont_2bpu_dim192.pt
