/home/ec2-user/dev/ugh/.venv/lib/python3.13/site-packages/torchvision/datasets/cifar.py:83: VisibleDeprecationWarning: dtype(): align should be passed as Python or NumPy boolean but got `align=0`. Did you mean to pass a tuple to create a subarray type? (Deprecated NumPy 2.4)
  entry = pickle.load(f, encoding="latin1")
Model: continuous | Params: 522,762 | K=8
----------------------------------------------------------------------
/home/ec2-user/.local/share/uv/python/cpython-3.13.12-linux-x86_64-gnu/lib/python3.13/contextlib.py:109: FutureWarning: `torch.backends.cuda.sdp_kernel()` is deprecated. In the future, this context manager will be removed. Please see `torch.nn.attention.sdpa_kernel()` for the new context manager, with updated signature.
  self.gen = func(*args, **kwds)
Ep   1 | loss 1.7872 | task 1.7869 | cons 0.0092 | train 33.6% | test 40.1%
Ep   2 | loss 1.5515 | task 1.5509 | cons 0.0188 | train 43.7% | test 47.8%
Ep   3 | loss 1.4226 | task 1.4217 | cons 0.0276 | train 48.3% | test 51.5%
Ep   4 | loss 1.3585 | task 1.3576 | cons 0.0321 | train 50.8% | test 54.9%
Ep   5 | loss 1.3110 | task 1.3100 | cons 0.0341 | train 52.8% | test 56.3%
Ep   6 | loss 1.2632 | task 1.2620 | cons 0.0416 | train 54.4% | test 56.4%
Ep   7 | loss 1.2375 | task 1.2361 | cons 0.0469 | train 55.1% | test 58.7%
Ep   8 | loss 1.1986 | task 1.1968 | cons 0.0586 | train 56.8% | test 61.7%
Ep   9 | loss 1.1747 | task 1.1729 | cons 0.0612 | train 57.6% | test 59.9%
Ep  10 | loss 1.1356 | task 1.1336 | cons 0.0670 | train 58.7% | test 63.8%
    K=1: 53.1%
    K=2: 62.2%
    K=4: 63.7%
Ep  11 | loss 1.1248 | task 1.1220 | cons 0.0943 | train 59.4% | test 62.8%
Ep  12 | loss 1.0875 | task 1.0833 | cons 0.1392 | train 60.8% | test 65.7%
Ep  13 | loss 1.0868 | task 1.0777 | cons 0.3018 | train 60.9% | test 64.9%
Ep  14 | loss 1.0955 | task 1.0669 | cons 0.9526 | train 61.6% | test 64.6%
Ep  15 | loss 1.0967 | task 1.0713 | cons 0.8477 | train 61.4% | test 66.3%
Ep  16 | loss 1.0376 | task 1.0266 | cons 0.3665 | train 63.0% | test 67.5%
Ep  17 | loss 1.0297 | task 1.0181 | cons 0.3859 | train 63.3% | test 67.4%
Ep  18 | loss 1.0054 | task 0.9966 | cons 0.2934 | train 64.1% | test 68.1%
Ep  19 | loss 0.9979 | task 0.9878 | cons 0.3367 | train 64.6% | test 68.7%
Ep  20 | loss 0.9666 | task 0.9575 | cons 0.3050 | train 65.5% | test 70.2%
    K=1: 53.9%
    K=2: 67.4%
    K=4: 70.3%
Ep  21 | loss 0.9741 | task 0.9657 | cons 0.2799 | train 65.1% | test 70.3%
Ep  22 | loss 0.9497 | task 0.9416 | cons 0.2692 | train 66.3% | test 70.6%
Ep  23 | loss 0.9317 | task 0.9233 | cons 0.2785 | train 66.8% | test 70.7%
Ep  24 | loss 0.9209 | task 0.9124 | cons 0.2821 | train 67.2% | test 70.7%
Ep  25 | loss 0.9230 | task 0.9134 | cons 0.3196 | train 67.1% | test 72.1%
Ep  26 | loss 0.9326 | task 0.9221 | cons 0.3500 | train 66.7% | test 72.2%
Ep  27 | loss 0.8978 | task 0.8893 | cons 0.2824 | train 68.1% | test 73.2%
Ep  28 | loss 0.8791 | task 0.8712 | cons 0.2608 | train 68.9% | test 73.4%
Ep  29 | loss 0.8707 | task 0.8628 | cons 0.2651 | train 69.2% | test 72.9%
Ep  30 | loss 0.8520 | task 0.8446 | cons 0.2470 | train 69.7% | test 72.9%
    K=1: 54.1%
    K=2: 70.9%
    K=4: 73.1%
Ep  31 | loss 0.8292 | task 0.8208 | cons 0.2794 | train 70.5% | test 74.0%
Ep  32 | loss 0.8489 | task 0.8417 | cons 0.2417 | train 69.7% | test 73.1%
Ep  33 | loss 0.8611 | task 0.8525 | cons 0.2863 | train 69.3% | test 72.8%
Ep  34 | loss 0.8509 | task 0.8418 | cons 0.3018 | train 69.8% | test 73.5%
Ep  35 | loss 0.8403 | task 0.8316 | cons 0.2913 | train 70.0% | test 73.8%
Ep  36 | loss 0.8528 | task 0.8429 | cons 0.3308 | train 69.8% | test 73.7%
Ep  37 | loss 0.8306 | task 0.8210 | cons 0.3210 | train 70.4% | test 74.4%
Ep  38 | loss 0.8215 | task 0.8127 | cons 0.2926 | train 70.8% | test 74.4%
Ep  39 | loss 0.8101 | task 0.8024 | cons 0.2596 | train 71.3% | test 74.8%
Ep  40 | loss 0.8069 | task 0.7983 | cons 0.2872 | train 71.3% | test 74.1%
    K=1: 55.7%
    K=2: 71.6%
    K=4: 74.2%
Ep  41 | loss 0.7861 | task 0.7779 | cons 0.2743 | train 72.1% | test 75.2%
Ep  42 | loss 0.7696 | task 0.7617 | cons 0.2633 | train 72.5% | test 73.8%
Ep  43 | loss 0.7715 | task 0.7643 | cons 0.2407 | train 72.6% | test 74.4%
Ep  44 | loss 0.7723 | task 0.7653 | cons 0.2343 | train 72.7% | test 74.7%
Ep  45 | loss 0.7744 | task 0.7674 | cons 0.2315 | train 72.5% | test 75.9%
Ep  46 | loss 0.7614 | task 0.7536 | cons 0.2601 | train 72.8% | test 75.6%
Ep  47 | loss 0.7506 | task 0.7425 | cons 0.2690 | train 73.4% | test 75.3%
Ep  48 | loss 0.7325 | task 0.7258 | cons 0.2243 | train 73.8% | test 75.3%
Ep  49 | loss 0.7360 | task 0.7287 | cons 0.2455 | train 73.9% | test 75.6%
Ep  50 | loss 0.7122 | task 0.7050 | cons 0.2397 | train 74.6% | test 75.6%
    K=1: 56.3%
    K=2: 73.0%
    K=4: 76.3%
Ep  51 | loss 0.7063 | task 0.6983 | cons 0.2665 | train 74.9% | test 75.4%
Ep  52 | loss 0.7240 | task 0.7159 | cons 0.2711 | train 74.3% | test 75.7%
Ep  53 | loss 0.7347 | task 0.7257 | cons 0.3006 | train 73.9% | test 75.4%
Ep  54 | loss 0.7176 | task 0.7092 | cons 0.2823 | train 74.5% | test 75.8%
Ep  55 | loss 0.7267 | task 0.7177 | cons 0.3002 | train 74.2% | test 76.4%
Ep  56 | loss 0.6889 | task 0.6814 | cons 0.2488 | train 75.5% | test 76.0%
Ep  57 | loss 0.7257 | task 0.7176 | cons 0.2678 | train 73.9% | test 75.9%
Ep  58 | loss 0.7113 | task 0.7038 | cons 0.2489 | train 74.8% | test 75.7%
Ep  59 | loss 0.7087 | task 0.7011 | cons 0.2532 | train 74.5% | test 76.3%
Ep  60 | loss 0.6894 | task 0.6805 | cons 0.2949 | train 75.6% | test 76.8%
    K=1: 56.9%
    K=2: 73.8%
    K=4: 77.0%
Ep  61 | loss 0.6677 | task 0.6595 | cons 0.2718 | train 76.2% | test 76.1%
Ep  62 | loss 0.6612 | task 0.6533 | cons 0.2627 | train 76.6% | test 75.7%
Ep  63 | loss 0.6751 | task 0.6666 | cons 0.2835 | train 76.1% | test 76.8%
Ep  64 | loss 0.6876 | task 0.6783 | cons 0.3086 | train 75.6% | test 76.0%
Ep  65 | loss 0.6725 | task 0.6647 | cons 0.2593 | train 76.1% | test 76.8%
Ep  66 | loss 0.6395 | task 0.6324 | cons 0.2392 | train 77.1% | test 76.5%
Ep  67 | loss 0.6457 | task 0.6387 | cons 0.2308 | train 77.1% | test 76.5%
Ep  68 | loss 0.6054 | task 0.5990 | cons 0.2138 | train 78.5% | test 76.9%
Ep  69 | loss 0.6604 | task 0.6528 | cons 0.2520 | train 76.5% | test 76.6%
Ep  70 | loss 0.6390 | task 0.6313 | cons 0.2549 | train 77.5% | test 77.2%
    K=1: 56.9%
    K=2: 73.9%
    K=4: 77.3%
Ep  71 | loss 0.6358 | task 0.6280 | cons 0.2585 | train 77.6% | test 76.3%
Ep  72 | loss 0.6127 | task 0.6052 | cons 0.2505 | train 78.3% | test 77.1%
Ep  73 | loss 0.6158 | task 0.6078 | cons 0.2690 | train 78.2% | test 76.8%
Ep  74 | loss 0.6394 | task 0.6323 | cons 0.2343 | train 77.1% | test 77.3%
Ep  75 | loss 0.6169 | task 0.6091 | cons 0.2622 | train 78.2% | test 76.6%
Ep  76 | loss 0.6169 | task 0.6097 | cons 0.2401 | train 78.2% | test 76.7%
Ep  77 | loss 0.6331 | task 0.6258 | cons 0.2417 | train 77.6% | test 76.5%
Ep  78 | loss 0.6159 | task 0.6080 | cons 0.2618 | train 78.0% | test 76.5%
Ep  79 | loss 0.6094 | task 0.6017 | cons 0.2561 | train 78.4% | test 77.7%
Ep  80 | loss 0.5924 | task 0.5851 | cons 0.2426 | train 78.9% | test 76.8%
    K=1: 56.2%
    K=2: 73.5%
    K=4: 76.6%
Ep  81 | loss 0.6098 | task 0.6021 | cons 0.2563 | train 78.5% | test 77.7%
Ep  82 | loss 0.5917 | task 0.5844 | cons 0.2436 | train 79.2% | test 76.1%
Ep  83 | loss 0.5804 | task 0.5730 | cons 0.2460 | train 79.4% | test 77.2%
Ep  84 | loss 0.6003 | task 0.5924 | cons 0.2630 | train 78.6% | test 78.0%
Ep  85 | loss 0.6021 | task 0.5949 | cons 0.2392 | train 78.6% | test 77.3%
Ep  86 | loss 0.5891 | task 0.5818 | cons 0.2416 | train 78.9% | test 77.6%
Ep  87 | loss 0.5924 | task 0.5852 | cons 0.2402 | train 79.0% | test 77.7%
Ep  88 | loss 0.5774 | task 0.5690 | cons 0.2808 | train 79.5% | test 76.7%
Ep  89 | loss 0.5978 | task 0.5908 | cons 0.2317 | train 78.8% | test 77.7%
Ep  90 | loss 0.5472 | task 0.5398 | cons 0.2444 | train 80.5% | test 77.2%
    K=1: 57.2%
    K=2: 73.9%
    K=4: 77.5%
Ep  91 | loss 0.5624 | task 0.5559 | cons 0.2155 | train 79.9% | test 76.3%
Ep  92 | loss 0.5826 | task 0.5760 | cons 0.2217 | train 79.5% | test 77.7%
Ep  93 | loss 0.5860 | task 0.5784 | cons 0.2555 | train 79.2% | test 77.5%
Ep  94 | loss 0.5500 | task 0.5421 | cons 0.2622 | train 80.4% | test 77.7%
Ep  95 | loss 0.5782 | task 0.5704 | cons 0.2596 | train 79.5% | test 77.3%
Ep  96 | loss 0.5437 | task 0.5366 | cons 0.2355 | train 80.6% | test 77.0%
Ep  97 | loss 0.5593 | task 0.5517 | cons 0.2552 | train 80.1% | test 76.2%
Ep  98 | loss 0.5468 | task 0.5398 | cons 0.2330 | train 80.5% | test 77.6%
Ep  99 | loss 0.5325 | task 0.5258 | cons 0.2213 | train 81.0% | test 77.8%
Ep 100 | loss 0.5282 | task 0.5217 | cons 0.2176 | train 81.1% | test 77.5%
    K=1: 55.8%
    K=2: 74.5%
    K=4: 77.9%
Ep 101 | loss 0.5664 | task 0.5587 | cons 0.2574 | train 80.0% | test 77.2%
Ep 102 | loss 0.5517 | task 0.5445 | cons 0.2403 | train 80.1% | test 76.8%
Ep 103 | loss 0.5098 | task 0.5028 | cons 0.2342 | train 81.9% | test 77.4%
Ep 104 | loss 0.4865 | task 0.4800 | cons 0.2136 | train 82.7% | test 77.2%
Ep 105 | loss 0.5396 | task 0.5329 | cons 0.2251 | train 80.6% | test 78.0%
Ep 106 | loss 0.5313 | task 0.5247 | cons 0.2192 | train 81.0% | test 77.6%
Ep 107 | loss 0.5095 | task 0.5034 | cons 0.2057 | train 81.9% | test 77.5%
Ep 108 | loss 0.4822 | task 0.4754 | cons 0.2262 | train 82.8% | test 77.8%
Ep 109 | loss 0.5225 | task 0.5152 | cons 0.2453 | train 81.5% | test 78.0%
Ep 110 | loss 0.5378 | task 0.5305 | cons 0.2429 | train 80.9% | test 78.2%
    K=1: 57.7%
    K=2: 74.7%
    K=4: 78.3%
Ep 111 | loss 0.5218 | task 0.5156 | cons 0.2048 | train 81.4% | test 77.1%
Ep 112 | loss 0.5298 | task 0.5231 | cons 0.2235 | train 81.4% | test 78.0%
Ep 113 | loss 0.4925 | task 0.4854 | cons 0.2395 | train 82.6% | test 77.2%
Ep 114 | loss 0.4923 | task 0.4861 | cons 0.2044 | train 82.7% | test 76.9%
Ep 115 | loss 0.5431 | task 0.5362 | cons 0.2270 | train 80.6% | test 77.4%
Ep 116 | loss 0.4830 | task 0.4764 | cons 0.2187 | train 82.9% | test 77.5%
Ep 117 | loss 0.5418 | task 0.5350 | cons 0.2276 | train 80.7% | test 77.9%
Ep 118 | loss 0.4712 | task 0.4652 | cons 0.2010 | train 83.3% | test 77.2%
Ep 119 | loss 0.4770 | task 0.4705 | cons 0.2166 | train 82.9% | test 77.2%
Ep 120 | loss 0.5326 | task 0.5259 | cons 0.2216 | train 81.0% | test 77.2%
    K=1: 58.4%
    K=2: 74.6%
    K=4: 77.4%
Ep 121 | loss 0.5141 | task 0.5076 | cons 0.2164 | train 81.7% | test 77.2%
Ep 122 | loss 0.4729 | task 0.4667 | cons 0.2056 | train 83.4% | test 77.6%
Ep 123 | loss 0.5071 | task 0.5005 | cons 0.2221 | train 82.0% | test 78.1%
Ep 124 | loss 0.4895 | task 0.4833 | cons 0.2082 | train 82.6% | test 77.8%
Ep 125 | loss 0.4470 | task 0.4405 | cons 0.2177 | train 84.0% | test 77.3%
Ep 126 | loss 0.4938 | task 0.4876 | cons 0.2090 | train 82.5% | test 77.0%
Ep 127 | loss 0.4727 | task 0.4659 | cons 0.2275 | train 83.1% | test 76.9%
Ep 128 | loss 0.4893 | task 0.4827 | cons 0.2207 | train 82.5% | test 77.3%
Ep 129 | loss 0.4348 | task 0.4285 | cons 0.2108 | train 84.7% | test 77.3%
Ep 130 | loss 0.4686 | task 0.4623 | cons 0.2122 | train 83.4% | test 77.0%
    K=1: 57.8%
    K=2: 74.1%
    K=4: 77.6%
Ep 131 | loss 0.4690 | task 0.4631 | cons 0.1977 | train 83.2% | test 77.4%
Ep 132 | loss 0.4937 | task 0.4870 | cons 0.2238 | train 82.4% | test 77.3%
Ep 133 | loss 0.4762 | task 0.4681 | cons 0.2711 | train 83.0% | test 77.6%
Ep 134 | loss 0.4596 | task 0.4520 | cons 0.2539 | train 83.9% | test 77.2%
Ep 135 | loss 0.4463 | task 0.4397 | cons 0.2200 | train 84.1% | test 78.0%
Ep 136 | loss 0.4576 | task 0.4506 | cons 0.2324 | train 83.6% | test 77.8%
Ep 137 | loss 0.4106 | task 0.4046 | cons 0.1991 | train 85.4% | test 77.5%
Ep 138 | loss 0.4719 | task 0.4657 | cons 0.2052 | train 82.9% | test 77.3%
Ep 139 | loss 0.4467 | task 0.4404 | cons 0.2081 | train 84.2% | test 77.5%
Ep 140 | loss 0.4779 | task 0.4713 | cons 0.2198 | train 83.1% | test 77.8%
    K=1: 59.3%
    K=2: 74.8%
    K=4: 78.1%
Ep 141 | loss 0.4681 | task 0.4606 | cons 0.2520 | train 83.3% | test 77.7%
Ep 142 | loss 0.4449 | task 0.4380 | cons 0.2306 | train 84.2% | test 78.3%
Ep 143 | loss 0.4331 | task 0.4261 | cons 0.2310 | train 84.6% | test 77.2%
Ep 144 | loss 0.4090 | task 0.4026 | cons 0.2144 | train 85.6% | test 77.5%
Ep 145 | loss 0.4374 | task 0.4310 | cons 0.2125 | train 84.5% | test 77.2%
Ep 146 | loss 0.3921 | task 0.3858 | cons 0.2091 | train 86.2% | test 77.2%
Ep 147 | loss 0.4490 | task 0.4424 | cons 0.2191 | train 84.2% | test 77.6%
Ep 148 | loss 0.3945 | task 0.3877 | cons 0.2257 | train 86.0% | test 77.1%
Ep 149 | loss 0.4492 | task 0.4429 | cons 0.2121 | train 84.1% | test 76.9%
Ep 150 | loss 0.4107 | task 0.4037 | cons 0.2326 | train 85.4% | test 77.2%
    K=1: 57.6%
    K=2: 74.5%
    K=4: 77.7%
Ep 151 | loss 0.4354 | task 0.4281 | cons 0.2439 | train 84.5% | test 77.6%
Ep 152 | loss 0.4462 | task 0.4395 | cons 0.2213 | train 84.1% | test 77.7%
Ep 153 | loss 0.4502 | task 0.4439 | cons 0.2103 | train 84.1% | test 77.7%
Ep 154 | loss 0.4187 | task 0.4120 | cons 0.2223 | train 85.1% | test 76.6%
Ep 155 | loss 0.4315 | task 0.4243 | cons 0.2391 | train 84.6% | test 78.1%
Ep 156 | loss 0.4181 | task 0.4116 | cons 0.2146 | train 85.3% | test 77.6%
Ep 157 | loss 0.3945 | task 0.3882 | cons 0.2094 | train 86.0% | test 77.1%
Ep 158 | loss 0.3911 | task 0.3850 | cons 0.2017 | train 86.1% | test 77.8%
Ep 159 | loss 0.4060 | task 0.3997 | cons 0.2091 | train 85.5% | test 77.7%
Ep 160 | loss 0.4315 | task 0.4253 | cons 0.2061 | train 84.6% | test 77.8%
    K=1: 59.0%
    K=2: 74.9%
    K=4: 77.9%
Ep 161 | loss 0.4104 | task 0.4038 | cons 0.2198 | train 85.4% | test 77.8%
Ep 162 | loss 0.4150 | task 0.4080 | cons 0.2339 | train 85.4% | test 77.2%
Ep 163 | loss 0.3882 | task 0.3821 | cons 0.2054 | train 86.1% | test 77.4%
Ep 164 | loss 0.3769 | task 0.3705 | cons 0.2140 | train 86.7% | test 77.9%
Ep 165 | loss 0.4072 | task 0.4005 | cons 0.2245 | train 85.6% | test 77.6%
Ep 166 | loss 0.4043 | task 0.3978 | cons 0.2181 | train 85.8% | test 77.7%
Ep 167 | loss 0.3671 | task 0.3604 | cons 0.2243 | train 87.2% | test 78.0%
Ep 168 | loss 0.4064 | task 0.3992 | cons 0.2381 | train 85.8% | test 77.9%
Ep 169 | loss 0.3834 | task 0.3768 | cons 0.2224 | train 86.4% | test 77.7%
Ep 170 | loss 0.4157 | task 0.4094 | cons 0.2109 | train 85.3% | test 77.3%
    K=1: 59.6%
    K=2: 75.0%
    K=4: 77.8%
Ep 171 | loss 0.3912 | task 0.3844 | cons 0.2268 | train 86.3% | test 77.3%
Ep 172 | loss 0.4258 | task 0.4195 | cons 0.2106 | train 85.0% | test 77.2%
Ep 173 | loss 0.3659 | task 0.3598 | cons 0.2053 | train 87.1% | test 77.5%
Ep 174 | loss 0.3436 | task 0.3374 | cons 0.2050 | train 87.9% | test 77.6%
Ep 175 | loss 0.4043 | task 0.3973 | cons 0.2337 | train 85.7% | test 77.6%
Ep 176 | loss 0.3961 | task 0.3893 | cons 0.2266 | train 86.1% | test 77.2%
Ep 177 | loss 0.4036 | task 0.3970 | cons 0.2198 | train 85.8% | test 77.9%
Ep 178 | loss 0.3938 | task 0.3869 | cons 0.2306 | train 86.1% | test 77.8%
Ep 179 | loss 0.3870 | task 0.3798 | cons 0.2397 | train 86.4% | test 77.4%
Ep 180 | loss 0.3532 | task 0.3467 | cons 0.2176 | train 87.4% | test 77.5%
    K=1: 59.3%
    K=2: 74.9%
    K=4: 77.8%
Ep 181 | loss 0.4075 | task 0.4003 | cons 0.2408 | train 85.8% | test 77.7%
Ep 182 | loss 0.3653 | task 0.3580 | cons 0.2433 | train 87.3% | test 78.1%
Ep 183 | loss 0.3620 | task 0.3545 | cons 0.2497 | train 87.1% | test 78.2%
Ep 184 | loss 0.3877 | task 0.3805 | cons 0.2393 | train 86.2% | test 77.4%
Ep 185 | loss 0.3752 | task 0.3679 | cons 0.2438 | train 86.8% | test 78.0%
Ep 186 | loss 0.3815 | task 0.3744 | cons 0.2378 | train 86.5% | test 78.0%
Ep 187 | loss 0.3252 | task 0.3190 | cons 0.2069 | train 88.6% | test 77.8%
Ep 188 | loss 0.3704 | task 0.3636 | cons 0.2263 | train 86.8% | test 77.5%
Ep 189 | loss 0.3470 | task 0.3401 | cons 0.2309 | train 87.7% | test 77.9%
Ep 190 | loss 0.3411 | task 0.3345 | cons 0.2184 | train 88.0% | test 77.5%
    K=1: 59.4%
    K=2: 74.5%
    K=4: 77.8%
Ep 191 | loss 0.3466 | task 0.3399 | cons 0.2232 | train 87.8% | test 77.9%
Ep 192 | loss 0.3666 | task 0.3588 | cons 0.2571 | train 87.1% | test 77.5%
Ep 193 | loss 0.3736 | task 0.3659 | cons 0.2597 | train 86.8% | test 77.5%
Ep 194 | loss 0.3264 | task 0.3193 | cons 0.2352 | train 88.5% | test 77.3%
Ep 195 | loss 0.3368 | task 0.3295 | cons 0.2444 | train 88.0% | test 77.5%
Ep 196 | loss 0.3870 | task 0.3793 | cons 0.2566 | train 86.5% | test 77.2%
Ep 197 | loss 0.3747 | task 0.3677 | cons 0.2357 | train 86.8% | test 77.8%
Ep 198 | loss 0.3526 | task 0.3457 | cons 0.2295 | train 87.7% | test 77.8%
Ep 199 | loss 0.3622 | task 0.3555 | cons 0.2234 | train 87.1% | test 77.3%
Ep 200 | loss 0.3307 | task 0.3247 | cons 0.1997 | train 88.4% | test 77.3%
    K=1: 59.9%
    K=2: 75.0%
    K=4: 77.9%
Ep 201 | loss 0.3273 | task 0.3208 | cons 0.2145 | train 88.5% | test 77.7%
Ep 202 | loss 0.3595 | task 0.3534 | cons 0.2044 | train 87.3% | test 78.0%
Ep 203 | loss 0.3255 | task 0.3186 | cons 0.2298 | train 88.7% | test 77.8%
Ep 204 | loss 0.3366 | task 0.3302 | cons 0.2121 | train 88.1% | test 78.1%
Ep 205 | loss 0.3629 | task 0.3563 | cons 0.2198 | train 87.3% | test 77.9%
Ep 206 | loss 0.3121 | task 0.3055 | cons 0.2187 | train 89.2% | test 77.6%
Ep 207 | loss 0.3354 | task 0.3285 | cons 0.2282 | train 88.3% | test 77.9%
Ep 208 | loss 0.3183 | task 0.3114 | cons 0.2306 | train 88.9% | test 77.6%
Ep 209 | loss 0.3437 | task 0.3369 | cons 0.2259 | train 87.9% | test 78.1%
Ep 210 | loss 0.3813 | task 0.3747 | cons 0.2189 | train 86.6% | test 77.6%
    K=1: 60.0%
    K=2: 74.7%
    K=4: 78.1%
Ep 211 | loss 0.3590 | task 0.3525 | cons 0.2151 | train 87.4% | test 78.1%
Ep 212 | loss 0.3235 | task 0.3165 | cons 0.2328 | train 88.7% | test 77.6%
Ep 213 | loss 0.3197 | task 0.3129 | cons 0.2253 | train 88.8% | test 78.3%
Ep 214 | loss 0.3123 | task 0.3060 | cons 0.2125 | train 89.0% | test 77.7%
Ep 215 | loss 0.3373 | task 0.3309 | cons 0.2142 | train 88.1% | test 78.1%
Ep 216 | loss 0.3027 | task 0.2961 | cons 0.2212 | train 89.4% | test 78.0%
Ep 217 | loss 0.2831 | task 0.2766 | cons 0.2181 | train 90.1% | test 78.1%
Ep 218 | loss 0.3193 | task 0.3126 | cons 0.2242 | train 88.9% | test 78.0%
Ep 219 | loss 0.3244 | task 0.3169 | cons 0.2482 | train 88.7% | test 78.3%
Ep 220 | loss 0.3030 | task 0.2965 | cons 0.2171 | train 89.4% | test 77.7%
    K=1: 60.6%
    K=2: 75.4%
    K=4: 78.3%
Ep 221 | loss 0.3192 | task 0.3129 | cons 0.2114 | train 88.8% | test 78.0%
Ep 222 | loss 0.3010 | task 0.2946 | cons 0.2128 | train 89.4% | test 78.0%
Ep 223 | loss 0.2928 | task 0.2865 | cons 0.2093 | train 89.6% | test 78.2%
Ep 224 | loss 0.3061 | task 0.3000 | cons 0.2057 | train 89.2% | test 78.0%
Ep 225 | loss 0.3127 | task 0.3065 | cons 0.2046 | train 89.1% | test 78.2%
Ep 226 | loss 0.3074 | task 0.3009 | cons 0.2154 | train 89.3% | test 78.1%
Ep 227 | loss 0.3298 | task 0.3234 | cons 0.2148 | train 88.5% | test 78.1%
Ep 228 | loss 0.3008 | task 0.2948 | cons 0.1995 | train 89.5% | test 77.7%
Ep 229 | loss 0.3363 | task 0.3294 | cons 0.2294 | train 88.2% | test 78.2%
Ep 230 | loss 0.2777 | task 0.2716 | cons 0.2037 | train 90.2% | test 78.0%
    K=1: 60.3%
    K=2: 75.6%
    K=4: 78.5%
Ep 231 | loss 0.3142 | task 0.3077 | cons 0.2143 | train 89.0% | test 77.6%
Ep 232 | loss 0.3274 | task 0.3205 | cons 0.2307 | train 88.6% | test 77.9%
Ep 233 | loss 0.2902 | task 0.2841 | cons 0.2054 | train 90.0% | test 77.6%
Ep 234 | loss 0.3216 | task 0.3154 | cons 0.2080 | train 88.7% | test 78.3%
Ep 235 | loss 0.2889 | task 0.2826 | cons 0.2095 | train 89.8% | test 78.3%
Ep 236 | loss 0.3301 | task 0.3237 | cons 0.2133 | train 88.3% | test 77.9%
Ep 237 | loss 0.2707 | task 0.2640 | cons 0.2224 | train 90.5% | test 78.0%
Ep 238 | loss 0.3013 | task 0.2945 | cons 0.2260 | train 89.4% | test 78.2%
Ep 239 | loss 0.2824 | task 0.2759 | cons 0.2147 | train 90.2% | test 78.0%
Ep 240 | loss 0.3078 | task 0.3011 | cons 0.2231 | train 89.2% | test 78.1%
    K=1: 61.3%
    K=2: 75.5%
    K=4: 78.3%
Ep 241 | loss 0.2884 | task 0.2815 | cons 0.2294 | train 89.9% | test 78.0%
Ep 242 | loss 0.2904 | task 0.2835 | cons 0.2279 | train 90.0% | test 78.3%
Ep 243 | loss 0.3153 | task 0.3080 | cons 0.2433 | train 89.0% | test 77.8%
Ep 244 | loss 0.2388 | task 0.2324 | cons 0.2137 | train 91.7% | test 78.1%
Ep 245 | loss 0.3023 | task 0.2957 | cons 0.2222 | train 89.4% | test 78.1%
Ep 246 | loss 0.2793 | task 0.2732 | cons 0.2034 | train 90.3% | test 78.1%
Ep 247 | loss 0.2961 | task 0.2894 | cons 0.2229 | train 89.7% | test 78.2%
Ep 248 | loss 0.2864 | task 0.2801 | cons 0.2124 | train 90.0% | test 78.0%
Ep 249 | loss 0.3125 | task 0.3062 | cons 0.2086 | train 89.1% | test 77.9%
Ep 250 | loss 0.2943 | task 0.2880 | cons 0.2080 | train 89.7% | test 78.0%
    K=1: 60.7%
    K=2: 75.8%
    K=4: 78.5%
Ep 251 | loss 0.2658 | task 0.2597 | cons 0.2025 | train 90.7% | test 77.9%
Ep 252 | loss 0.2810 | task 0.2745 | cons 0.2164 | train 90.2% | test 77.8%
Ep 253 | loss 0.3286 | task 0.3219 | cons 0.2218 | train 88.4% | test 78.0%
Ep 254 | loss 0.2895 | task 0.2837 | cons 0.1953 | train 90.0% | test 78.0%
Ep 255 | loss 0.3113 | task 0.3048 | cons 0.2175 | train 89.2% | test 78.2%
Ep 256 | loss 0.2492 | task 0.2432 | cons 0.2005 | train 91.3% | test 78.0%
Ep 257 | loss 0.2781 | task 0.2717 | cons 0.2143 | train 90.3% | test 78.1%
Ep 258 | loss 0.2365 | task 0.2306 | cons 0.1957 | train 91.8% | test 78.0%
Ep 259 | loss 0.2567 | task 0.2503 | cons 0.2145 | train 91.1% | test 78.4%
Ep 260 | loss 0.2931 | task 0.2868 | cons 0.2101 | train 89.8% | test 78.2%
    K=1: 61.0%
    K=2: 75.6%
    K=4: 78.5%
Ep 261 | loss 0.3028 | task 0.2965 | cons 0.2114 | train 89.4% | test 78.3%
Ep 262 | loss 0.3163 | task 0.3101 | cons 0.2060 | train 88.8% | test 78.1%
Ep 263 | loss 0.2531 | task 0.2471 | cons 0.2007 | train 91.2% | test 78.2%
Ep 264 | loss 0.2738 | task 0.2677 | cons 0.2037 | train 90.5% | test 78.3%
Ep 265 | loss 0.2972 | task 0.2912 | cons 0.2004 | train 89.5% | test 78.2%
Ep 266 | loss 0.2761 | task 0.2699 | cons 0.2083 | train 90.4% | test 78.4%
Ep 267 | loss 0.2918 | task 0.2853 | cons 0.2159 | train 89.8% | test 78.1%
Ep 268 | loss 0.2956 | task 0.2894 | cons 0.2063 | train 89.7% | test 78.2%
Ep 269 | loss 0.2715 | task 0.2653 | cons 0.2064 | train 90.7% | test 78.1%
Ep 270 | loss 0.2512 | task 0.2450 | cons 0.2057 | train 91.3% | test 78.1%
    K=1: 61.0%
    K=2: 75.8%
    K=4: 78.6%
Ep 271 | loss 0.2537 | task 0.2478 | cons 0.1975 | train 91.1% | test 78.3%
Ep 272 | loss 0.2768 | task 0.2706 | cons 0.2096 | train 90.3% | test 78.2%
Ep 273 | loss 0.2831 | task 0.2769 | cons 0.2090 | train 90.2% | test 78.3%
Ep 274 | loss 0.2966 | task 0.2901 | cons 0.2169 | train 89.6% | test 78.2%
Ep 275 | loss 0.2980 | task 0.2918 | cons 0.2067 | train 89.6% | test 78.4%
Ep 276 | loss 0.2626 | task 0.2565 | cons 0.2010 | train 90.8% | test 78.4%
Ep 277 | loss 0.2541 | task 0.2486 | cons 0.1834 | train 91.1% | test 78.2%
Ep 278 | loss 0.2687 | task 0.2629 | cons 0.1935 | train 90.5% | test 78.3%
Ep 279 | loss 0.2530 | task 0.2468 | cons 0.2073 | train 91.2% | test 78.3%
Ep 280 | loss 0.2648 | task 0.2587 | cons 0.2026 | train 90.7% | test 78.2%
    K=1: 61.3%
    K=2: 75.6%
    K=4: 78.6%
Ep 281 | loss 0.2838 | task 0.2776 | cons 0.2050 | train 90.0% | test 78.3%
Ep 282 | loss 0.2679 | task 0.2620 | cons 0.1973 | train 90.6% | test 78.3%
Ep 283 | loss 0.2918 | task 0.2857 | cons 0.2025 | train 89.7% | test 78.1%
Ep 284 | loss 0.2467 | task 0.2407 | cons 0.1989 | train 91.4% | test 78.2%
Ep 285 | loss 0.2700 | task 0.2640 | cons 0.1988 | train 90.6% | test 78.4%
Ep 286 | loss 0.2741 | task 0.2680 | cons 0.2035 | train 90.4% | test 78.2%
Ep 287 | loss 0.2924 | task 0.2862 | cons 0.2056 | train 89.8% | test 78.2%
Ep 288 | loss 0.2606 | task 0.2547 | cons 0.1973 | train 91.0% | test 78.2%
Ep 289 | loss 0.2163 | task 0.2107 | cons 0.1849 | train 92.5% | test 78.3%
Ep 290 | loss 0.2847 | task 0.2789 | cons 0.1938 | train 90.1% | test 78.4%
    K=1: 61.4%
    K=2: 75.7%
    K=4: 78.7%
Ep 291 | loss 0.2604 | task 0.2547 | cons 0.1910 | train 90.9% | test 78.4%
Ep 292 | loss 0.2734 | task 0.2672 | cons 0.2063 | train 90.6% | test 78.4%
Ep 293 | loss 0.2645 | task 0.2587 | cons 0.1914 | train 90.7% | test 78.3%
Ep 294 | loss 0.2926 | task 0.2864 | cons 0.2076 | train 89.7% | test 78.3%
Ep 295 | loss 0.2781 | task 0.2720 | cons 0.2059 | train 90.4% | test 78.4%
Ep 296 | loss 0.2942 | task 0.2880 | cons 0.2060 | train 89.8% | test 78.4%
Ep 297 | loss 0.2453 | task 0.2392 | cons 0.2016 | train 91.5% | test 78.4%
Ep 298 | loss 0.2606 | task 0.2548 | cons 0.1944 | train 90.9% | test 78.4%
Ep 299 | loss 0.2346 | task 0.2286 | cons 0.1991 | train 91.8% | test 78.4%
Ep 300 | loss 0.2371 | task 0.2311 | cons 0.2003 | train 91.8% | test 78.4%
    K=1: 61.4%
    K=2: 75.7%
    K=4: 78.6%
Saved checkpoint to continuous_varK_cons003_300ep.pt
