/home/ec2-user/dev/ugh/.venv/lib/python3.13/site-packages/torchvision/datasets/cifar.py:83: VisibleDeprecationWarning: dtype(): align should be passed as Python or NumPy boolean but got `align=0`. Did you mean to pass a tuple to create a subarray type? (Deprecated NumPy 2.4)
  entry = pickle.load(f, encoding="latin1")
Model: continuous | Params: 522,762 | K=8
----------------------------------------------------------------------
Ep   1 | loss 1.8005 | task 1.8005 | cons 0.0000 | train 32.9% | test 41.7%
Ep   2 | loss 1.5369 | task 1.5369 | cons 0.0000 | train 43.6% | test 48.7%
Ep   3 | loss 1.4245 | task 1.4245 | cons 0.0000 | train 48.1% | test 51.9%
Ep   4 | loss 1.3538 | task 1.3538 | cons 0.0000 | train 50.9% | test 53.0%
Ep   5 | loss 1.3159 | task 1.3159 | cons 0.0000 | train 52.2% | test 55.2%
Ep   6 | loss 1.2579 | task 1.2579 | cons 0.0000 | train 54.4% | test 58.1%
Ep   7 | loss 1.2147 | task 1.2147 | cons 0.0000 | train 55.9% | test 59.2%
Ep   8 | loss 1.1917 | task 1.1917 | cons 0.0000 | train 56.9% | test 60.4%
Ep   9 | loss 1.1560 | task 1.1560 | cons 0.0000 | train 57.9% | test 59.0%
Ep  10 | loss 1.1256 | task 1.1256 | cons 0.0000 | train 59.3% | test 63.1%
    K=1: 52.9%
    K=2: 62.2%
    K=4: 63.7%
Ep  11 | loss 1.1004 | task 1.1004 | cons 0.0000 | train 60.3% | test 64.0%
Ep  12 | loss 1.0845 | task 1.0845 | cons 0.0000 | train 60.7% | test 65.4%
Ep  13 | loss 1.0597 | task 1.0597 | cons 0.0000 | train 61.6% | test 65.7%
Ep  14 | loss 1.0379 | task 1.0379 | cons 0.0000 | train 62.5% | test 67.3%
Ep  15 | loss 1.0265 | task 1.0265 | cons 0.0000 | train 63.1% | test 67.8%
Ep  16 | loss 1.0008 | task 1.0008 | cons 0.0000 | train 64.1% | test 68.8%
Ep  17 | loss 0.9803 | task 0.9803 | cons 0.0000 | train 65.0% | test 69.5%
Ep  18 | loss 0.9711 | task 0.9711 | cons 0.0000 | train 65.1% | test 68.8%
Ep  19 | loss 0.9567 | task 0.9567 | cons 0.0000 | train 65.5% | test 69.2%
Ep  20 | loss 0.9426 | task 0.9426 | cons 0.0000 | train 66.4% | test 69.7%
    K=1: 55.4%
    K=2: 68.9%
    K=4: 70.4%
Ep  21 | loss 0.9468 | task 0.9468 | cons 0.0000 | train 66.1% | test 70.2%
Ep  22 | loss 0.9029 | task 0.9029 | cons 0.0000 | train 67.6% | test 71.2%
Ep  23 | loss 0.8993 | task 0.8993 | cons 0.0000 | train 68.0% | test 71.5%
Ep  24 | loss 0.8957 | task 0.8957 | cons 0.0000 | train 67.8% | test 71.6%
Ep  25 | loss 0.8894 | task 0.8894 | cons 0.0000 | train 68.0% | test 72.1%
Ep  26 | loss 0.8700 | task 0.8700 | cons 0.0000 | train 68.8% | test 72.4%
Ep  27 | loss 0.8700 | task 0.8700 | cons 0.0000 | train 68.8% | test 73.8%
Ep  28 | loss 0.8542 | task 0.8542 | cons 0.0000 | train 69.2% | test 73.7%
Ep  29 | loss 0.8746 | task 0.8746 | cons 0.0000 | train 68.7% | test 72.7%
Ep  30 | loss 0.8413 | task 0.8413 | cons 0.0000 | train 69.8% | test 73.0%
    K=1: 56.3%
    K=2: 70.6%
    K=4: 73.1%
Ep  31 | loss 0.8204 | task 0.8204 | cons 0.0000 | train 70.7% | test 74.0%
Ep  32 | loss 0.8211 | task 0.8211 | cons 0.0000 | train 70.6% | test 71.9%
Ep  33 | loss 0.8035 | task 0.8035 | cons 0.0000 | train 71.4% | test 74.7%
Ep  34 | loss 0.8274 | task 0.8274 | cons 0.0000 | train 70.3% | test 73.2%
Ep  35 | loss 0.7977 | task 0.7977 | cons 0.0000 | train 71.4% | test 74.3%
Ep  36 | loss 0.8156 | task 0.8156 | cons 0.0000 | train 70.7% | test 74.6%
Ep  37 | loss 0.8036 | task 0.8036 | cons 0.0000 | train 71.0% | test 75.1%
Ep  38 | loss 0.7798 | task 0.7798 | cons 0.0000 | train 72.1% | test 74.2%
Ep  39 | loss 0.7706 | task 0.7706 | cons 0.0000 | train 72.3% | test 74.5%
Ep  40 | loss 0.7843 | task 0.7843 | cons 0.0000 | train 71.9% | test 75.4%
    K=1: 56.9%
    K=2: 72.0%
    K=4: 75.7%
Ep  41 | loss 0.7525 | task 0.7525 | cons 0.0000 | train 73.0% | test 74.8%
Ep  42 | loss 0.7575 | task 0.7575 | cons 0.0000 | train 72.8% | test 76.2%
Ep  43 | loss 0.7600 | task 0.7600 | cons 0.0000 | train 72.7% | test 72.9%
Ep  44 | loss 0.7472 | task 0.7472 | cons 0.0000 | train 73.1% | test 76.3%
Ep  45 | loss 0.7441 | task 0.7441 | cons 0.0000 | train 73.3% | test 75.7%
Ep  46 | loss 0.7401 | task 0.7401 | cons 0.0000 | train 73.6% | test 76.2%
Ep  47 | loss 0.7340 | task 0.7340 | cons 0.0000 | train 73.6% | test 76.5%
Ep  48 | loss 0.7030 | task 0.7030 | cons 0.0000 | train 74.8% | test 75.8%
Ep  49 | loss 0.7155 | task 0.7155 | cons 0.0000 | train 74.3% | test 76.0%
Ep  50 | loss 0.6975 | task 0.6975 | cons 0.0000 | train 75.1% | test 76.1%
    K=1: 57.0%
    K=2: 72.5%
    K=4: 76.0%
Ep  51 | loss 0.6894 | task 0.6894 | cons 0.0000 | train 75.2% | test 76.0%
Ep  52 | loss 0.6983 | task 0.6983 | cons 0.0000 | train 74.9% | test 76.2%
Ep  53 | loss 0.7251 | task 0.7251 | cons 0.0000 | train 74.0% | test 76.3%
Ep  54 | loss 0.6895 | task 0.6895 | cons 0.0000 | train 75.2% | test 76.5%
Ep  55 | loss 0.6916 | task 0.6916 | cons 0.0000 | train 75.2% | test 75.9%
Ep  56 | loss 0.6870 | task 0.6870 | cons 0.0000 | train 75.5% | test 76.1%
Ep  57 | loss 0.6822 | task 0.6822 | cons 0.0000 | train 75.5% | test 77.1%
Ep  58 | loss 0.6902 | task 0.6902 | cons 0.0000 | train 75.1% | test 76.5%
Ep  59 | loss 0.6640 | task 0.6640 | cons 0.0000 | train 76.3% | test 76.4%
Ep  60 | loss 0.6470 | task 0.6470 | cons 0.0000 | train 76.6% | test 76.6%
    K=1: 57.2%
    K=2: 73.8%
    K=4: 76.9%
Ep  61 | loss 0.6751 | task 0.6751 | cons 0.0000 | train 75.6% | test 76.2%
Ep  62 | loss 0.6563 | task 0.6563 | cons 0.0000 | train 76.4% | test 76.9%
Ep  63 | loss 0.6579 | task 0.6579 | cons 0.0000 | train 76.3% | test 76.8%
Ep  64 | loss 0.6767 | task 0.6767 | cons 0.0000 | train 75.9% | test 76.2%
Ep  65 | loss 0.6444 | task 0.6444 | cons 0.0000 | train 76.9% | test 77.4%
Ep  66 | loss 0.6562 | task 0.6562 | cons 0.0000 | train 76.4% | test 76.9%
Ep  67 | loss 0.6313 | task 0.6313 | cons 0.0000 | train 77.4% | test 75.8%
Ep  68 | loss 0.6127 | task 0.6127 | cons 0.0000 | train 77.9% | test 77.0%
Ep  69 | loss 0.6308 | task 0.6308 | cons 0.0000 | train 77.3% | test 76.2%
Ep  70 | loss 0.6253 | task 0.6253 | cons 0.0000 | train 77.4% | test 76.8%
    K=1: 56.0%
    K=2: 73.8%
    K=4: 77.4%
Ep  71 | loss 0.6404 | task 0.6404 | cons 0.0000 | train 77.0% | test 77.0%
Ep  72 | loss 0.6310 | task 0.6310 | cons 0.0000 | train 77.1% | test 77.1%
Ep  73 | loss 0.6251 | task 0.6251 | cons 0.0000 | train 77.4% | test 77.0%
Ep  74 | loss 0.6565 | task 0.6565 | cons 0.0000 | train 76.3% | test 77.1%
Ep  75 | loss 0.6381 | task 0.6381 | cons 0.0000 | train 77.0% | test 77.0%
Ep  76 | loss 0.6023 | task 0.6023 | cons 0.0000 | train 78.3% | test 76.6%
Ep  77 | loss 0.6195 | task 0.6195 | cons 0.0000 | train 77.8% | test 77.1%
Ep  78 | loss 0.5885 | task 0.5885 | cons 0.0000 | train 78.9% | test 76.6%
Ep  79 | loss 0.6138 | task 0.6138 | cons 0.0000 | train 77.9% | test 77.1%
Ep  80 | loss 0.6187 | task 0.6187 | cons 0.0000 | train 77.8% | test 76.7%
    K=1: 57.3%
    K=2: 74.5%
    K=4: 77.4%
Ep  81 | loss 0.5778 | task 0.5778 | cons 0.0000 | train 79.1% | test 76.7%
Ep  82 | loss 0.6027 | task 0.6027 | cons 0.0000 | train 78.3% | test 76.5%
Ep  83 | loss 0.5948 | task 0.5948 | cons 0.0000 | train 78.7% | test 76.6%
Ep  84 | loss 0.5818 | task 0.5818 | cons 0.0000 | train 79.0% | test 76.9%
Ep  85 | loss 0.5874 | task 0.5874 | cons 0.0000 | train 79.0% | test 77.1%
Ep  86 | loss 0.5696 | task 0.5696 | cons 0.0000 | train 79.6% | test 77.4%
Ep  87 | loss 0.5705 | task 0.5705 | cons 0.0000 | train 79.7% | test 77.4%
Ep  88 | loss 0.5611 | task 0.5611 | cons 0.0000 | train 79.7% | test 77.5%
Ep  89 | loss 0.5381 | task 0.5381 | cons 0.0000 | train 80.4% | test 76.9%
Ep  90 | loss 0.5598 | task 0.5598 | cons 0.0000 | train 79.6% | test 77.3%
    K=1: 57.7%
    K=2: 74.8%
    K=4: 77.8%
Ep  91 | loss 0.5563 | task 0.5563 | cons 0.0000 | train 80.0% | test 76.5%
Ep  92 | loss 0.5458 | task 0.5458 | cons 0.0000 | train 80.4% | test 76.3%
Ep  93 | loss 0.5662 | task 0.5662 | cons 0.0000 | train 79.7% | test 77.2%
Ep  94 | loss 0.5374 | task 0.5374 | cons 0.0000 | train 80.6% | test 76.7%
Ep  95 | loss 0.5704 | task 0.5704 | cons 0.0000 | train 79.5% | test 76.7%
Ep  96 | loss 0.5373 | task 0.5373 | cons 0.0000 | train 80.6% | test 77.2%
Ep  97 | loss 0.5150 | task 0.5150 | cons 0.0000 | train 81.5% | test 77.4%
Ep  98 | loss 0.5123 | task 0.5123 | cons 0.0000 | train 81.4% | test 77.7%
Ep  99 | loss 0.5325 | task 0.5325 | cons 0.0000 | train 80.9% | test 76.7%
Ep 100 | loss 0.5174 | task 0.5174 | cons 0.0000 | train 81.4% | test 76.9%
    K=1: 58.0%
    K=2: 74.6%
    K=4: 77.6%
Ep 101 | loss 0.5485 | task 0.5485 | cons 0.0000 | train 80.1% | test 77.3%
Ep 102 | loss 0.5315 | task 0.5315 | cons 0.0000 | train 80.7% | test 77.1%
Ep 103 | loss 0.5584 | task 0.5584 | cons 0.0000 | train 79.9% | test 77.3%
Ep 104 | loss 0.4740 | task 0.4740 | cons 0.0000 | train 82.9% | test 77.0%
Ep 105 | loss 0.4919 | task 0.4919 | cons 0.0000 | train 82.5% | test 77.8%
Ep 106 | loss 0.5395 | task 0.5395 | cons 0.0000 | train 80.6% | test 75.8%
Ep 107 | loss 0.4770 | task 0.4770 | cons 0.0000 | train 82.8% | test 76.6%
Ep 108 | loss 0.4840 | task 0.4840 | cons 0.0000 | train 82.6% | test 77.0%
Ep 109 | loss 0.5042 | task 0.5042 | cons 0.0000 | train 81.6% | test 77.1%
Ep 110 | loss 0.5302 | task 0.5302 | cons 0.0000 | train 81.0% | test 77.6%
    K=1: 57.1%
    K=2: 74.5%
    K=4: 77.8%
Ep 111 | loss 0.5171 | task 0.5171 | cons 0.0000 | train 81.2% | test 77.6%
Ep 112 | loss 0.5063 | task 0.5063 | cons 0.0000 | train 81.8% | test 78.2%
Ep 113 | loss 0.4869 | task 0.4869 | cons 0.0000 | train 82.5% | test 77.9%
Ep 114 | loss 0.5300 | task 0.5300 | cons 0.0000 | train 80.8% | test 77.5%
Ep 115 | loss 0.4827 | task 0.4827 | cons 0.0000 | train 82.4% | test 77.6%
Ep 116 | loss 0.4971 | task 0.4971 | cons 0.0000 | train 82.1% | test 77.6%
Ep 117 | loss 0.4795 | task 0.4795 | cons 0.0000 | train 82.6% | test 77.3%
Ep 118 | loss 0.4672 | task 0.4672 | cons 0.0000 | train 83.1% | test 77.5%
Ep 119 | loss 0.4687 | task 0.4687 | cons 0.0000 | train 83.1% | test 76.4%
Ep 120 | loss 0.5035 | task 0.5035 | cons 0.0000 | train 81.8% | test 77.3%
    K=1: 58.7%
    K=2: 74.9%
    K=4: 77.5%
Ep 121 | loss 0.4900 | task 0.4900 | cons 0.0000 | train 82.4% | test 77.0%
Ep 122 | loss 0.4703 | task 0.4703 | cons 0.0000 | train 83.0% | test 77.3%
Ep 123 | loss 0.4641 | task 0.4641 | cons 0.0000 | train 83.2% | test 77.0%
Ep 124 | loss 0.4613 | task 0.4613 | cons 0.0000 | train 83.5% | test 77.7%
Ep 125 | loss 0.4790 | task 0.4790 | cons 0.0000 | train 82.6% | test 77.5%
Ep 126 | loss 0.4707 | task 0.4707 | cons 0.0000 | train 83.0% | test 77.4%
Ep 127 | loss 0.4710 | task 0.4710 | cons 0.0000 | train 83.0% | test 77.2%
Ep 128 | loss 0.4704 | task 0.4704 | cons 0.0000 | train 83.0% | test 76.6%
Ep 129 | loss 0.4831 | task 0.4831 | cons 0.0000 | train 82.6% | test 78.4%
Ep 130 | loss 0.4742 | task 0.4742 | cons 0.0000 | train 82.8% | test 76.6%
    K=1: 58.4%
    K=2: 74.1%
    K=4: 76.9%
Ep 131 | loss 0.4846 | task 0.4846 | cons 0.0000 | train 82.5% | test 77.1%
Ep 132 | loss 0.4947 | task 0.4947 | cons 0.0000 | train 82.1% | test 76.8%
Ep 133 | loss 0.4576 | task 0.4576 | cons 0.0000 | train 83.5% | test 77.6%
Ep 134 | loss 0.4329 | task 0.4329 | cons 0.0000 | train 84.3% | test 77.3%
Ep 135 | loss 0.4576 | task 0.4576 | cons 0.0000 | train 83.7% | test 76.4%
Ep 136 | loss 0.4221 | task 0.4221 | cons 0.0000 | train 84.8% | test 77.8%
Ep 137 | loss 0.4803 | task 0.4803 | cons 0.0000 | train 82.7% | test 76.8%
Ep 138 | loss 0.4823 | task 0.4823 | cons 0.0000 | train 82.6% | test 77.5%
Ep 139 | loss 0.4680 | task 0.4680 | cons 0.0000 | train 83.1% | test 77.2%
Ep 140 | loss 0.4242 | task 0.4242 | cons 0.0000 | train 84.5% | test 78.1%
    K=1: 58.5%
    K=2: 75.1%
    K=4: 78.5%
Ep 141 | loss 0.4537 | task 0.4537 | cons 0.0000 | train 83.8% | test 77.7%
Ep 142 | loss 0.4050 | task 0.4050 | cons 0.0000 | train 85.3% | test 77.3%
Ep 143 | loss 0.4324 | task 0.4324 | cons 0.0000 | train 84.3% | test 77.3%
Ep 144 | loss 0.3927 | task 0.3927 | cons 0.0000 | train 85.9% | test 77.3%
Ep 145 | loss 0.4378 | task 0.4378 | cons 0.0000 | train 84.2% | test 77.1%
Ep 146 | loss 0.4489 | task 0.4489 | cons 0.0000 | train 83.8% | test 77.6%
Ep 147 | loss 0.4285 | task 0.4285 | cons 0.0000 | train 84.6% | test 77.9%
Ep 148 | loss 0.4499 | task 0.4499 | cons 0.0000 | train 83.7% | test 77.7%
Ep 149 | loss 0.4326 | task 0.4326 | cons 0.0000 | train 84.4% | test 77.8%
Ep 150 | loss 0.3803 | task 0.3803 | cons 0.0000 | train 86.4% | test 77.5%
    K=1: 59.4%
    K=2: 75.3%
    K=4: 78.1%
Ep 151 | loss 0.4419 | task 0.4419 | cons 0.0000 | train 84.1% | test 77.7%
Ep 152 | loss 0.4236 | task 0.4236 | cons 0.0000 | train 84.7% | test 78.1%
Ep 153 | loss 0.4046 | task 0.4046 | cons 0.0000 | train 85.4% | test 77.5%
Ep 154 | loss 0.4375 | task 0.4375 | cons 0.0000 | train 84.3% | test 77.9%
Ep 155 | loss 0.3988 | task 0.3988 | cons 0.0000 | train 85.6% | test 77.7%
Ep 156 | loss 0.3912 | task 0.3912 | cons 0.0000 | train 86.0% | test 77.2%
Ep 157 | loss 0.3871 | task 0.3871 | cons 0.0000 | train 86.1% | test 77.6%
Ep 158 | loss 0.4028 | task 0.4028 | cons 0.0000 | train 85.6% | test 78.1%
Ep 159 | loss 0.3886 | task 0.3886 | cons 0.0000 | train 86.2% | test 77.5%
Ep 160 | loss 0.4262 | task 0.4262 | cons 0.0000 | train 84.6% | test 77.3%
    K=1: 59.5%
    K=2: 75.0%
    K=4: 77.5%
Ep 161 | loss 0.4205 | task 0.4205 | cons 0.0000 | train 84.6% | test 77.6%
Ep 162 | loss 0.4113 | task 0.4113 | cons 0.0000 | train 85.1% | test 77.6%
Ep 163 | loss 0.3831 | task 0.3831 | cons 0.0000 | train 86.2% | test 77.9%
Ep 164 | loss 0.3586 | task 0.3586 | cons 0.0000 | train 87.1% | test 77.5%
Ep 165 | loss 0.3862 | task 0.3862 | cons 0.0000 | train 86.1% | test 77.7%
Ep 166 | loss 0.3853 | task 0.3853 | cons 0.0000 | train 86.1% | test 78.0%
Ep 167 | loss 0.3876 | task 0.3876 | cons 0.0000 | train 86.1% | test 77.9%
Ep 168 | loss 0.3662 | task 0.3662 | cons 0.0000 | train 86.8% | test 77.5%
Ep 169 | loss 0.3975 | task 0.3975 | cons 0.0000 | train 85.7% | test 77.8%
Ep 170 | loss 0.3970 | task 0.3970 | cons 0.0000 | train 85.8% | test 78.0%
    K=1: 59.0%
    K=2: 75.6%
    K=4: 78.7%
Ep 171 | loss 0.3782 | task 0.3782 | cons 0.0000 | train 86.3% | test 77.9%
Ep 172 | loss 0.3950 | task 0.3950 | cons 0.0000 | train 85.6% | test 78.4%
Ep 173 | loss 0.3561 | task 0.3561 | cons 0.0000 | train 87.2% | test 78.0%
Ep 174 | loss 0.3544 | task 0.3544 | cons 0.0000 | train 87.3% | test 78.5%
Ep 175 | loss 0.3409 | task 0.3409 | cons 0.0000 | train 87.9% | test 77.5%
Ep 176 | loss 0.3745 | task 0.3745 | cons 0.0000 | train 86.6% | test 77.7%
Ep 177 | loss 0.3638 | task 0.3638 | cons 0.0000 | train 87.0% | test 77.7%
Ep 178 | loss 0.3817 | task 0.3817 | cons 0.0000 | train 86.3% | test 77.8%
Ep 179 | loss 0.3753 | task 0.3753 | cons 0.0000 | train 86.3% | test 77.9%
Ep 180 | loss 0.4035 | task 0.4035 | cons 0.0000 | train 85.4% | test 77.6%
    K=1: 59.4%
    K=2: 75.5%
    K=4: 77.9%
Ep 181 | loss 0.3462 | task 0.3462 | cons 0.0000 | train 87.6% | test 78.3%
Ep 182 | loss 0.3813 | task 0.3813 | cons 0.0000 | train 86.2% | test 77.5%
Ep 183 | loss 0.3557 | task 0.3557 | cons 0.0000 | train 87.2% | test 77.9%
Ep 184 | loss 0.3504 | task 0.3504 | cons 0.0000 | train 87.5% | test 77.9%
Ep 185 | loss 0.3520 | task 0.3520 | cons 0.0000 | train 87.5% | test 77.8%
Ep 186 | loss 0.3654 | task 0.3654 | cons 0.0000 | train 86.8% | test 78.3%
Ep 187 | loss 0.3583 | task 0.3583 | cons 0.0000 | train 87.0% | test 77.7%
Ep 188 | loss 0.3326 | task 0.3326 | cons 0.0000 | train 88.1% | test 77.2%
Ep 189 | loss 0.3481 | task 0.3481 | cons 0.0000 | train 87.6% | test 77.8%
Ep 190 | loss 0.3170 | task 0.3170 | cons 0.0000 | train 88.6% | test 78.4%
    K=1: 59.7%
    K=2: 75.6%
    K=4: 79.1%
Ep 191 | loss 0.3401 | task 0.3401 | cons 0.0000 | train 87.7% | test 77.9%
Ep 192 | loss 0.3446 | task 0.3446 | cons 0.0000 | train 87.6% | test 78.2%
Ep 193 | loss 0.3502 | task 0.3502 | cons 0.0000 | train 87.4% | test 78.1%
Ep 194 | loss 0.3385 | task 0.3385 | cons 0.0000 | train 87.8% | test 77.9%
Ep 195 | loss 0.3484 | task 0.3484 | cons 0.0000 | train 87.5% | test 77.5%
Ep 196 | loss 0.3362 | task 0.3362 | cons 0.0000 | train 87.9% | test 77.7%
Ep 197 | loss 0.3599 | task 0.3599 | cons 0.0000 | train 87.1% | test 77.2%
Ep 198 | loss 0.3090 | task 0.3090 | cons 0.0000 | train 88.9% | test 78.1%
Ep 199 | loss 0.3432 | task 0.3432 | cons 0.0000 | train 87.8% | test 77.5%
Ep 200 | loss 0.3045 | task 0.3045 | cons 0.0000 | train 89.2% | test 77.8%
    K=1: 59.0%
    K=2: 75.1%
    K=4: 78.2%
Ep 201 | loss 0.3380 | task 0.3380 | cons 0.0000 | train 87.9% | test 78.0%
Ep 202 | loss 0.3069 | task 0.3069 | cons 0.0000 | train 89.1% | test 78.1%
Ep 203 | loss 0.3232 | task 0.3232 | cons 0.0000 | train 88.5% | test 78.1%
Ep 204 | loss 0.3579 | task 0.3579 | cons 0.0000 | train 87.1% | test 78.3%
Ep 205 | loss 0.3117 | task 0.3117 | cons 0.0000 | train 88.9% | test 77.9%
Ep 206 | loss 0.3243 | task 0.3243 | cons 0.0000 | train 88.3% | test 78.1%
Ep 207 | loss 0.3572 | task 0.3572 | cons 0.0000 | train 87.2% | test 77.9%
Ep 208 | loss 0.3598 | task 0.3598 | cons 0.0000 | train 87.1% | test 77.8%
Ep 209 | loss 0.2795 | task 0.2795 | cons 0.0000 | train 90.1% | test 78.1%
Ep 210 | loss 0.3580 | task 0.3580 | cons 0.0000 | train 87.3% | test 78.3%
    K=1: 60.8%
    K=2: 75.9%
    K=4: 78.8%
Ep 211 | loss 0.3049 | task 0.3049 | cons 0.0000 | train 89.0% | test 77.7%
Ep 212 | loss 0.3205 | task 0.3205 | cons 0.0000 | train 88.5% | test 78.1%
Ep 213 | loss 0.2993 | task 0.2993 | cons 0.0000 | train 89.3% | test 78.2%
Ep 214 | loss 0.3480 | task 0.3480 | cons 0.0000 | train 87.6% | test 78.1%
Ep 215 | loss 0.3162 | task 0.3162 | cons 0.0000 | train 88.6% | test 77.6%
Ep 216 | loss 0.3360 | task 0.3360 | cons 0.0000 | train 88.0% | test 77.8%
Ep 217 | loss 0.2488 | task 0.2488 | cons 0.0000 | train 91.2% | test 78.0%
Ep 218 | loss 0.3620 | task 0.3620 | cons 0.0000 | train 87.0% | test 78.3%
Ep 219 | loss 0.3041 | task 0.3041 | cons 0.0000 | train 89.1% | test 78.4%
Ep 220 | loss 0.2870 | task 0.2870 | cons 0.0000 | train 89.7% | test 77.8%
    K=1: 60.1%
    K=2: 75.8%
    K=4: 78.5%
Ep 221 | loss 0.3124 | task 0.3124 | cons 0.0000 | train 89.0% | test 78.0%
Ep 222 | loss 0.3110 | task 0.3110 | cons 0.0000 | train 88.8% | test 77.9%
Ep 223 | loss 0.2964 | task 0.2964 | cons 0.0000 | train 89.2% | test 78.4%
Ep 224 | loss 0.3132 | task 0.3132 | cons 0.0000 | train 88.8% | test 77.8%
Ep 225 | loss 0.2899 | task 0.2899 | cons 0.0000 | train 89.6% | test 78.4%
Ep 226 | loss 0.2789 | task 0.2789 | cons 0.0000 | train 90.0% | test 78.3%
Ep 227 | loss 0.3046 | task 0.3046 | cons 0.0000 | train 89.1% | test 78.4%
Ep 228 | loss 0.2780 | task 0.2780 | cons 0.0000 | train 90.0% | test 78.2%
Ep 229 | loss 0.2987 | task 0.2987 | cons 0.0000 | train 89.3% | test 77.7%
Ep 230 | loss 0.2773 | task 0.2773 | cons 0.0000 | train 90.0% | test 78.0%
    K=1: 60.4%
    K=2: 76.2%
    K=4: 79.0%
Ep 231 | loss 0.3189 | task 0.3189 | cons 0.0000 | train 88.6% | test 77.9%
Ep 232 | loss 0.2682 | task 0.2682 | cons 0.0000 | train 90.3% | test 78.0%
Ep 233 | loss 0.2806 | task 0.2806 | cons 0.0000 | train 90.0% | test 78.0%
Ep 234 | loss 0.2854 | task 0.2854 | cons 0.0000 | train 89.7% | test 77.9%
Ep 235 | loss 0.3074 | task 0.3074 | cons 0.0000 | train 89.1% | test 78.3%
Ep 236 | loss 0.2962 | task 0.2962 | cons 0.0000 | train 89.3% | test 78.1%
Ep 237 | loss 0.2691 | task 0.2691 | cons 0.0000 | train 90.4% | test 78.1%
Ep 238 | loss 0.2885 | task 0.2885 | cons 0.0000 | train 89.8% | test 78.0%
Ep 239 | loss 0.3087 | task 0.3087 | cons 0.0000 | train 88.9% | test 78.3%
Ep 240 | loss 0.2700 | task 0.2700 | cons 0.0000 | train 90.2% | test 78.0%
    K=1: 60.7%
    K=2: 75.9%
    K=4: 78.8%
Ep 241 | loss 0.2855 | task 0.2855 | cons 0.0000 | train 89.8% | test 78.4%
Ep 242 | loss 0.2673 | task 0.2673 | cons 0.0000 | train 90.3% | test 78.3%
Ep 243 | loss 0.2995 | task 0.2995 | cons 0.0000 | train 89.3% | test 78.2%
Ep 244 | loss 0.2747 | task 0.2747 | cons 0.0000 | train 90.3% | test 78.3%
Ep 245 | loss 0.3114 | task 0.3114 | cons 0.0000 | train 88.8% | test 78.3%
Ep 246 | loss 0.2745 | task 0.2745 | cons 0.0000 | train 90.1% | test 78.1%
Ep 247 | loss 0.2458 | task 0.2458 | cons 0.0000 | train 91.2% | test 78.3%
Ep 248 | loss 0.3088 | task 0.3088 | cons 0.0000 | train 89.0% | test 78.2%
Ep 249 | loss 0.2523 | task 0.2523 | cons 0.0000 | train 90.9% | test 78.4%
Ep 250 | loss 0.2605 | task 0.2605 | cons 0.0000 | train 90.7% | test 78.2%
    K=1: 60.7%
    K=2: 76.3%
    K=4: 79.0%
Ep 251 | loss 0.3237 | task 0.3237 | cons 0.0000 | train 88.5% | test 78.2%
Ep 252 | loss 0.2878 | task 0.2878 | cons 0.0000 | train 89.7% | test 78.0%
Ep 253 | loss 0.2707 | task 0.2707 | cons 0.0000 | train 90.5% | test 78.3%
Ep 254 | loss 0.3352 | task 0.3352 | cons 0.0000 | train 88.0% | test 78.3%
Ep 255 | loss 0.3038 | task 0.3038 | cons 0.0000 | train 89.1% | test 78.1%
Ep 256 | loss 0.2953 | task 0.2953 | cons 0.0000 | train 89.6% | test 78.2%
Ep 257 | loss 0.2744 | task 0.2744 | cons 0.0000 | train 90.1% | test 77.8%
Ep 258 | loss 0.2768 | task 0.2768 | cons 0.0000 | train 90.3% | test 78.2%
Ep 259 | loss 0.2554 | task 0.2554 | cons 0.0000 | train 90.8% | test 78.1%
Ep 260 | loss 0.2531 | task 0.2531 | cons 0.0000 | train 90.9% | test 78.0%
    K=1: 61.0%
    K=2: 76.4%
    K=4: 78.8%
Ep 261 | loss 0.2431 | task 0.2431 | cons 0.0000 | train 91.3% | test 78.3%
Ep 262 | loss 0.2823 | task 0.2823 | cons 0.0000 | train 89.9% | test 78.3%
Ep 263 | loss 0.2789 | task 0.2789 | cons 0.0000 | train 90.0% | test 78.1%
Ep 264 | loss 0.2575 | task 0.2575 | cons 0.0000 | train 90.7% | test 78.2%
Ep 265 | loss 0.2849 | task 0.2849 | cons 0.0000 | train 89.9% | test 78.3%
Ep 266 | loss 0.2944 | task 0.2944 | cons 0.0000 | train 89.5% | test 78.1%
Ep 267 | loss 0.2447 | task 0.2447 | cons 0.0000 | train 91.3% | test 78.4%
Ep 268 | loss 0.2665 | task 0.2665 | cons 0.0000 | train 90.4% | test 78.2%
Ep 269 | loss 0.2496 | task 0.2496 | cons 0.0000 | train 91.1% | test 78.1%
Ep 270 | loss 0.3012 | task 0.3012 | cons 0.0000 | train 89.1% | test 78.1%
    K=1: 60.9%
    K=2: 76.4%
    K=4: 79.0%
Ep 271 | loss 0.2760 | task 0.2760 | cons 0.0000 | train 90.1% | test 78.2%
Ep 272 | loss 0.2771 | task 0.2771 | cons 0.0000 | train 90.1% | test 78.1%
Ep 273 | loss 0.2806 | task 0.2806 | cons 0.0000 | train 89.8% | test 78.2%
Ep 274 | loss 0.2260 | task 0.2260 | cons 0.0000 | train 92.0% | test 78.1%
Ep 275 | loss 0.2686 | task 0.2686 | cons 0.0000 | train 90.5% | test 78.2%
Ep 276 | loss 0.2886 | task 0.2886 | cons 0.0000 | train 89.7% | test 78.1%
Ep 277 | loss 0.2153 | task 0.2153 | cons 0.0000 | train 92.4% | test 78.1%
Ep 278 | loss 0.2773 | task 0.2773 | cons 0.0000 | train 90.1% | test 78.2%
Ep 279 | loss 0.2579 | task 0.2579 | cons 0.0000 | train 90.8% | test 78.2%
Ep 280 | loss 0.2394 | task 0.2394 | cons 0.0000 | train 91.5% | test 78.1%
    K=1: 61.1%
    K=2: 76.4%
    K=4: 78.9%
Ep 281 | loss 0.2476 | task 0.2476 | cons 0.0000 | train 91.3% | test 78.2%
Ep 282 | loss 0.2392 | task 0.2392 | cons 0.0000 | train 91.5% | test 78.1%
Ep 283 | loss 0.2702 | task 0.2702 | cons 0.0000 | train 90.3% | test 78.1%
Ep 284 | loss 0.2777 | task 0.2777 | cons 0.0000 | train 90.0% | test 78.3%
Ep 285 | loss 0.2695 | task 0.2695 | cons 0.0000 | train 90.3% | test 78.2%
Ep 286 | loss 0.2459 | task 0.2459 | cons 0.0000 | train 91.3% | test 78.2%
Ep 287 | loss 0.2594 | task 0.2594 | cons 0.0000 | train 90.8% | test 78.1%
Ep 288 | loss 0.2970 | task 0.2970 | cons 0.0000 | train 89.3% | test 78.1%
Ep 289 | loss 0.2488 | task 0.2488 | cons 0.0000 | train 91.1% | test 78.1%
Ep 290 | loss 0.2700 | task 0.2700 | cons 0.0000 | train 90.4% | test 78.2%
    K=1: 61.0%
    K=2: 76.3%
    K=4: 79.0%
Ep 291 | loss 0.2398 | task 0.2398 | cons 0.0000 | train 91.3% | test 78.2%
Ep 292 | loss 0.2517 | task 0.2517 | cons 0.0000 | train 91.1% | test 78.3%
Ep 293 | loss 0.2862 | task 0.2862 | cons 0.0000 | train 89.8% | test 78.2%
Ep 294 | loss 0.2684 | task 0.2684 | cons 0.0000 | train 90.4% | test 78.3%
Ep 295 | loss 0.2553 | task 0.2553 | cons 0.0000 | train 90.9% | test 78.3%
Ep 296 | loss 0.2752 | task 0.2752 | cons 0.0000 | train 90.2% | test 78.3%
Ep 297 | loss 0.2572 | task 0.2572 | cons 0.0000 | train 90.9% | test 78.3%
Ep 298 | loss 0.2684 | task 0.2684 | cons 0.0000 | train 90.4% | test 78.3%
Ep 299 | loss 0.2721 | task 0.2721 | cons 0.0000 | train 90.3% | test 78.3%
Ep 300 | loss 0.2904 | task 0.2904 | cons 0.0000 | train 89.7% | test 78.3%
    K=1: 61.2%
    K=2: 76.3%
    K=4: 79.0%
Saved checkpoint to continuous_varK_nocons_300ep.pt
