Progressive schedule: [(1, 25), (2, 25), (4, 25), (8, 25)] (100 total epochs)
/home/ec2-user/dev/ugh/.venv/lib/python3.13/site-packages/torchvision/datasets/cifar.py:83: VisibleDeprecationWarning: dtype(): align should be passed as Python or NumPy boolean but got `align=0`. Did you mean to pass a tuple to create a subarray type? (Deprecated NumPy 2.4)
  entry = pickle.load(f, encoding="latin1")
Model: continuous | Params: 522,762 | K=8 | blocks/unit=1
----------------------------------------------------------------------
Ep   1 K=1 | loss 1.7856 | task 1.7856 | cons 0.0000 | train 33.9% | test 32.2%
Ep   2 K=1 | loss 1.5558 | task 1.5558 | cons 0.0000 | train 42.9% | test 30.8%
Ep   3 K=1 | loss 1.4693 | task 1.4693 | cons 0.0000 | train 46.4% | test 31.4%
Ep   4 K=1 | loss 1.4215 | task 1.4215 | cons 0.0000 | train 48.4% | test 31.4%
Ep   5 K=1 | loss 1.3824 | task 1.3824 | cons 0.0000 | train 49.8% | test 31.9%
Ep   6 K=1 | loss 1.3572 | task 1.3572 | cons 0.0000 | train 50.5% | test 33.6%
Ep   7 K=1 | loss 1.3281 | task 1.3281 | cons 0.0000 | train 51.7% | test 37.1%
Ep   8 K=1 | loss 1.3135 | task 1.3135 | cons 0.0000 | train 52.4% | test 32.5%
Ep   9 K=1 | loss 1.2904 | task 1.2904 | cons 0.0000 | train 53.1% | test 32.5%
Ep  10 K=1 | loss 1.2675 | task 1.2675 | cons 0.0000 | train 53.7% | test 33.0%
    K=1: 55.0%
    K=2: 50.2%
    K=4: 40.6%
Ep  11 K=1 | loss 1.2577 | task 1.2577 | cons 0.0000 | train 54.4% | test 33.5%
Ep  12 K=1 | loss 1.2484 | task 1.2484 | cons 0.0000 | train 54.8% | test 35.8%
Ep  13 K=1 | loss 1.2258 | task 1.2258 | cons 0.0000 | train 55.7% | test 31.1%
Ep  14 K=1 | loss 1.2162 | task 1.2162 | cons 0.0000 | train 55.8% | test 37.5%
Ep  15 K=1 | loss 1.2044 | task 1.2044 | cons 0.0000 | train 56.4% | test 38.3%
Ep  16 K=1 | loss 1.1918 | task 1.1918 | cons 0.0000 | train 57.0% | test 33.5%
Ep  17 K=1 | loss 1.1840 | task 1.1840 | cons 0.0000 | train 57.2% | test 38.1%
Ep  18 K=1 | loss 1.1660 | task 1.1660 | cons 0.0000 | train 58.0% | test 33.7%
Ep  19 K=1 | loss 1.1598 | task 1.1598 | cons 0.0000 | train 57.9% | test 33.4%
Ep  20 K=1 | loss 1.1538 | task 1.1538 | cons 0.0000 | train 58.0% | test 32.9%
    K=1: 57.9%
    K=2: 51.2%
    K=4: 40.0%
Ep  21 K=1 | loss 1.1428 | task 1.1428 | cons 0.0000 | train 58.7% | test 35.1%
Ep  22 K=1 | loss 1.1310 | task 1.1310 | cons 0.0000 | train 59.0% | test 37.9%
Ep  23 K=1 | loss 1.1261 | task 1.1261 | cons 0.0000 | train 59.3% | test 34.3%
Ep  24 K=1 | loss 1.1170 | task 1.1170 | cons 0.0000 | train 59.6% | test 33.6%
Ep  25 K=1 | loss 1.1093 | task 1.1093 | cons 0.0000 | train 60.0% | test 33.1%
Ep  26 K=2 | loss 1.1270 | task 1.1270 | cons 0.0000 | train 59.3% | test 49.6%
Ep  27 K=2 | loss 1.0874 | task 1.0874 | cons 0.0000 | train 60.8% | test 48.1%
Ep  28 K=2 | loss 1.0584 | task 1.0584 | cons 0.0000 | train 61.9% | test 48.2%
Ep  29 K=2 | loss 1.0368 | task 1.0368 | cons 0.0000 | train 62.6% | test 48.7%
Ep  30 K=2 | loss 1.0138 | task 1.0138 | cons 0.0000 | train 63.5% | test 50.1%
    K=1: 50.8%
    K=2: 62.4%
    K=4: 57.6%
Ep  31 K=2 | loss 0.9877 | task 0.9877 | cons 0.0000 | train 64.2% | test 47.1%
Ep  32 K=2 | loss 0.9649 | task 0.9649 | cons 0.0000 | train 65.1% | test 45.9%
Ep  33 K=2 | loss 0.9456 | task 0.9456 | cons 0.0000 | train 65.9% | test 44.4%
Ep  34 K=2 | loss 0.9333 | task 0.9333 | cons 0.0000 | train 66.3% | test 47.3%
Ep  35 K=2 | loss 0.9077 | task 0.9077 | cons 0.0000 | train 67.3% | test 48.5%
Ep  36 K=2 | loss 0.8945 | task 0.8945 | cons 0.0000 | train 67.7% | test 49.2%
Ep  37 K=2 | loss 0.8720 | task 0.8720 | cons 0.0000 | train 68.6% | test 46.6%
Ep  38 K=2 | loss 0.8441 | task 0.8441 | cons 0.0000 | train 69.4% | test 48.0%
Ep  39 K=2 | loss 0.8339 | task 0.8339 | cons 0.0000 | train 70.0% | test 45.1%
Ep  40 K=2 | loss 0.8227 | task 0.8227 | cons 0.0000 | train 70.5% | test 48.1%
    K=1: 49.0%
    K=2: 67.1%
    K=4: 57.8%
Ep  41 K=2 | loss 0.8034 | task 0.8034 | cons 0.0000 | train 70.9% | test 48.5%
Ep  42 K=2 | loss 0.7869 | task 0.7869 | cons 0.0000 | train 71.9% | test 46.7%
Ep  43 K=2 | loss 0.7722 | task 0.7722 | cons 0.0000 | train 72.2% | test 47.8%
Ep  44 K=2 | loss 0.7611 | task 0.7611 | cons 0.0000 | train 72.4% | test 49.9%
Ep  45 K=2 | loss 0.7460 | task 0.7460 | cons 0.0000 | train 73.2% | test 48.6%
Ep  46 K=2 | loss 0.7343 | task 0.7343 | cons 0.0000 | train 73.7% | test 46.6%
Ep  47 K=2 | loss 0.7151 | task 0.7151 | cons 0.0000 | train 74.4% | test 46.3%
Ep  48 K=2 | loss 0.7084 | task 0.7084 | cons 0.0000 | train 74.6% | test 48.5%
Ep  49 K=2 | loss 0.6908 | task 0.6908 | cons 0.0000 | train 75.3% | test 45.8%
Ep  50 K=2 | loss 0.6735 | task 0.6735 | cons 0.0000 | train 75.9% | test 47.4%
    K=1: 46.8%
    K=2: 69.4%
    K=4: 57.9%
Ep  51 K=4 | loss 0.7112 | task 0.7112 | cons 0.0000 | train 74.2% | test 65.0%
Ep  52 K=4 | loss 0.6618 | task 0.6618 | cons 0.0000 | train 76.2% | test 66.0%
Ep  53 K=4 | loss 0.6487 | task 0.6487 | cons 0.0000 | train 76.6% | test 65.9%
Ep  54 K=4 | loss 0.6214 | task 0.6214 | cons 0.0000 | train 78.0% | test 65.9%
Ep  55 K=4 | loss 0.6099 | task 0.6099 | cons 0.0000 | train 78.1% | test 66.4%
Ep  56 K=4 | loss 0.5967 | task 0.5967 | cons 0.0000 | train 78.8% | test 66.4%
Ep  57 K=4 | loss 0.5793 | task 0.5793 | cons 0.0000 | train 79.3% | test 65.8%
Ep  58 K=4 | loss 0.5658 | task 0.5658 | cons 0.0000 | train 79.6% | test 65.5%
Ep  59 K=4 | loss 0.5546 | task 0.5546 | cons 0.0000 | train 80.0% | test 66.1%
Ep  60 K=4 | loss 0.5405 | task 0.5405 | cons 0.0000 | train 80.6% | test 66.2%
    K=1: 37.0%
    K=2: 62.1%
    K=4: 71.4%
Ep  61 K=4 | loss 0.5273 | task 0.5273 | cons 0.0000 | train 81.2% | test 67.0%
Ep  62 K=4 | loss 0.5192 | task 0.5192 | cons 0.0000 | train 81.5% | test 66.0%
Ep  63 K=4 | loss 0.5042 | task 0.5042 | cons 0.0000 | train 82.0% | test 66.8%
Ep  64 K=4 | loss 0.4944 | task 0.4944 | cons 0.0000 | train 82.3% | test 66.5%
Ep  65 K=4 | loss 0.4805 | task 0.4805 | cons 0.0000 | train 82.9% | test 65.9%
Ep  66 K=4 | loss 0.4721 | task 0.4721 | cons 0.0000 | train 83.1% | test 65.8%
Ep  67 K=4 | loss 0.4616 | task 0.4616 | cons 0.0000 | train 83.5% | test 66.3%
Ep  68 K=4 | loss 0.4497 | task 0.4497 | cons 0.0000 | train 84.0% | test 66.8%
Ep  69 K=4 | loss 0.4392 | task 0.4392 | cons 0.0000 | train 84.5% | test 66.5%
Ep  70 K=4 | loss 0.4303 | task 0.4303 | cons 0.0000 | train 84.7% | test 65.1%
    K=1: 33.7%
    K=2: 59.5%
    K=4: 71.9%
Ep  71 K=4 | loss 0.4211 | task 0.4211 | cons 0.0000 | train 85.0% | test 66.5%
Ep  72 K=4 | loss 0.4131 | task 0.4131 | cons 0.0000 | train 85.3% | test 66.4%
Ep  73 K=4 | loss 0.4040 | task 0.4040 | cons 0.0000 | train 85.6% | test 66.0%
Ep  74 K=4 | loss 0.3930 | task 0.3930 | cons 0.0000 | train 86.1% | test 65.4%
Ep  75 K=4 | loss 0.3860 | task 0.3860 | cons 0.0000 | train 86.3% | test 66.2%
Ep  76 K=8 | loss 0.4649 | task 0.4649 | cons 0.0000 | train 83.3% | test 71.6%
Ep  77 K=8 | loss 0.4130 | task 0.4130 | cons 0.0000 | train 85.2% | test 72.2%
Ep  78 K=8 | loss 0.3948 | task 0.3948 | cons 0.0000 | train 86.1% | test 72.3%
Ep  79 K=8 | loss 0.3890 | task 0.3890 | cons 0.0000 | train 86.2% | test 72.1%
Ep  80 K=8 | loss 0.3725 | task 0.3725 | cons 0.0000 | train 86.7% | test 72.0%
    K=1: 29.8%
    K=2: 47.4%
    K=4: 66.8%
Ep  81 K=8 | loss 0.3726 | task 0.3726 | cons 0.0000 | train 86.6% | test 72.5%
Ep  82 K=8 | loss 0.3609 | task 0.3609 | cons 0.0000 | train 87.1% | test 72.3%
Ep  83 K=8 | loss 0.3511 | task 0.3511 | cons 0.0000 | train 87.6% | test 72.3%
Ep  84 K=8 | loss 0.3436 | task 0.3436 | cons 0.0000 | train 87.9% | test 72.2%
Ep  85 K=8 | loss 0.3447 | task 0.3447 | cons 0.0000 | train 87.7% | test 72.4%
Ep  86 K=8 | loss 0.3368 | task 0.3368 | cons 0.0000 | train 88.1% | test 72.0%
Ep  87 K=8 | loss 0.3335 | task 0.3335 | cons 0.0000 | train 88.1% | test 72.3%
Ep  88 K=8 | loss 0.3293 | task 0.3293 | cons 0.0000 | train 88.4% | test 72.4%
Ep  89 K=8 | loss 0.3250 | task 0.3250 | cons 0.0000 | train 88.4% | test 72.4%
Ep  90 K=8 | loss 0.3253 | task 0.3253 | cons 0.0000 | train 88.4% | test 72.3%
    K=1: 29.7%
    K=2: 46.5%
    K=4: 66.1%
Ep  91 K=8 | loss 0.3205 | task 0.3205 | cons 0.0000 | train 88.6% | test 72.4%
Ep  92 K=8 | loss 0.3149 | task 0.3149 | cons 0.0000 | train 88.8% | test 72.4%
Ep  93 K=8 | loss 0.3105 | task 0.3105 | cons 0.0000 | train 89.0% | test 72.3%
Ep  94 K=8 | loss 0.3150 | task 0.3150 | cons 0.0000 | train 88.9% | test 72.3%
Ep  95 K=8 | loss 0.3125 | task 0.3125 | cons 0.0000 | train 88.9% | test 72.4%
Ep  96 K=8 | loss 0.3068 | task 0.3068 | cons 0.0000 | train 89.2% | test 72.5%
Ep  97 K=8 | loss 0.3108 | task 0.3108 | cons 0.0000 | train 89.1% | test 72.6%
Ep  98 K=8 | loss 0.3082 | task 0.3082 | cons 0.0000 | train 89.1% | test 72.4%
Ep  99 K=8 | loss 0.3100 | task 0.3100 | cons 0.0000 | train 89.0% | test 72.5%
Ep 100 K=8 | loss 0.3056 | task 0.3056 | cons 0.0000 | train 89.2% | test 72.5%
    K=1: 29.4%
    K=2: 46.3%
    K=4: 65.9%
Saved checkpoint to cont_1bpu_progressive.pt
