/home/ec2-user/dev/ugh/.venv/lib/python3.13/site-packages/torchvision/datasets/cifar.py:83: VisibleDeprecationWarning: dtype(): align should be passed as Python or NumPy boolean but got `align=0`. Did you mean to pass a tuple to create a subarray type? (Deprecated NumPy 2.4)
  entry = pickle.load(f, encoding="latin1")
Model: continuous | Params: 1,021,130 | K=16 | blocks/unit=2
----------------------------------------------------------------------
Ep   1 | loss 1.7801 | task 1.7801 | cons 0.0000 | train 33.5% | test 44.9%
Ep   2 | loss 1.4573 | task 1.4573 | cons 0.0000 | train 46.9% | test 51.5%
Ep   3 | loss 1.3212 | task 1.3212 | cons 0.0000 | train 52.2% | test 56.0%
Ep   4 | loss 1.2386 | task 1.2386 | cons 0.0000 | train 55.1% | test 55.7%
Ep   5 | loss 1.1620 | task 1.1620 | cons 0.0000 | train 57.9% | test 61.2%
Ep   6 | loss 1.1105 | task 1.1105 | cons 0.0000 | train 60.0% | test 62.0%
Ep   7 | loss 1.0586 | task 1.0586 | cons 0.0000 | train 62.1% | test 63.8%
Ep   8 | loss 1.0180 | task 1.0180 | cons 0.0000 | train 63.5% | test 65.4%
Ep   9 | loss 0.9799 | task 0.9799 | cons 0.0000 | train 64.8% | test 65.8%
Ep  10 | loss 0.9472 | task 0.9472 | cons 0.0000 | train 65.9% | test 67.1%
    K=1: 61.9%
    K=2: 66.3%
    K=4: 66.9%
Ep  11 | loss 0.9073 | task 0.9073 | cons 0.0000 | train 67.6% | test 66.4%
Ep  12 | loss 0.8825 | task 0.8825 | cons 0.0000 | train 68.5% | test 69.6%
Ep  13 | loss 0.8491 | task 0.8491 | cons 0.0000 | train 69.5% | test 69.2%
Ep  14 | loss 0.8275 | task 0.8275 | cons 0.0000 | train 70.3% | test 71.5%
Ep  15 | loss 0.8055 | task 0.8055 | cons 0.0000 | train 71.3% | test 71.4%
Ep  16 | loss 0.7845 | task 0.7845 | cons 0.0000 | train 72.3% | test 72.4%
Ep  17 | loss 0.7623 | task 0.7623 | cons 0.0000 | train 72.9% | test 73.1%
Ep  18 | loss 0.7428 | task 0.7428 | cons 0.0000 | train 73.6% | test 73.3%
Ep  19 | loss 0.7192 | task 0.7192 | cons 0.0000 | train 74.4% | test 75.1%
Ep  20 | loss 0.7062 | task 0.7062 | cons 0.0000 | train 74.7% | test 74.6%
    K=1: 68.8%
    K=2: 74.0%
    K=4: 74.7%
Ep  21 | loss 0.6881 | task 0.6881 | cons 0.0000 | train 75.5% | test 75.2%
Ep  22 | loss 0.6589 | task 0.6589 | cons 0.0000 | train 76.5% | test 74.7%
Ep  23 | loss 0.6547 | task 0.6547 | cons 0.0000 | train 76.6% | test 75.3%
Ep  24 | loss 0.6303 | task 0.6303 | cons 0.0000 | train 77.5% | test 74.9%
Ep  25 | loss 0.6196 | task 0.6196 | cons 0.0000 | train 78.0% | test 75.6%
Ep  26 | loss 0.6174 | task 0.6174 | cons 0.0000 | train 77.9% | test 75.8%
Ep  27 | loss 0.5934 | task 0.5934 | cons 0.0000 | train 78.9% | test 76.1%
Ep  28 | loss 0.5775 | task 0.5775 | cons 0.0000 | train 79.5% | test 76.3%
Ep  29 | loss 0.5688 | task 0.5688 | cons 0.0000 | train 79.5% | test 77.1%
Ep  30 | loss 0.5536 | task 0.5536 | cons 0.0000 | train 80.2% | test 77.2%
    K=1: 70.5%
    K=2: 75.9%
    K=4: 77.1%
Ep  31 | loss 0.5409 | task 0.5409 | cons 0.0000 | train 80.9% | test 77.0%
Ep  32 | loss 0.5220 | task 0.5220 | cons 0.0000 | train 81.3% | test 77.0%
Ep  33 | loss 0.5126 | task 0.5126 | cons 0.0000 | train 81.7% | test 76.6%
Ep  34 | loss 0.5094 | task 0.5094 | cons 0.0000 | train 81.9% | test 77.1%
Ep  35 | loss 0.4922 | task 0.4922 | cons 0.0000 | train 82.4% | test 77.2%
Ep  36 | loss 0.4739 | task 0.4739 | cons 0.0000 | train 83.0% | test 77.8%
Ep  37 | loss 0.4643 | task 0.4643 | cons 0.0000 | train 83.3% | test 78.4%
Ep  38 | loss 0.4535 | task 0.4535 | cons 0.0000 | train 83.8% | test 77.9%
Ep  39 | loss 0.4496 | task 0.4496 | cons 0.0000 | train 84.0% | test 78.0%
Ep  40 | loss 0.4452 | task 0.4452 | cons 0.0000 | train 84.0% | test 77.6%
    K=1: 71.3%
    K=2: 77.6%
    K=4: 78.3%
Ep  41 | loss 0.4366 | task 0.4366 | cons 0.0000 | train 84.6% | test 76.6%
Ep  42 | loss 0.4295 | task 0.4295 | cons 0.0000 | train 84.7% | test 78.1%
Ep  43 | loss 0.4139 | task 0.4139 | cons 0.0000 | train 85.2% | test 77.5%
Ep  44 | loss 0.4096 | task 0.4096 | cons 0.0000 | train 85.2% | test 78.0%
Ep  45 | loss 0.3947 | task 0.3947 | cons 0.0000 | train 85.9% | test 77.7%
Ep  46 | loss 0.3926 | task 0.3926 | cons 0.0000 | train 86.1% | test 78.4%
Ep  47 | loss 0.3776 | task 0.3776 | cons 0.0000 | train 86.6% | test 78.1%
Ep  48 | loss 0.3601 | task 0.3601 | cons 0.0000 | train 87.2% | test 78.2%
Ep  49 | loss 0.3573 | task 0.3573 | cons 0.0000 | train 87.2% | test 77.3%
Ep  50 | loss 0.3546 | task 0.3546 | cons 0.0000 | train 87.2% | test 78.4%
    K=1: 71.2%
    K=2: 77.8%
    K=4: 78.8%
Ep  51 | loss 0.3394 | task 0.3394 | cons 0.0000 | train 87.8% | test 77.5%
Ep  52 | loss 0.3310 | task 0.3310 | cons 0.0000 | train 88.1% | test 77.3%
Ep  53 | loss 0.3325 | task 0.3325 | cons 0.0000 | train 88.0% | test 78.0%
Ep  54 | loss 0.3344 | task 0.3344 | cons 0.0000 | train 88.1% | test 77.6%
Ep  55 | loss 0.3198 | task 0.3198 | cons 0.0000 | train 88.5% | test 77.4%
Ep  56 | loss 0.3031 | task 0.3031 | cons 0.0000 | train 89.2% | test 78.4%
Ep  57 | loss 0.3088 | task 0.3088 | cons 0.0000 | train 89.1% | test 77.5%
Ep  58 | loss 0.3123 | task 0.3123 | cons 0.0000 | train 88.8% | test 78.2%
Ep  59 | loss 0.2859 | task 0.2859 | cons 0.0000 | train 89.7% | test 78.3%
Ep  60 | loss 0.2929 | task 0.2929 | cons 0.0000 | train 89.5% | test 78.2%
    K=1: 72.5%
    K=2: 77.6%
    K=4: 78.6%
Ep  61 | loss 0.2834 | task 0.2834 | cons 0.0000 | train 89.9% | test 78.3%
Ep  62 | loss 0.2788 | task 0.2788 | cons 0.0000 | train 90.0% | test 78.1%
Ep  63 | loss 0.2799 | task 0.2799 | cons 0.0000 | train 89.9% | test 78.4%
Ep  64 | loss 0.2614 | task 0.2614 | cons 0.0000 | train 90.7% | test 78.0%
Ep  65 | loss 0.2609 | task 0.2609 | cons 0.0000 | train 90.7% | test 78.3%
Ep  66 | loss 0.2640 | task 0.2640 | cons 0.0000 | train 90.5% | test 78.6%
Ep  67 | loss 0.2456 | task 0.2456 | cons 0.0000 | train 91.2% | test 77.5%
Ep  68 | loss 0.2441 | task 0.2441 | cons 0.0000 | train 91.4% | test 78.5%
Ep  69 | loss 0.2419 | task 0.2419 | cons 0.0000 | train 91.4% | test 77.8%
Ep  70 | loss 0.2364 | task 0.2364 | cons 0.0000 | train 91.5% | test 78.0%
    K=1: 73.0%
    K=2: 77.6%
    K=4: 78.5%
Ep  71 | loss 0.2380 | task 0.2380 | cons 0.0000 | train 91.5% | test 78.5%
Ep  72 | loss 0.2240 | task 0.2240 | cons 0.0000 | train 91.9% | test 79.0%
Ep  73 | loss 0.2292 | task 0.2292 | cons 0.0000 | train 91.8% | test 78.4%
Ep  74 | loss 0.2253 | task 0.2253 | cons 0.0000 | train 91.9% | test 78.4%
Ep  75 | loss 0.2183 | task 0.2183 | cons 0.0000 | train 92.1% | test 77.9%
Ep  76 | loss 0.2230 | task 0.2230 | cons 0.0000 | train 92.0% | test 78.3%
Ep  77 | loss 0.2164 | task 0.2164 | cons 0.0000 | train 92.2% | test 78.5%
Ep  78 | loss 0.2007 | task 0.2007 | cons 0.0000 | train 92.8% | test 78.2%
Ep  79 | loss 0.2100 | task 0.2100 | cons 0.0000 | train 92.4% | test 78.7%
Ep  80 | loss 0.1929 | task 0.1929 | cons 0.0000 | train 93.1% | test 78.5%
    K=1: 73.9%
    K=2: 78.4%
    K=4: 78.9%
Ep  81 | loss 0.2011 | task 0.2011 | cons 0.0000 | train 92.8% | test 78.9%
Ep  82 | loss 0.1852 | task 0.1852 | cons 0.0000 | train 93.4% | test 78.8%
Ep  83 | loss 0.1895 | task 0.1895 | cons 0.0000 | train 93.3% | test 78.5%
Ep  84 | loss 0.1914 | task 0.1914 | cons 0.0000 | train 93.2% | test 78.8%
Ep  85 | loss 0.1790 | task 0.1790 | cons 0.0000 | train 93.7% | test 78.3%
Ep  86 | loss 0.1900 | task 0.1900 | cons 0.0000 | train 93.1% | test 78.6%
Ep  87 | loss 0.1724 | task 0.1724 | cons 0.0000 | train 93.8% | test 78.6%
Ep  88 | loss 0.1738 | task 0.1738 | cons 0.0000 | train 93.8% | test 78.2%
Ep  89 | loss 0.1726 | task 0.1726 | cons 0.0000 | train 93.9% | test 78.6%
Ep  90 | loss 0.1665 | task 0.1665 | cons 0.0000 | train 94.1% | test 78.7%
    K=1: 73.7%
    K=2: 78.3%
    K=4: 78.9%
Ep  91 | loss 0.1647 | task 0.1647 | cons 0.0000 | train 94.2% | test 78.7%
Ep  92 | loss 0.1678 | task 0.1678 | cons 0.0000 | train 94.2% | test 78.3%
Ep  93 | loss 0.1531 | task 0.1531 | cons 0.0000 | train 94.6% | test 78.2%
Ep  94 | loss 0.1521 | task 0.1521 | cons 0.0000 | train 94.5% | test 78.0%
Ep  95 | loss 0.1509 | task 0.1509 | cons 0.0000 | train 94.6% | test 78.9%
Ep  96 | loss 0.1425 | task 0.1425 | cons 0.0000 | train 95.0% | test 78.4%
Ep  97 | loss 0.1514 | task 0.1514 | cons 0.0000 | train 94.6% | test 79.0%
Ep  98 | loss 0.1427 | task 0.1427 | cons 0.0000 | train 94.9% | test 78.6%
Ep  99 | loss 0.1413 | task 0.1413 | cons 0.0000 | train 95.1% | test 79.1%
Ep 100 | loss 0.1333 | task 0.1333 | cons 0.0000 | train 95.2% | test 77.9%
    K=1: 73.4%
    K=2: 78.5%
    K=4: 78.6%
Ep 101 | loss 0.1388 | task 0.1388 | cons 0.0000 | train 95.0% | test 78.0%
Ep 102 | loss 0.1346 | task 0.1346 | cons 0.0000 | train 95.2% | test 78.6%
Ep 103 | loss 0.1329 | task 0.1329 | cons 0.0000 | train 95.2% | test 78.6%
Ep 104 | loss 0.1230 | task 0.1230 | cons 0.0000 | train 95.6% | test 78.5%
Ep 105 | loss 0.1292 | task 0.1292 | cons 0.0000 | train 95.4% | test 78.4%
Ep 106 | loss 0.1197 | task 0.1197 | cons 0.0000 | train 95.7% | test 78.8%
Ep 107 | loss 0.1193 | task 0.1193 | cons 0.0000 | train 95.8% | test 78.7%
Ep 108 | loss 0.1208 | task 0.1208 | cons 0.0000 | train 95.8% | test 78.7%
Ep 109 | loss 0.1145 | task 0.1145 | cons 0.0000 | train 96.0% | test 79.2%
Ep 110 | loss 0.1134 | task 0.1134 | cons 0.0000 | train 95.9% | test 78.6%
    K=1: 73.9%
    K=2: 78.1%
    K=4: 78.7%
Ep 111 | loss 0.1047 | task 0.1047 | cons 0.0000 | train 96.3% | test 78.5%
Ep 112 | loss 0.1120 | task 0.1120 | cons 0.0000 | train 96.0% | test 78.8%
Ep 113 | loss 0.1145 | task 0.1145 | cons 0.0000 | train 96.0% | test 78.3%
Ep 114 | loss 0.1073 | task 0.1073 | cons 0.0000 | train 96.2% | test 78.7%
Ep 115 | loss 0.0936 | task 0.0936 | cons 0.0000 | train 96.6% | test 78.2%
Ep 116 | loss 0.1074 | task 0.1074 | cons 0.0000 | train 96.1% | test 78.2%
Ep 117 | loss 0.1021 | task 0.1021 | cons 0.0000 | train 96.4% | test 78.3%
Ep 118 | loss 0.0963 | task 0.0963 | cons 0.0000 | train 96.5% | test 78.7%
Ep 119 | loss 0.0969 | task 0.0969 | cons 0.0000 | train 96.6% | test 79.0%
Ep 120 | loss 0.0884 | task 0.0884 | cons 0.0000 | train 96.9% | test 78.9%
    K=1: 73.7%
    K=2: 78.5%
    K=4: 78.8%
Ep 121 | loss 0.0953 | task 0.0953 | cons 0.0000 | train 96.6% | test 79.3%
Ep 122 | loss 0.0905 | task 0.0905 | cons 0.0000 | train 96.8% | test 78.4%
Ep 123 | loss 0.0872 | task 0.0872 | cons 0.0000 | train 97.0% | test 78.6%
Ep 124 | loss 0.0793 | task 0.0793 | cons 0.0000 | train 97.2% | test 78.8%
Ep 125 | loss 0.0817 | task 0.0817 | cons 0.0000 | train 97.2% | test 79.0%
Ep 126 | loss 0.0821 | task 0.0821 | cons 0.0000 | train 97.1% | test 78.4%
Ep 127 | loss 0.0795 | task 0.0795 | cons 0.0000 | train 97.3% | test 78.6%
Ep 128 | loss 0.0752 | task 0.0752 | cons 0.0000 | train 97.4% | test 78.9%
Ep 129 | loss 0.0817 | task 0.0817 | cons 0.0000 | train 97.1% | test 78.7%
Ep 130 | loss 0.0771 | task 0.0771 | cons 0.0000 | train 97.3% | test 78.6%
    K=1: 74.6%
    K=2: 78.7%
    K=4: 79.2%
Ep 131 | loss 0.0749 | task 0.0749 | cons 0.0000 | train 97.4% | test 78.6%
Ep 132 | loss 0.0736 | task 0.0736 | cons 0.0000 | train 97.4% | test 78.9%
Ep 133 | loss 0.0679 | task 0.0679 | cons 0.0000 | train 97.6% | test 78.7%
Ep 134 | loss 0.0709 | task 0.0709 | cons 0.0000 | train 97.5% | test 79.2%
Ep 135 | loss 0.0648 | task 0.0648 | cons 0.0000 | train 97.8% | test 78.9%
Ep 136 | loss 0.0745 | task 0.0745 | cons 0.0000 | train 97.4% | test 78.5%
Ep 137 | loss 0.0628 | task 0.0628 | cons 0.0000 | train 97.8% | test 79.1%
Ep 138 | loss 0.0598 | task 0.0598 | cons 0.0000 | train 97.9% | test 79.0%
Ep 139 | loss 0.0618 | task 0.0618 | cons 0.0000 | train 97.8% | test 78.9%
Ep 140 | loss 0.0672 | task 0.0672 | cons 0.0000 | train 97.6% | test 79.0%
    K=1: 74.8%
    K=2: 79.6%
    K=4: 79.9%
Ep 141 | loss 0.0576 | task 0.0576 | cons 0.0000 | train 97.9% | test 79.7%
Ep 142 | loss 0.0640 | task 0.0640 | cons 0.0000 | train 97.7% | test 79.3%
Ep 143 | loss 0.0519 | task 0.0519 | cons 0.0000 | train 98.2% | test 79.1%
Ep 144 | loss 0.0582 | task 0.0582 | cons 0.0000 | train 97.9% | test 79.3%
Ep 145 | loss 0.0529 | task 0.0529 | cons 0.0000 | train 98.1% | test 78.9%
Ep 146 | loss 0.0498 | task 0.0498 | cons 0.0000 | train 98.3% | test 79.0%
Ep 147 | loss 0.0480 | task 0.0480 | cons 0.0000 | train 98.4% | test 79.3%
Ep 148 | loss 0.0523 | task 0.0523 | cons 0.0000 | train 98.2% | test 79.1%
Ep 149 | loss 0.0469 | task 0.0469 | cons 0.0000 | train 98.4% | test 79.3%
Ep 150 | loss 0.0462 | task 0.0462 | cons 0.0000 | train 98.4% | test 79.1%
    K=1: 74.7%
    K=2: 79.3%
    K=4: 79.8%
Ep 151 | loss 0.0516 | task 0.0516 | cons 0.0000 | train 98.2% | test 79.4%
Ep 152 | loss 0.0558 | task 0.0558 | cons 0.0000 | train 98.1% | test 79.3%
Ep 153 | loss 0.0442 | task 0.0442 | cons 0.0000 | train 98.4% | test 79.1%
Ep 154 | loss 0.0457 | task 0.0457 | cons 0.0000 | train 98.4% | test 79.5%
Ep 155 | loss 0.0360 | task 0.0360 | cons 0.0000 | train 98.8% | test 79.6%
Ep 156 | loss 0.0409 | task 0.0409 | cons 0.0000 | train 98.5% | test 79.3%
Ep 157 | loss 0.0363 | task 0.0363 | cons 0.0000 | train 98.7% | test 79.2%
Ep 158 | loss 0.0402 | task 0.0402 | cons 0.0000 | train 98.6% | test 79.4%
Ep 159 | loss 0.0404 | task 0.0404 | cons 0.0000 | train 98.6% | test 79.5%
Ep 160 | loss 0.0356 | task 0.0356 | cons 0.0000 | train 98.7% | test 79.3%
    K=1: 74.9%
    K=2: 79.5%
    K=4: 80.1%
Ep 161 | loss 0.0344 | task 0.0344 | cons 0.0000 | train 98.8% | test 79.8%
Ep 162 | loss 0.0359 | task 0.0359 | cons 0.0000 | train 98.8% | test 79.4%
Ep 163 | loss 0.0384 | task 0.0384 | cons 0.0000 | train 98.6% | test 79.3%
Ep 164 | loss 0.0336 | task 0.0336 | cons 0.0000 | train 98.9% | test 79.7%
Ep 165 | loss 0.0310 | task 0.0310 | cons 0.0000 | train 98.9% | test 79.4%
Ep 166 | loss 0.0358 | task 0.0358 | cons 0.0000 | train 98.8% | test 79.3%
Ep 167 | loss 0.0264 | task 0.0264 | cons 0.0000 | train 99.1% | test 79.3%
Ep 168 | loss 0.0319 | task 0.0319 | cons 0.0000 | train 98.9% | test 79.5%
Ep 169 | loss 0.0343 | task 0.0343 | cons 0.0000 | train 98.8% | test 79.2%
Ep 170 | loss 0.0327 | task 0.0327 | cons 0.0000 | train 98.9% | test 79.7%
    K=1: 75.1%
    K=2: 79.8%
    K=4: 80.2%
Ep 171 | loss 0.0344 | task 0.0344 | cons 0.0000 | train 98.8% | test 79.5%
Ep 172 | loss 0.0286 | task 0.0286 | cons 0.0000 | train 99.0% | test 79.5%
Ep 173 | loss 0.0295 | task 0.0295 | cons 0.0000 | train 98.9% | test 79.8%
Ep 174 | loss 0.0253 | task 0.0253 | cons 0.0000 | train 99.1% | test 79.6%
Ep 175 | loss 0.0251 | task 0.0251 | cons 0.0000 | train 99.2% | test 79.5%
Ep 176 | loss 0.0234 | task 0.0234 | cons 0.0000 | train 99.2% | test 79.5%
Ep 177 | loss 0.0268 | task 0.0268 | cons 0.0000 | train 99.1% | test 79.4%
Ep 178 | loss 0.0231 | task 0.0231 | cons 0.0000 | train 99.2% | test 79.3%
Ep 179 | loss 0.0246 | task 0.0246 | cons 0.0000 | train 99.2% | test 79.3%
Ep 180 | loss 0.0283 | task 0.0283 | cons 0.0000 | train 99.0% | test 79.3%
    K=1: 75.3%
    K=2: 79.9%
    K=4: 80.3%
Ep 181 | loss 0.0256 | task 0.0256 | cons 0.0000 | train 99.1% | test 79.2%
Ep 182 | loss 0.0252 | task 0.0252 | cons 0.0000 | train 99.1% | test 79.3%
Ep 183 | loss 0.0278 | task 0.0278 | cons 0.0000 | train 99.1% | test 79.5%
Ep 184 | loss 0.0225 | task 0.0225 | cons 0.0000 | train 99.3% | test 79.4%
Ep 185 | loss 0.0214 | task 0.0214 | cons 0.0000 | train 99.3% | test 79.4%
Ep 186 | loss 0.0240 | task 0.0240 | cons 0.0000 | train 99.2% | test 79.5%
Ep 187 | loss 0.0249 | task 0.0249 | cons 0.0000 | train 99.2% | test 79.5%
Ep 188 | loss 0.0232 | task 0.0232 | cons 0.0000 | train 99.2% | test 79.7%
Ep 189 | loss 0.0274 | task 0.0274 | cons 0.0000 | train 99.1% | test 79.5%
Ep 190 | loss 0.0235 | task 0.0235 | cons 0.0000 | train 99.2% | test 79.5%
    K=1: 75.5%
    K=2: 79.9%
    K=4: 80.1%
Ep 191 | loss 0.0212 | task 0.0212 | cons 0.0000 | train 99.3% | test 79.5%
Ep 192 | loss 0.0235 | task 0.0235 | cons 0.0000 | train 99.2% | test 79.4%
Ep 193 | loss 0.0250 | task 0.0250 | cons 0.0000 | train 99.2% | test 79.5%
Ep 194 | loss 0.0238 | task 0.0238 | cons 0.0000 | train 99.2% | test 79.5%
Ep 195 | loss 0.0225 | task 0.0225 | cons 0.0000 | train 99.2% | test 79.5%
Ep 196 | loss 0.0260 | task 0.0260 | cons 0.0000 | train 99.1% | test 79.5%
Ep 197 | loss 0.0224 | task 0.0224 | cons 0.0000 | train 99.2% | test 79.5%
Ep 198 | loss 0.0238 | task 0.0238 | cons 0.0000 | train 99.2% | test 79.5%
Ep 199 | loss 0.0248 | task 0.0248 | cons 0.0000 | train 99.2% | test 79.5%
Ep 200 | loss 0.0226 | task 0.0226 | cons 0.0000 | train 99.2% | test 79.5%
    K=1: 75.6%
    K=2: 80.0%
    K=4: 80.2%
Saved checkpoint to cont_2bpu_K16_dim192.pt
