/home/ec2-user/dev/ugh/.venv/lib/python3.13/site-packages/torchvision/datasets/cifar.py:83: VisibleDeprecationWarning: dtype(): align should be passed as Python or NumPy boolean but got `align=0`. Did you mean to pass a tuple to create a subarray type? (Deprecated NumPy 2.4)
  entry = pickle.load(f, encoding="latin1")
Model: continuous | Params: 1,519,498 | K=8 | blocks/unit=3
----------------------------------------------------------------------
Ep   1 | loss 1.7759 | task 1.7759 | cons 0.0000 | train 33.6% | test 42.5%
Ep   2 | loss 1.4527 | task 1.4527 | cons 0.0000 | train 47.0% | test 43.2%
Ep   3 | loss 1.3049 | task 1.3049 | cons 0.0000 | train 52.4% | test 55.2%
Ep   4 | loss 1.1994 | task 1.1994 | cons 0.0000 | train 56.7% | test 56.1%
Ep   5 | loss 1.1293 | task 1.1293 | cons 0.0000 | train 59.6% | test 61.1%
Ep   6 | loss 1.0687 | task 1.0687 | cons 0.0000 | train 61.4% | test 63.5%
Ep   7 | loss 1.0171 | task 1.0171 | cons 0.0000 | train 63.6% | test 63.5%
Ep   8 | loss 0.9763 | task 0.9763 | cons 0.0000 | train 65.1% | test 66.4%
Ep   9 | loss 0.9381 | task 0.9381 | cons 0.0000 | train 66.7% | test 67.9%
Ep  10 | loss 0.8975 | task 0.8975 | cons 0.0000 | train 68.0% | test 67.0%
    K=1: 65.5%
    K=2: 67.5%
    K=4: 67.3%
Ep  11 | loss 0.8626 | task 0.8626 | cons 0.0000 | train 69.2% | test 70.4%
Ep  12 | loss 0.8277 | task 0.8277 | cons 0.0000 | train 70.5% | test 71.0%
Ep  13 | loss 0.7892 | task 0.7892 | cons 0.0000 | train 72.0% | test 70.8%
Ep  14 | loss 0.7577 | task 0.7577 | cons 0.0000 | train 73.1% | test 73.6%
Ep  15 | loss 0.7351 | task 0.7351 | cons 0.0000 | train 73.9% | test 73.1%
Ep  16 | loss 0.7156 | task 0.7156 | cons 0.0000 | train 74.6% | test 74.4%
Ep  17 | loss 0.6814 | task 0.6814 | cons 0.0000 | train 75.6% | test 74.5%
Ep  18 | loss 0.6666 | task 0.6666 | cons 0.0000 | train 76.4% | test 74.7%
Ep  19 | loss 0.6400 | task 0.6400 | cons 0.0000 | train 77.2% | test 75.5%
Ep  20 | loss 0.6164 | task 0.6164 | cons 0.0000 | train 78.1% | test 76.0%
    K=1: 72.6%
    K=2: 76.0%
    K=4: 76.4%
Ep  21 | loss 0.5947 | task 0.5947 | cons 0.0000 | train 79.0% | test 76.8%
Ep  22 | loss 0.5736 | task 0.5736 | cons 0.0000 | train 79.7% | test 75.2%
Ep  23 | loss 0.5550 | task 0.5550 | cons 0.0000 | train 80.2% | test 76.6%
Ep  24 | loss 0.5415 | task 0.5415 | cons 0.0000 | train 80.8% | test 76.3%
Ep  25 | loss 0.5147 | task 0.5147 | cons 0.0000 | train 81.8% | test 77.2%
Ep  26 | loss 0.5037 | task 0.5037 | cons 0.0000 | train 82.1% | test 77.1%
Ep  27 | loss 0.4812 | task 0.4812 | cons 0.0000 | train 82.9% | test 78.1%
Ep  28 | loss 0.4671 | task 0.4671 | cons 0.0000 | train 83.3% | test 78.0%
Ep  29 | loss 0.4498 | task 0.4498 | cons 0.0000 | train 83.8% | test 78.2%
Ep  30 | loss 0.4343 | task 0.4343 | cons 0.0000 | train 84.6% | test 78.4%
    K=1: 74.6%
    K=2: 78.3%
    K=4: 78.8%
Ep  31 | loss 0.4242 | task 0.4242 | cons 0.0000 | train 84.7% | test 78.7%
Ep  32 | loss 0.3998 | task 0.3998 | cons 0.0000 | train 85.8% | test 79.0%
Ep  33 | loss 0.3857 | task 0.3857 | cons 0.0000 | train 86.1% | test 78.3%
Ep  34 | loss 0.3787 | task 0.3787 | cons 0.0000 | train 86.4% | test 79.1%
Ep  35 | loss 0.3571 | task 0.3571 | cons 0.0000 | train 87.2% | test 78.7%
Ep  36 | loss 0.3461 | task 0.3461 | cons 0.0000 | train 87.6% | test 78.8%
Ep  37 | loss 0.3306 | task 0.3306 | cons 0.0000 | train 88.2% | test 79.2%
Ep  38 | loss 0.3139 | task 0.3139 | cons 0.0000 | train 88.6% | test 79.1%
Ep  39 | loss 0.3054 | task 0.3054 | cons 0.0000 | train 89.1% | test 79.1%
Ep  40 | loss 0.2954 | task 0.2954 | cons 0.0000 | train 89.4% | test 79.2%
    K=1: 76.0%
    K=2: 79.3%
    K=4: 79.5%
Ep  41 | loss 0.2685 | task 0.2685 | cons 0.0000 | train 90.3% | test 78.8%
Ep  42 | loss 0.2665 | task 0.2665 | cons 0.0000 | train 90.5% | test 79.2%
Ep  43 | loss 0.2578 | task 0.2578 | cons 0.0000 | train 90.6% | test 78.8%
Ep  44 | loss 0.2520 | task 0.2520 | cons 0.0000 | train 91.0% | test 79.1%
Ep  45 | loss 0.2342 | task 0.2342 | cons 0.0000 | train 91.7% | test 79.5%
Ep  46 | loss 0.2246 | task 0.2246 | cons 0.0000 | train 91.9% | test 79.0%
Ep  47 | loss 0.2116 | task 0.2116 | cons 0.0000 | train 92.4% | test 79.2%
Ep  48 | loss 0.2003 | task 0.2003 | cons 0.0000 | train 92.8% | test 79.0%
Ep  49 | loss 0.1934 | task 0.1934 | cons 0.0000 | train 93.0% | test 79.0%
Ep  50 | loss 0.1890 | task 0.1890 | cons 0.0000 | train 93.4% | test 79.0%
    K=1: 76.0%
    K=2: 78.9%
    K=4: 79.1%
Ep  51 | loss 0.1794 | task 0.1794 | cons 0.0000 | train 93.6% | test 79.0%
Ep  52 | loss 0.1716 | task 0.1716 | cons 0.0000 | train 93.9% | test 78.9%
Ep  53 | loss 0.1657 | task 0.1657 | cons 0.0000 | train 94.0% | test 79.7%
Ep  54 | loss 0.1468 | task 0.1468 | cons 0.0000 | train 94.7% | test 79.1%
Ep  55 | loss 0.1505 | task 0.1505 | cons 0.0000 | train 94.6% | test 79.1%
Ep  56 | loss 0.1371 | task 0.1371 | cons 0.0000 | train 95.0% | test 79.2%
Ep  57 | loss 0.1307 | task 0.1307 | cons 0.0000 | train 95.4% | test 79.7%
Ep  58 | loss 0.1252 | task 0.1252 | cons 0.0000 | train 95.6% | test 79.6%
Ep  59 | loss 0.1200 | task 0.1200 | cons 0.0000 | train 95.8% | test 79.1%
Ep  60 | loss 0.1145 | task 0.1145 | cons 0.0000 | train 95.9% | test 79.8%
    K=1: 76.7%
    K=2: 79.8%
    K=4: 79.9%
Ep  61 | loss 0.1105 | task 0.1105 | cons 0.0000 | train 96.1% | test 79.5%
Ep  62 | loss 0.1080 | task 0.1080 | cons 0.0000 | train 96.2% | test 79.6%
Ep  63 | loss 0.1019 | task 0.1019 | cons 0.0000 | train 96.5% | test 79.4%
Ep  64 | loss 0.0976 | task 0.0976 | cons 0.0000 | train 96.6% | test 79.5%
Ep  65 | loss 0.0935 | task 0.0935 | cons 0.0000 | train 96.7% | test 79.8%
Ep  66 | loss 0.0878 | task 0.0878 | cons 0.0000 | train 96.9% | test 79.9%
Ep  67 | loss 0.0797 | task 0.0797 | cons 0.0000 | train 97.2% | test 79.1%
Ep  68 | loss 0.0830 | task 0.0830 | cons 0.0000 | train 97.1% | test 79.7%
Ep  69 | loss 0.0731 | task 0.0731 | cons 0.0000 | train 97.5% | test 79.9%
Ep  70 | loss 0.0723 | task 0.0723 | cons 0.0000 | train 97.5% | test 79.6%
    K=1: 77.3%
    K=2: 80.4%
    K=4: 80.3%
Ep  71 | loss 0.0671 | task 0.0671 | cons 0.0000 | train 97.7% | test 80.0%
Ep  72 | loss 0.0621 | task 0.0621 | cons 0.0000 | train 97.9% | test 79.8%
Ep  73 | loss 0.0628 | task 0.0628 | cons 0.0000 | train 97.8% | test 79.6%
Ep  74 | loss 0.0589 | task 0.0589 | cons 0.0000 | train 98.0% | test 79.6%
Ep  75 | loss 0.0551 | task 0.0551 | cons 0.0000 | train 98.1% | test 79.8%
Ep  76 | loss 0.0485 | task 0.0485 | cons 0.0000 | train 98.3% | test 79.7%
Ep  77 | loss 0.0499 | task 0.0499 | cons 0.0000 | train 98.3% | test 79.8%
Ep  78 | loss 0.0473 | task 0.0473 | cons 0.0000 | train 98.4% | test 79.9%
Ep  79 | loss 0.0429 | task 0.0429 | cons 0.0000 | train 98.5% | test 80.3%
Ep  80 | loss 0.0375 | task 0.0375 | cons 0.0000 | train 98.7% | test 79.8%
    K=1: 77.6%
    K=2: 80.5%
    K=4: 80.7%
Ep  81 | loss 0.0375 | task 0.0375 | cons 0.0000 | train 98.8% | test 80.3%
Ep  82 | loss 0.0409 | task 0.0409 | cons 0.0000 | train 98.6% | test 80.3%
Ep  83 | loss 0.0365 | task 0.0365 | cons 0.0000 | train 98.8% | test 80.1%
Ep  84 | loss 0.0337 | task 0.0337 | cons 0.0000 | train 98.9% | test 80.1%
Ep  85 | loss 0.0323 | task 0.0323 | cons 0.0000 | train 98.9% | test 80.3%
Ep  86 | loss 0.0291 | task 0.0291 | cons 0.0000 | train 99.0% | test 79.9%
Ep  87 | loss 0.0333 | task 0.0333 | cons 0.0000 | train 98.9% | test 80.0%
Ep  88 | loss 0.0303 | task 0.0303 | cons 0.0000 | train 99.0% | test 80.0%
Ep  89 | loss 0.0261 | task 0.0261 | cons 0.0000 | train 99.1% | test 80.2%
Ep  90 | loss 0.0298 | task 0.0298 | cons 0.0000 | train 99.0% | test 80.2%
    K=1: 78.2%
    K=2: 80.7%
    K=4: 80.9%
Ep  91 | loss 0.0265 | task 0.0265 | cons 0.0000 | train 99.1% | test 80.1%
Ep  92 | loss 0.0246 | task 0.0246 | cons 0.0000 | train 99.2% | test 80.2%
Ep  93 | loss 0.0256 | task 0.0256 | cons 0.0000 | train 99.1% | test 80.0%
Ep  94 | loss 0.0243 | task 0.0243 | cons 0.0000 | train 99.2% | test 80.2%
Ep  95 | loss 0.0257 | task 0.0257 | cons 0.0000 | train 99.2% | test 80.1%
Ep  96 | loss 0.0227 | task 0.0227 | cons 0.0000 | train 99.3% | test 80.2%
Ep  97 | loss 0.0265 | task 0.0265 | cons 0.0000 | train 99.1% | test 80.1%
Ep  98 | loss 0.0219 | task 0.0219 | cons 0.0000 | train 99.3% | test 80.1%
Ep  99 | loss 0.0244 | task 0.0244 | cons 0.0000 | train 99.2% | test 80.2%
Ep 100 | loss 0.0211 | task 0.0211 | cons 0.0000 | train 99.3% | test 80.1%
    K=1: 78.4%
    K=2: 80.8%
    K=4: 81.0%
Saved checkpoint to cont_3bpu_dim192.pt
