/home/ec2-user/dev/ugh/.venv/lib/python3.13/site-packages/torchvision/datasets/cifar.py:83: VisibleDeprecationWarning: dtype(): align should be passed as Python or NumPy boolean but got `align=0`. Did you mean to pass a tuple to create a subarray type? (Deprecated NumPy 2.4)
  entry = pickle.load(f, encoding="latin1")
Model: continuous | Params: 1,925,898 | K=8
----------------------------------------------------------------------
Ep   1 | loss 1.7994 | task 1.7994 | cons 0.0000 | train 33.2% | test 43.4%
Ep   2 | loss 1.5433 | task 1.5433 | cons 0.0000 | train 43.9% | test 46.8%
Ep   3 | loss 1.4155 | task 1.4155 | cons 0.0000 | train 48.4% | test 52.4%
Ep   4 | loss 1.3263 | task 1.3263 | cons 0.0000 | train 51.8% | test 54.6%
Ep   5 | loss 1.2626 | task 1.2626 | cons 0.0000 | train 54.2% | test 58.9%
Ep   6 | loss 1.2217 | task 1.2217 | cons 0.0000 | train 55.7% | test 61.5%
Ep   7 | loss 1.1524 | task 1.1524 | cons 0.0000 | train 58.1% | test 62.6%
Ep   8 | loss 1.1323 | task 1.1323 | cons 0.0000 | train 59.3% | test 63.9%
Ep   9 | loss 1.1112 | task 1.1112 | cons 0.0000 | train 59.9% | test 64.5%
Ep  10 | loss 1.0804 | task 1.0804 | cons 0.0000 | train 61.0% | test 66.5%
    K=1: 52.5%
    K=2: 63.2%
    K=4: 66.3%
Ep  11 | loss 1.0501 | task 1.0501 | cons 0.0000 | train 62.3% | test 65.5%
Ep  12 | loss 1.0079 | task 1.0079 | cons 0.0000 | train 63.7% | test 68.2%
Ep  13 | loss 1.0114 | task 1.0114 | cons 0.0000 | train 63.3% | test 69.5%
Ep  14 | loss 0.9638 | task 0.9638 | cons 0.0000 | train 65.2% | test 70.3%
Ep  15 | loss 0.9551 | task 0.9551 | cons 0.0000 | train 65.6% | test 71.4%
Ep  16 | loss 0.9426 | task 0.9426 | cons 0.0000 | train 66.0% | test 71.7%
Ep  17 | loss 0.9080 | task 0.9080 | cons 0.0000 | train 67.3% | test 70.5%
Ep  18 | loss 0.9182 | task 0.9182 | cons 0.0000 | train 67.1% | test 71.2%
Ep  19 | loss 0.9036 | task 0.9036 | cons 0.0000 | train 67.5% | test 71.5%
Ep  20 | loss 0.8927 | task 0.8927 | cons 0.0000 | train 67.9% | test 72.2%
    K=1: 55.5%
    K=2: 69.6%
    K=4: 72.7%
Ep  21 | loss 0.8527 | task 0.8527 | cons 0.0000 | train 69.5% | test 72.7%
Ep  22 | loss 0.8676 | task 0.8676 | cons 0.0000 | train 68.9% | test 73.1%
Ep  23 | loss 0.8260 | task 0.8260 | cons 0.0000 | train 70.2% | test 74.3%
Ep  24 | loss 0.8523 | task 0.8523 | cons 0.0000 | train 69.5% | test 73.8%
Ep  25 | loss 0.8244 | task 0.8244 | cons 0.0000 | train 70.5% | test 74.5%
Ep  26 | loss 0.8025 | task 0.8025 | cons 0.0000 | train 71.1% | test 73.6%
Ep  27 | loss 0.8057 | task 0.8057 | cons 0.0000 | train 71.1% | test 74.8%
Ep  28 | loss 0.8023 | task 0.8023 | cons 0.0000 | train 71.1% | test 75.0%
Ep  29 | loss 0.7958 | task 0.7958 | cons 0.0000 | train 71.6% | test 75.5%
Ep  30 | loss 0.7628 | task 0.7628 | cons 0.0000 | train 72.6% | test 76.3%
    K=1: 54.8%
    K=2: 72.5%
    K=4: 76.4%
Ep  31 | loss 0.7438 | task 0.7438 | cons 0.0000 | train 73.2% | test 76.0%
Ep  32 | loss 0.7396 | task 0.7396 | cons 0.0000 | train 73.5% | test 76.6%
Ep  33 | loss 0.7307 | task 0.7307 | cons 0.0000 | train 73.8% | test 75.9%
Ep  34 | loss 0.7308 | task 0.7308 | cons 0.0000 | train 73.7% | test 75.8%
Ep  35 | loss 0.6957 | task 0.6957 | cons 0.0000 | train 75.0% | test 74.4%
Ep  36 | loss 0.7399 | task 0.7399 | cons 0.0000 | train 73.2% | test 76.4%
Ep  37 | loss 0.7226 | task 0.7226 | cons 0.0000 | train 73.9% | test 76.2%
Ep  38 | loss 0.7125 | task 0.7125 | cons 0.0000 | train 74.5% | test 75.9%
Ep  39 | loss 0.6790 | task 0.6790 | cons 0.0000 | train 75.3% | test 76.1%
Ep  40 | loss 0.6928 | task 0.6928 | cons 0.0000 | train 75.3% | test 76.7%
    K=1: 55.3%
    K=2: 73.3%
    K=4: 76.5%
Ep  41 | loss 0.6761 | task 0.6761 | cons 0.0000 | train 75.8% | test 76.2%
Ep  42 | loss 0.6814 | task 0.6814 | cons 0.0000 | train 75.5% | test 76.9%
Ep  43 | loss 0.6688 | task 0.6688 | cons 0.0000 | train 75.9% | test 77.0%
Ep  44 | loss 0.6640 | task 0.6640 | cons 0.0000 | train 75.9% | test 77.7%
Ep  45 | loss 0.6351 | task 0.6351 | cons 0.0000 | train 77.3% | test 77.6%
Ep  46 | loss 0.6486 | task 0.6486 | cons 0.0000 | train 76.6% | test 76.8%
Ep  47 | loss 0.6110 | task 0.6110 | cons 0.0000 | train 78.1% | test 77.5%
Ep  48 | loss 0.6048 | task 0.6048 | cons 0.0000 | train 78.2% | test 77.5%
Ep  49 | loss 0.5999 | task 0.5999 | cons 0.0000 | train 78.4% | test 77.1%
Ep  50 | loss 0.6113 | task 0.6113 | cons 0.0000 | train 78.0% | test 77.3%
    K=1: 56.4%
    K=2: 73.2%
    K=4: 77.5%
Ep  51 | loss 0.6358 | task 0.6358 | cons 0.0000 | train 77.0% | test 77.2%
Ep  52 | loss 0.5962 | task 0.5962 | cons 0.0000 | train 78.5% | test 77.5%
Ep  53 | loss 0.5984 | task 0.5984 | cons 0.0000 | train 78.5% | test 76.7%
Ep  54 | loss 0.5585 | task 0.5585 | cons 0.0000 | train 79.8% | test 77.1%
Ep  55 | loss 0.5757 | task 0.5757 | cons 0.0000 | train 79.2% | test 77.5%
Ep  56 | loss 0.5666 | task 0.5666 | cons 0.0000 | train 79.6% | test 77.3%
Ep  57 | loss 0.5984 | task 0.5984 | cons 0.0000 | train 78.3% | test 77.4%
Ep  58 | loss 0.6130 | task 0.6130 | cons 0.0000 | train 77.8% | test 76.5%
Ep  59 | loss 0.5977 | task 0.5977 | cons 0.0000 | train 78.4% | test 77.5%
Ep  60 | loss 0.5866 | task 0.5866 | cons 0.0000 | train 78.9% | test 76.5%
    K=1: 57.3%
    K=2: 73.2%
    K=4: 76.7%
Ep  61 | loss 0.5479 | task 0.5479 | cons 0.0000 | train 80.1% | test 77.8%
Ep  62 | loss 0.5568 | task 0.5568 | cons 0.0000 | train 79.8% | test 77.7%
Ep  63 | loss 0.5703 | task 0.5703 | cons 0.0000 | train 79.4% | test 76.9%
Ep  64 | loss 0.5581 | task 0.5581 | cons 0.0000 | train 79.9% | test 77.9%
Ep  65 | loss 0.5398 | task 0.5398 | cons 0.0000 | train 80.7% | test 77.8%
Ep  66 | loss 0.5515 | task 0.5515 | cons 0.0000 | train 80.0% | test 76.5%
Ep  67 | loss 0.5392 | task 0.5392 | cons 0.0000 | train 80.6% | test 77.9%
Ep  68 | loss 0.5221 | task 0.5221 | cons 0.0000 | train 81.1% | test 77.5%
Ep  69 | loss 0.5263 | task 0.5263 | cons 0.0000 | train 81.0% | test 77.7%
Ep  70 | loss 0.4991 | task 0.4991 | cons 0.0000 | train 81.8% | test 78.2%
    K=1: 56.8%
    K=2: 74.5%
    K=4: 78.4%
Ep  71 | loss 0.5170 | task 0.5170 | cons 0.0000 | train 81.4% | test 77.5%
Ep  72 | loss 0.5073 | task 0.5073 | cons 0.0000 | train 81.6% | test 77.5%
Ep  73 | loss 0.5134 | task 0.5134 | cons 0.0000 | train 81.5% | test 78.1%
Ep  74 | loss 0.4801 | task 0.4801 | cons 0.0000 | train 82.8% | test 76.8%
Ep  75 | loss 0.4948 | task 0.4948 | cons 0.0000 | train 82.2% | test 78.3%
Ep  76 | loss 0.4961 | task 0.4961 | cons 0.0000 | train 81.9% | test 77.3%
Ep  77 | loss 0.4607 | task 0.4607 | cons 0.0000 | train 83.3% | test 77.6%
Ep  78 | loss 0.4627 | task 0.4627 | cons 0.0000 | train 83.3% | test 78.3%
Ep  79 | loss 0.4968 | task 0.4968 | cons 0.0000 | train 82.0% | test 78.0%
Ep  80 | loss 0.5023 | task 0.5023 | cons 0.0000 | train 81.7% | test 77.0%
    K=1: 57.1%
    K=2: 73.4%
    K=4: 77.3%
Ep  81 | loss 0.4862 | task 0.4862 | cons 0.0000 | train 82.5% | test 77.9%
Ep  82 | loss 0.4956 | task 0.4956 | cons 0.0000 | train 82.1% | test 77.5%
Ep  83 | loss 0.4655 | task 0.4655 | cons 0.0000 | train 83.2% | test 78.3%
Ep  84 | loss 0.4910 | task 0.4910 | cons 0.0000 | train 82.1% | test 78.1%
Ep  85 | loss 0.4854 | task 0.4854 | cons 0.0000 | train 82.4% | test 78.2%
Ep  86 | loss 0.4485 | task 0.4485 | cons 0.0000 | train 84.0% | test 77.6%
Ep  87 | loss 0.4784 | task 0.4784 | cons 0.0000 | train 82.8% | test 77.7%
Ep  88 | loss 0.5068 | task 0.5068 | cons 0.0000 | train 81.7% | test 77.9%
Ep  89 | loss 0.3947 | task 0.3947 | cons 0.0000 | train 85.6% | test 78.1%
Ep  90 | loss 0.4523 | task 0.4523 | cons 0.0000 | train 83.7% | test 77.1%
    K=1: 56.2%
    K=2: 73.8%
    K=4: 77.6%
Ep  91 | loss 0.4550 | task 0.4550 | cons 0.0000 | train 83.5% | test 78.6%
Ep  92 | loss 0.4620 | task 0.4620 | cons 0.0000 | train 83.2% | test 77.6%
Ep  93 | loss 0.4388 | task 0.4388 | cons 0.0000 | train 84.2% | test 77.1%
Ep  94 | loss 0.4608 | task 0.4608 | cons 0.0000 | train 83.3% | test 77.4%
Ep  95 | loss 0.4125 | task 0.4125 | cons 0.0000 | train 85.2% | test 77.9%
Ep  96 | loss 0.4186 | task 0.4186 | cons 0.0000 | train 84.9% | test 77.9%
Ep  97 | loss 0.4087 | task 0.4087 | cons 0.0000 | train 85.2% | test 78.0%
Ep  98 | loss 0.4138 | task 0.4138 | cons 0.0000 | train 85.0% | test 78.2%
Ep  99 | loss 0.4257 | task 0.4257 | cons 0.0000 | train 84.6% | test 77.8%
Ep 100 | loss 0.4200 | task 0.4200 | cons 0.0000 | train 85.0% | test 78.3%
    K=1: 58.3%
    K=2: 74.3%
    K=4: 78.3%
Ep 101 | loss 0.4416 | task 0.4416 | cons 0.0000 | train 84.0% | test 77.9%
Ep 102 | loss 0.4723 | task 0.4723 | cons 0.0000 | train 83.0% | test 76.4%
Ep 103 | loss 0.4266 | task 0.4266 | cons 0.0000 | train 84.7% | test 77.7%
Ep 104 | loss 0.4248 | task 0.4248 | cons 0.0000 | train 84.7% | test 78.2%
Ep 105 | loss 0.3935 | task 0.3935 | cons 0.0000 | train 85.9% | test 79.1%
Ep 106 | loss 0.3994 | task 0.3994 | cons 0.0000 | train 85.6% | test 78.0%
Ep 107 | loss 0.4159 | task 0.4159 | cons 0.0000 | train 85.0% | test 78.1%
Ep 108 | loss 0.4077 | task 0.4077 | cons 0.0000 | train 85.4% | test 78.5%
Ep 109 | loss 0.4395 | task 0.4395 | cons 0.0000 | train 84.1% | test 78.6%
Ep 110 | loss 0.3838 | task 0.3838 | cons 0.0000 | train 86.3% | test 78.1%
    K=1: 57.9%
    K=2: 74.6%
    K=4: 78.5%
Ep 111 | loss 0.3791 | task 0.3791 | cons 0.0000 | train 86.4% | test 78.0%
Ep 112 | loss 0.3950 | task 0.3950 | cons 0.0000 | train 85.7% | test 78.0%
Ep 113 | loss 0.4123 | task 0.4123 | cons 0.0000 | train 85.2% | test 78.6%
Ep 114 | loss 0.3579 | task 0.3579 | cons 0.0000 | train 87.1% | test 78.2%
Ep 115 | loss 0.4016 | task 0.4016 | cons 0.0000 | train 85.6% | test 78.5%
Ep 116 | loss 0.4132 | task 0.4132 | cons 0.0000 | train 85.0% | test 78.6%
Ep 117 | loss 0.3932 | task 0.3932 | cons 0.0000 | train 85.7% | test 78.0%
Ep 118 | loss 0.3903 | task 0.3903 | cons 0.0000 | train 85.9% | test 78.8%
Ep 119 | loss 0.3757 | task 0.3757 | cons 0.0000 | train 86.6% | test 78.3%
Ep 120 | loss 0.3670 | task 0.3670 | cons 0.0000 | train 86.7% | test 78.2%
    K=1: 57.5%
    K=2: 73.4%
    K=4: 78.2%
Ep 121 | loss 0.3532 | task 0.3532 | cons 0.0000 | train 87.4% | test 77.5%
Ep 122 | loss 0.3846 | task 0.3846 | cons 0.0000 | train 86.2% | test 79.1%
Ep 123 | loss 0.3923 | task 0.3923 | cons 0.0000 | train 85.9% | test 78.1%
Ep 124 | loss 0.4002 | task 0.4002 | cons 0.0000 | train 85.7% | test 78.8%
Ep 125 | loss 0.3636 | task 0.3636 | cons 0.0000 | train 86.7% | test 78.4%
Ep 126 | loss 0.3249 | task 0.3249 | cons 0.0000 | train 88.4% | test 78.0%
Ep 127 | loss 0.3509 | task 0.3509 | cons 0.0000 | train 87.4% | test 78.6%
Ep 128 | loss 0.3903 | task 0.3903 | cons 0.0000 | train 85.7% | test 78.5%
Ep 129 | loss 0.3676 | task 0.3676 | cons 0.0000 | train 86.7% | test 79.1%
Ep 130 | loss 0.3574 | task 0.3574 | cons 0.0000 | train 87.1% | test 78.2%
    K=1: 57.3%
    K=2: 73.9%
    K=4: 78.2%
Ep 131 | loss 0.3604 | task 0.3604 | cons 0.0000 | train 87.1% | test 78.3%
Ep 132 | loss 0.3686 | task 0.3686 | cons 0.0000 | train 86.7% | test 78.2%
Ep 133 | loss 0.3485 | task 0.3485 | cons 0.0000 | train 87.6% | test 78.8%
Ep 134 | loss 0.3279 | task 0.3279 | cons 0.0000 | train 88.2% | test 78.4%
Ep 135 | loss 0.3169 | task 0.3169 | cons 0.0000 | train 88.4% | test 77.5%
Ep 136 | loss 0.2944 | task 0.2944 | cons 0.0000 | train 89.4% | test 78.3%
Ep 137 | loss 0.3473 | task 0.3473 | cons 0.0000 | train 87.5% | test 78.4%
Ep 138 | loss 0.3645 | task 0.3645 | cons 0.0000 | train 87.0% | test 78.4%
Ep 139 | loss 0.3251 | task 0.3251 | cons 0.0000 | train 88.4% | test 78.5%
Ep 140 | loss 0.3513 | task 0.3513 | cons 0.0000 | train 87.4% | test 78.0%
    K=1: 57.4%
    K=2: 74.7%
    K=4: 78.6%
Ep 141 | loss 0.3257 | task 0.3257 | cons 0.0000 | train 88.3% | test 78.9%
Ep 142 | loss 0.3200 | task 0.3200 | cons 0.0000 | train 88.6% | test 78.3%
Ep 143 | loss 0.3627 | task 0.3627 | cons 0.0000 | train 87.0% | test 78.3%
Ep 144 | loss 0.3208 | task 0.3208 | cons 0.0000 | train 88.5% | test 78.9%
Ep 145 | loss 0.3189 | task 0.3189 | cons 0.0000 | train 88.5% | test 78.8%
Ep 146 | loss 0.3230 | task 0.3230 | cons 0.0000 | train 88.3% | test 78.2%
Ep 147 | loss 0.3171 | task 0.3171 | cons 0.0000 | train 88.4% | test 77.8%
Ep 148 | loss 0.3313 | task 0.3313 | cons 0.0000 | train 88.1% | test 78.0%
Ep 149 | loss 0.3225 | task 0.3225 | cons 0.0000 | train 88.4% | test 78.8%
Ep 150 | loss 0.3264 | task 0.3264 | cons 0.0000 | train 88.2% | test 78.4%
    K=1: 57.8%
    K=2: 74.9%
    K=4: 78.5%
Ep 151 | loss 0.3230 | task 0.3230 | cons 0.0000 | train 88.3% | test 78.2%
Ep 152 | loss 0.3179 | task 0.3179 | cons 0.0000 | train 88.6% | test 78.5%
Ep 153 | loss 0.3117 | task 0.3117 | cons 0.0000 | train 88.8% | test 77.4%
Ep 154 | loss 0.3127 | task 0.3127 | cons 0.0000 | train 88.9% | test 78.4%
Ep 155 | loss 0.3207 | task 0.3207 | cons 0.0000 | train 88.6% | test 78.3%
Ep 156 | loss 0.3224 | task 0.3224 | cons 0.0000 | train 88.4% | test 78.8%
Ep 157 | loss 0.2975 | task 0.2975 | cons 0.0000 | train 89.3% | test 78.3%
Ep 158 | loss 0.2979 | task 0.2979 | cons 0.0000 | train 89.2% | test 78.5%
Ep 159 | loss 0.3207 | task 0.3207 | cons 0.0000 | train 88.4% | test 78.0%
Ep 160 | loss 0.3460 | task 0.3460 | cons 0.0000 | train 87.7% | test 78.9%
    K=1: 58.5%
    K=2: 74.8%
    K=4: 78.8%
Ep 161 | loss 0.3041 | task 0.3041 | cons 0.0000 | train 89.1% | test 78.5%
Ep 162 | loss 0.2989 | task 0.2989 | cons 0.0000 | train 89.3% | test 78.0%
Ep 163 | loss 0.3438 | task 0.3438 | cons 0.0000 | train 87.4% | test 78.2%
Ep 164 | loss 0.3206 | task 0.3206 | cons 0.0000 | train 88.4% | test 78.6%
Ep 165 | loss 0.3069 | task 0.3069 | cons 0.0000 | train 88.9% | test 78.3%
Ep 166 | loss 0.3012 | task 0.3012 | cons 0.0000 | train 89.2% | test 78.8%
Ep 167 | loss 0.3522 | task 0.3522 | cons 0.0000 | train 87.3% | test 78.4%
Ep 168 | loss 0.2706 | task 0.2706 | cons 0.0000 | train 90.3% | test 77.8%
Ep 169 | loss 0.2829 | task 0.2829 | cons 0.0000 | train 89.8% | test 78.7%
Ep 170 | loss 0.3088 | task 0.3088 | cons 0.0000 | train 88.8% | test 78.7%
    K=1: 59.1%
    K=2: 75.0%
    K=4: 78.9%
Ep 171 | loss 0.3006 | task 0.3006 | cons 0.0000 | train 89.2% | test 78.0%
Ep 172 | loss 0.2941 | task 0.2941 | cons 0.0000 | train 89.3% | test 79.0%
Ep 173 | loss 0.3074 | task 0.3074 | cons 0.0000 | train 88.9% | test 78.1%
Ep 174 | loss 0.2802 | task 0.2802 | cons 0.0000 | train 90.0% | test 78.6%
Ep 175 | loss 0.2648 | task 0.2648 | cons 0.0000 | train 90.5% | test 78.6%
Ep 176 | loss 0.2943 | task 0.2943 | cons 0.0000 | train 89.4% | test 78.3%
Ep 177 | loss 0.2721 | task 0.2721 | cons 0.0000 | train 90.1% | test 78.1%
Ep 178 | loss 0.2769 | task 0.2769 | cons 0.0000 | train 89.9% | test 78.3%
Ep 179 | loss 0.2638 | task 0.2638 | cons 0.0000 | train 90.5% | test 78.5%
Ep 180 | loss 0.2364 | task 0.2364 | cons 0.0000 | train 91.5% | test 78.7%
    K=1: 59.4%
    K=2: 75.2%
    K=4: 78.7%
Ep 181 | loss 0.2703 | task 0.2703 | cons 0.0000 | train 90.1% | test 78.9%
Ep 182 | loss 0.2614 | task 0.2614 | cons 0.0000 | train 90.7% | test 78.7%
Ep 183 | loss 0.3233 | task 0.3233 | cons 0.0000 | train 88.4% | test 78.6%
Ep 184 | loss 0.2462 | task 0.2462 | cons 0.0000 | train 91.2% | test 78.9%
Ep 185 | loss 0.2551 | task 0.2551 | cons 0.0000 | train 90.9% | test 78.7%
Ep 186 | loss 0.2433 | task 0.2433 | cons 0.0000 | train 91.2% | test 78.6%
Ep 187 | loss 0.2707 | task 0.2707 | cons 0.0000 | train 90.2% | test 78.5%
Ep 188 | loss 0.2542 | task 0.2542 | cons 0.0000 | train 90.8% | test 78.1%
Ep 189 | loss 0.2553 | task 0.2553 | cons 0.0000 | train 90.6% | test 78.5%
Ep 190 | loss 0.3038 | task 0.3038 | cons 0.0000 | train 89.1% | test 78.7%
    K=1: 58.6%
    K=2: 75.2%
    K=4: 78.8%
Ep 191 | loss 0.2704 | task 0.2704 | cons 0.0000 | train 90.2% | test 78.9%
Ep 192 | loss 0.3050 | task 0.3050 | cons 0.0000 | train 89.0% | test 78.8%
Ep 193 | loss 0.2498 | task 0.2498 | cons 0.0000 | train 91.0% | test 78.6%
Ep 194 | loss 0.2652 | task 0.2652 | cons 0.0000 | train 90.5% | test 78.5%
Ep 195 | loss 0.2573 | task 0.2573 | cons 0.0000 | train 90.7% | test 78.6%
Ep 196 | loss 0.2207 | task 0.2207 | cons 0.0000 | train 92.1% | test 78.6%
Ep 197 | loss 0.2198 | task 0.2198 | cons 0.0000 | train 92.2% | test 78.5%
Ep 198 | loss 0.2300 | task 0.2300 | cons 0.0000 | train 91.8% | test 78.8%
Ep 199 | loss 0.2294 | task 0.2294 | cons 0.0000 | train 91.8% | test 78.9%
Ep 200 | loss 0.2669 | task 0.2669 | cons 0.0000 | train 90.5% | test 79.1%
    K=1: 59.1%
    K=2: 74.9%
    K=4: 79.3%
Ep 201 | loss 0.2577 | task 0.2577 | cons 0.0000 | train 90.6% | test 79.2%
Ep 202 | loss 0.2608 | task 0.2608 | cons 0.0000 | train 90.7% | test 79.0%
Ep 203 | loss 0.2663 | task 0.2663 | cons 0.0000 | train 90.5% | test 79.0%
Ep 204 | loss 0.2250 | task 0.2250 | cons 0.0000 | train 91.8% | test 79.1%
Ep 205 | loss 0.2601 | task 0.2601 | cons 0.0000 | train 90.6% | test 78.8%
Ep 206 | loss 0.2472 | task 0.2472 | cons 0.0000 | train 91.1% | test 78.9%
Ep 207 | loss 0.2243 | task 0.2243 | cons 0.0000 | train 91.9% | test 78.7%
Ep 208 | loss 0.2377 | task 0.2377 | cons 0.0000 | train 91.4% | test 78.6%
Ep 209 | loss 0.2249 | task 0.2249 | cons 0.0000 | train 91.9% | test 78.8%
Ep 210 | loss 0.2344 | task 0.2344 | cons 0.0000 | train 91.7% | test 79.4%
    K=1: 59.6%
    K=2: 75.7%
    K=4: 78.9%
Ep 211 | loss 0.2443 | task 0.2443 | cons 0.0000 | train 91.2% | test 79.3%
Ep 212 | loss 0.2681 | task 0.2681 | cons 0.0000 | train 90.2% | test 79.0%
Ep 213 | loss 0.2385 | task 0.2385 | cons 0.0000 | train 91.4% | test 79.0%
Ep 214 | loss 0.2381 | task 0.2381 | cons 0.0000 | train 91.5% | test 79.1%
Ep 215 | loss 0.2506 | task 0.2506 | cons 0.0000 | train 90.9% | test 78.9%
Ep 216 | loss 0.2094 | task 0.2094 | cons 0.0000 | train 92.5% | test 79.1%
Ep 217 | loss 0.2160 | task 0.2160 | cons 0.0000 | train 92.2% | test 79.4%
Ep 218 | loss 0.2216 | task 0.2216 | cons 0.0000 | train 92.0% | test 79.4%
Ep 219 | loss 0.2189 | task 0.2189 | cons 0.0000 | train 92.1% | test 79.3%
Ep 220 | loss 0.2092 | task 0.2092 | cons 0.0000 | train 92.4% | test 78.6%
    K=1: 59.8%
    K=2: 75.1%
    K=4: 78.9%
Ep 221 | loss 0.2353 | task 0.2353 | cons 0.0000 | train 91.4% | test 79.1%
Ep 222 | loss 0.2392 | task 0.2392 | cons 0.0000 | train 91.4% | test 79.3%
Ep 223 | loss 0.2006 | task 0.2006 | cons 0.0000 | train 92.9% | test 78.9%
Ep 224 | loss 0.2080 | task 0.2080 | cons 0.0000 | train 92.4% | test 78.9%
Ep 225 | loss 0.2272 | task 0.2272 | cons 0.0000 | train 91.9% | test 79.2%
Ep 226 | loss 0.2391 | task 0.2391 | cons 0.0000 | train 91.4% | test 79.3%
Ep 227 | loss 0.2233 | task 0.2233 | cons 0.0000 | train 91.9% | test 79.1%
Ep 228 | loss 0.2329 | task 0.2329 | cons 0.0000 | train 91.6% | test 79.4%
Ep 229 | loss 0.1892 | task 0.1892 | cons 0.0000 | train 93.2% | test 79.3%
Ep 230 | loss 0.2290 | task 0.2290 | cons 0.0000 | train 91.6% | test 79.7%
    K=1: 60.2%
    K=2: 76.0%
    K=4: 79.6%
Ep 231 | loss 0.2351 | task 0.2351 | cons 0.0000 | train 91.5% | test 79.1%
Ep 232 | loss 0.2366 | task 0.2366 | cons 0.0000 | train 91.6% | test 79.1%
Ep 233 | loss 0.2316 | task 0.2316 | cons 0.0000 | train 91.8% | test 78.9%
Ep 234 | loss 0.2274 | task 0.2274 | cons 0.0000 | train 91.8% | test 79.1%
Ep 235 | loss 0.2194 | task 0.2194 | cons 0.0000 | train 92.1% | test 78.9%
Ep 236 | loss 0.2551 | task 0.2551 | cons 0.0000 | train 90.8% | test 79.2%
Ep 237 | loss 0.1923 | task 0.1923 | cons 0.0000 | train 93.1% | test 79.0%
Ep 238 | loss 0.1882 | task 0.1882 | cons 0.0000 | train 93.1% | test 79.5%
Ep 239 | loss 0.1849 | task 0.1849 | cons 0.0000 | train 93.4% | test 79.4%
Ep 240 | loss 0.1954 | task 0.1954 | cons 0.0000 | train 93.0% | test 79.2%
    K=1: 59.9%
    K=2: 75.8%
    K=4: 79.4%
Ep 241 | loss 0.2067 | task 0.2067 | cons 0.0000 | train 92.7% | test 79.4%
Ep 242 | loss 0.2056 | task 0.2056 | cons 0.0000 | train 92.7% | test 79.3%
Ep 243 | loss 0.2102 | task 0.2102 | cons 0.0000 | train 92.4% | test 79.2%
Ep 244 | loss 0.2253 | task 0.2253 | cons 0.0000 | train 91.8% | test 79.5%
Ep 245 | loss 0.2090 | task 0.2090 | cons 0.0000 | train 92.4% | test 79.4%
Ep 246 | loss 0.2382 | task 0.2382 | cons 0.0000 | train 91.3% | test 79.4%
Ep 247 | loss 0.1602 | task 0.1602 | cons 0.0000 | train 94.2% | test 79.3%
Ep 248 | loss 0.2402 | task 0.2402 | cons 0.0000 | train 91.3% | test 79.2%
Ep 249 | loss 0.2028 | task 0.2028 | cons 0.0000 | train 92.7% | test 79.4%
Ep 250 | loss 0.1881 | task 0.1881 | cons 0.0000 | train 93.2% | test 79.4%
    K=1: 60.0%
    K=2: 76.3%
    K=4: 79.8%
Ep 251 | loss 0.1980 | task 0.1980 | cons 0.0000 | train 93.0% | test 79.5%
Ep 252 | loss 0.2153 | task 0.2153 | cons 0.0000 | train 92.4% | test 79.5%
Ep 253 | loss 0.1909 | task 0.1909 | cons 0.0000 | train 93.1% | test 79.1%
Ep 254 | loss 0.2034 | task 0.2034 | cons 0.0000 | train 92.7% | test 79.4%
Ep 255 | loss 0.1968 | task 0.1968 | cons 0.0000 | train 92.9% | test 79.7%
Ep 256 | loss 0.1983 | task 0.1983 | cons 0.0000 | train 92.8% | test 79.3%
Ep 257 | loss 0.2126 | task 0.2126 | cons 0.0000 | train 92.4% | test 79.6%
Ep 258 | loss 0.2225 | task 0.2225 | cons 0.0000 | train 92.0% | test 79.5%
Ep 259 | loss 0.1731 | task 0.1731 | cons 0.0000 | train 93.8% | test 79.4%
Ep 260 | loss 0.1966 | task 0.1966 | cons 0.0000 | train 92.9% | test 79.4%
    K=1: 60.5%
    K=2: 76.3%
    K=4: 79.6%
Ep 261 | loss 0.1957 | task 0.1957 | cons 0.0000 | train 92.8% | test 79.3%
Ep 262 | loss 0.1956 | task 0.1956 | cons 0.0000 | train 93.0% | test 79.3%
Ep 263 | loss 0.2029 | task 0.2029 | cons 0.0000 | train 92.6% | test 79.3%
Ep 264 | loss 0.1868 | task 0.1868 | cons 0.0000 | train 93.3% | test 79.2%
Ep 265 | loss 0.2197 | task 0.2197 | cons 0.0000 | train 92.1% | test 79.4%
Ep 266 | loss 0.2099 | task 0.2099 | cons 0.0000 | train 92.4% | test 79.3%
Ep 267 | loss 0.1919 | task 0.1919 | cons 0.0000 | train 93.1% | test 79.4%
Ep 268 | loss 0.2054 | task 0.2054 | cons 0.0000 | train 92.5% | test 79.3%
Ep 269 | loss 0.2322 | task 0.2322 | cons 0.0000 | train 91.7% | test 79.3%
Ep 270 | loss 0.1665 | task 0.1665 | cons 0.0000 | train 94.0% | test 79.3%
    K=1: 60.4%
    K=2: 76.6%
    K=4: 79.3%
Ep 271 | loss 0.2020 | task 0.2020 | cons 0.0000 | train 92.7% | test 79.2%
Ep 272 | loss 0.1797 | task 0.1797 | cons 0.0000 | train 93.4% | test 79.3%
Ep 273 | loss 0.2092 | task 0.2092 | cons 0.0000 | train 92.4% | test 79.3%
Ep 274 | loss 0.2243 | task 0.2243 | cons 0.0000 | train 91.8% | test 79.3%
Ep 275 | loss 0.1709 | task 0.1709 | cons 0.0000 | train 93.8% | test 79.2%
Ep 276 | loss 0.2116 | task 0.2116 | cons 0.0000 | train 92.5% | test 79.1%
Ep 277 | loss 0.1914 | task 0.1914 | cons 0.0000 | train 93.1% | test 79.4%
Ep 278 | loss 0.2238 | task 0.2238 | cons 0.0000 | train 92.0% | test 79.3%
Ep 279 | loss 0.2045 | task 0.2045 | cons 0.0000 | train 92.5% | test 79.4%
Ep 280 | loss 0.1995 | task 0.1995 | cons 0.0000 | train 92.8% | test 79.3%
    K=1: 60.6%
    K=2: 76.7%
    K=4: 79.5%
Ep 281 | loss 0.1990 | task 0.1990 | cons 0.0000 | train 92.8% | test 79.3%
Ep 282 | loss 0.2138 | task 0.2138 | cons 0.0000 | train 92.3% | test 79.3%
Ep 283 | loss 0.1672 | task 0.1672 | cons 0.0000 | train 93.9% | test 79.3%
Ep 284 | loss 0.2211 | task 0.2211 | cons 0.0000 | train 92.1% | test 79.2%
Ep 285 | loss 0.2115 | task 0.2115 | cons 0.0000 | train 92.4% | test 79.3%
Ep 286 | loss 0.1523 | task 0.1523 | cons 0.0000 | train 94.6% | test 79.3%
Ep 287 | loss 0.1882 | task 0.1882 | cons 0.0000 | train 93.2% | test 79.3%
Ep 288 | loss 0.1960 | task 0.1960 | cons 0.0000 | train 93.0% | test 79.4%
Ep 289 | loss 0.2291 | task 0.2291 | cons 0.0000 | train 91.8% | test 79.4%
Ep 290 | loss 0.1906 | task 0.1906 | cons 0.0000 | train 93.2% | test 79.4%
    K=1: 60.3%
    K=2: 76.7%
    K=4: 79.6%
Ep 291 | loss 0.2108 | task 0.2108 | cons 0.0000 | train 92.4% | test 79.4%
Ep 292 | loss 0.1894 | task 0.1894 | cons 0.0000 | train 93.2% | test 79.3%
Ep 293 | loss 0.2003 | task 0.2003 | cons 0.0000 | train 92.8% | test 79.3%
Ep 294 | loss 0.1939 | task 0.1939 | cons 0.0000 | train 93.1% | test 79.3%
Ep 295 | loss 0.2418 | task 0.2418 | cons 0.0000 | train 91.4% | test 79.3%
Ep 296 | loss 0.1635 | task 0.1635 | cons 0.0000 | train 94.1% | test 79.3%
Ep 297 | loss 0.1930 | task 0.1930 | cons 0.0000 | train 93.0% | test 79.4%
Ep 298 | loss 0.2078 | task 0.2078 | cons 0.0000 | train 92.6% | test 79.4%
Ep 299 | loss 0.2144 | task 0.2144 | cons 0.0000 | train 92.3% | test 79.4%
Ep 300 | loss 0.1726 | task 0.1726 | cons 0.0000 | train 93.7% | test 79.4%
    K=1: 60.4%
    K=2: 76.7%
    K=4: 79.5%
Saved checkpoint to cont_dim384_300ep.pt
