/home/ec2-user/dev/ugh/.venv/lib/python3.13/site-packages/torchvision/datasets/cifar.py:83: VisibleDeprecationWarning: dtype(): align should be passed as Python or NumPy boolean but got `align=0`. Did you mean to pass a tuple to create a subarray type? (Deprecated NumPy 2.4)
  entry = pickle.load(f, encoding="latin1")
Model: continuous | Params: 1,021,130 | K=8 | blocks/unit=2
----------------------------------------------------------------------
Ep   1 | loss 1.7690 | task 1.7690 | cons 0.0000 | train 34.1% | test 41.7%
Ep   2 | loss 1.4685 | task 1.4685 | cons 0.0000 | train 46.3% | test 50.6%
Ep   3 | loss 1.3291 | task 1.3291 | cons 0.0000 | train 51.9% | test 53.7%
Ep   4 | loss 1.2438 | task 1.2438 | cons 0.0000 | train 54.8% | test 56.9%
Ep   5 | loss 1.1705 | task 1.1705 | cons 0.0000 | train 57.9% | test 61.3%
Ep   6 | loss 1.1137 | task 1.1137 | cons 0.0000 | train 59.7% | test 60.5%
Ep   7 | loss 1.0659 | task 1.0659 | cons 0.0000 | train 62.1% | test 62.6%
Ep   8 | loss 1.0117 | task 1.0117 | cons 0.0000 | train 63.7% | test 63.6%
Ep   9 | loss 0.9750 | task 0.9750 | cons 0.0000 | train 65.1% | test 66.4%
Ep  10 | loss 0.9481 | task 0.9481 | cons 0.0000 | train 66.2% | test 68.4%
    K=1: 61.6%
    K=2: 67.3%
    K=4: 68.3%
Ep  11 | loss 0.9163 | task 0.9163 | cons 0.0000 | train 67.1% | test 67.4%
Ep  12 | loss 0.8767 | task 0.8767 | cons 0.0000 | train 68.6% | test 70.5%
Ep  13 | loss 0.8444 | task 0.8444 | cons 0.0000 | train 69.8% | test 70.4%
Ep  14 | loss 0.8138 | task 0.8138 | cons 0.0000 | train 70.9% | test 71.2%
Ep  15 | loss 0.8062 | task 0.8062 | cons 0.0000 | train 71.3% | test 72.7%
Ep  16 | loss 0.7772 | task 0.7772 | cons 0.0000 | train 72.2% | test 72.9%
Ep  17 | loss 0.7571 | task 0.7571 | cons 0.0000 | train 73.2% | test 72.7%
Ep  18 | loss 0.7394 | task 0.7394 | cons 0.0000 | train 73.7% | test 72.9%
Ep  19 | loss 0.7173 | task 0.7173 | cons 0.0000 | train 74.4% | test 74.2%
Ep  20 | loss 0.6999 | task 0.6999 | cons 0.0000 | train 75.0% | test 73.7%
    K=1: 68.6%
    K=2: 73.5%
    K=4: 74.0%
Ep  21 | loss 0.6834 | task 0.6834 | cons 0.0000 | train 75.5% | test 75.2%
Ep  22 | loss 0.6656 | task 0.6656 | cons 0.0000 | train 76.3% | test 75.8%
Ep  23 | loss 0.6495 | task 0.6495 | cons 0.0000 | train 76.7% | test 75.4%
Ep  24 | loss 0.6335 | task 0.6335 | cons 0.0000 | train 77.2% | test 76.3%
Ep  25 | loss 0.6137 | task 0.6137 | cons 0.0000 | train 78.1% | test 75.4%
Ep  26 | loss 0.6068 | task 0.6068 | cons 0.0000 | train 78.3% | test 76.2%
Ep  27 | loss 0.5932 | task 0.5932 | cons 0.0000 | train 78.9% | test 76.8%
Ep  28 | loss 0.5836 | task 0.5836 | cons 0.0000 | train 79.2% | test 76.9%
Ep  29 | loss 0.5687 | task 0.5687 | cons 0.0000 | train 79.8% | test 77.0%
Ep  30 | loss 0.5598 | task 0.5598 | cons 0.0000 | train 80.1% | test 76.8%
    K=1: 70.3%
    K=2: 76.7%
    K=4: 77.0%
Ep  31 | loss 0.5530 | task 0.5530 | cons 0.0000 | train 80.1% | test 76.8%
Ep  32 | loss 0.5328 | task 0.5328 | cons 0.0000 | train 80.9% | test 77.4%
Ep  33 | loss 0.5208 | task 0.5208 | cons 0.0000 | train 81.4% | test 77.3%
Ep  34 | loss 0.5097 | task 0.5097 | cons 0.0000 | train 81.7% | test 77.5%
Ep  35 | loss 0.4890 | task 0.4890 | cons 0.0000 | train 82.4% | test 77.4%
Ep  36 | loss 0.4847 | task 0.4847 | cons 0.0000 | train 82.8% | test 77.8%
Ep  37 | loss 0.4743 | task 0.4743 | cons 0.0000 | train 83.1% | test 79.0%
Ep  38 | loss 0.4754 | task 0.4754 | cons 0.0000 | train 82.9% | test 78.1%
Ep  39 | loss 0.4588 | task 0.4588 | cons 0.0000 | train 83.7% | test 76.9%
Ep  40 | loss 0.4388 | task 0.4388 | cons 0.0000 | train 84.3% | test 78.6%
    K=1: 72.3%
    K=2: 78.0%
    K=4: 78.9%
Ep  41 | loss 0.4414 | task 0.4414 | cons 0.0000 | train 84.1% | test 78.9%
Ep  42 | loss 0.4247 | task 0.4247 | cons 0.0000 | train 84.7% | test 78.3%
Ep  43 | loss 0.4155 | task 0.4155 | cons 0.0000 | train 85.3% | test 78.2%
Ep  44 | loss 0.4137 | task 0.4137 | cons 0.0000 | train 85.1% | test 79.1%
Ep  45 | loss 0.3941 | task 0.3941 | cons 0.0000 | train 85.8% | test 79.5%
Ep  46 | loss 0.3943 | task 0.3943 | cons 0.0000 | train 85.9% | test 78.6%
Ep  47 | loss 0.3941 | task 0.3941 | cons 0.0000 | train 85.9% | test 78.7%
Ep  48 | loss 0.3760 | task 0.3760 | cons 0.0000 | train 86.6% | test 78.6%
Ep  49 | loss 0.3675 | task 0.3675 | cons 0.0000 | train 86.8% | test 78.4%
Ep  50 | loss 0.3639 | task 0.3639 | cons 0.0000 | train 86.9% | test 79.2%
    K=1: 71.8%
    K=2: 78.8%
    K=4: 79.6%
Ep  51 | loss 0.3685 | task 0.3685 | cons 0.0000 | train 86.7% | test 79.0%
Ep  52 | loss 0.3575 | task 0.3575 | cons 0.0000 | train 87.3% | test 79.4%
Ep  53 | loss 0.3499 | task 0.3499 | cons 0.0000 | train 87.3% | test 77.8%
Ep  54 | loss 0.3438 | task 0.3438 | cons 0.0000 | train 87.6% | test 79.0%
Ep  55 | loss 0.3342 | task 0.3342 | cons 0.0000 | train 88.0% | test 78.2%
Ep  56 | loss 0.3356 | task 0.3356 | cons 0.0000 | train 88.1% | test 78.8%
Ep  57 | loss 0.3240 | task 0.3240 | cons 0.0000 | train 88.3% | test 78.9%
Ep  58 | loss 0.3178 | task 0.3178 | cons 0.0000 | train 88.4% | test 79.2%
Ep  59 | loss 0.3130 | task 0.3130 | cons 0.0000 | train 88.7% | test 78.3%
Ep  60 | loss 0.3097 | task 0.3097 | cons 0.0000 | train 88.9% | test 79.4%
    K=1: 73.0%
    K=2: 79.1%
    K=4: 79.8%
Ep  61 | loss 0.3066 | task 0.3066 | cons 0.0000 | train 88.9% | test 78.2%
Ep  62 | loss 0.2899 | task 0.2899 | cons 0.0000 | train 89.4% | test 79.6%
Ep  63 | loss 0.2939 | task 0.2939 | cons 0.0000 | train 89.5% | test 79.2%
Ep  64 | loss 0.2865 | task 0.2865 | cons 0.0000 | train 89.7% | test 78.9%
Ep  65 | loss 0.2718 | task 0.2718 | cons 0.0000 | train 90.3% | test 79.5%
Ep  66 | loss 0.2951 | task 0.2951 | cons 0.0000 | train 89.3% | test 79.3%
Ep  67 | loss 0.2647 | task 0.2647 | cons 0.0000 | train 90.6% | test 79.1%
Ep  68 | loss 0.2752 | task 0.2752 | cons 0.0000 | train 90.1% | test 79.8%
Ep  69 | loss 0.2562 | task 0.2562 | cons 0.0000 | train 90.9% | test 79.3%
Ep  70 | loss 0.2534 | task 0.2534 | cons 0.0000 | train 90.9% | test 78.9%
    K=1: 72.9%
    K=2: 79.1%
    K=4: 79.5%
Ep  71 | loss 0.2655 | task 0.2655 | cons 0.0000 | train 90.4% | test 79.5%
Ep  72 | loss 0.2561 | task 0.2561 | cons 0.0000 | train 90.7% | test 79.7%
Ep  73 | loss 0.2494 | task 0.2494 | cons 0.0000 | train 91.1% | test 79.8%
Ep  74 | loss 0.2418 | task 0.2418 | cons 0.0000 | train 91.4% | test 78.5%
Ep  75 | loss 0.2464 | task 0.2464 | cons 0.0000 | train 91.2% | test 79.4%
Ep  76 | loss 0.2506 | task 0.2506 | cons 0.0000 | train 91.0% | test 79.2%
Ep  77 | loss 0.2252 | task 0.2252 | cons 0.0000 | train 92.0% | test 78.9%
Ep  78 | loss 0.2255 | task 0.2255 | cons 0.0000 | train 92.0% | test 79.9%
Ep  79 | loss 0.2245 | task 0.2245 | cons 0.0000 | train 92.0% | test 79.4%
Ep  80 | loss 0.2258 | task 0.2258 | cons 0.0000 | train 91.9% | test 79.0%
    K=1: 72.7%
    K=2: 79.0%
    K=4: 79.7%
Ep  81 | loss 0.2167 | task 0.2167 | cons 0.0000 | train 92.3% | test 78.6%
Ep  82 | loss 0.2136 | task 0.2136 | cons 0.0000 | train 92.4% | test 79.1%
Ep  83 | loss 0.2168 | task 0.2168 | cons 0.0000 | train 92.2% | test 79.0%
Ep  84 | loss 0.2183 | task 0.2183 | cons 0.0000 | train 92.1% | test 79.4%
Ep  85 | loss 0.2065 | task 0.2065 | cons 0.0000 | train 92.7% | test 79.6%
Ep  86 | loss 0.2082 | task 0.2082 | cons 0.0000 | train 92.5% | test 78.0%
Ep  87 | loss 0.2082 | task 0.2082 | cons 0.0000 | train 92.5% | test 78.7%
Ep  88 | loss 0.1907 | task 0.1907 | cons 0.0000 | train 93.3% | test 79.2%
Ep  89 | loss 0.2001 | task 0.2001 | cons 0.0000 | train 92.9% | test 80.0%
Ep  90 | loss 0.2028 | task 0.2028 | cons 0.0000 | train 92.7% | test 79.7%
    K=1: 73.2%
    K=2: 79.3%
    K=4: 80.1%
Ep  91 | loss 0.1992 | task 0.1992 | cons 0.0000 | train 92.9% | test 79.2%
Ep  92 | loss 0.1867 | task 0.1867 | cons 0.0000 | train 93.4% | test 78.9%
Ep  93 | loss 0.1890 | task 0.1890 | cons 0.0000 | train 93.3% | test 79.9%
Ep  94 | loss 0.1886 | task 0.1886 | cons 0.0000 | train 93.3% | test 79.1%
Ep  95 | loss 0.1871 | task 0.1871 | cons 0.0000 | train 93.3% | test 79.3%
Ep  96 | loss 0.1785 | task 0.1785 | cons 0.0000 | train 93.6% | test 80.0%
Ep  97 | loss 0.1750 | task 0.1750 | cons 0.0000 | train 93.8% | test 80.2%
Ep  98 | loss 0.1820 | task 0.1820 | cons 0.0000 | train 93.5% | test 80.0%
Ep  99 | loss 0.1776 | task 0.1776 | cons 0.0000 | train 93.6% | test 79.5%
Ep 100 | loss 0.1752 | task 0.1752 | cons 0.0000 | train 93.7% | test 79.6%
    K=1: 72.8%
    K=2: 79.4%
    K=4: 80.1%
Ep 101 | loss 0.1718 | task 0.1718 | cons 0.0000 | train 93.9% | test 80.0%
Ep 102 | loss 0.1661 | task 0.1661 | cons 0.0000 | train 94.1% | test 79.7%
Ep 103 | loss 0.1551 | task 0.1551 | cons 0.0000 | train 94.6% | test 80.3%
Ep 104 | loss 0.1721 | task 0.1721 | cons 0.0000 | train 93.9% | test 79.8%
Ep 105 | loss 0.1536 | task 0.1536 | cons 0.0000 | train 94.4% | test 79.8%
Ep 106 | loss 0.1666 | task 0.1666 | cons 0.0000 | train 94.0% | test 79.8%
Ep 107 | loss 0.1537 | task 0.1537 | cons 0.0000 | train 94.5% | test 80.5%
Ep 108 | loss 0.1607 | task 0.1607 | cons 0.0000 | train 94.4% | test 79.4%
Ep 109 | loss 0.1558 | task 0.1558 | cons 0.0000 | train 94.4% | test 79.9%
Ep 110 | loss 0.1528 | task 0.1528 | cons 0.0000 | train 94.5% | test 80.0%
    K=1: 73.7%
    K=2: 79.4%
    K=4: 80.1%
Ep 111 | loss 0.1490 | task 0.1490 | cons 0.0000 | train 94.8% | test 79.7%
Ep 112 | loss 0.1601 | task 0.1601 | cons 0.0000 | train 94.4% | test 80.0%
Ep 113 | loss 0.1421 | task 0.1421 | cons 0.0000 | train 94.9% | test 79.8%
Ep 114 | loss 0.1419 | task 0.1419 | cons 0.0000 | train 95.0% | test 78.9%
Ep 115 | loss 0.1317 | task 0.1317 | cons 0.0000 | train 95.3% | test 79.5%
Ep 116 | loss 0.1405 | task 0.1405 | cons 0.0000 | train 95.0% | test 79.6%
Ep 117 | loss 0.1367 | task 0.1367 | cons 0.0000 | train 95.2% | test 79.7%
Ep 118 | loss 0.1401 | task 0.1401 | cons 0.0000 | train 95.1% | test 79.5%
Ep 119 | loss 0.1460 | task 0.1460 | cons 0.0000 | train 94.8% | test 79.6%
Ep 120 | loss 0.1408 | task 0.1408 | cons 0.0000 | train 95.0% | test 79.9%
    K=1: 74.2%
    K=2: 79.7%
    K=4: 80.3%
Ep 121 | loss 0.1272 | task 0.1272 | cons 0.0000 | train 95.4% | test 79.1%
Ep 122 | loss 0.1266 | task 0.1266 | cons 0.0000 | train 95.5% | test 78.7%
Ep 123 | loss 0.1216 | task 0.1216 | cons 0.0000 | train 95.6% | test 79.6%
Ep 124 | loss 0.1292 | task 0.1292 | cons 0.0000 | train 95.4% | test 79.8%
Ep 125 | loss 0.1273 | task 0.1273 | cons 0.0000 | train 95.5% | test 79.5%
Ep 126 | loss 0.1352 | task 0.1352 | cons 0.0000 | train 95.3% | test 80.5%
Ep 127 | loss 0.1213 | task 0.1213 | cons 0.0000 | train 95.7% | test 80.0%
Ep 128 | loss 0.1184 | task 0.1184 | cons 0.0000 | train 95.8% | test 79.2%
Ep 129 | loss 0.1221 | task 0.1221 | cons 0.0000 | train 95.7% | test 79.7%
Ep 130 | loss 0.1171 | task 0.1171 | cons 0.0000 | train 95.9% | test 79.5%
    K=1: 73.1%
    K=2: 79.3%
    K=4: 79.8%
Ep 131 | loss 0.1188 | task 0.1188 | cons 0.0000 | train 95.7% | test 79.9%
Ep 132 | loss 0.1213 | task 0.1213 | cons 0.0000 | train 95.7% | test 80.3%
Ep 133 | loss 0.1163 | task 0.1163 | cons 0.0000 | train 95.8% | test 79.7%
Ep 134 | loss 0.1138 | task 0.1138 | cons 0.0000 | train 96.0% | test 80.2%
Ep 135 | loss 0.1188 | task 0.1188 | cons 0.0000 | train 95.7% | test 79.8%
Ep 136 | loss 0.1134 | task 0.1134 | cons 0.0000 | train 95.9% | test 79.5%
Ep 137 | loss 0.1096 | task 0.1096 | cons 0.0000 | train 96.2% | test 79.5%
Ep 138 | loss 0.1118 | task 0.1118 | cons 0.0000 | train 96.0% | test 80.1%
Ep 139 | loss 0.1072 | task 0.1072 | cons 0.0000 | train 96.2% | test 79.9%
Ep 140 | loss 0.1086 | task 0.1086 | cons 0.0000 | train 96.2% | test 79.9%
    K=1: 73.1%
    K=2: 79.7%
    K=4: 80.5%
Ep 141 | loss 0.1017 | task 0.1017 | cons 0.0000 | train 96.3% | test 80.1%
Ep 142 | loss 0.1014 | task 0.1014 | cons 0.0000 | train 96.3% | test 80.0%
Ep 143 | loss 0.0968 | task 0.0968 | cons 0.0000 | train 96.6% | test 80.4%
Ep 144 | loss 0.0992 | task 0.0992 | cons 0.0000 | train 96.5% | test 80.5%
Ep 145 | loss 0.1011 | task 0.1011 | cons 0.0000 | train 96.4% | test 80.2%
Ep 146 | loss 0.1034 | task 0.1034 | cons 0.0000 | train 96.3% | test 79.9%
Ep 147 | loss 0.0998 | task 0.0998 | cons 0.0000 | train 96.5% | test 79.9%
Ep 148 | loss 0.0957 | task 0.0957 | cons 0.0000 | train 96.6% | test 79.9%
Ep 149 | loss 0.0880 | task 0.0880 | cons 0.0000 | train 96.9% | test 80.2%
Ep 150 | loss 0.0884 | task 0.0884 | cons 0.0000 | train 97.0% | test 79.7%
    K=1: 74.2%
    K=2: 79.8%
    K=4: 80.4%
Ep 151 | loss 0.0912 | task 0.0912 | cons 0.0000 | train 96.8% | test 79.7%
Ep 152 | loss 0.0843 | task 0.0843 | cons 0.0000 | train 97.1% | test 80.1%
Ep 153 | loss 0.1046 | task 0.1046 | cons 0.0000 | train 96.4% | test 79.2%
Ep 154 | loss 0.0885 | task 0.0885 | cons 0.0000 | train 96.9% | test 80.2%
Ep 155 | loss 0.0878 | task 0.0878 | cons 0.0000 | train 96.9% | test 80.1%
Ep 156 | loss 0.0825 | task 0.0825 | cons 0.0000 | train 97.1% | test 79.8%
Ep 157 | loss 0.0832 | task 0.0832 | cons 0.0000 | train 97.1% | test 79.8%
Ep 158 | loss 0.0792 | task 0.0792 | cons 0.0000 | train 97.2% | test 79.7%
Ep 159 | loss 0.0797 | task 0.0797 | cons 0.0000 | train 97.2% | test 79.9%
Ep 160 | loss 0.0843 | task 0.0843 | cons 0.0000 | train 97.0% | test 80.2%
    K=1: 74.3%
    K=2: 80.0%
    K=4: 80.7%
Ep 161 | loss 0.0804 | task 0.0804 | cons 0.0000 | train 97.2% | test 79.7%
Ep 162 | loss 0.0789 | task 0.0789 | cons 0.0000 | train 97.2% | test 80.0%
Ep 163 | loss 0.0803 | task 0.0803 | cons 0.0000 | train 97.3% | test 80.5%
Ep 164 | loss 0.0754 | task 0.0754 | cons 0.0000 | train 97.4% | test 79.6%
Ep 165 | loss 0.0820 | task 0.0820 | cons 0.0000 | train 97.1% | test 80.0%
Ep 166 | loss 0.0729 | task 0.0729 | cons 0.0000 | train 97.4% | test 80.3%
Ep 167 | loss 0.0734 | task 0.0734 | cons 0.0000 | train 97.4% | test 80.2%
Ep 168 | loss 0.0719 | task 0.0719 | cons 0.0000 | train 97.5% | test 80.1%
Ep 169 | loss 0.0717 | task 0.0717 | cons 0.0000 | train 97.4% | test 80.0%
Ep 170 | loss 0.0679 | task 0.0679 | cons 0.0000 | train 97.6% | test 79.2%
    K=1: 74.5%
    K=2: 79.7%
    K=4: 80.1%
Ep 171 | loss 0.0631 | task 0.0631 | cons 0.0000 | train 97.8% | test 80.0%
Ep 172 | loss 0.0694 | task 0.0694 | cons 0.0000 | train 97.6% | test 80.2%
Ep 173 | loss 0.0634 | task 0.0634 | cons 0.0000 | train 97.8% | test 79.2%
Ep 174 | loss 0.0593 | task 0.0593 | cons 0.0000 | train 98.0% | test 80.5%
Ep 175 | loss 0.0619 | task 0.0619 | cons 0.0000 | train 97.8% | test 80.2%
Ep 176 | loss 0.0607 | task 0.0607 | cons 0.0000 | train 97.8% | test 79.9%
Ep 177 | loss 0.0609 | task 0.0609 | cons 0.0000 | train 97.8% | test 80.2%
Ep 178 | loss 0.0661 | task 0.0661 | cons 0.0000 | train 97.7% | test 80.5%
Ep 179 | loss 0.0618 | task 0.0618 | cons 0.0000 | train 97.8% | test 80.0%
Ep 180 | loss 0.0586 | task 0.0586 | cons 0.0000 | train 98.0% | test 79.8%
    K=1: 74.5%
    K=2: 80.1%
    K=4: 80.2%
Ep 181 | loss 0.0587 | task 0.0587 | cons 0.0000 | train 98.0% | test 80.2%
Ep 182 | loss 0.0544 | task 0.0544 | cons 0.0000 | train 98.1% | test 79.6%
Ep 183 | loss 0.0549 | task 0.0549 | cons 0.0000 | train 98.1% | test 79.7%
Ep 184 | loss 0.0546 | task 0.0546 | cons 0.0000 | train 98.0% | test 80.1%
Ep 185 | loss 0.0533 | task 0.0533 | cons 0.0000 | train 98.1% | test 80.2%
Ep 186 | loss 0.0518 | task 0.0518 | cons 0.0000 | train 98.2% | test 79.9%
Ep 187 | loss 0.0496 | task 0.0496 | cons 0.0000 | train 98.3% | test 79.5%
Ep 188 | loss 0.0527 | task 0.0527 | cons 0.0000 | train 98.1% | test 80.2%
Ep 189 | loss 0.0494 | task 0.0494 | cons 0.0000 | train 98.2% | test 80.2%
Ep 190 | loss 0.0543 | task 0.0543 | cons 0.0000 | train 98.1% | test 80.2%
    K=1: 74.9%
    K=2: 80.1%
    K=4: 80.6%
Ep 191 | loss 0.0520 | task 0.0520 | cons 0.0000 | train 98.2% | test 79.8%
Ep 192 | loss 0.0481 | task 0.0481 | cons 0.0000 | train 98.3% | test 79.9%
Ep 193 | loss 0.0518 | task 0.0518 | cons 0.0000 | train 98.2% | test 80.0%
Ep 194 | loss 0.0465 | task 0.0465 | cons 0.0000 | train 98.4% | test 80.0%
Ep 195 | loss 0.0438 | task 0.0438 | cons 0.0000 | train 98.5% | test 80.6%
Ep 196 | loss 0.0465 | task 0.0465 | cons 0.0000 | train 98.3% | test 80.3%
Ep 197 | loss 0.0455 | task 0.0455 | cons 0.0000 | train 98.4% | test 80.2%
Ep 198 | loss 0.0481 | task 0.0481 | cons 0.0000 | train 98.3% | test 80.5%
Ep 199 | loss 0.0459 | task 0.0459 | cons 0.0000 | train 98.3% | test 80.2%
Ep 200 | loss 0.0460 | task 0.0460 | cons 0.0000 | train 98.4% | test 80.4%
    K=1: 74.2%
    K=2: 80.2%
    K=4: 80.9%
Ep 201 | loss 0.0381 | task 0.0381 | cons 0.0000 | train 98.7% | test 80.6%
Ep 202 | loss 0.0473 | task 0.0473 | cons 0.0000 | train 98.3% | test 80.8%
Ep 203 | loss 0.0366 | task 0.0366 | cons 0.0000 | train 98.7% | test 80.0%
Ep 204 | loss 0.0384 | task 0.0384 | cons 0.0000 | train 98.7% | test 80.6%
Ep 205 | loss 0.0343 | task 0.0343 | cons 0.0000 | train 98.8% | test 80.9%
Ep 206 | loss 0.0394 | task 0.0394 | cons 0.0000 | train 98.6% | test 80.2%
Ep 207 | loss 0.0421 | task 0.0421 | cons 0.0000 | train 98.5% | test 80.2%
Ep 208 | loss 0.0391 | task 0.0391 | cons 0.0000 | train 98.7% | test 80.3%
Ep 209 | loss 0.0284 | task 0.0284 | cons 0.0000 | train 99.0% | test 80.4%
Ep 210 | loss 0.0336 | task 0.0336 | cons 0.0000 | train 98.8% | test 80.4%
    K=1: 75.0%
    K=2: 80.1%
    K=4: 80.6%
Ep 211 | loss 0.0356 | task 0.0356 | cons 0.0000 | train 98.8% | test 80.6%
Ep 212 | loss 0.0320 | task 0.0320 | cons 0.0000 | train 98.9% | test 80.6%
Ep 213 | loss 0.0339 | task 0.0339 | cons 0.0000 | train 98.8% | test 80.7%
Ep 214 | loss 0.0360 | task 0.0360 | cons 0.0000 | train 98.7% | test 80.3%
Ep 215 | loss 0.0302 | task 0.0302 | cons 0.0000 | train 99.0% | test 80.6%
Ep 216 | loss 0.0311 | task 0.0311 | cons 0.0000 | train 98.9% | test 80.6%
Ep 217 | loss 0.0338 | task 0.0338 | cons 0.0000 | train 98.8% | test 80.8%
Ep 218 | loss 0.0271 | task 0.0271 | cons 0.0000 | train 99.0% | test 80.9%
Ep 219 | loss 0.0289 | task 0.0289 | cons 0.0000 | train 99.0% | test 80.9%
Ep 220 | loss 0.0282 | task 0.0282 | cons 0.0000 | train 99.0% | test 80.9%
    K=1: 75.1%
    K=2: 81.0%
    K=4: 81.3%
Ep 221 | loss 0.0260 | task 0.0260 | cons 0.0000 | train 99.1% | test 80.7%
Ep 222 | loss 0.0267 | task 0.0267 | cons 0.0000 | train 99.1% | test 80.4%
Ep 223 | loss 0.0280 | task 0.0280 | cons 0.0000 | train 99.1% | test 80.9%
Ep 224 | loss 0.0266 | task 0.0266 | cons 0.0000 | train 99.0% | test 81.1%
Ep 225 | loss 0.0246 | task 0.0246 | cons 0.0000 | train 99.1% | test 81.1%
Ep 226 | loss 0.0235 | task 0.0235 | cons 0.0000 | train 99.2% | test 80.7%
Ep 227 | loss 0.0257 | task 0.0257 | cons 0.0000 | train 99.1% | test 81.1%
Ep 228 | loss 0.0193 | task 0.0193 | cons 0.0000 | train 99.4% | test 80.5%
Ep 229 | loss 0.0228 | task 0.0228 | cons 0.0000 | train 99.2% | test 80.9%
Ep 230 | loss 0.0246 | task 0.0246 | cons 0.0000 | train 99.2% | test 80.7%
    K=1: 75.3%
    K=2: 80.8%
    K=4: 81.2%
Ep 231 | loss 0.0201 | task 0.0201 | cons 0.0000 | train 99.3% | test 80.4%
Ep 232 | loss 0.0220 | task 0.0220 | cons 0.0000 | train 99.3% | test 81.2%
Ep 233 | loss 0.0187 | task 0.0187 | cons 0.0000 | train 99.4% | test 80.9%
Ep 234 | loss 0.0213 | task 0.0213 | cons 0.0000 | train 99.3% | test 81.1%
Ep 235 | loss 0.0213 | task 0.0213 | cons 0.0000 | train 99.3% | test 80.8%
Ep 236 | loss 0.0211 | task 0.0211 | cons 0.0000 | train 99.3% | test 80.9%
Ep 237 | loss 0.0210 | task 0.0210 | cons 0.0000 | train 99.3% | test 81.0%
Ep 238 | loss 0.0155 | task 0.0155 | cons 0.0000 | train 99.5% | test 80.8%
Ep 239 | loss 0.0180 | task 0.0180 | cons 0.0000 | train 99.4% | test 81.0%
Ep 240 | loss 0.0156 | task 0.0156 | cons 0.0000 | train 99.5% | test 80.7%
    K=1: 75.8%
    K=2: 81.0%
    K=4: 81.4%
Ep 241 | loss 0.0175 | task 0.0175 | cons 0.0000 | train 99.4% | test 81.0%
Ep 242 | loss 0.0169 | task 0.0169 | cons 0.0000 | train 99.4% | test 80.7%
Ep 243 | loss 0.0194 | task 0.0194 | cons 0.0000 | train 99.4% | test 80.8%
Ep 244 | loss 0.0163 | task 0.0163 | cons 0.0000 | train 99.5% | test 81.2%
Ep 245 | loss 0.0167 | task 0.0167 | cons 0.0000 | train 99.5% | test 81.0%
Ep 246 | loss 0.0179 | task 0.0179 | cons 0.0000 | train 99.4% | test 81.0%
Ep 247 | loss 0.0149 | task 0.0149 | cons 0.0000 | train 99.5% | test 81.1%
Ep 248 | loss 0.0162 | task 0.0162 | cons 0.0000 | train 99.5% | test 81.0%
Ep 249 | loss 0.0160 | task 0.0160 | cons 0.0000 | train 99.5% | test 80.7%
Ep 250 | loss 0.0126 | task 0.0126 | cons 0.0000 | train 99.6% | test 80.8%
    K=1: 75.5%
    K=2: 81.0%
    K=4: 81.5%
Ep 251 | loss 0.0146 | task 0.0146 | cons 0.0000 | train 99.5% | test 81.2%
Ep 252 | loss 0.0128 | task 0.0128 | cons 0.0000 | train 99.6% | test 81.2%
Ep 253 | loss 0.0129 | task 0.0129 | cons 0.0000 | train 99.6% | test 81.1%
Ep 254 | loss 0.0143 | task 0.0143 | cons 0.0000 | train 99.5% | test 80.8%
Ep 255 | loss 0.0130 | task 0.0130 | cons 0.0000 | train 99.6% | test 81.3%
Ep 256 | loss 0.0127 | task 0.0127 | cons 0.0000 | train 99.6% | test 81.2%
Ep 257 | loss 0.0145 | task 0.0145 | cons 0.0000 | train 99.5% | test 81.0%
Ep 258 | loss 0.0144 | task 0.0144 | cons 0.0000 | train 99.5% | test 81.0%
Ep 259 | loss 0.0122 | task 0.0122 | cons 0.0000 | train 99.6% | test 80.9%
Ep 260 | loss 0.0099 | task 0.0099 | cons 0.0000 | train 99.7% | test 80.9%
    K=1: 75.9%
    K=2: 80.9%
    K=4: 81.3%
Ep 261 | loss 0.0115 | task 0.0115 | cons 0.0000 | train 99.6% | test 80.9%
Ep 262 | loss 0.0088 | task 0.0088 | cons 0.0000 | train 99.7% | test 81.1%
Ep 263 | loss 0.0114 | task 0.0114 | cons 0.0000 | train 99.6% | test 81.1%
Ep 264 | loss 0.0099 | task 0.0099 | cons 0.0000 | train 99.7% | test 81.0%
Ep 265 | loss 0.0094 | task 0.0094 | cons 0.0000 | train 99.7% | test 81.3%
Ep 266 | loss 0.0118 | task 0.0118 | cons 0.0000 | train 99.7% | test 81.1%
Ep 267 | loss 0.0115 | task 0.0115 | cons 0.0000 | train 99.6% | test 81.0%
Ep 268 | loss 0.0108 | task 0.0108 | cons 0.0000 | train 99.7% | test 81.2%
Ep 269 | loss 0.0105 | task 0.0105 | cons 0.0000 | train 99.7% | test 80.9%
Ep 270 | loss 0.0089 | task 0.0089 | cons 0.0000 | train 99.7% | test 81.1%
    K=1: 76.0%
    K=2: 81.3%
    K=4: 81.6%
Ep 271 | loss 0.0102 | task 0.0102 | cons 0.0000 | train 99.7% | test 81.0%
Ep 272 | loss 0.0092 | task 0.0092 | cons 0.0000 | train 99.7% | test 81.1%
Ep 273 | loss 0.0089 | task 0.0089 | cons 0.0000 | train 99.8% | test 81.1%
Ep 274 | loss 0.0102 | task 0.0102 | cons 0.0000 | train 99.7% | test 81.1%
Ep 275 | loss 0.0088 | task 0.0088 | cons 0.0000 | train 99.7% | test 81.1%
Ep 276 | loss 0.0091 | task 0.0091 | cons 0.0000 | train 99.7% | test 81.2%
Ep 277 | loss 0.0075 | task 0.0075 | cons 0.0000 | train 99.8% | test 81.2%
Ep 278 | loss 0.0109 | task 0.0109 | cons 0.0000 | train 99.7% | test 81.1%
Ep 279 | loss 0.0092 | task 0.0092 | cons 0.0000 | train 99.7% | test 81.1%
Ep 280 | loss 0.0079 | task 0.0079 | cons 0.0000 | train 99.8% | test 81.1%
    K=1: 76.1%
    K=2: 81.4%
    K=4: 81.8%
Ep 281 | loss 0.0090 | task 0.0090 | cons 0.0000 | train 99.7% | test 81.0%
Ep 282 | loss 0.0074 | task 0.0074 | cons 0.0000 | train 99.8% | test 81.2%
Ep 283 | loss 0.0079 | task 0.0079 | cons 0.0000 | train 99.8% | test 81.0%
Ep 284 | loss 0.0078 | task 0.0078 | cons 0.0000 | train 99.8% | test 81.0%
Ep 285 | loss 0.0091 | task 0.0091 | cons 0.0000 | train 99.7% | test 81.1%
Ep 286 | loss 0.0087 | task 0.0087 | cons 0.0000 | train 99.7% | test 81.1%
Ep 287 | loss 0.0084 | task 0.0084 | cons 0.0000 | train 99.8% | test 81.0%
Ep 288 | loss 0.0072 | task 0.0072 | cons 0.0000 | train 99.8% | test 81.2%
Ep 289 | loss 0.0068 | task 0.0068 | cons 0.0000 | train 99.8% | test 81.2%
Ep 290 | loss 0.0074 | task 0.0074 | cons 0.0000 | train 99.8% | test 81.2%
    K=1: 76.2%
    K=2: 81.3%
    K=4: 81.8%
Ep 291 | loss 0.0086 | task 0.0086 | cons 0.0000 | train 99.7% | test 81.1%
Ep 292 | loss 0.0080 | task 0.0080 | cons 0.0000 | train 99.8% | test 81.1%
Ep 293 | loss 0.0090 | task 0.0090 | cons 0.0000 | train 99.7% | test 81.1%
Ep 294 | loss 0.0083 | task 0.0083 | cons 0.0000 | train 99.8% | test 81.1%
Ep 295 | loss 0.0066 | task 0.0066 | cons 0.0000 | train 99.8% | test 81.1%
Ep 296 | loss 0.0072 | task 0.0072 | cons 0.0000 | train 99.8% | test 81.1%
Ep 297 | loss 0.0081 | task 0.0081 | cons 0.0000 | train 99.8% | test 81.1%
Ep 298 | loss 0.0080 | task 0.0080 | cons 0.0000 | train 99.8% | test 81.1%
Ep 299 | loss 0.0082 | task 0.0082 | cons 0.0000 | train 99.8% | test 81.1%
Ep 300 | loss 0.0076 | task 0.0076 | cons 0.0000 | train 99.8% | test 81.1%
    K=1: 76.1%
    K=2: 81.3%
    K=4: 81.8%
Saved checkpoint to cont_2bpu_dim192_300ep.pt
