/home/ec2-user/dev/ugh/.venv/lib/python3.13/site-packages/torchvision/datasets/cifar.py:83: VisibleDeprecationWarning: dtype(): align should be passed as Python or NumPy boolean but got `align=0`. Did you mean to pass a tuple to create a subarray type? (Deprecated NumPy 2.4)
  entry = pickle.load(f, encoding="latin1")
Model: continuous | Params: 892,170 | K=8
----------------------------------------------------------------------
Ep   1 | loss 1.8001 | task 1.8001 | cons 0.0000 | train 33.2% | test 40.2%
Ep   2 | loss 1.5479 | task 1.5479 | cons 0.0000 | train 43.5% | test 50.0%
Ep   3 | loss 1.4175 | task 1.4175 | cons 0.0000 | train 48.6% | test 51.9%
Ep   4 | loss 1.3365 | task 1.3365 | cons 0.0000 | train 51.5% | test 54.8%
Ep   5 | loss 1.2515 | task 1.2515 | cons 0.0000 | train 54.5% | test 58.0%
Ep   6 | loss 1.2209 | task 1.2209 | cons 0.0000 | train 56.0% | test 60.1%
Ep   7 | loss 1.1779 | task 1.1779 | cons 0.0000 | train 57.6% | test 60.6%
Ep   8 | loss 1.1360 | task 1.1360 | cons 0.0000 | train 59.1% | test 62.6%
Ep   9 | loss 1.1147 | task 1.1147 | cons 0.0000 | train 59.9% | test 62.3%
Ep  10 | loss 1.0750 | task 1.0750 | cons 0.0000 | train 61.3% | test 65.7%
    K=1: 52.2%
    K=2: 64.0%
    K=4: 66.0%
Ep  11 | loss 1.0583 | task 1.0583 | cons 0.0000 | train 62.1% | test 66.6%
Ep  12 | loss 1.0477 | task 1.0477 | cons 0.0000 | train 62.0% | test 67.5%
Ep  13 | loss 1.0055 | task 1.0055 | cons 0.0000 | train 64.0% | test 66.8%
Ep  14 | loss 0.9937 | task 0.9937 | cons 0.0000 | train 64.2% | test 68.5%
Ep  15 | loss 0.9806 | task 0.9806 | cons 0.0000 | train 64.9% | test 69.2%
Ep  16 | loss 0.9563 | task 0.9563 | cons 0.0000 | train 65.7% | test 70.0%
Ep  17 | loss 0.9379 | task 0.9379 | cons 0.0000 | train 66.1% | test 69.8%
Ep  18 | loss 0.9302 | task 0.9302 | cons 0.0000 | train 66.6% | test 71.9%
Ep  19 | loss 0.9024 | task 0.9024 | cons 0.0000 | train 67.6% | test 70.8%
Ep  20 | loss 0.8769 | task 0.8769 | cons 0.0000 | train 68.5% | test 71.5%
    K=1: 53.7%
    K=2: 68.7%
    K=4: 71.7%
Ep  21 | loss 0.8887 | task 0.8887 | cons 0.0000 | train 68.3% | test 72.5%
Ep  22 | loss 0.8815 | task 0.8815 | cons 0.0000 | train 68.4% | test 71.9%
Ep  23 | loss 0.8494 | task 0.8494 | cons 0.0000 | train 69.4% | test 73.6%
Ep  24 | loss 0.8144 | task 0.8144 | cons 0.0000 | train 70.9% | test 73.7%
Ep  25 | loss 0.8480 | task 0.8480 | cons 0.0000 | train 69.8% | test 73.6%
Ep  26 | loss 0.7978 | task 0.7978 | cons 0.0000 | train 71.4% | test 73.3%
Ep  27 | loss 0.8211 | task 0.8211 | cons 0.0000 | train 70.6% | test 74.6%
Ep  28 | loss 0.7746 | task 0.7746 | cons 0.0000 | train 72.3% | test 74.3%
Ep  29 | loss 0.7850 | task 0.7850 | cons 0.0000 | train 71.8% | test 74.7%
Ep  30 | loss 0.7540 | task 0.7540 | cons 0.0000 | train 72.9% | test 74.3%
    K=1: 54.9%
    K=2: 71.3%
    K=4: 74.0%
Ep  31 | loss 0.7831 | task 0.7831 | cons 0.0000 | train 71.8% | test 74.9%
Ep  32 | loss 0.7779 | task 0.7779 | cons 0.0000 | train 71.8% | test 75.1%
Ep  33 | loss 0.7328 | task 0.7328 | cons 0.0000 | train 73.8% | test 75.5%
Ep  34 | loss 0.7280 | task 0.7280 | cons 0.0000 | train 73.8% | test 75.0%
Ep  35 | loss 0.7306 | task 0.7306 | cons 0.0000 | train 73.7% | test 76.1%
Ep  36 | loss 0.7198 | task 0.7198 | cons 0.0000 | train 74.0% | test 75.3%
Ep  37 | loss 0.6835 | task 0.6835 | cons 0.0000 | train 75.3% | test 76.0%
Ep  38 | loss 0.6728 | task 0.6728 | cons 0.0000 | train 75.8% | test 76.4%
Ep  39 | loss 0.6812 | task 0.6812 | cons 0.0000 | train 75.7% | test 75.4%
Ep  40 | loss 0.6735 | task 0.6735 | cons 0.0000 | train 75.5% | test 76.1%
    K=1: 56.1%
    K=2: 72.6%
    K=4: 75.9%
Ep  41 | loss 0.6820 | task 0.6820 | cons 0.0000 | train 75.4% | test 75.8%
Ep  42 | loss 0.6718 | task 0.6718 | cons 0.0000 | train 76.1% | test 74.2%
Ep  43 | loss 0.6281 | task 0.6281 | cons 0.0000 | train 77.5% | test 76.6%
Ep  44 | loss 0.6380 | task 0.6380 | cons 0.0000 | train 77.2% | test 76.3%
Ep  45 | loss 0.6254 | task 0.6254 | cons 0.0000 | train 77.6% | test 76.6%
Ep  46 | loss 0.5990 | task 0.5990 | cons 0.0000 | train 78.6% | test 76.2%
Ep  47 | loss 0.6155 | task 0.6155 | cons 0.0000 | train 77.8% | test 76.3%
Ep  48 | loss 0.6109 | task 0.6109 | cons 0.0000 | train 78.0% | test 75.8%
Ep  49 | loss 0.5764 | task 0.5764 | cons 0.0000 | train 79.3% | test 76.3%
Ep  50 | loss 0.5837 | task 0.5837 | cons 0.0000 | train 78.9% | test 76.8%
    K=1: 57.4%
    K=2: 73.1%
    K=4: 76.7%
Ep  51 | loss 0.5934 | task 0.5934 | cons 0.0000 | train 78.6% | test 76.8%
Ep  52 | loss 0.5935 | task 0.5935 | cons 0.0000 | train 78.8% | test 77.3%
Ep  53 | loss 0.5646 | task 0.5646 | cons 0.0000 | train 79.7% | test 77.2%
Ep  54 | loss 0.5327 | task 0.5327 | cons 0.0000 | train 80.9% | test 76.6%
Ep  55 | loss 0.5381 | task 0.5381 | cons 0.0000 | train 80.6% | test 76.7%
Ep  56 | loss 0.5072 | task 0.5072 | cons 0.0000 | train 81.8% | test 77.3%
Ep  57 | loss 0.4789 | task 0.4789 | cons 0.0000 | train 82.7% | test 76.6%
Ep  58 | loss 0.5298 | task 0.5298 | cons 0.0000 | train 80.9% | test 77.2%
Ep  59 | loss 0.5104 | task 0.5104 | cons 0.0000 | train 81.6% | test 76.7%
Ep  60 | loss 0.5172 | task 0.5172 | cons 0.0000 | train 81.4% | test 77.3%
    K=1: 58.6%
    K=2: 73.8%
    K=4: 77.5%
Ep  61 | loss 0.5423 | task 0.5423 | cons 0.0000 | train 80.4% | test 77.3%
Ep  62 | loss 0.4921 | task 0.4921 | cons 0.0000 | train 82.3% | test 77.3%
Ep  63 | loss 0.4569 | task 0.4569 | cons 0.0000 | train 83.5% | test 76.4%
Ep  64 | loss 0.4766 | task 0.4766 | cons 0.0000 | train 82.9% | test 77.5%
Ep  65 | loss 0.4504 | task 0.4504 | cons 0.0000 | train 83.8% | test 77.2%
Ep  66 | loss 0.4675 | task 0.4675 | cons 0.0000 | train 83.3% | test 77.3%
Ep  67 | loss 0.4637 | task 0.4637 | cons 0.0000 | train 83.3% | test 76.9%
Ep  68 | loss 0.4522 | task 0.4522 | cons 0.0000 | train 83.7% | test 76.6%
Ep  69 | loss 0.4527 | task 0.4527 | cons 0.0000 | train 83.9% | test 78.0%
Ep  70 | loss 0.4280 | task 0.4280 | cons 0.0000 | train 84.6% | test 77.6%
    K=1: 59.8%
    K=2: 74.4%
    K=4: 78.1%
Ep  71 | loss 0.4796 | task 0.4796 | cons 0.0000 | train 82.9% | test 77.2%
Ep  72 | loss 0.4226 | task 0.4226 | cons 0.0000 | train 84.8% | test 77.5%
Ep  73 | loss 0.4270 | task 0.4270 | cons 0.0000 | train 84.7% | test 77.5%
Ep  74 | loss 0.4329 | task 0.4329 | cons 0.0000 | train 84.5% | test 77.2%
Ep  75 | loss 0.4255 | task 0.4255 | cons 0.0000 | train 84.8% | test 77.6%
Ep  76 | loss 0.4135 | task 0.4135 | cons 0.0000 | train 85.1% | test 77.6%
Ep  77 | loss 0.3933 | task 0.3933 | cons 0.0000 | train 85.9% | test 77.6%
Ep  78 | loss 0.4183 | task 0.4183 | cons 0.0000 | train 85.0% | test 77.8%
Ep  79 | loss 0.4009 | task 0.4009 | cons 0.0000 | train 85.7% | test 77.6%
Ep  80 | loss 0.3787 | task 0.3787 | cons 0.0000 | train 86.5% | test 77.5%
    K=1: 59.8%
    K=2: 74.4%
    K=4: 77.8%
Ep  81 | loss 0.3730 | task 0.3730 | cons 0.0000 | train 86.7% | test 77.8%
Ep  82 | loss 0.4204 | task 0.4204 | cons 0.0000 | train 84.9% | test 77.4%
Ep  83 | loss 0.3791 | task 0.3791 | cons 0.0000 | train 86.4% | test 77.3%
Ep  84 | loss 0.3812 | task 0.3812 | cons 0.0000 | train 86.4% | test 77.6%
Ep  85 | loss 0.3607 | task 0.3607 | cons 0.0000 | train 87.1% | test 77.7%
Ep  86 | loss 0.3671 | task 0.3671 | cons 0.0000 | train 87.0% | test 77.6%
Ep  87 | loss 0.3532 | task 0.3532 | cons 0.0000 | train 87.4% | test 77.5%
Ep  88 | loss 0.3374 | task 0.3374 | cons 0.0000 | train 87.9% | test 77.7%
Ep  89 | loss 0.3625 | task 0.3625 | cons 0.0000 | train 87.1% | test 77.6%
Ep  90 | loss 0.3483 | task 0.3483 | cons 0.0000 | train 87.6% | test 77.7%
    K=1: 60.1%
    K=2: 74.7%
    K=4: 78.4%
Ep  91 | loss 0.3769 | task 0.3769 | cons 0.0000 | train 86.4% | test 77.7%
Ep  92 | loss 0.3481 | task 0.3481 | cons 0.0000 | train 87.5% | test 77.7%
Ep  93 | loss 0.3436 | task 0.3436 | cons 0.0000 | train 87.7% | test 77.7%
Ep  94 | loss 0.3756 | task 0.3756 | cons 0.0000 | train 86.6% | test 77.8%
Ep  95 | loss 0.3782 | task 0.3782 | cons 0.0000 | train 86.5% | test 77.7%
Ep  96 | loss 0.3453 | task 0.3453 | cons 0.0000 | train 87.6% | test 77.7%
Ep  97 | loss 0.3583 | task 0.3583 | cons 0.0000 | train 87.2% | test 77.7%
Ep  98 | loss 0.3363 | task 0.3363 | cons 0.0000 | train 88.0% | test 77.8%
Ep  99 | loss 0.3813 | task 0.3813 | cons 0.0000 | train 86.4% | test 77.8%
Ep 100 | loss 0.3472 | task 0.3472 | cons 0.0000 | train 87.6% | test 77.8%
    K=1: 60.3%
    K=2: 74.6%
    K=4: 78.3%
Saved checkpoint to cont_dim256_100ep.pt
