/home/ec2-user/dev/ugh/.venv/lib/python3.13/site-packages/torchvision/datasets/cifar.py:83: VisibleDeprecationWarning: dtype(): align should be passed as Python or NumPy boolean but got `align=0`. Did you mean to pass a tuple to create a subarray type? (Deprecated NumPy 2.4)
  entry = pickle.load(f, encoding="latin1")
Model: continuous | Params: 522,762 | K=8
----------------------------------------------------------------------
Ep   1 | loss 1.8020 | task 1.8019 | cons 0.0007 | train 32.8% | test 42.1%
Ep   2 | loss 1.5353 | task 1.5352 | cons 0.0014 | train 44.2% | test 48.4%
Ep   3 | loss 1.4266 | task 1.4264 | cons 0.0017 | train 48.1% | test 50.5%
Ep   4 | loss 1.3525 | task 1.3523 | cons 0.0019 | train 50.9% | test 51.3%
Ep   5 | loss 1.2967 | task 1.2965 | cons 0.0028 | train 53.0% | test 56.1%
Ep   6 | loss 1.2473 | task 1.2470 | cons 0.0033 | train 54.9% | test 56.2%
Ep   7 | loss 1.2188 | task 1.2185 | cons 0.0030 | train 56.0% | test 60.7%
Ep   8 | loss 1.1917 | task 1.1914 | cons 0.0034 | train 56.9% | test 60.5%
Ep   9 | loss 1.1600 | task 1.1596 | cons 0.0046 | train 58.0% | test 62.5%
Ep  10 | loss 1.1277 | task 1.1272 | cons 0.0054 | train 59.2% | test 62.8%
    K=1: 49.7%
    K=2: 61.7%
    K=4: 63.2%
Ep  11 | loss 1.0901 | task 1.0893 | cons 0.0076 | train 60.8% | test 65.3%
Ep  12 | loss 1.0806 | task 1.0799 | cons 0.0069 | train 61.0% | test 65.2%
Ep  13 | loss 1.0472 | task 1.0464 | cons 0.0088 | train 62.4% | test 66.7%
Ep  14 | loss 1.0206 | task 1.0196 | cons 0.0107 | train 63.3% | test 67.2%
Ep  15 | loss 1.0341 | task 1.0330 | cons 0.0108 | train 62.8% | test 67.9%
Ep  16 | loss 0.9964 | task 0.9949 | cons 0.0153 | train 64.2% | test 69.6%
Ep  17 | loss 0.9820 | task 0.9806 | cons 0.0134 | train 64.8% | test 69.0%
Ep  18 | loss 0.9629 | task 0.9613 | cons 0.0167 | train 65.4% | test 69.4%
Ep  19 | loss 0.9716 | task 0.9698 | cons 0.0182 | train 65.1% | test 69.7%
Ep  20 | loss 0.9655 | task 0.9633 | cons 0.0215 | train 65.4% | test 70.3%
    K=1: 54.9%
    K=2: 67.2%
    K=4: 70.3%
Ep  21 | loss 0.9542 | task 0.9515 | cons 0.0268 | train 66.0% | test 70.6%
Ep  22 | loss 0.9309 | task 0.9275 | cons 0.0343 | train 66.7% | test 70.3%
Ep  23 | loss 0.9232 | task 0.9185 | cons 0.0469 | train 67.1% | test 71.4%
Ep  24 | loss 0.9306 | task 0.9241 | cons 0.0649 | train 66.8% | test 71.2%
Ep  25 | loss 0.8838 | task 0.8766 | cons 0.0725 | train 68.5% | test 71.5%
Ep  26 | loss 0.9049 | task 0.8976 | cons 0.0729 | train 67.7% | test 71.3%
Ep  27 | loss 0.8731 | task 0.8672 | cons 0.0592 | train 69.1% | test 72.7%
Ep  28 | loss 0.8803 | task 0.8755 | cons 0.0479 | train 68.4% | test 70.5%
Ep  29 | loss 0.8766 | task 0.8728 | cons 0.0376 | train 68.7% | test 73.4%
Ep  30 | loss 0.8286 | task 0.8242 | cons 0.0447 | train 70.5% | test 72.8%
    K=1: 54.1%
    K=2: 68.8%
    K=4: 72.7%
Ep  31 | loss 0.8268 | task 0.8237 | cons 0.0307 | train 70.5% | test 73.9%
Ep  32 | loss 0.8262 | task 0.8235 | cons 0.0277 | train 70.6% | test 73.1%
Ep  33 | loss 0.8055 | task 0.8031 | cons 0.0243 | train 71.1% | test 73.6%
Ep  34 | loss 0.8424 | task 0.8405 | cons 0.0192 | train 69.7% | test 73.9%
Ep  35 | loss 0.8193 | task 0.8175 | cons 0.0178 | train 70.7% | test 73.5%
Ep  36 | loss 0.8044 | task 0.8025 | cons 0.0185 | train 71.5% | test 73.9%
Ep  37 | loss 0.7913 | task 0.7890 | cons 0.0229 | train 71.8% | test 74.8%
Ep  38 | loss 0.7887 | task 0.7868 | cons 0.0188 | train 71.8% | test 74.2%
Ep  39 | loss 0.7719 | task 0.7700 | cons 0.0193 | train 72.3% | test 74.2%
Ep  40 | loss 0.7332 | task 0.7311 | cons 0.0210 | train 74.0% | test 75.6%
    K=1: 56.5%
    K=2: 71.8%
    K=4: 75.6%
Ep  41 | loss 0.7538 | task 0.7520 | cons 0.0176 | train 73.1% | test 75.3%
Ep  42 | loss 0.7427 | task 0.7408 | cons 0.0191 | train 73.5% | test 74.7%
Ep  43 | loss 0.7743 | task 0.7726 | cons 0.0163 | train 72.4% | test 74.7%
Ep  44 | loss 0.7683 | task 0.7669 | cons 0.0148 | train 72.6% | test 75.4%
Ep  45 | loss 0.7280 | task 0.7263 | cons 0.0170 | train 73.9% | test 75.7%
Ep  46 | loss 0.7546 | task 0.7530 | cons 0.0158 | train 73.0% | test 75.4%
Ep  47 | loss 0.7256 | task 0.7239 | cons 0.0169 | train 74.0% | test 75.4%
Ep  48 | loss 0.7289 | task 0.7271 | cons 0.0189 | train 73.9% | test 75.7%
Ep  49 | loss 0.7167 | task 0.7148 | cons 0.0190 | train 74.4% | test 75.2%
Ep  50 | loss 0.6884 | task 0.6866 | cons 0.0174 | train 75.5% | test 75.6%
    K=1: 56.2%
    K=2: 71.6%
    K=4: 75.9%
Ep  51 | loss 0.7046 | task 0.7026 | cons 0.0200 | train 74.7% | test 76.1%
Ep  52 | loss 0.7348 | task 0.7332 | cons 0.0162 | train 73.5% | test 76.3%
Ep  53 | loss 0.6879 | task 0.6862 | cons 0.0165 | train 75.3% | test 76.5%
Ep  54 | loss 0.6784 | task 0.6767 | cons 0.0172 | train 75.7% | test 76.1%
Ep  55 | loss 0.6672 | task 0.6654 | cons 0.0178 | train 76.2% | test 76.4%
Ep  56 | loss 0.7030 | task 0.7012 | cons 0.0173 | train 74.9% | test 75.9%
Ep  57 | loss 0.6752 | task 0.6736 | cons 0.0167 | train 75.7% | test 76.5%
Ep  58 | loss 0.7008 | task 0.6992 | cons 0.0157 | train 74.8% | test 76.2%
Ep  59 | loss 0.6782 | task 0.6768 | cons 0.0144 | train 75.7% | test 76.4%
Ep  60 | loss 0.6903 | task 0.6886 | cons 0.0175 | train 75.2% | test 77.1%
    K=1: 57.9%
    K=2: 73.1%
    K=4: 76.6%
Ep  61 | loss 0.6653 | task 0.6637 | cons 0.0153 | train 75.9% | test 77.1%
Ep  62 | loss 0.6437 | task 0.6418 | cons 0.0183 | train 77.0% | test 76.3%
Ep  63 | loss 0.6460 | task 0.6444 | cons 0.0164 | train 77.0% | test 76.7%
Ep  64 | loss 0.6485 | task 0.6468 | cons 0.0170 | train 76.6% | test 76.0%
Ep  65 | loss 0.6337 | task 0.6319 | cons 0.0181 | train 77.1% | test 76.6%
Ep  66 | loss 0.6677 | task 0.6662 | cons 0.0154 | train 75.8% | test 76.8%
Ep  67 | loss 0.6362 | task 0.6343 | cons 0.0187 | train 77.1% | test 76.8%
Ep  68 | loss 0.6173 | task 0.6158 | cons 0.0152 | train 77.9% | test 77.2%
Ep  69 | loss 0.6234 | task 0.6216 | cons 0.0187 | train 77.4% | test 76.9%
Ep  70 | loss 0.6411 | task 0.6392 | cons 0.0183 | train 76.8% | test 76.0%
    K=1: 57.2%
    K=2: 73.2%
    K=4: 76.2%
Ep  71 | loss 0.6139 | task 0.6120 | cons 0.0190 | train 77.9% | test 76.8%
Ep  72 | loss 0.6303 | task 0.6287 | cons 0.0160 | train 77.5% | test 77.0%
Ep  73 | loss 0.6433 | task 0.6415 | cons 0.0181 | train 76.8% | test 77.6%
Ep  74 | loss 0.6204 | task 0.6186 | cons 0.0181 | train 77.7% | test 76.2%
Ep  75 | loss 0.5897 | task 0.5879 | cons 0.0177 | train 78.9% | test 77.2%
Ep  76 | loss 0.5947 | task 0.5931 | cons 0.0162 | train 78.6% | test 76.9%
Ep  77 | loss 0.5961 | task 0.5945 | cons 0.0160 | train 78.3% | test 76.8%
Ep  78 | loss 0.5752 | task 0.5737 | cons 0.0146 | train 79.4% | test 76.3%
Ep  79 | loss 0.5925 | task 0.5909 | cons 0.0160 | train 78.7% | test 77.4%
Ep  80 | loss 0.5681 | task 0.5664 | cons 0.0164 | train 79.5% | test 77.5%
    K=1: 57.8%
    K=2: 74.3%
    K=4: 77.5%
Ep  81 | loss 0.5874 | task 0.5857 | cons 0.0167 | train 78.8% | test 77.0%
Ep  82 | loss 0.6019 | task 0.6006 | cons 0.0136 | train 78.2% | test 76.5%
Ep  83 | loss 0.5779 | task 0.5764 | cons 0.0143 | train 79.3% | test 77.2%
Ep  84 | loss 0.5656 | task 0.5641 | cons 0.0153 | train 79.6% | test 76.6%
Ep  85 | loss 0.5807 | task 0.5792 | cons 0.0151 | train 79.4% | test 77.3%
Ep  86 | loss 0.5502 | task 0.5487 | cons 0.0153 | train 80.2% | test 76.8%
Ep  87 | loss 0.5735 | task 0.5719 | cons 0.0155 | train 79.3% | test 76.7%
Ep  88 | loss 0.6007 | task 0.5993 | cons 0.0136 | train 78.6% | test 77.4%
Ep  89 | loss 0.5832 | task 0.5816 | cons 0.0163 | train 79.1% | test 77.4%
Ep  90 | loss 0.5798 | task 0.5780 | cons 0.0174 | train 79.0% | test 77.3%
    K=1: 58.1%
    K=2: 73.9%
    K=4: 77.6%
Ep  91 | loss 0.5459 | task 0.5443 | cons 0.0157 | train 80.3% | test 77.5%
Ep  92 | loss 0.5690 | task 0.5678 | cons 0.0122 | train 79.5% | test 77.2%
Ep  93 | loss 0.5590 | task 0.5575 | cons 0.0155 | train 80.0% | test 76.7%
Ep  94 | loss 0.5365 | task 0.5347 | cons 0.0173 | train 80.7% | test 77.1%
Ep  95 | loss 0.5560 | task 0.5545 | cons 0.0149 | train 80.0% | test 77.3%
Ep  96 | loss 0.5843 | task 0.5831 | cons 0.0127 | train 79.0% | test 76.7%
Ep  97 | loss 0.5400 | task 0.5383 | cons 0.0164 | train 80.7% | test 77.1%
Ep  98 | loss 0.5406 | task 0.5391 | cons 0.0146 | train 80.7% | test 77.3%
Ep  99 | loss 0.5170 | task 0.5154 | cons 0.0162 | train 81.4% | test 77.1%
Ep 100 | loss 0.5270 | task 0.5255 | cons 0.0152 | train 81.2% | test 76.5%
    K=1: 58.6%
    K=2: 73.9%
    K=4: 77.0%
Ep 101 | loss 0.5169 | task 0.5155 | cons 0.0141 | train 81.4% | test 76.6%
Ep 102 | loss 0.5436 | task 0.5423 | cons 0.0131 | train 80.6% | test 77.3%
Ep 103 | loss 0.4888 | task 0.4874 | cons 0.0141 | train 82.5% | test 77.0%
Ep 104 | loss 0.5108 | task 0.5091 | cons 0.0166 | train 81.7% | test 76.9%
Ep 105 | loss 0.5145 | task 0.5131 | cons 0.0144 | train 81.4% | test 77.2%
Ep 106 | loss 0.5095 | task 0.5081 | cons 0.0141 | train 82.0% | test 76.9%
Ep 107 | loss 0.5293 | task 0.5279 | cons 0.0142 | train 81.1% | test 77.8%
Ep 108 | loss 0.4796 | task 0.4783 | cons 0.0135 | train 82.9% | test 76.8%
Ep 109 | loss 0.5093 | task 0.5078 | cons 0.0146 | train 81.7% | test 77.3%
Ep 110 | loss 0.4804 | task 0.4787 | cons 0.0165 | train 82.7% | test 76.9%
    K=1: 58.4%
    K=2: 73.6%
    K=4: 76.8%
Ep 111 | loss 0.4983 | task 0.4968 | cons 0.0147 | train 82.0% | test 77.2%
Ep 112 | loss 0.4713 | task 0.4701 | cons 0.0120 | train 83.2% | test 77.1%
Ep 113 | loss 0.4816 | task 0.4801 | cons 0.0144 | train 82.6% | test 77.0%
Ep 114 | loss 0.4791 | task 0.4776 | cons 0.0145 | train 82.8% | test 77.0%
Ep 115 | loss 0.4828 | task 0.4814 | cons 0.0143 | train 82.6% | test 77.1%
Ep 116 | loss 0.5319 | task 0.5307 | cons 0.0120 | train 81.0% | test 76.7%
Ep 117 | loss 0.4604 | task 0.4590 | cons 0.0144 | train 83.7% | test 77.1%
Ep 118 | loss 0.4496 | task 0.4482 | cons 0.0145 | train 84.0% | test 77.4%
Ep 119 | loss 0.4833 | task 0.4818 | cons 0.0153 | train 82.7% | test 77.5%
Ep 120 | loss 0.4643 | task 0.4625 | cons 0.0175 | train 83.3% | test 76.9%
    K=1: 57.8%
    K=2: 73.3%
    K=4: 77.2%
Ep 121 | loss 0.4792 | task 0.4777 | cons 0.0146 | train 82.7% | test 77.6%
Ep 122 | loss 0.4742 | task 0.4728 | cons 0.0140 | train 82.9% | test 77.0%
Ep 123 | loss 0.4773 | task 0.4761 | cons 0.0113 | train 82.8% | test 77.8%
Ep 124 | loss 0.4407 | task 0.4392 | cons 0.0148 | train 84.2% | test 77.0%
Ep 125 | loss 0.4537 | task 0.4523 | cons 0.0138 | train 83.7% | test 76.7%
Ep 126 | loss 0.4746 | task 0.4731 | cons 0.0150 | train 83.0% | test 76.6%
Ep 127 | loss 0.4700 | task 0.4685 | cons 0.0151 | train 83.2% | test 76.8%
Ep 128 | loss 0.4592 | task 0.4578 | cons 0.0135 | train 83.6% | test 77.3%
Ep 129 | loss 0.4570 | task 0.4557 | cons 0.0130 | train 83.5% | test 77.6%
Ep 130 | loss 0.4416 | task 0.4403 | cons 0.0126 | train 84.1% | test 77.6%
    K=1: 58.2%
    K=2: 74.0%
    K=4: 77.7%
Ep 131 | loss 0.4703 | task 0.4690 | cons 0.0130 | train 83.1% | test 77.5%
Ep 132 | loss 0.4496 | task 0.4483 | cons 0.0134 | train 83.9% | test 77.2%
Ep 133 | loss 0.4669 | task 0.4656 | cons 0.0139 | train 83.1% | test 76.8%
Ep 134 | loss 0.4180 | task 0.4164 | cons 0.0156 | train 84.9% | test 77.3%
Ep 135 | loss 0.4630 | task 0.4618 | cons 0.0125 | train 83.4% | test 76.4%
Ep 136 | loss 0.4478 | task 0.4463 | cons 0.0149 | train 83.8% | test 77.3%
Ep 137 | loss 0.4489 | task 0.4477 | cons 0.0123 | train 84.0% | test 77.5%
Ep 138 | loss 0.4245 | task 0.4230 | cons 0.0155 | train 84.9% | test 77.6%
Ep 139 | loss 0.3905 | task 0.3890 | cons 0.0150 | train 86.2% | test 78.0%
Ep 140 | loss 0.4209 | task 0.4194 | cons 0.0150 | train 84.9% | test 77.0%
    K=1: 58.8%
    K=2: 73.3%
    K=4: 77.4%
Ep 141 | loss 0.4145 | task 0.4131 | cons 0.0145 | train 85.3% | test 77.8%
Ep 142 | loss 0.4114 | task 0.4101 | cons 0.0133 | train 85.3% | test 77.5%
Ep 143 | loss 0.3976 | task 0.3962 | cons 0.0141 | train 85.7% | test 77.9%
Ep 144 | loss 0.4266 | task 0.4253 | cons 0.0126 | train 84.8% | test 77.2%
Ep 145 | loss 0.4335 | task 0.4321 | cons 0.0133 | train 84.4% | test 77.2%
Ep 146 | loss 0.4255 | task 0.4242 | cons 0.0136 | train 84.9% | test 77.4%
Ep 147 | loss 0.4119 | task 0.4107 | cons 0.0121 | train 85.3% | test 77.5%
Ep 148 | loss 0.4527 | task 0.4515 | cons 0.0126 | train 83.7% | test 77.0%
Ep 149 | loss 0.4158 | task 0.4144 | cons 0.0134 | train 85.1% | test 77.6%
Ep 150 | loss 0.4186 | task 0.4174 | cons 0.0117 | train 85.0% | test 77.6%
    K=1: 59.3%
    K=2: 74.4%
    K=4: 78.0%
Ep 151 | loss 0.4063 | task 0.4050 | cons 0.0125 | train 85.3% | test 77.2%
Ep 152 | loss 0.3954 | task 0.3941 | cons 0.0127 | train 85.9% | test 77.1%
Ep 153 | loss 0.3716 | task 0.3702 | cons 0.0140 | train 86.7% | test 77.5%
Ep 154 | loss 0.4293 | task 0.4281 | cons 0.0123 | train 84.6% | test 78.1%
Ep 155 | loss 0.4083 | task 0.4070 | cons 0.0131 | train 85.4% | test 77.3%
Ep 156 | loss 0.3722 | task 0.3709 | cons 0.0126 | train 86.7% | test 77.5%
Ep 157 | loss 0.3951 | task 0.3937 | cons 0.0136 | train 85.8% | test 77.7%
Ep 158 | loss 0.4030 | task 0.4018 | cons 0.0123 | train 85.5% | test 76.9%
Ep 159 | loss 0.3907 | task 0.3896 | cons 0.0104 | train 85.9% | test 77.8%
Ep 160 | loss 0.3631 | task 0.3619 | cons 0.0117 | train 86.9% | test 77.2%
    K=1: 58.9%
    K=2: 73.7%
    K=4: 77.6%
Ep 161 | loss 0.3796 | task 0.3783 | cons 0.0130 | train 86.4% | test 77.1%
Ep 162 | loss 0.3749 | task 0.3735 | cons 0.0135 | train 86.7% | test 77.6%
Ep 163 | loss 0.3782 | task 0.3769 | cons 0.0136 | train 86.5% | test 77.6%
Ep 164 | loss 0.4115 | task 0.4104 | cons 0.0110 | train 85.2% | test 77.6%
Ep 165 | loss 0.3836 | task 0.3823 | cons 0.0127 | train 86.3% | test 77.5%
Ep 166 | loss 0.3756 | task 0.3744 | cons 0.0120 | train 86.5% | test 77.5%
Ep 167 | loss 0.3526 | task 0.3514 | cons 0.0125 | train 87.4% | test 77.8%
Ep 168 | loss 0.3826 | task 0.3815 | cons 0.0108 | train 86.2% | test 76.9%
Ep 169 | loss 0.3585 | task 0.3570 | cons 0.0145 | train 87.3% | test 77.1%
Ep 170 | loss 0.3671 | task 0.3657 | cons 0.0133 | train 86.7% | test 77.3%
    K=1: 59.7%
    K=2: 73.5%
    K=4: 77.5%
Ep 171 | loss 0.3810 | task 0.3797 | cons 0.0123 | train 86.4% | test 77.0%
Ep 172 | loss 0.3786 | task 0.3774 | cons 0.0126 | train 86.3% | test 77.6%
Ep 173 | loss 0.3635 | task 0.3624 | cons 0.0111 | train 86.9% | test 77.0%
Ep 174 | loss 0.3771 | task 0.3760 | cons 0.0112 | train 86.6% | test 77.3%
Ep 175 | loss 0.3564 | task 0.3552 | cons 0.0116 | train 87.2% | test 77.4%
Ep 176 | loss 0.3470 | task 0.3459 | cons 0.0112 | train 87.6% | test 78.0%
Ep 177 | loss 0.3477 | task 0.3467 | cons 0.0110 | train 87.7% | test 78.0%
Ep 178 | loss 0.3507 | task 0.3495 | cons 0.0121 | train 87.5% | test 77.4%
Ep 179 | loss 0.3446 | task 0.3435 | cons 0.0113 | train 87.7% | test 77.3%
Ep 180 | loss 0.3607 | task 0.3596 | cons 0.0105 | train 87.2% | test 77.8%
    K=1: 60.1%
    K=2: 74.4%
    K=4: 77.8%
Ep 181 | loss 0.3354 | task 0.3342 | cons 0.0126 | train 88.2% | test 77.5%
Ep 182 | loss 0.3516 | task 0.3504 | cons 0.0112 | train 87.4% | test 77.6%
Ep 183 | loss 0.3701 | task 0.3692 | cons 0.0095 | train 86.9% | test 77.4%
Ep 184 | loss 0.3203 | task 0.3192 | cons 0.0115 | train 88.6% | test 77.7%
Ep 185 | loss 0.3245 | task 0.3233 | cons 0.0114 | train 88.4% | test 77.8%
Ep 186 | loss 0.3695 | task 0.3684 | cons 0.0105 | train 86.6% | test 76.8%
Ep 187 | loss 0.3364 | task 0.3353 | cons 0.0104 | train 87.9% | test 77.7%
Ep 188 | loss 0.3349 | task 0.3337 | cons 0.0118 | train 88.0% | test 77.1%
Ep 189 | loss 0.2960 | task 0.2946 | cons 0.0138 | train 89.5% | test 77.2%
Ep 190 | loss 0.3580 | task 0.3569 | cons 0.0104 | train 87.2% | test 77.4%
    K=1: 60.2%
    K=2: 74.4%
    K=4: 77.8%
Ep 191 | loss 0.3391 | task 0.3380 | cons 0.0106 | train 87.8% | test 77.6%
Ep 192 | loss 0.3420 | task 0.3409 | cons 0.0111 | train 87.8% | test 77.5%
Ep 193 | loss 0.3564 | task 0.3553 | cons 0.0110 | train 87.1% | test 77.2%
Ep 194 | loss 0.3370 | task 0.3359 | cons 0.0110 | train 87.9% | test 77.5%
Ep 195 | loss 0.3323 | task 0.3311 | cons 0.0114 | train 88.1% | test 77.7%
Ep 196 | loss 0.3732 | task 0.3721 | cons 0.0116 | train 86.6% | test 77.5%
Ep 197 | loss 0.3222 | task 0.3211 | cons 0.0108 | train 88.4% | test 77.1%
Ep 198 | loss 0.3092 | task 0.3081 | cons 0.0116 | train 88.9% | test 77.9%
Ep 199 | loss 0.3526 | task 0.3516 | cons 0.0096 | train 87.5% | test 77.4%
Ep 200 | loss 0.3434 | task 0.3425 | cons 0.0096 | train 87.7% | test 77.1%
    K=1: 60.1%
    K=2: 74.3%
    K=4: 77.8%
Ep 201 | loss 0.3176 | task 0.3166 | cons 0.0099 | train 88.7% | test 77.7%
Ep 202 | loss 0.3279 | task 0.3268 | cons 0.0103 | train 88.2% | test 77.4%
Ep 203 | loss 0.3188 | task 0.3177 | cons 0.0102 | train 88.6% | test 77.1%
Ep 204 | loss 0.3155 | task 0.3144 | cons 0.0109 | train 88.5% | test 77.9%
Ep 205 | loss 0.2942 | task 0.2931 | cons 0.0110 | train 89.5% | test 77.5%
Ep 206 | loss 0.2846 | task 0.2836 | cons 0.0101 | train 89.9% | test 77.6%
Ep 207 | loss 0.3125 | task 0.3114 | cons 0.0113 | train 88.9% | test 77.9%
Ep 208 | loss 0.3536 | task 0.3526 | cons 0.0094 | train 87.3% | test 77.7%
Ep 209 | loss 0.3025 | task 0.3015 | cons 0.0102 | train 89.2% | test 77.7%
Ep 210 | loss 0.3253 | task 0.3244 | cons 0.0091 | train 88.4% | test 77.4%
    K=1: 60.6%
    K=2: 74.2%
    K=4: 77.7%
Ep 211 | loss 0.2899 | task 0.2888 | cons 0.0106 | train 89.7% | test 77.6%
Ep 212 | loss 0.2732 | task 0.2721 | cons 0.0109 | train 90.3% | test 77.5%
Ep 213 | loss 0.2726 | task 0.2716 | cons 0.0100 | train 90.3% | test 77.6%
Ep 214 | loss 0.3145 | task 0.3134 | cons 0.0102 | train 88.7% | test 78.0%
Ep 215 | loss 0.3280 | task 0.3269 | cons 0.0108 | train 88.4% | test 78.0%
Ep 216 | loss 0.2657 | task 0.2646 | cons 0.0116 | train 90.5% | test 77.4%
Ep 217 | loss 0.3059 | task 0.3049 | cons 0.0101 | train 89.1% | test 77.8%
Ep 218 | loss 0.3057 | task 0.3048 | cons 0.0093 | train 89.1% | test 77.5%
Ep 219 | loss 0.3038 | task 0.3029 | cons 0.0093 | train 89.2% | test 78.0%
Ep 220 | loss 0.2846 | task 0.2837 | cons 0.0097 | train 89.9% | test 77.8%
    K=1: 60.9%
    K=2: 74.9%
    K=4: 77.7%
Ep 221 | loss 0.2952 | task 0.2941 | cons 0.0113 | train 89.6% | test 77.8%
Ep 222 | loss 0.3259 | task 0.3249 | cons 0.0097 | train 88.3% | test 77.4%
Ep 223 | loss 0.3118 | task 0.3109 | cons 0.0091 | train 88.9% | test 77.7%
Ep 224 | loss 0.3056 | task 0.3048 | cons 0.0085 | train 89.1% | test 77.7%
Ep 225 | loss 0.3152 | task 0.3143 | cons 0.0088 | train 88.9% | test 77.7%
Ep 226 | loss 0.3321 | task 0.3314 | cons 0.0071 | train 88.2% | test 77.6%
Ep 227 | loss 0.2832 | task 0.2821 | cons 0.0106 | train 89.9% | test 78.0%
Ep 228 | loss 0.3331 | task 0.3322 | cons 0.0093 | train 88.1% | test 78.2%
Ep 229 | loss 0.3112 | task 0.3103 | cons 0.0096 | train 88.8% | test 77.6%
Ep 230 | loss 0.2879 | task 0.2869 | cons 0.0100 | train 89.7% | test 77.9%
    K=1: 60.4%
    K=2: 74.8%
    K=4: 78.2%
Ep 231 | loss 0.3133 | task 0.3124 | cons 0.0092 | train 88.8% | test 77.8%
Ep 232 | loss 0.3045 | task 0.3036 | cons 0.0096 | train 89.1% | test 77.6%
Ep 233 | loss 0.3076 | task 0.3068 | cons 0.0079 | train 89.1% | test 78.4%
Ep 234 | loss 0.2594 | task 0.2584 | cons 0.0102 | train 90.8% | test 78.1%
Ep 235 | loss 0.3191 | task 0.3181 | cons 0.0092 | train 88.7% | test 77.5%
Ep 236 | loss 0.2997 | task 0.2988 | cons 0.0096 | train 89.3% | test 78.1%
Ep 237 | loss 0.2827 | task 0.2818 | cons 0.0087 | train 90.0% | test 77.5%
Ep 238 | loss 0.2447 | task 0.2437 | cons 0.0096 | train 91.3% | test 77.8%
Ep 239 | loss 0.2734 | task 0.2724 | cons 0.0097 | train 90.3% | test 78.4%
Ep 240 | loss 0.2832 | task 0.2824 | cons 0.0081 | train 89.8% | test 77.9%
    K=1: 61.0%
    K=2: 74.7%
    K=4: 78.2%
Ep 241 | loss 0.2497 | task 0.2486 | cons 0.0105 | train 91.0% | test 77.5%
Ep 242 | loss 0.3046 | task 0.3037 | cons 0.0095 | train 89.3% | test 77.9%
Ep 243 | loss 0.3088 | task 0.3080 | cons 0.0083 | train 89.1% | test 77.9%
Ep 244 | loss 0.2662 | task 0.2652 | cons 0.0097 | train 90.5% | test 77.9%
Ep 245 | loss 0.2784 | task 0.2774 | cons 0.0100 | train 90.1% | test 77.9%
Ep 246 | loss 0.2820 | task 0.2811 | cons 0.0091 | train 89.9% | test 78.4%
Ep 247 | loss 0.2728 | task 0.2719 | cons 0.0092 | train 90.4% | test 77.8%
Ep 248 | loss 0.2761 | task 0.2752 | cons 0.0087 | train 90.1% | test 77.6%
Ep 249 | loss 0.2896 | task 0.2888 | cons 0.0086 | train 89.7% | test 77.8%
Ep 250 | loss 0.2817 | task 0.2807 | cons 0.0101 | train 90.0% | test 77.7%
    K=1: 60.8%
    K=2: 75.1%
    K=4: 78.1%
Ep 251 | loss 0.2755 | task 0.2747 | cons 0.0081 | train 90.1% | test 77.9%
Ep 252 | loss 0.2740 | task 0.2731 | cons 0.0088 | train 90.3% | test 77.9%
Ep 253 | loss 0.3003 | task 0.2994 | cons 0.0094 | train 89.3% | test 77.9%
Ep 254 | loss 0.2797 | task 0.2788 | cons 0.0084 | train 90.0% | test 78.0%
Ep 255 | loss 0.3021 | task 0.3013 | cons 0.0083 | train 89.2% | test 77.7%
Ep 256 | loss 0.2707 | task 0.2698 | cons 0.0088 | train 90.3% | test 78.0%
Ep 257 | loss 0.2791 | task 0.2781 | cons 0.0097 | train 90.1% | test 77.9%
Ep 258 | loss 0.2808 | task 0.2799 | cons 0.0090 | train 90.0% | test 77.9%
Ep 259 | loss 0.3053 | task 0.3045 | cons 0.0085 | train 89.2% | test 77.9%
Ep 260 | loss 0.2416 | task 0.2406 | cons 0.0100 | train 91.4% | test 77.9%
    K=1: 60.8%
    K=2: 75.0%
    K=4: 78.2%
Ep 261 | loss 0.2442 | task 0.2433 | cons 0.0094 | train 91.2% | test 78.0%
Ep 262 | loss 0.2658 | task 0.2649 | cons 0.0088 | train 90.4% | test 77.9%
Ep 263 | loss 0.2651 | task 0.2641 | cons 0.0095 | train 90.6% | test 77.8%
Ep 264 | loss 0.2832 | task 0.2823 | cons 0.0098 | train 89.9% | test 77.8%
Ep 265 | loss 0.2274 | task 0.2265 | cons 0.0092 | train 92.1% | test 77.8%
Ep 266 | loss 0.2447 | task 0.2437 | cons 0.0104 | train 91.4% | test 77.8%
Ep 267 | loss 0.2877 | task 0.2867 | cons 0.0097 | train 89.8% | test 77.9%
Ep 268 | loss 0.2346 | task 0.2337 | cons 0.0094 | train 91.8% | test 78.1%
Ep 269 | loss 0.2264 | task 0.2254 | cons 0.0101 | train 92.0% | test 78.0%
Ep 270 | loss 0.2345 | task 0.2335 | cons 0.0098 | train 91.7% | test 78.0%
    K=1: 61.0%
    K=2: 74.9%
    K=4: 78.3%
Ep 271 | loss 0.2820 | task 0.2812 | cons 0.0079 | train 89.9% | test 78.0%
Ep 272 | loss 0.2488 | task 0.2478 | cons 0.0102 | train 91.2% | test 78.0%
Ep 273 | loss 0.2197 | task 0.2186 | cons 0.0105 | train 92.2% | test 77.8%
Ep 274 | loss 0.2689 | task 0.2679 | cons 0.0098 | train 90.4% | test 78.0%
Ep 275 | loss 0.2382 | task 0.2373 | cons 0.0083 | train 91.6% | test 78.1%
Ep 276 | loss 0.2494 | task 0.2485 | cons 0.0081 | train 91.3% | test 77.9%
Ep 277 | loss 0.2669 | task 0.2658 | cons 0.0104 | train 90.5% | test 77.8%
Ep 278 | loss 0.2484 | task 0.2476 | cons 0.0085 | train 91.2% | test 77.9%
Ep 279 | loss 0.2545 | task 0.2537 | cons 0.0081 | train 91.1% | test 77.8%
Ep 280 | loss 0.2670 | task 0.2661 | cons 0.0090 | train 90.4% | test 78.0%
    K=1: 60.9%
    K=2: 75.1%
    K=4: 78.4%
Ep 281 | loss 0.2770 | task 0.2762 | cons 0.0080 | train 90.1% | test 77.8%
Ep 282 | loss 0.2705 | task 0.2696 | cons 0.0083 | train 90.3% | test 78.0%
Ep 283 | loss 0.2584 | task 0.2575 | cons 0.0090 | train 90.8% | test 77.8%
Ep 284 | loss 0.2710 | task 0.2702 | cons 0.0074 | train 90.3% | test 78.0%
Ep 285 | loss 0.2597 | task 0.2588 | cons 0.0086 | train 90.8% | test 77.8%
Ep 286 | loss 0.2531 | task 0.2523 | cons 0.0084 | train 91.2% | test 78.0%
Ep 287 | loss 0.2490 | task 0.2481 | cons 0.0093 | train 91.2% | test 77.9%
Ep 288 | loss 0.2638 | task 0.2630 | cons 0.0085 | train 90.5% | test 77.9%
Ep 289 | loss 0.2647 | task 0.2637 | cons 0.0101 | train 90.6% | test 78.0%
Ep 290 | loss 0.2285 | task 0.2274 | cons 0.0105 | train 91.9% | test 78.1%
    K=1: 60.9%
    K=2: 75.0%
    K=4: 78.3%
Ep 291 | loss 0.2413 | task 0.2403 | cons 0.0095 | train 91.5% | test 78.1%
Ep 292 | loss 0.2765 | task 0.2756 | cons 0.0087 | train 90.2% | test 78.0%
Ep 293 | loss 0.2347 | task 0.2338 | cons 0.0094 | train 91.7% | test 78.0%
Ep 294 | loss 0.2183 | task 0.2173 | cons 0.0095 | train 92.3% | test 78.0%
Ep 295 | loss 0.2684 | task 0.2675 | cons 0.0089 | train 90.4% | test 78.0%
Ep 296 | loss 0.2612 | task 0.2603 | cons 0.0091 | train 90.7% | test 78.0%
Ep 297 | loss 0.2488 | task 0.2479 | cons 0.0098 | train 91.2% | test 78.1%
Ep 298 | loss 0.2854 | task 0.2846 | cons 0.0074 | train 89.8% | test 78.0%
Ep 299 | loss 0.2705 | task 0.2697 | cons 0.0087 | train 90.5% | test 78.0%
Ep 300 | loss 0.2578 | task 0.2569 | cons 0.0092 | train 90.9% | test 78.0%
    K=1: 61.0%
    K=2: 75.2%
    K=4: 78.4%
Saved checkpoint to cont_twopath_300ep.pt
