/home/ec2-user/dev/ugh/.venv/lib/python3.13/site-packages/torchvision/datasets/cifar.py:83: VisibleDeprecationWarning: dtype(): align should be passed as Python or NumPy boolean but got `align=0`. Did you mean to pass a tuple to create a subarray type? (Deprecated NumPy 2.4)
  entry = pickle.load(f, encoding="latin1")
Model: continuous | Params: 522,762 | K=8
----------------------------------------------------------------------
/home/ec2-user/.local/share/uv/python/cpython-3.13.12-linux-x86_64-gnu/lib/python3.13/contextlib.py:109: FutureWarning: `torch.backends.cuda.sdp_kernel()` is deprecated. In the future, this context manager will be removed. Please see `torch.nn.attention.sdpa_kernel()` for the new context manager, with updated signature.
  self.gen = func(*args, **kwds)
Ep   1 | loss 1.7835 | task 1.7821 | cons 0.0141 | train 33.4% | test 40.2%
Ep   2 | loss 1.4627 | task 1.4594 | cons 0.0326 | train 46.8% | test 50.2%
Ep   3 | loss 1.3150 | task 1.3114 | cons 0.0367 | train 52.6% | test 55.0%
Ep   4 | loss 1.2232 | task 1.2189 | cons 0.0430 | train 55.7% | test 56.9%
Ep   5 | loss 1.1553 | task 1.1503 | cons 0.0497 | train 58.1% | test 59.4%
Ep   6 | loss 1.0895 | task 1.0844 | cons 0.0509 | train 61.0% | test 61.2%
Ep   7 | loss 1.0331 | task 1.0268 | cons 0.0633 | train 63.0% | test 63.7%
Ep   8 | loss 0.9901 | task 0.9829 | cons 0.0720 | train 64.7% | test 64.8%
Ep   9 | loss 0.9568 | task 0.9491 | cons 0.0768 | train 66.0% | test 66.9%
Ep  10 | loss 0.9175 | task 0.9081 | cons 0.0936 | train 67.6% | test 67.0%
    K=1: 22.1%
    K=2: 39.4%
    K=4: 61.6%
Ep  11 | loss 0.8863 | task 0.8741 | cons 0.1220 | train 68.6% | test 69.2%
Ep  12 | loss 0.8543 | task 0.8347 | cons 0.1963 | train 70.3% | test 68.2%
Ep  13 | loss 0.8250 | task 0.8058 | cons 0.1925 | train 71.4% | test 71.7%
Ep  14 | loss 0.8040 | task 0.7883 | cons 0.1567 | train 71.9% | test 71.7%
Ep  15 | loss 0.7634 | task 0.7499 | cons 0.1350 | train 73.3% | test 70.9%
Ep  16 | loss 0.7392 | task 0.7249 | cons 0.1429 | train 74.2% | test 72.0%
Ep  17 | loss 0.7178 | task 0.7049 | cons 0.1293 | train 74.9% | test 73.2%
Ep  18 | loss 0.6880 | task 0.6741 | cons 0.1390 | train 76.2% | test 74.5%
Ep  19 | loss 0.6678 | task 0.6534 | cons 0.1443 | train 76.8% | test 74.7%
Ep  20 | loss 0.6515 | task 0.6367 | cons 0.1475 | train 77.3% | test 75.4%
    K=1: 14.9%
    K=2: 32.9%
    K=4: 71.0%
Ep  21 | loss 0.6266 | task 0.6143 | cons 0.1234 | train 78.3% | test 75.5%
Ep  22 | loss 0.6092 | task 0.5958 | cons 0.1337 | train 78.9% | test 76.8%
Ep  23 | loss 0.5911 | task 0.5757 | cons 0.1541 | train 79.6% | test 76.1%
Ep  24 | loss 0.5734 | task 0.5579 | cons 0.1552 | train 80.1% | test 76.7%
Ep  25 | loss 0.5570 | task 0.5431 | cons 0.1393 | train 80.6% | test 76.6%
Ep  26 | loss 0.5394 | task 0.5241 | cons 0.1530 | train 81.3% | test 76.6%
Ep  27 | loss 0.5220 | task 0.5065 | cons 0.1556 | train 82.0% | test 76.7%
Ep  28 | loss 0.5094 | task 0.4941 | cons 0.1525 | train 82.3% | test 77.2%
Ep  29 | loss 0.4907 | task 0.4768 | cons 0.1388 | train 82.9% | test 77.8%
Ep  30 | loss 0.4803 | task 0.4654 | cons 0.1495 | train 83.3% | test 78.2%
    K=1: 11.6%
    K=2: 26.2%
    K=4: 71.6%
Ep  31 | loss 0.4610 | task 0.4465 | cons 0.1447 | train 84.0% | test 77.8%
Ep  32 | loss 0.4440 | task 0.4306 | cons 0.1344 | train 84.6% | test 77.7%
Ep  33 | loss 0.4325 | task 0.4153 | cons 0.1726 | train 85.2% | test 77.5%
Ep  34 | loss 0.4207 | task 0.4040 | cons 0.1674 | train 85.6% | test 78.0%
Ep  35 | loss 0.4070 | task 0.3918 | cons 0.1522 | train 86.0% | test 78.1%
Ep  36 | loss 0.3977 | task 0.3799 | cons 0.1785 | train 86.5% | test 78.0%
Ep  37 | loss 0.3811 | task 0.3658 | cons 0.1528 | train 86.9% | test 78.2%
Ep  38 | loss 0.3637 | task 0.3473 | cons 0.1640 | train 87.5% | test 78.2%
Ep  39 | loss 0.3598 | task 0.3429 | cons 0.1686 | train 87.7% | test 79.3%
Ep  40 | loss 0.3386 | task 0.3227 | cons 0.1590 | train 88.5% | test 77.9%
    K=1: 11.2%
    K=2: 23.7%
    K=4: 69.6%
Ep  41 | loss 0.3281 | task 0.3111 | cons 0.1696 | train 89.0% | test 78.0%
Ep  42 | loss 0.3200 | task 0.3024 | cons 0.1757 | train 89.3% | test 78.2%
Ep  43 | loss 0.3057 | task 0.2880 | cons 0.1773 | train 89.8% | test 77.9%
Ep  44 | loss 0.2944 | task 0.2770 | cons 0.1743 | train 90.1% | test 78.2%
Ep  45 | loss 0.2814 | task 0.2648 | cons 0.1656 | train 90.5% | test 78.5%
Ep  46 | loss 0.2735 | task 0.2564 | cons 0.1712 | train 90.9% | test 78.4%
Ep  47 | loss 0.2638 | task 0.2464 | cons 0.1736 | train 91.3% | test 78.3%
Ep  48 | loss 0.2500 | task 0.2327 | cons 0.1731 | train 91.6% | test 78.7%
Ep  49 | loss 0.2399 | task 0.2232 | cons 0.1669 | train 92.0% | test 78.0%
Ep  50 | loss 0.2308 | task 0.2145 | cons 0.1625 | train 92.3% | test 78.2%
    K=1: 10.8%
    K=2: 23.2%
    K=4: 67.4%
Ep  51 | loss 0.2206 | task 0.2032 | cons 0.1743 | train 92.8% | test 78.2%
Ep  52 | loss 0.2177 | task 0.2007 | cons 0.1698 | train 92.8% | test 78.1%
Ep  53 | loss 0.2072 | task 0.1881 | cons 0.1909 | train 93.4% | test 78.2%
Ep  54 | loss 0.1905 | task 0.1750 | cons 0.1542 | train 93.8% | test 78.7%
Ep  55 | loss 0.1894 | task 0.1722 | cons 0.1714 | train 93.9% | test 78.6%
Ep  56 | loss 0.1819 | task 0.1657 | cons 0.1615 | train 94.1% | test 78.0%
Ep  57 | loss 0.1740 | task 0.1567 | cons 0.1726 | train 94.4% | test 78.3%
Ep  58 | loss 0.1641 | task 0.1482 | cons 0.1590 | train 94.7% | test 79.1%
Ep  59 | loss 0.1592 | task 0.1418 | cons 0.1734 | train 95.0% | test 78.8%
Ep  60 | loss 0.1536 | task 0.1360 | cons 0.1760 | train 95.3% | test 78.3%
    K=1: 12.0%
    K=2: 24.6%
    K=4: 68.3%
Ep  61 | loss 0.1435 | task 0.1286 | cons 0.1495 | train 95.6% | test 78.9%
Ep  62 | loss 0.1351 | task 0.1193 | cons 0.1582 | train 95.8% | test 78.8%
Ep  63 | loss 0.1307 | task 0.1157 | cons 0.1507 | train 96.0% | test 78.6%
Ep  64 | loss 0.1274 | task 0.1100 | cons 0.1734 | train 96.1% | test 78.4%
Ep  65 | loss 0.1203 | task 0.1050 | cons 0.1532 | train 96.4% | test 78.6%
Ep  66 | loss 0.1144 | task 0.0975 | cons 0.1692 | train 96.6% | test 78.9%
Ep  67 | loss 0.1105 | task 0.0932 | cons 0.1729 | train 96.9% | test 78.6%
Ep  68 | loss 0.1048 | task 0.0896 | cons 0.1521 | train 96.9% | test 78.5%
Ep  69 | loss 0.1022 | task 0.0859 | cons 0.1630 | train 97.0% | test 78.7%
Ep  70 | loss 0.0966 | task 0.0806 | cons 0.1601 | train 97.3% | test 78.4%
    K=1: 11.9%
    K=2: 22.8%
    K=4: 67.8%
Ep  71 | loss 0.0922 | task 0.0775 | cons 0.1473 | train 97.4% | test 78.6%
Ep  72 | loss 0.0879 | task 0.0715 | cons 0.1642 | train 97.5% | test 78.5%
Ep  73 | loss 0.0855 | task 0.0685 | cons 0.1702 | train 97.6% | test 78.8%
Ep  74 | loss 0.0798 | task 0.0637 | cons 0.1612 | train 97.9% | test 79.1%
Ep  75 | loss 0.0777 | task 0.0607 | cons 0.1694 | train 97.9% | test 78.8%
Ep  76 | loss 0.0714 | task 0.0559 | cons 0.1548 | train 98.1% | test 79.1%
Ep  77 | loss 0.0687 | task 0.0531 | cons 0.1559 | train 98.2% | test 79.0%
Ep  78 | loss 0.0682 | task 0.0523 | cons 0.1594 | train 98.3% | test 78.6%
Ep  79 | loss 0.0625 | task 0.0481 | cons 0.1437 | train 98.4% | test 78.8%
Ep  80 | loss 0.0605 | task 0.0457 | cons 0.1481 | train 98.5% | test 79.0%
    K=1: 10.7%
    K=2: 22.8%
    K=4: 67.6%
Ep  81 | loss 0.0575 | task 0.0430 | cons 0.1455 | train 98.6% | test 78.6%
Ep  82 | loss 0.0559 | task 0.0401 | cons 0.1581 | train 98.7% | test 78.8%
Ep  83 | loss 0.0518 | task 0.0369 | cons 0.1488 | train 98.8% | test 78.9%
Ep  84 | loss 0.0521 | task 0.0368 | cons 0.1531 | train 98.8% | test 78.7%
Ep  85 | loss 0.0512 | task 0.0345 | cons 0.1662 | train 98.9% | test 79.1%
Ep  86 | loss 0.0477 | task 0.0333 | cons 0.1439 | train 98.9% | test 79.1%
Ep  87 | loss 0.0481 | task 0.0337 | cons 0.1435 | train 98.9% | test 79.0%
Ep  88 | loss 0.0461 | task 0.0307 | cons 0.1545 | train 99.0% | test 78.9%
Ep  89 | loss 0.0426 | task 0.0279 | cons 0.1474 | train 99.1% | test 78.9%
Ep  90 | loss 0.0440 | task 0.0273 | cons 0.1674 | train 99.2% | test 78.9%
    K=1: 10.4%
    K=2: 24.1%
    K=4: 67.7%
Ep  91 | loss 0.0425 | task 0.0269 | cons 0.1559 | train 99.2% | test 79.0%
Ep  92 | loss 0.0430 | task 0.0275 | cons 0.1550 | train 99.1% | test 79.0%
Ep  93 | loss 0.0404 | task 0.0254 | cons 0.1502 | train 99.2% | test 79.1%
Ep  94 | loss 0.0420 | task 0.0258 | cons 0.1621 | train 99.2% | test 79.0%
Ep  95 | loss 0.0387 | task 0.0230 | cons 0.1574 | train 99.3% | test 79.2%
Ep  96 | loss 0.0388 | task 0.0234 | cons 0.1542 | train 99.3% | test 79.2%
Ep  97 | loss 0.0388 | task 0.0228 | cons 0.1600 | train 99.3% | test 79.2%
Ep  98 | loss 0.0392 | task 0.0230 | cons 0.1619 | train 99.3% | test 79.2%
Ep  99 | loss 0.0375 | task 0.0229 | cons 0.1462 | train 99.3% | test 79.1%
Ep 100 | loss 0.0389 | task 0.0229 | cons 0.1606 | train 99.3% | test 79.1%
    K=1: 10.4%
    K=2: 24.2%
    K=4: 68.2%
