/home/ec2-user/dev/ugh/.venv/lib/python3.13/site-packages/torchvision/datasets/cifar.py:83: VisibleDeprecationWarning: dtype(): align should be passed as Python or NumPy boolean but got `align=0`. Did you mean to pass a tuple to create a subarray type? (Deprecated NumPy 2.4)
  entry = pickle.load(f, encoding="latin1")
Model: continuous | Params: 2,017,866 | K=4 | blocks/unit=4
----------------------------------------------------------------------
Ep   1 | loss 1.7785 | task 1.7785 | cons 0.0000 | train 33.3% | test 44.1%
Ep   2 | loss 1.4520 | task 1.4520 | cons 0.0000 | train 47.4% | test 52.5%
Ep   3 | loss 1.2833 | task 1.2833 | cons 0.0000 | train 53.3% | test 56.7%
Ep   4 | loss 1.1863 | task 1.1863 | cons 0.0000 | train 57.0% | test 59.1%
Ep   5 | loss 1.1128 | task 1.1128 | cons 0.0000 | train 59.7% | test 62.3%
Ep   6 | loss 1.0471 | task 1.0471 | cons 0.0000 | train 62.2% | test 61.6%
Ep   7 | loss 0.9875 | task 0.9875 | cons 0.0000 | train 64.7% | test 66.7%
Ep   8 | loss 0.9422 | task 0.9422 | cons 0.0000 | train 66.4% | test 66.5%
Ep   9 | loss 0.8930 | task 0.8930 | cons 0.0000 | train 68.2% | test 69.1%
Ep  10 | loss 0.8490 | task 0.8490 | cons 0.0000 | train 69.7% | test 70.9%
    K=1: 67.4%
    K=2: 70.5%
    K=4: 70.9%
Ep  11 | loss 0.8099 | task 0.8099 | cons 0.0000 | train 71.1% | test 72.7%
Ep  12 | loss 0.7756 | task 0.7756 | cons 0.0000 | train 72.3% | test 73.1%
Ep  13 | loss 0.7382 | task 0.7382 | cons 0.0000 | train 73.9% | test 74.4%
Ep  14 | loss 0.7134 | task 0.7134 | cons 0.0000 | train 74.7% | test 73.1%
Ep  15 | loss 0.6852 | task 0.6852 | cons 0.0000 | train 75.8% | test 75.0%
Ep  16 | loss 0.6592 | task 0.6592 | cons 0.0000 | train 76.6% | test 76.3%
Ep  17 | loss 0.6296 | task 0.6296 | cons 0.0000 | train 77.7% | test 74.7%
Ep  18 | loss 0.6093 | task 0.6093 | cons 0.0000 | train 78.3% | test 76.5%
Ep  19 | loss 0.5891 | task 0.5891 | cons 0.0000 | train 79.2% | test 77.7%
Ep  20 | loss 0.5614 | task 0.5614 | cons 0.0000 | train 80.0% | test 74.5%
    K=1: 73.0%
    K=2: 75.6%
    K=4: 74.5%
Ep  21 | loss 0.5429 | task 0.5429 | cons 0.0000 | train 80.7% | test 77.7%
Ep  22 | loss 0.5211 | task 0.5211 | cons 0.0000 | train 81.6% | test 77.6%
Ep  23 | loss 0.5059 | task 0.5059 | cons 0.0000 | train 82.0% | test 78.3%
Ep  24 | loss 0.4880 | task 0.4880 | cons 0.0000 | train 82.7% | test 78.8%
Ep  25 | loss 0.4659 | task 0.4659 | cons 0.0000 | train 83.3% | test 79.1%
Ep  26 | loss 0.4558 | task 0.4558 | cons 0.0000 | train 83.9% | test 79.2%
Ep  27 | loss 0.4361 | task 0.4361 | cons 0.0000 | train 84.4% | test 79.0%
Ep  28 | loss 0.4150 | task 0.4150 | cons 0.0000 | train 85.2% | test 78.6%
Ep  29 | loss 0.4061 | task 0.4061 | cons 0.0000 | train 85.4% | test 79.1%
Ep  30 | loss 0.3864 | task 0.3864 | cons 0.0000 | train 86.2% | test 79.0%
    K=1: 76.3%
    K=2: 79.3%
    K=4: 79.0%
Ep  31 | loss 0.3738 | task 0.3738 | cons 0.0000 | train 86.5% | test 79.3%
Ep  32 | loss 0.3600 | task 0.3600 | cons 0.0000 | train 87.2% | test 78.6%
Ep  33 | loss 0.3454 | task 0.3454 | cons 0.0000 | train 87.7% | test 79.6%
Ep  34 | loss 0.3351 | task 0.3351 | cons 0.0000 | train 87.9% | test 80.2%
Ep  35 | loss 0.3227 | task 0.3227 | cons 0.0000 | train 88.5% | test 80.1%
Ep  36 | loss 0.3117 | task 0.3117 | cons 0.0000 | train 88.9% | test 79.5%
Ep  37 | loss 0.3028 | task 0.3028 | cons 0.0000 | train 89.2% | test 79.1%
Ep  38 | loss 0.2902 | task 0.2902 | cons 0.0000 | train 89.4% | test 80.2%
Ep  39 | loss 0.2814 | task 0.2814 | cons 0.0000 | train 89.8% | test 79.8%
Ep  40 | loss 0.2657 | task 0.2657 | cons 0.0000 | train 90.5% | test 79.9%
    K=1: 78.2%
    K=2: 80.2%
    K=4: 79.9%
Ep  41 | loss 0.2561 | task 0.2561 | cons 0.0000 | train 90.9% | test 79.6%
Ep  42 | loss 0.2494 | task 0.2494 | cons 0.0000 | train 91.1% | test 79.7%
Ep  43 | loss 0.2406 | task 0.2406 | cons 0.0000 | train 91.4% | test 80.2%
Ep  44 | loss 0.2337 | task 0.2337 | cons 0.0000 | train 91.7% | test 80.3%
Ep  45 | loss 0.2279 | task 0.2279 | cons 0.0000 | train 91.9% | test 78.7%
Ep  46 | loss 0.2270 | task 0.2270 | cons 0.0000 | train 91.9% | test 79.2%
Ep  47 | loss 0.2141 | task 0.2141 | cons 0.0000 | train 92.3% | test 80.2%
Ep  48 | loss 0.2099 | task 0.2099 | cons 0.0000 | train 92.5% | test 80.1%
Ep  49 | loss 0.1978 | task 0.1978 | cons 0.0000 | train 92.9% | test 79.4%
Ep  50 | loss 0.1980 | task 0.1980 | cons 0.0000 | train 92.9% | test 79.6%
    K=1: 77.8%
    K=2: 79.7%
    K=4: 79.6%
Ep  51 | loss 0.1906 | task 0.1906 | cons 0.0000 | train 93.3% | test 80.0%
Ep  52 | loss 0.1917 | task 0.1917 | cons 0.0000 | train 93.2% | test 79.2%
Ep  53 | loss 0.1800 | task 0.1800 | cons 0.0000 | train 93.5% | test 78.9%
Ep  54 | loss 0.1749 | task 0.1749 | cons 0.0000 | train 93.8% | test 79.8%
Ep  55 | loss 0.1707 | task 0.1707 | cons 0.0000 | train 93.8% | test 79.9%
Ep  56 | loss 0.1646 | task 0.1646 | cons 0.0000 | train 94.1% | test 79.7%
Ep  57 | loss 0.1693 | task 0.1693 | cons 0.0000 | train 94.0% | test 80.0%
Ep  58 | loss 0.1628 | task 0.1628 | cons 0.0000 | train 94.2% | test 80.5%
Ep  59 | loss 0.1537 | task 0.1537 | cons 0.0000 | train 94.6% | test 79.9%
Ep  60 | loss 0.1558 | task 0.1558 | cons 0.0000 | train 94.4% | test 80.4%
    K=1: 77.7%
    K=2: 80.1%
    K=4: 80.4%
Ep  61 | loss 0.1488 | task 0.1488 | cons 0.0000 | train 94.8% | test 79.5%
Ep  62 | loss 0.1383 | task 0.1383 | cons 0.0000 | train 95.1% | test 80.2%
Ep  63 | loss 0.1407 | task 0.1407 | cons 0.0000 | train 95.1% | test 80.1%
Ep  64 | loss 0.1388 | task 0.1388 | cons 0.0000 | train 95.2% | test 80.1%
Ep  65 | loss 0.1393 | task 0.1393 | cons 0.0000 | train 95.1% | test 80.1%
Ep  66 | loss 0.1390 | task 0.1390 | cons 0.0000 | train 95.0% | test 79.8%
Ep  67 | loss 0.1267 | task 0.1267 | cons 0.0000 | train 95.6% | test 80.1%
Ep  68 | loss 0.1293 | task 0.1293 | cons 0.0000 | train 95.6% | test 79.9%
Ep  69 | loss 0.1215 | task 0.1215 | cons 0.0000 | train 95.7% | test 80.0%
Ep  70 | loss 0.1167 | task 0.1167 | cons 0.0000 | train 95.8% | test 80.4%
    K=1: 78.3%
    K=2: 80.0%
    K=4: 80.4%
Ep  71 | loss 0.1205 | task 0.1205 | cons 0.0000 | train 95.7% | test 80.1%
Ep  72 | loss 0.1189 | task 0.1189 | cons 0.0000 | train 95.9% | test 80.4%
Ep  73 | loss 0.1140 | task 0.1140 | cons 0.0000 | train 95.9% | test 80.4%
Ep  74 | loss 0.1099 | task 0.1099 | cons 0.0000 | train 96.1% | test 79.5%
Ep  75 | loss 0.1146 | task 0.1146 | cons 0.0000 | train 96.0% | test 79.9%
Ep  76 | loss 0.1084 | task 0.1084 | cons 0.0000 | train 96.2% | test 80.3%
Ep  77 | loss 0.1076 | task 0.1076 | cons 0.0000 | train 96.2% | test 80.2%
Ep  78 | loss 0.1012 | task 0.1012 | cons 0.0000 | train 96.4% | test 80.7%
Ep  79 | loss 0.1055 | task 0.1055 | cons 0.0000 | train 96.3% | test 80.9%
Ep  80 | loss 0.0999 | task 0.0999 | cons 0.0000 | train 96.5% | test 80.4%
    K=1: 78.6%
    K=2: 80.3%
    K=4: 80.4%
Ep  81 | loss 0.1006 | task 0.1006 | cons 0.0000 | train 96.5% | test 80.2%
Ep  82 | loss 0.0968 | task 0.0968 | cons 0.0000 | train 96.5% | test 80.0%
Ep  83 | loss 0.0955 | task 0.0955 | cons 0.0000 | train 96.6% | test 79.9%
Ep  84 | loss 0.0915 | task 0.0915 | cons 0.0000 | train 96.9% | test 80.6%
Ep  85 | loss 0.0925 | task 0.0925 | cons 0.0000 | train 96.7% | test 80.1%
Ep  86 | loss 0.0888 | task 0.0888 | cons 0.0000 | train 96.8% | test 80.3%
Ep  87 | loss 0.0928 | task 0.0928 | cons 0.0000 | train 96.7% | test 80.1%
Ep  88 | loss 0.0841 | task 0.0841 | cons 0.0000 | train 97.1% | test 80.3%
Ep  89 | loss 0.0837 | task 0.0837 | cons 0.0000 | train 97.0% | test 80.1%
Ep  90 | loss 0.0820 | task 0.0820 | cons 0.0000 | train 97.1% | test 80.9%
    K=1: 78.2%
    K=2: 80.7%
    K=4: 80.9%
Ep  91 | loss 0.0799 | task 0.0799 | cons 0.0000 | train 97.2% | test 80.3%
Ep  92 | loss 0.0830 | task 0.0830 | cons 0.0000 | train 97.2% | test 80.5%
Ep  93 | loss 0.0810 | task 0.0810 | cons 0.0000 | train 97.1% | test 80.5%
Ep  94 | loss 0.0795 | task 0.0795 | cons 0.0000 | train 97.2% | test 80.8%
Ep  95 | loss 0.0775 | task 0.0775 | cons 0.0000 | train 97.3% | test 80.7%
Ep  96 | loss 0.0738 | task 0.0738 | cons 0.0000 | train 97.3% | test 79.9%
Ep  97 | loss 0.0734 | task 0.0734 | cons 0.0000 | train 97.5% | test 79.7%
Ep  98 | loss 0.0737 | task 0.0737 | cons 0.0000 | train 97.3% | test 81.3%
Ep  99 | loss 0.0757 | task 0.0757 | cons 0.0000 | train 97.3% | test 80.6%
Ep 100 | loss 0.0683 | task 0.0683 | cons 0.0000 | train 97.7% | test 80.2%
    K=1: 77.9%
    K=2: 80.2%
    K=4: 80.2%
Ep 101 | loss 0.0718 | task 0.0718 | cons 0.0000 | train 97.4% | test 80.7%
Ep 102 | loss 0.0653 | task 0.0653 | cons 0.0000 | train 97.7% | test 80.9%
Ep 103 | loss 0.0673 | task 0.0673 | cons 0.0000 | train 97.7% | test 80.6%
Ep 104 | loss 0.0647 | task 0.0647 | cons 0.0000 | train 97.7% | test 80.7%
Ep 105 | loss 0.0630 | task 0.0630 | cons 0.0000 | train 97.8% | test 80.2%
Ep 106 | loss 0.0684 | task 0.0684 | cons 0.0000 | train 97.7% | test 79.9%
Ep 107 | loss 0.0625 | task 0.0625 | cons 0.0000 | train 97.8% | test 81.2%
Ep 108 | loss 0.0579 | task 0.0579 | cons 0.0000 | train 98.0% | test 81.2%
Ep 109 | loss 0.0631 | task 0.0631 | cons 0.0000 | train 97.8% | test 81.2%
Ep 110 | loss 0.0601 | task 0.0601 | cons 0.0000 | train 97.9% | test 80.1%
    K=1: 78.9%
    K=2: 80.5%
    K=4: 80.1%
Ep 111 | loss 0.0624 | task 0.0624 | cons 0.0000 | train 97.9% | test 80.1%
Ep 112 | loss 0.0563 | task 0.0563 | cons 0.0000 | train 98.1% | test 81.0%
Ep 113 | loss 0.0554 | task 0.0554 | cons 0.0000 | train 98.0% | test 80.9%
Ep 114 | loss 0.0572 | task 0.0572 | cons 0.0000 | train 98.1% | test 80.8%
Ep 115 | loss 0.0524 | task 0.0524 | cons 0.0000 | train 98.2% | test 81.0%
Ep 116 | loss 0.0529 | task 0.0529 | cons 0.0000 | train 98.2% | test 80.5%
Ep 117 | loss 0.0528 | task 0.0528 | cons 0.0000 | train 98.1% | test 81.0%
Ep 118 | loss 0.0558 | task 0.0558 | cons 0.0000 | train 98.0% | test 80.8%
Ep 119 | loss 0.0525 | task 0.0525 | cons 0.0000 | train 98.2% | test 81.2%
Ep 120 | loss 0.0494 | task 0.0494 | cons 0.0000 | train 98.3% | test 81.0%
    K=1: 79.1%
    K=2: 80.9%
    K=4: 81.0%
Ep 121 | loss 0.0481 | task 0.0481 | cons 0.0000 | train 98.3% | test 80.9%
Ep 122 | loss 0.0484 | task 0.0484 | cons 0.0000 | train 98.3% | test 81.1%
Ep 123 | loss 0.0475 | task 0.0475 | cons 0.0000 | train 98.4% | test 81.3%
Ep 124 | loss 0.0462 | task 0.0462 | cons 0.0000 | train 98.3% | test 81.2%
Ep 125 | loss 0.0469 | task 0.0469 | cons 0.0000 | train 98.4% | test 81.2%
Ep 126 | loss 0.0460 | task 0.0460 | cons 0.0000 | train 98.4% | test 80.8%
Ep 127 | loss 0.0437 | task 0.0437 | cons 0.0000 | train 98.5% | test 81.6%
Ep 128 | loss 0.0459 | task 0.0459 | cons 0.0000 | train 98.4% | test 81.3%
Ep 129 | loss 0.0453 | task 0.0453 | cons 0.0000 | train 98.4% | test 80.4%
Ep 130 | loss 0.0446 | task 0.0446 | cons 0.0000 | train 98.5% | test 81.4%
    K=1: 79.8%
    K=2: 81.5%
    K=4: 81.4%
Ep 131 | loss 0.0413 | task 0.0413 | cons 0.0000 | train 98.6% | test 81.3%
Ep 132 | loss 0.0382 | task 0.0382 | cons 0.0000 | train 98.7% | test 81.2%
Ep 133 | loss 0.0394 | task 0.0394 | cons 0.0000 | train 98.7% | test 80.8%
Ep 134 | loss 0.0410 | task 0.0410 | cons 0.0000 | train 98.7% | test 81.3%
Ep 135 | loss 0.0385 | task 0.0385 | cons 0.0000 | train 98.7% | test 81.1%
Ep 136 | loss 0.0380 | task 0.0380 | cons 0.0000 | train 98.7% | test 81.3%
Ep 137 | loss 0.0363 | task 0.0363 | cons 0.0000 | train 98.7% | test 81.0%
Ep 138 | loss 0.0387 | task 0.0387 | cons 0.0000 | train 98.6% | test 81.5%
Ep 139 | loss 0.0354 | task 0.0354 | cons 0.0000 | train 98.8% | test 81.4%
Ep 140 | loss 0.0346 | task 0.0346 | cons 0.0000 | train 98.8% | test 81.7%
    K=1: 79.4%
    K=2: 81.5%
    K=4: 81.7%
Ep 141 | loss 0.0338 | task 0.0338 | cons 0.0000 | train 98.8% | test 81.6%
Ep 142 | loss 0.0349 | task 0.0349 | cons 0.0000 | train 98.8% | test 81.0%
Ep 143 | loss 0.0326 | task 0.0326 | cons 0.0000 | train 98.9% | test 81.0%
Ep 144 | loss 0.0340 | task 0.0340 | cons 0.0000 | train 98.8% | test 81.1%
Ep 145 | loss 0.0310 | task 0.0310 | cons 0.0000 | train 99.0% | test 80.8%
Ep 146 | loss 0.0330 | task 0.0330 | cons 0.0000 | train 98.9% | test 81.6%
Ep 147 | loss 0.0309 | task 0.0309 | cons 0.0000 | train 98.9% | test 81.1%
Ep 148 | loss 0.0282 | task 0.0282 | cons 0.0000 | train 99.0% | test 80.9%
Ep 149 | loss 0.0303 | task 0.0303 | cons 0.0000 | train 98.9% | test 81.9%
Ep 150 | loss 0.0307 | task 0.0307 | cons 0.0000 | train 99.0% | test 81.6%
    K=1: 79.4%
    K=2: 81.6%
    K=4: 81.6%
Ep 151 | loss 0.0305 | task 0.0305 | cons 0.0000 | train 99.0% | test 82.4%
Ep 152 | loss 0.0266 | task 0.0266 | cons 0.0000 | train 99.1% | test 81.6%
Ep 153 | loss 0.0256 | task 0.0256 | cons 0.0000 | train 99.1% | test 81.5%
Ep 154 | loss 0.0282 | task 0.0282 | cons 0.0000 | train 99.0% | test 81.1%
Ep 155 | loss 0.0265 | task 0.0265 | cons 0.0000 | train 99.1% | test 81.2%
Ep 156 | loss 0.0243 | task 0.0243 | cons 0.0000 | train 99.2% | test 81.5%
Ep 157 | loss 0.0262 | task 0.0262 | cons 0.0000 | train 99.1% | test 81.4%
Ep 158 | loss 0.0255 | task 0.0255 | cons 0.0000 | train 99.2% | test 81.8%
Ep 159 | loss 0.0235 | task 0.0235 | cons 0.0000 | train 99.2% | test 81.3%
Ep 160 | loss 0.0226 | task 0.0226 | cons 0.0000 | train 99.3% | test 81.6%
    K=1: 79.8%
    K=2: 81.6%
    K=4: 81.6%
Ep 161 | loss 0.0224 | task 0.0224 | cons 0.0000 | train 99.2% | test 81.6%
Ep 162 | loss 0.0219 | task 0.0219 | cons 0.0000 | train 99.3% | test 81.1%
Ep 163 | loss 0.0238 | task 0.0238 | cons 0.0000 | train 99.2% | test 81.6%
Ep 164 | loss 0.0199 | task 0.0199 | cons 0.0000 | train 99.3% | test 81.8%
Ep 165 | loss 0.0218 | task 0.0218 | cons 0.0000 | train 99.3% | test 81.1%
Ep 166 | loss 0.0206 | task 0.0206 | cons 0.0000 | train 99.3% | test 81.6%
Ep 167 | loss 0.0216 | task 0.0216 | cons 0.0000 | train 99.3% | test 81.8%
Ep 168 | loss 0.0226 | task 0.0226 | cons 0.0000 | train 99.3% | test 81.9%
Ep 169 | loss 0.0217 | task 0.0217 | cons 0.0000 | train 99.3% | test 82.4%
Ep 170 | loss 0.0185 | task 0.0185 | cons 0.0000 | train 99.3% | test 81.6%
    K=1: 79.6%
    K=2: 81.8%
    K=4: 81.6%
Ep 171 | loss 0.0172 | task 0.0172 | cons 0.0000 | train 99.4% | test 81.8%
Ep 172 | loss 0.0190 | task 0.0190 | cons 0.0000 | train 99.3% | test 82.1%
Ep 173 | loss 0.0171 | task 0.0171 | cons 0.0000 | train 99.4% | test 81.2%
Ep 174 | loss 0.0144 | task 0.0144 | cons 0.0000 | train 99.5% | test 81.3%
Ep 175 | loss 0.0184 | task 0.0184 | cons 0.0000 | train 99.4% | test 81.7%
Ep 176 | loss 0.0155 | task 0.0155 | cons 0.0000 | train 99.5% | test 81.6%
Ep 177 | loss 0.0156 | task 0.0156 | cons 0.0000 | train 99.5% | test 82.0%
Ep 178 | loss 0.0162 | task 0.0162 | cons 0.0000 | train 99.4% | test 81.9%
Ep 179 | loss 0.0143 | task 0.0143 | cons 0.0000 | train 99.5% | test 81.4%
Ep 180 | loss 0.0148 | task 0.0148 | cons 0.0000 | train 99.5% | test 81.5%
    K=1: 79.7%
    K=2: 81.7%
    K=4: 81.5%
Ep 181 | loss 0.0130 | task 0.0130 | cons 0.0000 | train 99.5% | test 81.9%
Ep 182 | loss 0.0136 | task 0.0136 | cons 0.0000 | train 99.6% | test 81.8%
Ep 183 | loss 0.0143 | task 0.0143 | cons 0.0000 | train 99.5% | test 82.0%
Ep 184 | loss 0.0125 | task 0.0125 | cons 0.0000 | train 99.6% | test 81.6%
Ep 185 | loss 0.0139 | task 0.0139 | cons 0.0000 | train 99.6% | test 82.1%
Ep 186 | loss 0.0130 | task 0.0130 | cons 0.0000 | train 99.6% | test 81.6%
Ep 187 | loss 0.0129 | task 0.0129 | cons 0.0000 | train 99.6% | test 82.0%
Ep 188 | loss 0.0124 | task 0.0124 | cons 0.0000 | train 99.6% | test 81.7%
Ep 189 | loss 0.0100 | task 0.0100 | cons 0.0000 | train 99.6% | test 82.0%
Ep 190 | loss 0.0116 | task 0.0116 | cons 0.0000 | train 99.6% | test 81.6%
    K=1: 79.6%
    K=2: 81.7%
    K=4: 81.6%
Ep 191 | loss 0.0118 | task 0.0118 | cons 0.0000 | train 99.6% | test 82.3%
Ep 192 | loss 0.0100 | task 0.0100 | cons 0.0000 | train 99.7% | test 82.0%
Ep 193 | loss 0.0098 | task 0.0098 | cons 0.0000 | train 99.7% | test 82.5%
Ep 194 | loss 0.0095 | task 0.0095 | cons 0.0000 | train 99.7% | test 82.1%
Ep 195 | loss 0.0087 | task 0.0087 | cons 0.0000 | train 99.7% | test 82.3%
Ep 196 | loss 0.0090 | task 0.0090 | cons 0.0000 | train 99.7% | test 82.4%
Ep 197 | loss 0.0088 | task 0.0088 | cons 0.0000 | train 99.7% | test 82.5%
Ep 198 | loss 0.0087 | task 0.0087 | cons 0.0000 | train 99.7% | test 82.3%
Ep 199 | loss 0.0077 | task 0.0077 | cons 0.0000 | train 99.7% | test 82.1%
Ep 200 | loss 0.0090 | task 0.0090 | cons 0.0000 | train 99.7% | test 81.6%
    K=1: 80.1%
    K=2: 81.8%
    K=4: 81.6%
Ep 201 | loss 0.0090 | task 0.0090 | cons 0.0000 | train 99.7% | test 82.0%
Ep 202 | loss 0.0085 | task 0.0085 | cons 0.0000 | train 99.7% | test 82.1%
Ep 203 | loss 0.0066 | task 0.0066 | cons 0.0000 | train 99.8% | test 82.5%
Ep 204 | loss 0.0074 | task 0.0074 | cons 0.0000 | train 99.8% | test 82.4%
Ep 205 | loss 0.0064 | task 0.0064 | cons 0.0000 | train 99.8% | test 81.8%
Ep 206 | loss 0.0073 | task 0.0073 | cons 0.0000 | train 99.8% | test 82.5%
Ep 207 | loss 0.0070 | task 0.0070 | cons 0.0000 | train 99.8% | test 82.1%
Ep 208 | loss 0.0056 | task 0.0056 | cons 0.0000 | train 99.8% | test 81.9%
Ep 209 | loss 0.0047 | task 0.0047 | cons 0.0000 | train 99.8% | test 82.2%
Ep 210 | loss 0.0066 | task 0.0066 | cons 0.0000 | train 99.8% | test 82.1%
    K=1: 80.3%
    K=2: 82.2%
    K=4: 82.1%
Ep 211 | loss 0.0060 | task 0.0060 | cons 0.0000 | train 99.8% | test 82.3%
Ep 212 | loss 0.0046 | task 0.0046 | cons 0.0000 | train 99.8% | test 82.2%
Ep 213 | loss 0.0053 | task 0.0053 | cons 0.0000 | train 99.8% | test 81.7%
Ep 214 | loss 0.0048 | task 0.0048 | cons 0.0000 | train 99.8% | test 82.3%
Ep 215 | loss 0.0054 | task 0.0054 | cons 0.0000 | train 99.8% | test 82.2%
Ep 216 | loss 0.0036 | task 0.0036 | cons 0.0000 | train 99.9% | test 82.6%
Ep 217 | loss 0.0047 | task 0.0047 | cons 0.0000 | train 99.8% | test 82.9%
Ep 218 | loss 0.0044 | task 0.0044 | cons 0.0000 | train 99.9% | test 83.1%
Ep 219 | loss 0.0045 | task 0.0045 | cons 0.0000 | train 99.9% | test 82.4%
Ep 220 | loss 0.0039 | task 0.0039 | cons 0.0000 | train 99.9% | test 82.6%
    K=1: 81.2%
    K=2: 82.7%
    K=4: 82.6%
Ep 221 | loss 0.0031 | task 0.0031 | cons 0.0000 | train 99.9% | test 82.9%
Ep 222 | loss 0.0029 | task 0.0029 | cons 0.0000 | train 99.9% | test 82.3%
Ep 223 | loss 0.0040 | task 0.0040 | cons 0.0000 | train 99.9% | test 82.5%
Ep 224 | loss 0.0034 | task 0.0034 | cons 0.0000 | train 99.9% | test 82.4%
Ep 225 | loss 0.0028 | task 0.0028 | cons 0.0000 | train 99.9% | test 82.5%
Ep 226 | loss 0.0029 | task 0.0029 | cons 0.0000 | train 99.9% | test 82.6%
Ep 227 | loss 0.0023 | task 0.0023 | cons 0.0000 | train 99.9% | test 82.7%
Ep 228 | loss 0.0038 | task 0.0038 | cons 0.0000 | train 99.9% | test 82.6%
Ep 229 | loss 0.0031 | task 0.0031 | cons 0.0000 | train 99.9% | test 82.8%
Ep 230 | loss 0.0028 | task 0.0028 | cons 0.0000 | train 99.9% | test 82.3%
    K=1: 81.0%
    K=2: 82.5%
    K=4: 82.3%
Ep 231 | loss 0.0022 | task 0.0022 | cons 0.0000 | train 99.9% | test 82.7%
Ep 232 | loss 0.0023 | task 0.0023 | cons 0.0000 | train 99.9% | test 82.6%
Ep 233 | loss 0.0018 | task 0.0018 | cons 0.0000 | train 100.0% | test 82.6%
Ep 234 | loss 0.0013 | task 0.0013 | cons 0.0000 | train 100.0% | test 82.8%
Ep 235 | loss 0.0018 | task 0.0018 | cons 0.0000 | train 99.9% | test 82.7%
Ep 236 | loss 0.0016 | task 0.0016 | cons 0.0000 | train 100.0% | test 82.8%
Ep 237 | loss 0.0018 | task 0.0018 | cons 0.0000 | train 99.9% | test 82.9%
Ep 238 | loss 0.0016 | task 0.0016 | cons 0.0000 | train 100.0% | test 82.8%
Ep 239 | loss 0.0015 | task 0.0015 | cons 0.0000 | train 99.9% | test 82.9%
Ep 240 | loss 0.0017 | task 0.0017 | cons 0.0000 | train 100.0% | test 82.8%
    K=1: 81.6%
    K=2: 82.9%
    K=4: 82.8%
Ep 241 | loss 0.0010 | task 0.0010 | cons 0.0000 | train 100.0% | test 82.3%
Ep 242 | loss 0.0014 | task 0.0014 | cons 0.0000 | train 99.9% | test 82.7%
Ep 243 | loss 0.0013 | task 0.0013 | cons 0.0000 | train 100.0% | test 82.7%
Ep 244 | loss 0.0011 | task 0.0011 | cons 0.0000 | train 100.0% | test 82.7%
Ep 245 | loss 0.0013 | task 0.0013 | cons 0.0000 | train 100.0% | test 82.8%
Ep 246 | loss 0.0008 | task 0.0008 | cons 0.0000 | train 100.0% | test 82.9%
Ep 247 | loss 0.0013 | task 0.0013 | cons 0.0000 | train 100.0% | test 82.7%
Ep 248 | loss 0.0008 | task 0.0008 | cons 0.0000 | train 100.0% | test 82.7%
Ep 249 | loss 0.0010 | task 0.0010 | cons 0.0000 | train 100.0% | test 82.6%
Ep 250 | loss 0.0007 | task 0.0007 | cons 0.0000 | train 100.0% | test 82.8%
    K=1: 81.5%
    K=2: 82.8%
    K=4: 82.8%
Ep 251 | loss 0.0007 | task 0.0007 | cons 0.0000 | train 100.0% | test 82.8%
Ep 252 | loss 0.0009 | task 0.0009 | cons 0.0000 | train 100.0% | test 82.4%
Ep 253 | loss 0.0006 | task 0.0006 | cons 0.0000 | train 100.0% | test 82.8%
Ep 254 | loss 0.0009 | task 0.0009 | cons 0.0000 | train 100.0% | test 82.9%
Ep 255 | loss 0.0011 | task 0.0011 | cons 0.0000 | train 100.0% | test 82.6%
Ep 256 | loss 0.0008 | task 0.0008 | cons 0.0000 | train 100.0% | test 82.5%
Ep 257 | loss 0.0007 | task 0.0007 | cons 0.0000 | train 100.0% | test 82.6%
Ep 258 | loss 0.0006 | task 0.0006 | cons 0.0000 | train 100.0% | test 82.5%
Ep 259 | loss 0.0006 | task 0.0006 | cons 0.0000 | train 100.0% | test 83.0%
Ep 260 | loss 0.0004 | task 0.0004 | cons 0.0000 | train 100.0% | test 83.1%
    K=1: 81.9%
    K=2: 83.0%
    K=4: 83.1%
Ep 261 | loss 0.0005 | task 0.0005 | cons 0.0000 | train 100.0% | test 82.8%
Ep 262 | loss 0.0004 | task 0.0004 | cons 0.0000 | train 100.0% | test 82.9%
Ep 263 | loss 0.0004 | task 0.0004 | cons 0.0000 | train 100.0% | test 82.8%
Ep 264 | loss 0.0004 | task 0.0004 | cons 0.0000 | train 100.0% | test 83.0%
Ep 265 | loss 0.0004 | task 0.0004 | cons 0.0000 | train 100.0% | test 82.9%
Ep 266 | loss 0.0004 | task 0.0004 | cons 0.0000 | train 100.0% | test 82.9%
Ep 267 | loss 0.0003 | task 0.0003 | cons 0.0000 | train 100.0% | test 82.9%
Ep 268 | loss 0.0002 | task 0.0002 | cons 0.0000 | train 100.0% | test 83.0%
Ep 269 | loss 0.0003 | task 0.0003 | cons 0.0000 | train 100.0% | test 82.7%
Ep 270 | loss 0.0003 | task 0.0003 | cons 0.0000 | train 100.0% | test 82.8%
    K=1: 81.6%
    K=2: 82.9%
    K=4: 82.8%
Ep 271 | loss 0.0003 | task 0.0003 | cons 0.0000 | train 100.0% | test 82.8%
Ep 272 | loss 0.0003 | task 0.0003 | cons 0.0000 | train 100.0% | test 82.8%
Ep 273 | loss 0.0002 | task 0.0002 | cons 0.0000 | train 100.0% | test 82.9%
Ep 274 | loss 0.0002 | task 0.0002 | cons 0.0000 | train 100.0% | test 83.0%
Ep 275 | loss 0.0002 | task 0.0002 | cons 0.0000 | train 100.0% | test 82.9%
Ep 276 | loss 0.0002 | task 0.0002 | cons 0.0000 | train 100.0% | test 83.2%
Ep 277 | loss 0.0002 | task 0.0002 | cons 0.0000 | train 100.0% | test 83.1%
Ep 278 | loss 0.0002 | task 0.0002 | cons 0.0000 | train 100.0% | test 83.1%
Ep 279 | loss 0.0001 | task 0.0001 | cons 0.0000 | train 100.0% | test 83.2%
Ep 280 | loss 0.0002 | task 0.0002 | cons 0.0000 | train 100.0% | test 83.1%
    K=1: 81.8%
    K=2: 83.3%
    K=4: 83.1%
Ep 281 | loss 0.0002 | task 0.0002 | cons 0.0000 | train 100.0% | test 83.2%
Ep 282 | loss 0.0002 | task 0.0002 | cons 0.0000 | train 100.0% | test 83.0%
Ep 283 | loss 0.0002 | task 0.0002 | cons 0.0000 | train 100.0% | test 83.0%
Ep 284 | loss 0.0001 | task 0.0001 | cons 0.0000 | train 100.0% | test 83.1%
Ep 285 | loss 0.0001 | task 0.0001 | cons 0.0000 | train 100.0% | test 83.3%
Ep 286 | loss 0.0001 | task 0.0001 | cons 0.0000 | train 100.0% | test 83.3%
Ep 287 | loss 0.0001 | task 0.0001 | cons 0.0000 | train 100.0% | test 83.2%
Ep 288 | loss 0.0001 | task 0.0001 | cons 0.0000 | train 100.0% | test 83.2%
Ep 289 | loss 0.0001 | task 0.0001 | cons 0.0000 | train 100.0% | test 83.3%
Ep 290 | loss 0.0002 | task 0.0002 | cons 0.0000 | train 100.0% | test 83.2%
    K=1: 82.0%
    K=2: 83.2%
    K=4: 83.2%
Ep 291 | loss 0.0001 | task 0.0001 | cons 0.0000 | train 100.0% | test 83.2%
Ep 292 | loss 0.0001 | task 0.0001 | cons 0.0000 | train 100.0% | test 83.2%
Ep 293 | loss 0.0001 | task 0.0001 | cons 0.0000 | train 100.0% | test 83.2%
Ep 294 | loss 0.0003 | task 0.0003 | cons 0.0000 | train 100.0% | test 83.2%
Ep 295 | loss 0.0001 | task 0.0001 | cons 0.0000 | train 100.0% | test 83.2%
Ep 296 | loss 0.0002 | task 0.0002 | cons 0.0000 | train 100.0% | test 83.2%
Ep 297 | loss 0.0001 | task 0.0001 | cons 0.0000 | train 100.0% | test 83.2%
Ep 298 | loss 0.0001 | task 0.0001 | cons 0.0000 | train 100.0% | test 83.2%
Ep 299 | loss 0.0001 | task 0.0001 | cons 0.0000 | train 100.0% | test 83.2%
Ep 300 | loss 0.0001 | task 0.0001 | cons 0.0000 | train 100.0% | test 83.2%
    K=1: 82.1%
    K=2: 83.2%
    K=4: 83.2%
Saved checkpoint to cont_4bpu_K4_dim192.pt
