/home/ec2-user/dev/ugh/.venv/lib/python3.13/site-packages/torchvision/datasets/cifar.py:83: VisibleDeprecationWarning: dtype(): align should be passed as Python or NumPy boolean but got `align=0`. Did you mean to pass a tuple to create a subarray type? (Deprecated NumPy 2.4)
  entry = pickle.load(f, encoding="latin1")
Model: continuous | Params: 522,762 | K=8
----------------------------------------------------------------------
/home/ec2-user/.local/share/uv/python/cpython-3.13.12-linux-x86_64-gnu/lib/python3.13/contextlib.py:109: FutureWarning: `torch.backends.cuda.sdp_kernel()` is deprecated. In the future, this context manager will be removed. Please see `torch.nn.attention.sdpa_kernel()` for the new context manager, with updated signature.
  self.gen = func(*args, **kwds)
Ep   1 | loss 1.8238 | task 1.8238 | cons 0.0110 | train 31.9% | test 37.1%
Ep   2 | loss 1.5527 | task 1.5527 | cons 0.0286 | train 43.4% | test 47.0%
Ep   3 | loss 1.4424 | task 1.4424 | cons 0.0311 | train 47.6% | test 53.2%
Ep   4 | loss 1.3681 | task 1.3681 | cons 0.0374 | train 50.3% | test 55.0%
Ep   5 | loss 1.3159 | task 1.3159 | cons 0.0443 | train 52.2% | test 54.7%
Ep   6 | loss 1.2729 | task 1.2729 | cons 0.0493 | train 54.0% | test 56.2%
Ep   7 | loss 1.2340 | task 1.2340 | cons 0.0535 | train 55.3% | test 59.4%
Ep   8 | loss 1.1975 | task 1.1975 | cons 0.0568 | train 56.8% | test 60.6%
Ep   9 | loss 1.1676 | task 1.1676 | cons 0.0710 | train 57.8% | test 62.3%
Ep  10 | loss 1.1386 | task 1.1386 | cons 0.0722 | train 58.9% | test 63.1%
    K=1: 52.1%
    K=2: 61.2%
    K=4: 62.8%
Ep  11 | loss 1.1061 | task 1.1061 | cons 0.0912 | train 60.1% | test 63.9%
Ep  12 | loss 1.0810 | task 1.0810 | cons 0.1022 | train 61.1% | test 62.8%
Ep  13 | loss 1.0585 | task 1.0585 | cons 0.1164 | train 61.7% | test 65.0%
Ep  14 | loss 1.0514 | task 1.0514 | cons 0.1284 | train 62.1% | test 66.1%
Ep  15 | loss 1.0270 | task 1.0270 | cons 0.1341 | train 63.1% | test 67.9%
Ep  16 | loss 0.9982 | task 0.9982 | cons 0.1604 | train 64.1% | test 68.6%
Ep  17 | loss 1.0156 | task 1.0156 | cons 0.1835 | train 63.5% | test 68.3%
Ep  18 | loss 0.9746 | task 0.9746 | cons 0.1837 | train 65.0% | test 69.1%
Ep  19 | loss 0.9670 | task 0.9670 | cons 0.1937 | train 65.2% | test 70.9%
Ep  20 | loss 0.9407 | task 0.9407 | cons 0.2085 | train 66.0% | test 71.3%
    K=1: 52.9%
    K=2: 67.3%
    K=4: 70.8%
Ep  21 | loss 0.9159 | task 0.9159 | cons 0.2074 | train 67.2% | test 71.0%
Ep  22 | loss 0.9164 | task 0.9164 | cons 0.2183 | train 67.1% | test 70.1%
Ep  23 | loss 0.8877 | task 0.8877 | cons 0.2207 | train 67.9% | test 71.3%
Ep  24 | loss 0.8987 | task 0.8987 | cons 0.2517 | train 67.9% | test 70.7%
Ep  25 | loss 0.9081 | task 0.9081 | cons 0.2234 | train 67.6% | test 72.4%
Ep  26 | loss 0.8452 | task 0.8452 | cons 0.2316 | train 69.8% | test 72.4%
Ep  27 | loss 0.8458 | task 0.8458 | cons 0.2456 | train 69.8% | test 73.4%
Ep  28 | loss 0.8473 | task 0.8473 | cons 0.2516 | train 69.5% | test 73.5%
Ep  29 | loss 0.8240 | task 0.8240 | cons 0.2955 | train 70.5% | test 74.1%
Ep  30 | loss 0.8386 | task 0.8386 | cons 0.2839 | train 69.9% | test 73.5%
    K=1: 56.1%
    K=2: 70.9%
    K=4: 73.7%
Ep  31 | loss 0.8318 | task 0.8318 | cons 0.2605 | train 70.0% | test 73.7%
Ep  32 | loss 0.8204 | task 0.8204 | cons 0.2756 | train 70.4% | test 73.7%
Ep  33 | loss 0.8061 | task 0.8061 | cons 0.2948 | train 70.9% | test 73.8%
Ep  34 | loss 0.8128 | task 0.8128 | cons 0.2685 | train 70.8% | test 74.6%
Ep  35 | loss 0.7791 | task 0.7791 | cons 0.2959 | train 72.1% | test 74.2%
Ep  36 | loss 0.7782 | task 0.7782 | cons 0.2593 | train 72.2% | test 74.3%
Ep  37 | loss 0.7669 | task 0.7669 | cons 0.2656 | train 72.4% | test 74.2%
Ep  38 | loss 0.7743 | task 0.7743 | cons 0.2917 | train 72.2% | test 74.2%
Ep  39 | loss 0.7694 | task 0.7694 | cons 0.3037 | train 72.5% | test 75.2%
Ep  40 | loss 0.7481 | task 0.7481 | cons 0.2886 | train 73.0% | test 75.3%
    K=1: 57.3%
    K=2: 71.9%
    K=4: 75.5%
Ep  41 | loss 0.7347 | task 0.7347 | cons 0.2994 | train 73.6% | test 74.6%
Ep  42 | loss 0.6940 | task 0.6940 | cons 0.2966 | train 75.1% | test 75.4%
Ep  43 | loss 0.7195 | task 0.7195 | cons 0.2703 | train 74.3% | test 76.0%
Ep  44 | loss 0.7233 | task 0.7233 | cons 0.3125 | train 74.0% | test 75.6%
Ep  45 | loss 0.7139 | task 0.7139 | cons 0.3318 | train 74.3% | test 75.5%
Ep  46 | loss 0.6895 | task 0.6895 | cons 0.2868 | train 75.3% | test 75.8%
Ep  47 | loss 0.7025 | task 0.7025 | cons 0.3329 | train 74.8% | test 75.6%
Ep  48 | loss 0.6331 | task 0.6331 | cons 0.3214 | train 77.2% | test 75.9%
Ep  49 | loss 0.6849 | task 0.6849 | cons 0.3467 | train 75.5% | test 75.9%
Ep  50 | loss 0.6635 | task 0.6635 | cons 0.3293 | train 76.1% | test 75.9%
    K=1: 57.7%
    K=2: 73.4%
    K=4: 76.0%
Ep  51 | loss 0.6515 | task 0.6515 | cons 0.3090 | train 76.5% | test 76.2%
Ep  52 | loss 0.6407 | task 0.6407 | cons 0.3288 | train 77.0% | test 76.5%
Ep  53 | loss 0.6389 | task 0.6389 | cons 0.2798 | train 77.1% | test 75.4%
Ep  54 | loss 0.5933 | task 0.5933 | cons 0.3240 | train 78.9% | test 76.5%
Ep  55 | loss 0.6465 | task 0.6465 | cons 0.2930 | train 76.8% | test 76.9%
Ep  56 | loss 0.5962 | task 0.5962 | cons 0.2837 | train 78.8% | test 75.8%
Ep  57 | loss 0.6117 | task 0.6117 | cons 0.3191 | train 78.0% | test 77.0%
Ep  58 | loss 0.6099 | task 0.6099 | cons 0.3286 | train 78.1% | test 76.4%
Ep  59 | loss 0.6002 | task 0.6002 | cons 0.3300 | train 78.4% | test 76.8%
Ep  60 | loss 0.6011 | task 0.6011 | cons 0.3009 | train 78.4% | test 76.5%
    K=1: 58.0%
    K=2: 74.4%
    K=4: 77.2%
Ep  61 | loss 0.5923 | task 0.5923 | cons 0.2978 | train 78.8% | test 77.0%
Ep  62 | loss 0.5729 | task 0.5729 | cons 0.3099 | train 79.4% | test 76.9%
Ep  63 | loss 0.5859 | task 0.5859 | cons 0.3053 | train 78.9% | test 76.5%
Ep  64 | loss 0.5592 | task 0.5592 | cons 0.2910 | train 79.9% | test 76.5%
Ep  65 | loss 0.5431 | task 0.5431 | cons 0.2787 | train 80.6% | test 76.4%
Ep  66 | loss 0.5366 | task 0.5366 | cons 0.2950 | train 80.8% | test 76.6%
Ep  67 | loss 0.5210 | task 0.5210 | cons 0.2908 | train 81.4% | test 77.1%
Ep  68 | loss 0.5416 | task 0.5416 | cons 0.2789 | train 80.5% | test 76.1%
Ep  69 | loss 0.5489 | task 0.5489 | cons 0.2968 | train 80.3% | test 77.0%
Ep  70 | loss 0.5123 | task 0.5123 | cons 0.3251 | train 81.6% | test 76.5%
    K=1: 58.8%
    K=2: 74.3%
    K=4: 77.1%
Ep  71 | loss 0.5248 | task 0.5248 | cons 0.3013 | train 81.1% | test 76.7%
Ep  72 | loss 0.5252 | task 0.5252 | cons 0.2657 | train 81.2% | test 77.1%
Ep  73 | loss 0.4900 | task 0.4900 | cons 0.3054 | train 82.4% | test 76.8%
Ep  74 | loss 0.4796 | task 0.4796 | cons 0.2757 | train 82.8% | test 76.7%
Ep  75 | loss 0.5209 | task 0.5209 | cons 0.2901 | train 81.4% | test 76.9%
Ep  76 | loss 0.5061 | task 0.5061 | cons 0.3032 | train 81.8% | test 76.6%
Ep  77 | loss 0.4916 | task 0.4916 | cons 0.2902 | train 82.6% | test 77.0%
Ep  78 | loss 0.4896 | task 0.4896 | cons 0.2825 | train 82.5% | test 76.7%
Ep  79 | loss 0.4953 | task 0.4953 | cons 0.2960 | train 82.3% | test 76.6%
Ep  80 | loss 0.4996 | task 0.4996 | cons 0.2781 | train 82.0% | test 76.9%
    K=1: 59.5%
    K=2: 74.7%
    K=4: 77.3%
Ep  81 | loss 0.4812 | task 0.4812 | cons 0.3022 | train 83.0% | test 76.8%
Ep  82 | loss 0.4955 | task 0.4955 | cons 0.2820 | train 82.3% | test 77.1%
Ep  83 | loss 0.4708 | task 0.4708 | cons 0.2814 | train 83.3% | test 76.9%
Ep  84 | loss 0.4691 | task 0.4691 | cons 0.2849 | train 83.2% | test 76.9%
Ep  85 | loss 0.4884 | task 0.4884 | cons 0.2866 | train 82.5% | test 77.1%
Ep  86 | loss 0.4431 | task 0.4431 | cons 0.2904 | train 84.2% | test 77.2%
Ep  87 | loss 0.4689 | task 0.4689 | cons 0.2858 | train 83.2% | test 76.8%
Ep  88 | loss 0.4459 | task 0.4459 | cons 0.2838 | train 84.1% | test 76.9%
Ep  89 | loss 0.4511 | task 0.4511 | cons 0.2961 | train 83.8% | test 77.4%
Ep  90 | loss 0.4485 | task 0.4485 | cons 0.2790 | train 83.9% | test 77.1%
    K=1: 60.1%
    K=2: 75.0%
    K=4: 77.6%
Ep  91 | loss 0.4526 | task 0.4526 | cons 0.2791 | train 83.9% | test 77.0%
Ep  92 | loss 0.4680 | task 0.4680 | cons 0.2860 | train 83.4% | test 77.0%
Ep  93 | loss 0.4449 | task 0.4449 | cons 0.3047 | train 84.3% | test 76.9%
Ep  94 | loss 0.4792 | task 0.4792 | cons 0.2947 | train 83.0% | test 77.2%
Ep  95 | loss 0.4333 | task 0.4333 | cons 0.2646 | train 84.5% | test 77.2%
Ep  96 | loss 0.4719 | task 0.4719 | cons 0.2937 | train 83.3% | test 77.0%
Ep  97 | loss 0.4494 | task 0.4494 | cons 0.2690 | train 84.1% | test 77.1%
Ep  98 | loss 0.4481 | task 0.4481 | cons 0.2612 | train 84.0% | test 77.1%
Ep  99 | loss 0.4531 | task 0.4531 | cons 0.2578 | train 84.0% | test 77.1%
Ep 100 | loss 0.4539 | task 0.4539 | cons 0.2811 | train 83.7% | test 77.1%
    K=1: 60.2%
    K=2: 75.0%
    K=4: 77.5%
