/home/ec2-user/dev/ugh/.venv/lib/python3.13/site-packages/torchvision/datasets/cifar.py:83: VisibleDeprecationWarning: dtype(): align should be passed as Python or NumPy boolean but got `align=0`. Did you mean to pass a tuple to create a subarray type? (Deprecated NumPy 2.4)
  entry = pickle.load(f, encoding="latin1")
Model: continuous | Params: 2,017,866 | K=4 | blocks/unit=4
----------------------------------------------------------------------
  step 100/391 | loss 2.0012 | acc 24.8% | 5s elapsed | eta 13s
  step 200/391 | loss 1.8997 | acc 28.5% | 9s elapsed | eta 9s
  step 300/391 | loss 1.8437 | acc 30.7% | 13s elapsed | eta 4s
Ep   1 | loss 1.8004 | task 1.7992 | cons 0.0626 | train 32.4% | test 41.5% | 18s
  step 100/391 | loss 1.5798 | acc 41.9% | 4s elapsed | eta 13s
  step 200/391 | loss 1.5538 | acc 42.9% | 9s elapsed | eta 8s
  step 300/391 | loss 1.5220 | acc 44.1% | 12s elapsed | eta 4s
Ep   2 | loss 1.5035 | task 1.4998 | cons 0.0933 | train 44.9% | test 49.2% | 18s
  step 100/391 | loss 1.3830 | acc 49.5% | 4s elapsed | eta 13s
  step 200/391 | loss 1.3766 | acc 49.9% | 8s elapsed | eta 8s
  step 300/391 | loss 1.3632 | acc 50.5% | 13s elapsed | eta 4s
Ep   3 | loss 1.3557 | task 1.3497 | cons 0.1011 | train 50.8% | test 53.2% | 18s
  step 100/391 | loss 1.2810 | acc 53.9% | 4s elapsed | eta 13s
  step 200/391 | loss 1.2814 | acc 53.9% | 9s elapsed | eta 8s
  step 300/391 | loss 1.2729 | acc 54.2% | 13s elapsed | eta 4s
Ep   4 | loss 1.2668 | task 1.2580 | cons 0.1102 | train 54.5% | test 56.9% | 18s
  step 100/391 | loss 1.2103 | acc 56.9% | 5s elapsed | eta 13s
  step 200/391 | loss 1.1983 | acc 57.0% | 9s elapsed | eta 8s
  step 300/391 | loss 1.1993 | acc 57.0% | 13s elapsed | eta 4s
Ep   5 | loss 1.1951 | task 1.1832 | cons 0.1185 | train 57.2% | test 59.8% | 18s
  step 100/391 | loss 1.1633 | acc 58.5% | 4s elapsed | eta 12s
  step 200/391 | loss 1.1517 | acc 59.0% | 8s elapsed | eta 8s
  step 300/391 | loss 1.1463 | acc 59.3% | 13s elapsed | eta 4s
Ep   6 | loss 1.1457 | task 1.1308 | cons 0.1244 | train 59.2% | test 62.3% | 18s
  step 100/391 | loss 1.1112 | acc 60.4% | 5s elapsed | eta 13s
  step 200/391 | loss 1.1075 | acc 60.7% | 9s elapsed | eta 9s
  step 300/391 | loss 1.1017 | acc 61.1% | 13s elapsed | eta 4s
Ep   7 | loss 1.0947 | task 1.0774 | cons 0.1235 | train 61.4% | test 63.4% | 18s
  step 100/391 | loss 1.0575 | acc 62.9% | 4s elapsed | eta 13s
  step 200/391 | loss 1.0657 | acc 62.6% | 8s elapsed | eta 8s
  step 300/391 | loss 1.0586 | acc 63.0% | 11s elapsed | eta 3s
Ep   8 | loss 1.0538 | task 1.0319 | cons 0.1370 | train 63.1% | test 64.8% | 17s
  step 100/391 | loss 1.0314 | acc 64.2% | 5s elapsed | eta 13s
  step 200/391 | loss 1.0188 | acc 64.5% | 8s elapsed | eta 8s
  step 300/391 | loss 1.0151 | acc 64.9% | 13s elapsed | eta 4s
Ep   9 | loss 1.0124 | task 0.9875 | cons 0.1384 | train 64.9% | test 67.7% | 18s
  step 100/391 | loss 0.9673 | acc 66.9% | 4s elapsed | eta 12s
  step 200/391 | loss 0.9732 | acc 66.5% | 9s elapsed | eta 8s
  step 300/391 | loss 0.9719 | acc 66.5% | 13s elapsed | eta 4s
Ep  10 | loss 0.9732 | task 0.9452 | cons 0.1398 | train 66.5% | test 65.8% | 18s
    K=1: 68.2%
    K=2: 67.4%
    K=4: 65.8%
  step 100/391 | loss 0.9516 | acc 67.3% | 4s elapsed | eta 12s
  step 200/391 | loss 0.9481 | acc 67.4% | 9s elapsed | eta 8s
  step 300/391 | loss 0.9440 | acc 67.5% | 13s elapsed | eta 4s
Ep  11 | loss 0.9415 | task 0.9122 | cons 0.1332 | train 67.6% | test 69.9% | 18s
  step 100/391 | loss 0.9268 | acc 68.4% | 5s elapsed | eta 14s
  step 200/391 | loss 0.9245 | acc 68.5% | 9s elapsed | eta 8s
  step 300/391 | loss 0.9254 | acc 68.7% | 13s elapsed | eta 4s
Ep  12 | loss 0.9276 | task 0.8905 | cons 0.1544 | train 68.6% | test 71.0% | 18s
  step 100/391 | loss 0.8939 | acc 69.6% | 5s elapsed | eta 13s
  step 200/391 | loss 0.8963 | acc 69.7% | 8s elapsed | eta 8s
  step 300/391 | loss 0.8926 | acc 69.9% | 13s elapsed | eta 4s
Ep  13 | loss 0.8919 | task 0.8537 | cons 0.1469 | train 70.0% | test 70.4% | 19s
  step 100/391 | loss 0.8561 | acc 71.1% | 4s elapsed | eta 12s
  step 200/391 | loss 0.8658 | acc 70.8% | 8s elapsed | eta 8s
  step 300/391 | loss 0.8639 | acc 71.0% | 13s elapsed | eta 4s
Ep  14 | loss 0.8649 | task 0.8266 | cons 0.1369 | train 71.0% | test 72.5% | 18s
  step 100/391 | loss 0.8356 | acc 71.6% | 5s elapsed | eta 13s
  step 200/391 | loss 0.8480 | acc 71.4% | 9s elapsed | eta 8s
  step 300/391 | loss 0.8475 | acc 71.5% | 13s elapsed | eta 4s
Ep  15 | loss 0.8472 | task 0.8058 | cons 0.1379 | train 71.5% | test 73.1% | 17s
  step 100/391 | loss 0.8225 | acc 72.4% | 5s elapsed | eta 14s
  step 200/391 | loss 0.8174 | acc 72.5% | 9s elapsed | eta 9s
  step 300/391 | loss 0.8216 | acc 72.6% | 13s elapsed | eta 4s
Ep  16 | loss 0.8256 | task 0.7801 | cons 0.1422 | train 72.5% | test 71.5% | 19s
  step 100/391 | loss 0.8000 | acc 73.2% | 4s elapsed | eta 13s
  step 200/391 | loss 0.8016 | acc 73.3% | 8s elapsed | eta 8s
  step 300/391 | loss 0.8023 | acc 73.4% | 13s elapsed | eta 4s
Ep  17 | loss 0.8070 | task 0.7604 | cons 0.1369 | train 73.3% | test 73.3% | 18s
  step 100/391 | loss 0.7888 | acc 74.2% | 4s elapsed | eta 11s
  step 200/391 | loss 0.7960 | acc 73.9% | 8s elapsed | eta 8s
  step 300/391 | loss 0.7939 | acc 73.9% | 13s elapsed | eta 4s
Ep  18 | loss 0.7936 | task 0.7441 | cons 0.1374 | train 74.0% | test 72.6% | 18s
  step 100/391 | loss 0.7876 | acc 74.4% | 4s elapsed | eta 13s
  step 200/391 | loss 0.7909 | acc 74.4% | 9s elapsed | eta 8s
  step 300/391 | loss 0.7777 | acc 74.7% | 12s elapsed | eta 4s
Ep  19 | loss 0.7803 | task 0.7255 | cons 0.1442 | train 74.6% | test 75.2% | 18s
  step 100/391 | loss 0.7628 | acc 75.8% | 4s elapsed | eta 13s
  step 200/391 | loss 0.7629 | acc 75.7% | 9s elapsed | eta 8s
  step 300/391 | loss 0.7592 | acc 75.6% | 13s elapsed | eta 4s
Ep  20 | loss 0.7620 | task 0.7060 | cons 0.1400 | train 75.5% | test 73.4% | 18s
    K=1: 74.2%
    K=2: 74.4%
    K=4: 73.4%
  step 100/391 | loss 0.7394 | acc 76.0% | 5s elapsed | eta 14s
  step 200/391 | loss 0.7484 | acc 75.9% | 9s elapsed | eta 9s
  step 300/391 | loss 0.7543 | acc 75.7% | 13s elapsed | eta 4s
Ep  21 | loss 0.7538 | task 0.6949 | cons 0.1403 | train 75.7% | test 74.2% | 18s
  step 100/391 | loss 0.7393 | acc 76.3% | 4s elapsed | eta 13s
  step 200/391 | loss 0.7322 | acc 76.7% | 8s elapsed | eta 8s
  step 300/391 | loss 0.7409 | acc 76.4% | 13s elapsed | eta 4s
Ep  22 | loss 0.7435 | task 0.6812 | cons 0.1416 | train 76.2% | test 75.2% | 18s
  step 100/391 | loss 0.7326 | acc 77.0% | 4s elapsed | eta 10s
  step 200/391 | loss 0.7305 | acc 76.9% | 8s elapsed | eta 7s
  step 300/391 | loss 0.7324 | acc 76.8% | 12s elapsed | eta 4s
Ep  23 | loss 0.7361 | task 0.6689 | cons 0.1461 | train 76.7% | test 76.9% | 17s
  step 100/391 | loss 0.7204 | acc 77.0% | 5s elapsed | eta 13s
  step 200/391 | loss 0.7168 | acc 77.4% | 9s elapsed | eta 9s
  step 300/391 | loss 0.7175 | acc 77.4% | 13s elapsed | eta 4s
Ep  24 | loss 0.7203 | task 0.6576 | cons 0.1306 | train 77.2% | test 76.8% | 19s
  step 100/391 | loss 0.7244 | acc 77.5% | 5s elapsed | eta 14s
  step 200/391 | loss 0.7240 | acc 77.4% | 8s elapsed | eta 8s
  step 300/391 | loss 0.7239 | acc 77.4% | 13s elapsed | eta 4s
Ep  25 | loss 0.7172 | task 0.6467 | cons 0.1411 | train 77.7% | test 76.7% | 19s
  step 100/391 | loss 0.6888 | acc 78.3% | 4s elapsed | eta 11s
  step 200/391 | loss 0.7032 | acc 77.8% | 8s elapsed | eta 8s
  step 300/391 | loss 0.7053 | acc 78.1% | 13s elapsed | eta 4s
Ep  26 | loss 0.7031 | task 0.6295 | cons 0.1417 | train 78.1% | test 77.8% | 18s
  step 100/391 | loss 0.6993 | acc 78.8% | 5s elapsed | eta 13s
  step 200/391 | loss 0.6987 | acc 78.8% | 9s elapsed | eta 8s
  step 300/391 | loss 0.6950 | acc 78.7% | 13s elapsed | eta 4s
Ep  27 | loss 0.6975 | task 0.6213 | cons 0.1411 | train 78.6% | test 78.0% | 18s
  step 100/391 | loss 0.6786 | acc 79.6% | 4s elapsed | eta 12s
  step 200/391 | loss 0.6866 | acc 79.1% | 8s elapsed | eta 8s
  step 300/391 | loss 0.6873 | acc 79.0% | 13s elapsed | eta 4s
Ep  28 | loss 0.6864 | task 0.6107 | cons 0.1351 | train 79.0% | test 77.8% | 18s
  step 100/391 | loss 0.6718 | acc 79.2% | 4s elapsed | eta 12s
  step 200/391 | loss 0.6821 | acc 79.2% | 9s elapsed | eta 8s
  step 300/391 | loss 0.6807 | acc 79.3% | 13s elapsed | eta 4s
Ep  29 | loss 0.6815 | task 0.6007 | cons 0.1394 | train 79.3% | test 78.0% | 18s
  step 100/391 | loss 0.6648 | acc 80.2% | 5s elapsed | eta 14s
  step 200/391 | loss 0.6498 | acc 80.4% | 9s elapsed | eta 9s
  step 300/391 | loss 0.6636 | acc 79.9% | 12s elapsed | eta 4s
Ep  30 | loss 0.6654 | task 0.5850 | cons 0.1340 | train 79.8% | test 78.6% | 18s
    K=1: 78.1%
    K=2: 78.6%
    K=4: 78.6%
  step 100/391 | loss 0.6685 | acc 79.7% | 4s elapsed | eta 11s
  step 200/391 | loss 0.6651 | acc 79.7% | 8s elapsed | eta 8s
  step 300/391 | loss 0.6697 | acc 79.6% | 13s elapsed | eta 4s
Ep  31 | loss 0.6644 | task 0.5848 | cons 0.1283 | train 79.8% | test 78.2% | 18s
  step 100/391 | loss 0.6436 | acc 80.7% | 5s elapsed | eta 14s
  step 200/391 | loss 0.6577 | acc 80.6% | 9s elapsed | eta 9s
  step 300/391 | loss 0.6574 | acc 80.6% | 13s elapsed | eta 4s
Ep  32 | loss 0.6587 | task 0.5708 | cons 0.1374 | train 80.4% | test 78.1% | 18s
  step 100/391 | loss 0.6532 | acc 80.9% | 4s elapsed | eta 13s
  step 200/391 | loss 0.6521 | acc 80.8% | 8s elapsed | eta 8s
  step 300/391 | loss 0.6567 | acc 80.6% | 13s elapsed | eta 4s
Ep  33 | loss 0.6552 | task 0.5620 | cons 0.1412 | train 80.5% | test 78.9% | 18s
  step 100/391 | loss 0.6392 | acc 81.0% | 4s elapsed | eta 13s
  step 200/391 | loss 0.6403 | acc 81.0% | 9s elapsed | eta 9s
  step 300/391 | loss 0.6460 | acc 80.9% | 13s elapsed | eta 4s
Ep  34 | loss 0.6470 | task 0.5562 | cons 0.1335 | train 80.8% | test 78.5% | 18s
  step 100/391 | loss 0.6315 | acc 81.5% | 5s elapsed | eta 13s
  step 200/391 | loss 0.6446 | acc 81.3% | 8s elapsed | eta 8s
  step 300/391 | loss 0.6463 | acc 81.3% | 13s elapsed | eta 4s
Ep  35 | loss 0.6486 | task 0.5487 | cons 0.1428 | train 81.1% | test 79.0% | 18s
  step 100/391 | loss 0.6318 | acc 81.8% | 4s elapsed | eta 11s
  step 200/391 | loss 0.6337 | acc 81.7% | 8s elapsed | eta 8s
  step 300/391 | loss 0.6358 | acc 81.7% | 13s elapsed | eta 4s
Ep  36 | loss 0.6387 | task 0.5381 | cons 0.1398 | train 81.6% | test 78.7% | 18s
  step 100/391 | loss 0.6190 | acc 82.3% | 4s elapsed | eta 13s
  step 200/391 | loss 0.6285 | acc 82.2% | 9s elapsed | eta 8s
  step 300/391 | loss 0.6346 | acc 81.9% | 13s elapsed | eta 4s
Ep  37 | loss 0.6379 | task 0.5379 | cons 0.1352 | train 81.8% | test 78.9% | 17s
  step 100/391 | loss 0.6244 | acc 81.8% | 5s elapsed | eta 14s
  step 200/391 | loss 0.6202 | acc 82.0% | 9s elapsed | eta 9s
  step 300/391 | loss 0.6325 | acc 81.7% | 13s elapsed | eta 4s
Ep  38 | loss 0.6326 | task 0.5304 | cons 0.1345 | train 81.8% | test 78.8% | 19s
  step 100/391 | loss 0.6384 | acc 82.0% | 4s elapsed | eta 13s
  step 200/391 | loss 0.6278 | acc 82.3% | 8s elapsed | eta 8s
  step 300/391 | loss 0.6302 | acc 82.2% | 13s elapsed | eta 4s
Ep  39 | loss 0.6337 | task 0.5208 | cons 0.1448 | train 82.1% | test 79.3% | 18s
  step 100/391 | loss 0.5962 | acc 82.9% | 5s elapsed | eta 13s
  step 200/391 | loss 0.6025 | acc 82.8% | 10s elapsed | eta 9s
  step 300/391 | loss 0.6011 | acc 82.8% | 15s elapsed | eta 4s
Ep  40 | loss 0.6035 | task 0.5051 | cons 0.1231 | train 82.8% | test 79.7% | 21s
    K=1: 79.4%
    K=2: 80.0%
    K=4: 79.7%
  step 100/391 | loss 0.6201 | acc 83.0% | 6s elapsed | eta 18s
  step 200/391 | loss 0.6136 | acc 82.8% | 12s elapsed | eta 11s
  step 300/391 | loss 0.6182 | acc 82.8% | 18s elapsed | eta 6s
Ep  41 | loss 0.6190 | task 0.5061 | cons 0.1377 | train 82.7% | test 80.3% | 24s
  step 100/391 | loss 0.6220 | acc 83.1% | 4s elapsed | eta 12s
  step 200/391 | loss 0.6138 | acc 83.1% | 9s elapsed | eta 9s
  step 300/391 | loss 0.6123 | acc 83.1% | 15s elapsed | eta 5s
Ep  42 | loss 0.6114 | task 0.4981 | cons 0.1348 | train 83.1% | test 78.5% | 22s
  step 100/391 | loss 0.5793 | acc 83.9% | 8s elapsed | eta 24s
  step 200/391 | loss 0.5893 | acc 83.7% | 18s elapsed | eta 17s
  step 300/391 | loss 0.5945 | acc 83.6% | 25s elapsed | eta 8s
Ep  43 | loss 0.5965 | task 0.4890 | cons 0.1251 | train 83.4% | test 80.3% | 34s
  step 100/391 | loss 0.5869 | acc 83.9% | 7s elapsed | eta 21s
  step 200/391 | loss 0.5992 | acc 83.6% | 17s elapsed | eta 16s
  step 300/391 | loss 0.6039 | acc 83.3% | 25s elapsed | eta 8s
Ep  44 | loss 0.6045 | task 0.4912 | cons 0.1287 | train 83.2% | test 79.9% | 37s
  step 100/391 | loss 0.5753 | acc 84.3% | 7s elapsed | eta 20s
  step 200/391 | loss 0.5871 | acc 83.9% | 14s elapsed | eta 14s
  step 300/391 | loss 0.5942 | acc 83.8% | 23s elapsed | eta 7s
Ep  45 | loss 0.6041 | task 0.4849 | cons 0.1325 | train 83.6% | test 79.7% | 34s
  step 100/391 | loss 0.5941 | acc 84.1% | 10s elapsed | eta 29s
  step 200/391 | loss 0.6105 | acc 83.8% | 17s elapsed | eta 16s
  step 300/391 | loss 0.6096 | acc 83.8% | 27s elapsed | eta 8s
Ep  46 | loss 0.6133 | task 0.4821 | cons 0.1425 | train 83.8% | test 79.0% | 37s
  step 100/391 | loss 0.6071 | acc 84.0% | 8s elapsed | eta 24s
  step 200/391 | loss 0.6015 | acc 84.1% | 16s elapsed | eta 16s
  step 300/391 | loss 0.6059 | acc 83.9% | 22s elapsed | eta 7s
Ep  47 | loss 0.6087 | task 0.4812 | cons 0.1356 | train 83.8% | test 79.7% | 30s
  step 100/391 | loss 0.5823 | acc 84.5% | 7s elapsed | eta 22s
  step 200/391 | loss 0.5826 | acc 84.3% | 18s elapsed | eta 18s
  step 300/391 | loss 0.5920 | acc 84.0% | 24s elapsed | eta 7s
Ep  48 | loss 0.5941 | task 0.4726 | cons 0.1265 | train 84.0% | test 80.5% | 31s
  step 100/391 | loss 0.5870 | acc 84.9% | 10s elapsed | eta 28s
  step 200/391 | loss 0.5864 | acc 84.7% | 19s elapsed | eta 18s
  step 300/391 | loss 0.6002 | acc 84.4% | 25s elapsed | eta 8s
Ep  49 | loss 0.5969 | task 0.4672 | cons 0.1323 | train 84.3% | test 80.4% | 37s
  step 100/391 | loss 0.5876 | acc 84.5% | 9s elapsed | eta 25s
  step 200/391 | loss 0.6001 | acc 84.4% | 19s elapsed | eta 18s
  step 300/391 | loss 0.6061 | acc 84.4% | 25s elapsed | eta 8s
Ep  50 | loss 0.6024 | task 0.4582 | cons 0.1442 | train 84.4% | test 80.3% | 39s
    K=1: 80.6%
    K=2: 80.8%
    K=4: 80.3%
  step 100/391 | loss 0.6142 | acc 84.8% | 10s elapsed | eta 30s
  step 200/391 | loss 0.6253 | acc 84.3% | 18s elapsed | eta 17s
  step 300/391 | loss 0.6175 | acc 84.4% | 23s elapsed | eta 7s
Ep  51 | loss 0.6094 | task 0.4611 | cons 0.1483 | train 84.5% | test 80.4% | 37s
  step 100/391 | loss 0.5893 | acc 85.3% | 9s elapsed | eta 26s
  step 200/391 | loss 0.5830 | acc 85.3% | 16s elapsed | eta 16s
  step 300/391 | loss 0.5764 | acc 85.2% | 26s elapsed | eta 8s
Ep  52 | loss 0.5908 | task 0.4513 | cons 0.1395 | train 84.9% | test 80.5% | 35s
  step 100/391 | loss 0.6126 | acc 85.2% | 11s elapsed | eta 32s
  step 200/391 | loss 0.6242 | acc 85.0% | 18s elapsed | eta 17s
  step 300/391 | loss 0.6206 | acc 84.9% | 25s elapsed | eta 7s
Ep  53 | loss 0.6167 | task 0.4616 | cons 0.1551 | train 84.8% | test 80.7% | 34s
  step 100/391 | loss 0.5613 | acc 86.1% | 10s elapsed | eta 28s
  step 200/391 | loss 0.5879 | acc 85.6% | 16s elapsed | eta 15s
  step 300/391 | loss 0.6004 | acc 85.2% | 22s elapsed | eta 7s
Ep  54 | loss 0.6061 | task 0.4501 | cons 0.1560 | train 85.0% | test 80.5% | 35s
  step 100/391 | loss 0.5918 | acc 85.7% | 6s elapsed | eta 18s
  step 200/391 | loss 0.6067 | acc 84.8% | 16s elapsed | eta 16s
  step 300/391 | loss 0.6038 | acc 84.9% | 24s elapsed | eta 7s
Ep  55 | loss 0.6069 | task 0.4500 | cons 0.1568 | train 84.8% | test 79.9% | 32s
  step 100/391 | loss 0.5508 | acc 86.2% | 10s elapsed | eta 30s
  step 200/391 | loss 0.5695 | acc 85.7% | 17s elapsed | eta 17s
  step 300/391 | loss 0.5736 | acc 85.7% | 26s elapsed | eta 8s
Ep  56 | loss 0.5756 | task 0.4331 | cons 0.1424 | train 85.6% | test 81.3% | 37s
  step 100/391 | loss 0.5622 | acc 86.1% | 6s elapsed | eta 17s
  step 200/391 | loss 0.5593 | acc 85.9% | 16s elapsed | eta 15s
  step 300/391 | loss 0.5667 | acc 85.7% | 25s elapsed | eta 7s
Ep  57 | loss 0.5625 | task 0.4310 | cons 0.1315 | train 85.6% | test 81.0% | 34s
  step 100/391 | loss 0.5483 | acc 86.2% | 11s elapsed | eta 31s
  step 200/391 | loss 0.5559 | acc 85.9% | 17s elapsed | eta 16s
  step 300/391 | loss 0.5677 | acc 85.8% | 24s elapsed | eta 7s
Ep  58 | loss 0.5720 | task 0.4319 | cons 0.1401 | train 85.7% | test 81.5% | 38s
  step 100/391 | loss 0.5332 | acc 86.9% | 5s elapsed | eta 16s
  step 200/391 | loss 0.5505 | acc 86.7% | 15s elapsed | eta 15s
  step 300/391 | loss 0.5598 | acc 86.2% | 24s elapsed | eta 7s
Ep  59 | loss 0.5730 | task 0.4218 | cons 0.1512 | train 85.9% | test 81.3% | 35s
  step 100/391 | loss 0.5676 | acc 85.8% | 7s elapsed | eta 21s
  step 200/391 | loss 0.5662 | acc 85.8% | 16s elapsed | eta 15s
  step 300/391 | loss 0.5725 | acc 85.7% | 27s elapsed | eta 8s
Ep  60 | loss 0.5793 | task 0.4278 | cons 0.1515 | train 85.7% | test 81.2% | 35s
    K=1: 81.6%
    K=2: 81.6%
    K=4: 81.2%
  step 100/391 | loss 0.5841 | acc 86.4% | 8s elapsed | eta 23s
  step 200/391 | loss 0.5945 | acc 86.2% | 15s elapsed | eta 14s
  step 300/391 | loss 0.6257 | acc 85.7% | 20s elapsed | eta 6s
Ep  61 | loss 0.6229 | task 0.4420 | cons 0.1809 | train 85.6% | test 81.6% | 32s
  step 100/391 | loss 0.5823 | acc 86.5% | 8s elapsed | eta 25s
  step 200/391 | loss 0.5731 | acc 86.4% | 15s elapsed | eta 15s
  step 300/391 | loss 0.5842 | acc 86.0% | 25s elapsed | eta 8s
Ep  62 | loss 0.5892 | task 0.4304 | cons 0.1588 | train 85.8% | test 82.3% | 36s
  step 100/391 | loss 0.5356 | acc 87.1% | 9s elapsed | eta 27s
  step 200/391 | loss 0.5560 | acc 86.6% | 16s elapsed | eta 16s
  step 300/391 | loss 0.5575 | acc 86.5% | 26s elapsed | eta 8s
Ep  63 | loss 0.5568 | task 0.4059 | cons 0.1509 | train 86.4% | test 81.1% | 37s
  step 100/391 | loss 0.5342 | acc 87.2% | 10s elapsed | eta 28s
  step 200/391 | loss 0.5431 | acc 86.9% | 18s elapsed | eta 17s
  step 300/391 | loss 0.5644 | acc 86.5% | 25s elapsed | eta 8s
Ep  64 | loss 0.5653 | task 0.4118 | cons 0.1535 | train 86.4% | test 81.1% | 37s
  step 100/391 | loss 0.5228 | acc 87.6% | 6s elapsed | eta 16s
  step 200/391 | loss 0.5403 | acc 86.9% | 16s elapsed | eta 15s
  step 300/391 | loss 0.5425 | acc 86.9% | 24s elapsed | eta 7s
Ep  65 | loss 0.5480 | task 0.3965 | cons 0.1515 | train 86.8% | test 81.6% | 33s
  step 100/391 | loss 0.5274 | acc 87.4% | 10s elapsed | eta 30s
  step 200/391 | loss 0.5444 | acc 87.1% | 16s elapsed | eta 15s
  step 300/391 | loss 0.5540 | acc 87.1% | 24s elapsed | eta 7s
Ep  66 | loss 0.5548 | task 0.3980 | cons 0.1568 | train 86.9% | test 81.4% | 36s
  step 100/391 | loss 0.5311 | acc 87.1% | 9s elapsed | eta 25s
  step 200/391 | loss 0.5161 | acc 87.4% | 14s elapsed | eta 13s
  step 300/391 | loss 0.5211 | acc 87.4% | 22s elapsed | eta 7s
Ep  67 | loss 0.5292 | task 0.3839 | cons 0.1454 | train 87.2% | test 82.1% | 33s
  step 100/391 | loss 0.4937 | acc 88.1% | 6s elapsed | eta 19s
  step 200/391 | loss 0.5052 | acc 87.9% | 16s elapsed | eta 15s
  step 300/391 | loss 0.5152 | acc 87.6% | 24s elapsed | eta 7s
Ep  68 | loss 0.5225 | task 0.3792 | cons 0.1433 | train 87.4% | test 81.9% | 32s
  step 100/391 | loss 0.5326 | acc 87.6% | 10s elapsed | eta 29s
  step 200/391 | loss 0.5495 | acc 87.1% | 17s elapsed | eta 16s
  step 300/391 | loss 0.5428 | acc 87.1% | 23s elapsed | eta 7s
Ep  69 | loss 0.5333 | task 0.3875 | cons 0.1457 | train 87.1% | test 81.0% | 33s
  step 100/391 | loss 0.5424 | acc 87.6% | 10s elapsed | eta 29s
  step 200/391 | loss 0.5520 | acc 87.4% | 15s elapsed | eta 15s
  step 300/391 | loss 0.5370 | acc 87.5% | 26s elapsed | eta 8s
Ep  70 | loss 0.5326 | task 0.3734 | cons 0.1592 | train 87.6% | test 80.5% | 38s
    K=1: 80.8%
    K=2: 80.8%
    K=4: 80.5%
  step 100/391 | loss 0.5600 | acc 87.8% | 6s elapsed | eta 18s
  step 200/391 | loss 0.5435 | acc 87.9% | 15s elapsed | eta 15s
  step 300/391 | loss 0.5342 | acc 87.9% | 24s elapsed | eta 7s
Ep  71 | loss 0.5336 | task 0.3715 | cons 0.1621 | train 87.9% | test 82.0% | 34s
  step 100/391 | loss 0.5209 | acc 87.3% | 10s elapsed | eta 30s
  step 200/391 | loss 0.5169 | acc 87.7% | 16s elapsed | eta 15s
  step 300/391 | loss 0.5221 | acc 87.6% | 25s elapsed | eta 7s
Ep  72 | loss 0.5274 | task 0.3723 | cons 0.1550 | train 87.5% | test 81.2% | 36s
  step 100/391 | loss 0.4962 | acc 88.5% | 7s elapsed | eta 20s
  step 200/391 | loss 0.5174 | acc 88.1% | 17s elapsed | eta 16s
  step 300/391 | loss 0.5256 | acc 88.0% | 25s elapsed | eta 7s
Ep  73 | loss 0.5188 | task 0.3636 | cons 0.1552 | train 88.0% | test 82.4% | 32s
  step 100/391 | loss 0.4907 | acc 88.6% | 10s elapsed | eta 31s
  step 200/391 | loss 0.5020 | acc 88.4% | 19s elapsed | eta 18s
  step 300/391 | loss 0.5148 | acc 88.2% | 26s elapsed | eta 8s
Ep  74 | loss 0.5147 | task 0.3571 | cons 0.1576 | train 88.1% | test 81.7% | 37s
  step 100/391 | loss 0.4801 | acc 88.8% | 6s elapsed | eta 16s
  step 200/391 | loss 0.5104 | acc 88.1% | 15s elapsed | eta 14s
  step 300/391 | loss 0.5129 | acc 88.1% | 23s elapsed | eta 7s
Ep  75 | loss 0.5077 | task 0.3543 | cons 0.1535 | train 88.2% | test 81.2% | 33s
  step 100/391 | loss 0.5133 | acc 88.5% | 11s elapsed | eta 32s
  step 200/391 | loss 0.4934 | acc 88.6% | 16s elapsed | eta 16s
  step 300/391 | loss 0.4957 | acc 88.5% | 25s elapsed | eta 8s
Ep  76 | loss 0.4969 | task 0.3493 | cons 0.1476 | train 88.4% | test 81.5% | 37s
  step 100/391 | loss 0.4614 | acc 89.1% | 5s elapsed | eta 16s
  step 200/391 | loss 0.4765 | acc 89.0% | 13s elapsed | eta 12s
  step 300/391 | loss 0.4809 | acc 88.8% | 23s elapsed | eta 7s
Ep  77 | loss 0.4835 | task 0.3442 | cons 0.1393 | train 88.6% | test 82.3% | 30s
  step 100/391 | loss 0.4706 | acc 89.3% | 12s elapsed | eta 34s
  step 200/391 | loss 0.5228 | acc 88.5% | 20s elapsed | eta 19s
  step 300/391 | loss 0.5190 | acc 88.7% | 28s elapsed | eta 9s
Ep  78 | loss 0.5190 | task 0.3474 | cons 0.1717 | train 88.7% | test 81.1% | 40s
  step 100/391 | loss 0.4932 | acc 89.2% | 8s elapsed | eta 23s
  step 200/391 | loss 0.4984 | acc 88.9% | 18s elapsed | eta 17s
  step 300/391 | loss 0.4956 | acc 89.0% | 26s elapsed | eta 8s
Ep  79 | loss 0.4988 | task 0.3453 | cons 0.1535 | train 88.7% | test 81.3% | 37s
  step 100/391 | loss 0.4854 | acc 89.4% | 9s elapsed | eta 25s
  step 200/391 | loss 0.4895 | acc 89.3% | 18s elapsed | eta 18s
  step 300/391 | loss 0.4894 | acc 89.3% | 26s elapsed | eta 8s
Ep  80 | loss 0.4935 | task 0.3318 | cons 0.1617 | train 89.2% | test 82.5% | 39s
    K=1: 82.7%
    K=2: 83.0%
    K=4: 82.5%
  step 100/391 | loss 0.4680 | acc 89.7% | 6s elapsed | eta 18s
  step 200/391 | loss 0.4783 | acc 89.6% | 16s elapsed | eta 15s
  step 300/391 | loss 0.4821 | acc 89.5% | 23s elapsed | eta 7s
Ep  81 | loss 0.4898 | task 0.3283 | cons 0.1615 | train 89.3% | test 82.2% | 36s
  step 100/391 | loss 0.4577 | acc 90.0% | 6s elapsed | eta 17s
  step 200/391 | loss 0.4666 | acc 89.7% | 13s elapsed | eta 13s
  step 300/391 | loss 0.4731 | acc 89.5% | 21s elapsed | eta 6s
Ep  82 | loss 0.4653 | task 0.3208 | cons 0.1446 | train 89.5% | test 82.1% | 34s
  step 100/391 | loss 0.4736 | acc 89.5% | 8s elapsed | eta 24s
  step 200/391 | loss 0.4647 | acc 89.4% | 18s elapsed | eta 17s
  step 300/391 | loss 0.4654 | acc 89.5% | 25s elapsed | eta 7s
Ep  83 | loss 0.4678 | task 0.3229 | cons 0.1449 | train 89.4% | test 82.5% | 37s
  step 100/391 | loss 0.4167 | acc 89.9% | 8s elapsed | eta 24s
  step 200/391 | loss 0.4415 | acc 89.6% | 15s elapsed | eta 14s
  step 300/391 | loss 0.4473 | acc 89.6% | 25s elapsed | eta 7s
Ep  84 | loss 0.4567 | task 0.3142 | cons 0.1425 | train 89.4% | test 82.5% | 36s
  step 100/391 | loss 0.4348 | acc 90.1% | 9s elapsed | eta 27s
  step 200/391 | loss 0.4605 | acc 89.8% | 17s elapsed | eta 16s
  step 300/391 | loss 0.4758 | acc 89.6% | 25s elapsed | eta 8s
Ep  85 | loss 0.4804 | task 0.3179 | cons 0.1625 | train 89.6% | test 82.0% | 35s
  step 100/391 | loss 0.4902 | acc 90.1% | 8s elapsed | eta 23s
  step 200/391 | loss 0.4820 | acc 89.9% | 17s elapsed | eta 17s
  step 300/391 | loss 0.4845 | acc 89.7% | 24s elapsed | eta 7s
Ep  86 | loss 0.4845 | task 0.3119 | cons 0.1726 | train 89.7% | test 83.2% | 32s
  step 100/391 | loss 0.4757 | acc 90.1% | 10s elapsed | eta 30s
  step 200/391 | loss 0.4611 | acc 90.0% | 18s elapsed | eta 17s
  step 300/391 | loss 0.4653 | acc 89.9% | 28s elapsed | eta 8s
Ep  87 | loss 0.4664 | task 0.3107 | cons 0.1557 | train 89.8% | test 82.7% | 40s
  step 100/391 | loss 0.4481 | acc 90.3% | 10s elapsed | eta 28s
  step 200/391 | loss 0.4623 | acc 90.2% | 18s elapsed | eta 17s
  step 300/391 | loss 0.4708 | acc 89.9% | 24s elapsed | eta 7s
Ep  88 | loss 0.4752 | task 0.3081 | cons 0.1671 | train 89.9% | test 82.2% | 38s
  step 100/391 | loss 0.4497 | acc 90.4% | 6s elapsed | eta 17s
  step 200/391 | loss 0.4587 | acc 90.1% | 14s elapsed | eta 13s
  step 300/391 | loss 0.4580 | acc 90.1% | 20s elapsed | eta 6s
Ep  89 | loss 0.4566 | task 0.3006 | cons 0.1560 | train 90.1% | test 83.3% | 32s
  step 100/391 | loss 0.4665 | acc 90.4% | 6s elapsed | eta 17s
  step 200/391 | loss 0.4585 | acc 90.3% | 14s elapsed | eta 13s
  step 300/391 | loss 0.4601 | acc 90.1% | 24s elapsed | eta 7s
Ep  90 | loss 0.4630 | task 0.3046 | cons 0.1583 | train 90.1% | test 82.8% | 34s
    K=1: 83.3%
    K=2: 83.3%
    K=4: 82.8%
  step 100/391 | loss 0.4433 | acc 90.7% | 8s elapsed | eta 22s
  step 200/391 | loss 0.4609 | acc 90.4% | 18s elapsed | eta 17s
  step 300/391 | loss 0.4796 | acc 90.2% | 25s elapsed | eta 8s
Ep  91 | loss 0.4787 | task 0.3046 | cons 0.1741 | train 90.1% | test 82.9% | 37s
  step 100/391 | loss 0.4521 | acc 90.7% | 8s elapsed | eta 23s
  step 200/391 | loss 0.4507 | acc 90.7% | 17s elapsed | eta 16s
  step 300/391 | loss 0.4524 | acc 90.7% | 25s elapsed | eta 8s
Ep  92 | loss 0.4596 | task 0.2880 | cons 0.1716 | train 90.5% | test 83.2% | 34s
  step 100/391 | loss 0.4524 | acc 90.6% | 7s elapsed | eta 22s
  step 200/391 | loss 0.4556 | acc 90.7% | 16s elapsed | eta 16s
  step 300/391 | loss 0.4509 | acc 90.7% | 25s elapsed | eta 8s
Ep  93 | loss 0.4487 | task 0.2856 | cons 0.1632 | train 90.6% | test 82.5% | 37s
  step 100/391 | loss 0.4393 | acc 90.8% | 9s elapsed | eta 25s
  step 200/391 | loss 0.4675 | acc 90.6% | 16s elapsed | eta 15s
  step 300/391 | loss 0.4592 | acc 90.6% | 25s elapsed | eta 7s
Ep  94 | loss 0.4606 | task 0.2866 | cons 0.1740 | train 90.6% | test 81.8% | 33s
  step 100/391 | loss 0.4371 | acc 91.2% | 10s elapsed | eta 30s
  step 200/391 | loss 0.4427 | acc 91.0% | 17s elapsed | eta 16s
  step 300/391 | loss 0.4341 | acc 91.0% | 26s elapsed | eta 8s
Ep  95 | loss 0.4370 | task 0.2762 | cons 0.1608 | train 90.9% | test 82.9% | 38s
  step 100/391 | loss 0.4167 | acc 91.4% | 7s elapsed | eta 22s
  step 200/391 | loss 0.4426 | acc 90.9% | 16s elapsed | eta 15s
  step 300/391 | loss 0.4344 | acc 90.8% | 26s elapsed | eta 8s
Ep  96 | loss 0.4393 | task 0.2808 | cons 0.1586 | train 90.8% | test 83.3% | 39s
  step 100/391 | loss 0.4654 | acc 90.8% | 6s elapsed | eta 16s
  step 200/391 | loss 0.4686 | acc 90.9% | 13s elapsed | eta 12s
  step 300/391 | loss 0.4609 | acc 90.8% | 23s elapsed | eta 7s
Ep  97 | loss 0.4538 | task 0.2797 | cons 0.1742 | train 90.9% | test 82.8% | 33s
  step 100/391 | loss 0.4247 | acc 91.8% | 9s elapsed | eta 25s
  step 200/391 | loss 0.4141 | acc 91.7% | 18s elapsed | eta 17s
  step 300/391 | loss 0.4299 | acc 91.3% | 25s elapsed | eta 7s
Ep  98 | loss 0.4379 | task 0.2706 | cons 0.1673 | train 91.1% | test 82.6% | 37s
  step 100/391 | loss 0.4270 | acc 91.7% | 8s elapsed | eta 23s
  step 200/391 | loss 0.4269 | acc 91.6% | 13s elapsed | eta 13s
  step 300/391 | loss 0.4384 | acc 91.3% | 23s elapsed | eta 7s
Ep  99 | loss 0.4371 | task 0.2703 | cons 0.1668 | train 91.2% | test 83.2% | 34s
  step 100/391 | loss 0.4347 | acc 91.5% | 10s elapsed | eta 29s
  step 200/391 | loss 0.4286 | acc 91.4% | 17s elapsed | eta 17s
  step 300/391 | loss 0.4318 | acc 91.2% | 27s elapsed | eta 8s
Ep 100 | loss 0.4327 | task 0.2695 | cons 0.1631 | train 91.2% | test 82.9% | 37s
    K=1: 83.0%
    K=2: 83.3%
    K=4: 82.9%
  step 100/391 | loss 0.4273 | acc 91.4% | 9s elapsed | eta 26s
  step 200/391 | loss 0.4161 | acc 91.6% | 19s elapsed | eta 18s
  step 300/391 | loss 0.4166 | acc 91.6% | 28s elapsed | eta 8s
Ep 101 | loss 0.4196 | task 0.2619 | cons 0.1577 | train 91.4% | test 82.7% | 40s
  step 100/391 | loss 0.4108 | acc 91.8% | 9s elapsed | eta 26s
  step 200/391 | loss 0.4278 | acc 91.7% | 19s elapsed | eta 19s
  step 300/391 | loss 0.4221 | acc 91.8% | 24s elapsed | eta 7s
Ep 102 | loss 0.4222 | task 0.2609 | cons 0.1613 | train 91.6% | test 82.9% | 35s
  step 100/391 | loss 0.4128 | acc 91.8% | 10s elapsed | eta 29s
  step 200/391 | loss 0.4170 | acc 91.8% | 15s elapsed | eta 14s
  step 300/391 | loss 0.4224 | acc 91.6% | 22s elapsed | eta 7s
Ep 103 | loss 0.4252 | task 0.2602 | cons 0.1649 | train 91.5% | test 83.1% | 35s
  step 100/391 | loss 0.3929 | acc 92.1% | 5s elapsed | eta 14s
  step 200/391 | loss 0.4042 | acc 92.0% | 11s elapsed | eta 11s
  step 300/391 | loss 0.4052 | acc 92.1% | 22s elapsed | eta 7s
Ep 104 | loss 0.4122 | task 0.2486 | cons 0.1636 | train 92.0% | test 83.3% | 29s
  step 100/391 | loss 0.4092 | acc 92.1% | 8s elapsed | eta 24s
  step 200/391 | loss 0.4239 | acc 92.0% | 19s elapsed | eta 18s
  step 300/391 | loss 0.4314 | acc 91.9% | 24s elapsed | eta 7s
Ep 105 | loss 0.4326 | task 0.2523 | cons 0.1802 | train 91.8% | test 82.8% | 31s
  step 100/391 | loss 0.4288 | acc 92.0% | 7s elapsed | eta 19s
  step 200/391 | loss 0.4178 | acc 92.1% | 18s elapsed | eta 17s
  step 300/391 | loss 0.4257 | acc 92.1% | 28s elapsed | eta 9s
Ep 106 | loss 0.4269 | task 0.2508 | cons 0.1761 | train 91.9% | test 82.6% | 41s
  step 100/391 | loss 0.3817 | acc 92.5% | 11s elapsed | eta 31s
  step 200/391 | loss 0.3990 | acc 92.2% | 17s elapsed | eta 17s
  step 300/391 | loss 0.4066 | acc 92.1% | 28s elapsed | eta 8s
Ep 107 | loss 0.4083 | task 0.2482 | cons 0.1602 | train 92.0% | test 83.4% | 38s
  step 100/391 | loss 0.4088 | acc 92.4% | 10s elapsed | eta 29s
  step 200/391 | loss 0.4043 | acc 92.2% | 19s elapsed | eta 18s
  step 300/391 | loss 0.4122 | acc 92.2% | 27s elapsed | eta 8s
Ep 108 | loss 0.4146 | task 0.2430 | cons 0.1715 | train 92.1% | test 82.9% | 40s
  step 100/391 | loss 0.4343 | acc 92.3% | 7s elapsed | eta 20s
  step 200/391 | loss 0.4245 | acc 92.1% | 17s elapsed | eta 16s
  step 300/391 | loss 0.4181 | acc 92.1% | 25s elapsed | eta 7s
Ep 109 | loss 0.4213 | task 0.2450 | cons 0.1763 | train 92.0% | test 82.7% | 32s
  step 100/391 | loss 0.4274 | acc 92.3% | 9s elapsed | eta 27s
  step 200/391 | loss 0.4228 | acc 92.4% | 17s elapsed | eta 16s
  step 300/391 | loss 0.4145 | acc 92.5% | 23s elapsed | eta 7s
Ep 110 | loss 0.4155 | task 0.2387 | cons 0.1768 | train 92.3% | test 82.8% | 36s
    K=1: 83.2%
    K=2: 83.7%
    K=4: 82.8%
  step 100/391 | loss 0.4193 | acc 92.0% | 7s elapsed | eta 20s
  step 200/391 | loss 0.4143 | acc 92.1% | 16s elapsed | eta 16s
  step 300/391 | loss 0.4188 | acc 92.3% | 24s elapsed | eta 7s
Ep 111 | loss 0.4231 | task 0.2414 | cons 0.1817 | train 92.1% | test 84.2% | 34s
  step 100/391 | loss 0.4061 | acc 92.9% | 11s elapsed | eta 31s
  step 200/391 | loss 0.4126 | acc 92.4% | 18s elapsed | eta 17s
  step 300/391 | loss 0.4103 | acc 92.3% | 26s elapsed | eta 8s
Ep 112 | loss 0.4105 | task 0.2336 | cons 0.1769 | train 92.4% | test 83.2% | 37s
  step 100/391 | loss 0.3753 | acc 93.1% | 8s elapsed | eta 24s
  step 200/391 | loss 0.3884 | acc 92.6% | 18s elapsed | eta 17s
  step 300/391 | loss 0.3854 | acc 92.6% | 27s elapsed | eta 8s
Ep 113 | loss 0.3979 | task 0.2305 | cons 0.1673 | train 92.6% | test 83.1% | 37s
  step 100/391 | loss 0.3982 | acc 92.7% | 10s elapsed | eta 28s
  step 200/391 | loss 0.4032 | acc 92.8% | 17s elapsed | eta 16s
  step 300/391 | loss 0.4023 | acc 92.7% | 28s elapsed | eta 8s
Ep 114 | loss 0.4044 | task 0.2294 | cons 0.1750 | train 92.6% | test 82.9% | 40s
  step 100/391 | loss 0.3894 | acc 92.6% | 9s elapsed | eta 25s
  step 200/391 | loss 0.3888 | acc 92.7% | 16s elapsed | eta 15s
  step 300/391 | loss 0.3898 | acc 92.8% | 26s elapsed | eta 8s
Ep 115 | loss 0.3946 | task 0.2262 | cons 0.1684 | train 92.7% | test 82.1% | 37s
  step 100/391 | loss 0.4011 | acc 93.2% | 10s elapsed | eta 30s
  step 200/391 | loss 0.4095 | acc 93.0% | 18s elapsed | eta 17s
  step 300/391 | loss 0.4086 | acc 93.0% | 26s elapsed | eta 8s
Ep 116 | loss 0.4049 | task 0.2198 | cons 0.1851 | train 92.9% | test 83.4% | 38s
  step 100/391 | loss 0.3803 | acc 92.8% | 10s elapsed | eta 28s
  step 200/391 | loss 0.3817 | acc 93.0% | 18s elapsed | eta 17s
  step 300/391 | loss 0.3852 | acc 93.0% | 25s elapsed | eta 8s
Ep 117 | loss 0.3882 | task 0.2204 | cons 0.1677 | train 92.9% | test 83.0% | 32s
  step 100/391 | loss 0.3646 | acc 93.6% | 9s elapsed | eta 27s
  step 200/391 | loss 0.3748 | acc 93.3% | 19s elapsed | eta 18s
  step 300/391 | loss 0.3823 | acc 93.1% | 28s elapsed | eta 9s
Ep 118 | loss 0.3869 | task 0.2186 | cons 0.1683 | train 93.0% | test 82.9% | 34s
  step 100/391 | loss 0.3775 | acc 93.7% | 10s elapsed | eta 30s
  step 200/391 | loss 0.3819 | acc 93.4% | 19s elapsed | eta 18s
  step 300/391 | loss 0.3879 | acc 93.3% | 27s elapsed | eta 8s
Ep 119 | loss 0.3894 | task 0.2084 | cons 0.1810 | train 93.2% | test 83.5% | 40s
  step 100/391 | loss 0.3779 | acc 93.5% | 6s elapsed | eta 17s
  step 200/391 | loss 0.3769 | acc 93.4% | 15s elapsed | eta 14s
  step 300/391 | loss 0.3763 | acc 93.4% | 24s elapsed | eta 7s
Ep 120 | loss 0.3767 | task 0.2072 | cons 0.1695 | train 93.4% | test 83.2% | 34s
    K=1: 83.2%
    K=2: 83.7%
    K=4: 83.2%
  step 100/391 | loss 0.3656 | acc 93.9% | 9s elapsed | eta 25s
  step 200/391 | loss 0.3761 | acc 93.5% | 15s elapsed | eta 14s
  step 300/391 | loss 0.3831 | acc 93.4% | 21s elapsed | eta 6s
Ep 121 | loss 0.3754 | task 0.2074 | cons 0.1680 | train 93.4% | test 83.7% | 35s
  step 100/391 | loss 0.3552 | acc 93.9% | 7s elapsed | eta 21s
  step 200/391 | loss 0.3637 | acc 93.9% | 15s elapsed | eta 14s
  step 300/391 | loss 0.3758 | acc 93.6% | 25s elapsed | eta 8s
Ep 122 | loss 0.3749 | task 0.2044 | cons 0.1705 | train 93.5% | test 83.6% | 32s
  step 100/391 | loss 0.3761 | acc 93.5% | 6s elapsed | eta 16s
  step 200/391 | loss 0.3712 | acc 93.4% | 11s elapsed | eta 11s
  step 300/391 | loss 0.3788 | acc 93.3% | 16s elapsed | eta 5s
Ep 123 | loss 0.3764 | task 0.2057 | cons 0.1708 | train 93.3% | test 83.3% | 26s
  step 100/391 | loss 0.4065 | acc 93.4% | 5s elapsed | eta 16s
  step 200/391 | loss 0.4019 | acc 93.4% | 12s elapsed | eta 12s
  step 300/391 | loss 0.4030 | acc 93.4% | 22s elapsed | eta 7s
Ep 124 | loss 0.3993 | task 0.2051 | cons 0.1942 | train 93.4% | test 83.5% | 32s
  step 100/391 | loss 0.3631 | acc 94.1% | 5s elapsed | eta 14s
  step 200/391 | loss 0.3625 | acc 94.0% | 12s elapsed | eta 11s
  step 300/391 | loss 0.3748 | acc 93.8% | 21s elapsed | eta 6s
Ep 125 | loss 0.3811 | task 0.1999 | cons 0.1812 | train 93.6% | test 83.5% | 28s
  step 100/391 | loss 0.3511 | acc 94.0% | 4s elapsed | eta 12s
  step 200/391 | loss 0.3818 | acc 93.6% | 9s elapsed | eta 9s
  step 300/391 | loss 0.3762 | acc 93.5% | 18s elapsed | eta 5s
Ep 126 | loss 0.3820 | task 0.2025 | cons 0.1795 | train 93.5% | test 83.9% | 26s
  step 100/391 | loss 0.4185 | acc 93.7% | 6s elapsed | eta 17s
  step 200/391 | loss 0.3961 | acc 93.6% | 13s elapsed | eta 12s
  step 300/391 | loss 0.4140 | acc 93.4% | 21s elapsed | eta 6s
Ep 127 | loss 0.4215 | task 0.2056 | cons 0.2159 | train 93.4% | test 83.4% | 32s
  step 100/391 | loss 0.3575 | acc 94.3% | 13s elapsed | eta 39s
  step 200/391 | loss 0.3740 | acc 93.7% | 23s elapsed | eta 22s
  step 300/391 | loss 0.3718 | acc 93.9% | 30s elapsed | eta 9s
Ep 128 | loss 0.3759 | task 0.1953 | cons 0.1806 | train 93.8% | test 83.8% | 43s
  step 100/391 | loss 0.4081 | acc 93.9% | 7s elapsed | eta 19s
  step 200/391 | loss 0.3950 | acc 94.1% | 15s elapsed | eta 14s
  step 300/391 | loss 0.3909 | acc 94.0% | 24s elapsed | eta 7s
Ep 129 | loss 0.3984 | task 0.1966 | cons 0.2018 | train 93.9% | test 83.4% | 32s
  step 100/391 | loss 0.3685 | acc 94.1% | 10s elapsed | eta 28s
  step 200/391 | loss 0.3831 | acc 94.1% | 19s elapsed | eta 18s
  step 300/391 | loss 0.4088 | acc 93.9% | 27s elapsed | eta 8s
Ep 130 | loss 0.4130 | task 0.2043 | cons 0.2087 | train 93.8% | test 83.2% | 38s
    K=1: 83.4%
    K=2: 83.8%
    K=4: 83.2%
  step 100/391 | loss 0.3737 | acc 94.5% | 8s elapsed | eta 23s
  step 200/391 | loss 0.3922 | acc 94.2% | 18s elapsed | eta 17s
  step 300/391 | loss 0.4022 | acc 94.0% | 23s elapsed | eta 7s
Ep 131 | loss 0.3999 | task 0.1896 | cons 0.2103 | train 94.0% | test 82.8% | 37s
  step 100/391 | loss 0.3780 | acc 94.3% | 7s elapsed | eta 19s
  step 200/391 | loss 0.3792 | acc 94.2% | 13s elapsed | eta 13s
  step 300/391 | loss 0.3953 | acc 94.0% | 25s elapsed | eta 7s
Ep 132 | loss 0.4048 | task 0.1888 | cons 0.2160 | train 93.9% | test 83.5% | 35s
  step 100/391 | loss 0.3859 | acc 94.5% | 10s elapsed | eta 29s
  step 200/391 | loss 0.4081 | acc 94.2% | 16s elapsed | eta 15s
  step 300/391 | loss 0.4051 | acc 94.1% | 23s elapsed | eta 7s
Ep 133 | loss 0.4058 | task 0.1904 | cons 0.2154 | train 94.0% | test 83.3% | 37s
  step 100/391 | loss 0.4218 | acc 94.0% | 7s elapsed | eta 21s
  step 200/391 | loss 0.4075 | acc 94.1% | 17s elapsed | eta 17s
  step 300/391 | loss 0.4029 | acc 94.1% | 23s elapsed | eta 7s
Ep 134 | loss 0.4023 | task 0.1923 | cons 0.2101 | train 94.0% | test 83.5% | 32s
  step 100/391 | loss 0.3828 | acc 94.2% | 11s elapsed | eta 31s
  step 200/391 | loss 0.3752 | acc 94.4% | 19s elapsed | eta 18s
  step 300/391 | loss 0.3762 | acc 94.3% | 28s elapsed | eta 9s
Ep 135 | loss 0.3796 | task 0.1834 | cons 0.1962 | train 94.1% | test 83.2% | 39s
  step 100/391 | loss 0.3511 | acc 94.7% | 8s elapsed | eta 24s
  step 200/391 | loss 0.3641 | acc 94.5% | 19s elapsed | eta 18s
  step 300/391 | loss 0.3555 | acc 94.6% | 26s elapsed | eta 8s
Ep 136 | loss 0.3687 | task 0.1808 | cons 0.1879 | train 94.4% | test 83.2% | 39s
  step 100/391 | loss 0.4152 | acc 94.4% | 6s elapsed | eta 18s
  step 200/391 | loss 0.4007 | acc 94.3% | 14s elapsed | eta 14s
  step 300/391 | loss 0.3988 | acc 94.3% | 24s elapsed | eta 7s
Ep 137 | loss 0.3952 | task 0.1798 | cons 0.2154 | train 94.2% | test 83.0% | 34s
  step 100/391 | loss 0.3221 | acc 95.0% | 10s elapsed | eta 30s
  step 200/391 | loss 0.3372 | acc 94.7% | 17s elapsed | eta 16s
  step 300/391 | loss 0.3430 | acc 94.8% | 23s elapsed | eta 7s
Ep 138 | loss 0.3497 | task 0.1693 | cons 0.1805 | train 94.7% | test 82.8% | 34s
  step 100/391 | loss 0.3637 | acc 94.9% | 10s elapsed | eta 30s
  step 200/391 | loss 0.3707 | acc 94.5% | 20s elapsed | eta 19s
  step 300/391 | loss 0.3700 | acc 94.5% | 27s elapsed | eta 8s
Ep 139 | loss 0.3747 | task 0.1767 | cons 0.1980 | train 94.4% | test 83.8% | 37s
  step 100/391 | loss 0.3357 | acc 95.1% | 10s elapsed | eta 28s
  step 200/391 | loss 0.3570 | acc 94.9% | 16s elapsed | eta 15s
  step 300/391 | loss 0.3622 | acc 94.8% | 25s elapsed | eta 8s
Ep 140 | loss 0.3530 | task 0.1682 | cons 0.1848 | train 94.7% | test 83.7% | 34s
    K=1: 83.6%
    K=2: 84.1%
    K=4: 83.7%
  step 100/391 | loss 0.4039 | acc 94.9% | 9s elapsed | eta 27s
  step 200/391 | loss 0.4112 | acc 94.6% | 19s elapsed | eta 18s
  step 300/391 | loss 0.4136 | acc 94.6% | 29s elapsed | eta 9s
Ep 141 | loss 0.4047 | task 0.1733 | cons 0.2314 | train 94.5% | test 83.7% | 39s
  step 100/391 | loss 0.3238 | acc 94.8% | 6s elapsed | eta 17s
  step 200/391 | loss 0.3393 | acc 94.8% | 17s elapsed | eta 16s
  step 300/391 | loss 0.3560 | acc 94.6% | 25s elapsed | eta 8s
Ep 142 | loss 0.3630 | task 0.1704 | cons 0.1926 | train 94.6% | test 83.4% | 40s
  step 100/391 | loss 0.3709 | acc 94.8% | 8s elapsed | eta 23s
  step 200/391 | loss 0.3751 | acc 94.8% | 15s elapsed | eta 15s
  step 300/391 | loss 0.3783 | acc 94.7% | 25s elapsed | eta 7s
Ep 143 | loss 0.3762 | task 0.1715 | cons 0.2048 | train 94.7% | test 83.7% | 35s
  step 100/391 | loss 0.3444 | acc 95.3% | 10s elapsed | eta 30s
  step 200/391 | loss 0.3514 | acc 95.1% | 18s elapsed | eta 17s
  step 300/391 | loss 0.3726 | acc 94.9% | 25s elapsed | eta 8s
Ep 144 | loss 0.3716 | task 0.1625 | cons 0.2092 | train 94.9% | test 83.6% | 38s
  step 100/391 | loss 0.3612 | acc 94.7% | 8s elapsed | eta 24s
  step 200/391 | loss 0.4097 | acc 94.3% | 15s elapsed | eta 14s
  step 300/391 | loss 0.3993 | acc 94.4% | 25s elapsed | eta 8s
Ep 145 | loss 0.3956 | task 0.1799 | cons 0.2157 | train 94.5% | test 84.0% | 37s
  step 100/391 | loss 0.4020 | acc 94.3% | 8s elapsed | eta 24s
  step 200/391 | loss 0.4234 | acc 94.5% | 15s elapsed | eta 15s
  step 300/391 | loss 0.4355 | acc 94.4% | 23s elapsed | eta 7s
Ep 146 | loss 0.4476 | task 0.1867 | cons 0.2608 | train 94.4% | test 83.0% | 34s
  step 100/391 | loss 0.4828 | acc 94.9% | 7s elapsed | eta 22s
  step 200/391 | loss 0.4377 | acc 94.9% | 16s elapsed | eta 15s
  step 300/391 | loss 0.4414 | acc 94.7% | 26s elapsed | eta 8s
Ep 147 | loss 0.4465 | task 0.1892 | cons 0.2574 | train 94.5% | test 83.6% | 34s
  step 100/391 | loss 0.4385 | acc 94.8% | 5s elapsed | eta 15s
  step 200/391 | loss 0.4559 | acc 94.7% | 16s elapsed | eta 15s
  step 300/391 | loss 0.4526 | acc 94.7% | 24s elapsed | eta 7s
Ep 148 | loss 0.4496 | task 0.1710 | cons 0.2786 | train 94.6% | test 84.2% | 36s
  step 100/391 | loss 0.4559 | acc 94.9% | 6s elapsed | eta 18s
  step 200/391 | loss 0.4681 | acc 94.7% | 14s elapsed | eta 14s
  step 300/391 | loss 0.4433 | acc 94.7% | 25s elapsed | eta 8s
Ep 149 | loss 0.4634 | task 0.1720 | cons 0.2914 | train 94.7% | test 83.3% | 33s
  step 100/391 | loss 0.4766 | acc 94.6% | 12s elapsed | eta 35s
  step 200/391 | loss 0.4824 | acc 94.5% | 18s elapsed | eta 17s
  step 300/391 | loss 0.4814 | acc 94.5% | 28s elapsed | eta 8s
Ep 150 | loss 0.4900 | task 0.1804 | cons 0.3096 | train 94.5% | test 84.0% | 40s
    K=1: 84.0%
    K=2: 84.5%
    K=4: 84.0%
  step 100/391 | loss 0.5370 | acc 94.6% | 11s elapsed | eta 31s
  step 200/391 | loss 0.5081 | acc 94.4% | 17s elapsed | eta 16s
  step 300/391 | loss 0.4911 | acc 94.5% | 24s elapsed | eta 7s
Ep 151 | loss 0.5679 | task 0.1913 | cons 0.3767 | train 93.9% | test 83.3% | 36s
  step 100/391 | loss 0.5596 | acc 94.4% | 7s elapsed | eta 21s
  step 200/391 | loss 0.5349 | acc 94.2% | 16s elapsed | eta 15s
  step 300/391 | loss 0.5649 | acc 94.2% | 25s elapsed | eta 8s
Ep 152 | loss 0.6080 | task 0.1964 | cons 0.4116 | train 93.8% | test 83.4% | 35s
  step 100/391 | loss 0.5217 | acc 94.1% | 11s elapsed | eta 32s
  step 200/391 | loss 0.5654 | acc 94.1% | 17s elapsed | eta 16s
  step 300/391 | loss 0.5633 | acc 94.0% | 26s elapsed | eta 8s
Ep 153 | loss 0.5639 | task 0.2001 | cons 0.3638 | train 93.9% | test 83.1% | 37s
  step 100/391 | loss 0.4506 | acc 95.0% | 10s elapsed | eta 30s
  step 200/391 | loss 0.4373 | acc 94.9% | 19s elapsed | eta 18s
  step 300/391 | loss 0.4621 | acc 94.9% | 24s elapsed | eta 7s
Ep 154 | loss 0.4843 | task 0.1716 | cons 0.3127 | train 94.7% | test 84.3% | 33s
  step 100/391 | loss 0.4321 | acc 94.9% | 12s elapsed | eta 34s
  step 200/391 | loss 0.5019 | acc 94.7% | 18s elapsed | eta 18s
  step 300/391 | loss 0.4804 | acc 94.6% | 29s elapsed | eta 9s
Ep 155 | loss 0.4655 | task 0.1726 | cons 0.2929 | train 94.6% | test 83.5% | 36s
  step 100/391 | loss 0.3647 | acc 95.3% | 9s elapsed | eta 26s
  step 200/391 | loss 0.3881 | acc 95.2% | 19s elapsed | eta 18s
  step 300/391 | loss 0.4019 | acc 95.2% | 24s elapsed | eta 7s
Ep 156 | loss 0.4168 | task 0.1566 | cons 0.2602 | train 95.1% | test 83.3% | 33s
  step 100/391 | loss 0.3718 | acc 95.4% | 11s elapsed | eta 31s
  step 200/391 | loss 0.3866 | acc 95.2% | 16s elapsed | eta 16s
  step 300/391 | loss 0.4034 | acc 95.2% | 27s elapsed | eta 8s
Ep 157 | loss 0.4021 | task 0.1538 | cons 0.2483 | train 95.2% | test 83.7% | 37s
  step 100/391 | loss 0.4017 | acc 95.1% | 6s elapsed | eta 19s
  step 200/391 | loss 0.4514 | acc 94.9% | 15s elapsed | eta 15s
  step 300/391 | loss 0.4904 | acc 94.8% | 23s elapsed | eta 7s
Ep 158 | loss 0.4910 | task 0.1649 | cons 0.3261 | train 94.8% | test 83.3% | 35s
  step 100/391 | loss 0.4087 | acc 95.4% | 5s elapsed | eta 14s
  step 200/391 | loss 0.3969 | acc 95.4% | 9s elapsed | eta 9s
  step 300/391 | loss 0.3834 | acc 95.4% | 16s elapsed | eta 5s
Ep 159 | loss 0.3908 | task 0.1580 | cons 0.2328 | train 95.3% | test 84.1% | 25s
  step 100/391 | loss 0.5247 | acc 95.3% | 8s elapsed | eta 25s
  step 200/391 | loss 1.1678 | acc 93.2% | 20s elapsed | eta 19s
  step 300/391 | loss 1.3086 | acc 88.6% | 26s elapsed | eta 8s
Ep 160 | loss 1.3388 | task 0.3694 | cons 0.9695 | train 89.0% | test 79.7% | 37s
    K=1: 80.9%
    K=2: 80.7%
    K=4: 79.7%
  step 100/391 | loss 0.8249 | acc 92.4% | 6s elapsed | eta 19s
  step 200/391 | loss 0.7183 | acc 93.0% | 12s elapsed | eta 11s
  step 300/391 | loss 0.7813 | acc 92.8% | 20s elapsed | eta 6s
Ep 161 | loss 1.3166 | task 0.3589 | cons 0.9577 | train 88.9% | test 81.9% | 32s
  step 100/391 | loss 1.5803 | acc 85.5% | 5s elapsed | eta 15s
  step 200/391 | loss 1.2377 | acc 88.6% | 14s elapsed | eta 13s
  step 300/391 | loss 1.0809 | acc 89.8% | 24s elapsed | eta 7s
Ep 162 | loss 0.9769 | task 0.3085 | cons 0.6684 | train 90.6% | test 83.6% | 31s
  step 100/391 | loss 0.5920 | acc 93.8% | 11s elapsed | eta 31s
  step 200/391 | loss 0.5684 | acc 93.9% | 18s elapsed | eta 17s
  step 300/391 | loss 0.5370 | acc 94.1% | 28s elapsed | eta 8s
Ep 163 | loss 0.5226 | task 0.1898 | cons 0.3328 | train 94.2% | test 84.6% | 37s
  step 100/391 | loss 0.4302 | acc 94.7% | 7s elapsed | eta 21s
  step 200/391 | loss 0.4371 | acc 94.9% | 17s elapsed | eta 16s
  step 300/391 | loss 0.4668 | acc 94.7% | 23s elapsed | eta 7s
Ep 164 | loss 0.4725 | task 0.1737 | cons 0.2989 | train 94.8% | test 84.3% | 37s
  step 100/391 | loss 0.6372 | acc 94.2% | 7s elapsed | eta 20s
  step 200/391 | loss 0.6579 | acc 93.7% | 13s elapsed | eta 13s
  step 300/391 | loss 0.6581 | acc 93.7% | 19s elapsed | eta 6s
Ep 165 | loss 0.6505 | task 0.2071 | cons 0.4434 | train 93.8% | test 82.3% | 32s
  step 100/391 | loss 0.5409 | acc 94.6% | 6s elapsed | eta 18s
  step 200/391 | loss 0.5288 | acc 94.6% | 17s elapsed | eta 16s
  step 300/391 | loss 0.5261 | acc 94.7% | 24s elapsed | eta 7s
Ep 166 | loss 0.5168 | task 0.1777 | cons 0.3391 | train 94.7% | test 84.2% | 37s
  step 100/391 | loss 0.4086 | acc 95.4% | 8s elapsed | eta 23s
  step 200/391 | loss 0.4207 | acc 95.4% | 14s elapsed | eta 13s
  step 300/391 | loss 0.4064 | acc 95.4% | 22s elapsed | eta 7s
Ep 167 | loss 0.4028 | task 0.1456 | cons 0.2572 | train 95.4% | test 84.4% | 34s
  step 100/391 | loss 0.3900 | acc 95.8% | 5s elapsed | eta 14s
  step 200/391 | loss 0.3834 | acc 95.6% | 12s elapsed | eta 12s
  step 300/391 | loss 0.3816 | acc 95.6% | 22s elapsed | eta 7s
Ep 168 | loss 0.3703 | task 0.1391 | cons 0.2312 | train 95.7% | test 84.5% | 35s
  step 100/391 | loss 0.3327 | acc 96.2% | 11s elapsed | eta 32s
  step 200/391 | loss 0.3433 | acc 95.9% | 21s elapsed | eta 20s
  step 300/391 | loss 0.3556 | acc 95.8% | 28s elapsed | eta 9s
Ep 169 | loss 0.3549 | task 0.1373 | cons 0.2176 | train 95.8% | test 83.8% | 40s
  step 100/391 | loss 0.3531 | acc 96.1% | 8s elapsed | eta 22s
  step 200/391 | loss 0.3532 | acc 96.1% | 12s elapsed | eta 12s
  step 300/391 | loss 0.3627 | acc 96.0% | 20s elapsed | eta 6s
Ep 170 | loss 0.3777 | task 0.1348 | cons 0.2429 | train 95.9% | test 83.3% | 32s
    K=1: 83.7%
    K=2: 83.6%
    K=4: 83.3%
  step 100/391 | loss 0.3587 | acc 95.9% | 10s elapsed | eta 30s
  step 200/391 | loss 0.3795 | acc 95.8% | 18s elapsed | eta 18s
  step 300/391 | loss 0.3851 | acc 95.9% | 24s elapsed | eta 7s
Ep 171 | loss 0.3907 | task 0.1392 | cons 0.2515 | train 95.8% | test 83.6% | 30s
  step 100/391 | loss 0.4031 | acc 95.9% | 5s elapsed | eta 16s
  step 200/391 | loss 0.4099 | acc 95.8% | 11s elapsed | eta 11s
  step 300/391 | loss 0.4307 | acc 95.7% | 21s elapsed | eta 6s
Ep 172 | loss 0.4281 | task 0.1438 | cons 0.2843 | train 95.7% | test 84.2% | 32s
  step 100/391 | loss 0.3415 | acc 96.3% | 11s elapsed | eta 32s
  step 200/391 | loss 0.3568 | acc 96.3% | 18s elapsed | eta 17s
  step 300/391 | loss 0.3583 | acc 96.2% | 23s elapsed | eta 7s
Ep 173 | loss 0.3610 | task 0.1318 | cons 0.2291 | train 96.1% | test 83.9% | 33s
  step 100/391 | loss 0.3993 | acc 96.1% | 9s elapsed | eta 28s
  step 200/391 | loss 0.3741 | acc 96.1% | 18s elapsed | eta 17s
  step 300/391 | loss 0.3725 | acc 96.1% | 29s elapsed | eta 9s
Ep 174 | loss 0.3719 | task 0.1290 | cons 0.2428 | train 96.0% | test 84.3% | 35s
  step 100/391 | loss 0.3610 | acc 96.2% | 6s elapsed | eta 17s
  step 200/391 | loss 0.3367 | acc 96.3% | 15s elapsed | eta 14s
  step 300/391 | loss 0.3312 | acc 96.3% | 24s elapsed | eta 7s
Ep 175 | loss 0.3343 | task 0.1179 | cons 0.2164 | train 96.3% | test 83.5% | 37s
  step 100/391 | loss 0.3513 | acc 96.4% | 8s elapsed | eta 24s
  step 200/391 | loss 0.3357 | acc 96.4% | 18s elapsed | eta 17s
  step 300/391 | loss 0.3351 | acc 96.4% | 27s elapsed | eta 8s
Ep 176 | loss 0.3301 | task 0.1205 | cons 0.2096 | train 96.3% | test 84.9% | 34s
  step 100/391 | loss 0.3412 | acc 96.6% | 11s elapsed | eta 33s
  step 200/391 | loss 0.3615 | acc 96.4% | 19s elapsed | eta 18s
  step 300/391 | loss 0.3589 | acc 96.4% | 24s elapsed | eta 7s
Ep 177 | loss 0.3676 | task 0.1216 | cons 0.2460 | train 96.3% | test 84.5% | 30s
  step 100/391 | loss 0.3532 | acc 96.2% | 8s elapsed | eta 24s
  step 200/391 | loss 0.3584 | acc 96.3% | 15s elapsed | eta 14s
  step 300/391 | loss 0.3555 | acc 96.4% | 19s elapsed | eta 6s
Ep 178 | loss 0.3510 | task 0.1152 | cons 0.2358 | train 96.4% | test 84.5% | 23s
  step 100/391 | loss 0.3759 | acc 96.5% | 3s elapsed | eta 10s
  step 200/391 | loss 0.3788 | acc 96.3% | 10s elapsed | eta 10s
  step 300/391 | loss 0.3775 | acc 96.2% | 18s elapsed | eta 5s
Ep 179 | loss 0.3742 | task 0.1206 | cons 0.2535 | train 96.2% | test 84.5% | 24s
  step 100/391 | loss 0.3483 | acc 96.7% | 8s elapsed | eta 23s
  step 200/391 | loss 0.3270 | acc 96.7% | 17s elapsed | eta 16s
  step 300/391 | loss 0.3175 | acc 96.6% | 22s elapsed | eta 7s
Ep 180 | loss 0.3197 | task 0.1135 | cons 0.2062 | train 96.5% | test 83.8% | 28s
    K=1: 84.2%
    K=2: 84.4%
    K=4: 83.8%
  step 100/391 | loss 0.3301 | acc 96.4% | 8s elapsed | eta 22s
  step 200/391 | loss 0.3244 | acc 96.5% | 13s elapsed | eta 12s
  step 300/391 | loss 0.3363 | acc 96.5% | 18s elapsed | eta 5s
Ep 181 | loss 0.3340 | task 0.1116 | cons 0.2224 | train 96.6% | test 84.3% | 31s
  step 100/391 | loss 0.3594 | acc 96.4% | 6s elapsed | eta 16s
  step 200/391 | loss 0.3371 | acc 96.6% | 14s elapsed | eta 13s
  step 300/391 | loss 0.3567 | acc 96.5% | 23s elapsed | eta 7s
Ep 182 | loss 0.3693 | task 0.1171 | cons 0.2522 | train 96.5% | test 84.5% | 30s
  step 100/391 | loss 0.3764 | acc 96.7% | 10s elapsed | eta 28s
  step 200/391 | loss 0.3766 | acc 96.5% | 16s elapsed | eta 15s
  step 300/391 | loss 0.3615 | acc 96.6% | 21s elapsed | eta 6s
Ep 183 | loss 0.3580 | task 0.1098 | cons 0.2481 | train 96.6% | test 84.6% | 29s
  step 100/391 | loss 0.3623 | acc 96.6% | 10s elapsed | eta 29s
  step 200/391 | loss 0.3720 | acc 96.6% | 15s elapsed | eta 15s
  step 300/391 | loss 0.3756 | acc 96.5% | 20s elapsed | eta 6s
Ep 184 | loss 0.3691 | task 0.1168 | cons 0.2523 | train 96.5% | test 85.0% | 32s
  step 100/391 | loss 0.4179 | acc 96.4% | 7s elapsed | eta 20s
  step 200/391 | loss 0.4121 | acc 96.6% | 16s elapsed | eta 15s
  step 300/391 | loss 0.4200 | acc 96.6% | 23s elapsed | eta 7s
Ep 185 | loss 0.4142 | task 0.1183 | cons 0.2960 | train 96.5% | test 84.8% | 31s
  step 100/391 | loss 0.3794 | acc 96.6% | 9s elapsed | eta 27s
  step 200/391 | loss 0.3725 | acc 96.8% | 16s elapsed | eta 15s
  step 300/391 | loss 0.3838 | acc 96.6% | 24s elapsed | eta 7s
Ep 186 | loss 0.3840 | task 0.1168 | cons 0.2672 | train 96.5% | test 84.7% | 31s
  step 100/391 | loss 0.3844 | acc 96.8% | 6s elapsed | eta 19s
  step 200/391 | loss 0.3799 | acc 96.7% | 15s elapsed | eta 14s
  step 300/391 | loss 0.3858 | acc 96.6% | 22s elapsed | eta 7s
Ep 187 | loss 0.3843 | task 0.1184 | cons 0.2659 | train 96.6% | test 84.4% | 30s
  step 100/391 | loss 0.3984 | acc 96.5% | 5s elapsed | eta 14s
  step 200/391 | loss 0.3864 | acc 96.6% | 13s elapsed | eta 12s
  step 300/391 | loss 0.3958 | acc 96.5% | 22s elapsed | eta 7s
Ep 188 | loss 0.4051 | task 0.1291 | cons 0.2760 | train 96.5% | test 84.7% | 28s
  step 100/391 | loss 0.3519 | acc 96.8% | 5s elapsed | eta 13s
  step 200/391 | loss 0.3840 | acc 96.7% | 9s elapsed | eta 9s
  step 300/391 | loss 0.3855 | acc 96.6% | 16s elapsed | eta 5s
Ep 189 | loss 0.3882 | task 0.1192 | cons 0.2690 | train 96.5% | test 84.9% | 28s
  step 100/391 | loss 0.4243 | acc 96.8% | 10s elapsed | eta 28s
  step 200/391 | loss 0.4153 | acc 96.7% | 14s elapsed | eta 14s
  step 300/391 | loss 0.4137 | acc 96.7% | 21s elapsed | eta 6s
Ep 190 | loss 0.4198 | task 0.1207 | cons 0.2991 | train 96.6% | test 84.4% | 33s
    K=1: 83.8%
    K=2: 84.5%
    K=4: 84.4%
  step 100/391 | loss 0.3286 | acc 97.0% | 8s elapsed | eta 23s
  step 200/391 | loss 0.3638 | acc 96.8% | 16s elapsed | eta 15s
  step 300/391 | loss 0.3663 | acc 96.8% | 22s elapsed | eta 7s
Ep 191 | loss 0.3625 | task 0.1147 | cons 0.2478 | train 96.8% | test 84.8% | 30s
  step 100/391 | loss 0.3766 | acc 96.7% | 7s elapsed | eta 19s
  step 200/391 | loss 0.3861 | acc 96.7% | 13s elapsed | eta 12s
  step 300/391 | loss 0.3852 | acc 96.6% | 21s elapsed | eta 6s
Ep 192 | loss 0.4046 | task 0.1249 | cons 0.2797 | train 96.5% | test 84.9% | 33s
  step 100/391 | loss 0.4457 | acc 96.6% | 5s elapsed | eta 16s
  step 200/391 | loss 0.4008 | acc 96.8% | 11s elapsed | eta 11s
  step 300/391 | loss 0.4252 | acc 96.5% | 19s elapsed | eta 6s
Ep 193 | loss 0.4170 | task 0.1412 | cons 0.2758 | train 96.5% | test 85.4% | 25s
  step 100/391 | loss 0.4291 | acc 96.8% | 9s elapsed | eta 27s
  step 200/391 | loss 0.4307 | acc 96.8% | 17s elapsed | eta 16s
  step 300/391 | loss 0.4366 | acc 96.6% | 22s elapsed | eta 7s
Ep 194 | loss 0.4436 | task 0.1431 | cons 0.3005 | train 96.5% | test 85.2% | 32s
  step 100/391 | loss 0.4160 | acc 96.4% | 7s elapsed | eta 21s
  step 200/391 | loss 0.4087 | acc 96.6% | 12s elapsed | eta 12s
  step 300/391 | loss 0.4499 | acc 96.3% | 21s elapsed | eta 6s
Ep 195 | loss 0.4656 | task 0.1433 | cons 0.3223 | train 96.3% | test 84.5% | 29s
  step 100/391 | loss 0.4535 | acc 96.5% | 5s elapsed | eta 16s
  step 200/391 | loss 0.4318 | acc 96.6% | 13s elapsed | eta 12s
  step 300/391 | loss 0.4634 | acc 96.3% | 18s elapsed | eta 5s
Ep 196 | loss 0.4645 | task 0.1407 | cons 0.3238 | train 96.3% | test 84.8% | 23s
  step 100/391 | loss 0.4890 | acc 96.2% | 5s elapsed | eta 15s
  step 200/391 | loss 0.4503 | acc 96.3% | 10s elapsed | eta 10s
  step 300/391 | loss 0.4484 | acc 96.2% | 15s elapsed | eta 5s
Ep 197 | loss 0.4531 | task 0.1510 | cons 0.3020 | train 96.2% | test 85.0% | 25s
  step 100/391 | loss 0.4436 | acc 96.7% | 11s elapsed | eta 31s
  step 200/391 | loss 0.4926 | acc 96.4% | 18s elapsed | eta 17s
  step 300/391 | loss 0.4765 | acc 96.4% | 25s elapsed | eta 8s
Ep 198 | loss 0.4640 | task 0.1448 | cons 0.3192 | train 96.4% | test 84.6% | 37s
  step 100/391 | loss 0.4853 | acc 96.3% | 6s elapsed | eta 19s
  step 200/391 | loss 0.4551 | acc 96.4% | 13s elapsed | eta 13s
  step 300/391 | loss 0.4540 | acc 96.4% | 21s elapsed | eta 6s
Ep 199 | loss 0.4647 | task 0.1512 | cons 0.3134 | train 96.3% | test 85.0% | 30s
  step 100/391 | loss 0.4618 | acc 96.4% | 8s elapsed | eta 24s
  step 200/391 | loss 0.4832 | acc 96.2% | 15s elapsed | eta 14s
  step 300/391 | loss 0.4722 | acc 96.2% | 22s elapsed | eta 7s
Ep 200 | loss 0.4908 | task 0.1410 | cons 0.3498 | train 96.2% | test 85.0% | 33s
    K=1: 84.2%
    K=2: 85.4%
    K=4: 85.0%
  step 100/391 | loss 0.4781 | acc 96.4% | 9s elapsed | eta 26s
  step 200/391 | loss 0.4742 | acc 96.2% | 15s elapsed | eta 15s
  step 300/391 | loss 0.4780 | acc 96.2% | 23s elapsed | eta 7s
Ep 201 | loss 0.4894 | task 0.1576 | cons 0.3318 | train 96.2% | test 84.8% | 33s
  step 100/391 | loss 0.5333 | acc 96.1% | 8s elapsed | eta 22s
  step 200/391 | loss 0.5472 | acc 95.7% | 14s elapsed | eta 13s
  step 300/391 | loss 0.5303 | acc 95.9% | 17s elapsed | eta 5s
Ep 202 | loss 0.5011 | task 0.1651 | cons 0.3360 | train 96.0% | test 85.2% | 24s
  step 100/391 | loss 0.4778 | acc 96.4% | 5s elapsed | eta 15s
  step 200/391 | loss 0.4968 | acc 96.2% | 11s elapsed | eta 11s
  step 300/391 | loss 0.4817 | acc 96.2% | 18s elapsed | eta 5s
Ep 203 | loss 0.4881 | task 0.1522 | cons 0.3359 | train 96.2% | test 85.0% | 32s
  step 100/391 | loss 0.5000 | acc 96.4% | 6s elapsed | eta 16s
  step 200/391 | loss 0.5141 | acc 96.3% | 11s elapsed | eta 11s
  step 300/391 | loss 0.5438 | acc 96.2% | 18s elapsed | eta 5s
Ep 204 | loss 0.5269 | task 0.1524 | cons 0.3744 | train 96.1% | test 85.2% | 29s
  step 100/391 | loss 0.4944 | acc 96.5% | 6s elapsed | eta 17s
  step 200/391 | loss 0.5069 | acc 96.3% | 14s elapsed | eta 13s
  step 300/391 | loss 0.5459 | acc 96.1% | 21s elapsed | eta 6s
Ep 205 | loss 0.5660 | task 0.1495 | cons 0.4165 | train 96.0% | test 84.1% | 29s
  step 100/391 | loss 0.5541 | acc 95.6% | 9s elapsed | eta 26s
  step 200/391 | loss 0.5339 | acc 95.9% | 14s elapsed | eta 14s
  step 300/391 | loss 0.5049 | acc 96.1% | 20s elapsed | eta 6s
Ep 206 | loss 0.5166 | task 0.1498 | cons 0.3668 | train 96.1% | test 84.7% | 32s
  step 100/391 | loss 0.4973 | acc 96.2% | 6s elapsed | eta 17s
  step 200/391 | loss 0.5490 | acc 96.2% | 13s elapsed | eta 12s
  step 300/391 | loss 0.5438 | acc 96.3% | 22s elapsed | eta 7s
Ep 207 | loss 0.5697 | task 0.1457 | cons 0.4240 | train 96.2% | test 84.9% | 29s
  step 100/391 | loss 0.5689 | acc 96.1% | 7s elapsed | eta 20s
  step 200/391 | loss 0.6183 | acc 95.9% | 15s elapsed | eta 14s
  step 300/391 | loss 0.5837 | acc 96.1% | 20s elapsed | eta 6s
Ep 208 | loss 0.5659 | task 0.1511 | cons 0.4148 | train 96.1% | test 85.2% | 29s
  step 100/391 | loss 0.6487 | acc 96.2% | 8s elapsed | eta 24s
  step 200/391 | loss 0.6531 | acc 96.1% | 14s elapsed | eta 13s
  step 300/391 | loss 0.6473 | acc 96.3% | 21s elapsed | eta 6s
Ep 209 | loss 0.6391 | task 0.1335 | cons 0.5056 | train 96.3% | test 84.8% | 31s
  step 100/391 | loss 0.6303 | acc 96.3% | 7s elapsed | eta 19s
  step 200/391 | loss 0.6666 | acc 96.3% | 15s elapsed | eta 14s
  step 300/391 | loss 0.6594 | acc 96.3% | 22s elapsed | eta 7s
Ep 210 | loss 0.6648 | task 0.1362 | cons 0.5286 | train 96.2% | test 85.0% | 32s
    K=1: 85.0%
    K=2: 85.1%
    K=4: 85.0%
  step 100/391 | loss 0.6345 | acc 96.4% | 7s elapsed | eta 21s
  step 200/391 | loss 0.6127 | acc 96.5% | 11s elapsed | eta 11s
  step 300/391 | loss 0.6564 | acc 96.4% | 15s elapsed | eta 4s
Ep 211 | loss 0.7027 | task 0.1307 | cons 0.5720 | train 96.3% | test 84.1% | 19s
  step 100/391 | loss 0.6192 | acc 96.3% | 4s elapsed | eta 11s
  step 200/391 | loss 0.6948 | acc 96.2% | 7s elapsed | eta 7s
  step 300/391 | loss 0.6713 | acc 96.3% | 10s elapsed | eta 3s
Ep 212 | loss 0.6476 | task 0.1318 | cons 0.5158 | train 96.3% | test 84.9% | 15s
  step 100/391 | loss 0.5762 | acc 96.8% | 4s elapsed | eta 10s
  step 200/391 | loss 0.5745 | acc 96.5% | 7s elapsed | eta 6s
  step 300/391 | loss 0.5653 | acc 96.6% | 10s elapsed | eta 3s
Ep 213 | loss 0.5467 | task 0.1283 | cons 0.4185 | train 96.6% | test 85.0% | 15s
  step 100/391 | loss 0.8082 | acc 96.2% | 3s elapsed | eta 10s
  step 200/391 | loss 0.7855 | acc 96.4% | 7s elapsed | eta 7s
  step 300/391 | loss 0.7659 | acc 96.4% | 11s elapsed | eta 3s
Ep 214 | loss 0.7689 | task 0.1359 | cons 0.6329 | train 96.3% | test 85.3% | 15s
  step 100/391 | loss 0.5800 | acc 96.4% | 4s elapsed | eta 11s
  step 200/391 | loss 0.6061 | acc 96.3% | 7s elapsed | eta 7s
  step 300/391 | loss 0.6178 | acc 96.3% | 10s elapsed | eta 3s
Ep 215 | loss 0.6157 | task 0.1436 | cons 0.4721 | train 96.2% | test 85.5% | 14s
  step 100/391 | loss 0.5023 | acc 96.8% | 4s elapsed | eta 11s
  step 200/391 | loss 0.5951 | acc 96.5% | 7s elapsed | eta 7s
  step 300/391 | loss 0.6143 | acc 96.3% | 10s elapsed | eta 3s
Ep 216 | loss 0.6085 | task 0.1368 | cons 0.4717 | train 96.3% | test 85.3% | 15s
  step 100/391 | loss 0.9448 | acc 95.9% | 4s elapsed | eta 10s
  step 200/391 | loss 1.0917 | acc 96.2% | 7s elapsed | eta 7s
  step 300/391 | loss 1.3112 | acc 96.2% | 11s elapsed | eta 3s
Ep 217 | loss 1.7860 | task 0.1491 | cons 1.6369 | train 96.1% | test 83.6% | 15s
  step 100/391 | loss 119.3938 | acc 93.2% | 3s elapsed | eta 10s
  step 200/391 | loss 492.6260 | acc 92.0% | 7s elapsed | eta 7s
  step 300/391 | loss 532.4669 | acc 92.1% | 10s elapsed | eta 3s
Ep 218 | loss 540.0344 | task 0.4804 | cons 539.5540 | train 91.8% | test 84.2% | 15s
  step 100/391 | loss 563.1588 | acc 91.1% | 3s elapsed | eta 10s
  step 200/391 | loss 591.9325 | acc 91.0% | 7s elapsed | eta 6s
  step 300/391 | loss 577.6178 | acc 91.5% | 10s elapsed | eta 3s
Ep 219 | loss 570.4502 | task 0.3850 | cons 570.0652 | train 92.1% | test 83.9% | 15s
  step 100/391 | loss 662.5814 | acc 92.2% | 3s elapsed | eta 10s
  step 200/391 | loss 660.5396 | acc 92.6% | 7s elapsed | eta 7s
  step 300/391 | loss 648.7531 | acc 92.8% | 10s elapsed | eta 3s
Ep 220 | loss 604.1168 | task 0.3128 | cons 603.8040 | train 92.9% | test 83.4% | 15s
    K=1: 78.3%
    K=2: 83.7%
    K=4: 83.4%
  step 100/391 | loss 512.6942 | acc 93.0% | 3s elapsed | eta 10s
  step 200/391 | loss 482.3941 | acc 93.1% | 7s elapsed | eta 7s
  step 300/391 | loss 456.6710 | acc 93.3% | 11s elapsed | eta 3s
Ep 221 | loss 461.1132 | task 0.2765 | cons 460.8367 | train 93.1% | test 82.8% | 15s
  step 100/391 | loss 473.5267 | acc 94.0% | 4s elapsed | eta 11s
  step 200/391 | loss 456.4500 | acc 94.3% | 7s elapsed | eta 7s
  step 300/391 | loss 446.0480 | acc 94.2% | 10s elapsed | eta 3s
Ep 222 | loss 443.0371 | task 0.2427 | cons 442.7943 | train 94.1% | test 84.0% | 15s
  step 100/391 | loss 384.2908 | acc 94.1% | 4s elapsed | eta 10s
  step 200/391 | loss 402.6136 | acc 94.1% | 7s elapsed | eta 6s
  step 300/391 | loss 440.3761 | acc 93.3% | 10s elapsed | eta 3s
Ep 223 | loss 417.2951 | task 0.2441 | cons 417.0510 | train 93.3% | test 83.0% | 15s
  step 100/391 | loss 392.5298 | acc 93.1% | 3s elapsed | eta 10s
  step 200/391 | loss 359.3582 | acc 93.3% | 7s elapsed | eta 6s
  step 300/391 | loss 374.9047 | acc 93.1% | 10s elapsed | eta 3s
Ep 224 | loss 356.7675 | task 0.2337 | cons 356.5338 | train 93.4% | test 83.6% | 15s
  step 100/391 | loss 275.0662 | acc 94.2% | 4s elapsed | eta 11s
  step 200/391 | loss 297.9361 | acc 94.0% | 7s elapsed | eta 7s
  step 300/391 | loss 287.8375 | acc 94.0% | 10s elapsed | eta 3s
Ep 225 | loss 304.5612 | task 0.2067 | cons 304.3546 | train 94.0% | test 83.8% | 15s
  step 100/391 | loss 345.0618 | acc 95.0% | 3s elapsed | eta 10s
  step 200/391 | loss 378.6468 | acc 94.8% | 7s elapsed | eta 7s
  step 300/391 | loss 344.2025 | acc 94.7% | 10s elapsed | eta 3s
Ep 226 | loss 321.8591 | task 0.1791 | cons 321.6800 | train 94.7% | test 83.2% | 14s
  step 100/391 | loss 273.3262 | acc 94.4% | 4s elapsed | eta 11s
  step 200/391 | loss 236.5175 | acc 94.7% | 7s elapsed | eta 7s
  step 300/391 | loss 241.2254 | acc 94.6% | 11s elapsed | eta 3s
Ep 227 | loss 196.8524 | task 0.2061 | cons 196.6463 | train 93.5% | test 80.7% | 15s
  step 100/391 | loss 7.8579 | acc 90.8% | 4s elapsed | eta 11s
  step 200/391 | loss 4.7505 | acc 91.8% | 7s elapsed | eta 6s
  step 300/391 | loss 3.7387 | acc 92.0% | 10s elapsed | eta 3s
Ep 228 | loss 4.0835 | task 0.2468 | cons 3.8367 | train 92.4% | test 82.2% | 15s
  step 100/391 | loss 15.2382 | acc 91.6% | 3s elapsed | eta 9s
  step 200/391 | loss 14.0648 | acc 87.4% | 7s elapsed | eta 6s
  step 300/391 | loss 15.4205 | acc 84.3% | 10s elapsed | eta 3s
Ep 229 | loss 14.1770 | task 0.6823 | cons 13.4947 | train 83.2% | test 73.0% | 14s
  step 100/391 | loss 16.0786 | acc 58.3% | 4s elapsed | eta 10s
  step 200/391 | loss 12.9974 | acc 65.1% | 7s elapsed | eta 7s
  step 300/391 | loss 11.4871 | acc 69.9% | 11s elapsed | eta 3s
Ep 230 | loss 9.2961 | task 1.1030 | cons 8.1931 | train 72.2% | test 82.6% | 15s
    K=1: 81.8%
    K=2: 83.5%
    K=4: 82.6%
  step 100/391 | loss 4.2987 | acc 90.5% | 3s elapsed | eta 10s
  step 200/391 | loss 19.5576 | acc 85.0% | 7s elapsed | eta 6s
  step 300/391 | loss 26.1187 | acc 77.6% | 10s elapsed | eta 3s
Ep 231 | loss 21.4766 | task 0.6789 | cons 20.7977 | train 78.4% | test 82.8% | 14s
  step 100/391 | loss 10.8957 | acc 84.0% | 4s elapsed | eta 11s
  step 200/391 | loss 11.0033 | acc 86.1% | 7s elapsed | eta 7s
  step 300/391 | loss 10.4039 | acc 86.2% | 11s elapsed | eta 3s
Ep 232 | loss 10.4775 | task 0.3862 | cons 10.0913 | train 87.0% | test 79.0% | 15s
  step 100/391 | loss 7.6051 | acc 85.0% | 4s elapsed | eta 10s
  step 200/391 | loss 6.8200 | acc 84.9% | 7s elapsed | eta 7s
  step 300/391 | loss 8.5682 | acc 83.2% | 11s elapsed | eta 3s
Ep 233 | loss 8.8495 | task 0.5430 | cons 8.3066 | train 83.0% | test 71.9% | 15s
  step 100/391 | loss 19.7750 | acc 81.6% | 3s elapsed | eta 10s
  step 200/391 | loss 13.0410 | acc 86.3% | 7s elapsed | eta 7s
  step 300/391 | loss 10.0721 | acc 88.0% | 11s elapsed | eta 3s
Ep 234 | loss 8.7347 | task 0.3387 | cons 8.3960 | train 88.9% | test 83.7% | 15s
  step 100/391 | loss 5.4804 | acc 83.5% | 4s elapsed | eta 11s
  step 200/391 | loss 6.0662 | acc 80.2% | 7s elapsed | eta 7s
  step 300/391 | loss 7.4446 | acc 80.8% | 10s elapsed | eta 3s
Ep 235 | loss 7.4832 | task 0.5737 | cons 6.9095 | train 82.9% | test 83.8% | 15s
  step 100/391 | loss 4.2866 | acc 91.4% | 3s elapsed | eta 10s
  step 200/391 | loss 4.2291 | acc 91.5% | 7s elapsed | eta 6s
  step 300/391 | loss 4.0041 | acc 91.1% | 10s elapsed | eta 3s
Ep 236 | loss 4.3421 | task 0.2809 | cons 4.0612 | train 90.8% | test 76.6% | 14s
  step 100/391 | loss 8.9581 | acc 82.8% | 3s elapsed | eta 9s
  step 200/391 | loss 10.4001 | acc 84.5% | 7s elapsed | eta 6s
  step 300/391 | loss 12.8899 | acc 84.6% | 10s elapsed | eta 3s
Ep 237 | loss 12.4775 | task 0.4893 | cons 11.9882 | train 85.2% | test 82.5% | 15s
  step 100/391 | loss 8.6124 | acc 84.8% | 3s elapsed | eta 10s
  step 200/391 | loss 6.4089 | acc 87.5% | 7s elapsed | eta 7s
  step 300/391 | loss 6.4648 | acc 87.5% | 10s elapsed | eta 3s
Ep 238 | loss 6.3125 | task 0.3729 | cons 5.9396 | train 88.1% | test 84.8% | 15s
  step 100/391 | loss 6.0339 | acc 90.3% | 3s elapsed | eta 10s
  step 200/391 | loss 5.8380 | acc 89.8% | 6s elapsed | eta 6s
  step 300/391 | loss 5.4712 | acc 89.8% | 10s elapsed | eta 3s
Ep 239 | loss 5.2696 | task 0.3207 | cons 4.9489 | train 89.8% | test 83.5% | 14s
  step 100/391 | loss 7.5185 | acc 87.8% | 3s elapsed | eta 10s
  step 200/391 | loss 7.0200 | acc 88.6% | 7s elapsed | eta 7s
  step 300/391 | loss 7.1154 | acc 89.0% | 11s elapsed | eta 3s
Ep 240 | loss 11.9699 | task 0.4129 | cons 11.5570 | train 86.9% | test 76.8% | 15s
    K=1: 71.2%
    K=2: 76.4%
    K=4: 76.8%
  step 100/391 | loss 8.5726 | acc 85.3% | 3s elapsed | eta 10s
  step 200/391 | loss 9.7683 | acc 87.9% | 7s elapsed | eta 6s
  step 300/391 | loss 8.9573 | acc 89.2% | 10s elapsed | eta 3s
Ep 241 | loss 8.3006 | task 0.3026 | cons 7.9979 | train 90.1% | test 84.2% | 15s
  step 100/391 | loss 5.6406 | acc 93.3% | 3s elapsed | eta 10s
  step 200/391 | loss 5.1998 | acc 92.5% | 7s elapsed | eta 7s
  step 300/391 | loss 4.9714 | acc 92.4% | 10s elapsed | eta 3s
Ep 242 | loss 4.5256 | task 0.2305 | cons 4.2951 | train 92.5% | test 85.0% | 14s
  step 100/391 | loss 4.0440 | acc 93.6% | 4s elapsed | eta 10s
  step 200/391 | loss 3.5487 | acc 93.3% | 7s elapsed | eta 7s
  step 300/391 | loss 3.3691 | acc 93.3% | 10s elapsed | eta 3s
Ep 243 | loss 3.4054 | task 0.2036 | cons 3.2017 | train 93.3% | test 84.8% | 15s
  step 100/391 | loss 4.1102 | acc 93.1% | 3s elapsed | eta 9s
  step 200/391 | loss 4.1800 | acc 91.7% | 6s elapsed | eta 6s
  step 300/391 | loss 4.1454 | acc 91.8% | 10s elapsed | eta 3s
Ep 244 | loss 4.1911 | task 0.2575 | cons 3.9336 | train 91.6% | test 85.0% | 14s
  step 100/391 | loss 4.4796 | acc 92.1% | 3s elapsed | eta 10s
  step 200/391 | loss 3.9008 | acc 92.8% | 7s elapsed | eta 7s
  step 300/391 | loss 4.1772 | acc 92.8% | 10s elapsed | eta 3s
Ep 245 | loss 4.0995 | task 0.2188 | cons 3.8806 | train 93.0% | test 84.9% | 15s
  step 100/391 | loss 4.7467 | acc 93.1% | 4s elapsed | eta 11s
  step 200/391 | loss 6.2588 | acc 92.4% | 7s elapsed | eta 7s
  step 300/391 | loss 6.0043 | acc 91.5% | 10s elapsed | eta 3s
Ep 246 | loss 5.8886 | task 0.2746 | cons 5.6140 | train 91.2% | test 81.9% | 15s
  step 100/391 | loss 3.8903 | acc 85.4% | 3s elapsed | eta 10s
  step 200/391 | loss 5.4843 | acc 87.0% | 7s elapsed | eta 6s
  step 300/391 | loss 6.4003 | acc 87.7% | 10s elapsed | eta 3s
Ep 247 | loss 6.1362 | task 0.3799 | cons 5.7563 | train 88.8% | test 83.7% | 15s
  step 100/391 | loss 8.8337 | acc 91.9% | 4s elapsed | eta 11s
  step 200/391 | loss 9.3049 | acc 90.9% | 7s elapsed | eta 7s
  step 300/391 | loss 11.1096 | acc 90.7% | 10s elapsed | eta 3s
Ep 248 | loss 9.9084 | task 0.2815 | cons 9.6269 | train 91.0% | test 84.3% | 15s
  step 100/391 | loss 6.0576 | acc 81.8% | 3s elapsed | eta 10s
  step 200/391 | loss 4.9402 | acc 85.8% | 7s elapsed | eta 6s
  step 300/391 | loss 4.4292 | acc 87.9% | 10s elapsed | eta 3s
Ep 249 | loss 4.1575 | task 0.3957 | cons 3.7618 | train 88.4% | test 84.0% | 14s
  step 100/391 | loss 2.7915 | acc 90.4% | 4s elapsed | eta 10s
  step 200/391 | loss 2.8160 | acc 91.0% | 7s elapsed | eta 7s
  step 300/391 | loss 3.3636 | acc 91.3% | 11s elapsed | eta 3s
Ep 250 | loss 3.7393 | task 0.2972 | cons 3.4421 | train 91.4% | test 85.4% | 15s
    K=1: 83.1%
    K=2: 85.4%
    K=4: 85.4%
  step 100/391 | loss 3.1775 | acc 93.6% | 3s elapsed | eta 10s
  step 200/391 | loss 3.1813 | acc 93.1% | 6s elapsed | eta 6s
  step 300/391 | loss 2.9604 | acc 93.1% | 10s elapsed | eta 3s
Ep 251 | loss 2.9262 | task 0.2249 | cons 2.7012 | train 92.9% | test 84.9% | 14s
  step 100/391 | loss 4.4181 | acc 92.2% | 4s elapsed | eta 11s
  step 200/391 | loss 3.4441 | acc 92.5% | 7s elapsed | eta 7s
  step 300/391 | loss 3.0188 | acc 92.9% | 11s elapsed | eta 3s
Ep 252 | loss 2.9387 | task 0.2474 | cons 2.6913 | train 92.9% | test 83.8% | 15s
  step 100/391 | loss 4.3895 | acc 92.4% | 4s elapsed | eta 11s
  step 200/391 | loss 3.4488 | acc 93.0% | 7s elapsed | eta 7s
  step 300/391 | loss 3.1099 | acc 93.2% | 11s elapsed | eta 3s
Ep 253 | loss 2.8791 | task 0.2199 | cons 2.6592 | train 93.2% | test 85.5% | 15s
  step 100/391 | loss 2.1119 | acc 93.6% | 3s elapsed | eta 10s
  step 200/391 | loss 2.1751 | acc 93.3% | 7s elapsed | eta 7s
  step 300/391 | loss 2.1710 | acc 93.3% | 10s elapsed | eta 3s
Ep 254 | loss 2.1287 | task 0.2315 | cons 1.8972 | train 93.2% | test 84.9% | 15s
  step 100/391 | loss 4.2526 | acc 91.9% | 3s elapsed | eta 10s
  step 200/391 | loss 3.7658 | acc 91.9% | 7s elapsed | eta 7s
  step 300/391 | loss 3.1131 | acc 92.4% | 10s elapsed | eta 3s
Ep 255 | loss 2.9562 | task 0.2430 | cons 2.7132 | train 92.6% | test 85.2% | 15s
  step 100/391 | loss 2.3007 | acc 94.2% | 3s elapsed | eta 10s
  step 200/391 | loss 3.7382 | acc 93.5% | 7s elapsed | eta 7s
  step 300/391 | loss 18.5680 | acc 91.8% | 10s elapsed | eta 3s
Ep 256 | loss 31.4451 | task 0.3490 | cons 31.0961 | train 91.3% | test 84.7% | 15s
  step 100/391 | loss 64.9286 | acc 90.3% | 4s elapsed | eta 10s
  step 200/391 | loss 58.3005 | acc 88.9% | 7s elapsed | eta 7s
  step 300/391 | loss 48.4324 | acc 89.3% | 10s elapsed | eta 3s
Ep 257 | loss 41.3196 | task 0.4168 | cons 40.9028 | train 89.0% | test 83.4% | 15s
  step 100/391 | loss 19.4150 | acc 88.8% | 4s elapsed | eta 10s
  step 200/391 | loss 14.1444 | acc 90.1% | 7s elapsed | eta 6s
  step 300/391 | loss 11.8927 | acc 90.4% | 10s elapsed | eta 3s
Ep 258 | loss 10.5132 | task 0.2750 | cons 10.2381 | train 90.9% | test 84.9% | 14s
  step 100/391 | loss 5.5621 | acc 93.0% | 4s elapsed | eta 10s
  step 200/391 | loss 5.8908 | acc 93.4% | 7s elapsed | eta 7s
  step 300/391 | loss 6.1770 | acc 93.5% | 11s elapsed | eta 3s
Ep 259 | loss 6.0272 | task 0.1872 | cons 5.8400 | train 93.7% | test 85.0% | 15s
  step 100/391 | loss 6.5200 | acc 94.5% | 4s elapsed | eta 11s
  step 200/391 | loss 9.8294 | acc 94.4% | 7s elapsed | eta 7s
  step 300/391 | loss 11.2264 | acc 94.1% | 10s elapsed | eta 3s
Ep 260 | loss 10.4462 | task 0.2005 | cons 10.2458 | train 93.5% | test 83.6% | 15s
    K=1: 81.7%
    K=2: 83.2%
    K=4: 83.6%
  step 100/391 | loss 3.9880 | acc 93.6% | 4s elapsed | eta 10s
  step 200/391 | loss 3.9216 | acc 93.5% | 7s elapsed | eta 7s
  step 300/391 | loss 3.6196 | acc 93.9% | 11s elapsed | eta 3s
Ep 261 | loss 3.5488 | task 0.1912 | cons 3.3576 | train 94.0% | test 85.4% | 15s
  step 100/391 | loss 3.4411 | acc 94.3% | 4s elapsed | eta 10s
  step 200/391 | loss 3.4996 | acc 94.3% | 7s elapsed | eta 7s
  step 300/391 | loss 3.2634 | acc 94.5% | 10s elapsed | eta 3s
Ep 262 | loss 3.1560 | task 0.1654 | cons 2.9906 | train 94.7% | test 85.7% | 15s
  step 100/391 | loss 3.5925 | acc 95.3% | 3s elapsed | eta 10s
  step 200/391 | loss 4.1251 | acc 95.1% | 7s elapsed | eta 6s
  step 300/391 | loss 4.8798 | acc 95.2% | 10s elapsed | eta 3s
Ep 263 | loss 5.3618 | task 0.1479 | cons 5.2139 | train 95.2% | test 85.5% | 14s
  step 100/391 | loss 8.6193 | acc 95.2% | 4s elapsed | eta 11s
  step 200/391 | loss 8.1447 | acc 95.3% | 8s elapsed | eta 7s
  step 300/391 | loss 7.2535 | acc 95.4% | 11s elapsed | eta 3s
Ep 264 | loss 6.5950 | task 0.1438 | cons 6.4512 | train 95.3% | test 85.2% | 16s
  step 100/391 | loss 4.0119 | acc 95.2% | 4s elapsed | eta 10s
  step 200/391 | loss 3.9772 | acc 95.2% | 6s elapsed | eta 6s
  step 300/391 | loss 3.7603 | acc 95.2% | 10s elapsed | eta 3s
Ep 265 | loss 3.7909 | task 0.1443 | cons 3.6466 | train 95.1% | test 85.3% | 14s
  step 100/391 | loss 3.6317 | acc 95.6% | 3s elapsed | eta 10s
  step 200/391 | loss 3.6784 | acc 95.7% | 7s elapsed | eta 7s
  step 300/391 | loss 3.7658 | acc 95.6% | 11s elapsed | eta 3s
Ep 266 | loss 3.8778 | task 0.1332 | cons 3.7445 | train 95.6% | test 85.2% | 15s
  step 100/391 | loss 3.5679 | acc 95.5% | 4s elapsed | eta 11s
  step 200/391 | loss 3.6708 | acc 95.4% | 7s elapsed | eta 7s
  step 300/391 | loss 3.6293 | acc 95.4% | 10s elapsed | eta 3s
Ep 267 | loss 3.6534 | task 0.1367 | cons 3.5167 | train 95.5% | test 85.1% | 15s
  step 100/391 | loss 3.7397 | acc 95.6% | 4s elapsed | eta 11s
  step 200/391 | loss 3.7295 | acc 95.8% | 7s elapsed | eta 7s
  step 300/391 | loss 3.8591 | acc 95.7% | 10s elapsed | eta 3s
Ep 268 | loss 3.8690 | task 0.1324 | cons 3.7366 | train 95.7% | test 85.3% | 15s
  step 100/391 | loss 4.1662 | acc 95.2% | 4s elapsed | eta 10s
  step 200/391 | loss 4.0070 | acc 95.5% | 7s elapsed | eta 7s
  step 300/391 | loss 4.0747 | acc 95.4% | 10s elapsed | eta 3s
Ep 269 | loss 4.2126 | task 0.1372 | cons 4.0753 | train 95.4% | test 85.3% | 15s
  step 100/391 | loss 4.5599 | acc 95.9% | 4s elapsed | eta 11s
  step 200/391 | loss 4.1861 | acc 95.9% | 7s elapsed | eta 7s
  step 300/391 | loss 4.0334 | acc 95.9% | 11s elapsed | eta 3s
Ep 270 | loss 4.2619 | task 0.1240 | cons 4.1379 | train 95.9% | test 85.0% | 16s
    K=1: 84.2%
    K=2: 85.1%
    K=4: 85.0%
  step 100/391 | loss 5.6192 | acc 95.4% | 4s elapsed | eta 11s
  step 200/391 | loss 5.5878 | acc 95.5% | 7s elapsed | eta 7s
  step 300/391 | loss 5.1266 | acc 95.6% | 11s elapsed | eta 3s
Ep 271 | loss 4.9328 | task 0.1281 | cons 4.8047 | train 95.7% | test 85.7% | 15s
  step 100/391 | loss 5.2098 | acc 96.2% | 3s elapsed | eta 9s
  step 200/391 | loss 4.9117 | acc 96.2% | 6s elapsed | eta 6s
  step 300/391 | loss 4.7601 | acc 96.2% | 10s elapsed | eta 3s
Ep 272 | loss 4.9633 | task 0.1173 | cons 4.8459 | train 96.1% | test 85.4% | 15s
  step 100/391 | loss 5.4931 | acc 95.6% | 3s elapsed | eta 10s
  step 200/391 | loss 5.4121 | acc 95.6% | 7s elapsed | eta 7s
  step 300/391 | loss 5.5823 | acc 95.6% | 11s elapsed | eta 3s
Ep 273 | loss 5.4863 | task 0.1320 | cons 5.3543 | train 95.7% | test 85.0% | 15s
  step 100/391 | loss 5.7948 | acc 95.7% | 4s elapsed | eta 10s
  step 200/391 | loss 5.1905 | acc 95.8% | 7s elapsed | eta 7s
  step 300/391 | loss 4.7701 | acc 95.8% | 10s elapsed | eta 3s
Ep 274 | loss 4.5881 | task 0.1293 | cons 4.4588 | train 95.7% | test 85.6% | 15s
  step 100/391 | loss 4.5006 | acc 95.7% | 3s elapsed | eta 10s
  step 200/391 | loss 4.2538 | acc 95.6% | 7s elapsed | eta 7s
  step 300/391 | loss 4.2961 | acc 95.7% | 10s elapsed | eta 3s
Ep 275 | loss 4.4012 | task 0.1330 | cons 4.2682 | train 95.7% | test 85.6% | 14s
  step 100/391 | loss 3.7072 | acc 95.6% | 4s elapsed | eta 11s
  step 200/391 | loss 3.9072 | acc 95.5% | 7s elapsed | eta 7s
  step 300/391 | loss 3.7756 | acc 95.7% | 11s elapsed | eta 3s
Ep 276 | loss 3.7171 | task 0.1299 | cons 3.5872 | train 95.8% | test 85.7% | 15s
  step 100/391 | loss 3.8543 | acc 95.6% | 3s elapsed | eta 10s
  step 200/391 | loss 3.4862 | acc 95.8% | 7s elapsed | eta 6s
  step 300/391 | loss 3.5681 | acc 95.9% | 10s elapsed | eta 3s
Ep 277 | loss 3.6405 | task 0.1285 | cons 3.5120 | train 95.9% | test 85.4% | 15s
  step 100/391 | loss 3.7294 | acc 96.3% | 3s elapsed | eta 10s
  step 200/391 | loss 3.7140 | acc 96.3% | 7s elapsed | eta 7s
  step 300/391 | loss 3.6737 | acc 96.2% | 11s elapsed | eta 3s
Ep 278 | loss 3.7895 | task 0.1188 | cons 3.6707 | train 96.0% | test 85.3% | 15s
  step 100/391 | loss 3.3247 | acc 96.0% | 4s elapsed | eta 11s
  step 200/391 | loss 3.4454 | acc 96.0% | 7s elapsed | eta 7s
  step 300/391 | loss 3.4507 | acc 96.1% | 10s elapsed | eta 3s
Ep 279 | loss 3.2478 | task 0.1179 | cons 3.1299 | train 96.1% | test 85.6% | 15s
  step 100/391 | loss 2.9934 | acc 96.1% | 4s elapsed | eta 11s
  step 200/391 | loss 3.0600 | acc 95.8% | 7s elapsed | eta 7s
  step 300/391 | loss 3.0404 | acc 95.7% | 10s elapsed | eta 3s
Ep 280 | loss 3.0912 | task 0.1368 | cons 2.9544 | train 95.6% | test 85.6% | 15s
    K=1: 84.6%
    K=2: 85.3%
    K=4: 85.6%
  step 100/391 | loss 2.4094 | acc 95.7% | 4s elapsed | eta 11s
  step 200/391 | loss 2.8958 | acc 95.8% | 7s elapsed | eta 7s
  step 300/391 | loss 2.8323 | acc 95.8% | 10s elapsed | eta 3s
Ep 281 | loss 2.8691 | task 0.1341 | cons 2.7350 | train 95.8% | test 85.5% | 15s
  step 100/391 | loss 2.4811 | acc 96.3% | 4s elapsed | eta 10s
  step 200/391 | loss 2.7074 | acc 96.0% | 7s elapsed | eta 7s
  step 300/391 | loss 2.6441 | acc 96.0% | 11s elapsed | eta 3s
Ep 282 | loss 2.6192 | task 0.1330 | cons 2.4862 | train 95.9% | test 85.4% | 15s
  step 100/391 | loss 2.6894 | acc 95.3% | 3s elapsed | eta 10s
  step 200/391 | loss 2.5570 | acc 95.6% | 7s elapsed | eta 7s
  step 300/391 | loss 2.6154 | acc 95.6% | 10s elapsed | eta 3s
Ep 283 | loss 2.5317 | task 0.1344 | cons 2.3973 | train 95.7% | test 85.3% | 14s
  step 100/391 | loss 2.7411 | acc 95.9% | 4s elapsed | eta 11s
  step 200/391 | loss 2.8252 | acc 95.7% | 7s elapsed | eta 7s
  step 300/391 | loss 2.7939 | acc 95.9% | 11s elapsed | eta 3s
Ep 284 | loss 2.8059 | task 0.1317 | cons 2.6742 | train 95.8% | test 85.3% | 15s
  step 100/391 | loss 2.9109 | acc 95.6% | 3s elapsed | eta 10s
  step 200/391 | loss 3.0139 | acc 95.7% | 7s elapsed | eta 7s
  step 300/391 | loss 3.0510 | acc 95.6% | 10s elapsed | eta 3s
Ep 285 | loss 3.1373 | task 0.1348 | cons 3.0025 | train 95.6% | test 85.5% | 15s
  step 100/391 | loss 2.5109 | acc 96.0% | 4s elapsed | eta 11s
  step 200/391 | loss 2.9923 | acc 95.9% | 7s elapsed | eta 7s
  step 300/391 | loss 2.9376 | acc 95.9% | 10s elapsed | eta 3s
Ep 286 | loss 2.9147 | task 0.1248 | cons 2.7899 | train 96.0% | test 85.6% | 15s
  step 100/391 | loss 2.8573 | acc 96.3% | 4s elapsed | eta 11s
  step 200/391 | loss 3.1800 | acc 96.0% | 7s elapsed | eta 7s
  step 300/391 | loss 2.9928 | acc 96.1% | 11s elapsed | eta 3s
Ep 287 | loss 3.0838 | task 0.1221 | cons 2.9618 | train 96.1% | test 85.6% | 15s
  step 100/391 | loss 2.7566 | acc 96.5% | 3s elapsed | eta 10s
  step 200/391 | loss 3.1893 | acc 96.2% | 7s elapsed | eta 7s
  step 300/391 | loss 3.1525 | acc 96.2% | 11s elapsed | eta 3s
Ep 288 | loss 3.0415 | task 0.1189 | cons 2.9226 | train 96.1% | test 85.6% | 15s
  step 100/391 | loss 3.8192 | acc 95.7% | 4s elapsed | eta 10s
  step 200/391 | loss 3.4883 | acc 96.0% | 7s elapsed | eta 7s
  step 300/391 | loss 3.4120 | acc 95.9% | 10s elapsed | eta 3s
Ep 289 | loss 3.3628 | task 0.1255 | cons 3.2374 | train 95.9% | test 85.7% | 15s
  step 100/391 | loss 3.0944 | acc 96.1% | 4s elapsed | eta 11s
  step 200/391 | loss 3.1186 | acc 95.9% | 7s elapsed | eta 7s
  step 300/391 | loss 3.0833 | acc 96.0% | 10s elapsed | eta 3s
Ep 290 | loss 3.0808 | task 0.1222 | cons 2.9586 | train 96.1% | test 85.5% | 15s
    K=1: 84.4%
    K=2: 85.7%
    K=4: 85.5%
  step 100/391 | loss 3.0809 | acc 96.3% | 4s elapsed | eta 11s
  step 200/391 | loss 3.0986 | acc 96.3% | 7s elapsed | eta 7s
  step 300/391 | loss 3.2074 | acc 96.3% | 10s elapsed | eta 3s
Ep 291 | loss 3.1709 | task 0.1178 | cons 3.0531 | train 96.2% | test 85.5% | 15s
  step 100/391 | loss 3.1130 | acc 96.4% | 3s elapsed | eta 10s
  step 200/391 | loss 3.3993 | acc 96.2% | 7s elapsed | eta 7s
  step 300/391 | loss 3.3567 | acc 96.2% | 10s elapsed | eta 3s
Ep 292 | loss 3.3490 | task 0.1171 | cons 3.2319 | train 96.3% | test 85.5% | 15s
  step 100/391 | loss 3.3650 | acc 95.9% | 4s elapsed | eta 11s
  step 200/391 | loss 3.2643 | acc 96.0% | 7s elapsed | eta 7s
  step 300/391 | loss 3.3733 | acc 96.0% | 10s elapsed | eta 3s
Ep 293 | loss 3.3865 | task 0.1211 | cons 3.2653 | train 96.0% | test 85.5% | 14s
  step 100/391 | loss 3.6089 | acc 95.9% | 3s elapsed | eta 10s
  step 200/391 | loss 3.6012 | acc 96.0% | 7s elapsed | eta 7s
  step 300/391 | loss 3.5816 | acc 95.9% | 10s elapsed | eta 3s
Ep 294 | loss 3.3617 | task 0.1232 | cons 3.2385 | train 96.0% | test 85.6% | 15s
  step 100/391 | loss 3.4402 | acc 96.2% | 3s elapsed | eta 10s
  step 200/391 | loss 3.2199 | acc 96.1% | 7s elapsed | eta 7s
  step 300/391 | loss 3.4193 | acc 96.0% | 11s elapsed | eta 3s
Ep 295 | loss 3.3972 | task 0.1218 | cons 3.2754 | train 96.0% | test 85.6% | 15s
  step 100/391 | loss 3.7233 | acc 96.0% | 3s elapsed | eta 10s
  step 200/391 | loss 3.6132 | acc 96.0% | 7s elapsed | eta 7s
  step 300/391 | loss 3.4818 | acc 96.0% | 10s elapsed | eta 3s
Ep 296 | loss 3.4819 | task 0.1230 | cons 3.3589 | train 96.0% | test 85.5% | 15s
  step 100/391 | loss 3.3154 | acc 95.9% | 4s elapsed | eta 11s
  step 200/391 | loss 3.1931 | acc 96.2% | 7s elapsed | eta 7s
  step 300/391 | loss 3.1904 | acc 96.1% | 10s elapsed | eta 3s
Ep 297 | loss 3.1116 | task 0.1184 | cons 2.9932 | train 96.2% | test 85.5% | 15s
  step 100/391 | loss 3.2643 | acc 96.4% | 4s elapsed | eta 11s
  step 200/391 | loss 3.1554 | acc 96.2% | 7s elapsed | eta 7s
  step 300/391 | loss 3.0333 | acc 96.3% | 11s elapsed | eta 3s
Ep 298 | loss 3.0527 | task 0.1121 | cons 2.9406 | train 96.4% | test 85.5% | 15s
  step 100/391 | loss 3.8293 | acc 96.0% | 4s elapsed | eta 10s
  step 200/391 | loss 3.3691 | acc 96.1% | 7s elapsed | eta 7s
  step 300/391 | loss 3.1894 | acc 96.3% | 10s elapsed | eta 3s
Ep 299 | loss 3.2765 | task 0.1171 | cons 3.1594 | train 96.2% | test 85.6% | 15s
  step 100/391 | loss 3.5895 | acc 95.9% | 3s elapsed | eta 9s
  step 200/391 | loss 3.3549 | acc 96.0% | 7s elapsed | eta 6s
  step 300/391 | loss 3.4470 | acc 96.1% | 10s elapsed | eta 3s
Ep 300 | loss 3.3609 | task 0.1187 | cons 3.2422 | train 96.1% | test 85.6% | 14s
    K=1: 84.5%
    K=2: 85.6%
    K=4: 85.6%
Saved checkpoint to models/direct_4bpu_K4_cons_d01.pt
