/home/ec2-user/dev/ugh/.venv/lib/python3.13/site-packages/torchvision/datasets/cifar.py:83: VisibleDeprecationWarning: dtype(): align should be passed as Python or NumPy boolean but got `align=0`. Did you mean to pass a tuple to create a subarray type? (Deprecated NumPy 2.4)
  entry = pickle.load(f, encoding="latin1")
Model: continuous | Params: 2,017,866 | K=4 | blocks/unit=4
----------------------------------------------------------------------
  step 100/391 | loss 1.9722 | acc 25.4% | 4s elapsed | eta 13s
  step 200/391 | loss 1.8935 | acc 28.3% | 7s elapsed | eta 7s
  step 300/391 | loss 1.8332 | acc 30.9% | 10s elapsed | eta 3s
Ep   1 | loss 1.7873 | task 1.7873 | cons 0.0000 | train 32.9% | test 38.6% | 14s
  step 100/391 | loss 1.5615 | acc 43.0% | 3s elapsed | eta 8s
  step 200/391 | loss 1.5226 | acc 44.4% | 6s elapsed | eta 5s
  step 300/391 | loss 1.4923 | acc 45.4% | 9s elapsed | eta 3s
Ep   2 | loss 1.4689 | task 1.4689 | cons 0.0000 | train 46.3% | test 50.2% | 12s
  step 100/391 | loss 1.3435 | acc 51.3% | 4s elapsed | eta 12s
  step 200/391 | loss 1.3236 | acc 52.0% | 8s elapsed | eta 8s
  step 300/391 | loss 1.3117 | acc 52.5% | 13s elapsed | eta 4s
Ep   3 | loss 1.3031 | task 1.3031 | cons 0.0000 | train 52.9% | test 56.0% | 17s
  step 100/391 | loss 1.2206 | acc 55.4% | 2s elapsed | eta 6s
  step 200/391 | loss 1.2239 | acc 55.6% | 4s elapsed | eta 4s
  step 300/391 | loss 1.2127 | acc 56.3% | 6s elapsed | eta 2s
Ep   4 | loss 1.2049 | task 1.2049 | cons 0.0000 | train 56.5% | test 58.0% | 8s
  step 100/391 | loss 1.1481 | acc 58.4% | 2s elapsed | eta 5s
  step 200/391 | loss 1.1488 | acc 58.2% | 4s elapsed | eta 3s
  step 300/391 | loss 1.1402 | acc 58.4% | 7s elapsed | eta 2s
Ep   5 | loss 1.1333 | task 1.1333 | cons 0.0000 | train 58.9% | test 60.0% | 10s
  step 100/391 | loss 1.0937 | acc 60.5% | 2s elapsed | eta 7s
  step 200/391 | loss 1.0798 | acc 61.0% | 6s elapsed | eta 5s
  step 300/391 | loss 1.0658 | acc 61.6% | 9s elapsed | eta 3s
Ep   6 | loss 1.0614 | task 1.0614 | cons 0.0000 | train 61.7% | test 62.8% | 14s
  step 100/391 | loss 0.9902 | acc 64.9% | 4s elapsed | eta 10s
  step 200/391 | loss 1.0042 | acc 64.2% | 7s elapsed | eta 6s
  step 300/391 | loss 1.0011 | acc 64.3% | 10s elapsed | eta 3s
Ep   7 | loss 1.0029 | task 1.0029 | cons 0.0000 | train 64.3% | test 65.3% | 15s
  step 100/391 | loss 0.9601 | acc 65.7% | 4s elapsed | eta 12s
  step 200/391 | loss 0.9594 | acc 66.0% | 8s elapsed | eta 8s
  step 300/391 | loss 0.9637 | acc 65.7% | 12s elapsed | eta 4s
Ep   8 | loss 0.9547 | task 0.9547 | cons 0.0000 | train 65.9% | test 68.1% | 15s
  step 100/391 | loss 0.9151 | acc 67.3% | 3s elapsed | eta 9s
  step 200/391 | loss 0.9112 | acc 67.6% | 6s elapsed | eta 6s
  step 300/391 | loss 0.9050 | acc 67.7% | 10s elapsed | eta 3s
Ep   9 | loss 0.9047 | task 0.9047 | cons 0.0000 | train 67.7% | test 68.4% | 15s
  step 100/391 | loss 0.8778 | acc 68.5% | 4s elapsed | eta 12s
  step 200/391 | loss 0.8772 | acc 69.0% | 9s elapsed | eta 9s
  step 300/391 | loss 0.8772 | acc 69.0% | 14s elapsed | eta 4s
Ep  10 | loss 0.8724 | task 0.8724 | cons 0.0000 | train 69.1% | test 69.7% | 20s
    K=1: 69.4%
    K=2: 70.1%
    K=4: 69.7%
  step 100/391 | loss 0.8414 | acc 70.1% | 4s elapsed | eta 10s
  step 200/391 | loss 0.8373 | acc 70.1% | 7s elapsed | eta 7s
  step 300/391 | loss 0.8321 | acc 70.4% | 10s elapsed | eta 3s
Ep  11 | loss 0.8299 | task 0.8299 | cons 0.0000 | train 70.4% | test 71.8% | 14s
  step 100/391 | loss 0.7968 | acc 72.0% | 3s elapsed | eta 9s
  step 200/391 | loss 0.7933 | acc 72.0% | 6s elapsed | eta 6s
  step 300/391 | loss 0.7926 | acc 72.1% | 10s elapsed | eta 3s
Ep  12 | loss 0.7969 | task 0.7969 | cons 0.0000 | train 72.0% | test 71.1% | 15s
  step 100/391 | loss 0.7659 | acc 72.7% | 3s elapsed | eta 9s
  step 200/391 | loss 0.7724 | acc 72.7% | 6s elapsed | eta 6s
  step 300/391 | loss 0.7730 | acc 72.7% | 10s elapsed | eta 3s
Ep  13 | loss 0.7684 | task 0.7684 | cons 0.0000 | train 72.9% | test 72.5% | 16s
  step 100/391 | loss 0.7309 | acc 74.2% | 5s elapsed | eta 16s
  step 200/391 | loss 0.7364 | acc 74.0% | 11s elapsed | eta 10s
  step 300/391 | loss 0.7381 | acc 73.8% | 15s elapsed | eta 4s
Ep  14 | loss 0.7393 | task 0.7393 | cons 0.0000 | train 73.9% | test 73.2% | 18s
  step 100/391 | loss 0.7075 | acc 74.9% | 4s elapsed | eta 11s
  step 200/391 | loss 0.7065 | acc 74.9% | 6s elapsed | eta 6s
  step 300/391 | loss 0.7076 | acc 74.9% | 9s elapsed | eta 3s
Ep  15 | loss 0.7055 | task 0.7055 | cons 0.0000 | train 75.0% | test 73.3% | 13s
  step 100/391 | loss 0.6884 | acc 75.4% | 3s elapsed | eta 9s
  step 200/391 | loss 0.6817 | acc 75.7% | 7s elapsed | eta 7s
  step 300/391 | loss 0.6824 | acc 75.7% | 10s elapsed | eta 3s
Ep  16 | loss 0.6880 | task 0.6880 | cons 0.0000 | train 75.5% | test 71.8% | 14s
  step 100/391 | loss 0.6599 | acc 76.6% | 4s elapsed | eta 11s
  step 200/391 | loss 0.6667 | acc 76.6% | 7s elapsed | eta 6s
  step 300/391 | loss 0.6634 | acc 76.6% | 10s elapsed | eta 3s
Ep  17 | loss 0.6629 | task 0.6629 | cons 0.0000 | train 76.6% | test 75.0% | 15s
  step 100/391 | loss 0.6257 | acc 77.9% | 4s elapsed | eta 11s
  step 200/391 | loss 0.6309 | acc 77.7% | 7s elapsed | eta 7s
  step 300/391 | loss 0.6337 | acc 77.6% | 11s elapsed | eta 3s
Ep  18 | loss 0.6365 | task 0.6365 | cons 0.0000 | train 77.5% | test 75.6% | 16s
  step 100/391 | loss 0.6024 | acc 78.9% | 3s elapsed | eta 9s
  step 200/391 | loss 0.6111 | acc 78.7% | 6s elapsed | eta 6s
  step 300/391 | loss 0.6106 | acc 78.7% | 9s elapsed | eta 3s
Ep  19 | loss 0.6128 | task 0.6128 | cons 0.0000 | train 78.7% | test 76.0% | 14s
  step 100/391 | loss 0.5959 | acc 78.6% | 4s elapsed | eta 11s
  step 200/391 | loss 0.5850 | acc 79.0% | 8s elapsed | eta 7s
  step 300/391 | loss 0.5922 | acc 78.8% | 12s elapsed | eta 4s
Ep  20 | loss 0.5943 | task 0.5943 | cons 0.0000 | train 78.8% | test 75.3% | 20s
    K=1: 75.0%
    K=2: 75.8%
    K=4: 75.3%
  step 100/391 | loss 0.5645 | acc 80.1% | 3s elapsed | eta 10s
  step 200/391 | loss 0.5648 | acc 79.9% | 6s elapsed | eta 6s
  step 300/391 | loss 0.5649 | acc 80.1% | 10s elapsed | eta 3s
Ep  21 | loss 0.5664 | task 0.5664 | cons 0.0000 | train 80.0% | test 76.5% | 14s
  step 100/391 | loss 0.5510 | acc 80.7% | 3s elapsed | eta 10s
  step 200/391 | loss 0.5438 | acc 80.8% | 7s elapsed | eta 6s
  step 300/391 | loss 0.5486 | acc 80.6% | 9s elapsed | eta 3s
Ep  22 | loss 0.5502 | task 0.5502 | cons 0.0000 | train 80.6% | test 77.0% | 13s
  step 100/391 | loss 0.5048 | acc 82.1% | 3s elapsed | eta 9s
  step 200/391 | loss 0.5172 | acc 81.7% | 6s elapsed | eta 6s
  step 300/391 | loss 0.5269 | acc 81.3% | 9s elapsed | eta 3s
Ep  23 | loss 0.5327 | task 0.5327 | cons 0.0000 | train 81.2% | test 76.7% | 12s
  step 100/391 | loss 0.4969 | acc 82.4% | 4s elapsed | eta 10s
  step 200/391 | loss 0.5035 | acc 82.0% | 8s elapsed | eta 7s
  step 300/391 | loss 0.5055 | acc 82.1% | 12s elapsed | eta 4s
Ep  24 | loss 0.5092 | task 0.5092 | cons 0.0000 | train 81.9% | test 77.1% | 16s
  step 100/391 | loss 0.4784 | acc 82.9% | 2s elapsed | eta 6s
  step 200/391 | loss 0.4853 | acc 82.7% | 4s elapsed | eta 4s
  step 300/391 | loss 0.4873 | acc 82.7% | 6s elapsed | eta 2s
Ep  25 | loss 0.4924 | task 0.4924 | cons 0.0000 | train 82.6% | test 77.4% | 9s
  step 100/391 | loss 0.4614 | acc 83.8% | 2s elapsed | eta 5s
  step 200/391 | loss 0.4647 | acc 83.5% | 5s elapsed | eta 4s
  step 300/391 | loss 0.4715 | acc 83.4% | 8s elapsed | eta 2s
Ep  26 | loss 0.4746 | task 0.4746 | cons 0.0000 | train 83.3% | test 77.8% | 14s
  step 100/391 | loss 0.4413 | acc 84.3% | 4s elapsed | eta 13s
  step 200/391 | loss 0.4486 | acc 84.2% | 8s elapsed | eta 8s
  step 300/391 | loss 0.4549 | acc 83.9% | 12s elapsed | eta 3s
Ep  27 | loss 0.4582 | task 0.4582 | cons 0.0000 | train 83.8% | test 78.2% | 17s
  step 100/391 | loss 0.4390 | acc 84.4% | 4s elapsed | eta 11s
  step 200/391 | loss 0.4375 | acc 84.7% | 7s elapsed | eta 7s
  step 300/391 | loss 0.4418 | acc 84.4% | 10s elapsed | eta 3s
Ep  28 | loss 0.4423 | task 0.4423 | cons 0.0000 | train 84.3% | test 78.4% | 14s
  step 100/391 | loss 0.4102 | acc 85.1% | 3s elapsed | eta 10s
  step 200/391 | loss 0.4098 | acc 85.2% | 7s elapsed | eta 6s
  step 300/391 | loss 0.4191 | acc 84.9% | 11s elapsed | eta 3s
Ep  29 | loss 0.4245 | task 0.4245 | cons 0.0000 | train 84.8% | test 79.5% | 15s
  step 100/391 | loss 0.4028 | acc 85.6% | 4s elapsed | eta 12s
  step 200/391 | loss 0.4062 | acc 85.5% | 8s elapsed | eta 7s
  step 300/391 | loss 0.4060 | acc 85.4% | 11s elapsed | eta 3s
Ep  30 | loss 0.4107 | task 0.4107 | cons 0.0000 | train 85.2% | test 77.8% | 16s
    K=1: 77.8%
    K=2: 78.4%
    K=4: 77.8%
  step 100/391 | loss 0.3797 | acc 86.4% | 5s elapsed | eta 15s
  step 200/391 | loss 0.3846 | acc 86.3% | 8s elapsed | eta 8s
  step 300/391 | loss 0.3874 | acc 86.2% | 11s elapsed | eta 3s
Ep  31 | loss 0.3924 | task 0.3924 | cons 0.0000 | train 86.0% | test 78.4% | 15s
  step 100/391 | loss 0.3688 | acc 86.8% | 3s elapsed | eta 8s
  step 200/391 | loss 0.3701 | acc 86.8% | 5s elapsed | eta 5s
  step 300/391 | loss 0.3755 | acc 86.6% | 8s elapsed | eta 2s
Ep  32 | loss 0.3810 | task 0.3810 | cons 0.0000 | train 86.4% | test 79.0% | 12s
  step 100/391 | loss 0.3492 | acc 87.8% | 3s elapsed | eta 8s
  step 200/391 | loss 0.3593 | acc 87.3% | 5s elapsed | eta 5s
  step 300/391 | loss 0.3652 | acc 87.1% | 8s elapsed | eta 3s
Ep  33 | loss 0.3688 | task 0.3688 | cons 0.0000 | train 87.0% | test 79.4% | 12s
  step 100/391 | loss 0.3260 | acc 88.5% | 3s elapsed | eta 9s
  step 200/391 | loss 0.3403 | acc 88.1% | 7s elapsed | eta 7s
  step 300/391 | loss 0.3451 | acc 87.8% | 11s elapsed | eta 3s
Ep  34 | loss 0.3526 | task 0.3526 | cons 0.0000 | train 87.5% | test 78.5% | 16s
  step 100/391 | loss 0.3252 | acc 88.2% | 2s elapsed | eta 6s
  step 200/391 | loss 0.3294 | acc 88.2% | 4s elapsed | eta 3s
  step 300/391 | loss 0.3387 | acc 87.9% | 7s elapsed | eta 2s
Ep  35 | loss 0.3407 | task 0.3407 | cons 0.0000 | train 87.8% | test 79.9% | 12s
  step 100/391 | loss 0.3126 | acc 88.6% | 4s elapsed | eta 11s
  step 200/391 | loss 0.3188 | acc 88.4% | 7s elapsed | eta 7s
  step 300/391 | loss 0.3205 | acc 88.5% | 10s elapsed | eta 3s
Ep  36 | loss 0.3258 | task 0.3258 | cons 0.0000 | train 88.4% | test 79.2% | 15s
  step 100/391 | loss 0.2940 | acc 89.4% | 3s elapsed | eta 10s
  step 200/391 | loss 0.2978 | acc 89.5% | 7s elapsed | eta 7s
  step 300/391 | loss 0.3077 | acc 89.1% | 10s elapsed | eta 3s
Ep  37 | loss 0.3128 | task 0.3128 | cons 0.0000 | train 89.0% | test 79.1% | 15s
  step 100/391 | loss 0.2897 | acc 89.9% | 4s elapsed | eta 11s
  step 200/391 | loss 0.2955 | acc 89.6% | 7s elapsed | eta 6s
  step 300/391 | loss 0.2938 | acc 89.6% | 10s elapsed | eta 3s
Ep  38 | loss 0.2962 | task 0.2962 | cons 0.0000 | train 89.5% | test 79.1% | 14s
  step 100/391 | loss 0.2722 | acc 90.3% | 4s elapsed | eta 10s
  step 200/391 | loss 0.2825 | acc 89.9% | 7s elapsed | eta 7s
  step 300/391 | loss 0.2873 | acc 89.7% | 11s elapsed | eta 3s
Ep  39 | loss 0.2920 | task 0.2920 | cons 0.0000 | train 89.5% | test 79.4% | 16s
  step 100/391 | loss 0.2647 | acc 90.7% | 5s elapsed | eta 15s
  step 200/391 | loss 0.2718 | acc 90.3% | 9s elapsed | eta 8s
  step 300/391 | loss 0.2742 | acc 90.1% | 14s elapsed | eta 4s
Ep  40 | loss 0.2782 | task 0.2782 | cons 0.0000 | train 89.9% | test 78.0% | 20s
    K=1: 77.2%
    K=2: 78.6%
    K=4: 78.0%
  step 100/391 | loss 0.2626 | acc 90.4% | 3s elapsed | eta 8s
  step 200/391 | loss 0.2674 | acc 90.4% | 5s elapsed | eta 5s
  step 300/391 | loss 0.2691 | acc 90.3% | 7s elapsed | eta 2s
Ep  41 | loss 0.2701 | task 0.2701 | cons 0.0000 | train 90.3% | test 79.6% | 11s
  step 100/391 | loss 0.2458 | acc 91.2% | 3s elapsed | eta 8s
  step 200/391 | loss 0.2531 | acc 90.9% | 5s elapsed | eta 5s
  step 300/391 | loss 0.2557 | acc 90.8% | 8s elapsed | eta 2s
Ep  42 | loss 0.2585 | task 0.2585 | cons 0.0000 | train 90.7% | test 80.1% | 11s
  step 100/391 | loss 0.2344 | acc 91.6% | 2s elapsed | eta 7s
  step 200/391 | loss 0.2392 | acc 91.5% | 5s elapsed | eta 4s
  step 300/391 | loss 0.2465 | acc 91.2% | 7s elapsed | eta 2s
Ep  43 | loss 0.2474 | task 0.2474 | cons 0.0000 | train 91.2% | test 79.4% | 14s
  step 100/391 | loss 0.2181 | acc 92.0% | 3s elapsed | eta 8s
  step 200/391 | loss 0.2275 | acc 91.9% | 5s elapsed | eta 4s
  step 300/391 | loss 0.2359 | acc 91.6% | 7s elapsed | eta 2s
Ep  44 | loss 0.2398 | task 0.2398 | cons 0.0000 | train 91.4% | test 79.3% | 9s
  step 100/391 | loss 0.2242 | acc 92.0% | 2s elapsed | eta 6s
  step 200/391 | loss 0.2256 | acc 91.9% | 4s elapsed | eta 4s
  step 300/391 | loss 0.2312 | acc 91.7% | 6s elapsed | eta 2s
Ep  45 | loss 0.2326 | task 0.2326 | cons 0.0000 | train 91.7% | test 79.6% | 9s
  step 100/391 | loss 0.2018 | acc 92.9% | 3s elapsed | eta 9s
  step 200/391 | loss 0.2134 | acc 92.5% | 6s elapsed | eta 5s
  step 300/391 | loss 0.2192 | acc 92.2% | 10s elapsed | eta 3s
Ep  46 | loss 0.2244 | task 0.2244 | cons 0.0000 | train 92.0% | test 79.5% | 14s
  step 100/391 | loss 0.2080 | acc 92.6% | 3s elapsed | eta 10s
  step 200/391 | loss 0.2119 | acc 92.5% | 7s elapsed | eta 6s
  step 300/391 | loss 0.2156 | acc 92.3% | 10s elapsed | eta 3s
Ep  47 | loss 0.2197 | task 0.2197 | cons 0.0000 | train 92.1% | test 78.7% | 14s
  step 100/391 | loss 0.1952 | acc 93.3% | 3s elapsed | eta 10s
  step 200/391 | loss 0.2030 | acc 92.9% | 7s elapsed | eta 7s
  step 300/391 | loss 0.2081 | acc 92.7% | 11s elapsed | eta 3s
Ep  48 | loss 0.2108 | task 0.2108 | cons 0.0000 | train 92.5% | test 79.1% | 15s
  step 100/391 | loss 0.1956 | acc 92.9% | 3s elapsed | eta 10s
  step 200/391 | loss 0.2015 | acc 92.7% | 7s elapsed | eta 6s
  step 300/391 | loss 0.2062 | acc 92.5% | 11s elapsed | eta 3s
Ep  49 | loss 0.2096 | task 0.2096 | cons 0.0000 | train 92.5% | test 78.4% | 15s
  step 100/391 | loss 0.1758 | acc 93.9% | 4s elapsed | eta 11s
  step 200/391 | loss 0.1881 | acc 93.4% | 7s elapsed | eta 7s
  step 300/391 | loss 0.1937 | acc 93.2% | 11s elapsed | eta 3s
Ep  50 | loss 0.1972 | task 0.1972 | cons 0.0000 | train 93.0% | test 78.6% | 16s
    K=1: 77.5%
    K=2: 78.7%
    K=4: 78.6%
  step 100/391 | loss 0.1854 | acc 93.5% | 5s elapsed | eta 15s
  step 200/391 | loss 0.1863 | acc 93.4% | 9s elapsed | eta 9s
  step 300/391 | loss 0.1899 | acc 93.3% | 12s elapsed | eta 4s
Ep  51 | loss 0.1934 | task 0.1934 | cons 0.0000 | train 93.1% | test 79.2% | 15s
  step 100/391 | loss 0.1711 | acc 94.0% | 3s elapsed | eta 7s
  step 200/391 | loss 0.1825 | acc 93.6% | 5s elapsed | eta 4s
  step 300/391 | loss 0.1855 | acc 93.5% | 7s elapsed | eta 2s
Ep  52 | loss 0.1859 | task 0.1859 | cons 0.0000 | train 93.4% | test 78.8% | 10s
  step 100/391 | loss 0.1591 | acc 94.3% | 2s elapsed | eta 6s
  step 200/391 | loss 0.1706 | acc 93.9% | 4s elapsed | eta 4s
  step 300/391 | loss 0.1773 | acc 93.6% | 6s elapsed | eta 2s
Ep  53 | loss 0.1817 | task 0.1817 | cons 0.0000 | train 93.5% | test 78.6% | 9s
  step 100/391 | loss 0.1666 | acc 94.0% | 2s elapsed | eta 7s
  step 200/391 | loss 0.1708 | acc 93.9% | 6s elapsed | eta 6s
  step 300/391 | loss 0.1749 | acc 93.8% | 10s elapsed | eta 3s
Ep  54 | loss 0.1780 | task 0.1780 | cons 0.0000 | train 93.7% | test 78.7% | 12s
  step 100/391 | loss 0.1654 | acc 94.1% | 2s elapsed | eta 6s
  step 200/391 | loss 0.1714 | acc 94.1% | 4s elapsed | eta 4s
  step 300/391 | loss 0.1714 | acc 94.1% | 6s elapsed | eta 2s
Ep  55 | loss 0.1739 | task 0.1739 | cons 0.0000 | train 94.0% | test 79.5% | 8s
  step 100/391 | loss 0.1702 | acc 94.3% | 2s elapsed | eta 6s
  step 200/391 | loss 0.1680 | acc 94.2% | 4s elapsed | eta 4s
  step 300/391 | loss 0.1674 | acc 94.1% | 7s elapsed | eta 2s
Ep  56 | loss 0.1700 | task 0.1700 | cons 0.0000 | train 94.0% | test 78.7% | 11s
  step 100/391 | loss 0.1601 | acc 94.4% | 4s elapsed | eta 10s
  step 200/391 | loss 0.1603 | acc 94.3% | 7s elapsed | eta 6s
  step 300/391 | loss 0.1602 | acc 94.4% | 10s elapsed | eta 3s
Ep  57 | loss 0.1633 | task 0.1633 | cons 0.0000 | train 94.2% | test 79.1% | 15s
  step 100/391 | loss 0.1411 | acc 94.9% | 4s elapsed | eta 11s
  step 200/391 | loss 0.1497 | acc 94.5% | 8s elapsed | eta 7s
  step 300/391 | loss 0.1553 | acc 94.4% | 11s elapsed | eta 3s
Ep  58 | loss 0.1581 | task 0.1581 | cons 0.0000 | train 94.3% | test 79.6% | 17s
  step 100/391 | loss 0.1416 | acc 95.0% | 4s elapsed | eta 11s
  step 200/391 | loss 0.1454 | acc 94.9% | 7s elapsed | eta 6s
  step 300/391 | loss 0.1487 | acc 94.7% | 10s elapsed | eta 3s
Ep  59 | loss 0.1542 | task 0.1542 | cons 0.0000 | train 94.5% | test 79.3% | 14s
  step 100/391 | loss 0.1425 | acc 95.0% | 3s elapsed | eta 10s
  step 200/391 | loss 0.1494 | acc 94.7% | 7s elapsed | eta 7s
  step 300/391 | loss 0.1528 | acc 94.5% | 11s elapsed | eta 3s
Ep  60 | loss 0.1559 | task 0.1559 | cons 0.0000 | train 94.4% | test 79.7% | 16s
    K=1: 78.0%
    K=2: 79.7%
    K=4: 79.7%
  step 100/391 | loss 0.1414 | acc 95.2% | 4s elapsed | eta 12s
  step 200/391 | loss 0.1398 | acc 95.2% | 7s elapsed | eta 7s
  step 300/391 | loss 0.1421 | acc 95.0% | 11s elapsed | eta 3s
Ep  61 | loss 0.1461 | task 0.1461 | cons 0.0000 | train 94.8% | test 78.4% | 15s
  step 100/391 | loss 0.1338 | acc 95.3% | 3s elapsed | eta 8s
  step 200/391 | loss 0.1407 | acc 95.1% | 7s elapsed | eta 7s
  step 300/391 | loss 0.1401 | acc 95.1% | 11s elapsed | eta 3s
Ep  62 | loss 0.1415 | task 0.1415 | cons 0.0000 | train 95.1% | test 78.8% | 15s
  step 100/391 | loss 0.1323 | acc 95.5% | 2s elapsed | eta 6s
  step 200/391 | loss 0.1347 | acc 95.3% | 4s elapsed | eta 4s
  step 300/391 | loss 0.1406 | acc 95.1% | 6s elapsed | eta 2s
Ep  63 | loss 0.1433 | task 0.1433 | cons 0.0000 | train 94.9% | test 79.2% | 8s
  step 100/391 | loss 0.1330 | acc 95.3% | 2s elapsed | eta 6s
  step 200/391 | loss 0.1361 | acc 95.1% | 4s elapsed | eta 4s
  step 300/391 | loss 0.1347 | acc 95.2% | 6s elapsed | eta 2s
Ep  64 | loss 0.1359 | task 0.1359 | cons 0.0000 | train 95.2% | test 79.5% | 9s
  step 100/391 | loss 0.1290 | acc 95.7% | 2s elapsed | eta 6s
  step 200/391 | loss 0.1282 | acc 95.6% | 4s elapsed | eta 4s
  step 300/391 | loss 0.1293 | acc 95.6% | 5s elapsed | eta 2s
Ep  65 | loss 0.1345 | task 0.1345 | cons 0.0000 | train 95.3% | test 79.0% | 8s
  step 100/391 | loss 0.1112 | acc 96.1% | 3s elapsed | eta 10s
  step 200/391 | loss 0.1207 | acc 95.7% | 5s elapsed | eta 5s
  step 300/391 | loss 0.1227 | acc 95.6% | 7s elapsed | eta 2s
Ep  66 | loss 0.1293 | task 0.1293 | cons 0.0000 | train 95.4% | test 78.6% | 11s
  step 100/391 | loss 0.1191 | acc 95.9% | 3s elapsed | eta 10s
  step 200/391 | loss 0.1274 | acc 95.5% | 6s elapsed | eta 6s
  step 300/391 | loss 0.1291 | acc 95.5% | 9s elapsed | eta 3s
Ep  67 | loss 0.1299 | task 0.1299 | cons 0.0000 | train 95.4% | test 79.1% | 13s
  step 100/391 | loss 0.1156 | acc 96.0% | 3s elapsed | eta 8s
  step 200/391 | loss 0.1207 | acc 95.8% | 5s elapsed | eta 5s
  step 300/391 | loss 0.1232 | acc 95.7% | 8s elapsed | eta 2s
Ep  68 | loss 0.1267 | task 0.1267 | cons 0.0000 | train 95.6% | test 78.6% | 12s
  step 100/391 | loss 0.1167 | acc 96.1% | 3s elapsed | eta 8s
  step 200/391 | loss 0.1198 | acc 95.9% | 5s elapsed | eta 5s
  step 300/391 | loss 0.1224 | acc 95.8% | 8s elapsed | eta 2s
Ep  69 | loss 0.1223 | task 0.1223 | cons 0.0000 | train 95.7% | test 78.9% | 12s
  step 100/391 | loss 0.1180 | acc 95.9% | 3s elapsed | eta 9s
  step 200/391 | loss 0.1187 | acc 95.9% | 6s elapsed | eta 5s
  step 300/391 | loss 0.1215 | acc 95.8% | 8s elapsed | eta 3s
Ep  70 | loss 0.1231 | task 0.1231 | cons 0.0000 | train 95.7% | test 78.8% | 12s
    K=1: 77.8%
    K=2: 79.2%
    K=4: 78.8%
  step 100/391 | loss 0.1068 | acc 96.4% | 3s elapsed | eta 9s
  step 200/391 | loss 0.1113 | acc 96.1% | 6s elapsed | eta 6s
  step 300/391 | loss 0.1117 | acc 96.1% | 9s elapsed | eta 3s
Ep  71 | loss 0.1125 | task 0.1125 | cons 0.0000 | train 96.1% | test 79.5% | 15s
  step 100/391 | loss 0.1166 | acc 95.9% | 4s elapsed | eta 11s
  step 200/391 | loss 0.1157 | acc 95.8% | 8s elapsed | eta 7s
  step 300/391 | loss 0.1185 | acc 95.8% | 9s elapsed | eta 3s
Ep  72 | loss 0.1187 | task 0.1187 | cons 0.0000 | train 95.8% | test 79.2% | 12s
  step 100/391 | loss 0.1065 | acc 96.2% | 2s elapsed | eta 7s
  step 200/391 | loss 0.1100 | acc 96.2% | 4s elapsed | eta 4s
  step 300/391 | loss 0.1102 | acc 96.2% | 6s elapsed | eta 2s
Ep  73 | loss 0.1132 | task 0.1132 | cons 0.0000 | train 96.0% | test 78.3% | 9s
  step 100/391 | loss 0.1039 | acc 96.3% | 2s elapsed | eta 6s
  step 200/391 | loss 0.1081 | acc 96.2% | 4s elapsed | eta 4s
  step 300/391 | loss 0.1089 | acc 96.1% | 5s elapsed | eta 2s
Ep  74 | loss 0.1117 | task 0.1117 | cons 0.0000 | train 96.0% | test 79.0% | 8s
  step 100/391 | loss 0.0947 | acc 96.7% | 2s elapsed | eta 5s
  step 200/391 | loss 0.1029 | acc 96.4% | 4s elapsed | eta 3s
  step 300/391 | loss 0.1067 | acc 96.2% | 5s elapsed | eta 2s
Ep  75 | loss 0.1082 | task 0.1082 | cons 0.0000 | train 96.2% | test 79.1% | 8s
  step 100/391 | loss 0.1039 | acc 96.4% | 2s elapsed | eta 5s
  step 200/391 | loss 0.1090 | acc 96.3% | 3s elapsed | eta 3s
  step 300/391 | loss 0.1086 | acc 96.2% | 5s elapsed | eta 2s
Ep  76 | loss 0.1099 | task 0.1099 | cons 0.0000 | train 96.2% | test 79.4% | 8s
  step 100/391 | loss 0.0970 | acc 96.6% | 2s elapsed | eta 5s
  step 200/391 | loss 0.1006 | acc 96.4% | 4s elapsed | eta 3s
  step 300/391 | loss 0.1017 | acc 96.4% | 5s elapsed | eta 2s
Ep  77 | loss 0.1051 | task 0.1051 | cons 0.0000 | train 96.3% | test 78.0% | 8s
  step 100/391 | loss 0.0950 | acc 96.7% | 2s elapsed | eta 6s
  step 200/391 | loss 0.0948 | acc 96.7% | 4s elapsed | eta 3s
  step 300/391 | loss 0.0996 | acc 96.5% | 5s elapsed | eta 2s
Ep  78 | loss 0.1017 | task 0.1017 | cons 0.0000 | train 96.4% | test 78.8% | 8s
  step 100/391 | loss 0.1015 | acc 96.2% | 2s elapsed | eta 6s
  step 200/391 | loss 0.1058 | acc 96.2% | 4s elapsed | eta 4s
  step 300/391 | loss 0.1056 | acc 96.3% | 5s elapsed | eta 2s
Ep  79 | loss 0.1057 | task 0.1057 | cons 0.0000 | train 96.3% | test 79.0% | 8s
  step 100/391 | loss 0.0893 | acc 96.9% | 2s elapsed | eta 6s
  step 200/391 | loss 0.0938 | acc 96.7% | 4s elapsed | eta 4s
  step 300/391 | loss 0.0976 | acc 96.6% | 5s elapsed | eta 2s
Ep  80 | loss 0.1002 | task 0.1002 | cons 0.0000 | train 96.5% | test 79.2% | 8s
    K=1: 78.4%
    K=2: 79.5%
    K=4: 79.2%
  step 100/391 | loss 0.0880 | acc 97.0% | 2s elapsed | eta 5s
  step 200/391 | loss 0.0934 | acc 96.7% | 4s elapsed | eta 3s
  step 300/391 | loss 0.0967 | acc 96.6% | 5s elapsed | eta 2s
Ep  81 | loss 0.0995 | task 0.0995 | cons 0.0000 | train 96.5% | test 79.6% | 8s
  step 100/391 | loss 0.0909 | acc 96.6% | 2s elapsed | eta 5s
  step 200/391 | loss 0.0924 | acc 96.6% | 4s elapsed | eta 3s
  step 300/391 | loss 0.0951 | acc 96.5% | 5s elapsed | eta 2s
Ep  82 | loss 0.0967 | task 0.0967 | cons 0.0000 | train 96.5% | test 79.4% | 8s
  step 100/391 | loss 0.0862 | acc 96.9% | 2s elapsed | eta 5s
  step 200/391 | loss 0.0909 | acc 96.8% | 3s elapsed | eta 3s
  step 300/391 | loss 0.0939 | acc 96.8% | 5s elapsed | eta 2s
Ep  83 | loss 0.0947 | task 0.0947 | cons 0.0000 | train 96.7% | test 79.0% | 7s
  step 100/391 | loss 0.0972 | acc 96.6% | 2s elapsed | eta 5s
  step 200/391 | loss 0.0965 | acc 96.7% | 3s elapsed | eta 3s
  step 300/391 | loss 0.0958 | acc 96.7% | 5s elapsed | eta 1s
Ep  84 | loss 0.0971 | task 0.0971 | cons 0.0000 | train 96.6% | test 79.1% | 7s
  step 100/391 | loss 0.0867 | acc 97.0% | 2s elapsed | eta 5s
  step 200/391 | loss 0.0904 | acc 96.9% | 3s elapsed | eta 3s
  step 300/391 | loss 0.0918 | acc 96.8% | 5s elapsed | eta 2s
Ep  85 | loss 0.0929 | task 0.0929 | cons 0.0000 | train 96.8% | test 79.2% | 7s
  step 100/391 | loss 0.0797 | acc 97.0% | 2s elapsed | eta 5s
  step 200/391 | loss 0.0865 | acc 96.9% | 3s elapsed | eta 3s
  step 300/391 | loss 0.0893 | acc 96.8% | 5s elapsed | eta 2s
Ep  86 | loss 0.0893 | task 0.0893 | cons 0.0000 | train 96.8% | test 78.9% | 7s
  step 100/391 | loss 0.0826 | acc 96.9% | 2s elapsed | eta 5s
  step 200/391 | loss 0.0853 | acc 96.9% | 3s elapsed | eta 3s
  step 300/391 | loss 0.0885 | acc 96.8% | 5s elapsed | eta 2s
Ep  87 | loss 0.0897 | task 0.0897 | cons 0.0000 | train 96.8% | test 78.6% | 7s
  step 100/391 | loss 0.0850 | acc 97.4% | 2s elapsed | eta 5s
  step 200/391 | loss 0.0842 | acc 97.2% | 3s elapsed | eta 3s
  step 300/391 | loss 0.0844 | acc 97.1% | 5s elapsed | eta 1s
Ep  88 | loss 0.0889 | task 0.0889 | cons 0.0000 | train 96.9% | test 78.5% | 7s
  step 100/391 | loss 0.0810 | acc 97.3% | 2s elapsed | eta 5s
  step 200/391 | loss 0.0834 | acc 97.1% | 3s elapsed | eta 3s
  step 300/391 | loss 0.0840 | acc 97.0% | 5s elapsed | eta 1s
Ep  89 | loss 0.0866 | task 0.0866 | cons 0.0000 | train 96.9% | test 79.2% | 7s
  step 100/391 | loss 0.0722 | acc 97.5% | 2s elapsed | eta 5s
  step 200/391 | loss 0.0776 | acc 97.3% | 3s elapsed | eta 3s
  step 300/391 | loss 0.0808 | acc 97.1% | 5s elapsed | eta 1s
Ep  90 | loss 0.0814 | task 0.0814 | cons 0.0000 | train 97.1% | test 79.2% | 7s
    K=1: 78.2%
    K=2: 79.2%
    K=4: 79.2%
  step 100/391 | loss 0.0715 | acc 97.5% | 2s elapsed | eta 5s
  step 200/391 | loss 0.0768 | acc 97.3% | 3s elapsed | eta 3s
  step 300/391 | loss 0.0798 | acc 97.2% | 5s elapsed | eta 2s
Ep  91 | loss 0.0823 | task 0.0823 | cons 0.0000 | train 97.1% | test 78.9% | 8s
  step 100/391 | loss 0.0738 | acc 97.4% | 2s elapsed | eta 5s
  step 200/391 | loss 0.0758 | acc 97.4% | 3s elapsed | eta 3s
  step 300/391 | loss 0.0797 | acc 97.2% | 5s elapsed | eta 1s
Ep  92 | loss 0.0808 | task 0.0808 | cons 0.0000 | train 97.2% | test 79.6% | 7s
  step 100/391 | loss 0.0785 | acc 97.4% | 2s elapsed | eta 5s
  step 200/391 | loss 0.0753 | acc 97.4% | 3s elapsed | eta 3s
  step 300/391 | loss 0.0790 | acc 97.2% | 5s elapsed | eta 1s
Ep  93 | loss 0.0821 | task 0.0821 | cons 0.0000 | train 97.1% | test 78.4% | 7s
  step 100/391 | loss 0.0693 | acc 97.5% | 2s elapsed | eta 5s
  step 200/391 | loss 0.0731 | acc 97.5% | 3s elapsed | eta 3s
  step 300/391 | loss 0.0767 | acc 97.4% | 5s elapsed | eta 2s
Ep  94 | loss 0.0768 | task 0.0768 | cons 0.0000 | train 97.3% | test 79.3% | 7s
  step 100/391 | loss 0.0735 | acc 97.6% | 2s elapsed | eta 5s
  step 200/391 | loss 0.0726 | acc 97.5% | 3s elapsed | eta 3s
  step 300/391 | loss 0.0754 | acc 97.5% | 5s elapsed | eta 1s
Ep  95 | loss 0.0768 | task 0.0768 | cons 0.0000 | train 97.4% | test 79.5% | 7s
  step 100/391 | loss 0.0691 | acc 97.6% | 2s elapsed | eta 5s
  step 200/391 | loss 0.0738 | acc 97.5% | 4s elapsed | eta 3s
  step 300/391 | loss 0.0742 | acc 97.4% | 5s elapsed | eta 2s
Ep  96 | loss 0.0753 | task 0.0753 | cons 0.0000 | train 97.4% | test 79.7% | 7s
  step 100/391 | loss 0.0668 | acc 97.8% | 2s elapsed | eta 5s
  step 200/391 | loss 0.0672 | acc 97.7% | 3s elapsed | eta 3s
  step 300/391 | loss 0.0693 | acc 97.7% | 5s elapsed | eta 2s
Ep  97 | loss 0.0720 | task 0.0720 | cons 0.0000 | train 97.6% | test 79.7% | 7s
  step 100/391 | loss 0.0638 | acc 97.8% | 2s elapsed | eta 5s
  step 200/391 | loss 0.0682 | acc 97.7% | 3s elapsed | eta 3s
  step 300/391 | loss 0.0722 | acc 97.6% | 5s elapsed | eta 1s
Ep  98 | loss 0.0724 | task 0.0724 | cons 0.0000 | train 97.5% | test 78.1% | 7s
  step 100/391 | loss 0.0719 | acc 97.7% | 2s elapsed | eta 5s
  step 200/391 | loss 0.0713 | acc 97.7% | 4s elapsed | eta 3s
  step 300/391 | loss 0.0713 | acc 97.6% | 6s elapsed | eta 2s
Ep  99 | loss 0.0703 | task 0.0703 | cons 0.0000 | train 97.7% | test 79.0% | 8s
  step 100/391 | loss 0.0662 | acc 97.8% | 2s elapsed | eta 6s
  step 200/391 | loss 0.0697 | acc 97.6% | 4s elapsed | eta 4s
  step 300/391 | loss 0.0708 | acc 97.6% | 6s elapsed | eta 2s
Ep 100 | loss 0.0716 | task 0.0716 | cons 0.0000 | train 97.5% | test 79.6% | 8s
    K=1: 78.3%
    K=2: 79.8%
    K=4: 79.6%
  step 100/391 | loss 0.0763 | acc 97.3% | 2s elapsed | eta 5s
  step 200/391 | loss 0.0723 | acc 97.5% | 3s elapsed | eta 3s
  step 300/391 | loss 0.0732 | acc 97.4% | 5s elapsed | eta 2s
Ep 101 | loss 0.0724 | task 0.0724 | cons 0.0000 | train 97.5% | test 78.9% | 8s
  step 100/391 | loss 0.0686 | acc 97.7% | 2s elapsed | eta 6s
  step 200/391 | loss 0.0679 | acc 97.7% | 4s elapsed | eta 4s
  step 300/391 | loss 0.0700 | acc 97.6% | 5s elapsed | eta 2s
Ep 102 | loss 0.0696 | task 0.0696 | cons 0.0000 | train 97.6% | test 79.4% | 8s
  step 100/391 | loss 0.0594 | acc 97.9% | 2s elapsed | eta 6s
  step 200/391 | loss 0.0638 | acc 97.7% | 4s elapsed | eta 4s
  step 300/391 | loss 0.0641 | acc 97.8% | 6s elapsed | eta 2s
Ep 103 | loss 0.0668 | task 0.0668 | cons 0.0000 | train 97.7% | test 78.7% | 8s
  step 100/391 | loss 0.0595 | acc 97.9% | 2s elapsed | eta 6s
  step 200/391 | loss 0.0677 | acc 97.6% | 4s elapsed | eta 4s
  step 300/391 | loss 0.0680 | acc 97.6% | 6s elapsed | eta 2s
Ep 104 | loss 0.0688 | task 0.0688 | cons 0.0000 | train 97.6% | test 79.3% | 8s
  step 100/391 | loss 0.0562 | acc 98.1% | 2s elapsed | eta 6s
  step 200/391 | loss 0.0633 | acc 97.9% | 4s elapsed | eta 4s
  step 300/391 | loss 0.0657 | acc 97.8% | 6s elapsed | eta 2s
Ep 105 | loss 0.0674 | task 0.0674 | cons 0.0000 | train 97.7% | test 79.2% | 8s
  step 100/391 | loss 0.0615 | acc 97.9% | 2s elapsed | eta 6s
  step 200/391 | loss 0.0635 | acc 97.9% | 4s elapsed | eta 4s
  step 300/391 | loss 0.0627 | acc 97.8% | 6s elapsed | eta 2s
Ep 106 | loss 0.0632 | task 0.0632 | cons 0.0000 | train 97.8% | test 79.3% | 8s
  step 100/391 | loss 0.0585 | acc 98.0% | 2s elapsed | eta 6s
  step 200/391 | loss 0.0599 | acc 97.9% | 4s elapsed | eta 4s
  step 300/391 | loss 0.0609 | acc 97.9% | 6s elapsed | eta 2s
Ep 107 | loss 0.0623 | task 0.0623 | cons 0.0000 | train 97.9% | test 79.0% | 8s
  step 100/391 | loss 0.0574 | acc 98.0% | 2s elapsed | eta 6s
  step 200/391 | loss 0.0598 | acc 97.9% | 4s elapsed | eta 4s
  step 300/391 | loss 0.0604 | acc 97.9% | 6s elapsed | eta 2s
Ep 108 | loss 0.0603 | task 0.0603 | cons 0.0000 | train 97.9% | test 80.2% | 8s
  step 100/391 | loss 0.0596 | acc 97.9% | 2s elapsed | eta 6s
  step 200/391 | loss 0.0574 | acc 98.0% | 4s elapsed | eta 4s
  step 300/391 | loss 0.0609 | acc 97.9% | 6s elapsed | eta 2s
Ep 109 | loss 0.0619 | task 0.0619 | cons 0.0000 | train 97.8% | test 79.5% | 9s
  step 100/391 | loss 0.0620 | acc 97.8% | 2s elapsed | eta 6s
  step 200/391 | loss 0.0610 | acc 97.9% | 4s elapsed | eta 4s
  step 300/391 | loss 0.0620 | acc 97.9% | 6s elapsed | eta 2s
Ep 110 | loss 0.0625 | task 0.0625 | cons 0.0000 | train 97.8% | test 79.3% | 8s
    K=1: 78.1%
    K=2: 79.5%
    K=4: 79.3%
  step 100/391 | loss 0.0506 | acc 98.4% | 2s elapsed | eta 6s
  step 200/391 | loss 0.0533 | acc 98.2% | 4s elapsed | eta 4s
  step 300/391 | loss 0.0551 | acc 98.1% | 6s elapsed | eta 2s
Ep 111 | loss 0.0571 | task 0.0571 | cons 0.0000 | train 98.1% | test 79.6% | 8s
  step 100/391 | loss 0.0604 | acc 97.9% | 2s elapsed | eta 6s
  step 200/391 | loss 0.0578 | acc 98.1% | 4s elapsed | eta 4s
  step 300/391 | loss 0.0583 | acc 98.0% | 6s elapsed | eta 2s
Ep 112 | loss 0.0596 | task 0.0596 | cons 0.0000 | train 98.0% | test 79.2% | 8s
  step 100/391 | loss 0.0564 | acc 98.2% | 2s elapsed | eta 6s
  step 200/391 | loss 0.0570 | acc 98.1% | 4s elapsed | eta 4s
  step 300/391 | loss 0.0564 | acc 98.1% | 6s elapsed | eta 2s
Ep 113 | loss 0.0560 | task 0.0560 | cons 0.0000 | train 98.1% | test 79.4% | 8s
  step 100/391 | loss 0.0556 | acc 97.9% | 2s elapsed | eta 6s
  step 200/391 | loss 0.0572 | acc 98.0% | 4s elapsed | eta 4s
  step 300/391 | loss 0.0577 | acc 98.0% | 5s elapsed | eta 2s
Ep 114 | loss 0.0580 | task 0.0580 | cons 0.0000 | train 98.0% | test 79.3% | 8s
  step 100/391 | loss 0.0521 | acc 98.2% | 2s elapsed | eta 6s
  step 200/391 | loss 0.0561 | acc 98.1% | 4s elapsed | eta 4s
  step 300/391 | loss 0.0553 | acc 98.1% | 6s elapsed | eta 2s
Ep 115 | loss 0.0546 | task 0.0546 | cons 0.0000 | train 98.1% | test 79.0% | 8s
  step 100/391 | loss 0.0510 | acc 98.3% | 2s elapsed | eta 6s
  step 200/391 | loss 0.0507 | acc 98.3% | 4s elapsed | eta 4s
  step 300/391 | loss 0.0537 | acc 98.1% | 6s elapsed | eta 2s
Ep 116 | loss 0.0556 | task 0.0556 | cons 0.0000 | train 98.1% | test 79.6% | 8s
  step 100/391 | loss 0.0567 | acc 98.2% | 2s elapsed | eta 6s
  step 200/391 | loss 0.0544 | acc 98.2% | 4s elapsed | eta 4s
  step 300/391 | loss 0.0540 | acc 98.2% | 6s elapsed | eta 2s
Ep 117 | loss 0.0555 | task 0.0555 | cons 0.0000 | train 98.1% | test 79.1% | 8s
  step 100/391 | loss 0.0493 | acc 98.3% | 2s elapsed | eta 6s
  step 200/391 | loss 0.0508 | acc 98.3% | 4s elapsed | eta 4s
  step 300/391 | loss 0.0529 | acc 98.2% | 6s elapsed | eta 2s
Ep 118 | loss 0.0541 | task 0.0541 | cons 0.0000 | train 98.1% | test 80.0% | 8s
  step 100/391 | loss 0.0479 | acc 98.4% | 2s elapsed | eta 5s
  step 200/391 | loss 0.0493 | acc 98.3% | 4s elapsed | eta 3s
  step 300/391 | loss 0.0491 | acc 98.4% | 6s elapsed | eta 2s
Ep 119 | loss 0.0498 | task 0.0498 | cons 0.0000 | train 98.3% | test 79.9% | 8s
  step 100/391 | loss 0.0472 | acc 98.4% | 2s elapsed | eta 6s
  step 200/391 | loss 0.0488 | acc 98.3% | 4s elapsed | eta 4s
  step 300/391 | loss 0.0491 | acc 98.3% | 6s elapsed | eta 2s
Ep 120 | loss 0.0510 | task 0.0510 | cons 0.0000 | train 98.2% | test 79.2% | 8s
    K=1: 77.5%
    K=2: 79.4%
    K=4: 79.2%
  step 100/391 | loss 0.0503 | acc 98.3% | 2s elapsed | eta 5s
  step 200/391 | loss 0.0489 | acc 98.3% | 4s elapsed | eta 4s
  step 300/391 | loss 0.0497 | acc 98.3% | 6s elapsed | eta 2s
Ep 121 | loss 0.0517 | task 0.0517 | cons 0.0000 | train 98.3% | test 79.7% | 8s
  step 100/391 | loss 0.0503 | acc 98.3% | 2s elapsed | eta 6s
  step 200/391 | loss 0.0488 | acc 98.4% | 4s elapsed | eta 4s
  step 300/391 | loss 0.0503 | acc 98.3% | 6s elapsed | eta 2s
Ep 122 | loss 0.0520 | task 0.0520 | cons 0.0000 | train 98.3% | test 79.7% | 8s
  step 100/391 | loss 0.0449 | acc 98.5% | 2s elapsed | eta 6s
  step 200/391 | loss 0.0466 | acc 98.4% | 4s elapsed | eta 4s
  step 300/391 | loss 0.0483 | acc 98.4% | 6s elapsed | eta 2s
Ep 123 | loss 0.0477 | task 0.0477 | cons 0.0000 | train 98.4% | test 80.0% | 9s
  step 100/391 | loss 0.0453 | acc 98.4% | 2s elapsed | eta 6s
  step 200/391 | loss 0.0471 | acc 98.4% | 4s elapsed | eta 4s
  step 300/391 | loss 0.0477 | acc 98.4% | 6s elapsed | eta 2s
Ep 124 | loss 0.0481 | task 0.0481 | cons 0.0000 | train 98.4% | test 79.5% | 8s
  step 100/391 | loss 0.0464 | acc 98.5% | 2s elapsed | eta 6s
  step 200/391 | loss 0.0469 | acc 98.4% | 4s elapsed | eta 4s
  step 300/391 | loss 0.0472 | acc 98.4% | 6s elapsed | eta 2s
Ep 125 | loss 0.0468 | task 0.0468 | cons 0.0000 | train 98.4% | test 80.4% | 8s
  step 100/391 | loss 0.0389 | acc 98.7% | 2s elapsed | eta 6s
  step 200/391 | loss 0.0436 | acc 98.5% | 4s elapsed | eta 4s
  step 300/391 | loss 0.0447 | acc 98.6% | 6s elapsed | eta 2s
Ep 126 | loss 0.0463 | task 0.0463 | cons 0.0000 | train 98.5% | test 79.4% | 8s
  step 100/391 | loss 0.0461 | acc 98.5% | 2s elapsed | eta 6s
  step 200/391 | loss 0.0459 | acc 98.5% | 4s elapsed | eta 4s
  step 300/391 | loss 0.0451 | acc 98.5% | 6s elapsed | eta 2s
Ep 127 | loss 0.0451 | task 0.0451 | cons 0.0000 | train 98.4% | test 80.1% | 8s
  step 100/391 | loss 0.0437 | acc 98.5% | 2s elapsed | eta 6s
  step 200/391 | loss 0.0415 | acc 98.6% | 4s elapsed | eta 4s
  step 300/391 | loss 0.0422 | acc 98.5% | 6s elapsed | eta 2s
Ep 128 | loss 0.0443 | task 0.0443 | cons 0.0000 | train 98.5% | test 80.2% | 8s
  step 100/391 | loss 0.0422 | acc 98.6% | 2s elapsed | eta 6s
  step 200/391 | loss 0.0393 | acc 98.7% | 4s elapsed | eta 4s
  step 300/391 | loss 0.0417 | acc 98.6% | 6s elapsed | eta 2s
Ep 129 | loss 0.0423 | task 0.0423 | cons 0.0000 | train 98.6% | test 79.2% | 8s
  step 100/391 | loss 0.0425 | acc 98.7% | 2s elapsed | eta 6s
  step 200/391 | loss 0.0452 | acc 98.6% | 4s elapsed | eta 4s
  step 300/391 | loss 0.0455 | acc 98.5% | 6s elapsed | eta 2s
Ep 130 | loss 0.0460 | task 0.0460 | cons 0.0000 | train 98.5% | test 79.8% | 8s
    K=1: 78.3%
    K=2: 79.6%
    K=4: 79.8%
  step 100/391 | loss 0.0397 | acc 98.7% | 2s elapsed | eta 6s
  step 200/391 | loss 0.0380 | acc 98.8% | 4s elapsed | eta 4s
  step 300/391 | loss 0.0410 | acc 98.6% | 6s elapsed | eta 2s
Ep 131 | loss 0.0426 | task 0.0426 | cons 0.0000 | train 98.6% | test 79.7% | 8s
  step 100/391 | loss 0.0373 | acc 98.8% | 2s elapsed | eta 6s
  step 200/391 | loss 0.0399 | acc 98.7% | 4s elapsed | eta 4s
  step 300/391 | loss 0.0409 | acc 98.7% | 6s elapsed | eta 2s
Ep 132 | loss 0.0419 | task 0.0419 | cons 0.0000 | train 98.6% | test 79.8% | 8s
  step 100/391 | loss 0.0396 | acc 98.6% | 2s elapsed | eta 6s
  step 200/391 | loss 0.0404 | acc 98.6% | 4s elapsed | eta 4s
  step 300/391 | loss 0.0426 | acc 98.5% | 6s elapsed | eta 2s
Ep 133 | loss 0.0435 | task 0.0435 | cons 0.0000 | train 98.5% | test 79.9% | 9s
  step 100/391 | loss 0.0361 | acc 98.8% | 2s elapsed | eta 6s
  step 200/391 | loss 0.0372 | acc 98.8% | 4s elapsed | eta 4s
  step 300/391 | loss 0.0392 | acc 98.7% | 6s elapsed | eta 2s
Ep 134 | loss 0.0400 | task 0.0400 | cons 0.0000 | train 98.7% | test 78.8% | 8s
  step 100/391 | loss 0.0361 | acc 98.8% | 2s elapsed | eta 6s
  step 200/391 | loss 0.0402 | acc 98.6% | 4s elapsed | eta 4s
  step 300/391 | loss 0.0418 | acc 98.6% | 6s elapsed | eta 2s
Ep 135 | loss 0.0414 | task 0.0414 | cons 0.0000 | train 98.6% | test 80.3% | 8s
  step 100/391 | loss 0.0365 | acc 98.7% | 2s elapsed | eta 6s
  step 200/391 | loss 0.0384 | acc 98.7% | 4s elapsed | eta 3s
  step 300/391 | loss 0.0386 | acc 98.7% | 5s elapsed | eta 2s
Ep 136 | loss 0.0387 | task 0.0387 | cons 0.0000 | train 98.7% | test 79.5% | 8s
  step 100/391 | loss 0.0355 | acc 98.9% | 2s elapsed | eta 6s
  step 200/391 | loss 0.0378 | acc 98.8% | 4s elapsed | eta 4s
  step 300/391 | loss 0.0387 | acc 98.8% | 6s elapsed | eta 2s
Ep 137 | loss 0.0384 | task 0.0384 | cons 0.0000 | train 98.8% | test 80.0% | 8s
  step 100/391 | loss 0.0393 | acc 98.7% | 2s elapsed | eta 6s
  step 200/391 | loss 0.0381 | acc 98.7% | 4s elapsed | eta 4s
  step 300/391 | loss 0.0398 | acc 98.7% | 6s elapsed | eta 2s
Ep 138 | loss 0.0396 | task 0.0396 | cons 0.0000 | train 98.7% | test 79.8% | 8s
  step 100/391 | loss 0.0323 | acc 99.0% | 2s elapsed | eta 6s
  step 200/391 | loss 0.0336 | acc 98.9% | 4s elapsed | eta 4s
  step 300/391 | loss 0.0344 | acc 98.9% | 6s elapsed | eta 2s
Ep 139 | loss 0.0359 | task 0.0359 | cons 0.0000 | train 98.8% | test 79.2% | 8s
  step 100/391 | loss 0.0343 | acc 98.9% | 2s elapsed | eta 6s
  step 200/391 | loss 0.0337 | acc 98.9% | 4s elapsed | eta 4s
  step 300/391 | loss 0.0338 | acc 98.9% | 6s elapsed | eta 2s
Ep 140 | loss 0.0357 | task 0.0357 | cons 0.0000 | train 98.9% | test 79.8% | 8s
    K=1: 78.7%
    K=2: 79.8%
    K=4: 79.8%
  step 100/391 | loss 0.0379 | acc 98.7% | 2s elapsed | eta 6s
  step 200/391 | loss 0.0358 | acc 98.8% | 4s elapsed | eta 4s
  step 300/391 | loss 0.0361 | acc 98.8% | 6s elapsed | eta 2s
Ep 141 | loss 0.0361 | task 0.0361 | cons 0.0000 | train 98.8% | test 80.1% | 8s
  step 100/391 | loss 0.0284 | acc 99.1% | 2s elapsed | eta 6s
  step 200/391 | loss 0.0319 | acc 98.9% | 4s elapsed | eta 4s
  step 300/391 | loss 0.0343 | acc 98.9% | 6s elapsed | eta 2s
Ep 142 | loss 0.0340 | task 0.0340 | cons 0.0000 | train 98.8% | test 79.7% | 9s
  step 100/391 | loss 0.0342 | acc 98.8% | 2s elapsed | eta 6s
  step 200/391 | loss 0.0336 | acc 98.8% | 4s elapsed | eta 4s
  step 300/391 | loss 0.0338 | acc 98.8% | 6s elapsed | eta 2s
Ep 143 | loss 0.0360 | task 0.0360 | cons 0.0000 | train 98.8% | test 79.3% | 8s
  step 100/391 | loss 0.0342 | acc 98.9% | 2s elapsed | eta 6s
  step 200/391 | loss 0.0363 | acc 98.8% | 4s elapsed | eta 4s
  step 300/391 | loss 0.0348 | acc 98.8% | 6s elapsed | eta 2s
Ep 144 | loss 0.0346 | task 0.0346 | cons 0.0000 | train 98.8% | test 78.7% | 9s
  step 100/391 | loss 0.0328 | acc 98.9% | 2s elapsed | eta 6s
  step 200/391 | loss 0.0328 | acc 98.9% | 4s elapsed | eta 4s
  step 300/391 | loss 0.0328 | acc 98.9% | 6s elapsed | eta 2s
Ep 145 | loss 0.0331 | task 0.0331 | cons 0.0000 | train 98.9% | test 79.5% | 9s
  step 100/391 | loss 0.0320 | acc 98.8% | 2s elapsed | eta 6s
  step 200/391 | loss 0.0324 | acc 98.8% | 4s elapsed | eta 4s
  step 300/391 | loss 0.0323 | acc 98.8% | 6s elapsed | eta 2s
Ep 146 | loss 0.0333 | task 0.0333 | cons 0.0000 | train 98.8% | test 80.1% | 8s
  step 100/391 | loss 0.0286 | acc 99.0% | 2s elapsed | eta 6s
  step 200/391 | loss 0.0298 | acc 99.0% | 4s elapsed | eta 4s
  step 300/391 | loss 0.0308 | acc 99.0% | 6s elapsed | eta 2s
Ep 147 | loss 0.0304 | task 0.0304 | cons 0.0000 | train 99.0% | test 79.0% | 8s
  step 100/391 | loss 0.0286 | acc 99.1% | 2s elapsed | eta 6s
  step 200/391 | loss 0.0298 | acc 99.0% | 4s elapsed | eta 4s
  step 300/391 | loss 0.0303 | acc 98.9% | 6s elapsed | eta 2s
Ep 148 | loss 0.0316 | task 0.0316 | cons 0.0000 | train 98.9% | test 79.8% | 8s
  step 100/391 | loss 0.0279 | acc 99.1% | 2s elapsed | eta 6s
  step 200/391 | loss 0.0298 | acc 99.0% | 4s elapsed | eta 3s
  step 300/391 | loss 0.0285 | acc 99.0% | 6s elapsed | eta 2s
Ep 149 | loss 0.0313 | task 0.0313 | cons 0.0000 | train 98.9% | test 80.0% | 8s
  step 100/391 | loss 0.0282 | acc 99.1% | 2s elapsed | eta 6s
  step 200/391 | loss 0.0284 | acc 99.0% | 4s elapsed | eta 4s
  step 300/391 | loss 0.0295 | acc 99.0% | 6s elapsed | eta 2s
Ep 150 | loss 0.0302 | task 0.0302 | cons 0.0000 | train 99.0% | test 79.4% | 9s
    K=1: 78.8%
    K=2: 79.5%
    K=4: 79.4%
  step 100/391 | loss 0.0278 | acc 99.1% | 2s elapsed | eta 5s
  step 200/391 | loss 0.0278 | acc 99.1% | 3s elapsed | eta 3s
  step 300/391 | loss 0.0287 | acc 99.0% | 5s elapsed | eta 2s
Ep 151 | loss 0.0285 | task 0.0285 | cons 0.0000 | train 99.0% | test 79.9% | 8s
  step 100/391 | loss 0.0246 | acc 99.2% | 2s elapsed | eta 6s
  step 200/391 | loss 0.0268 | acc 99.2% | 4s elapsed | eta 4s
  step 300/391 | loss 0.0269 | acc 99.1% | 6s elapsed | eta 2s
Ep 152 | loss 0.0279 | task 0.0279 | cons 0.0000 | train 99.1% | test 80.2% | 8s
  step 100/391 | loss 0.0270 | acc 99.0% | 2s elapsed | eta 6s
  step 200/391 | loss 0.0291 | acc 99.0% | 4s elapsed | eta 4s
  step 300/391 | loss 0.0288 | acc 99.0% | 5s elapsed | eta 2s
Ep 153 | loss 0.0277 | task 0.0277 | cons 0.0000 | train 99.1% | test 80.2% | 8s
  step 100/391 | loss 0.0301 | acc 99.1% | 2s elapsed | eta 6s
  step 200/391 | loss 0.0302 | acc 99.1% | 4s elapsed | eta 4s
  step 300/391 | loss 0.0302 | acc 99.1% | 6s elapsed | eta 2s
Ep 154 | loss 0.0300 | task 0.0300 | cons 0.0000 | train 99.1% | test 79.6% | 8s
  step 100/391 | loss 0.0274 | acc 99.0% | 2s elapsed | eta 6s
  step 200/391 | loss 0.0281 | acc 99.0% | 4s elapsed | eta 4s
  step 300/391 | loss 0.0287 | acc 99.0% | 6s elapsed | eta 2s
Ep 155 | loss 0.0285 | task 0.0285 | cons 0.0000 | train 99.0% | test 80.1% | 8s
  step 100/391 | loss 0.0299 | acc 99.0% | 2s elapsed | eta 6s
  step 200/391 | loss 0.0311 | acc 99.0% | 4s elapsed | eta 4s
  step 300/391 | loss 0.0300 | acc 99.0% | 6s elapsed | eta 2s
Ep 156 | loss 0.0309 | task 0.0309 | cons 0.0000 | train 99.0% | test 80.1% | 8s
  step 100/391 | loss 0.0241 | acc 99.2% | 2s elapsed | eta 6s
  step 200/391 | loss 0.0232 | acc 99.3% | 4s elapsed | eta 4s
  step 300/391 | loss 0.0237 | acc 99.2% | 6s elapsed | eta 2s
Ep 157 | loss 0.0256 | task 0.0256 | cons 0.0000 | train 99.1% | test 80.1% | 8s
  step 100/391 | loss 0.0269 | acc 99.1% | 2s elapsed | eta 6s
  step 200/391 | loss 0.0256 | acc 99.1% | 4s elapsed | eta 4s
  step 300/391 | loss 0.0248 | acc 99.2% | 6s elapsed | eta 2s
Ep 158 | loss 0.0248 | task 0.0248 | cons 0.0000 | train 99.2% | test 80.0% | 8s
  step 100/391 | loss 0.0248 | acc 99.2% | 2s elapsed | eta 6s
  step 200/391 | loss 0.0250 | acc 99.2% | 4s elapsed | eta 4s
  step 300/391 | loss 0.0254 | acc 99.2% | 6s elapsed | eta 2s
Ep 159 | loss 0.0248 | task 0.0248 | cons 0.0000 | train 99.2% | test 79.3% | 8s
  step 100/391 | loss 0.0213 | acc 99.3% | 2s elapsed | eta 6s
  step 200/391 | loss 0.0229 | acc 99.3% | 4s elapsed | eta 4s
  step 300/391 | loss 0.0247 | acc 99.2% | 6s elapsed | eta 2s
Ep 160 | loss 0.0245 | task 0.0245 | cons 0.0000 | train 99.2% | test 79.8% | 8s
    K=1: 78.5%
    K=2: 80.0%
    K=4: 79.8%
  step 100/391 | loss 0.0276 | acc 99.1% | 2s elapsed | eta 6s
  step 200/391 | loss 0.0268 | acc 99.1% | 4s elapsed | eta 4s
  step 300/391 | loss 0.0255 | acc 99.2% | 6s elapsed | eta 2s
Ep 161 | loss 0.0250 | task 0.0250 | cons 0.0000 | train 99.2% | test 80.2% | 8s
  step 100/391 | loss 0.0188 | acc 99.4% | 2s elapsed | eta 6s
  step 200/391 | loss 0.0205 | acc 99.4% | 4s elapsed | eta 4s
  step 300/391 | loss 0.0217 | acc 99.3% | 6s elapsed | eta 2s
Ep 162 | loss 0.0217 | task 0.0217 | cons 0.0000 | train 99.3% | test 80.4% | 8s
  step 100/391 | loss 0.0221 | acc 99.3% | 2s elapsed | eta 6s
  step 200/391 | loss 0.0226 | acc 99.3% | 4s elapsed | eta 4s
  step 300/391 | loss 0.0228 | acc 99.3% | 6s elapsed | eta 2s
Ep 163 | loss 0.0229 | task 0.0229 | cons 0.0000 | train 99.3% | test 80.6% | 8s
  step 100/391 | loss 0.0245 | acc 99.2% | 2s elapsed | eta 6s
  step 200/391 | loss 0.0268 | acc 99.2% | 4s elapsed | eta 4s
  step 300/391 | loss 0.0249 | acc 99.2% | 6s elapsed | eta 2s
Ep 164 | loss 0.0252 | task 0.0252 | cons 0.0000 | train 99.2% | test 79.7% | 9s
  step 100/391 | loss 0.0201 | acc 99.3% | 2s elapsed | eta 5s
  step 200/391 | loss 0.0201 | acc 99.3% | 4s elapsed | eta 4s
  step 300/391 | loss 0.0214 | acc 99.2% | 5s elapsed | eta 2s
Ep 165 | loss 0.0215 | task 0.0215 | cons 0.0000 | train 99.2% | test 80.3% | 8s
  step 100/391 | loss 0.0241 | acc 99.2% | 2s elapsed | eta 5s
  step 200/391 | loss 0.0202 | acc 99.4% | 4s elapsed | eta 3s
  step 300/391 | loss 0.0210 | acc 99.3% | 6s elapsed | eta 2s
Ep 166 | loss 0.0205 | task 0.0205 | cons 0.0000 | train 99.3% | test 79.9% | 8s
  step 100/391 | loss 0.0162 | acc 99.5% | 2s elapsed | eta 6s
  step 200/391 | loss 0.0188 | acc 99.4% | 4s elapsed | eta 4s
  step 300/391 | loss 0.0194 | acc 99.3% | 6s elapsed | eta 2s
Ep 167 | loss 0.0204 | task 0.0204 | cons 0.0000 | train 99.4% | test 80.0% | 8s
  step 100/391 | loss 0.0214 | acc 99.4% | 2s elapsed | eta 6s
  step 200/391 | loss 0.0222 | acc 99.3% | 4s elapsed | eta 4s
  step 300/391 | loss 0.0216 | acc 99.3% | 6s elapsed | eta 2s
Ep 168 | loss 0.0214 | task 0.0214 | cons 0.0000 | train 99.3% | test 79.7% | 8s
  step 100/391 | loss 0.0194 | acc 99.4% | 2s elapsed | eta 6s
  step 200/391 | loss 0.0187 | acc 99.4% | 4s elapsed | eta 4s
  step 300/391 | loss 0.0184 | acc 99.4% | 6s elapsed | eta 2s
Ep 169 | loss 0.0186 | task 0.0186 | cons 0.0000 | train 99.4% | test 79.8% | 8s
  step 100/391 | loss 0.0166 | acc 99.3% | 2s elapsed | eta 6s
  step 200/391 | loss 0.0167 | acc 99.4% | 4s elapsed | eta 4s
  step 300/391 | loss 0.0172 | acc 99.4% | 6s elapsed | eta 2s
Ep 170 | loss 0.0176 | task 0.0176 | cons 0.0000 | train 99.4% | test 79.9% | 8s
    K=1: 79.0%
    K=2: 80.1%
    K=4: 79.9%
  step 100/391 | loss 0.0185 | acc 99.4% | 2s elapsed | eta 6s
  step 200/391 | loss 0.0191 | acc 99.3% | 4s elapsed | eta 4s
  step 300/391 | loss 0.0187 | acc 99.4% | 6s elapsed | eta 2s
Ep 171 | loss 0.0188 | task 0.0188 | cons 0.0000 | train 99.4% | test 80.2% | 8s
  step 100/391 | loss 0.0186 | acc 99.4% | 2s elapsed | eta 6s
  step 200/391 | loss 0.0196 | acc 99.4% | 4s elapsed | eta 4s
  step 300/391 | loss 0.0194 | acc 99.3% | 6s elapsed | eta 2s
Ep 172 | loss 0.0193 | task 0.0193 | cons 0.0000 | train 99.4% | test 80.8% | 8s
  step 100/391 | loss 0.0228 | acc 99.2% | 2s elapsed | eta 6s
  step 200/391 | loss 0.0193 | acc 99.4% | 4s elapsed | eta 4s
  step 300/391 | loss 0.0176 | acc 99.4% | 6s elapsed | eta 2s
Ep 173 | loss 0.0183 | task 0.0183 | cons 0.0000 | train 99.4% | test 80.1% | 8s
  step 100/391 | loss 0.0124 | acc 99.5% | 2s elapsed | eta 6s
  step 200/391 | loss 0.0148 | acc 99.5% | 4s elapsed | eta 4s
  step 300/391 | loss 0.0165 | acc 99.5% | 6s elapsed | eta 2s
Ep 174 | loss 0.0168 | task 0.0168 | cons 0.0000 | train 99.4% | test 79.9% | 8s
  step 100/391 | loss 0.0147 | acc 99.5% | 2s elapsed | eta 6s
  step 200/391 | loss 0.0155 | acc 99.5% | 4s elapsed | eta 4s
  step 300/391 | loss 0.0166 | acc 99.4% | 6s elapsed | eta 2s
Ep 175 | loss 0.0168 | task 0.0168 | cons 0.0000 | train 99.4% | test 79.8% | 8s
  step 100/391 | loss 0.0165 | acc 99.5% | 2s elapsed | eta 6s
  step 200/391 | loss 0.0183 | acc 99.4% | 4s elapsed | eta 4s
  step 300/391 | loss 0.0184 | acc 99.4% | 6s elapsed | eta 2s
Ep 176 | loss 0.0178 | task 0.0178 | cons 0.0000 | train 99.4% | test 80.3% | 9s
  step 100/391 | loss 0.0183 | acc 99.5% | 2s elapsed | eta 6s
  step 200/391 | loss 0.0161 | acc 99.5% | 4s elapsed | eta 4s
  step 300/391 | loss 0.0167 | acc 99.5% | 6s elapsed | eta 2s
Ep 177 | loss 0.0177 | task 0.0177 | cons 0.0000 | train 99.4% | test 79.7% | 8s
  step 100/391 | loss 0.0139 | acc 99.5% | 2s elapsed | eta 6s
  step 200/391 | loss 0.0152 | acc 99.5% | 4s elapsed | eta 4s
  step 300/391 | loss 0.0152 | acc 99.5% | 6s elapsed | eta 2s
Ep 178 | loss 0.0148 | task 0.0148 | cons 0.0000 | train 99.5% | test 80.1% | 9s
  step 100/391 | loss 0.0154 | acc 99.5% | 2s elapsed | eta 6s
  step 200/391 | loss 0.0157 | acc 99.5% | 4s elapsed | eta 4s
  step 300/391 | loss 0.0161 | acc 99.5% | 6s elapsed | eta 2s
Ep 179 | loss 0.0168 | task 0.0168 | cons 0.0000 | train 99.4% | test 80.2% | 8s
  step 100/391 | loss 0.0130 | acc 99.6% | 2s elapsed | eta 6s
  step 200/391 | loss 0.0127 | acc 99.6% | 4s elapsed | eta 4s
  step 300/391 | loss 0.0131 | acc 99.6% | 6s elapsed | eta 2s
Ep 180 | loss 0.0130 | task 0.0130 | cons 0.0000 | train 99.6% | test 80.6% | 8s
    K=1: 79.6%
    K=2: 80.7%
    K=4: 80.6%
  step 100/391 | loss 0.0129 | acc 99.6% | 2s elapsed | eta 6s
  step 200/391 | loss 0.0139 | acc 99.6% | 4s elapsed | eta 4s
  step 300/391 | loss 0.0148 | acc 99.5% | 6s elapsed | eta 2s
Ep 181 | loss 0.0160 | task 0.0160 | cons 0.0000 | train 99.5% | test 80.3% | 8s
  step 100/391 | loss 0.0121 | acc 99.6% | 2s elapsed | eta 6s
  step 200/391 | loss 0.0139 | acc 99.5% | 4s elapsed | eta 4s
  step 300/391 | loss 0.0137 | acc 99.6% | 6s elapsed | eta 2s
Ep 182 | loss 0.0134 | task 0.0134 | cons 0.0000 | train 99.6% | test 80.1% | 8s
  step 100/391 | loss 0.0129 | acc 99.6% | 2s elapsed | eta 6s
  step 200/391 | loss 0.0133 | acc 99.6% | 4s elapsed | eta 3s
  step 300/391 | loss 0.0127 | acc 99.6% | 5s elapsed | eta 2s
Ep 183 | loss 0.0129 | task 0.0129 | cons 0.0000 | train 99.6% | test 80.3% | 8s
  step 100/391 | loss 0.0125 | acc 99.6% | 2s elapsed | eta 6s
  step 200/391 | loss 0.0134 | acc 99.6% | 4s elapsed | eta 4s
  step 300/391 | loss 0.0142 | acc 99.5% | 5s elapsed | eta 2s
Ep 184 | loss 0.0143 | task 0.0143 | cons 0.0000 | train 99.5% | test 80.5% | 8s
  step 100/391 | loss 0.0128 | acc 99.6% | 2s elapsed | eta 6s
  step 200/391 | loss 0.0140 | acc 99.6% | 4s elapsed | eta 4s
  step 300/391 | loss 0.0131 | acc 99.6% | 6s elapsed | eta 2s
Ep 185 | loss 0.0133 | task 0.0133 | cons 0.0000 | train 99.6% | test 80.7% | 8s
  step 100/391 | loss 0.0106 | acc 99.7% | 2s elapsed | eta 6s
  step 200/391 | loss 0.0125 | acc 99.6% | 4s elapsed | eta 4s
  step 300/391 | loss 0.0123 | acc 99.6% | 6s elapsed | eta 2s
Ep 186 | loss 0.0122 | task 0.0122 | cons 0.0000 | train 99.6% | test 79.6% | 8s
  step 100/391 | loss 0.0109 | acc 99.6% | 2s elapsed | eta 6s
  step 200/391 | loss 0.0121 | acc 99.6% | 4s elapsed | eta 4s
  step 300/391 | loss 0.0112 | acc 99.6% | 6s elapsed | eta 2s
Ep 187 | loss 0.0117 | task 0.0117 | cons 0.0000 | train 99.6% | test 80.3% | 8s
  step 100/391 | loss 0.0109 | acc 99.6% | 2s elapsed | eta 6s
  step 200/391 | loss 0.0110 | acc 99.6% | 4s elapsed | eta 4s
  step 300/391 | loss 0.0122 | acc 99.6% | 6s elapsed | eta 2s
Ep 188 | loss 0.0120 | task 0.0120 | cons 0.0000 | train 99.6% | test 80.7% | 8s
  step 100/391 | loss 0.0098 | acc 99.6% | 2s elapsed | eta 6s
  step 200/391 | loss 0.0103 | acc 99.7% | 4s elapsed | eta 4s
  step 300/391 | loss 0.0116 | acc 99.6% | 6s elapsed | eta 2s
Ep 189 | loss 0.0108 | task 0.0108 | cons 0.0000 | train 99.7% | test 80.9% | 8s
  step 100/391 | loss 0.0099 | acc 99.7% | 2s elapsed | eta 6s
  step 200/391 | loss 0.0099 | acc 99.7% | 4s elapsed | eta 4s
  step 300/391 | loss 0.0109 | acc 99.7% | 6s elapsed | eta 2s
Ep 190 | loss 0.0108 | task 0.0108 | cons 0.0000 | train 99.6% | test 80.4% | 8s
    K=1: 79.6%
    K=2: 80.7%
    K=4: 80.4%
  step 100/391 | loss 0.0087 | acc 99.8% | 2s elapsed | eta 6s
  step 200/391 | loss 0.0099 | acc 99.7% | 4s elapsed | eta 4s
  step 300/391 | loss 0.0105 | acc 99.7% | 6s elapsed | eta 2s
Ep 191 | loss 0.0108 | task 0.0108 | cons 0.0000 | train 99.7% | test 80.9% | 8s
  step 100/391 | loss 0.0069 | acc 99.8% | 2s elapsed | eta 6s
  step 200/391 | loss 0.0070 | acc 99.8% | 4s elapsed | eta 4s
  step 300/391 | loss 0.0080 | acc 99.7% | 6s elapsed | eta 2s
Ep 192 | loss 0.0090 | task 0.0090 | cons 0.0000 | train 99.7% | test 80.0% | 8s
  step 100/391 | loss 0.0106 | acc 99.6% | 2s elapsed | eta 5s
  step 200/391 | loss 0.0082 | acc 99.7% | 4s elapsed | eta 4s
  step 300/391 | loss 0.0091 | acc 99.7% | 5s elapsed | eta 2s
Ep 193 | loss 0.0094 | task 0.0094 | cons 0.0000 | train 99.7% | test 80.0% | 8s
  step 100/391 | loss 0.0082 | acc 99.8% | 2s elapsed | eta 6s
  step 200/391 | loss 0.0093 | acc 99.7% | 4s elapsed | eta 4s
  step 300/391 | loss 0.0101 | acc 99.7% | 6s elapsed | eta 2s
Ep 194 | loss 0.0101 | task 0.0101 | cons 0.0000 | train 99.7% | test 80.3% | 9s
  step 100/391 | loss 0.0111 | acc 99.6% | 2s elapsed | eta 6s
  step 200/391 | loss 0.0130 | acc 99.6% | 4s elapsed | eta 4s
  step 300/391 | loss 0.0118 | acc 99.6% | 6s elapsed | eta 2s
Ep 195 | loss 0.0113 | task 0.0113 | cons 0.0000 | train 99.6% | test 80.9% | 8s
  step 100/391 | loss 0.0111 | acc 99.6% | 2s elapsed | eta 6s
  step 200/391 | loss 0.0111 | acc 99.7% | 4s elapsed | eta 4s
  step 300/391 | loss 0.0106 | acc 99.7% | 6s elapsed | eta 2s
Ep 196 | loss 0.0102 | task 0.0102 | cons 0.0000 | train 99.7% | test 80.6% | 8s
  step 100/391 | loss 0.0107 | acc 99.7% | 2s elapsed | eta 6s
  step 200/391 | loss 0.0101 | acc 99.7% | 4s elapsed | eta 4s
  step 300/391 | loss 0.0105 | acc 99.7% | 6s elapsed | eta 2s
Ep 197 | loss 0.0101 | task 0.0101 | cons 0.0000 | train 99.7% | test 80.6% | 8s
  step 100/391 | loss 0.0131 | acc 99.6% | 2s elapsed | eta 5s
  step 200/391 | loss 0.0110 | acc 99.6% | 4s elapsed | eta 4s
  step 300/391 | loss 0.0095 | acc 99.7% | 5s elapsed | eta 2s
Ep 198 | loss 0.0096 | task 0.0096 | cons 0.0000 | train 99.7% | test 80.6% | 8s
  step 100/391 | loss 0.0090 | acc 99.7% | 2s elapsed | eta 6s
  step 200/391 | loss 0.0078 | acc 99.7% | 4s elapsed | eta 4s
  step 300/391 | loss 0.0083 | acc 99.7% | 6s elapsed | eta 2s
Ep 199 | loss 0.0082 | task 0.0082 | cons 0.0000 | train 99.7% | test 80.5% | 8s
  step 100/391 | loss 0.0054 | acc 99.8% | 2s elapsed | eta 5s
  step 200/391 | loss 0.0059 | acc 99.8% | 4s elapsed | eta 3s
  step 300/391 | loss 0.0061 | acc 99.8% | 6s elapsed | eta 2s
Ep 200 | loss 0.0066 | task 0.0066 | cons 0.0000 | train 99.8% | test 80.8% | 8s
    K=1: 80.0%
    K=2: 80.8%
    K=4: 80.8%
  step 100/391 | loss 0.0057 | acc 99.8% | 2s elapsed | eta 6s
  step 200/391 | loss 0.0067 | acc 99.8% | 4s elapsed | eta 4s
  step 300/391 | loss 0.0069 | acc 99.8% | 6s elapsed | eta 2s
Ep 201 | loss 0.0076 | task 0.0076 | cons 0.0000 | train 99.8% | test 80.8% | 8s
  step 100/391 | loss 0.0097 | acc 99.7% | 2s elapsed | eta 6s
  step 200/391 | loss 0.0084 | acc 99.7% | 4s elapsed | eta 4s
  step 300/391 | loss 0.0081 | acc 99.7% | 6s elapsed | eta 2s
Ep 202 | loss 0.0086 | task 0.0086 | cons 0.0000 | train 99.7% | test 80.9% | 9s
  step 100/391 | loss 0.0077 | acc 99.8% | 2s elapsed | eta 5s
  step 200/391 | loss 0.0064 | acc 99.8% | 4s elapsed | eta 3s
  step 300/391 | loss 0.0065 | acc 99.8% | 6s elapsed | eta 2s
Ep 203 | loss 0.0063 | task 0.0063 | cons 0.0000 | train 99.8% | test 80.4% | 8s
  step 100/391 | loss 0.0079 | acc 99.8% | 2s elapsed | eta 6s
  step 200/391 | loss 0.0080 | acc 99.8% | 4s elapsed | eta 4s
  step 300/391 | loss 0.0080 | acc 99.8% | 6s elapsed | eta 2s
Ep 204 | loss 0.0085 | task 0.0085 | cons 0.0000 | train 99.8% | test 80.7% | 9s
  step 100/391 | loss 0.0069 | acc 99.7% | 2s elapsed | eta 6s
  step 200/391 | loss 0.0063 | acc 99.8% | 4s elapsed | eta 4s
  step 300/391 | loss 0.0066 | acc 99.8% | 6s elapsed | eta 2s
Ep 205 | loss 0.0063 | task 0.0063 | cons 0.0000 | train 99.8% | test 80.6% | 8s
  step 100/391 | loss 0.0044 | acc 99.9% | 2s elapsed | eta 6s
  step 200/391 | loss 0.0040 | acc 99.9% | 4s elapsed | eta 4s
  step 300/391 | loss 0.0045 | acc 99.9% | 6s elapsed | eta 2s
Ep 206 | loss 0.0047 | task 0.0047 | cons 0.0000 | train 99.8% | test 80.8% | 9s
  step 100/391 | loss 0.0061 | acc 99.8% | 2s elapsed | eta 6s
  step 200/391 | loss 0.0072 | acc 99.8% | 4s elapsed | eta 4s
  step 300/391 | loss 0.0062 | acc 99.8% | 6s elapsed | eta 2s
Ep 207 | loss 0.0067 | task 0.0067 | cons 0.0000 | train 99.8% | test 80.0% | 9s
  step 100/391 | loss 0.0064 | acc 99.8% | 2s elapsed | eta 5s
  step 200/391 | loss 0.0064 | acc 99.8% | 4s elapsed | eta 3s
  step 300/391 | loss 0.0061 | acc 99.8% | 5s elapsed | eta 2s
Ep 208 | loss 0.0064 | task 0.0064 | cons 0.0000 | train 99.8% | test 80.7% | 8s
  step 100/391 | loss 0.0029 | acc 99.9% | 2s elapsed | eta 6s
  step 200/391 | loss 0.0038 | acc 99.9% | 4s elapsed | eta 4s
  step 300/391 | loss 0.0042 | acc 99.9% | 6s elapsed | eta 2s
Ep 209 | loss 0.0050 | task 0.0050 | cons 0.0000 | train 99.9% | test 80.1% | 8s
  step 100/391 | loss 0.0068 | acc 99.8% | 2s elapsed | eta 6s
  step 200/391 | loss 0.0055 | acc 99.8% | 4s elapsed | eta 4s
  step 300/391 | loss 0.0054 | acc 99.8% | 6s elapsed | eta 2s
Ep 210 | loss 0.0054 | task 0.0054 | cons 0.0000 | train 99.8% | test 80.3% | 9s
    K=1: 79.8%
    K=2: 80.5%
    K=4: 80.3%
  step 100/391 | loss 0.0038 | acc 99.9% | 2s elapsed | eta 6s
  step 200/391 | loss 0.0041 | acc 99.9% | 4s elapsed | eta 4s
  step 300/391 | loss 0.0047 | acc 99.9% | 6s elapsed | eta 2s
Ep 211 | loss 0.0047 | task 0.0047 | cons 0.0000 | train 99.9% | test 80.7% | 9s
  step 100/391 | loss 0.0061 | acc 99.8% | 2s elapsed | eta 6s
  step 200/391 | loss 0.0054 | acc 99.8% | 4s elapsed | eta 4s
  step 300/391 | loss 0.0056 | acc 99.8% | 6s elapsed | eta 2s
Ep 212 | loss 0.0051 | task 0.0051 | cons 0.0000 | train 99.8% | test 80.8% | 8s
  step 100/391 | loss 0.0052 | acc 99.9% | 2s elapsed | eta 6s
  step 200/391 | loss 0.0047 | acc 99.9% | 4s elapsed | eta 4s
  step 300/391 | loss 0.0056 | acc 99.8% | 6s elapsed | eta 2s
Ep 213 | loss 0.0056 | task 0.0056 | cons 0.0000 | train 99.8% | test 81.1% | 8s
  step 100/391 | loss 0.0031 | acc 99.9% | 2s elapsed | eta 6s
  step 200/391 | loss 0.0040 | acc 99.9% | 4s elapsed | eta 4s
  step 300/391 | loss 0.0039 | acc 99.9% | 6s elapsed | eta 2s
Ep 214 | loss 0.0044 | task 0.0044 | cons 0.0000 | train 99.8% | test 80.6% | 8s
  step 100/391 | loss 0.0055 | acc 99.8% | 2s elapsed | eta 6s
  step 200/391 | loss 0.0052 | acc 99.8% | 4s elapsed | eta 4s
  step 300/391 | loss 0.0059 | acc 99.8% | 6s elapsed | eta 2s
Ep 215 | loss 0.0057 | task 0.0057 | cons 0.0000 | train 99.8% | test 80.9% | 8s
  step 100/391 | loss 0.0056 | acc 99.9% | 2s elapsed | eta 6s
  step 200/391 | loss 0.0043 | acc 99.9% | 4s elapsed | eta 4s
  step 300/391 | loss 0.0045 | acc 99.9% | 6s elapsed | eta 2s
Ep 216 | loss 0.0048 | task 0.0048 | cons 0.0000 | train 99.8% | test 80.6% | 8s
  step 100/391 | loss 0.0046 | acc 99.9% | 2s elapsed | eta 6s
  step 200/391 | loss 0.0047 | acc 99.8% | 4s elapsed | eta 4s
  step 300/391 | loss 0.0045 | acc 99.9% | 6s elapsed | eta 2s
Ep 217 | loss 0.0051 | task 0.0051 | cons 0.0000 | train 99.8% | test 80.8% | 8s
  step 100/391 | loss 0.0044 | acc 99.8% | 2s elapsed | eta 6s
  step 200/391 | loss 0.0040 | acc 99.9% | 4s elapsed | eta 4s
  step 300/391 | loss 0.0043 | acc 99.9% | 6s elapsed | eta 2s
Ep 218 | loss 0.0041 | task 0.0041 | cons 0.0000 | train 99.9% | test 80.7% | 9s
  step 100/391 | loss 0.0025 | acc 99.9% | 2s elapsed | eta 6s
  step 200/391 | loss 0.0035 | acc 99.9% | 4s elapsed | eta 4s
  step 300/391 | loss 0.0037 | acc 99.9% | 6s elapsed | eta 2s
Ep 219 | loss 0.0034 | task 0.0034 | cons 0.0000 | train 99.9% | test 81.0% | 9s
  step 100/391 | loss 0.0044 | acc 99.9% | 2s elapsed | eta 6s
  step 200/391 | loss 0.0034 | acc 99.9% | 4s elapsed | eta 4s
  step 300/391 | loss 0.0035 | acc 99.9% | 6s elapsed | eta 2s
Ep 220 | loss 0.0035 | task 0.0035 | cons 0.0000 | train 99.9% | test 81.0% | 8s
    K=1: 80.3%
    K=2: 81.1%
    K=4: 81.0%
  step 100/391 | loss 0.0026 | acc 99.9% | 2s elapsed | eta 6s
  step 200/391 | loss 0.0034 | acc 99.9% | 4s elapsed | eta 4s
  step 300/391 | loss 0.0029 | acc 99.9% | 6s elapsed | eta 2s
Ep 221 | loss 0.0030 | task 0.0030 | cons 0.0000 | train 99.9% | test 80.4% | 9s
  step 100/391 | loss 0.0027 | acc 99.9% | 2s elapsed | eta 6s
  step 200/391 | loss 0.0041 | acc 99.9% | 4s elapsed | eta 4s
  step 300/391 | loss 0.0039 | acc 99.9% | 6s elapsed | eta 2s
Ep 222 | loss 0.0039 | task 0.0039 | cons 0.0000 | train 99.9% | test 80.7% | 9s
  step 100/391 | loss 0.0029 | acc 99.9% | 2s elapsed | eta 6s
  step 200/391 | loss 0.0027 | acc 99.9% | 4s elapsed | eta 4s
  step 300/391 | loss 0.0030 | acc 99.9% | 6s elapsed | eta 2s
Ep 223 | loss 0.0028 | task 0.0028 | cons 0.0000 | train 99.9% | test 80.9% | 8s
  step 100/391 | loss 0.0025 | acc 99.9% | 2s elapsed | eta 6s
  step 200/391 | loss 0.0030 | acc 99.9% | 4s elapsed | eta 4s
  step 300/391 | loss 0.0029 | acc 99.9% | 6s elapsed | eta 2s
Ep 224 | loss 0.0033 | task 0.0033 | cons 0.0000 | train 99.9% | test 80.9% | 9s
  step 100/391 | loss 0.0015 | acc 99.9% | 2s elapsed | eta 6s
  step 200/391 | loss 0.0024 | acc 99.9% | 4s elapsed | eta 4s
  step 300/391 | loss 0.0021 | acc 99.9% | 6s elapsed | eta 2s
Ep 225 | loss 0.0025 | task 0.0025 | cons 0.0000 | train 99.9% | test 81.0% | 8s
  step 100/391 | loss 0.0037 | acc 99.9% | 2s elapsed | eta 6s
  step 200/391 | loss 0.0039 | acc 99.9% | 4s elapsed | eta 4s
  step 300/391 | loss 0.0032 | acc 99.9% | 6s elapsed | eta 2s
Ep 226 | loss 0.0031 | task 0.0031 | cons 0.0000 | train 99.9% | test 81.0% | 9s
  step 100/391 | loss 0.0020 | acc 100.0% | 2s elapsed | eta 6s
  step 200/391 | loss 0.0025 | acc 99.9% | 4s elapsed | eta 4s
  step 300/391 | loss 0.0026 | acc 99.9% | 6s elapsed | eta 2s
Ep 227 | loss 0.0028 | task 0.0028 | cons 0.0000 | train 99.9% | test 81.3% | 9s
  step 100/391 | loss 0.0027 | acc 99.9% | 2s elapsed | eta 6s
  step 200/391 | loss 0.0030 | acc 99.9% | 4s elapsed | eta 4s
  step 300/391 | loss 0.0024 | acc 99.9% | 6s elapsed | eta 2s
Ep 228 | loss 0.0025 | task 0.0025 | cons 0.0000 | train 99.9% | test 80.8% | 9s
  step 100/391 | loss 0.0028 | acc 99.9% | 2s elapsed | eta 6s
  step 200/391 | loss 0.0029 | acc 99.9% | 4s elapsed | eta 4s
  step 300/391 | loss 0.0031 | acc 99.9% | 6s elapsed | eta 2s
Ep 229 | loss 0.0027 | task 0.0027 | cons 0.0000 | train 99.9% | test 81.3% | 9s
  step 100/391 | loss 0.0019 | acc 99.9% | 2s elapsed | eta 6s
  step 200/391 | loss 0.0022 | acc 99.9% | 4s elapsed | eta 4s
  step 300/391 | loss 0.0028 | acc 99.9% | 6s elapsed | eta 2s
Ep 230 | loss 0.0033 | task 0.0033 | cons 0.0000 | train 99.9% | test 80.9% | 9s
    K=1: 80.1%
    K=2: 81.0%
    K=4: 80.9%
  step 100/391 | loss 0.0022 | acc 99.9% | 2s elapsed | eta 6s
  step 200/391 | loss 0.0017 | acc 99.9% | 4s elapsed | eta 4s
  step 300/391 | loss 0.0016 | acc 99.9% | 6s elapsed | eta 2s
Ep 231 | loss 0.0018 | task 0.0018 | cons 0.0000 | train 99.9% | test 81.1% | 9s
  step 100/391 | loss 0.0015 | acc 99.9% | 2s elapsed | eta 6s
  step 200/391 | loss 0.0014 | acc 99.9% | 4s elapsed | eta 4s
  step 300/391 | loss 0.0020 | acc 99.9% | 6s elapsed | eta 2s
Ep 232 | loss 0.0020 | task 0.0020 | cons 0.0000 | train 99.9% | test 81.0% | 9s
  step 100/391 | loss 0.0017 | acc 100.0% | 2s elapsed | eta 5s
  step 200/391 | loss 0.0027 | acc 99.9% | 4s elapsed | eta 4s
  step 300/391 | loss 0.0029 | acc 99.9% | 6s elapsed | eta 2s
Ep 233 | loss 0.0029 | task 0.0029 | cons 0.0000 | train 99.9% | test 80.6% | 8s
  step 100/391 | loss 0.0014 | acc 100.0% | 2s elapsed | eta 6s
  step 200/391 | loss 0.0019 | acc 99.9% | 4s elapsed | eta 4s
  step 300/391 | loss 0.0023 | acc 99.9% | 6s elapsed | eta 2s
Ep 234 | loss 0.0026 | task 0.0026 | cons 0.0000 | train 99.9% | test 81.0% | 8s
  step 100/391 | loss 0.0013 | acc 100.0% | 2s elapsed | eta 6s
  step 200/391 | loss 0.0013 | acc 99.9% | 4s elapsed | eta 4s
  step 300/391 | loss 0.0020 | acc 99.9% | 6s elapsed | eta 2s
Ep 235 | loss 0.0018 | task 0.0018 | cons 0.0000 | train 99.9% | test 81.0% | 9s
  step 100/391 | loss 0.0014 | acc 100.0% | 2s elapsed | eta 6s
  step 200/391 | loss 0.0016 | acc 100.0% | 4s elapsed | eta 4s
  step 300/391 | loss 0.0015 | acc 100.0% | 6s elapsed | eta 2s
Ep 236 | loss 0.0015 | task 0.0015 | cons 0.0000 | train 100.0% | test 80.6% | 8s
  step 100/391 | loss 0.0012 | acc 100.0% | 2s elapsed | eta 6s
  step 200/391 | loss 0.0018 | acc 100.0% | 4s elapsed | eta 4s
  step 300/391 | loss 0.0017 | acc 100.0% | 6s elapsed | eta 2s
Ep 237 | loss 0.0017 | task 0.0017 | cons 0.0000 | train 100.0% | test 81.2% | 8s
  step 100/391 | loss 0.0023 | acc 99.9% | 2s elapsed | eta 6s
  step 200/391 | loss 0.0022 | acc 99.9% | 4s elapsed | eta 4s
  step 300/391 | loss 0.0019 | acc 99.9% | 6s elapsed | eta 2s
Ep 238 | loss 0.0019 | task 0.0019 | cons 0.0000 | train 99.9% | test 81.0% | 9s
  step 100/391 | loss 0.0024 | acc 99.9% | 2s elapsed | eta 6s
  step 200/391 | loss 0.0019 | acc 99.9% | 4s elapsed | eta 4s
  step 300/391 | loss 0.0020 | acc 99.9% | 6s elapsed | eta 2s
Ep 239 | loss 0.0020 | task 0.0020 | cons 0.0000 | train 99.9% | test 81.1% | 9s
  step 100/391 | loss 0.0016 | acc 99.9% | 2s elapsed | eta 6s
  step 200/391 | loss 0.0016 | acc 100.0% | 4s elapsed | eta 4s
  step 300/391 | loss 0.0014 | acc 100.0% | 6s elapsed | eta 2s
Ep 240 | loss 0.0013 | task 0.0013 | cons 0.0000 | train 100.0% | test 81.3% | 9s
    K=1: 80.8%
    K=2: 81.3%
    K=4: 81.3%
  step 100/391 | loss 0.0018 | acc 99.9% | 2s elapsed | eta 6s
  step 200/391 | loss 0.0018 | acc 99.9% | 4s elapsed | eta 4s
  step 300/391 | loss 0.0017 | acc 99.9% | 6s elapsed | eta 2s
Ep 241 | loss 0.0016 | task 0.0016 | cons 0.0000 | train 99.9% | test 81.1% | 9s
  step 100/391 | loss 0.0007 | acc 100.0% | 2s elapsed | eta 6s
  step 200/391 | loss 0.0006 | acc 100.0% | 4s elapsed | eta 4s
  step 300/391 | loss 0.0007 | acc 100.0% | 6s elapsed | eta 2s
Ep 242 | loss 0.0007 | task 0.0007 | cons 0.0000 | train 100.0% | test 81.4% | 8s
  step 100/391 | loss 0.0008 | acc 100.0% | 2s elapsed | eta 6s
  step 200/391 | loss 0.0012 | acc 100.0% | 4s elapsed | eta 4s
  step 300/391 | loss 0.0014 | acc 100.0% | 6s elapsed | eta 2s
Ep 243 | loss 0.0014 | task 0.0014 | cons 0.0000 | train 100.0% | test 81.7% | 8s
  step 100/391 | loss 0.0013 | acc 99.9% | 2s elapsed | eta 6s
  step 200/391 | loss 0.0012 | acc 99.9% | 4s elapsed | eta 4s
  step 300/391 | loss 0.0011 | acc 100.0% | 6s elapsed | eta 2s
Ep 244 | loss 0.0010 | task 0.0010 | cons 0.0000 | train 100.0% | test 81.5% | 8s
  step 100/391 | loss 0.0007 | acc 100.0% | 2s elapsed | eta 6s
  step 200/391 | loss 0.0008 | acc 100.0% | 4s elapsed | eta 4s
  step 300/391 | loss 0.0007 | acc 100.0% | 6s elapsed | eta 2s
Ep 245 | loss 0.0006 | task 0.0006 | cons 0.0000 | train 100.0% | test 81.6% | 9s
  step 100/391 | loss 0.0004 | acc 100.0% | 2s elapsed | eta 6s
  step 200/391 | loss 0.0005 | acc 100.0% | 4s elapsed | eta 4s
  step 300/391 | loss 0.0005 | acc 100.0% | 6s elapsed | eta 2s
Ep 246 | loss 0.0005 | task 0.0005 | cons 0.0000 | train 100.0% | test 81.5% | 8s
  step 100/391 | loss 0.0008 | acc 100.0% | 2s elapsed | eta 6s
  step 200/391 | loss 0.0007 | acc 100.0% | 4s elapsed | eta 4s
  step 300/391 | loss 0.0008 | acc 100.0% | 6s elapsed | eta 2s
Ep 247 | loss 0.0010 | task 0.0010 | cons 0.0000 | train 100.0% | test 81.5% | 8s
  step 100/391 | loss 0.0018 | acc 99.9% | 2s elapsed | eta 6s
  step 200/391 | loss 0.0017 | acc 99.9% | 4s elapsed | eta 4s
  step 300/391 | loss 0.0015 | acc 99.9% | 6s elapsed | eta 2s
Ep 248 | loss 0.0013 | task 0.0013 | cons 0.0000 | train 100.0% | test 81.3% | 8s
  step 100/391 | loss 0.0015 | acc 99.9% | 2s elapsed | eta 6s
  step 200/391 | loss 0.0015 | acc 100.0% | 4s elapsed | eta 4s
  step 300/391 | loss 0.0012 | acc 100.0% | 6s elapsed | eta 2s
Ep 249 | loss 0.0012 | task 0.0012 | cons 0.0000 | train 100.0% | test 81.3% | 8s
  step 100/391 | loss 0.0015 | acc 100.0% | 2s elapsed | eta 6s
  step 200/391 | loss 0.0009 | acc 100.0% | 4s elapsed | eta 4s
  step 300/391 | loss 0.0007 | acc 100.0% | 6s elapsed | eta 2s
Ep 250 | loss 0.0007 | task 0.0007 | cons 0.0000 | train 100.0% | test 81.3% | 9s
    K=1: 80.7%
    K=2: 81.3%
    K=4: 81.3%
  step 100/391 | loss 0.0008 | acc 100.0% | 2s elapsed | eta 5s
  step 200/391 | loss 0.0006 | acc 100.0% | 4s elapsed | eta 3s
  step 300/391 | loss 0.0007 | acc 100.0% | 6s elapsed | eta 2s
Ep 251 | loss 0.0007 | task 0.0007 | cons 0.0000 | train 100.0% | test 81.1% | 8s
  step 100/391 | loss 0.0006 | acc 100.0% | 2s elapsed | eta 6s
  step 200/391 | loss 0.0004 | acc 100.0% | 4s elapsed | eta 4s
  step 300/391 | loss 0.0008 | acc 100.0% | 6s elapsed | eta 2s
Ep 252 | loss 0.0009 | task 0.0009 | cons 0.0000 | train 100.0% | test 81.2% | 9s
  step 100/391 | loss 0.0008 | acc 100.0% | 2s elapsed | eta 6s
  step 200/391 | loss 0.0006 | acc 100.0% | 4s elapsed | eta 4s
  step 300/391 | loss 0.0006 | acc 100.0% | 6s elapsed | eta 2s
Ep 253 | loss 0.0005 | task 0.0005 | cons 0.0000 | train 100.0% | test 81.4% | 9s
  step 100/391 | loss 0.0004 | acc 100.0% | 2s elapsed | eta 6s
  step 200/391 | loss 0.0003 | acc 100.0% | 4s elapsed | eta 4s
  step 300/391 | loss 0.0003 | acc 100.0% | 5s elapsed | eta 2s
Ep 254 | loss 0.0002 | task 0.0002 | cons 0.0000 | train 100.0% | test 81.5% | 8s
  step 100/391 | loss 0.0007 | acc 100.0% | 3s elapsed | eta 9s
  step 200/391 | loss 0.0004 | acc 100.0% | 6s elapsed | eta 6s
  step 300/391 | loss 0.0004 | acc 100.0% | 8s elapsed | eta 2s
Ep 255 | loss 0.0003 | task 0.0003 | cons 0.0000 | train 100.0% | test 81.2% | 10s
  step 100/391 | loss 0.0003 | acc 100.0% | 2s elapsed | eta 5s
  step 200/391 | loss 0.0004 | acc 100.0% | 3s elapsed | eta 3s
  step 300/391 | loss 0.0005 | acc 100.0% | 5s elapsed | eta 2s
Ep 256 | loss 0.0004 | task 0.0004 | cons 0.0000 | train 100.0% | test 81.4% | 7s
  step 100/391 | loss 0.0005 | acc 100.0% | 2s elapsed | eta 5s
  step 200/391 | loss 0.0004 | acc 100.0% | 3s elapsed | eta 3s
  step 300/391 | loss 0.0005 | acc 100.0% | 5s elapsed | eta 1s
Ep 257 | loss 0.0005 | task 0.0005 | cons 0.0000 | train 100.0% | test 81.3% | 7s
  step 100/391 | loss 0.0005 | acc 100.0% | 2s elapsed | eta 5s
  step 200/391 | loss 0.0004 | acc 100.0% | 3s elapsed | eta 3s
  step 300/391 | loss 0.0003 | acc 100.0% | 5s elapsed | eta 2s
Ep 258 | loss 0.0003 | task 0.0003 | cons 0.0000 | train 100.0% | test 81.4% | 7s
  step 100/391 | loss 0.0002 | acc 100.0% | 2s elapsed | eta 5s
  step 200/391 | loss 0.0002 | acc 100.0% | 3s elapsed | eta 3s
  step 300/391 | loss 0.0003 | acc 100.0% | 5s elapsed | eta 2s
Ep 259 | loss 0.0002 | task 0.0002 | cons 0.0000 | train 100.0% | test 81.8% | 7s
  step 100/391 | loss 0.0002 | acc 100.0% | 2s elapsed | eta 5s
  step 200/391 | loss 0.0003 | acc 100.0% | 3s elapsed | eta 3s
  step 300/391 | loss 0.0003 | acc 100.0% | 5s elapsed | eta 1s
Ep 260 | loss 0.0003 | task 0.0003 | cons 0.0000 | train 100.0% | test 81.4% | 7s
    K=1: 81.0%
    K=2: 81.5%
    K=4: 81.4%
  step 100/391 | loss 0.0003 | acc 100.0% | 2s elapsed | eta 5s
  step 200/391 | loss 0.0009 | acc 100.0% | 4s elapsed | eta 3s
  step 300/391 | loss 0.0008 | acc 100.0% | 5s elapsed | eta 2s
Ep 261 | loss 0.0006 | task 0.0006 | cons 0.0000 | train 100.0% | test 81.9% | 8s
  step 100/391 | loss 0.0002 | acc 100.0% | 2s elapsed | eta 5s
  step 200/391 | loss 0.0001 | acc 100.0% | 3s elapsed | eta 3s
  step 300/391 | loss 0.0003 | acc 100.0% | 5s elapsed | eta 1s
Ep 262 | loss 0.0003 | task 0.0003 | cons 0.0000 | train 100.0% | test 81.8% | 7s
  step 100/391 | loss 0.0012 | acc 100.0% | 2s elapsed | eta 6s
  step 200/391 | loss 0.0008 | acc 100.0% | 4s elapsed | eta 3s
  step 300/391 | loss 0.0006 | acc 100.0% | 5s elapsed | eta 2s
Ep 263 | loss 0.0006 | task 0.0006 | cons 0.0000 | train 100.0% | test 81.8% | 8s
  step 100/391 | loss 0.0003 | acc 100.0% | 2s elapsed | eta 5s
  step 200/391 | loss 0.0002 | acc 100.0% | 4s elapsed | eta 3s
  step 300/391 | loss 0.0001 | acc 100.0% | 5s elapsed | eta 2s
Ep 264 | loss 0.0002 | task 0.0002 | cons 0.0000 | train 100.0% | test 81.6% | 7s
  step 100/391 | loss 0.0002 | acc 100.0% | 2s elapsed | eta 5s
  step 200/391 | loss 0.0003 | acc 100.0% | 3s elapsed | eta 3s
  step 300/391 | loss 0.0002 | acc 100.0% | 5s elapsed | eta 2s
Ep 265 | loss 0.0002 | task 0.0002 | cons 0.0000 | train 100.0% | test 81.8% | 7s
  step 100/391 | loss 0.0007 | acc 100.0% | 2s elapsed | eta 5s
  step 200/391 | loss 0.0004 | acc 100.0% | 3s elapsed | eta 3s
  step 300/391 | loss 0.0004 | acc 100.0% | 5s elapsed | eta 1s
Ep 266 | loss 0.0004 | task 0.0004 | cons 0.0000 | train 100.0% | test 81.8% | 7s
  step 100/391 | loss 0.0002 | acc 100.0% | 2s elapsed | eta 6s
  step 200/391 | loss 0.0002 | acc 100.0% | 4s elapsed | eta 3s
  step 300/391 | loss 0.0002 | acc 100.0% | 5s elapsed | eta 2s
Ep 267 | loss 0.0001 | task 0.0001 | cons 0.0000 | train 100.0% | test 81.7% | 8s
  step 100/391 | loss 0.0001 | acc 100.0% | 2s elapsed | eta 5s
  step 200/391 | loss 0.0003 | acc 100.0% | 3s elapsed | eta 3s
  step 300/391 | loss 0.0003 | acc 100.0% | 5s elapsed | eta 2s
Ep 268 | loss 0.0002 | task 0.0002 | cons 0.0000 | train 100.0% | test 81.8% | 7s
  step 100/391 | loss 0.0006 | acc 100.0% | 2s elapsed | eta 5s
  step 200/391 | loss 0.0006 | acc 100.0% | 4s elapsed | eta 3s
  step 300/391 | loss 0.0004 | acc 100.0% | 5s elapsed | eta 2s
Ep 269 | loss 0.0004 | task 0.0004 | cons 0.0000 | train 100.0% | test 81.7% | 8s
  step 100/391 | loss 0.0001 | acc 100.0% | 2s elapsed | eta 5s
  step 200/391 | loss 0.0001 | acc 100.0% | 4s elapsed | eta 3s
  step 300/391 | loss 0.0001 | acc 100.0% | 5s elapsed | eta 2s
Ep 270 | loss 0.0001 | task 0.0001 | cons 0.0000 | train 100.0% | test 81.9% | 8s
    K=1: 81.1%
    K=2: 81.9%
    K=4: 81.9%
  step 100/391 | loss 0.0001 | acc 100.0% | 2s elapsed | eta 5s
  step 200/391 | loss 0.0002 | acc 100.0% | 3s elapsed | eta 3s
  step 300/391 | loss 0.0002 | acc 100.0% | 5s elapsed | eta 2s
Ep 271 | loss 0.0002 | task 0.0002 | cons 0.0000 | train 100.0% | test 81.8% | 7s
  step 100/391 | loss 0.0001 | acc 100.0% | 2s elapsed | eta 5s
  step 200/391 | loss 0.0001 | acc 100.0% | 4s elapsed | eta 3s
  step 300/391 | loss 0.0001 | acc 100.0% | 5s elapsed | eta 2s
Ep 272 | loss 0.0001 | task 0.0001 | cons 0.0000 | train 100.0% | test 82.1% | 7s
  step 100/391 | loss 0.0001 | acc 100.0% | 2s elapsed | eta 5s
  step 200/391 | loss 0.0001 | acc 100.0% | 3s elapsed | eta 3s
  step 300/391 | loss 0.0001 | acc 100.0% | 5s elapsed | eta 1s
Ep 273 | loss 0.0002 | task 0.0002 | cons 0.0000 | train 100.0% | test 81.5% | 7s
  step 100/391 | loss 0.0003 | acc 100.0% | 2s elapsed | eta 5s
  step 200/391 | loss 0.0003 | acc 100.0% | 3s elapsed | eta 3s
  step 300/391 | loss 0.0002 | acc 100.0% | 5s elapsed | eta 1s
Ep 274 | loss 0.0002 | task 0.0002 | cons 0.0000 | train 100.0% | test 82.0% | 7s
  step 100/391 | loss 0.0001 | acc 100.0% | 2s elapsed | eta 5s
  step 200/391 | loss 0.0001 | acc 100.0% | 3s elapsed | eta 3s
  step 300/391 | loss 0.0001 | acc 100.0% | 5s elapsed | eta 1s
Ep 275 | loss 0.0001 | task 0.0001 | cons 0.0000 | train 100.0% | test 82.0% | 7s
  step 100/391 | loss 0.0001 | acc 100.0% | 2s elapsed | eta 5s
  step 200/391 | loss 0.0002 | acc 100.0% | 3s elapsed | eta 3s
  step 300/391 | loss 0.0002 | acc 100.0% | 5s elapsed | eta 2s
Ep 276 | loss 0.0002 | task 0.0002 | cons 0.0000 | train 100.0% | test 81.8% | 7s
  step 100/391 | loss 0.0001 | acc 100.0% | 2s elapsed | eta 5s
  step 200/391 | loss 0.0001 | acc 100.0% | 3s elapsed | eta 3s
  step 300/391 | loss 0.0001 | acc 100.0% | 5s elapsed | eta 1s
Ep 277 | loss 0.0001 | task 0.0001 | cons 0.0000 | train 100.0% | test 81.9% | 7s
  step 100/391 | loss 0.0001 | acc 100.0% | 2s elapsed | eta 5s
  step 200/391 | loss 0.0001 | acc 100.0% | 3s elapsed | eta 3s
  step 300/391 | loss 0.0001 | acc 100.0% | 5s elapsed | eta 1s
Ep 278 | loss 0.0001 | task 0.0001 | cons 0.0000 | train 100.0% | test 81.8% | 7s
  step 100/391 | loss 0.0001 | acc 100.0% | 2s elapsed | eta 5s
  step 200/391 | loss 0.0001 | acc 100.0% | 3s elapsed | eta 3s
  step 300/391 | loss 0.0001 | acc 100.0% | 5s elapsed | eta 1s
Ep 279 | loss 0.0001 | task 0.0001 | cons 0.0000 | train 100.0% | test 81.9% | 7s
  step 100/391 | loss 0.0001 | acc 100.0% | 2s elapsed | eta 5s
  step 200/391 | loss 0.0001 | acc 100.0% | 3s elapsed | eta 3s
  step 300/391 | loss 0.0001 | acc 100.0% | 5s elapsed | eta 2s
Ep 280 | loss 0.0001 | task 0.0001 | cons 0.0000 | train 100.0% | test 82.0% | 7s
    K=1: 81.1%
    K=2: 82.0%
    K=4: 82.0%
  step 100/391 | loss 0.0001 | acc 100.0% | 2s elapsed | eta 5s
  step 200/391 | loss 0.0001 | acc 100.0% | 3s elapsed | eta 3s
  step 300/391 | loss 0.0002 | acc 100.0% | 5s elapsed | eta 2s
Ep 281 | loss 0.0001 | task 0.0001 | cons 0.0000 | train 100.0% | test 82.0% | 7s
  step 100/391 | loss 0.0001 | acc 100.0% | 2s elapsed | eta 5s
  step 200/391 | loss 0.0001 | acc 100.0% | 3s elapsed | eta 3s
  step 300/391 | loss 0.0001 | acc 100.0% | 5s elapsed | eta 1s
Ep 282 | loss 0.0002 | task 0.0002 | cons 0.0000 | train 100.0% | test 82.0% | 7s
  step 100/391 | loss 0.0001 | acc 100.0% | 2s elapsed | eta 5s
  step 200/391 | loss 0.0001 | acc 100.0% | 3s elapsed | eta 3s
  step 300/391 | loss 0.0000 | acc 100.0% | 5s elapsed | eta 2s
Ep 283 | loss 0.0000 | task 0.0000 | cons 0.0000 | train 100.0% | test 81.9% | 7s
  step 100/391 | loss 0.0001 | acc 100.0% | 2s elapsed | eta 5s
  step 200/391 | loss 0.0001 | acc 100.0% | 3s elapsed | eta 3s
  step 300/391 | loss 0.0001 | acc 100.0% | 5s elapsed | eta 1s
Ep 284 | loss 0.0001 | task 0.0001 | cons 0.0000 | train 100.0% | test 81.9% | 7s
  step 100/391 | loss 0.0001 | acc 100.0% | 2s elapsed | eta 5s
  step 200/391 | loss 0.0001 | acc 100.0% | 3s elapsed | eta 3s
  step 300/391 | loss 0.0000 | acc 100.0% | 5s elapsed | eta 1s
Ep 285 | loss 0.0001 | task 0.0001 | cons 0.0000 | train 100.0% | test 81.9% | 7s
  step 100/391 | loss 0.0000 | acc 100.0% | 2s elapsed | eta 5s
  step 200/391 | loss 0.0001 | acc 100.0% | 3s elapsed | eta 3s
  step 300/391 | loss 0.0001 | acc 100.0% | 5s elapsed | eta 2s
Ep 286 | loss 0.0001 | task 0.0001 | cons 0.0000 | train 100.0% | test 81.9% | 7s
  step 100/391 | loss 0.0001 | acc 100.0% | 2s elapsed | eta 5s
  step 200/391 | loss 0.0001 | acc 100.0% | 3s elapsed | eta 3s
  step 300/391 | loss 0.0001 | acc 100.0% | 5s elapsed | eta 2s
Ep 287 | loss 0.0001 | task 0.0001 | cons 0.0000 | train 100.0% | test 81.9% | 7s
  step 100/391 | loss 0.0000 | acc 100.0% | 2s elapsed | eta 6s
  step 200/391 | loss 0.0000 | acc 100.0% | 4s elapsed | eta 3s
  step 300/391 | loss 0.0000 | acc 100.0% | 5s elapsed | eta 2s
Ep 288 | loss 0.0000 | task 0.0000 | cons 0.0000 | train 100.0% | test 81.9% | 8s
  step 100/391 | loss 0.0001 | acc 100.0% | 2s elapsed | eta 5s
  step 200/391 | loss 0.0001 | acc 100.0% | 3s elapsed | eta 3s
  step 300/391 | loss 0.0001 | acc 100.0% | 5s elapsed | eta 2s
Ep 289 | loss 0.0001 | task 0.0001 | cons 0.0000 | train 100.0% | test 81.9% | 7s
  step 100/391 | loss 0.0001 | acc 100.0% | 2s elapsed | eta 5s
  step 200/391 | loss 0.0001 | acc 100.0% | 3s elapsed | eta 3s
  step 300/391 | loss 0.0001 | acc 100.0% | 5s elapsed | eta 1s
Ep 290 | loss 0.0001 | task 0.0001 | cons 0.0000 | train 100.0% | test 81.9% | 7s
    K=1: 81.3%
    K=2: 82.0%
    K=4: 81.9%
  step 100/391 | loss 0.0000 | acc 100.0% | 2s elapsed | eta 5s
  step 200/391 | loss 0.0001 | acc 100.0% | 3s elapsed | eta 3s
  step 300/391 | loss 0.0001 | acc 100.0% | 5s elapsed | eta 2s
Ep 291 | loss 0.0001 | task 0.0001 | cons 0.0000 | train 100.0% | test 81.9% | 7s
  step 100/391 | loss 0.0001 | acc 100.0% | 2s elapsed | eta 5s
  step 200/391 | loss 0.0001 | acc 100.0% | 3s elapsed | eta 3s
  step 300/391 | loss 0.0002 | acc 100.0% | 5s elapsed | eta 2s
Ep 292 | loss 0.0002 | task 0.0002 | cons 0.0000 | train 100.0% | test 81.9% | 7s
  step 100/391 | loss 0.0001 | acc 100.0% | 2s elapsed | eta 5s
  step 200/391 | loss 0.0001 | acc 100.0% | 3s elapsed | eta 3s
  step 300/391 | loss 0.0001 | acc 100.0% | 5s elapsed | eta 1s
Ep 293 | loss 0.0000 | task 0.0000 | cons 0.0000 | train 100.0% | test 81.9% | 7s
  step 100/391 | loss 0.0000 | acc 100.0% | 2s elapsed | eta 5s
  step 200/391 | loss 0.0000 | acc 100.0% | 3s elapsed | eta 3s
  step 300/391 | loss 0.0000 | acc 100.0% | 5s elapsed | eta 2s
Ep 294 | loss 0.0000 | task 0.0000 | cons 0.0000 | train 100.0% | test 81.9% | 7s
  step 100/391 | loss 0.0001 | acc 100.0% | 2s elapsed | eta 5s
  step 200/391 | loss 0.0003 | acc 100.0% | 3s elapsed | eta 3s
  step 300/391 | loss 0.0002 | acc 100.0% | 5s elapsed | eta 1s
Ep 295 | loss 0.0002 | task 0.0002 | cons 0.0000 | train 100.0% | test 81.9% | 7s
  step 100/391 | loss 0.0001 | acc 100.0% | 2s elapsed | eta 5s
  step 200/391 | loss 0.0001 | acc 100.0% | 3s elapsed | eta 3s
  step 300/391 | loss 0.0001 | acc 100.0% | 5s elapsed | eta 2s
Ep 296 | loss 0.0000 | task 0.0000 | cons 0.0000 | train 100.0% | test 81.9% | 7s
  step 100/391 | loss 0.0001 | acc 100.0% | 2s elapsed | eta 5s
  step 200/391 | loss 0.0001 | acc 100.0% | 4s elapsed | eta 3s
  step 300/391 | loss 0.0000 | acc 100.0% | 5s elapsed | eta 2s
Ep 297 | loss 0.0000 | task 0.0000 | cons 0.0000 | train 100.0% | test 81.9% | 8s
  step 100/391 | loss 0.0001 | acc 100.0% | 2s elapsed | eta 5s
  step 200/391 | loss 0.0001 | acc 100.0% | 4s elapsed | eta 3s
  step 300/391 | loss 0.0001 | acc 100.0% | 5s elapsed | eta 2s
Ep 298 | loss 0.0001 | task 0.0001 | cons 0.0000 | train 100.0% | test 81.9% | 7s
  step 100/391 | loss 0.0001 | acc 100.0% | 2s elapsed | eta 5s
  step 200/391 | loss 0.0001 | acc 100.0% | 3s elapsed | eta 3s
  step 300/391 | loss 0.0001 | acc 100.0% | 5s elapsed | eta 1s
Ep 299 | loss 0.0001 | task 0.0001 | cons 0.0000 | train 100.0% | test 81.9% | 7s
  step 100/391 | loss 0.0000 | acc 100.0% | 2s elapsed | eta 5s
  step 200/391 | loss 0.0000 | acc 100.0% | 3s elapsed | eta 3s
  step 300/391 | loss 0.0000 | acc 100.0% | 5s elapsed | eta 2s
Ep 300 | loss 0.0000 | task 0.0000 | cons 0.0000 | train 100.0% | test 81.9% | 7s
    K=1: 81.2%
    K=2: 82.0%
    K=4: 81.9%
Saved checkpoint to models/direct_4bpu_K4_nocons.pt
