/home/ec2-user/dev/ugh/.venv/lib/python3.13/site-packages/torchvision/datasets/cifar.py:83: VisibleDeprecationWarning: dtype(): align should be passed as Python or NumPy boolean but got `align=0`. Did you mean to pass a tuple to create a subarray type? (Deprecated NumPy 2.4)
  entry = pickle.load(f, encoding="latin1")
Model: continuous | Params: 2,017,866 | K=4 | blocks/unit=4
----------------------------------------------------------------------
  step 100/391 | loss 1.9662 | acc 25.4% | 2s elapsed | eta 6s
  step 200/391 | loss 1.8863 | acc 28.7% | 4s elapsed | eta 4s
  step 300/391 | loss 1.8284 | acc 31.1% | 5s elapsed | eta 2s
Ep   1 | loss 1.7838 | task 1.7799 | cons 0.1924 | train 33.1% | test 41.3% | 8s
  step 100/391 | loss 1.5650 | acc 42.8% | 2s elapsed | eta 5s
  step 200/391 | loss 1.5281 | acc 44.6% | 3s elapsed | eta 3s
  step 300/391 | loss 1.5001 | acc 45.4% | 5s elapsed | eta 1s
Ep   2 | loss 1.4768 | task 1.4681 | cons 0.2159 | train 46.4% | test 49.3% | 7s
  step 100/391 | loss 1.3739 | acc 50.7% | 2s elapsed | eta 5s
  step 200/391 | loss 1.3452 | acc 51.5% | 3s elapsed | eta 3s
  step 300/391 | loss 1.3342 | acc 52.1% | 5s elapsed | eta 2s
Ep   3 | loss 1.3199 | task 1.3103 | cons 0.1605 | train 52.6% | test 52.6% | 7s
  step 100/391 | loss 1.2449 | acc 55.1% | 2s elapsed | eta 5s
  step 200/391 | loss 1.2417 | acc 55.4% | 3s elapsed | eta 3s
  step 300/391 | loss 1.2297 | acc 55.7% | 5s elapsed | eta 2s
Ep   4 | loss 1.2226 | task 1.2173 | cons 0.0664 | train 56.0% | test 56.6% | 8s
  step 100/391 | loss 1.1724 | acc 57.8% | 2s elapsed | eta 5s
  step 200/391 | loss 1.1579 | acc 58.2% | 3s elapsed | eta 3s
  step 300/391 | loss 1.1547 | acc 58.3% | 5s elapsed | eta 2s
Ep   5 | loss 1.1446 | task 1.1415 | cons 0.0304 | train 58.7% | test 60.1% | 7s
  step 100/391 | loss 1.0795 | acc 61.4% | 2s elapsed | eta 5s
  step 200/391 | loss 1.0812 | acc 61.3% | 3s elapsed | eta 3s
  step 300/391 | loss 1.0756 | acc 61.5% | 5s elapsed | eta 1s
Ep   6 | loss 1.0716 | task 1.0690 | cons 0.0211 | train 61.7% | test 61.9% | 7s
  step 100/391 | loss 1.0477 | acc 62.3% | 2s elapsed | eta 5s
  step 200/391 | loss 1.0347 | acc 62.9% | 3s elapsed | eta 3s
  step 300/391 | loss 1.0277 | acc 63.2% | 5s elapsed | eta 2s
Ep   7 | loss 1.0168 | task 1.0143 | cons 0.0181 | train 63.6% | test 64.0% | 7s
  step 100/391 | loss 0.9675 | acc 65.7% | 2s elapsed | eta 5s
  step 200/391 | loss 0.9617 | acc 66.2% | 3s elapsed | eta 3s
  step 300/391 | loss 0.9632 | acc 66.1% | 5s elapsed | eta 2s
Ep   8 | loss 0.9592 | task 0.9569 | cons 0.0144 | train 66.2% | test 67.3% | 8s
  step 100/391 | loss 0.9158 | acc 67.2% | 2s elapsed | eta 5s
  step 200/391 | loss 0.9189 | acc 67.2% | 3s elapsed | eta 3s
  step 300/391 | loss 0.9208 | acc 67.2% | 5s elapsed | eta 2s
Ep   9 | loss 0.9196 | task 0.9174 | cons 0.0122 | train 67.3% | test 67.3% | 7s
  step 100/391 | loss 0.8896 | acc 68.5% | 2s elapsed | eta 5s
  step 200/391 | loss 0.8839 | acc 68.8% | 3s elapsed | eta 3s
  step 300/391 | loss 0.8791 | acc 68.9% | 5s elapsed | eta 2s
Ep  10 | loss 0.8775 | task 0.8752 | cons 0.0112 | train 68.9% | test 69.2% | 7s
    K=1: 69.7%
    K=2: 70.0%
    K=4: 69.2%
  step 100/391 | loss 0.8432 | acc 69.9% | 2s elapsed | eta 5s
  step 200/391 | loss 0.8431 | acc 70.2% | 3s elapsed | eta 3s
  step 300/391 | loss 0.8398 | acc 70.3% | 5s elapsed | eta 1s
Ep  11 | loss 0.8364 | task 0.8343 | cons 0.0099 | train 70.4% | test 70.1% | 7s
  step 100/391 | loss 0.8148 | acc 71.3% | 2s elapsed | eta 5s
  step 200/391 | loss 0.8129 | acc 71.1% | 3s elapsed | eta 3s
  step 300/391 | loss 0.8142 | acc 71.2% | 5s elapsed | eta 2s
Ep  12 | loss 0.8059 | task 0.8034 | cons 0.0103 | train 71.5% | test 70.8% | 7s
  step 100/391 | loss 0.7627 | acc 73.0% | 2s elapsed | eta 5s
  step 200/391 | loss 0.7745 | acc 72.6% | 3s elapsed | eta 3s
  step 300/391 | loss 0.7767 | acc 72.6% | 5s elapsed | eta 1s
Ep  13 | loss 0.7777 | task 0.7750 | cons 0.0106 | train 72.7% | test 72.7% | 7s
  step 100/391 | loss 0.7365 | acc 73.8% | 2s elapsed | eta 5s
  step 200/391 | loss 0.7509 | acc 73.3% | 3s elapsed | eta 3s
  step 300/391 | loss 0.7479 | acc 73.6% | 5s elapsed | eta 2s
Ep  14 | loss 0.7474 | task 0.7450 | cons 0.0088 | train 73.6% | test 73.7% | 7s
  step 100/391 | loss 0.7139 | acc 74.8% | 2s elapsed | eta 5s
  step 200/391 | loss 0.7188 | acc 74.9% | 4s elapsed | eta 3s
  step 300/391 | loss 0.7190 | acc 74.7% | 5s elapsed | eta 2s
Ep  15 | loss 0.7196 | task 0.7169 | cons 0.0091 | train 74.6% | test 73.6% | 8s
  step 100/391 | loss 0.6932 | acc 75.3% | 2s elapsed | eta 5s
  step 200/391 | loss 0.6920 | acc 75.4% | 3s elapsed | eta 3s
  step 300/391 | loss 0.6952 | acc 75.5% | 5s elapsed | eta 2s
Ep  16 | loss 0.6947 | task 0.6916 | cons 0.0097 | train 75.6% | test 74.9% | 8s
  step 100/391 | loss 0.6576 | acc 77.2% | 2s elapsed | eta 5s
  step 200/391 | loss 0.6611 | acc 76.8% | 3s elapsed | eta 3s
  step 300/391 | loss 0.6657 | acc 76.6% | 5s elapsed | eta 2s
Ep  17 | loss 0.6680 | task 0.6647 | cons 0.0096 | train 76.5% | test 74.9% | 8s
  step 100/391 | loss 0.6556 | acc 76.9% | 2s elapsed | eta 5s
  step 200/391 | loss 0.6555 | acc 77.1% | 3s elapsed | eta 3s
  step 300/391 | loss 0.6517 | acc 77.2% | 5s elapsed | eta 1s
Ep  18 | loss 0.6493 | task 0.6463 | cons 0.0084 | train 77.2% | test 74.9% | 7s
  step 100/391 | loss 0.6148 | acc 78.6% | 2s elapsed | eta 5s
  step 200/391 | loss 0.6200 | acc 78.3% | 3s elapsed | eta 3s
  step 300/391 | loss 0.6264 | acc 78.0% | 5s elapsed | eta 2s
Ep  19 | loss 0.6266 | task 0.6235 | cons 0.0082 | train 78.0% | test 73.8% | 7s
  step 100/391 | loss 0.6090 | acc 78.7% | 2s elapsed | eta 5s
  step 200/391 | loss 0.6032 | acc 78.8% | 3s elapsed | eta 3s
  step 300/391 | loss 0.6039 | acc 78.8% | 5s elapsed | eta 2s
Ep  20 | loss 0.6101 | task 0.6061 | cons 0.0101 | train 78.6% | test 75.3% | 8s
    K=1: 75.2%
    K=2: 75.9%
    K=4: 75.3%
  step 100/391 | loss 0.5698 | acc 79.9% | 2s elapsed | eta 5s
  step 200/391 | loss 0.5819 | acc 79.5% | 3s elapsed | eta 3s
  step 300/391 | loss 0.5900 | acc 79.2% | 5s elapsed | eta 2s
Ep  21 | loss 0.5910 | task 0.5870 | cons 0.0097 | train 79.2% | test 76.9% | 7s
  step 100/391 | loss 0.5584 | acc 80.3% | 2s elapsed | eta 5s
  step 200/391 | loss 0.5629 | acc 80.2% | 3s elapsed | eta 3s
  step 300/391 | loss 0.5709 | acc 79.9% | 5s elapsed | eta 2s
Ep  22 | loss 0.5723 | task 0.5679 | cons 0.0102 | train 79.9% | test 76.8% | 7s
  step 100/391 | loss 0.5560 | acc 80.4% | 2s elapsed | eta 5s
  step 200/391 | loss 0.5562 | acc 80.4% | 4s elapsed | eta 3s
  step 300/391 | loss 0.5532 | acc 80.6% | 5s elapsed | eta 2s
Ep  23 | loss 0.5567 | task 0.5520 | cons 0.0102 | train 80.4% | test 77.7% | 8s
  step 100/391 | loss 0.5197 | acc 82.0% | 2s elapsed | eta 5s
  step 200/391 | loss 0.5189 | acc 81.9% | 3s elapsed | eta 3s
  step 300/391 | loss 0.5304 | acc 81.5% | 5s elapsed | eta 2s
Ep  24 | loss 0.5354 | task 0.5305 | cons 0.0101 | train 81.3% | test 76.9% | 7s
  step 100/391 | loss 0.5044 | acc 82.4% | 2s elapsed | eta 5s
  step 200/391 | loss 0.5155 | acc 82.1% | 3s elapsed | eta 3s
  step 300/391 | loss 0.5148 | acc 82.1% | 5s elapsed | eta 2s
Ep  25 | loss 0.5170 | task 0.5117 | cons 0.0106 | train 81.9% | test 78.6% | 7s
  step 100/391 | loss 0.4777 | acc 83.1% | 2s elapsed | eta 6s
  step 200/391 | loss 0.4876 | acc 82.8% | 4s elapsed | eta 3s
  step 300/391 | loss 0.4936 | acc 82.6% | 5s elapsed | eta 2s
Ep  26 | loss 0.5007 | task 0.4951 | cons 0.0107 | train 82.5% | test 77.9% | 8s
  step 100/391 | loss 0.4630 | acc 83.9% | 2s elapsed | eta 5s
  step 200/391 | loss 0.4794 | acc 83.4% | 3s elapsed | eta 3s
  step 300/391 | loss 0.4781 | acc 83.4% | 5s elapsed | eta 2s
Ep  27 | loss 0.4815 | task 0.4757 | cons 0.0107 | train 83.2% | test 77.8% | 8s
  step 100/391 | loss 0.4587 | acc 84.1% | 2s elapsed | eta 6s
  step 200/391 | loss 0.4610 | acc 83.7% | 3s elapsed | eta 3s
  step 300/391 | loss 0.4657 | acc 83.6% | 5s elapsed | eta 2s
Ep  28 | loss 0.4709 | task 0.4653 | cons 0.0101 | train 83.4% | test 78.7% | 7s
  step 100/391 | loss 0.4424 | acc 84.3% | 2s elapsed | eta 5s
  step 200/391 | loss 0.4447 | acc 84.4% | 3s elapsed | eta 3s
  step 300/391 | loss 0.4531 | acc 84.1% | 5s elapsed | eta 2s
Ep  29 | loss 0.4553 | task 0.4487 | cons 0.0114 | train 84.0% | test 78.7% | 7s
  step 100/391 | loss 0.4299 | acc 85.4% | 2s elapsed | eta 6s
  step 200/391 | loss 0.4316 | acc 85.1% | 4s elapsed | eta 4s
  step 300/391 | loss 0.4391 | acc 84.7% | 5s elapsed | eta 2s
Ep  30 | loss 0.4448 | task 0.4382 | cons 0.0109 | train 84.6% | test 78.8% | 8s
    K=1: 78.1%
    K=2: 79.2%
    K=4: 78.8%
  step 100/391 | loss 0.4246 | acc 85.1% | 2s elapsed | eta 5s
  step 200/391 | loss 0.4201 | acc 85.4% | 4s elapsed | eta 3s
  step 300/391 | loss 0.4202 | acc 85.4% | 5s elapsed | eta 2s
Ep  31 | loss 0.4240 | task 0.4169 | cons 0.0114 | train 85.2% | test 78.0% | 8s
  step 100/391 | loss 0.3886 | acc 86.6% | 2s elapsed | eta 5s
  step 200/391 | loss 0.4013 | acc 86.2% | 3s elapsed | eta 3s
  step 300/391 | loss 0.4090 | acc 85.9% | 5s elapsed | eta 2s
Ep  32 | loss 0.4122 | task 0.4053 | cons 0.0108 | train 85.9% | test 78.8% | 7s
  step 100/391 | loss 0.3883 | acc 86.4% | 2s elapsed | eta 5s
  step 200/391 | loss 0.3908 | acc 86.4% | 3s elapsed | eta 3s
  step 300/391 | loss 0.3982 | acc 86.1% | 5s elapsed | eta 2s
Ep  33 | loss 0.3984 | task 0.3918 | cons 0.0100 | train 86.1% | test 78.7% | 8s
  step 100/391 | loss 0.3715 | acc 87.3% | 2s elapsed | eta 5s
  step 200/391 | loss 0.3738 | acc 87.0% | 3s elapsed | eta 3s
  step 300/391 | loss 0.3798 | acc 86.8% | 5s elapsed | eta 2s
Ep  34 | loss 0.3873 | task 0.3792 | cons 0.0118 | train 86.5% | test 78.2% | 7s
  step 100/391 | loss 0.3591 | acc 87.5% | 2s elapsed | eta 5s
  step 200/391 | loss 0.3712 | acc 87.2% | 3s elapsed | eta 3s
  step 300/391 | loss 0.3778 | acc 86.9% | 5s elapsed | eta 2s
Ep  35 | loss 0.3790 | task 0.3717 | cons 0.0104 | train 86.9% | test 78.1% | 8s
  step 100/391 | loss 0.3405 | acc 88.3% | 2s elapsed | eta 5s
  step 200/391 | loss 0.3489 | acc 88.0% | 3s elapsed | eta 3s
  step 300/391 | loss 0.3542 | acc 87.8% | 5s elapsed | eta 2s
Ep  36 | loss 0.3601 | task 0.3523 | cons 0.0107 | train 87.6% | test 78.5% | 7s
  step 100/391 | loss 0.3471 | acc 87.7% | 2s elapsed | eta 5s
  step 200/391 | loss 0.3530 | acc 87.5% | 3s elapsed | eta 3s
  step 300/391 | loss 0.3527 | acc 87.6% | 5s elapsed | eta 2s
Ep  37 | loss 0.3550 | task 0.3477 | cons 0.0098 | train 87.6% | test 78.6% | 7s
  step 100/391 | loss 0.3324 | acc 88.6% | 2s elapsed | eta 5s
  step 200/391 | loss 0.3314 | acc 88.5% | 3s elapsed | eta 3s
  step 300/391 | loss 0.3329 | acc 88.4% | 5s elapsed | eta 2s
Ep  38 | loss 0.3396 | task 0.3319 | cons 0.0101 | train 88.2% | test 78.2% | 7s
  step 100/391 | loss 0.3151 | acc 88.7% | 2s elapsed | eta 5s
  step 200/391 | loss 0.3192 | acc 88.8% | 3s elapsed | eta 3s
  step 300/391 | loss 0.3259 | acc 88.7% | 5s elapsed | eta 1s
Ep  39 | loss 0.3333 | task 0.3253 | cons 0.0103 | train 88.4% | test 78.5% | 7s
  step 100/391 | loss 0.2996 | acc 90.1% | 2s elapsed | eta 5s
  step 200/391 | loss 0.3063 | acc 89.7% | 3s elapsed | eta 3s
  step 300/391 | loss 0.3163 | acc 89.2% | 5s elapsed | eta 2s
Ep  40 | loss 0.3185 | task 0.3092 | cons 0.0117 | train 89.1% | test 79.3% | 7s
    K=1: 79.3%
    K=2: 79.8%
    K=4: 79.3%
  step 100/391 | loss 0.2809 | acc 90.3% | 2s elapsed | eta 6s
  step 200/391 | loss 0.2969 | acc 89.8% | 4s elapsed | eta 3s
  step 300/391 | loss 0.3030 | acc 89.6% | 5s elapsed | eta 2s
Ep  41 | loss 0.3089 | task 0.2998 | cons 0.0110 | train 89.4% | test 79.0% | 7s
  step 100/391 | loss 0.2910 | acc 89.8% | 2s elapsed | eta 5s
  step 200/391 | loss 0.2944 | acc 89.7% | 4s elapsed | eta 3s
  step 300/391 | loss 0.3000 | acc 89.6% | 5s elapsed | eta 2s
Ep  42 | loss 0.2998 | task 0.2897 | cons 0.0120 | train 89.6% | test 78.5% | 7s
  step 100/391 | loss 0.2728 | acc 90.8% | 2s elapsed | eta 5s
  step 200/391 | loss 0.2763 | acc 90.5% | 3s elapsed | eta 3s
  step 300/391 | loss 0.2828 | acc 90.3% | 5s elapsed | eta 2s
Ep  43 | loss 0.2879 | task 0.2781 | cons 0.0114 | train 90.1% | test 78.5% | 8s
  step 100/391 | loss 0.2678 | acc 90.7% | 2s elapsed | eta 5s
  step 200/391 | loss 0.2713 | acc 90.7% | 4s elapsed | eta 3s
  step 300/391 | loss 0.2753 | acc 90.5% | 5s elapsed | eta 2s
Ep  44 | loss 0.2790 | task 0.2689 | cons 0.0116 | train 90.4% | test 78.6% | 8s
  step 100/391 | loss 0.2629 | acc 91.0% | 2s elapsed | eta 5s
  step 200/391 | loss 0.2684 | acc 90.9% | 3s elapsed | eta 3s
  step 300/391 | loss 0.2730 | acc 90.7% | 5s elapsed | eta 1s
Ep  45 | loss 0.2777 | task 0.2679 | cons 0.0109 | train 90.5% | test 79.4% | 7s
  step 100/391 | loss 0.2552 | acc 91.2% | 2s elapsed | eta 5s
  step 200/391 | loss 0.2541 | acc 91.2% | 4s elapsed | eta 3s
  step 300/391 | loss 0.2577 | acc 91.1% | 5s elapsed | eta 2s
Ep  46 | loss 0.2628 | task 0.2531 | cons 0.0105 | train 90.9% | test 78.8% | 7s
  step 100/391 | loss 0.2322 | acc 92.3% | 2s elapsed | eta 5s
  step 200/391 | loss 0.2441 | acc 91.8% | 3s elapsed | eta 3s
  step 300/391 | loss 0.2520 | acc 91.4% | 5s elapsed | eta 1s
Ep  47 | loss 0.2531 | task 0.2430 | cons 0.0107 | train 91.4% | test 79.2% | 7s
  step 100/391 | loss 0.2282 | acc 92.1% | 2s elapsed | eta 5s
  step 200/391 | loss 0.2425 | acc 91.7% | 3s elapsed | eta 3s
  step 300/391 | loss 0.2480 | acc 91.5% | 5s elapsed | eta 2s
Ep  48 | loss 0.2530 | task 0.2424 | cons 0.0110 | train 91.3% | test 78.7% | 7s
  step 100/391 | loss 0.2296 | acc 92.3% | 2s elapsed | eta 5s
  step 200/391 | loss 0.2314 | acc 92.2% | 3s elapsed | eta 3s
  step 300/391 | loss 0.2355 | acc 92.0% | 5s elapsed | eta 2s
Ep  49 | loss 0.2364 | task 0.2260 | cons 0.0106 | train 92.0% | test 78.2% | 7s
  step 100/391 | loss 0.2215 | acc 92.6% | 2s elapsed | eta 5s
  step 200/391 | loss 0.2282 | acc 92.3% | 4s elapsed | eta 3s
  step 300/391 | loss 0.2366 | acc 91.9% | 5s elapsed | eta 2s
Ep  50 | loss 0.2390 | task 0.2287 | cons 0.0103 | train 91.8% | test 79.5% | 8s
    K=1: 78.7%
    K=2: 79.9%
    K=4: 79.5%
  step 100/391 | loss 0.2185 | acc 92.5% | 2s elapsed | eta 5s
  step 200/391 | loss 0.2196 | acc 92.6% | 3s elapsed | eta 3s
  step 300/391 | loss 0.2240 | acc 92.5% | 5s elapsed | eta 2s
Ep  51 | loss 0.2290 | task 0.2171 | cons 0.0119 | train 92.3% | test 79.6% | 8s
  step 100/391 | loss 0.2009 | acc 93.4% | 2s elapsed | eta 5s
  step 200/391 | loss 0.2128 | acc 92.9% | 3s elapsed | eta 3s
  step 300/391 | loss 0.2193 | acc 92.7% | 5s elapsed | eta 2s
Ep  52 | loss 0.2217 | task 0.2093 | cons 0.0124 | train 92.6% | test 79.0% | 7s
  step 100/391 | loss 0.2043 | acc 93.3% | 2s elapsed | eta 5s
  step 200/391 | loss 0.2082 | acc 93.1% | 3s elapsed | eta 3s
  step 300/391 | loss 0.2138 | acc 92.8% | 5s elapsed | eta 1s
Ep  53 | loss 0.2165 | task 0.2069 | cons 0.0096 | train 92.7% | test 78.8% | 7s
  step 100/391 | loss 0.1956 | acc 93.4% | 2s elapsed | eta 5s
  step 200/391 | loss 0.2028 | acc 93.2% | 3s elapsed | eta 3s
  step 300/391 | loss 0.2082 | acc 93.0% | 5s elapsed | eta 2s
Ep  54 | loss 0.2132 | task 0.2015 | cons 0.0116 | train 92.8% | test 78.9% | 8s
  step 100/391 | loss 0.1984 | acc 93.3% | 2s elapsed | eta 6s
  step 200/391 | loss 0.2015 | acc 93.0% | 4s elapsed | eta 3s
  step 300/391 | loss 0.2038 | acc 93.1% | 5s elapsed | eta 2s
Ep  55 | loss 0.2067 | task 0.1953 | cons 0.0115 | train 93.0% | test 79.3% | 8s
  step 100/391 | loss 0.1859 | acc 93.9% | 2s elapsed | eta 5s
  step 200/391 | loss 0.1944 | acc 93.5% | 3s elapsed | eta 3s
  step 300/391 | loss 0.1959 | acc 93.3% | 5s elapsed | eta 1s
Ep  56 | loss 0.1986 | task 0.1881 | cons 0.0105 | train 93.3% | test 79.3% | 7s
  step 100/391 | loss 0.1942 | acc 93.8% | 2s elapsed | eta 5s
  step 200/391 | loss 0.1933 | acc 93.6% | 4s elapsed | eta 3s
  step 300/391 | loss 0.1953 | acc 93.6% | 5s elapsed | eta 2s
Ep  57 | loss 0.1955 | task 0.1838 | cons 0.0116 | train 93.5% | test 79.4% | 8s
  step 100/391 | loss 0.1796 | acc 94.1% | 2s elapsed | eta 5s
  step 200/391 | loss 0.1855 | acc 93.8% | 3s elapsed | eta 3s
  step 300/391 | loss 0.1899 | acc 93.6% | 5s elapsed | eta 1s
Ep  58 | loss 0.1927 | task 0.1822 | cons 0.0105 | train 93.6% | test 79.1% | 7s
  step 100/391 | loss 0.1712 | acc 94.5% | 2s elapsed | eta 5s
  step 200/391 | loss 0.1783 | acc 94.1% | 3s elapsed | eta 3s
  step 300/391 | loss 0.1845 | acc 93.9% | 5s elapsed | eta 2s
Ep  59 | loss 0.1866 | task 0.1758 | cons 0.0108 | train 93.8% | test 79.1% | 8s
  step 100/391 | loss 0.1730 | acc 94.4% | 2s elapsed | eta 5s
  step 200/391 | loss 0.1808 | acc 94.0% | 3s elapsed | eta 3s
  step 300/391 | loss 0.1819 | acc 93.9% | 5s elapsed | eta 2s
Ep  60 | loss 0.1817 | task 0.1701 | cons 0.0116 | train 93.9% | test 79.8% | 8s
    K=1: 79.3%
    K=2: 80.1%
    K=4: 79.8%
  step 100/391 | loss 0.1698 | acc 94.6% | 2s elapsed | eta 5s
  step 200/391 | loss 0.1716 | acc 94.4% | 4s elapsed | eta 3s
  step 300/391 | loss 0.1754 | acc 94.2% | 5s elapsed | eta 2s
Ep  61 | loss 0.1787 | task 0.1675 | cons 0.0112 | train 94.1% | test 79.2% | 8s
  step 100/391 | loss 0.1596 | acc 94.7% | 2s elapsed | eta 5s
  step 200/391 | loss 0.1680 | acc 94.5% | 3s elapsed | eta 3s
  step 300/391 | loss 0.1707 | acc 94.4% | 5s elapsed | eta 1s
Ep  62 | loss 0.1741 | task 0.1634 | cons 0.0107 | train 94.3% | test 79.5% | 7s
  step 100/391 | loss 0.1597 | acc 94.9% | 2s elapsed | eta 5s
  step 200/391 | loss 0.1631 | acc 94.7% | 3s elapsed | eta 3s
  step 300/391 | loss 0.1680 | acc 94.5% | 5s elapsed | eta 2s
Ep  63 | loss 0.1685 | task 0.1577 | cons 0.0108 | train 94.5% | test 78.6% | 7s
  step 100/391 | loss 0.1602 | acc 94.8% | 2s elapsed | eta 5s
  step 200/391 | loss 0.1644 | acc 94.6% | 4s elapsed | eta 3s
  step 300/391 | loss 0.1674 | acc 94.5% | 5s elapsed | eta 2s
Ep  64 | loss 0.1676 | task 0.1560 | cons 0.0117 | train 94.4% | test 78.6% | 7s
  step 100/391 | loss 0.1459 | acc 95.2% | 2s elapsed | eta 5s
  step 200/391 | loss 0.1508 | acc 95.0% | 3s elapsed | eta 3s
  step 300/391 | loss 0.1572 | acc 94.8% | 5s elapsed | eta 2s
Ep  65 | loss 0.1602 | task 0.1495 | cons 0.0107 | train 94.7% | test 78.9% | 7s
  step 100/391 | loss 0.1544 | acc 94.8% | 2s elapsed | eta 5s
  step 200/391 | loss 0.1561 | acc 94.7% | 3s elapsed | eta 3s
  step 300/391 | loss 0.1599 | acc 94.6% | 5s elapsed | eta 2s
Ep  66 | loss 0.1623 | task 0.1522 | cons 0.0100 | train 94.6% | test 78.7% | 7s
  step 100/391 | loss 0.1424 | acc 95.3% | 2s elapsed | eta 5s
  step 200/391 | loss 0.1537 | acc 95.0% | 3s elapsed | eta 3s
  step 300/391 | loss 0.1592 | acc 94.9% | 5s elapsed | eta 2s
Ep  67 | loss 0.1588 | task 0.1482 | cons 0.0107 | train 94.8% | test 79.2% | 7s
  step 100/391 | loss 0.1477 | acc 95.5% | 2s elapsed | eta 5s
  step 200/391 | loss 0.1494 | acc 95.2% | 3s elapsed | eta 3s
  step 300/391 | loss 0.1526 | acc 95.0% | 5s elapsed | eta 2s
Ep  68 | loss 0.1534 | task 0.1422 | cons 0.0112 | train 95.0% | test 78.4% | 7s
  step 100/391 | loss 0.1340 | acc 95.6% | 2s elapsed | eta 5s
  step 200/391 | loss 0.1425 | acc 95.3% | 3s elapsed | eta 3s
  step 300/391 | loss 0.1451 | acc 95.3% | 5s elapsed | eta 2s
Ep  69 | loss 0.1472 | task 0.1367 | cons 0.0105 | train 95.2% | test 79.2% | 7s
  step 100/391 | loss 0.1326 | acc 95.8% | 2s elapsed | eta 5s
  step 200/391 | loss 0.1358 | acc 95.6% | 3s elapsed | eta 3s
  step 300/391 | loss 0.1387 | acc 95.6% | 5s elapsed | eta 2s
Ep  70 | loss 0.1431 | task 0.1328 | cons 0.0103 | train 95.4% | test 78.9% | 7s
    K=1: 78.5%
    K=2: 79.2%
    K=4: 78.9%
  step 100/391 | loss 0.1297 | acc 95.9% | 2s elapsed | eta 5s
  step 200/391 | loss 0.1381 | acc 95.6% | 4s elapsed | eta 3s
  step 300/391 | loss 0.1407 | acc 95.5% | 5s elapsed | eta 2s
Ep  71 | loss 0.1420 | task 0.1309 | cons 0.0111 | train 95.4% | test 78.5% | 8s
  step 100/391 | loss 0.1358 | acc 95.8% | 2s elapsed | eta 5s
  step 200/391 | loss 0.1391 | acc 95.5% | 3s elapsed | eta 3s
  step 300/391 | loss 0.1392 | acc 95.5% | 5s elapsed | eta 2s
Ep  72 | loss 0.1391 | task 0.1285 | cons 0.0107 | train 95.5% | test 79.6% | 7s
  step 100/391 | loss 0.1353 | acc 95.6% | 2s elapsed | eta 5s
  step 200/391 | loss 0.1346 | acc 95.7% | 4s elapsed | eta 3s
  step 300/391 | loss 0.1395 | acc 95.5% | 5s elapsed | eta 2s
Ep  73 | loss 0.1385 | task 0.1281 | cons 0.0104 | train 95.5% | test 79.3% | 8s
  step 100/391 | loss 0.1251 | acc 96.1% | 2s elapsed | eta 5s
  step 200/391 | loss 0.1327 | acc 95.9% | 3s elapsed | eta 3s
  step 300/391 | loss 0.1360 | acc 95.7% | 5s elapsed | eta 2s
Ep  74 | loss 0.1377 | task 0.1271 | cons 0.0106 | train 95.7% | test 79.8% | 8s
  step 100/391 | loss 0.1203 | acc 96.2% | 2s elapsed | eta 4s
  step 200/391 | loss 0.1280 | acc 96.0% | 3s elapsed | eta 3s
  step 300/391 | loss 0.1298 | acc 95.9% | 5s elapsed | eta 1s
Ep  75 | loss 0.1308 | task 0.1209 | cons 0.0098 | train 95.8% | test 79.2% | 7s
  step 100/391 | loss 0.1239 | acc 96.1% | 2s elapsed | eta 5s
  step 200/391 | loss 0.1241 | acc 96.1% | 3s elapsed | eta 3s
  step 300/391 | loss 0.1282 | acc 96.0% | 5s elapsed | eta 1s
Ep  76 | loss 0.1300 | task 0.1195 | cons 0.0105 | train 95.9% | test 79.3% | 7s
  step 100/391 | loss 0.1255 | acc 96.1% | 2s elapsed | eta 5s
  step 200/391 | loss 0.1249 | acc 96.0% | 3s elapsed | eta 3s
  step 300/391 | loss 0.1269 | acc 95.9% | 5s elapsed | eta 2s
Ep  77 | loss 0.1277 | task 0.1165 | cons 0.0112 | train 95.9% | test 78.7% | 8s
  step 100/391 | loss 0.1255 | acc 96.1% | 2s elapsed | eta 5s
  step 200/391 | loss 0.1260 | acc 95.9% | 3s elapsed | eta 3s
  step 300/391 | loss 0.1278 | acc 95.9% | 5s elapsed | eta 1s
Ep  78 | loss 0.1305 | task 0.1202 | cons 0.0102 | train 95.8% | test 79.5% | 7s
  step 100/391 | loss 0.1186 | acc 96.3% | 2s elapsed | eta 5s
  step 200/391 | loss 0.1208 | acc 96.2% | 4s elapsed | eta 3s
  step 300/391 | loss 0.1270 | acc 96.0% | 5s elapsed | eta 2s
Ep  79 | loss 0.1258 | task 0.1151 | cons 0.0108 | train 96.1% | test 80.3% | 8s
  step 100/391 | loss 0.1167 | acc 96.3% | 2s elapsed | eta 5s
  step 200/391 | loss 0.1196 | acc 96.2% | 3s elapsed | eta 3s
  step 300/391 | loss 0.1223 | acc 96.1% | 5s elapsed | eta 2s
Ep  80 | loss 0.1247 | task 0.1144 | cons 0.0104 | train 96.0% | test 79.8% | 8s
    K=1: 79.3%
    K=2: 79.9%
    K=4: 79.8%
  step 100/391 | loss 0.1128 | acc 96.3% | 2s elapsed | eta 5s
  step 200/391 | loss 0.1137 | acc 96.3% | 3s elapsed | eta 3s
  step 300/391 | loss 0.1174 | acc 96.3% | 5s elapsed | eta 2s
Ep  81 | loss 0.1174 | task 0.1076 | cons 0.0099 | train 96.3% | test 79.2% | 7s
  step 100/391 | loss 0.1116 | acc 96.6% | 2s elapsed | eta 6s
  step 200/391 | loss 0.1136 | acc 96.5% | 4s elapsed | eta 3s
  step 300/391 | loss 0.1179 | acc 96.3% | 5s elapsed | eta 2s
Ep  82 | loss 0.1190 | task 0.1086 | cons 0.0104 | train 96.3% | test 79.6% | 8s
  step 100/391 | loss 0.1040 | acc 96.8% | 2s elapsed | eta 5s
  step 200/391 | loss 0.1114 | acc 96.5% | 3s elapsed | eta 3s
  step 300/391 | loss 0.1103 | acc 96.6% | 5s elapsed | eta 2s
Ep  83 | loss 0.1145 | task 0.1040 | cons 0.0105 | train 96.4% | test 79.3% | 7s
  step 100/391 | loss 0.1115 | acc 96.4% | 2s elapsed | eta 5s
  step 200/391 | loss 0.1132 | acc 96.4% | 3s elapsed | eta 3s
  step 300/391 | loss 0.1161 | acc 96.4% | 5s elapsed | eta 2s
Ep  84 | loss 0.1147 | task 0.1047 | cons 0.0101 | train 96.4% | test 80.0% | 8s
  step 100/391 | loss 0.1032 | acc 96.8% | 2s elapsed | eta 5s
  step 200/391 | loss 0.1058 | acc 96.7% | 3s elapsed | eta 3s
  step 300/391 | loss 0.1095 | acc 96.6% | 5s elapsed | eta 2s
Ep  85 | loss 0.1113 | task 0.1008 | cons 0.0105 | train 96.5% | test 79.4% | 7s
  step 100/391 | loss 0.0994 | acc 96.9% | 2s elapsed | eta 5s
  step 200/391 | loss 0.1055 | acc 96.7% | 3s elapsed | eta 3s
  step 300/391 | loss 0.1079 | acc 96.7% | 5s elapsed | eta 1s
Ep  86 | loss 0.1091 | task 0.0993 | cons 0.0099 | train 96.6% | test 79.5% | 7s
  step 100/391 | loss 0.1073 | acc 96.8% | 2s elapsed | eta 5s
  step 200/391 | loss 0.1084 | acc 96.7% | 3s elapsed | eta 3s
  step 300/391 | loss 0.1088 | acc 96.6% | 5s elapsed | eta 2s
Ep  87 | loss 0.1109 | task 0.1003 | cons 0.0105 | train 96.6% | test 79.1% | 8s
  step 100/391 | loss 0.0924 | acc 97.2% | 2s elapsed | eta 5s
  step 200/391 | loss 0.1001 | acc 97.0% | 4s elapsed | eta 3s
  step 300/391 | loss 0.1044 | acc 96.8% | 5s elapsed | eta 2s
Ep  88 | loss 0.1062 | task 0.0950 | cons 0.0111 | train 96.7% | test 80.0% | 8s
  step 100/391 | loss 0.0935 | acc 97.0% | 2s elapsed | eta 5s
  step 200/391 | loss 0.0999 | acc 96.8% | 3s elapsed | eta 3s
  step 300/391 | loss 0.1024 | acc 96.8% | 5s elapsed | eta 2s
Ep  89 | loss 0.1056 | task 0.0946 | cons 0.0109 | train 96.7% | test 79.3% | 8s
  step 100/391 | loss 0.0911 | acc 97.3% | 2s elapsed | eta 5s
  step 200/391 | loss 0.0943 | acc 97.1% | 3s elapsed | eta 3s
  step 300/391 | loss 0.0970 | acc 97.0% | 5s elapsed | eta 1s
Ep  90 | loss 0.0993 | task 0.0896 | cons 0.0097 | train 96.9% | test 79.4% | 7s
    K=1: 79.0%
    K=2: 79.6%
    K=4: 79.4%
  step 100/391 | loss 0.0983 | acc 96.9% | 2s elapsed | eta 5s
  step 200/391 | loss 0.0968 | acc 97.1% | 3s elapsed | eta 3s
  step 300/391 | loss 0.0993 | acc 96.9% | 5s elapsed | eta 2s
Ep  91 | loss 0.1020 | task 0.0920 | cons 0.0100 | train 96.8% | test 79.6% | 7s
  step 100/391 | loss 0.0966 | acc 97.0% | 2s elapsed | eta 5s
  step 200/391 | loss 0.0972 | acc 97.0% | 3s elapsed | eta 3s
  step 300/391 | loss 0.0988 | acc 96.9% | 5s elapsed | eta 1s
Ep  92 | loss 0.1008 | task 0.0910 | cons 0.0099 | train 96.9% | test 79.1% | 7s
  step 100/391 | loss 0.0918 | acc 97.1% | 2s elapsed | eta 5s
  step 200/391 | loss 0.0925 | acc 97.1% | 3s elapsed | eta 3s
  step 300/391 | loss 0.0964 | acc 97.0% | 5s elapsed | eta 1s
Ep  93 | loss 0.0973 | task 0.0874 | cons 0.0098 | train 96.9% | test 79.3% | 7s
  step 100/391 | loss 0.0984 | acc 97.2% | 2s elapsed | eta 5s
  step 200/391 | loss 0.1004 | acc 97.1% | 3s elapsed | eta 3s
  step 300/391 | loss 0.0979 | acc 97.1% | 5s elapsed | eta 2s
Ep  94 | loss 0.0988 | task 0.0886 | cons 0.0101 | train 97.1% | test 79.5% | 7s
  step 100/391 | loss 0.0933 | acc 97.2% | 2s elapsed | eta 5s
  step 200/391 | loss 0.0949 | acc 97.1% | 3s elapsed | eta 3s
  step 300/391 | loss 0.0933 | acc 97.1% | 5s elapsed | eta 1s
Ep  95 | loss 0.0944 | task 0.0852 | cons 0.0091 | train 97.0% | test 79.4% | 7s
  step 100/391 | loss 0.0903 | acc 97.3% | 2s elapsed | eta 5s
  step 200/391 | loss 0.0916 | acc 97.2% | 3s elapsed | eta 3s
  step 300/391 | loss 0.0916 | acc 97.2% | 5s elapsed | eta 2s
Ep  96 | loss 0.0945 | task 0.0842 | cons 0.0103 | train 97.1% | test 79.8% | 7s
  step 100/391 | loss 0.0851 | acc 97.5% | 2s elapsed | eta 6s
  step 200/391 | loss 0.0879 | acc 97.4% | 4s elapsed | eta 3s
  step 300/391 | loss 0.0883 | acc 97.3% | 5s elapsed | eta 2s
Ep  97 | loss 0.0906 | task 0.0815 | cons 0.0091 | train 97.2% | test 79.5% | 7s
  step 100/391 | loss 0.0857 | acc 97.4% | 2s elapsed | eta 5s
  step 200/391 | loss 0.0862 | acc 97.4% | 3s elapsed | eta 3s
  step 300/391 | loss 0.0882 | acc 97.3% | 5s elapsed | eta 2s
Ep  98 | loss 0.0912 | task 0.0819 | cons 0.0093 | train 97.2% | test 79.0% | 8s
  step 100/391 | loss 0.0865 | acc 97.5% | 2s elapsed | eta 5s
  step 200/391 | loss 0.0858 | acc 97.5% | 3s elapsed | eta 3s
  step 300/391 | loss 0.0869 | acc 97.4% | 5s elapsed | eta 2s
Ep  99 | loss 0.0889 | task 0.0794 | cons 0.0095 | train 97.3% | test 80.0% | 7s
  step 100/391 | loss 0.0853 | acc 97.3% | 2s elapsed | eta 5s
  step 200/391 | loss 0.0908 | acc 97.1% | 3s elapsed | eta 3s
  step 300/391 | loss 0.0901 | acc 97.2% | 5s elapsed | eta 2s
Ep 100 | loss 0.0906 | task 0.0809 | cons 0.0097 | train 97.2% | test 79.7% | 7s
    K=1: 79.1%
    K=2: 79.9%
    K=4: 79.7%
  step 100/391 | loss 0.0813 | acc 97.5% | 2s elapsed | eta 5s
  step 200/391 | loss 0.0842 | acc 97.4% | 3s elapsed | eta 3s
  step 300/391 | loss 0.0859 | acc 97.4% | 5s elapsed | eta 2s
Ep 101 | loss 0.0861 | task 0.0761 | cons 0.0100 | train 97.4% | test 79.4% | 7s
  step 100/391 | loss 0.0844 | acc 97.4% | 2s elapsed | eta 5s
  step 200/391 | loss 0.0851 | acc 97.4% | 3s elapsed | eta 3s
  step 300/391 | loss 0.0866 | acc 97.4% | 5s elapsed | eta 1s
Ep 102 | loss 0.0890 | task 0.0793 | cons 0.0096 | train 97.3% | test 80.2% | 7s
  step 100/391 | loss 0.0768 | acc 97.8% | 2s elapsed | eta 5s
  step 200/391 | loss 0.0846 | acc 97.6% | 3s elapsed | eta 3s
  step 300/391 | loss 0.0840 | acc 97.6% | 5s elapsed | eta 2s
Ep 103 | loss 0.0863 | task 0.0766 | cons 0.0097 | train 97.4% | test 79.8% | 7s
  step 100/391 | loss 0.0724 | acc 97.8% | 2s elapsed | eta 5s
  step 200/391 | loss 0.0764 | acc 97.7% | 3s elapsed | eta 3s
  step 300/391 | loss 0.0794 | acc 97.6% | 5s elapsed | eta 1s
Ep 104 | loss 0.0819 | task 0.0728 | cons 0.0091 | train 97.5% | test 80.0% | 7s
  step 100/391 | loss 0.0768 | acc 97.7% | 2s elapsed | eta 5s
  step 200/391 | loss 0.0797 | acc 97.6% | 3s elapsed | eta 3s
  step 300/391 | loss 0.0808 | acc 97.5% | 5s elapsed | eta 1s
Ep 105 | loss 0.0826 | task 0.0743 | cons 0.0083 | train 97.5% | test 79.4% | 7s
  step 100/391 | loss 0.0762 | acc 97.8% | 2s elapsed | eta 5s
  step 200/391 | loss 0.0803 | acc 97.7% | 3s elapsed | eta 3s
  step 300/391 | loss 0.0814 | acc 97.6% | 5s elapsed | eta 2s
Ep 106 | loss 0.0832 | task 0.0738 | cons 0.0094 | train 97.5% | test 79.4% | 7s
  step 100/391 | loss 0.0771 | acc 97.7% | 2s elapsed | eta 5s
  step 200/391 | loss 0.0792 | acc 97.7% | 3s elapsed | eta 3s
  step 300/391 | loss 0.0809 | acc 97.6% | 5s elapsed | eta 1s
Ep 107 | loss 0.0801 | task 0.0705 | cons 0.0096 | train 97.6% | test 79.6% | 7s
  step 100/391 | loss 0.0737 | acc 97.8% | 2s elapsed | eta 5s
  step 200/391 | loss 0.0778 | acc 97.7% | 3s elapsed | eta 3s
  step 300/391 | loss 0.0795 | acc 97.6% | 5s elapsed | eta 1s
Ep 108 | loss 0.0806 | task 0.0716 | cons 0.0090 | train 97.6% | test 79.9% | 7s
  step 100/391 | loss 0.0663 | acc 97.8% | 2s elapsed | eta 5s
  step 200/391 | loss 0.0734 | acc 97.8% | 3s elapsed | eta 3s
  step 300/391 | loss 0.0762 | acc 97.7% | 5s elapsed | eta 2s
Ep 109 | loss 0.0783 | task 0.0688 | cons 0.0095 | train 97.6% | test 79.7% | 7s
  step 100/391 | loss 0.0720 | acc 98.0% | 2s elapsed | eta 5s
  step 200/391 | loss 0.0728 | acc 97.9% | 3s elapsed | eta 3s
  step 300/391 | loss 0.0736 | acc 97.9% | 5s elapsed | eta 1s
Ep 110 | loss 0.0763 | task 0.0666 | cons 0.0097 | train 97.8% | test 79.9% | 7s
    K=1: 79.1%
    K=2: 79.9%
    K=4: 79.9%
  step 100/391 | loss 0.0741 | acc 97.8% | 2s elapsed | eta 5s
  step 200/391 | loss 0.0750 | acc 97.7% | 3s elapsed | eta 3s
  step 300/391 | loss 0.0756 | acc 97.7% | 5s elapsed | eta 2s
Ep 111 | loss 0.0764 | task 0.0662 | cons 0.0102 | train 97.7% | test 79.6% | 8s
  step 100/391 | loss 0.0731 | acc 97.9% | 2s elapsed | eta 5s
  step 200/391 | loss 0.0723 | acc 97.9% | 4s elapsed | eta 3s
  step 300/391 | loss 0.0738 | acc 97.8% | 5s elapsed | eta 2s
Ep 112 | loss 0.0747 | task 0.0649 | cons 0.0098 | train 97.8% | test 79.9% | 8s
  step 100/391 | loss 0.0678 | acc 98.1% | 2s elapsed | eta 5s
  step 200/391 | loss 0.0692 | acc 98.0% | 3s elapsed | eta 3s
  step 300/391 | loss 0.0735 | acc 97.9% | 5s elapsed | eta 2s
Ep 113 | loss 0.0746 | task 0.0646 | cons 0.0100 | train 97.8% | test 79.3% | 7s
  step 100/391 | loss 0.0697 | acc 97.9% | 2s elapsed | eta 5s
  step 200/391 | loss 0.0734 | acc 97.8% | 4s elapsed | eta 3s
  step 300/391 | loss 0.0724 | acc 97.8% | 5s elapsed | eta 2s
Ep 114 | loss 0.0736 | task 0.0646 | cons 0.0090 | train 97.7% | test 80.4% | 8s
  step 100/391 | loss 0.0713 | acc 97.9% | 2s elapsed | eta 5s
  step 200/391 | loss 0.0691 | acc 98.0% | 4s elapsed | eta 4s
  step 300/391 | loss 0.0701 | acc 98.0% | 5s elapsed | eta 2s
Ep 115 | loss 0.0721 | task 0.0625 | cons 0.0096 | train 97.9% | test 79.5% | 8s
  step 100/391 | loss 0.0667 | acc 98.1% | 2s elapsed | eta 5s
  step 200/391 | loss 0.0681 | acc 98.0% | 3s elapsed | eta 3s
  step 300/391 | loss 0.0696 | acc 98.0% | 5s elapsed | eta 2s
Ep 116 | loss 0.0705 | task 0.0619 | cons 0.0086 | train 98.0% | test 79.9% | 8s
  step 100/391 | loss 0.0614 | acc 98.1% | 2s elapsed | eta 5s
  step 200/391 | loss 0.0620 | acc 98.2% | 3s elapsed | eta 3s
  step 300/391 | loss 0.0657 | acc 98.1% | 5s elapsed | eta 2s
Ep 117 | loss 0.0679 | task 0.0588 | cons 0.0091 | train 98.0% | test 79.4% | 7s
  step 100/391 | loss 0.0615 | acc 98.2% | 2s elapsed | eta 5s
  step 200/391 | loss 0.0639 | acc 98.1% | 3s elapsed | eta 3s
  step 300/391 | loss 0.0660 | acc 98.0% | 5s elapsed | eta 2s
Ep 118 | loss 0.0664 | task 0.0588 | cons 0.0076 | train 98.0% | test 79.8% | 7s
  step 100/391 | loss 0.0654 | acc 98.0% | 2s elapsed | eta 5s
  step 200/391 | loss 0.0631 | acc 98.1% | 3s elapsed | eta 3s
  step 300/391 | loss 0.0653 | acc 98.1% | 5s elapsed | eta 1s
Ep 119 | loss 0.0668 | task 0.0568 | cons 0.0100 | train 98.1% | test 79.7% | 7s
  step 100/391 | loss 0.0645 | acc 98.2% | 2s elapsed | eta 5s
  step 200/391 | loss 0.0687 | acc 98.1% | 4s elapsed | eta 3s
  step 300/391 | loss 0.0688 | acc 98.1% | 5s elapsed | eta 2s
Ep 120 | loss 0.0688 | task 0.0585 | cons 0.0103 | train 98.1% | test 80.5% | 8s
    K=1: 80.4%
    K=2: 80.6%
    K=4: 80.5%
  step 100/391 | loss 0.0639 | acc 98.2% | 2s elapsed | eta 5s
  step 200/391 | loss 0.0692 | acc 98.1% | 3s elapsed | eta 3s
  step 300/391 | loss 0.0691 | acc 98.1% | 5s elapsed | eta 1s
Ep 121 | loss 0.0676 | task 0.0581 | cons 0.0095 | train 98.1% | test 79.8% | 7s
  step 100/391 | loss 0.0570 | acc 98.4% | 2s elapsed | eta 5s
  step 200/391 | loss 0.0602 | acc 98.3% | 3s elapsed | eta 3s
  step 300/391 | loss 0.0617 | acc 98.2% | 5s elapsed | eta 2s
Ep 122 | loss 0.0622 | task 0.0532 | cons 0.0091 | train 98.2% | test 79.5% | 7s
  step 100/391 | loss 0.0603 | acc 98.3% | 2s elapsed | eta 5s
  step 200/391 | loss 0.0620 | acc 98.3% | 3s elapsed | eta 3s
  step 300/391 | loss 0.0651 | acc 98.1% | 5s elapsed | eta 2s
Ep 123 | loss 0.0673 | task 0.0572 | cons 0.0101 | train 98.0% | test 80.1% | 7s
  step 100/391 | loss 0.0588 | acc 98.3% | 2s elapsed | eta 5s
  step 200/391 | loss 0.0602 | acc 98.2% | 3s elapsed | eta 3s
  step 300/391 | loss 0.0609 | acc 98.2% | 5s elapsed | eta 2s
Ep 124 | loss 0.0623 | task 0.0542 | cons 0.0081 | train 98.2% | test 79.1% | 7s
  step 100/391 | loss 0.0623 | acc 98.5% | 2s elapsed | eta 5s
  step 200/391 | loss 0.0625 | acc 98.4% | 4s elapsed | eta 3s
  step 300/391 | loss 0.0626 | acc 98.3% | 6s elapsed | eta 2s
Ep 125 | loss 0.0621 | task 0.0523 | cons 0.0097 | train 98.3% | test 79.4% | 11s
  step 100/391 | loss 0.0577 | acc 98.4% | 3s elapsed | eta 9s
  step 200/391 | loss 0.0603 | acc 98.3% | 6s elapsed | eta 6s
  step 300/391 | loss 0.0592 | acc 98.3% | 9s elapsed | eta 3s
Ep 126 | loss 0.0602 | task 0.0508 | cons 0.0094 | train 98.3% | test 79.8% | 13s
  step 100/391 | loss 0.0530 | acc 98.3% | 3s elapsed | eta 8s
  step 200/391 | loss 0.0571 | acc 98.3% | 6s elapsed | eta 5s
  step 300/391 | loss 0.0596 | acc 98.2% | 9s elapsed | eta 3s
Ep 127 | loss 0.0603 | task 0.0524 | cons 0.0079 | train 98.2% | test 79.3% | 13s
  step 100/391 | loss 0.0615 | acc 98.3% | 3s elapsed | eta 9s
  step 200/391 | loss 0.0605 | acc 98.4% | 6s elapsed | eta 6s
  step 300/391 | loss 0.0592 | acc 98.4% | 9s elapsed | eta 3s
Ep 128 | loss 0.0592 | task 0.0503 | cons 0.0089 | train 98.3% | test 80.2% | 13s
  step 100/391 | loss 0.0513 | acc 98.5% | 3s elapsed | eta 9s
  step 200/391 | loss 0.0545 | acc 98.5% | 6s elapsed | eta 6s
  step 300/391 | loss 0.0565 | acc 98.4% | 9s elapsed | eta 3s
Ep 129 | loss 0.0564 | task 0.0478 | cons 0.0086 | train 98.4% | test 80.0% | 14s
  step 100/391 | loss 0.0558 | acc 98.3% | 3s elapsed | eta 9s
  step 200/391 | loss 0.0574 | acc 98.3% | 6s elapsed | eta 6s
  step 300/391 | loss 0.0574 | acc 98.3% | 9s elapsed | eta 3s
Ep 130 | loss 0.0582 | task 0.0503 | cons 0.0079 | train 98.3% | test 79.5% | 13s
    K=1: 79.7%
    K=2: 80.2%
    K=4: 79.5%
  step 100/391 | loss 0.0519 | acc 98.7% | 3s elapsed | eta 10s
  step 200/391 | loss 0.0541 | acc 98.5% | 6s elapsed | eta 6s
  step 300/391 | loss 0.0556 | acc 98.5% | 9s elapsed | eta 3s
Ep 131 | loss 0.0553 | task 0.0461 | cons 0.0092 | train 98.5% | test 80.0% | 13s
  step 100/391 | loss 0.0548 | acc 98.6% | 3s elapsed | eta 8s
  step 200/391 | loss 0.0567 | acc 98.4% | 6s elapsed | eta 6s
  step 300/391 | loss 0.0574 | acc 98.4% | 9s elapsed | eta 3s
Ep 132 | loss 0.0580 | task 0.0492 | cons 0.0088 | train 98.4% | test 79.2% | 13s
  step 100/391 | loss 0.0603 | acc 98.4% | 3s elapsed | eta 10s
  step 200/391 | loss 0.0574 | acc 98.4% | 6s elapsed | eta 6s
  step 300/391 | loss 0.0572 | acc 98.4% | 9s elapsed | eta 3s
Ep 133 | loss 0.0575 | task 0.0485 | cons 0.0090 | train 98.4% | test 80.3% | 14s
  step 100/391 | loss 0.0438 | acc 98.8% | 3s elapsed | eta 9s
  step 200/391 | loss 0.0490 | acc 98.7% | 6s elapsed | eta 6s
  step 300/391 | loss 0.0510 | acc 98.6% | 9s elapsed | eta 3s
Ep 134 | loss 0.0513 | task 0.0423 | cons 0.0089 | train 98.6% | test 79.8% | 13s
  step 100/391 | loss 0.0525 | acc 98.7% | 3s elapsed | eta 8s
  step 200/391 | loss 0.0565 | acc 98.5% | 6s elapsed | eta 6s
  step 300/391 | loss 0.0556 | acc 98.5% | 9s elapsed | eta 3s
Ep 135 | loss 0.0550 | task 0.0463 | cons 0.0087 | train 98.5% | test 79.4% | 13s
  step 100/391 | loss 0.0487 | acc 98.7% | 3s elapsed | eta 10s
  step 200/391 | loss 0.0511 | acc 98.6% | 6s elapsed | eta 6s
  step 300/391 | loss 0.0516 | acc 98.5% | 10s elapsed | eta 3s
Ep 136 | loss 0.0524 | task 0.0441 | cons 0.0082 | train 98.5% | test 79.9% | 14s
  step 100/391 | loss 0.0527 | acc 98.5% | 3s elapsed | eta 9s
  step 200/391 | loss 0.0504 | acc 98.6% | 6s elapsed | eta 6s
  step 300/391 | loss 0.0495 | acc 98.7% | 9s elapsed | eta 3s
Ep 137 | loss 0.0496 | task 0.0407 | cons 0.0089 | train 98.7% | test 79.8% | 13s
  step 100/391 | loss 0.0537 | acc 98.6% | 3s elapsed | eta 9s
  step 200/391 | loss 0.0501 | acc 98.7% | 6s elapsed | eta 6s
  step 300/391 | loss 0.0507 | acc 98.6% | 9s elapsed | eta 3s
Ep 138 | loss 0.0515 | task 0.0428 | cons 0.0087 | train 98.6% | test 79.7% | 13s
  step 100/391 | loss 0.0490 | acc 98.7% | 3s elapsed | eta 9s
  step 200/391 | loss 0.0499 | acc 98.6% | 6s elapsed | eta 6s
  step 300/391 | loss 0.0512 | acc 98.5% | 9s elapsed | eta 3s
Ep 139 | loss 0.0508 | task 0.0425 | cons 0.0083 | train 98.6% | test 79.7% | 13s
  step 100/391 | loss 0.0437 | acc 98.8% | 3s elapsed | eta 9s
  step 200/391 | loss 0.0444 | acc 98.7% | 6s elapsed | eta 6s
  step 300/391 | loss 0.0474 | acc 98.7% | 9s elapsed | eta 3s
Ep 140 | loss 0.0482 | task 0.0397 | cons 0.0086 | train 98.7% | test 80.0% | 13s
    K=1: 79.3%
    K=2: 79.8%
    K=4: 80.0%
  step 100/391 | loss 0.0528 | acc 98.5% | 3s elapsed | eta 9s
  step 200/391 | loss 0.0500 | acc 98.6% | 6s elapsed | eta 6s
  step 300/391 | loss 0.0491 | acc 98.7% | 10s elapsed | eta 3s
Ep 141 | loss 0.0503 | task 0.0407 | cons 0.0096 | train 98.6% | test 80.0% | 14s
  step 100/391 | loss 0.0543 | acc 98.5% | 3s elapsed | eta 9s
  step 200/391 | loss 0.0495 | acc 98.6% | 6s elapsed | eta 6s
  step 300/391 | loss 0.0483 | acc 98.7% | 9s elapsed | eta 3s
Ep 142 | loss 0.0501 | task 0.0415 | cons 0.0086 | train 98.6% | test 80.0% | 13s
  step 100/391 | loss 0.0499 | acc 98.6% | 3s elapsed | eta 9s
  step 200/391 | loss 0.0503 | acc 98.6% | 6s elapsed | eta 6s
  step 300/391 | loss 0.0489 | acc 98.6% | 9s elapsed | eta 3s
Ep 143 | loss 0.0488 | task 0.0410 | cons 0.0079 | train 98.6% | test 80.2% | 13s
  step 100/391 | loss 0.0439 | acc 98.9% | 3s elapsed | eta 10s
  step 200/391 | loss 0.0439 | acc 98.9% | 6s elapsed | eta 6s
  step 300/391 | loss 0.0450 | acc 98.8% | 9s elapsed | eta 3s
Ep 144 | loss 0.0459 | task 0.0373 | cons 0.0085 | train 98.8% | test 80.0% | 13s
  step 100/391 | loss 0.0408 | acc 99.0% | 3s elapsed | eta 9s
  step 200/391 | loss 0.0445 | acc 98.8% | 6s elapsed | eta 6s
  step 300/391 | loss 0.0455 | acc 98.8% | 9s elapsed | eta 3s
Ep 145 | loss 0.0455 | task 0.0361 | cons 0.0094 | train 98.8% | test 80.0% | 13s
  step 100/391 | loss 0.0379 | acc 98.9% | 3s elapsed | eta 10s
  step 200/391 | loss 0.0400 | acc 98.9% | 6s elapsed | eta 6s
  step 300/391 | loss 0.0420 | acc 98.9% | 10s elapsed | eta 3s
Ep 146 | loss 0.0454 | task 0.0364 | cons 0.0090 | train 98.8% | test 79.3% | 14s
  step 100/391 | loss 0.0393 | acc 98.9% | 3s elapsed | eta 9s
  step 200/391 | loss 0.0428 | acc 98.8% | 6s elapsed | eta 6s
  step 300/391 | loss 0.0431 | acc 98.8% | 9s elapsed | eta 3s
Ep 147 | loss 0.0427 | task 0.0347 | cons 0.0080 | train 98.9% | test 79.6% | 13s
  step 100/391 | loss 0.0442 | acc 98.9% | 3s elapsed | eta 9s
  step 200/391 | loss 0.0438 | acc 98.9% | 6s elapsed | eta 6s
  step 300/391 | loss 0.0433 | acc 98.9% | 9s elapsed | eta 3s
Ep 148 | loss 0.0428 | task 0.0348 | cons 0.0080 | train 98.9% | test 79.6% | 13s
  step 100/391 | loss 0.0415 | acc 98.9% | 3s elapsed | eta 9s
  step 200/391 | loss 0.0408 | acc 98.9% | 6s elapsed | eta 6s
  step 300/391 | loss 0.0419 | acc 98.9% | 9s elapsed | eta 3s
Ep 149 | loss 0.0428 | task 0.0343 | cons 0.0086 | train 98.8% | test 80.2% | 13s
  step 100/391 | loss 0.0428 | acc 98.8% | 3s elapsed | eta 9s
  step 200/391 | loss 0.0438 | acc 98.8% | 6s elapsed | eta 6s
  step 300/391 | loss 0.0441 | acc 98.8% | 9s elapsed | eta 3s
Ep 150 | loss 0.0439 | task 0.0359 | cons 0.0080 | train 98.8% | test 79.9% | 13s
    K=1: 79.8%
    K=2: 80.1%
    K=4: 79.9%
  step 100/391 | loss 0.0383 | acc 99.0% | 3s elapsed | eta 10s
  step 200/391 | loss 0.0399 | acc 98.9% | 6s elapsed | eta 6s
  step 300/391 | loss 0.0388 | acc 99.0% | 10s elapsed | eta 3s
Ep 151 | loss 0.0408 | task 0.0325 | cons 0.0084 | train 99.0% | test 80.2% | 14s
  step 100/391 | loss 0.0378 | acc 99.0% | 3s elapsed | eta 9s
  step 200/391 | loss 0.0414 | acc 99.0% | 6s elapsed | eta 6s
  step 300/391 | loss 0.0421 | acc 98.9% | 9s elapsed | eta 3s
Ep 152 | loss 0.0422 | task 0.0335 | cons 0.0087 | train 98.9% | test 79.5% | 14s
  step 100/391 | loss 0.0391 | acc 99.0% | 3s elapsed | eta 8s
  step 200/391 | loss 0.0392 | acc 99.0% | 6s elapsed | eta 6s
  step 300/391 | loss 0.0387 | acc 99.0% | 9s elapsed | eta 3s
Ep 153 | loss 0.0389 | task 0.0310 | cons 0.0079 | train 99.0% | test 80.2% | 13s
  step 100/391 | loss 0.0353 | acc 99.1% | 4s elapsed | eta 12s
  step 200/391 | loss 0.0375 | acc 99.1% | 7s elapsed | eta 7s
  step 300/391 | loss 0.0374 | acc 99.1% | 10s elapsed | eta 3s
Ep 154 | loss 0.0377 | task 0.0295 | cons 0.0083 | train 99.0% | test 80.0% | 15s
  step 100/391 | loss 0.0374 | acc 99.0% | 3s elapsed | eta 8s
  step 200/391 | loss 0.0389 | acc 99.0% | 6s elapsed | eta 6s
  step 300/391 | loss 0.0391 | acc 99.0% | 9s elapsed | eta 3s
Ep 155 | loss 0.0376 | task 0.0297 | cons 0.0079 | train 99.0% | test 79.6% | 13s
  step 100/391 | loss 0.0360 | acc 99.1% | 3s elapsed | eta 9s
  step 200/391 | loss 0.0377 | acc 99.1% | 6s elapsed | eta 6s
  step 300/391 | loss 0.0391 | acc 99.0% | 9s elapsed | eta 3s
Ep 156 | loss 0.0394 | task 0.0308 | cons 0.0086 | train 99.0% | test 80.7% | 14s
  step 100/391 | loss 0.0318 | acc 99.3% | 3s elapsed | eta 9s
  step 200/391 | loss 0.0347 | acc 99.1% | 6s elapsed | eta 6s
  step 300/391 | loss 0.0362 | acc 99.1% | 9s elapsed | eta 3s
Ep 157 | loss 0.0378 | task 0.0292 | cons 0.0085 | train 99.1% | test 80.3% | 14s
  step 100/391 | loss 0.0348 | acc 99.1% | 3s elapsed | eta 8s
  step 200/391 | loss 0.0366 | acc 99.0% | 6s elapsed | eta 6s
  step 300/391 | loss 0.0362 | acc 99.1% | 9s elapsed | eta 3s
Ep 158 | loss 0.0376 | task 0.0295 | cons 0.0081 | train 99.0% | test 79.8% | 13s
  step 100/391 | loss 0.0339 | acc 99.1% | 3s elapsed | eta 10s
  step 200/391 | loss 0.0386 | acc 99.0% | 6s elapsed | eta 6s
  step 300/391 | loss 0.0393 | acc 99.0% | 9s elapsed | eta 3s
Ep 159 | loss 0.0380 | task 0.0302 | cons 0.0078 | train 99.1% | test 80.3% | 14s
  step 100/391 | loss 0.0274 | acc 99.5% | 3s elapsed | eta 9s
  step 200/391 | loss 0.0317 | acc 99.3% | 6s elapsed | eta 6s
  step 300/391 | loss 0.0339 | acc 99.2% | 9s elapsed | eta 3s
Ep 160 | loss 0.0340 | task 0.0261 | cons 0.0079 | train 99.2% | test 80.3% | 13s
    K=1: 80.3%
    K=2: 80.6%
    K=4: 80.3%
  step 100/391 | loss 0.0307 | acc 99.2% | 3s elapsed | eta 9s
  step 200/391 | loss 0.0334 | acc 99.2% | 6s elapsed | eta 6s
  step 300/391 | loss 0.0339 | acc 99.2% | 9s elapsed | eta 3s
Ep 161 | loss 0.0355 | task 0.0274 | cons 0.0081 | train 99.1% | test 80.5% | 13s
  step 100/391 | loss 0.0319 | acc 99.2% | 3s elapsed | eta 8s
  step 200/391 | loss 0.0330 | acc 99.2% | 6s elapsed | eta 6s
  step 300/391 | loss 0.0329 | acc 99.1% | 9s elapsed | eta 3s
Ep 162 | loss 0.0343 | task 0.0266 | cons 0.0077 | train 99.1% | test 79.9% | 13s
  step 100/391 | loss 0.0314 | acc 99.2% | 3s elapsed | eta 9s
  step 200/391 | loss 0.0321 | acc 99.2% | 6s elapsed | eta 6s
  step 300/391 | loss 0.0334 | acc 99.1% | 9s elapsed | eta 3s
Ep 163 | loss 0.0343 | task 0.0275 | cons 0.0068 | train 99.1% | test 79.7% | 13s
  step 100/391 | loss 0.0309 | acc 99.3% | 3s elapsed | eta 8s
  step 200/391 | loss 0.0309 | acc 99.3% | 6s elapsed | eta 5s
  step 300/391 | loss 0.0315 | acc 99.3% | 9s elapsed | eta 3s
Ep 164 | loss 0.0323 | task 0.0249 | cons 0.0074 | train 99.3% | test 80.7% | 13s
  step 100/391 | loss 0.0284 | acc 99.4% | 3s elapsed | eta 9s
  step 200/391 | loss 0.0291 | acc 99.3% | 6s elapsed | eta 6s
  step 300/391 | loss 0.0295 | acc 99.3% | 9s elapsed | eta 3s
Ep 165 | loss 0.0305 | task 0.0224 | cons 0.0081 | train 99.3% | test 80.5% | 13s
  step 100/391 | loss 0.0337 | acc 99.2% | 3s elapsed | eta 9s
  step 200/391 | loss 0.0319 | acc 99.2% | 6s elapsed | eta 6s
  step 300/391 | loss 0.0336 | acc 99.2% | 9s elapsed | eta 3s
Ep 166 | loss 0.0348 | task 0.0260 | cons 0.0088 | train 99.2% | test 80.0% | 13s
  step 100/391 | loss 0.0317 | acc 99.2% | 3s elapsed | eta 9s
  step 200/391 | loss 0.0318 | acc 99.2% | 6s elapsed | eta 6s
  step 300/391 | loss 0.0305 | acc 99.2% | 9s elapsed | eta 3s
Ep 167 | loss 0.0308 | task 0.0239 | cons 0.0069 | train 99.2% | test 80.5% | 13s
  step 100/391 | loss 0.0287 | acc 99.4% | 3s elapsed | eta 9s
  step 200/391 | loss 0.0288 | acc 99.4% | 6s elapsed | eta 6s
  step 300/391 | loss 0.0292 | acc 99.3% | 9s elapsed | eta 3s
Ep 168 | loss 0.0296 | task 0.0204 | cons 0.0092 | train 99.4% | test 80.2% | 14s
  step 100/391 | loss 0.0288 | acc 99.4% | 3s elapsed | eta 8s
  step 200/391 | loss 0.0290 | acc 99.4% | 6s elapsed | eta 6s
  step 300/391 | loss 0.0297 | acc 99.3% | 8s elapsed | eta 3s
Ep 169 | loss 0.0314 | task 0.0232 | cons 0.0082 | train 99.3% | test 79.4% | 13s
  step 100/391 | loss 0.0315 | acc 99.4% | 3s elapsed | eta 10s
  step 200/391 | loss 0.0297 | acc 99.4% | 7s elapsed | eta 6s
  step 300/391 | loss 0.0298 | acc 99.4% | 9s elapsed | eta 3s
Ep 170 | loss 0.0299 | task 0.0216 | cons 0.0083 | train 99.4% | test 80.6% | 14s
    K=1: 80.2%
    K=2: 80.7%
    K=4: 80.6%
  step 100/391 | loss 0.0282 | acc 99.3% | 3s elapsed | eta 8s
  step 200/391 | loss 0.0296 | acc 99.2% | 6s elapsed | eta 6s
  step 300/391 | loss 0.0287 | acc 99.3% | 9s elapsed | eta 3s
Ep 171 | loss 0.0285 | task 0.0208 | cons 0.0077 | train 99.3% | test 80.2% | 13s
  step 100/391 | loss 0.0290 | acc 99.3% | 3s elapsed | eta 9s
  step 200/391 | loss 0.0297 | acc 99.3% | 6s elapsed | eta 6s
  step 300/391 | loss 0.0288 | acc 99.4% | 9s elapsed | eta 3s
Ep 172 | loss 0.0287 | task 0.0201 | cons 0.0086 | train 99.4% | test 80.6% | 13s
  step 100/391 | loss 0.0255 | acc 99.5% | 3s elapsed | eta 9s
  step 200/391 | loss 0.0260 | acc 99.4% | 6s elapsed | eta 6s
  step 300/391 | loss 0.0271 | acc 99.4% | 9s elapsed | eta 3s
Ep 173 | loss 0.0278 | task 0.0210 | cons 0.0068 | train 99.3% | test 80.4% | 13s
  step 100/391 | loss 0.0255 | acc 99.5% | 3s elapsed | eta 9s
  step 200/391 | loss 0.0279 | acc 99.4% | 6s elapsed | eta 6s
  step 300/391 | loss 0.0286 | acc 99.3% | 9s elapsed | eta 3s
Ep 174 | loss 0.0292 | task 0.0214 | cons 0.0078 | train 99.3% | test 79.7% | 13s
  step 100/391 | loss 0.0273 | acc 99.3% | 3s elapsed | eta 9s
  step 200/391 | loss 0.0285 | acc 99.3% | 6s elapsed | eta 6s
  step 300/391 | loss 0.0270 | acc 99.4% | 9s elapsed | eta 3s
Ep 175 | loss 0.0277 | task 0.0217 | cons 0.0060 | train 99.3% | test 80.1% | 13s
  step 100/391 | loss 0.0231 | acc 99.5% | 3s elapsed | eta 10s
  step 200/391 | loss 0.0267 | acc 99.4% | 6s elapsed | eta 6s
  step 300/391 | loss 0.0266 | acc 99.4% | 9s elapsed | eta 3s
Ep 176 | loss 0.0267 | task 0.0193 | cons 0.0073 | train 99.4% | test 80.5% | 13s
  step 100/391 | loss 0.0245 | acc 99.6% | 3s elapsed | eta 9s
  step 200/391 | loss 0.0231 | acc 99.6% | 6s elapsed | eta 6s
  step 300/391 | loss 0.0230 | acc 99.6% | 9s elapsed | eta 3s
Ep 177 | loss 0.0252 | task 0.0167 | cons 0.0085 | train 99.5% | test 80.2% | 13s
  step 100/391 | loss 0.0216 | acc 99.6% | 3s elapsed | eta 9s
  step 200/391 | loss 0.0225 | acc 99.5% | 6s elapsed | eta 6s
  step 300/391 | loss 0.0239 | acc 99.5% | 9s elapsed | eta 3s
Ep 178 | loss 0.0247 | task 0.0184 | cons 0.0063 | train 99.5% | test 80.9% | 14s
  step 100/391 | loss 0.0291 | acc 99.4% | 3s elapsed | eta 9s
  step 200/391 | loss 0.0270 | acc 99.4% | 6s elapsed | eta 6s
  step 300/391 | loss 0.0273 | acc 99.4% | 9s elapsed | eta 3s
Ep 179 | loss 0.0276 | task 0.0219 | cons 0.0057 | train 99.4% | test 80.1% | 13s
  step 100/391 | loss 0.0230 | acc 99.5% | 3s elapsed | eta 9s
  step 200/391 | loss 0.0246 | acc 99.5% | 6s elapsed | eta 6s
  step 300/391 | loss 0.0240 | acc 99.5% | 9s elapsed | eta 3s
Ep 180 | loss 0.0245 | task 0.0170 | cons 0.0075 | train 99.5% | test 79.9% | 13s
    K=1: 79.9%
    K=2: 80.2%
    K=4: 79.9%
  step 100/391 | loss 0.0212 | acc 99.5% | 3s elapsed | eta 8s
  step 200/391 | loss 0.0217 | acc 99.5% | 6s elapsed | eta 6s
  step 300/391 | loss 0.0231 | acc 99.5% | 9s elapsed | eta 3s
Ep 181 | loss 0.0241 | task 0.0174 | cons 0.0067 | train 99.5% | test 80.6% | 13s
  step 100/391 | loss 0.0196 | acc 99.6% | 3s elapsed | eta 10s
  step 200/391 | loss 0.0199 | acc 99.6% | 6s elapsed | eta 6s
  step 300/391 | loss 0.0221 | acc 99.6% | 9s elapsed | eta 3s
Ep 182 | loss 0.0219 | task 0.0146 | cons 0.0074 | train 99.5% | test 81.0% | 14s
  step 100/391 | loss 0.0214 | acc 99.6% | 3s elapsed | eta 9s
  step 200/391 | loss 0.0202 | acc 99.6% | 6s elapsed | eta 6s
  step 300/391 | loss 0.0207 | acc 99.6% | 9s elapsed | eta 3s
Ep 183 | loss 0.0220 | task 0.0144 | cons 0.0075 | train 99.6% | test 80.5% | 14s
  step 100/391 | loss 0.0213 | acc 99.6% | 3s elapsed | eta 9s
  step 200/391 | loss 0.0230 | acc 99.5% | 6s elapsed | eta 6s
  step 300/391 | loss 0.0218 | acc 99.6% | 9s elapsed | eta 3s
Ep 184 | loss 0.0212 | task 0.0151 | cons 0.0062 | train 99.6% | test 80.6% | 13s
  step 100/391 | loss 0.0189 | acc 99.7% | 4s elapsed | eta 10s
  step 200/391 | loss 0.0195 | acc 99.6% | 7s elapsed | eta 6s
  step 300/391 | loss 0.0201 | acc 99.6% | 10s elapsed | eta 3s
Ep 185 | loss 0.0212 | task 0.0143 | cons 0.0070 | train 99.6% | test 80.8% | 14s
  step 100/391 | loss 0.0230 | acc 99.5% | 3s elapsed | eta 9s
  step 200/391 | loss 0.0232 | acc 99.5% | 6s elapsed | eta 6s
  step 300/391 | loss 0.0229 | acc 99.5% | 9s elapsed | eta 3s
Ep 186 | loss 0.0231 | task 0.0170 | cons 0.0061 | train 99.5% | test 80.4% | 13s
  step 100/391 | loss 0.0145 | acc 99.8% | 3s elapsed | eta 9s
  step 200/391 | loss 0.0156 | acc 99.7% | 6s elapsed | eta 6s
  step 300/391 | loss 0.0186 | acc 99.7% | 9s elapsed | eta 3s
Ep 187 | loss 0.0191 | task 0.0119 | cons 0.0072 | train 99.6% | test 80.2% | 13s
  step 100/391 | loss 0.0214 | acc 99.6% | 3s elapsed | eta 10s
  step 200/391 | loss 0.0207 | acc 99.7% | 6s elapsed | eta 6s
  step 300/391 | loss 0.0207 | acc 99.6% | 9s elapsed | eta 3s
Ep 188 | loss 0.0217 | task 0.0149 | cons 0.0069 | train 99.6% | test 80.3% | 13s
  step 100/391 | loss 0.0140 | acc 99.7% | 3s elapsed | eta 9s
  step 200/391 | loss 0.0165 | acc 99.6% | 6s elapsed | eta 6s
  step 300/391 | loss 0.0182 | acc 99.6% | 9s elapsed | eta 3s
Ep 189 | loss 0.0183 | task 0.0126 | cons 0.0057 | train 99.6% | test 80.2% | 13s
  step 100/391 | loss 0.0166 | acc 99.7% | 3s elapsed | eta 9s
  step 200/391 | loss 0.0178 | acc 99.6% | 6s elapsed | eta 6s
  step 300/391 | loss 0.0185 | acc 99.6% | 9s elapsed | eta 3s
Ep 190 | loss 0.0188 | task 0.0123 | cons 0.0065 | train 99.6% | test 80.4% | 13s
    K=1: 80.2%
    K=2: 80.5%
    K=4: 80.4%
  step 100/391 | loss 0.0225 | acc 99.6% | 3s elapsed | eta 9s
  step 200/391 | loss 0.0187 | acc 99.7% | 6s elapsed | eta 6s
  step 300/391 | loss 0.0183 | acc 99.7% | 9s elapsed | eta 3s
Ep 191 | loss 0.0193 | task 0.0121 | cons 0.0072 | train 99.7% | test 80.7% | 13s
  step 100/391 | loss 0.0171 | acc 99.7% | 3s elapsed | eta 10s
  step 200/391 | loss 0.0187 | acc 99.7% | 6s elapsed | eta 6s
  step 300/391 | loss 0.0187 | acc 99.7% | 9s elapsed | eta 3s
Ep 192 | loss 0.0188 | task 0.0116 | cons 0.0072 | train 99.7% | test 80.9% | 14s
  step 100/391 | loss 0.0147 | acc 99.7% | 3s elapsed | eta 9s
  step 200/391 | loss 0.0162 | acc 99.7% | 6s elapsed | eta 6s
  step 300/391 | loss 0.0161 | acc 99.7% | 9s elapsed | eta 3s
Ep 193 | loss 0.0175 | task 0.0108 | cons 0.0066 | train 99.7% | test 80.5% | 13s
  step 100/391 | loss 0.0206 | acc 99.7% | 3s elapsed | eta 9s
  step 200/391 | loss 0.0184 | acc 99.7% | 6s elapsed | eta 6s
  step 300/391 | loss 0.0184 | acc 99.7% | 9s elapsed | eta 3s
Ep 194 | loss 0.0177 | task 0.0117 | cons 0.0059 | train 99.7% | test 81.0% | 13s
  step 100/391 | loss 0.0134 | acc 99.8% | 3s elapsed | eta 10s
  step 200/391 | loss 0.0158 | acc 99.7% | 7s elapsed | eta 6s
  step 300/391 | loss 0.0171 | acc 99.7% | 10s elapsed | eta 3s
Ep 195 | loss 0.0169 | task 0.0114 | cons 0.0055 | train 99.7% | test 80.4% | 14s
  step 100/391 | loss 0.0182 | acc 99.7% | 3s elapsed | eta 9s
  step 200/391 | loss 0.0173 | acc 99.7% | 6s elapsed | eta 6s
  step 300/391 | loss 0.0166 | acc 99.7% | 9s elapsed | eta 3s
Ep 196 | loss 0.0161 | task 0.0096 | cons 0.0065 | train 99.7% | test 81.3% | 13s
  step 100/391 | loss 0.0100 | acc 99.8% | 3s elapsed | eta 8s
  step 200/391 | loss 0.0113 | acc 99.8% | 6s elapsed | eta 6s
  step 300/391 | loss 0.0134 | acc 99.8% | 9s elapsed | eta 3s
Ep 197 | loss 0.0150 | task 0.0096 | cons 0.0054 | train 99.7% | test 80.9% | 13s
  step 100/391 | loss 0.0173 | acc 99.7% | 3s elapsed | eta 10s
  step 200/391 | loss 0.0160 | acc 99.7% | 6s elapsed | eta 6s
  step 300/391 | loss 0.0164 | acc 99.7% | 9s elapsed | eta 3s
Ep 198 | loss 0.0168 | task 0.0107 | cons 0.0062 | train 99.7% | test 80.1% | 14s
  step 100/391 | loss 0.0189 | acc 99.6% | 3s elapsed | eta 9s
  step 200/391 | loss 0.0161 | acc 99.7% | 6s elapsed | eta 6s
  step 300/391 | loss 0.0157 | acc 99.7% | 9s elapsed | eta 3s
Ep 199 | loss 0.0161 | task 0.0106 | cons 0.0054 | train 99.7% | test 81.4% | 13s
  step 100/391 | loss 0.0140 | acc 99.8% | 3s elapsed | eta 10s
  step 200/391 | loss 0.0134 | acc 99.8% | 6s elapsed | eta 6s
  step 300/391 | loss 0.0143 | acc 99.8% | 9s elapsed | eta 3s
Ep 200 | loss 0.0150 | task 0.0095 | cons 0.0054 | train 99.7% | test 80.7% | 14s
    K=1: 80.4%
    K=2: 80.8%
    K=4: 80.7%
  step 100/391 | loss 0.0136 | acc 99.7% | 3s elapsed | eta 9s
  step 200/391 | loss 0.0125 | acc 99.8% | 6s elapsed | eta 6s
  step 300/391 | loss 0.0122 | acc 99.8% | 9s elapsed | eta 3s
Ep 201 | loss 0.0126 | task 0.0075 | cons 0.0051 | train 99.8% | test 81.0% | 13s
  step 100/391 | loss 0.0113 | acc 99.8% | 3s elapsed | eta 10s
  step 200/391 | loss 0.0119 | acc 99.8% | 6s elapsed | eta 6s
  step 300/391 | loss 0.0127 | acc 99.8% | 9s elapsed | eta 3s
Ep 202 | loss 0.0134 | task 0.0077 | cons 0.0058 | train 99.8% | test 80.9% | 14s
  step 100/391 | loss 0.0158 | acc 99.7% | 3s elapsed | eta 9s
  step 200/391 | loss 0.0155 | acc 99.7% | 6s elapsed | eta 6s
  step 300/391 | loss 0.0146 | acc 99.7% | 9s elapsed | eta 3s
Ep 203 | loss 0.0136 | task 0.0083 | cons 0.0052 | train 99.8% | test 81.1% | 13s
  step 100/391 | loss 0.0135 | acc 99.8% | 3s elapsed | eta 9s
  step 200/391 | loss 0.0141 | acc 99.8% | 6s elapsed | eta 6s
  step 300/391 | loss 0.0133 | acc 99.8% | 9s elapsed | eta 3s
Ep 204 | loss 0.0131 | task 0.0079 | cons 0.0052 | train 99.8% | test 80.7% | 13s
  step 100/391 | loss 0.0105 | acc 99.9% | 4s elapsed | eta 10s
  step 200/391 | loss 0.0117 | acc 99.9% | 7s elapsed | eta 6s
  step 300/391 | loss 0.0118 | acc 99.9% | 10s elapsed | eta 3s
Ep 205 | loss 0.0124 | task 0.0068 | cons 0.0056 | train 99.8% | test 81.1% | 14s
  step 100/391 | loss 0.0113 | acc 99.8% | 3s elapsed | eta 9s
  step 200/391 | loss 0.0110 | acc 99.8% | 6s elapsed | eta 6s
  step 300/391 | loss 0.0114 | acc 99.8% | 9s elapsed | eta 3s
Ep 206 | loss 0.0117 | task 0.0069 | cons 0.0048 | train 99.8% | test 80.8% | 13s
  step 100/391 | loss 0.0129 | acc 99.8% | 3s elapsed | eta 8s
  step 200/391 | loss 0.0126 | acc 99.8% | 6s elapsed | eta 6s
  step 300/391 | loss 0.0129 | acc 99.8% | 9s elapsed | eta 3s
Ep 207 | loss 0.0131 | task 0.0079 | cons 0.0052 | train 99.8% | test 80.8% | 13s
  step 100/391 | loss 0.0127 | acc 99.8% | 3s elapsed | eta 9s
  step 200/391 | loss 0.0115 | acc 99.8% | 6s elapsed | eta 6s
  step 300/391 | loss 0.0111 | acc 99.8% | 9s elapsed | eta 3s
Ep 208 | loss 0.0112 | task 0.0068 | cons 0.0044 | train 99.8% | test 81.2% | 14s
  step 100/391 | loss 0.0100 | acc 99.9% | 3s elapsed | eta 9s
  step 200/391 | loss 0.0089 | acc 99.9% | 6s elapsed | eta 6s
  step 300/391 | loss 0.0100 | acc 99.9% | 9s elapsed | eta 3s
Ep 209 | loss 0.0103 | task 0.0055 | cons 0.0048 | train 99.9% | test 80.8% | 13s
  step 100/391 | loss 0.0096 | acc 99.8% | 3s elapsed | eta 9s
  step 200/391 | loss 0.0106 | acc 99.8% | 6s elapsed | eta 6s
  step 300/391 | loss 0.0095 | acc 99.8% | 9s elapsed | eta 3s
Ep 210 | loss 0.0094 | task 0.0053 | cons 0.0041 | train 99.8% | test 81.0% | 13s
    K=1: 81.2%
    K=2: 81.3%
    K=4: 81.0%
  step 100/391 | loss 0.0094 | acc 99.9% | 3s elapsed | eta 9s
  step 200/391 | loss 0.0102 | acc 99.9% | 6s elapsed | eta 6s
  step 300/391 | loss 0.0109 | acc 99.8% | 9s elapsed | eta 3s
Ep 211 | loss 0.0108 | task 0.0064 | cons 0.0044 | train 99.8% | test 80.9% | 13s
  step 100/391 | loss 0.0097 | acc 99.9% | 3s elapsed | eta 8s
  step 200/391 | loss 0.0092 | acc 99.9% | 6s elapsed | eta 5s
  step 300/391 | loss 0.0103 | acc 99.9% | 9s elapsed | eta 3s
Ep 212 | loss 0.0102 | task 0.0055 | cons 0.0047 | train 99.9% | test 81.0% | 13s
  step 100/391 | loss 0.0106 | acc 99.9% | 3s elapsed | eta 10s
  step 200/391 | loss 0.0101 | acc 99.9% | 6s elapsed | eta 6s
  step 300/391 | loss 0.0097 | acc 99.9% | 9s elapsed | eta 3s
Ep 213 | loss 0.0091 | task 0.0052 | cons 0.0040 | train 99.9% | test 81.2% | 14s
  step 100/391 | loss 0.0103 | acc 99.9% | 3s elapsed | eta 9s
  step 200/391 | loss 0.0091 | acc 99.9% | 6s elapsed | eta 6s
  step 300/391 | loss 0.0095 | acc 99.9% | 9s elapsed | eta 3s
Ep 214 | loss 0.0098 | task 0.0057 | cons 0.0041 | train 99.9% | test 81.0% | 13s
  step 100/391 | loss 0.0092 | acc 99.9% | 3s elapsed | eta 9s
  step 200/391 | loss 0.0101 | acc 99.8% | 6s elapsed | eta 6s
  step 300/391 | loss 0.0095 | acc 99.9% | 9s elapsed | eta 3s
Ep 215 | loss 0.0091 | task 0.0050 | cons 0.0042 | train 99.9% | test 81.0% | 13s
  step 100/391 | loss 0.0095 | acc 99.9% | 3s elapsed | eta 10s
  step 200/391 | loss 0.0097 | acc 99.9% | 6s elapsed | eta 6s
  step 300/391 | loss 0.0105 | acc 99.9% | 10s elapsed | eta 3s
Ep 216 | loss 0.0101 | task 0.0054 | cons 0.0047 | train 99.9% | test 81.1% | 14s
  step 100/391 | loss 0.0094 | acc 99.9% | 3s elapsed | eta 9s
  step 200/391 | loss 0.0075 | acc 99.9% | 6s elapsed | eta 6s
  step 300/391 | loss 0.0083 | acc 99.9% | 9s elapsed | eta 3s
Ep 217 | loss 0.0085 | task 0.0048 | cons 0.0037 | train 99.9% | test 80.8% | 13s
  step 100/391 | loss 0.0084 | acc 99.9% | 3s elapsed | eta 10s
  step 200/391 | loss 0.0086 | acc 99.9% | 6s elapsed | eta 6s
  step 300/391 | loss 0.0092 | acc 99.9% | 9s elapsed | eta 3s
Ep 218 | loss 0.0090 | task 0.0050 | cons 0.0039 | train 99.9% | test 80.9% | 13s
  step 100/391 | loss 0.0066 | acc 99.9% | 3s elapsed | eta 9s
  step 200/391 | loss 0.0069 | acc 99.9% | 6s elapsed | eta 6s
  step 300/391 | loss 0.0078 | acc 99.9% | 9s elapsed | eta 3s
Ep 219 | loss 0.0085 | task 0.0044 | cons 0.0041 | train 99.9% | test 81.0% | 14s
  step 100/391 | loss 0.0066 | acc 99.9% | 3s elapsed | eta 9s
  step 200/391 | loss 0.0061 | acc 99.9% | 6s elapsed | eta 6s
  step 300/391 | loss 0.0080 | acc 99.9% | 9s elapsed | eta 3s
Ep 220 | loss 0.0084 | task 0.0046 | cons 0.0038 | train 99.9% | test 81.1% | 13s
    K=1: 81.1%
    K=2: 81.4%
    K=4: 81.1%
  step 100/391 | loss 0.0065 | acc 99.9% | 3s elapsed | eta 9s
  step 200/391 | loss 0.0060 | acc 99.9% | 6s elapsed | eta 6s
  step 300/391 | loss 0.0071 | acc 99.9% | 9s elapsed | eta 3s
Ep 221 | loss 0.0073 | task 0.0038 | cons 0.0035 | train 99.9% | test 81.1% | 13s
  step 100/391 | loss 0.0058 | acc 99.9% | 3s elapsed | eta 8s
  step 200/391 | loss 0.0070 | acc 99.9% | 6s elapsed | eta 6s
  step 300/391 | loss 0.0077 | acc 99.9% | 9s elapsed | eta 3s
Ep 222 | loss 0.0077 | task 0.0037 | cons 0.0040 | train 99.9% | test 81.3% | 13s
  step 100/391 | loss 0.0074 | acc 99.9% | 3s elapsed | eta 10s
  step 200/391 | loss 0.0079 | acc 99.9% | 6s elapsed | eta 6s
  step 300/391 | loss 0.0077 | acc 99.9% | 10s elapsed | eta 3s
Ep 223 | loss 0.0071 | task 0.0032 | cons 0.0040 | train 99.9% | test 81.0% | 14s
  step 100/391 | loss 0.0065 | acc 99.9% | 3s elapsed | eta 9s
  step 200/391 | loss 0.0068 | acc 99.9% | 6s elapsed | eta 6s
  step 300/391 | loss 0.0073 | acc 99.9% | 9s elapsed | eta 3s
Ep 224 | loss 0.0068 | task 0.0034 | cons 0.0035 | train 99.9% | test 81.0% | 13s
  step 100/391 | loss 0.0057 | acc 99.9% | 3s elapsed | eta 9s
  step 200/391 | loss 0.0068 | acc 99.9% | 6s elapsed | eta 6s
  step 300/391 | loss 0.0067 | acc 99.9% | 9s elapsed | eta 3s
Ep 225 | loss 0.0064 | task 0.0033 | cons 0.0031 | train 99.9% | test 81.3% | 13s
  step 100/391 | loss 0.0043 | acc 100.0% | 3s elapsed | eta 9s
  step 200/391 | loss 0.0049 | acc 100.0% | 6s elapsed | eta 6s
  step 300/391 | loss 0.0051 | acc 100.0% | 9s elapsed | eta 3s
Ep 226 | loss 0.0053 | task 0.0022 | cons 0.0032 | train 99.9% | test 81.2% | 13s
  step 100/391 | loss 0.0074 | acc 99.9% | 3s elapsed | eta 9s
  step 200/391 | loss 0.0073 | acc 99.9% | 6s elapsed | eta 6s
  step 300/391 | loss 0.0074 | acc 99.9% | 9s elapsed | eta 3s
Ep 227 | loss 0.0075 | task 0.0040 | cons 0.0035 | train 99.9% | test 81.1% | 13s
  step 100/391 | loss 0.0082 | acc 99.9% | 3s elapsed | eta 9s
  step 200/391 | loss 0.0073 | acc 99.9% | 6s elapsed | eta 6s
  step 300/391 | loss 0.0067 | acc 99.9% | 9s elapsed | eta 3s
Ep 228 | loss 0.0063 | task 0.0034 | cons 0.0028 | train 99.9% | test 81.0% | 13s
  step 100/391 | loss 0.0048 | acc 100.0% | 3s elapsed | eta 9s
  step 200/391 | loss 0.0045 | acc 100.0% | 6s elapsed | eta 6s
  step 300/391 | loss 0.0050 | acc 100.0% | 9s elapsed | eta 3s
Ep 229 | loss 0.0051 | task 0.0022 | cons 0.0029 | train 100.0% | test 80.9% | 13s
  step 100/391 | loss 0.0055 | acc 99.9% | 3s elapsed | eta 9s
  step 200/391 | loss 0.0048 | acc 100.0% | 6s elapsed | eta 6s
  step 300/391 | loss 0.0053 | acc 99.9% | 9s elapsed | eta 3s
Ep 230 | loss 0.0055 | task 0.0024 | cons 0.0031 | train 99.9% | test 81.2% | 14s
    K=1: 81.4%
    K=2: 81.3%
    K=4: 81.2%
  step 100/391 | loss 0.0040 | acc 100.0% | 3s elapsed | eta 9s
  step 200/391 | loss 0.0055 | acc 99.9% | 6s elapsed | eta 6s
  step 300/391 | loss 0.0048 | acc 100.0% | 10s elapsed | eta 3s
Ep 231 | loss 0.0052 | task 0.0022 | cons 0.0030 | train 100.0% | test 81.2% | 15s
  step 100/391 | loss 0.0047 | acc 100.0% | 3s elapsed | eta 10s
  step 200/391 | loss 0.0048 | acc 99.9% | 7s elapsed | eta 6s
  step 300/391 | loss 0.0053 | acc 99.9% | 10s elapsed | eta 3s
Ep 232 | loss 0.0055 | task 0.0027 | cons 0.0028 | train 99.9% | test 81.5% | 14s
  step 100/391 | loss 0.0058 | acc 99.9% | 4s elapsed | eta 11s
  step 200/391 | loss 0.0055 | acc 99.9% | 7s elapsed | eta 7s
  step 300/391 | loss 0.0051 | acc 99.9% | 10s elapsed | eta 3s
Ep 233 | loss 0.0050 | task 0.0019 | cons 0.0031 | train 99.9% | test 81.4% | 15s
  step 100/391 | loss 0.0053 | acc 99.9% | 3s elapsed | eta 10s
  step 200/391 | loss 0.0054 | acc 99.9% | 7s elapsed | eta 6s
  step 300/391 | loss 0.0053 | acc 99.9% | 10s elapsed | eta 3s
Ep 234 | loss 0.0053 | task 0.0027 | cons 0.0026 | train 100.0% | test 81.4% | 14s
  step 100/391 | loss 0.0039 | acc 100.0% | 4s elapsed | eta 10s
  step 200/391 | loss 0.0042 | acc 100.0% | 7s elapsed | eta 6s
  step 300/391 | loss 0.0041 | acc 100.0% | 10s elapsed | eta 3s
Ep 235 | loss 0.0043 | task 0.0019 | cons 0.0024 | train 100.0% | test 81.3% | 14s
  step 100/391 | loss 0.0053 | acc 100.0% | 3s elapsed | eta 10s
  step 200/391 | loss 0.0056 | acc 99.9% | 7s elapsed | eta 6s
  step 300/391 | loss 0.0053 | acc 100.0% | 10s elapsed | eta 3s
Ep 236 | loss 0.0052 | task 0.0026 | cons 0.0026 | train 100.0% | test 81.4% | 14s
  step 100/391 | loss 0.0033 | acc 100.0% | 2s elapsed | eta 6s
  step 200/391 | loss 0.0034 | acc 100.0% | 5s elapsed | eta 5s
  step 300/391 | loss 0.0034 | acc 100.0% | 9s elapsed | eta 3s
Ep 237 | loss 0.0034 | task 0.0010 | cons 0.0024 | train 100.0% | test 81.4% | 14s
  step 100/391 | loss 0.0036 | acc 100.0% | 4s elapsed | eta 11s
  step 200/391 | loss 0.0035 | acc 100.0% | 7s elapsed | eta 7s
  step 300/391 | loss 0.0042 | acc 100.0% | 11s elapsed | eta 3s
Ep 238 | loss 0.0042 | task 0.0017 | cons 0.0026 | train 100.0% | test 81.3% | 17s
  step 100/391 | loss 0.0062 | acc 100.0% | 4s elapsed | eta 11s
  step 200/391 | loss 0.0050 | acc 100.0% | 7s elapsed | eta 7s
  step 300/391 | loss 0.0041 | acc 100.0% | 11s elapsed | eta 3s
Ep 239 | loss 0.0045 | task 0.0021 | cons 0.0025 | train 100.0% | test 81.2% | 17s
  step 100/391 | loss 0.0044 | acc 100.0% | 4s elapsed | eta 12s
  step 200/391 | loss 0.0043 | acc 100.0% | 7s elapsed | eta 7s
  step 300/391 | loss 0.0043 | acc 100.0% | 11s elapsed | eta 3s
Ep 240 | loss 0.0043 | task 0.0020 | cons 0.0024 | train 100.0% | test 81.4% | 17s
    K=1: 81.4%
    K=2: 81.6%
    K=4: 81.4%
  step 100/391 | loss 0.0037 | acc 100.0% | 4s elapsed | eta 11s
  step 200/391 | loss 0.0032 | acc 100.0% | 8s elapsed | eta 8s
  step 300/391 | loss 0.0032 | acc 100.0% | 12s elapsed | eta 4s
Ep 241 | loss 0.0032 | task 0.0008 | cons 0.0024 | train 100.0% | test 81.7% | 17s
  step 100/391 | loss 0.0048 | acc 100.0% | 4s elapsed | eta 12s
  step 200/391 | loss 0.0039 | acc 100.0% | 8s elapsed | eta 7s
  step 300/391 | loss 0.0037 | acc 100.0% | 12s elapsed | eta 4s
Ep 242 | loss 0.0038 | task 0.0016 | cons 0.0022 | train 100.0% | test 81.6% | 17s
  step 100/391 | loss 0.0036 | acc 100.0% | 4s elapsed | eta 12s
  step 200/391 | loss 0.0039 | acc 100.0% | 8s elapsed | eta 7s
  step 300/391 | loss 0.0035 | acc 100.0% | 11s elapsed | eta 3s
Ep 243 | loss 0.0036 | task 0.0013 | cons 0.0023 | train 100.0% | test 81.4% | 17s
  step 100/391 | loss 0.0042 | acc 100.0% | 4s elapsed | eta 11s
  step 200/391 | loss 0.0036 | acc 100.0% | 8s elapsed | eta 7s
  step 300/391 | loss 0.0032 | acc 100.0% | 11s elapsed | eta 3s
Ep 244 | loss 0.0035 | task 0.0011 | cons 0.0024 | train 100.0% | test 81.5% | 16s
  step 100/391 | loss 0.0038 | acc 100.0% | 4s elapsed | eta 12s
  step 200/391 | loss 0.0035 | acc 100.0% | 8s elapsed | eta 7s
  step 300/391 | loss 0.0034 | acc 100.0% | 12s elapsed | eta 4s
Ep 245 | loss 0.0037 | task 0.0012 | cons 0.0025 | train 100.0% | test 81.2% | 18s
  step 100/391 | loss 0.0035 | acc 100.0% | 4s elapsed | eta 12s
  step 200/391 | loss 0.0037 | acc 100.0% | 8s elapsed | eta 7s
  step 300/391 | loss 0.0034 | acc 100.0% | 12s elapsed | eta 4s
Ep 246 | loss 0.0033 | task 0.0012 | cons 0.0021 | train 100.0% | test 81.2% | 16s
  step 100/391 | loss 0.0030 | acc 100.0% | 4s elapsed | eta 12s
  step 200/391 | loss 0.0026 | acc 100.0% | 8s elapsed | eta 8s
  step 300/391 | loss 0.0025 | acc 100.0% | 11s elapsed | eta 3s
Ep 247 | loss 0.0028 | task 0.0008 | cons 0.0020 | train 100.0% | test 81.5% | 17s
  step 100/391 | loss 0.0043 | acc 100.0% | 4s elapsed | eta 12s
  step 200/391 | loss 0.0035 | acc 100.0% | 8s elapsed | eta 7s
  step 300/391 | loss 0.0034 | acc 100.0% | 11s elapsed | eta 3s
Ep 248 | loss 0.0031 | task 0.0009 | cons 0.0022 | train 100.0% | test 81.7% | 17s
  step 100/391 | loss 0.0029 | acc 100.0% | 4s elapsed | eta 11s
  step 200/391 | loss 0.0025 | acc 100.0% | 7s elapsed | eta 7s
  step 300/391 | loss 0.0025 | acc 100.0% | 11s elapsed | eta 3s
Ep 249 | loss 0.0024 | task 0.0005 | cons 0.0019 | train 100.0% | test 81.7% | 16s
  step 100/391 | loss 0.0037 | acc 100.0% | 4s elapsed | eta 11s
  step 200/391 | loss 0.0032 | acc 100.0% | 8s elapsed | eta 7s
  step 300/391 | loss 0.0030 | acc 100.0% | 11s elapsed | eta 3s
Ep 250 | loss 0.0031 | task 0.0012 | cons 0.0019 | train 100.0% | test 81.9% | 17s
    K=1: 81.8%
    K=2: 81.9%
    K=4: 81.9%
  step 100/391 | loss 0.0019 | acc 100.0% | 4s elapsed | eta 11s
  step 200/391 | loss 0.0021 | acc 100.0% | 7s elapsed | eta 7s
  step 300/391 | loss 0.0023 | acc 100.0% | 11s elapsed | eta 3s
Ep 251 | loss 0.0022 | task 0.0005 | cons 0.0017 | train 100.0% | test 81.8% | 16s
  step 100/391 | loss 0.0028 | acc 100.0% | 4s elapsed | eta 11s
  step 200/391 | loss 0.0025 | acc 100.0% | 8s elapsed | eta 7s
  step 300/391 | loss 0.0027 | acc 100.0% | 11s elapsed | eta 3s
Ep 252 | loss 0.0027 | task 0.0007 | cons 0.0020 | train 100.0% | test 81.5% | 17s
  step 100/391 | loss 0.0023 | acc 100.0% | 4s elapsed | eta 11s
  step 200/391 | loss 0.0024 | acc 100.0% | 7s elapsed | eta 7s
  step 300/391 | loss 0.0025 | acc 100.0% | 11s elapsed | eta 3s
Ep 253 | loss 0.0027 | task 0.0007 | cons 0.0020 | train 100.0% | test 81.5% | 17s
  step 100/391 | loss 0.0021 | acc 100.0% | 3s elapsed | eta 10s
  step 200/391 | loss 0.0028 | acc 100.0% | 8s elapsed | eta 7s
  step 300/391 | loss 0.0026 | acc 100.0% | 11s elapsed | eta 3s
Ep 254 | loss 0.0027 | task 0.0009 | cons 0.0018 | train 100.0% | test 81.5% | 16s
  step 100/391 | loss 0.0028 | acc 100.0% | 4s elapsed | eta 10s
  step 200/391 | loss 0.0027 | acc 100.0% | 8s elapsed | eta 7s
  step 300/391 | loss 0.0029 | acc 100.0% | 11s elapsed | eta 3s
Ep 255 | loss 0.0028 | task 0.0010 | cons 0.0018 | train 100.0% | test 81.5% | 17s
  step 100/391 | loss 0.0020 | acc 100.0% | 4s elapsed | eta 11s
  step 200/391 | loss 0.0023 | acc 100.0% | 8s elapsed | eta 7s
  step 300/391 | loss 0.0022 | acc 100.0% | 11s elapsed | eta 3s
Ep 256 | loss 0.0023 | task 0.0005 | cons 0.0018 | train 100.0% | test 81.5% | 17s
  step 100/391 | loss 0.0020 | acc 100.0% | 4s elapsed | eta 12s
  step 200/391 | loss 0.0023 | acc 100.0% | 8s elapsed | eta 7s
  step 300/391 | loss 0.0022 | acc 100.0% | 11s elapsed | eta 3s
Ep 257 | loss 0.0021 | task 0.0004 | cons 0.0017 | train 100.0% | test 81.4% | 17s
  step 100/391 | loss 0.0019 | acc 100.0% | 4s elapsed | eta 12s
  step 200/391 | loss 0.0018 | acc 100.0% | 7s elapsed | eta 7s
  step 300/391 | loss 0.0024 | acc 100.0% | 11s elapsed | eta 3s
Ep 258 | loss 0.0022 | task 0.0007 | cons 0.0015 | train 100.0% | test 81.4% | 17s
  step 100/391 | loss 0.0021 | acc 100.0% | 4s elapsed | eta 12s
  step 200/391 | loss 0.0022 | acc 100.0% | 7s elapsed | eta 7s
  step 300/391 | loss 0.0032 | acc 100.0% | 11s elapsed | eta 3s
Ep 259 | loss 0.0030 | task 0.0015 | cons 0.0015 | train 100.0% | test 81.6% | 16s
  step 100/391 | loss 0.0019 | acc 100.0% | 4s elapsed | eta 12s
  step 200/391 | loss 0.0023 | acc 100.0% | 8s elapsed | eta 7s
  step 300/391 | loss 0.0026 | acc 100.0% | 12s elapsed | eta 3s
Ep 260 | loss 0.0025 | task 0.0009 | cons 0.0016 | train 100.0% | test 81.5% | 17s
    K=1: 81.7%
    K=2: 81.8%
    K=4: 81.5%
  step 100/391 | loss 0.0020 | acc 100.0% | 4s elapsed | eta 11s
  step 200/391 | loss 0.0021 | acc 100.0% | 8s elapsed | eta 7s
  step 300/391 | loss 0.0021 | acc 100.0% | 12s elapsed | eta 4s
Ep 261 | loss 0.0021 | task 0.0004 | cons 0.0017 | train 100.0% | test 81.3% | 17s
  step 100/391 | loss 0.0021 | acc 100.0% | 4s elapsed | eta 12s
  step 200/391 | loss 0.0022 | acc 100.0% | 8s elapsed | eta 8s
  step 300/391 | loss 0.0020 | acc 100.0% | 12s elapsed | eta 4s
Ep 262 | loss 0.0020 | task 0.0004 | cons 0.0016 | train 100.0% | test 81.5% | 17s
  step 100/391 | loss 0.0016 | acc 100.0% | 4s elapsed | eta 11s
  step 200/391 | loss 0.0019 | acc 100.0% | 7s elapsed | eta 7s
  step 300/391 | loss 0.0020 | acc 100.0% | 11s elapsed | eta 3s
Ep 263 | loss 0.0020 | task 0.0006 | cons 0.0015 | train 100.0% | test 81.6% | 16s
  step 100/391 | loss 0.0018 | acc 100.0% | 4s elapsed | eta 11s
  step 200/391 | loss 0.0022 | acc 100.0% | 7s elapsed | eta 7s
  step 300/391 | loss 0.0024 | acc 100.0% | 11s elapsed | eta 3s
Ep 264 | loss 0.0023 | task 0.0008 | cons 0.0015 | train 100.0% | test 81.5% | 16s
  step 100/391 | loss 0.0021 | acc 100.0% | 4s elapsed | eta 12s
  step 200/391 | loss 0.0023 | acc 100.0% | 8s elapsed | eta 7s
  step 300/391 | loss 0.0021 | acc 100.0% | 11s elapsed | eta 3s
Ep 265 | loss 0.0021 | task 0.0007 | cons 0.0014 | train 100.0% | test 81.7% | 17s
  step 100/391 | loss 0.0026 | acc 100.0% | 4s elapsed | eta 11s
  step 200/391 | loss 0.0023 | acc 100.0% | 7s elapsed | eta 7s
  step 300/391 | loss 0.0021 | acc 100.0% | 11s elapsed | eta 3s
Ep 266 | loss 0.0020 | task 0.0005 | cons 0.0015 | train 100.0% | test 81.5% | 16s
  step 100/391 | loss 0.0017 | acc 100.0% | 4s elapsed | eta 12s
  step 200/391 | loss 0.0016 | acc 100.0% | 8s elapsed | eta 7s
  step 300/391 | loss 0.0019 | acc 100.0% | 12s elapsed | eta 3s
Ep 267 | loss 0.0018 | task 0.0004 | cons 0.0015 | train 100.0% | test 81.5% | 17s
  step 100/391 | loss 0.0022 | acc 100.0% | 4s elapsed | eta 11s
  step 200/391 | loss 0.0024 | acc 100.0% | 8s elapsed | eta 8s
  step 300/391 | loss 0.0022 | acc 100.0% | 11s elapsed | eta 3s
Ep 268 | loss 0.0021 | task 0.0007 | cons 0.0014 | train 100.0% | test 81.5% | 17s
  step 100/391 | loss 0.0015 | acc 100.0% | 4s elapsed | eta 11s
  step 200/391 | loss 0.0016 | acc 100.0% | 8s elapsed | eta 7s
  step 300/391 | loss 0.0016 | acc 100.0% | 11s elapsed | eta 3s
Ep 269 | loss 0.0015 | task 0.0002 | cons 0.0014 | train 100.0% | test 81.7% | 17s
  step 100/391 | loss 0.0018 | acc 100.0% | 4s elapsed | eta 10s
  step 200/391 | loss 0.0018 | acc 100.0% | 7s elapsed | eta 7s
  step 300/391 | loss 0.0019 | acc 100.0% | 11s elapsed | eta 3s
Ep 270 | loss 0.0020 | task 0.0005 | cons 0.0015 | train 100.0% | test 81.6% | 17s
    K=1: 81.9%
    K=2: 81.7%
    K=4: 81.6%
  step 100/391 | loss 0.0015 | acc 100.0% | 4s elapsed | eta 11s
  step 200/391 | loss 0.0017 | acc 100.0% | 7s elapsed | eta 7s
  step 300/391 | loss 0.0018 | acc 100.0% | 11s elapsed | eta 3s
Ep 271 | loss 0.0018 | task 0.0004 | cons 0.0013 | train 100.0% | test 81.6% | 17s
  step 100/391 | loss 0.0014 | acc 100.0% | 4s elapsed | eta 12s
  step 200/391 | loss 0.0013 | acc 100.0% | 7s elapsed | eta 7s
  step 300/391 | loss 0.0014 | acc 100.0% | 11s elapsed | eta 3s
Ep 272 | loss 0.0014 | task 0.0002 | cons 0.0012 | train 100.0% | test 81.5% | 16s
  step 100/391 | loss 0.0025 | acc 100.0% | 4s elapsed | eta 12s
  step 200/391 | loss 0.0021 | acc 100.0% | 8s elapsed | eta 8s
  step 300/391 | loss 0.0019 | acc 100.0% | 12s elapsed | eta 4s
Ep 273 | loss 0.0018 | task 0.0004 | cons 0.0014 | train 100.0% | test 81.6% | 17s
  step 100/391 | loss 0.0018 | acc 100.0% | 4s elapsed | eta 12s
  step 200/391 | loss 0.0019 | acc 100.0% | 8s elapsed | eta 7s
  step 300/391 | loss 0.0017 | acc 100.0% | 11s elapsed | eta 3s
Ep 274 | loss 0.0019 | task 0.0005 | cons 0.0013 | train 100.0% | test 81.6% | 17s
  step 100/391 | loss 0.0015 | acc 100.0% | 3s elapsed | eta 10s
  step 200/391 | loss 0.0016 | acc 100.0% | 7s elapsed | eta 7s
  step 300/391 | loss 0.0019 | acc 100.0% | 11s elapsed | eta 3s
Ep 275 | loss 0.0018 | task 0.0004 | cons 0.0014 | train 100.0% | test 81.5% | 16s
  step 100/391 | loss 0.0022 | acc 100.0% | 4s elapsed | eta 11s
  step 200/391 | loss 0.0018 | acc 100.0% | 8s elapsed | eta 7s
  step 300/391 | loss 0.0018 | acc 100.0% | 11s elapsed | eta 3s
Ep 276 | loss 0.0017 | task 0.0004 | cons 0.0014 | train 100.0% | test 81.6% | 17s
  step 100/391 | loss 0.0015 | acc 100.0% | 4s elapsed | eta 10s
  step 200/391 | loss 0.0015 | acc 100.0% | 8s elapsed | eta 7s
  step 300/391 | loss 0.0015 | acc 100.0% | 11s elapsed | eta 3s
Ep 277 | loss 0.0014 | task 0.0002 | cons 0.0012 | train 100.0% | test 81.8% | 17s
  step 100/391 | loss 0.0011 | acc 100.0% | 4s elapsed | eta 11s
  step 200/391 | loss 0.0013 | acc 100.0% | 7s elapsed | eta 7s
  step 300/391 | loss 0.0014 | acc 100.0% | 11s elapsed | eta 3s
Ep 278 | loss 0.0014 | task 0.0002 | cons 0.0012 | train 100.0% | test 81.8% | 16s
  step 100/391 | loss 0.0015 | acc 100.0% | 4s elapsed | eta 11s
  step 200/391 | loss 0.0014 | acc 100.0% | 7s elapsed | eta 7s
  step 300/391 | loss 0.0014 | acc 100.0% | 11s elapsed | eta 3s
Ep 279 | loss 0.0013 | task 0.0002 | cons 0.0012 | train 100.0% | test 81.6% | 17s
  step 100/391 | loss 0.0014 | acc 100.0% | 4s elapsed | eta 12s
  step 200/391 | loss 0.0019 | acc 100.0% | 8s elapsed | eta 7s
  step 300/391 | loss 0.0017 | acc 100.0% | 12s elapsed | eta 4s
Ep 280 | loss 0.0017 | task 0.0003 | cons 0.0013 | train 100.0% | test 81.7% | 17s
    K=1: 81.9%
    K=2: 81.8%
    K=4: 81.7%
  step 100/391 | loss 0.0013 | acc 100.0% | 4s elapsed | eta 10s
  step 200/391 | loss 0.0014 | acc 100.0% | 7s elapsed | eta 7s
  step 300/391 | loss 0.0015 | acc 100.0% | 11s elapsed | eta 3s
Ep 281 | loss 0.0014 | task 0.0003 | cons 0.0012 | train 100.0% | test 81.6% | 16s
  step 100/391 | loss 0.0014 | acc 100.0% | 4s elapsed | eta 10s
  step 200/391 | loss 0.0015 | acc 100.0% | 8s elapsed | eta 7s
  step 300/391 | loss 0.0014 | acc 100.0% | 12s elapsed | eta 3s
Ep 282 | loss 0.0013 | task 0.0002 | cons 0.0011 | train 100.0% | test 81.7% | 17s
  step 100/391 | loss 0.0018 | acc 100.0% | 4s elapsed | eta 11s
  step 200/391 | loss 0.0015 | acc 100.0% | 7s elapsed | eta 7s
  step 300/391 | loss 0.0014 | acc 100.0% | 11s elapsed | eta 3s
Ep 283 | loss 0.0013 | task 0.0003 | cons 0.0010 | train 100.0% | test 81.7% | 16s
  step 100/391 | loss 0.0017 | acc 100.0% | 4s elapsed | eta 12s
  step 200/391 | loss 0.0016 | acc 100.0% | 8s elapsed | eta 8s
  step 300/391 | loss 0.0015 | acc 100.0% | 12s elapsed | eta 4s
Ep 284 | loss 0.0014 | task 0.0001 | cons 0.0012 | train 100.0% | test 81.7% | 17s
  step 100/391 | loss 0.0014 | acc 100.0% | 4s elapsed | eta 12s
  step 200/391 | loss 0.0020 | acc 100.0% | 8s elapsed | eta 8s
  step 300/391 | loss 0.0018 | acc 100.0% | 12s elapsed | eta 4s
Ep 285 | loss 0.0016 | task 0.0004 | cons 0.0012 | train 100.0% | test 81.7% | 17s
  step 100/391 | loss 0.0015 | acc 100.0% | 4s elapsed | eta 12s
  step 200/391 | loss 0.0014 | acc 100.0% | 8s elapsed | eta 7s
  step 300/391 | loss 0.0013 | acc 100.0% | 11s elapsed | eta 3s
Ep 286 | loss 0.0013 | task 0.0001 | cons 0.0011 | train 100.0% | test 81.7% | 17s
  step 100/391 | loss 0.0019 | acc 100.0% | 4s elapsed | eta 12s
  step 200/391 | loss 0.0018 | acc 100.0% | 8s elapsed | eta 7s
  step 300/391 | loss 0.0016 | acc 100.0% | 12s elapsed | eta 4s
Ep 287 | loss 0.0016 | task 0.0003 | cons 0.0014 | train 100.0% | test 81.6% | 17s
  step 100/391 | loss 0.0015 | acc 100.0% | 4s elapsed | eta 12s
  step 200/391 | loss 0.0013 | acc 100.0% | 8s elapsed | eta 7s
  step 300/391 | loss 0.0015 | acc 100.0% | 11s elapsed | eta 3s
Ep 288 | loss 0.0014 | task 0.0003 | cons 0.0011 | train 100.0% | test 81.5% | 17s
  step 100/391 | loss 0.0013 | acc 100.0% | 4s elapsed | eta 11s
  step 200/391 | loss 0.0013 | acc 100.0% | 7s elapsed | eta 7s
  step 300/391 | loss 0.0014 | acc 100.0% | 11s elapsed | eta 3s
Ep 289 | loss 0.0013 | task 0.0002 | cons 0.0011 | train 100.0% | test 81.5% | 16s
  step 100/391 | loss 0.0016 | acc 100.0% | 4s elapsed | eta 11s
  step 200/391 | loss 0.0014 | acc 100.0% | 8s elapsed | eta 7s
  step 300/391 | loss 0.0014 | acc 100.0% | 11s elapsed | eta 3s
Ep 290 | loss 0.0013 | task 0.0002 | cons 0.0011 | train 100.0% | test 81.6% | 17s
    K=1: 82.0%
    K=2: 81.8%
    K=4: 81.6%
  step 100/391 | loss 0.0012 | acc 100.0% | 4s elapsed | eta 11s
  step 200/391 | loss 0.0013 | acc 100.0% | 7s elapsed | eta 7s
  step 300/391 | loss 0.0012 | acc 100.0% | 11s elapsed | eta 3s
Ep 291 | loss 0.0012 | task 0.0002 | cons 0.0010 | train 100.0% | test 81.6% | 16s
  step 100/391 | loss 0.0023 | acc 100.0% | 4s elapsed | eta 12s
  step 200/391 | loss 0.0017 | acc 100.0% | 7s elapsed | eta 7s
  step 300/391 | loss 0.0016 | acc 100.0% | 11s elapsed | eta 3s
Ep 292 | loss 0.0016 | task 0.0004 | cons 0.0012 | train 100.0% | test 81.5% | 17s
  step 100/391 | loss 0.0015 | acc 100.0% | 4s elapsed | eta 12s
  step 200/391 | loss 0.0015 | acc 100.0% | 7s elapsed | eta 7s
  step 300/391 | loss 0.0015 | acc 100.0% | 11s elapsed | eta 3s
Ep 293 | loss 0.0015 | task 0.0004 | cons 0.0011 | train 100.0% | test 81.6% | 17s
  step 100/391 | loss 0.0015 | acc 100.0% | 4s elapsed | eta 13s
  step 200/391 | loss 0.0012 | acc 100.0% | 8s elapsed | eta 8s
  step 300/391 | loss 0.0013 | acc 100.0% | 12s elapsed | eta 4s
Ep 294 | loss 0.0014 | task 0.0002 | cons 0.0011 | train 100.0% | test 81.6% | 17s
  step 100/391 | loss 0.0013 | acc 100.0% | 4s elapsed | eta 11s
  step 200/391 | loss 0.0013 | acc 100.0% | 7s elapsed | eta 7s
  step 300/391 | loss 0.0013 | acc 100.0% | 11s elapsed | eta 3s
Ep 295 | loss 0.0013 | task 0.0002 | cons 0.0011 | train 100.0% | test 81.6% | 17s
  step 100/391 | loss 0.0014 | acc 100.0% | 4s elapsed | eta 11s
  step 200/391 | loss 0.0013 | acc 100.0% | 8s elapsed | eta 7s
  step 300/391 | loss 0.0013 | acc 100.0% | 11s elapsed | eta 3s
Ep 296 | loss 0.0013 | task 0.0002 | cons 0.0011 | train 100.0% | test 81.6% | 17s
  step 100/391 | loss 0.0012 | acc 100.0% | 3s elapsed | eta 10s
  step 200/391 | loss 0.0014 | acc 100.0% | 7s elapsed | eta 7s
  step 300/391 | loss 0.0014 | acc 100.0% | 11s elapsed | eta 3s
Ep 297 | loss 0.0013 | task 0.0002 | cons 0.0011 | train 100.0% | test 81.7% | 17s
  step 100/391 | loss 0.0016 | acc 100.0% | 4s elapsed | eta 11s
  step 200/391 | loss 0.0015 | acc 100.0% | 8s elapsed | eta 7s
  step 300/391 | loss 0.0015 | acc 100.0% | 11s elapsed | eta 3s
Ep 298 | loss 0.0014 | task 0.0002 | cons 0.0013 | train 100.0% | test 81.7% | 16s
  step 100/391 | loss 0.0012 | acc 100.0% | 4s elapsed | eta 11s
  step 200/391 | loss 0.0013 | acc 100.0% | 7s elapsed | eta 7s
  step 300/391 | loss 0.0013 | acc 100.0% | 11s elapsed | eta 3s
Ep 299 | loss 0.0014 | task 0.0003 | cons 0.0010 | train 100.0% | test 81.7% | 16s
  step 100/391 | loss 0.0013 | acc 100.0% | 4s elapsed | eta 12s
  step 200/391 | loss 0.0013 | acc 100.0% | 8s elapsed | eta 7s
  step 300/391 | loss 0.0013 | acc 100.0% | 12s elapsed | eta 4s
Ep 300 | loss 0.0013 | task 0.0002 | cons 0.0011 | train 100.0% | test 81.7% | 17s
    K=1: 82.1%
    K=2: 81.9%
    K=4: 81.7%
Saved checkpoint to models/direct_4bpu_K4_linear.pt
