/home/ec2-user/dev/ugh/.venv/lib/python3.13/site-packages/torchvision/datasets/cifar.py:83: VisibleDeprecationWarning: dtype(): align should be passed as Python or NumPy boolean but got `align=0`. Did you mean to pass a tuple to create a subarray type? (Deprecated NumPy 2.4)
  entry = pickle.load(f, encoding="latin1")
Model: continuous | Params: 522,762 | K=8 | blocks/unit=1
----------------------------------------------------------------------
  step 100/391 | loss 2.0201 | acc 25.1% | 3s elapsed | eta 9s
  step 200/391 | loss 1.9327 | acc 27.9% | 7s elapsed | eta 7s
  step 300/391 | loss 1.8785 | acc 29.9% | 11s elapsed | eta 3s
Ep   1 | loss 1.8289 | task 1.8289 | cons 0.0000 | train 31.8% | test 38.6% | 16s
  step 100/391 | loss 1.6288 | acc 40.1% | 2s elapsed | eta 5s
  step 200/391 | loss 1.5997 | acc 41.3% | 3s elapsed | eta 3s
  step 300/391 | loss 1.5736 | acc 42.4% | 5s elapsed | eta 1s
Ep   2 | loss 1.5565 | task 1.5565 | cons 0.0000 | train 43.1% | test 46.2% | 8s
  step 100/391 | loss 1.4803 | acc 46.5% | 2s elapsed | eta 5s
  step 200/391 | loss 1.4544 | acc 47.2% | 3s elapsed | eta 3s
  step 300/391 | loss 1.4502 | acc 47.5% | 5s elapsed | eta 2s
Ep   3 | loss 1.4325 | task 1.4325 | cons 0.0000 | train 48.1% | test 50.9% | 8s
  step 100/391 | loss 1.3828 | acc 49.7% | 2s elapsed | eta 6s
  step 200/391 | loss 1.3646 | acc 50.5% | 4s elapsed | eta 3s
  step 300/391 | loss 1.3605 | acc 50.8% | 5s elapsed | eta 2s
Ep   4 | loss 1.3543 | task 1.3543 | cons 0.0000 | train 50.9% | test 52.9% | 11s
  step 100/391 | loss 1.3037 | acc 52.8% | 4s elapsed | eta 13s
  step 200/391 | loss 1.2982 | acc 53.0% | 8s elapsed | eta 7s
  step 300/391 | loss 1.2885 | acc 53.2% | 9s elapsed | eta 3s
Ep   5 | loss 1.2824 | task 1.2824 | cons 0.0000 | train 53.5% | test 55.7% | 11s
  step 100/391 | loss 1.2465 | acc 54.8% | 2s elapsed | eta 5s
  step 200/391 | loss 1.2450 | acc 55.0% | 3s elapsed | eta 3s
  step 300/391 | loss 1.2400 | acc 55.4% | 4s elapsed | eta 1s
Ep   6 | loss 1.2363 | task 1.2363 | cons 0.0000 | train 55.4% | test 54.2% | 7s
  step 100/391 | loss 1.2243 | acc 55.7% | 1s elapsed | eta 4s
  step 200/391 | loss 1.2179 | acc 56.2% | 3s elapsed | eta 3s
  step 300/391 | loss 1.2014 | acc 56.8% | 4s elapsed | eta 1s
Ep   7 | loss 1.1984 | task 1.1984 | cons 0.0000 | train 56.9% | test 59.3% | 10s
  step 100/391 | loss 1.1459 | acc 58.6% | 3s elapsed | eta 10s
  step 200/391 | loss 1.1597 | acc 58.3% | 4s elapsed | eta 4s
  step 300/391 | loss 1.1637 | acc 58.0% | 5s elapsed | eta 2s
Ep   8 | loss 1.1559 | task 1.1559 | cons 0.0000 | train 58.4% | test 60.3% | 7s
  step 100/391 | loss 1.1319 | acc 59.3% | 1s elapsed | eta 4s
  step 200/391 | loss 1.1235 | acc 59.4% | 3s elapsed | eta 2s
  step 300/391 | loss 1.1309 | acc 59.1% | 3s elapsed | eta 1s
Ep   9 | loss 1.1236 | task 1.1236 | cons 0.0000 | train 59.5% | test 61.3% | 6s
  step 100/391 | loss 1.0888 | acc 60.8% | 1s elapsed | eta 4s
  step 200/391 | loss 1.1100 | acc 60.2% | 2s elapsed | eta 2s
  step 300/391 | loss 1.1011 | acc 60.4% | 3s elapsed | eta 1s
Ep  10 | loss 1.1010 | task 1.1010 | cons 0.0000 | train 60.4% | test 63.4% | 5s
    K=1: 51.0%
    K=2: 61.2%
    K=4: 63.9%
  step 100/391 | loss 1.0540 | acc 62.4% | 1s elapsed | eta 4s
  step 200/391 | loss 1.0500 | acc 62.5% | 2s elapsed | eta 2s
  step 300/391 | loss 1.0468 | acc 62.6% | 3s elapsed | eta 1s
Ep  11 | loss 1.0517 | task 1.0517 | cons 0.0000 | train 62.4% | test 59.2% | 5s
  step 100/391 | loss 1.0693 | acc 61.3% | 2s elapsed | eta 5s
  step 200/391 | loss 1.0468 | acc 62.3% | 3s elapsed | eta 3s
  step 300/391 | loss 1.0444 | acc 62.4% | 5s elapsed | eta 2s
Ep  12 | loss 1.0434 | task 1.0434 | cons 0.0000 | train 62.5% | test 64.6% | 8s
  step 100/391 | loss 0.9830 | acc 65.1% | 2s elapsed | eta 6s
  step 200/391 | loss 0.9982 | acc 64.4% | 4s elapsed | eta 4s
  step 300/391 | loss 1.0096 | acc 63.9% | 6s elapsed | eta 2s
Ep  13 | loss 1.0005 | task 1.0005 | cons 0.0000 | train 64.3% | test 66.9% | 10s
  step 100/391 | loss 0.9642 | acc 65.8% | 2s elapsed | eta 7s
  step 200/391 | loss 0.9636 | acc 65.7% | 5s elapsed | eta 4s
  step 300/391 | loss 0.9752 | acc 65.2% | 7s elapsed | eta 2s
Ep  14 | loss 0.9829 | task 0.9829 | cons 0.0000 | train 64.9% | test 67.1% | 11s
  step 100/391 | loss 0.9700 | acc 65.3% | 2s elapsed | eta 7s
  step 200/391 | loss 0.9730 | acc 65.2% | 4s elapsed | eta 4s
  step 300/391 | loss 0.9672 | acc 65.4% | 7s elapsed | eta 2s
Ep  15 | loss 0.9719 | task 0.9719 | cons 0.0000 | train 65.2% | test 68.0% | 9s
  step 100/391 | loss 0.9791 | acc 64.9% | 2s elapsed | eta 5s
  step 200/391 | loss 0.9547 | acc 65.9% | 4s elapsed | eta 4s
  step 300/391 | loss 0.9463 | acc 66.1% | 7s elapsed | eta 2s
Ep  16 | loss 0.9417 | task 0.9417 | cons 0.0000 | train 66.4% | test 66.6% | 15s
  step 100/391 | loss 0.9349 | acc 67.1% | 3s elapsed | eta 10s
  step 200/391 | loss 0.9358 | acc 66.8% | 6s elapsed | eta 6s
  step 300/391 | loss 0.9424 | acc 66.4% | 9s elapsed | eta 3s
Ep  17 | loss 0.9381 | task 0.9381 | cons 0.0000 | train 66.5% | test 68.1% | 12s
  step 100/391 | loss 0.8831 | acc 68.5% | 2s elapsed | eta 6s
  step 200/391 | loss 0.8795 | acc 68.8% | 4s elapsed | eta 4s
  step 300/391 | loss 0.8822 | acc 68.5% | 6s elapsed | eta 2s
Ep  18 | loss 0.8832 | task 0.8832 | cons 0.0000 | train 68.6% | test 70.0% | 8s
  step 100/391 | loss 0.8944 | acc 68.0% | 2s elapsed | eta 6s
  step 200/391 | loss 0.8879 | acc 68.3% | 4s elapsed | eta 3s
  step 300/391 | loss 0.8887 | acc 68.2% | 6s elapsed | eta 2s
Ep  19 | loss 0.8895 | task 0.8895 | cons 0.0000 | train 68.3% | test 69.7% | 9s
  step 100/391 | loss 0.8793 | acc 68.5% | 2s elapsed | eta 6s
  step 200/391 | loss 0.8663 | acc 69.1% | 4s elapsed | eta 4s
  step 300/391 | loss 0.8606 | acc 69.4% | 6s elapsed | eta 2s
Ep  20 | loss 0.8756 | task 0.8756 | cons 0.0000 | train 68.8% | test 70.4% | 13s
    K=1: 50.6%
    K=2: 66.9%
    K=4: 70.8%
  step 100/391 | loss 0.8570 | acc 69.6% | 2s elapsed | eta 6s
  step 200/391 | loss 0.8520 | acc 69.6% | 4s elapsed | eta 3s
  step 300/391 | loss 0.8594 | acc 69.4% | 5s elapsed | eta 2s
Ep  21 | loss 0.8496 | task 0.8496 | cons 0.0000 | train 69.8% | test 69.8% | 8s
  step 100/391 | loss 0.8615 | acc 69.1% | 2s elapsed | eta 5s
  step 200/391 | loss 0.8558 | acc 69.7% | 3s elapsed | eta 3s
  step 300/391 | loss 0.8562 | acc 69.5% | 5s elapsed | eta 2s
Ep  22 | loss 0.8605 | task 0.8605 | cons 0.0000 | train 69.3% | test 71.3% | 8s
  step 100/391 | loss 0.8290 | acc 70.3% | 2s elapsed | eta 5s
  step 200/391 | loss 0.8189 | acc 70.9% | 3s elapsed | eta 3s
  step 300/391 | loss 0.8159 | acc 71.0% | 5s elapsed | eta 2s
Ep  23 | loss 0.8131 | task 0.8131 | cons 0.0000 | train 71.1% | test 72.5% | 10s
  step 100/391 | loss 0.8263 | acc 70.6% | 5s elapsed | eta 13s
  step 200/391 | loss 0.8322 | acc 70.5% | 9s elapsed | eta 8s
  step 300/391 | loss 0.8299 | acc 70.5% | 11s elapsed | eta 3s
Ep  24 | loss 0.8355 | task 0.8355 | cons 0.0000 | train 70.3% | test 72.9% | 13s
  step 100/391 | loss 0.8089 | acc 71.4% | 2s elapsed | eta 5s
  step 200/391 | loss 0.7974 | acc 71.9% | 3s elapsed | eta 3s
  step 300/391 | loss 0.7943 | acc 71.9% | 5s elapsed | eta 1s
Ep  25 | loss 0.8083 | task 0.8083 | cons 0.0000 | train 71.4% | test 70.3% | 8s
  step 100/391 | loss 0.8022 | acc 70.9% | 2s elapsed | eta 6s
  step 200/391 | loss 0.7960 | acc 71.2% | 4s elapsed | eta 3s
  step 300/391 | loss 0.7970 | acc 71.3% | 6s elapsed | eta 2s
Ep  26 | loss 0.8032 | task 0.8032 | cons 0.0000 | train 71.2% | test 73.4% | 9s
  step 100/391 | loss 0.7358 | acc 73.6% | 2s elapsed | eta 5s
  step 200/391 | loss 0.7574 | acc 72.8% | 3s elapsed | eta 3s
  step 300/391 | loss 0.7686 | acc 72.5% | 7s elapsed | eta 2s
Ep  27 | loss 0.7791 | task 0.7791 | cons 0.0000 | train 72.1% | test 69.8% | 14s
  step 100/391 | loss 0.7962 | acc 71.8% | 2s elapsed | eta 7s
  step 200/391 | loss 0.7617 | acc 73.0% | 4s elapsed | eta 4s
  step 300/391 | loss 0.7765 | acc 72.5% | 5s elapsed | eta 2s
Ep  28 | loss 0.7740 | task 0.7740 | cons 0.0000 | train 72.6% | test 74.3% | 7s
  step 100/391 | loss 0.7491 | acc 73.3% | 2s elapsed | eta 4s
  step 200/391 | loss 0.7420 | acc 73.6% | 3s elapsed | eta 3s
  step 300/391 | loss 0.7520 | acc 73.3% | 4s elapsed | eta 1s
Ep  29 | loss 0.7445 | task 0.7445 | cons 0.0000 | train 73.5% | test 73.6% | 9s
  step 100/391 | loss 0.7679 | acc 73.0% | 3s elapsed | eta 10s
  step 200/391 | loss 0.7849 | acc 72.2% | 4s elapsed | eta 4s
  step 300/391 | loss 0.7759 | acc 72.4% | 5s elapsed | eta 2s
Ep  30 | loss 0.7758 | task 0.7758 | cons 0.0000 | train 72.4% | test 74.2% | 7s
    K=1: 52.8%
    K=2: 68.5%
    K=4: 74.3%
  step 100/391 | loss 0.7820 | acc 71.8% | 2s elapsed | eta 5s
  step 200/391 | loss 0.7713 | acc 72.3% | 3s elapsed | eta 2s
  step 300/391 | loss 0.7636 | acc 72.6% | 4s elapsed | eta 1s
Ep  31 | loss 0.7584 | task 0.7584 | cons 0.0000 | train 72.7% | test 74.5% | 5s
  step 100/391 | loss 0.7218 | acc 74.1% | 1s elapsed | eta 4s
  step 200/391 | loss 0.7320 | acc 73.7% | 2s elapsed | eta 2s
  step 300/391 | loss 0.7228 | acc 74.2% | 3s elapsed | eta 1s
Ep  32 | loss 0.7358 | task 0.7358 | cons 0.0000 | train 73.7% | test 75.1% | 5s
  step 100/391 | loss 0.7159 | acc 74.6% | 1s elapsed | eta 4s
  step 200/391 | loss 0.7053 | acc 75.0% | 2s elapsed | eta 2s
  step 300/391 | loss 0.7077 | acc 74.9% | 3s elapsed | eta 1s
Ep  33 | loss 0.7159 | task 0.7159 | cons 0.0000 | train 74.5% | test 74.5% | 5s
  step 100/391 | loss 0.6750 | acc 76.1% | 2s elapsed | eta 5s
  step 200/391 | loss 0.6853 | acc 75.7% | 3s elapsed | eta 3s
  step 300/391 | loss 0.6821 | acc 75.8% | 5s elapsed | eta 2s
Ep  34 | loss 0.6856 | task 0.6856 | cons 0.0000 | train 75.6% | test 74.5% | 9s
  step 100/391 | loss 0.6604 | acc 76.1% | 2s elapsed | eta 6s
  step 200/391 | loss 0.6986 | acc 74.9% | 4s elapsed | eta 4s
  step 300/391 | loss 0.6930 | acc 75.2% | 6s elapsed | eta 2s
Ep  35 | loss 0.7045 | task 0.7045 | cons 0.0000 | train 74.8% | test 74.6% | 9s
  step 100/391 | loss 0.6559 | acc 76.6% | 2s elapsed | eta 6s
  step 200/391 | loss 0.6891 | acc 75.4% | 4s elapsed | eta 4s
  step 300/391 | loss 0.6881 | acc 75.5% | 7s elapsed | eta 2s
Ep  36 | loss 0.6866 | task 0.6866 | cons 0.0000 | train 75.5% | test 75.3% | 10s
  step 100/391 | loss 0.6335 | acc 77.6% | 2s elapsed | eta 7s
  step 200/391 | loss 0.6656 | acc 76.1% | 5s elapsed | eta 5s
  step 300/391 | loss 0.6804 | acc 75.6% | 7s elapsed | eta 2s
Ep  37 | loss 0.6949 | task 0.6949 | cons 0.0000 | train 75.2% | test 75.7% | 10s
  step 100/391 | loss 0.6995 | acc 74.9% | 2s elapsed | eta 5s
  step 200/391 | loss 0.7039 | acc 74.8% | 4s elapsed | eta 4s
  step 300/391 | loss 0.7013 | acc 75.0% | 7s elapsed | eta 2s
Ep  38 | loss 0.6897 | task 0.6897 | cons 0.0000 | train 75.4% | test 75.9% | 15s
  step 100/391 | loss 0.6589 | acc 76.6% | 3s elapsed | eta 8s
  step 200/391 | loss 0.6853 | acc 75.5% | 5s elapsed | eta 5s
  step 300/391 | loss 0.6765 | acc 75.8% | 8s elapsed | eta 2s
Ep  39 | loss 0.6823 | task 0.6823 | cons 0.0000 | train 75.7% | test 75.3% | 11s
  step 100/391 | loss 0.6302 | acc 77.7% | 2s elapsed | eta 7s
  step 200/391 | loss 0.6499 | acc 76.7% | 4s elapsed | eta 4s
  step 300/391 | loss 0.6594 | acc 76.4% | 6s elapsed | eta 2s
Ep  40 | loss 0.6776 | task 0.6776 | cons 0.0000 | train 75.8% | test 75.1% | 9s
    K=1: 52.5%
    K=2: 70.4%
    K=4: 75.7%
  step 100/391 | loss 0.6165 | acc 78.1% | 2s elapsed | eta 6s
  step 200/391 | loss 0.6363 | acc 77.3% | 4s elapsed | eta 4s
  step 300/391 | loss 0.6546 | acc 76.5% | 6s elapsed | eta 2s
Ep  41 | loss 0.6562 | task 0.6562 | cons 0.0000 | train 76.5% | test 74.1% | 9s
  step 100/391 | loss 0.6340 | acc 77.1% | 2s elapsed | eta 6s
  step 200/391 | loss 0.6358 | acc 77.2% | 4s elapsed | eta 4s
  step 300/391 | loss 0.6376 | acc 77.2% | 8s elapsed | eta 2s
Ep  42 | loss 0.6373 | task 0.6373 | cons 0.0000 | train 77.2% | test 75.6% | 16s
  step 100/391 | loss 0.6433 | acc 77.0% | 2s elapsed | eta 6s
  step 200/391 | loss 0.6406 | acc 76.8% | 4s elapsed | eta 3s
  step 300/391 | loss 0.6212 | acc 77.8% | 5s elapsed | eta 2s
Ep  43 | loss 0.6233 | task 0.6233 | cons 0.0000 | train 77.7% | test 76.4% | 8s
  step 100/391 | loss 0.6212 | acc 77.8% | 2s elapsed | eta 5s
  step 200/391 | loss 0.6338 | acc 77.2% | 4s elapsed | eta 3s
  step 300/391 | loss 0.6423 | acc 76.9% | 5s elapsed | eta 2s
Ep  44 | loss 0.6402 | task 0.6402 | cons 0.0000 | train 77.0% | test 76.1% | 8s
  step 100/391 | loss 0.5839 | acc 79.2% | 2s elapsed | eta 5s
  step 200/391 | loss 0.6113 | acc 78.2% | 3s elapsed | eta 3s
  step 300/391 | loss 0.6303 | acc 77.4% | 5s elapsed | eta 1s
Ep  45 | loss 0.6300 | task 0.6300 | cons 0.0000 | train 77.4% | test 76.4% | 8s
  step 100/391 | loss 0.6134 | acc 78.5% | 2s elapsed | eta 7s
  step 200/391 | loss 0.6123 | acc 78.4% | 6s elapsed | eta 6s
  step 300/391 | loss 0.6210 | acc 78.0% | 11s elapsed | eta 3s
Ep  46 | loss 0.6211 | task 0.6211 | cons 0.0000 | train 78.0% | test 76.4% | 15s
  step 100/391 | loss 0.5930 | acc 78.7% | 2s elapsed | eta 5s
  step 200/391 | loss 0.6100 | acc 78.1% | 3s elapsed | eta 3s
  step 300/391 | loss 0.6115 | acc 78.0% | 5s elapsed | eta 2s
Ep  47 | loss 0.6069 | task 0.6069 | cons 0.0000 | train 78.3% | test 76.1% | 8s
  step 100/391 | loss 0.6179 | acc 77.6% | 2s elapsed | eta 5s
  step 200/391 | loss 0.5961 | acc 78.7% | 3s elapsed | eta 3s
  step 300/391 | loss 0.5975 | acc 78.6% | 5s elapsed | eta 2s
Ep  48 | loss 0.5895 | task 0.5895 | cons 0.0000 | train 78.9% | test 76.0% | 8s
  step 100/391 | loss 0.5817 | acc 79.3% | 2s elapsed | eta 5s
  step 200/391 | loss 0.5773 | acc 79.5% | 3s elapsed | eta 3s
  step 300/391 | loss 0.5868 | acc 79.1% | 5s elapsed | eta 2s
Ep  49 | loss 0.5953 | task 0.5953 | cons 0.0000 | train 78.8% | test 74.6% | 12s
  step 100/391 | loss 0.5651 | acc 79.8% | 4s elapsed | eta 12s
  step 200/391 | loss 0.5745 | acc 79.4% | 6s elapsed | eta 6s
  step 300/391 | loss 0.5874 | acc 79.1% | 7s elapsed | eta 2s
Ep  50 | loss 0.5959 | task 0.5959 | cons 0.0000 | train 78.8% | test 77.2% | 9s
    K=1: 52.9%
    K=2: 70.7%
    K=4: 77.2%
  step 100/391 | loss 0.5549 | acc 80.3% | 1s elapsed | eta 4s
  step 200/391 | loss 0.5883 | acc 79.1% | 3s elapsed | eta 3s
  step 300/391 | loss 0.6008 | acc 78.6% | 7s elapsed | eta 2s
Ep  51 | loss 0.5992 | task 0.5992 | cons 0.0000 | train 78.6% | test 76.3% | 9s
  step 100/391 | loss 0.6066 | acc 78.3% | 2s elapsed | eta 4s
  step 200/391 | loss 0.5693 | acc 79.5% | 2s elapsed | eta 2s
  step 300/391 | loss 0.5979 | acc 78.6% | 3s elapsed | eta 1s
Ep  52 | loss 0.5906 | task 0.5906 | cons 0.0000 | train 78.9% | test 76.9% | 6s
  step 100/391 | loss 0.5918 | acc 78.9% | 2s elapsed | eta 4s
  step 200/391 | loss 0.6076 | acc 78.1% | 3s elapsed | eta 3s
  step 300/391 | loss 0.5930 | acc 78.8% | 5s elapsed | eta 1s
Ep  53 | loss 0.6045 | task 0.6045 | cons 0.0000 | train 78.5% | test 77.1% | 8s
  step 100/391 | loss 0.5619 | acc 79.8% | 2s elapsed | eta 6s
  step 200/391 | loss 0.5574 | acc 80.1% | 4s elapsed | eta 3s
  step 300/391 | loss 0.5747 | acc 79.5% | 6s elapsed | eta 2s
Ep  54 | loss 0.5831 | task 0.5831 | cons 0.0000 | train 79.1% | test 76.7% | 9s
  step 100/391 | loss 0.5541 | acc 79.9% | 2s elapsed | eta 7s
  step 200/391 | loss 0.5751 | acc 79.1% | 5s elapsed | eta 4s
  step 300/391 | loss 0.5696 | acc 79.4% | 7s elapsed | eta 2s
Ep  55 | loss 0.5664 | task 0.5664 | cons 0.0000 | train 79.5% | test 76.2% | 11s
  step 100/391 | loss 0.5420 | acc 80.3% | 2s elapsed | eta 7s
  step 200/391 | loss 0.5583 | acc 80.0% | 5s elapsed | eta 4s
  step 300/391 | loss 0.5553 | acc 79.9% | 7s elapsed | eta 2s
Ep  56 | loss 0.5629 | task 0.5629 | cons 0.0000 | train 79.7% | test 76.1% | 11s
  step 100/391 | loss 0.5469 | acc 80.4% | 2s elapsed | eta 6s
  step 200/391 | loss 0.5333 | acc 80.9% | 4s elapsed | eta 3s
  step 300/391 | loss 0.5301 | acc 81.1% | 6s elapsed | eta 2s
Ep  57 | loss 0.5306 | task 0.5306 | cons 0.0000 | train 81.0% | test 76.5% | 12s
  step 100/391 | loss 0.5711 | acc 79.5% | 5s elapsed | eta 14s
  step 200/391 | loss 0.5635 | acc 79.9% | 8s elapsed | eta 7s
  step 300/391 | loss 0.5588 | acc 80.0% | 10s elapsed | eta 3s
Ep  58 | loss 0.5547 | task 0.5547 | cons 0.0000 | train 80.2% | test 77.1% | 14s
  step 100/391 | loss 0.5350 | acc 80.8% | 2s elapsed | eta 7s
  step 200/391 | loss 0.5211 | acc 81.3% | 5s elapsed | eta 4s
  step 300/391 | loss 0.5227 | acc 81.3% | 7s elapsed | eta 2s
Ep  59 | loss 0.5335 | task 0.5335 | cons 0.0000 | train 81.0% | test 76.0% | 10s
  step 100/391 | loss 0.6127 | acc 77.9% | 2s elapsed | eta 5s
  step 200/391 | loss 0.5754 | acc 79.3% | 3s elapsed | eta 3s
  step 300/391 | loss 0.5554 | acc 80.0% | 5s elapsed | eta 2s
Ep  60 | loss 0.5590 | task 0.5590 | cons 0.0000 | train 79.9% | test 77.1% | 9s
    K=1: 54.1%
    K=2: 71.1%
    K=4: 77.7%
  step 100/391 | loss 0.5277 | acc 81.3% | 2s elapsed | eta 6s
  step 200/391 | loss 0.5181 | acc 81.6% | 4s elapsed | eta 4s
  step 300/391 | loss 0.5188 | acc 81.5% | 7s elapsed | eta 2s
Ep  61 | loss 0.5264 | task 0.5264 | cons 0.0000 | train 81.2% | test 77.0% | 15s
  step 100/391 | loss 0.5092 | acc 81.7% | 3s elapsed | eta 8s
  step 200/391 | loss 0.4922 | acc 82.3% | 5s elapsed | eta 4s
  step 300/391 | loss 0.5016 | acc 82.0% | 6s elapsed | eta 2s
Ep  62 | loss 0.5285 | task 0.5285 | cons 0.0000 | train 81.1% | test 76.1% | 9s
  step 100/391 | loss 0.5214 | acc 80.8% | 2s elapsed | eta 6s
  step 200/391 | loss 0.5541 | acc 80.0% | 4s elapsed | eta 4s
  step 300/391 | loss 0.5366 | acc 80.7% | 6s elapsed | eta 2s
Ep  63 | loss 0.5246 | task 0.5246 | cons 0.0000 | train 81.1% | test 75.5% | 9s
  step 100/391 | loss 0.4970 | acc 82.0% | 2s elapsed | eta 6s
  step 200/391 | loss 0.5168 | acc 81.2% | 4s elapsed | eta 3s
  step 300/391 | loss 0.5067 | acc 81.6% | 5s elapsed | eta 2s
Ep  64 | loss 0.5137 | task 0.5137 | cons 0.0000 | train 81.3% | test 77.8% | 9s
  step 100/391 | loss 0.4699 | acc 83.0% | 2s elapsed | eta 6s
  step 200/391 | loss 0.5147 | acc 81.4% | 5s elapsed | eta 4s
  step 300/391 | loss 0.5088 | acc 81.5% | 8s elapsed | eta 2s
Ep  65 | loss 0.5155 | task 0.5155 | cons 0.0000 | train 81.3% | test 76.5% | 16s
  step 100/391 | loss 0.5221 | acc 81.1% | 2s elapsed | eta 6s
  step 200/391 | loss 0.5471 | acc 80.2% | 4s elapsed | eta 4s
  step 300/391 | loss 0.5418 | acc 80.4% | 6s elapsed | eta 2s
Ep  66 | loss 0.5309 | task 0.5309 | cons 0.0000 | train 80.8% | test 77.3% | 9s
  step 100/391 | loss 0.4374 | acc 84.3% | 2s elapsed | eta 6s
  step 200/391 | loss 0.4715 | acc 83.2% | 4s elapsed | eta 3s
  step 300/391 | loss 0.4824 | acc 82.7% | 6s elapsed | eta 2s
Ep  67 | loss 0.4904 | task 0.4904 | cons 0.0000 | train 82.5% | test 77.6% | 8s
  step 100/391 | loss 0.4745 | acc 83.4% | 2s elapsed | eta 5s
  step 200/391 | loss 0.4793 | acc 83.0% | 3s elapsed | eta 3s
  step 300/391 | loss 0.5030 | acc 82.1% | 5s elapsed | eta 1s
Ep  68 | loss 0.5084 | task 0.5084 | cons 0.0000 | train 81.8% | test 76.5% | 9s
  step 100/391 | loss 0.4426 | acc 84.3% | 4s elapsed | eta 12s
  step 200/391 | loss 0.4901 | acc 82.5% | 8s elapsed | eta 7s
  step 300/391 | loss 0.4717 | acc 83.2% | 9s elapsed | eta 3s
Ep  69 | loss 0.4741 | task 0.4741 | cons 0.0000 | train 83.1% | test 75.5% | 11s
  step 100/391 | loss 0.4724 | acc 83.2% | 1s elapsed | eta 3s
  step 200/391 | loss 0.4873 | acc 82.6% | 2s elapsed | eta 2s
  step 300/391 | loss 0.4832 | acc 82.7% | 5s elapsed | eta 2s
Ep  70 | loss 0.4958 | task 0.4958 | cons 0.0000 | train 82.3% | test 75.9% | 8s
    K=1: 52.9%
    K=2: 70.2%
    K=4: 76.9%
  step 100/391 | loss 0.4995 | acc 81.7% | 2s elapsed | eta 6s
  step 200/391 | loss 0.5027 | acc 81.9% | 4s elapsed | eta 4s
  step 300/391 | loss 0.4848 | acc 82.5% | 6s elapsed | eta 2s
Ep  71 | loss 0.4820 | task 0.4820 | cons 0.0000 | train 82.6% | test 77.1% | 10s
  step 100/391 | loss 0.4940 | acc 82.2% | 2s elapsed | eta 6s
  step 200/391 | loss 0.4816 | acc 82.8% | 4s elapsed | eta 4s
  step 300/391 | loss 0.4853 | acc 82.6% | 6s elapsed | eta 2s
Ep  72 | loss 0.4741 | task 0.4741 | cons 0.0000 | train 83.0% | test 77.0% | 10s
  step 100/391 | loss 0.4686 | acc 83.4% | 3s elapsed | eta 8s
  step 200/391 | loss 0.5078 | acc 81.8% | 5s elapsed | eta 5s
  step 300/391 | loss 0.4787 | acc 82.8% | 8s elapsed | eta 2s
Ep  73 | loss 0.4710 | task 0.4710 | cons 0.0000 | train 83.1% | test 77.3% | 12s
  step 100/391 | loss 0.4359 | acc 84.4% | 2s elapsed | eta 6s
  step 200/391 | loss 0.4327 | acc 84.5% | 4s elapsed | eta 4s
  step 300/391 | loss 0.4475 | acc 83.9% | 6s elapsed | eta 2s
Ep  74 | loss 0.4801 | task 0.4801 | cons 0.0000 | train 82.7% | test 76.9% | 9s
  step 100/391 | loss 0.4553 | acc 83.6% | 2s elapsed | eta 6s
  step 200/391 | loss 0.4400 | acc 84.1% | 5s elapsed | eta 5s
  step 300/391 | loss 0.4710 | acc 83.0% | 9s elapsed | eta 3s
Ep  75 | loss 0.4840 | task 0.4840 | cons 0.0000 | train 82.5% | test 77.5% | 16s
  step 100/391 | loss 0.4815 | acc 82.6% | 2s elapsed | eta 6s
  step 200/391 | loss 0.4835 | acc 82.5% | 4s elapsed | eta 4s
  step 300/391 | loss 0.4779 | acc 82.7% | 7s elapsed | eta 2s
Ep  76 | loss 0.4728 | task 0.4728 | cons 0.0000 | train 83.0% | test 77.3% | 10s
  step 100/391 | loss 0.4436 | acc 84.3% | 2s elapsed | eta 5s
  step 200/391 | loss 0.4100 | acc 85.4% | 4s elapsed | eta 3s
  step 300/391 | loss 0.4183 | acc 85.0% | 5s elapsed | eta 2s
Ep  77 | loss 0.4346 | task 0.4346 | cons 0.0000 | train 84.4% | test 76.6% | 8s
  step 100/391 | loss 0.4360 | acc 84.4% | 2s elapsed | eta 6s
  step 200/391 | loss 0.4453 | acc 84.2% | 4s elapsed | eta 4s
  step 300/391 | loss 0.4429 | acc 84.1% | 6s elapsed | eta 2s
Ep  78 | loss 0.4373 | task 0.4373 | cons 0.0000 | train 84.3% | test 76.8% | 9s
  step 100/391 | loss 0.3975 | acc 85.7% | 2s elapsed | eta 6s
  step 200/391 | loss 0.4121 | acc 85.2% | 5s elapsed | eta 4s
  step 300/391 | loss 0.4328 | acc 84.4% | 7s elapsed | eta 2s
Ep  79 | loss 0.4366 | task 0.4366 | cons 0.0000 | train 84.3% | test 76.2% | 13s
  step 100/391 | loss 0.4473 | acc 83.9% | 4s elapsed | eta 12s
  step 200/391 | loss 0.4442 | acc 84.1% | 7s elapsed | eta 6s
  step 300/391 | loss 0.4462 | acc 84.0% | 8s elapsed | eta 3s
Ep  80 | loss 0.4390 | task 0.4390 | cons 0.0000 | train 84.2% | test 76.8% | 11s
    K=1: 55.0%
    K=2: 71.4%
    K=4: 77.8%
  step 100/391 | loss 0.4321 | acc 84.2% | 2s elapsed | eta 5s
  step 200/391 | loss 0.4420 | acc 84.2% | 3s elapsed | eta 3s
  step 300/391 | loss 0.4534 | acc 83.8% | 5s elapsed | eta 1s
Ep  81 | loss 0.4587 | task 0.4587 | cons 0.0000 | train 83.6% | test 77.5% | 7s
  step 100/391 | loss 0.4299 | acc 84.8% | 2s elapsed | eta 5s
  step 200/391 | loss 0.4551 | acc 83.7% | 3s elapsed | eta 3s
  step 300/391 | loss 0.4486 | acc 83.9% | 6s elapsed | eta 2s
Ep  82 | loss 0.4506 | task 0.4506 | cons 0.0000 | train 83.8% | test 76.4% | 9s
  step 100/391 | loss 0.4569 | acc 83.6% | 2s elapsed | eta 5s
  step 200/391 | loss 0.4445 | acc 84.1% | 5s elapsed | eta 4s
  step 300/391 | loss 0.4310 | acc 84.5% | 9s elapsed | eta 3s
Ep  83 | loss 0.4351 | task 0.4351 | cons 0.0000 | train 84.4% | test 76.9% | 14s
  step 100/391 | loss 0.4013 | acc 85.3% | 2s elapsed | eta 5s
  step 200/391 | loss 0.4269 | acc 84.4% | 4s elapsed | eta 3s
  step 300/391 | loss 0.4250 | acc 84.5% | 5s elapsed | eta 2s
Ep  84 | loss 0.4171 | task 0.4171 | cons 0.0000 | train 84.9% | test 77.5% | 8s
  step 100/391 | loss 0.4293 | acc 84.5% | 2s elapsed | eta 6s
  step 200/391 | loss 0.4473 | acc 83.9% | 4s elapsed | eta 4s
  step 300/391 | loss 0.4449 | acc 84.0% | 6s elapsed | eta 2s
Ep  85 | loss 0.4494 | task 0.4494 | cons 0.0000 | train 83.8% | test 77.5% | 8s
  step 100/391 | loss 0.4108 | acc 85.2% | 3s elapsed | eta 8s
  step 200/391 | loss 0.3989 | acc 85.5% | 4s elapsed | eta 4s
  step 300/391 | loss 0.4381 | acc 84.3% | 6s elapsed | eta 2s
Ep  86 | loss 0.4437 | task 0.4437 | cons 0.0000 | train 84.1% | test 77.1% | 13s
  step 100/391 | loss 0.4180 | acc 85.1% | 3s elapsed | eta 7s
  step 200/391 | loss 0.3938 | acc 85.9% | 4s elapsed | eta 3s
  step 300/391 | loss 0.4276 | acc 84.6% | 5s elapsed | eta 1s
Ep  87 | loss 0.4360 | task 0.4360 | cons 0.0000 | train 84.3% | test 77.4% | 8s
  step 100/391 | loss 0.3870 | acc 86.0% | 1s elapsed | eta 4s
  step 200/391 | loss 0.3940 | acc 85.7% | 3s elapsed | eta 3s
  step 300/391 | loss 0.4220 | acc 84.7% | 4s elapsed | eta 1s
Ep  88 | loss 0.4246 | task 0.4246 | cons 0.0000 | train 84.7% | test 76.9% | 7s
  step 100/391 | loss 0.3855 | acc 86.3% | 2s elapsed | eta 6s
  step 200/391 | loss 0.4347 | acc 84.7% | 4s elapsed | eta 3s
  step 300/391 | loss 0.4296 | acc 84.7% | 6s elapsed | eta 2s
Ep  89 | loss 0.4223 | task 0.4223 | cons 0.0000 | train 84.9% | test 77.0% | 9s
  step 100/391 | loss 0.3613 | acc 87.2% | 2s elapsed | eta 6s
  step 200/391 | loss 0.3925 | acc 85.9% | 5s elapsed | eta 4s
  step 300/391 | loss 0.4050 | acc 85.4% | 7s elapsed | eta 2s
Ep  90 | loss 0.4171 | task 0.4171 | cons 0.0000 | train 84.9% | test 76.6% | 11s
    K=1: 54.3%
    K=2: 71.1%
    K=4: 77.2%
  step 100/391 | loss 0.3808 | acc 86.4% | 3s elapsed | eta 8s
  step 200/391 | loss 0.3958 | acc 85.7% | 5s elapsed | eta 5s
  step 300/391 | loss 0.4295 | acc 84.5% | 7s elapsed | eta 2s
Ep  91 | loss 0.4273 | task 0.4273 | cons 0.0000 | train 84.6% | test 76.5% | 11s
  step 100/391 | loss 0.4141 | acc 85.2% | 2s elapsed | eta 5s
  step 200/391 | loss 0.3878 | acc 86.3% | 4s elapsed | eta 3s
  step 300/391 | loss 0.3998 | acc 85.6% | 6s elapsed | eta 2s
Ep  92 | loss 0.4083 | task 0.4083 | cons 0.0000 | train 85.2% | test 77.4% | 13s
  step 100/391 | loss 0.4090 | acc 85.4% | 5s elapsed | eta 14s
  step 200/391 | loss 0.4157 | acc 85.2% | 8s elapsed | eta 7s
  step 300/391 | loss 0.4180 | acc 85.1% | 10s elapsed | eta 3s
Ep  93 | loss 0.4205 | task 0.4205 | cons 0.0000 | train 85.0% | test 77.2% | 14s
  step 100/391 | loss 0.4039 | acc 85.7% | 2s elapsed | eta 7s
  step 200/391 | loss 0.4029 | acc 85.5% | 5s elapsed | eta 5s
  step 300/391 | loss 0.3937 | acc 85.8% | 7s elapsed | eta 2s
Ep  94 | loss 0.4126 | task 0.4126 | cons 0.0000 | train 85.0% | test 76.9% | 10s
  step 100/391 | loss 0.3794 | acc 86.5% | 2s elapsed | eta 5s
  step 200/391 | loss 0.3961 | acc 85.8% | 3s elapsed | eta 3s
  step 300/391 | loss 0.3943 | acc 85.8% | 5s elapsed | eta 2s
Ep  95 | loss 0.4072 | task 0.4072 | cons 0.0000 | train 85.3% | test 76.5% | 8s
  step 100/391 | loss 0.3578 | acc 86.9% | 2s elapsed | eta 6s
  step 200/391 | loss 0.3873 | acc 85.9% | 4s elapsed | eta 4s
  step 300/391 | loss 0.4215 | acc 84.8% | 6s elapsed | eta 2s
Ep  96 | loss 0.4387 | task 0.4387 | cons 0.0000 | train 84.2% | test 77.2% | 13s
  step 100/391 | loss 0.3999 | acc 85.9% | 4s elapsed | eta 12s
  step 200/391 | loss 0.4161 | acc 85.1% | 7s elapsed | eta 6s
  step 300/391 | loss 0.4163 | acc 85.0% | 9s elapsed | eta 3s
Ep  97 | loss 0.4213 | task 0.4213 | cons 0.0000 | train 84.8% | test 77.6% | 11s
  step 100/391 | loss 0.4152 | acc 85.2% | 2s elapsed | eta 5s
  step 200/391 | loss 0.3898 | acc 86.0% | 3s elapsed | eta 3s
  step 300/391 | loss 0.4060 | acc 85.3% | 5s elapsed | eta 1s
Ep  98 | loss 0.3952 | task 0.3952 | cons 0.0000 | train 85.7% | test 76.9% | 8s
  step 100/391 | loss 0.3630 | acc 87.1% | 2s elapsed | eta 5s
  step 200/391 | loss 0.3760 | acc 86.6% | 3s elapsed | eta 3s
  step 300/391 | loss 0.3910 | acc 86.0% | 5s elapsed | eta 2s
Ep  99 | loss 0.3976 | task 0.3976 | cons 0.0000 | train 85.8% | test 77.3% | 8s
  step 100/391 | loss 0.3858 | acc 85.7% | 2s elapsed | eta 6s
  step 200/391 | loss 0.4199 | acc 84.7% | 4s elapsed | eta 3s
  step 300/391 | loss 0.4095 | acc 85.1% | 5s elapsed | eta 2s
Ep 100 | loss 0.4061 | task 0.4061 | cons 0.0000 | train 85.3% | test 77.2% | 13s
    K=1: 55.8%
    K=2: 71.9%
    K=4: 77.8%
  step 100/391 | loss 0.4427 | acc 84.1% | 2s elapsed | eta 5s
  step 200/391 | loss 0.4506 | acc 83.9% | 3s elapsed | eta 3s
  step 300/391 | loss 0.4266 | acc 84.8% | 5s elapsed | eta 2s
Ep 101 | loss 0.4165 | task 0.4165 | cons 0.0000 | train 85.1% | test 76.3% | 8s
  step 100/391 | loss 0.3523 | acc 87.4% | 2s elapsed | eta 5s
  step 200/391 | loss 0.3634 | acc 86.9% | 3s elapsed | eta 3s
  step 300/391 | loss 0.3855 | acc 86.0% | 5s elapsed | eta 1s
Ep 102 | loss 0.3760 | task 0.3760 | cons 0.0000 | train 86.5% | test 76.7% | 8s
  step 100/391 | loss 0.3594 | acc 86.9% | 2s elapsed | eta 5s
  step 200/391 | loss 0.3589 | acc 87.1% | 3s elapsed | eta 3s
  step 300/391 | loss 0.3879 | acc 86.1% | 5s elapsed | eta 2s
Ep 103 | loss 0.3813 | task 0.3813 | cons 0.0000 | train 86.3% | test 77.0% | 8s
  step 100/391 | loss 0.4185 | acc 85.0% | 4s elapsed | eta 12s
  step 200/391 | loss 0.3933 | acc 86.0% | 8s elapsed | eta 7s
  step 300/391 | loss 0.3836 | acc 86.3% | 12s elapsed | eta 4s
Ep 104 | loss 0.3834 | task 0.3834 | cons 0.0000 | train 86.2% | test 77.6% | 14s
  step 100/391 | loss 0.4327 | acc 84.5% | 1s elapsed | eta 4s
  step 200/391 | loss 0.4073 | acc 85.3% | 2s elapsed | eta 2s
  step 300/391 | loss 0.3850 | acc 86.1% | 3s elapsed | eta 1s
Ep 105 | loss 0.4110 | task 0.4110 | cons 0.0000 | train 85.1% | test 76.9% | 5s
  step 100/391 | loss 0.3448 | acc 87.6% | 1s elapsed | eta 4s
  step 200/391 | loss 0.3455 | acc 87.7% | 2s elapsed | eta 2s
  step 300/391 | loss 0.3527 | acc 87.4% | 3s elapsed | eta 1s
Ep 106 | loss 0.3478 | task 0.3478 | cons 0.0000 | train 87.6% | test 76.7% | 5s
  step 100/391 | loss 0.3743 | acc 86.8% | 1s elapsed | eta 4s
  step 200/391 | loss 0.3827 | acc 86.5% | 3s elapsed | eta 3s
  step 300/391 | loss 0.3967 | acc 85.9% | 5s elapsed | eta 1s
Ep 107 | loss 0.3969 | task 0.3969 | cons 0.0000 | train 85.8% | test 76.7% | 7s
  step 100/391 | loss 0.3589 | acc 87.0% | 2s elapsed | eta 6s
  step 200/391 | loss 0.3504 | acc 87.3% | 4s elapsed | eta 4s
  step 300/391 | loss 0.3373 | acc 87.8% | 6s elapsed | eta 2s
Ep 108 | loss 0.3516 | task 0.3516 | cons 0.0000 | train 87.3% | test 77.3% | 10s
  step 100/391 | loss 0.4129 | acc 85.1% | 2s elapsed | eta 6s
  step 200/391 | loss 0.3986 | acc 85.6% | 4s elapsed | eta 4s
  step 300/391 | loss 0.3836 | acc 86.3% | 7s elapsed | eta 2s
Ep 109 | loss 0.3974 | task 0.3974 | cons 0.0000 | train 85.8% | test 77.0% | 10s
  step 100/391 | loss 0.3742 | acc 86.7% | 2s elapsed | eta 7s
  step 200/391 | loss 0.3451 | acc 87.8% | 5s elapsed | eta 4s
  step 300/391 | loss 0.3544 | acc 87.4% | 7s elapsed | eta 2s
Ep 110 | loss 0.3569 | task 0.3569 | cons 0.0000 | train 87.3% | test 76.9% | 11s
    K=1: 54.9%
    K=2: 71.9%
    K=4: 77.9%
  step 100/391 | loss 0.3754 | acc 86.5% | 2s elapsed | eta 7s
  step 200/391 | loss 0.3850 | acc 86.1% | 4s elapsed | eta 4s
  step 300/391 | loss 0.3686 | acc 86.7% | 6s elapsed | eta 2s
Ep 111 | loss 0.3534 | task 0.3534 | cons 0.0000 | train 87.2% | test 77.1% | 14s
  step 100/391 | loss 0.3555 | acc 87.2% | 4s elapsed | eta 12s
  step 200/391 | loss 0.3653 | acc 86.9% | 7s elapsed | eta 7s
  step 300/391 | loss 0.3716 | acc 86.6% | 9s elapsed | eta 3s
Ep 112 | loss 0.3703 | task 0.3703 | cons 0.0000 | train 86.6% | test 76.8% | 13s
  step 100/391 | loss 0.3262 | acc 88.3% | 2s elapsed | eta 5s
  step 200/391 | loss 0.3454 | acc 87.7% | 4s elapsed | eta 3s
  step 300/391 | loss 0.3385 | acc 88.0% | 6s elapsed | eta 2s
Ep 113 | loss 0.3377 | task 0.3377 | cons 0.0000 | train 88.0% | test 77.7% | 9s
  step 100/391 | loss 0.3373 | acc 87.8% | 2s elapsed | eta 6s
  step 200/391 | loss 0.3494 | acc 87.4% | 3s elapsed | eta 3s
  step 300/391 | loss 0.3738 | acc 86.6% | 5s elapsed | eta 2s
Ep 114 | loss 0.3631 | task 0.3631 | cons 0.0000 | train 87.0% | test 76.6% | 9s
  step 100/391 | loss 0.3126 | acc 88.8% | 2s elapsed | eta 6s
  step 200/391 | loss 0.3116 | acc 88.8% | 4s elapsed | eta 3s
  step 300/391 | loss 0.3376 | acc 87.8% | 6s elapsed | eta 2s
Ep 115 | loss 0.3394 | task 0.3394 | cons 0.0000 | train 87.8% | test 77.6% | 9s
  step 100/391 | loss 0.3445 | acc 87.5% | 4s elapsed | eta 13s
  step 200/391 | loss 0.3512 | acc 87.3% | 9s elapsed | eta 8s
  step 300/391 | loss 0.3452 | acc 87.5% | 13s elapsed | eta 4s
Ep 116 | loss 0.3464 | task 0.3464 | cons 0.0000 | train 87.5% | test 77.2% | 15s
  step 100/391 | loss 0.3795 | acc 86.6% | 2s elapsed | eta 5s
  step 200/391 | loss 0.3344 | acc 88.1% | 3s elapsed | eta 3s
  step 300/391 | loss 0.3349 | acc 88.2% | 5s elapsed | eta 2s
Ep 117 | loss 0.3328 | task 0.3328 | cons 0.0000 | train 88.2% | test 77.8% | 8s
  step 100/391 | loss 0.3166 | acc 88.8% | 2s elapsed | eta 5s
  step 200/391 | loss 0.3325 | acc 88.1% | 4s elapsed | eta 4s
  step 300/391 | loss 0.3419 | acc 87.7% | 5s elapsed | eta 2s
Ep 118 | loss 0.3525 | task 0.3525 | cons 0.0000 | train 87.3% | test 76.6% | 8s
  step 100/391 | loss 0.3664 | acc 86.9% | 2s elapsed | eta 5s
  step 200/391 | loss 0.3398 | acc 87.8% | 3s elapsed | eta 3s
  step 300/391 | loss 0.3179 | acc 88.7% | 5s elapsed | eta 2s
Ep 119 | loss 0.3368 | task 0.3368 | cons 0.0000 | train 87.9% | test 77.3% | 9s
  step 100/391 | loss 0.3734 | acc 86.6% | 4s elapsed | eta 11s
  step 200/391 | loss 0.3585 | acc 87.1% | 8s elapsed | eta 7s
  step 300/391 | loss 0.3505 | acc 87.3% | 12s elapsed | eta 4s
Ep 120 | loss 0.3571 | task 0.3571 | cons 0.0000 | train 87.1% | test 77.8% | 15s
    K=1: 53.4%
    K=2: 71.5%
    K=4: 78.4%
  step 100/391 | loss 0.3097 | acc 88.8% | 2s elapsed | eta 5s
  step 200/391 | loss 0.3094 | acc 89.0% | 3s elapsed | eta 3s
  step 300/391 | loss 0.3268 | acc 88.4% | 5s elapsed | eta 2s
Ep 121 | loss 0.3365 | task 0.3365 | cons 0.0000 | train 88.0% | test 76.2% | 8s
  step 100/391 | loss 0.3007 | acc 89.3% | 2s elapsed | eta 5s
  step 200/391 | loss 0.3384 | acc 88.0% | 3s elapsed | eta 3s
  step 300/391 | loss 0.3122 | acc 89.0% | 5s elapsed | eta 1s
Ep 122 | loss 0.3088 | task 0.3088 | cons 0.0000 | train 89.0% | test 76.3% | 9s
  step 100/391 | loss 0.3108 | acc 88.8% | 4s elapsed | eta 12s
  step 200/391 | loss 0.3083 | acc 88.9% | 7s elapsed | eta 7s
  step 300/391 | loss 0.3134 | acc 88.8% | 8s elapsed | eta 3s
Ep 123 | loss 0.3156 | task 0.3156 | cons 0.0000 | train 88.7% | test 77.0% | 10s
  step 100/391 | loss 0.3342 | acc 88.2% | 2s elapsed | eta 5s
  step 200/391 | loss 0.3378 | acc 87.8% | 3s elapsed | eta 3s
  step 300/391 | loss 0.3225 | acc 88.3% | 5s elapsed | eta 2s
Ep 124 | loss 0.3238 | task 0.3238 | cons 0.0000 | train 88.3% | test 77.2% | 8s
  step 100/391 | loss 0.2659 | acc 90.4% | 2s elapsed | eta 6s
  step 200/391 | loss 0.3113 | acc 88.8% | 4s elapsed | eta 4s
  step 300/391 | loss 0.3077 | acc 88.9% | 7s elapsed | eta 2s
Ep 125 | loss 0.2975 | task 0.2975 | cons 0.0000 | train 89.2% | test 76.7% | 10s
  step 100/391 | loss 0.3177 | acc 88.8% | 2s elapsed | eta 6s
  step 200/391 | loss 0.3097 | acc 89.0% | 4s elapsed | eta 4s
  step 300/391 | loss 0.3020 | acc 89.3% | 7s elapsed | eta 2s
Ep 126 | loss 0.3191 | task 0.3191 | cons 0.0000 | train 88.6% | test 77.6% | 10s
  step 100/391 | loss 0.2928 | acc 89.4% | 2s elapsed | eta 7s
  step 200/391 | loss 0.3448 | acc 87.6% | 5s elapsed | eta 4s
  step 300/391 | loss 0.3437 | acc 87.6% | 7s elapsed | eta 2s
Ep 127 | loss 0.3506 | task 0.3506 | cons 0.0000 | train 87.4% | test 77.1% | 10s
  step 100/391 | loss 0.3257 | acc 88.3% | 2s elapsed | eta 5s
  step 200/391 | loss 0.3465 | acc 87.6% | 3s elapsed | eta 3s
  step 300/391 | loss 0.3510 | acc 87.5% | 6s elapsed | eta 2s
Ep 128 | loss 0.3563 | task 0.3563 | cons 0.0000 | train 87.2% | test 77.1% | 9s
  step 100/391 | loss 0.3270 | acc 88.3% | 2s elapsed | eta 6s
  step 200/391 | loss 0.3366 | acc 87.9% | 4s elapsed | eta 4s
  step 300/391 | loss 0.3379 | acc 87.8% | 8s elapsed | eta 2s
Ep 129 | loss 0.3199 | task 0.3199 | cons 0.0000 | train 88.5% | test 77.1% | 16s
  step 100/391 | loss 0.3544 | acc 87.3% | 2s elapsed | eta 7s
  step 200/391 | loss 0.3318 | acc 88.1% | 5s elapsed | eta 5s
  step 300/391 | loss 0.3285 | acc 88.2% | 7s elapsed | eta 2s
Ep 130 | loss 0.3241 | task 0.3241 | cons 0.0000 | train 88.4% | test 76.6% | 10s
    K=1: 54.4%
    K=2: 72.1%
    K=4: 77.7%
  step 100/391 | loss 0.3084 | acc 88.9% | 2s elapsed | eta 5s
  step 200/391 | loss 0.2605 | acc 90.8% | 3s elapsed | eta 3s
  step 300/391 | loss 0.2783 | acc 90.1% | 5s elapsed | eta 2s
Ep 131 | loss 0.2835 | task 0.2835 | cons 0.0000 | train 89.9% | test 77.1% | 9s
  step 100/391 | loss 0.3006 | acc 89.1% | 2s elapsed | eta 6s
  step 200/391 | loss 0.3173 | acc 88.6% | 4s elapsed | eta 4s
  step 300/391 | loss 0.3145 | acc 88.7% | 6s elapsed | eta 2s
Ep 132 | loss 0.3054 | task 0.3054 | cons 0.0000 | train 89.1% | test 76.8% | 9s
  step 100/391 | loss 0.2813 | acc 89.9% | 2s elapsed | eta 6s
  step 200/391 | loss 0.3024 | acc 89.1% | 4s elapsed | eta 3s
  step 300/391 | loss 0.2967 | acc 89.3% | 7s elapsed | eta 2s
Ep 133 | loss 0.3032 | task 0.3032 | cons 0.0000 | train 89.1% | test 77.3% | 14s
  step 100/391 | loss 0.2561 | acc 90.7% | 2s elapsed | eta 7s
  step 200/391 | loss 0.2987 | acc 89.2% | 4s elapsed | eta 4s
  step 300/391 | loss 0.3017 | acc 89.1% | 6s elapsed | eta 2s
Ep 134 | loss 0.3012 | task 0.3012 | cons 0.0000 | train 89.1% | test 76.7% | 9s
  step 100/391 | loss 0.2952 | acc 89.3% | 2s elapsed | eta 6s
  step 200/391 | loss 0.3079 | acc 89.0% | 4s elapsed | eta 4s
  step 300/391 | loss 0.2983 | acc 89.4% | 6s elapsed | eta 2s
Ep 135 | loss 0.3101 | task 0.3101 | cons 0.0000 | train 88.9% | test 77.0% | 8s
  step 100/391 | loss 0.3209 | acc 88.2% | 2s elapsed | eta 5s
  step 200/391 | loss 0.2815 | acc 89.8% | 3s elapsed | eta 3s
  step 300/391 | loss 0.2902 | acc 89.4% | 5s elapsed | eta 2s
Ep 136 | loss 0.3038 | task 0.3038 | cons 0.0000 | train 89.0% | test 77.0% | 8s
  step 100/391 | loss 0.2544 | acc 90.9% | 2s elapsed | eta 5s
  step 200/391 | loss 0.3165 | acc 88.6% | 4s elapsed | eta 4s
  step 300/391 | loss 0.3061 | acc 89.1% | 8s elapsed | eta 3s
Ep 137 | loss 0.3174 | task 0.3174 | cons 0.0000 | train 88.7% | test 77.8% | 15s
  step 100/391 | loss 0.3060 | acc 89.0% | 2s elapsed | eta 5s
  step 200/391 | loss 0.3013 | acc 89.2% | 3s elapsed | eta 3s
  step 300/391 | loss 0.3192 | acc 88.6% | 4s elapsed | eta 1s
Ep 138 | loss 0.3135 | task 0.3135 | cons 0.0000 | train 88.8% | test 76.9% | 7s
  step 100/391 | loss 0.3293 | acc 88.4% | 1s elapsed | eta 4s
  step 200/391 | loss 0.3124 | acc 88.8% | 3s elapsed | eta 3s
  step 300/391 | loss 0.3213 | acc 88.5% | 4s elapsed | eta 1s
Ep 139 | loss 0.3234 | task 0.3234 | cons 0.0000 | train 88.4% | test 77.5% | 6s
  step 100/391 | loss 0.2639 | acc 90.6% | 1s elapsed | eta 4s
  step 200/391 | loss 0.2975 | acc 89.4% | 2s elapsed | eta 2s
  step 300/391 | loss 0.3075 | acc 89.0% | 5s elapsed | eta 2s
Ep 140 | loss 0.3135 | task 0.3135 | cons 0.0000 | train 88.8% | test 77.9% | 11s
    K=1: 55.4%
    K=2: 72.5%
    K=4: 78.3%
  step 100/391 | loss 0.2512 | acc 90.9% | 2s elapsed | eta 5s
  step 200/391 | loss 0.2629 | acc 90.6% | 3s elapsed | eta 3s
  step 300/391 | loss 0.2589 | acc 90.7% | 5s elapsed | eta 2s
Ep 141 | loss 0.2765 | task 0.2765 | cons 0.0000 | train 90.1% | test 76.9% | 8s
  step 100/391 | loss 0.3758 | acc 86.6% | 2s elapsed | eta 7s
  step 200/391 | loss 0.3535 | acc 87.2% | 5s elapsed | eta 4s
  step 300/391 | loss 0.3364 | acc 87.8% | 7s elapsed | eta 2s
Ep 142 | loss 0.3203 | task 0.3203 | cons 0.0000 | train 88.4% | test 77.1% | 11s
  step 100/391 | loss 0.2970 | acc 89.5% | 2s elapsed | eta 6s
  step 200/391 | loss 0.3143 | acc 88.8% | 4s elapsed | eta 4s
  step 300/391 | loss 0.3118 | acc 88.9% | 6s elapsed | eta 2s
Ep 143 | loss 0.3135 | task 0.3135 | cons 0.0000 | train 88.8% | test 77.0% | 10s
  step 100/391 | loss 0.3091 | acc 88.8% | 2s elapsed | eta 7s
  step 200/391 | loss 0.2834 | acc 89.8% | 5s elapsed | eta 4s
  step 300/391 | loss 0.2935 | acc 89.5% | 7s elapsed | eta 2s
Ep 144 | loss 0.2939 | task 0.2939 | cons 0.0000 | train 89.4% | test 78.0% | 10s
  step 100/391 | loss 0.2206 | acc 92.1% | 2s elapsed | eta 6s
  step 200/391 | loss 0.2276 | acc 91.9% | 4s elapsed | eta 4s
  step 300/391 | loss 0.2442 | acc 91.4% | 6s elapsed | eta 2s
Ep 145 | loss 0.2551 | task 0.2551 | cons 0.0000 | train 91.0% | test 77.3% | 9s
  step 100/391 | loss 0.3309 | acc 88.3% | 3s elapsed | eta 9s
  step 200/391 | loss 0.2957 | acc 89.5% | 5s elapsed | eta 5s
  step 300/391 | loss 0.2882 | acc 89.8% | 9s elapsed | eta 3s
Ep 146 | loss 0.2944 | task 0.2944 | cons 0.0000 | train 89.6% | test 77.8% | 16s
  step 100/391 | loss 0.2553 | acc 90.9% | 2s elapsed | eta 7s
  step 200/391 | loss 0.2654 | acc 90.6% | 4s elapsed | eta 4s
  step 300/391 | loss 0.2653 | acc 90.5% | 6s elapsed | eta 2s
Ep 147 | loss 0.2714 | task 0.2714 | cons 0.0000 | train 90.3% | test 77.1% | 9s
  step 100/391 | loss 0.2695 | acc 90.3% | 2s elapsed | eta 6s
  step 200/391 | loss 0.2896 | acc 89.7% | 4s elapsed | eta 3s
  step 300/391 | loss 0.2790 | acc 90.0% | 5s elapsed | eta 2s
Ep 148 | loss 0.2825 | task 0.2825 | cons 0.0000 | train 89.9% | test 77.5% | 8s
  step 100/391 | loss 0.2141 | acc 92.4% | 2s elapsed | eta 6s
  step 200/391 | loss 0.2349 | acc 91.5% | 4s elapsed | eta 3s
  step 300/391 | loss 0.2464 | acc 91.1% | 5s elapsed | eta 2s
Ep 149 | loss 0.2479 | task 0.2479 | cons 0.0000 | train 91.1% | test 77.2% | 8s
  step 100/391 | loss 0.2764 | acc 90.0% | 2s elapsed | eta 6s
  step 200/391 | loss 0.2736 | acc 90.2% | 4s elapsed | eta 4s
  step 300/391 | loss 0.2741 | acc 90.2% | 6s elapsed | eta 2s
Ep 150 | loss 0.2800 | task 0.2800 | cons 0.0000 | train 89.9% | test 77.6% | 9s
    K=1: 54.8%
    K=2: 72.6%
    K=4: 78.4%
  step 100/391 | loss 0.2649 | acc 90.5% | 5s elapsed | eta 13s
  step 200/391 | loss 0.2778 | acc 90.1% | 8s elapsed | eta 8s
  step 300/391 | loss 0.2634 | acc 90.6% | 10s elapsed | eta 3s
Ep 151 | loss 0.2597 | task 0.2597 | cons 0.0000 | train 90.7% | test 76.9% | 13s
  step 100/391 | loss 0.3138 | acc 88.7% | 2s elapsed | eta 5s
  step 200/391 | loss 0.3126 | acc 88.7% | 3s elapsed | eta 3s
  step 300/391 | loss 0.3114 | acc 88.7% | 5s elapsed | eta 1s
Ep 152 | loss 0.2910 | task 0.2910 | cons 0.0000 | train 89.5% | test 76.7% | 7s
  step 100/391 | loss 0.2685 | acc 90.5% | 2s elapsed | eta 6s
  step 200/391 | loss 0.2551 | acc 90.9% | 4s elapsed | eta 4s
  step 300/391 | loss 0.2665 | acc 90.5% | 6s elapsed | eta 2s
Ep 153 | loss 0.2641 | task 0.2641 | cons 0.0000 | train 90.6% | test 77.2% | 9s
  step 100/391 | loss 0.3051 | acc 89.4% | 2s elapsed | eta 5s
  step 200/391 | loss 0.2945 | acc 89.8% | 3s elapsed | eta 3s
  step 300/391 | loss 0.2869 | acc 89.9% | 5s elapsed | eta 2s
Ep 154 | loss 0.2685 | task 0.2685 | cons 0.0000 | train 90.6% | test 76.5% | 8s
  step 100/391 | loss 0.2607 | acc 90.8% | 2s elapsed | eta 5s
  step 200/391 | loss 0.2675 | acc 90.4% | 6s elapsed | eta 6s
  step 300/391 | loss 0.2708 | acc 90.3% | 10s elapsed | eta 3s
Ep 155 | loss 0.2680 | task 0.2680 | cons 0.0000 | train 90.5% | test 76.7% | 14s
  step 100/391 | loss 0.2445 | acc 91.4% | 1s elapsed | eta 4s
  step 200/391 | loss 0.2570 | acc 90.9% | 3s elapsed | eta 2s
  step 300/391 | loss 0.2723 | acc 90.3% | 4s elapsed | eta 1s
Ep 156 | loss 0.2750 | task 0.2750 | cons 0.0000 | train 90.1% | test 77.5% | 6s
  step 100/391 | loss 0.2133 | acc 92.3% | 1s elapsed | eta 4s
  step 200/391 | loss 0.2770 | acc 90.0% | 3s elapsed | eta 3s
  step 300/391 | loss 0.2705 | acc 90.3% | 4s elapsed | eta 1s
Ep 157 | loss 0.2752 | task 0.2752 | cons 0.0000 | train 90.2% | test 77.2% | 6s
  step 100/391 | loss 0.2128 | acc 92.2% | 1s elapsed | eta 4s
  step 200/391 | loss 0.2322 | acc 91.7% | 5s elapsed | eta 4s
  step 300/391 | loss 0.2541 | acc 90.9% | 8s elapsed | eta 3s
Ep 158 | loss 0.2611 | task 0.2611 | cons 0.0000 | train 90.6% | test 76.8% | 10s
  step 100/391 | loss 0.2956 | acc 89.8% | 1s elapsed | eta 4s
  step 200/391 | loss 0.2894 | acc 89.9% | 2s elapsed | eta 2s
  step 300/391 | loss 0.2875 | acc 89.8% | 3s elapsed | eta 1s
Ep 159 | loss 0.2972 | task 0.2972 | cons 0.0000 | train 89.5% | test 77.2% | 5s
  step 100/391 | loss 0.2640 | acc 90.5% | 1s elapsed | eta 4s
  step 200/391 | loss 0.2812 | acc 89.9% | 2s elapsed | eta 2s
  step 300/391 | loss 0.2699 | acc 90.3% | 3s elapsed | eta 1s
Ep 160 | loss 0.3023 | task 0.3023 | cons 0.0000 | train 89.1% | test 76.9% | 5s
    K=1: 56.1%
    K=2: 72.0%
    K=4: 77.7%
  step 100/391 | loss 0.2496 | acc 91.2% | 1s elapsed | eta 3s
  step 200/391 | loss 0.2455 | acc 91.2% | 2s elapsed | eta 2s
  step 300/391 | loss 0.2509 | acc 91.0% | 3s elapsed | eta 1s
Ep 161 | loss 0.2414 | task 0.2414 | cons 0.0000 | train 91.4% | test 77.2% | 5s
  step 100/391 | loss 0.2987 | acc 89.4% | 1s elapsed | eta 3s
  step 200/391 | loss 0.2913 | acc 89.7% | 2s elapsed | eta 2s
  step 300/391 | loss 0.2951 | acc 89.5% | 3s elapsed | eta 1s
Ep 162 | loss 0.2890 | task 0.2890 | cons 0.0000 | train 89.7% | test 77.5% | 5s
  step 100/391 | loss 0.2908 | acc 89.7% | 2s elapsed | eta 5s
  step 200/391 | loss 0.2816 | acc 90.0% | 3s elapsed | eta 3s
  step 300/391 | loss 0.2865 | acc 89.8% | 5s elapsed | eta 1s
Ep 163 | loss 0.2737 | task 0.2737 | cons 0.0000 | train 90.3% | test 77.0% | 8s
  step 100/391 | loss 0.2253 | acc 91.9% | 2s elapsed | eta 6s
  step 200/391 | loss 0.2705 | acc 90.4% | 4s elapsed | eta 4s
  step 300/391 | loss 0.2470 | acc 91.2% | 6s elapsed | eta 2s
Ep 164 | loss 0.2662 | task 0.2662 | cons 0.0000 | train 90.5% | test 77.1% | 10s
  step 100/391 | loss 0.2140 | acc 92.4% | 2s elapsed | eta 6s
  step 200/391 | loss 0.2501 | acc 91.0% | 4s elapsed | eta 4s
  step 300/391 | loss 0.2549 | acc 90.9% | 7s elapsed | eta 2s
Ep 165 | loss 0.2525 | task 0.2525 | cons 0.0000 | train 90.9% | test 77.6% | 10s
  step 100/391 | loss 0.1947 | acc 93.5% | 2s elapsed | eta 7s
  step 200/391 | loss 0.2245 | acc 92.2% | 4s elapsed | eta 4s
  step 300/391 | loss 0.2285 | acc 92.0% | 7s elapsed | eta 2s
Ep 166 | loss 0.2355 | task 0.2355 | cons 0.0000 | train 91.7% | test 77.8% | 10s
  step 100/391 | loss 0.2494 | acc 91.2% | 2s elapsed | eta 5s
  step 200/391 | loss 0.2586 | acc 90.9% | 4s elapsed | eta 3s
  step 300/391 | loss 0.2500 | acc 91.2% | 6s elapsed | eta 2s
Ep 167 | loss 0.2550 | task 0.2550 | cons 0.0000 | train 91.1% | test 77.8% | 9s
  step 100/391 | loss 0.3070 | acc 89.2% | 4s elapsed | eta 11s
  step 200/391 | loss 0.2639 | acc 90.6% | 8s elapsed | eta 8s
  step 300/391 | loss 0.2696 | acc 90.4% | 12s elapsed | eta 4s
Ep 168 | loss 0.2704 | task 0.2704 | cons 0.0000 | train 90.4% | test 77.1% | 16s
  step 100/391 | loss 0.2287 | acc 91.8% | 2s elapsed | eta 7s
  step 200/391 | loss 0.2481 | acc 91.1% | 4s elapsed | eta 4s
  step 300/391 | loss 0.2496 | acc 91.1% | 7s elapsed | eta 2s
Ep 169 | loss 0.2407 | task 0.2407 | cons 0.0000 | train 91.3% | test 77.6% | 9s
  step 100/391 | loss 0.2483 | acc 90.8% | 2s elapsed | eta 6s
  step 200/391 | loss 0.2556 | acc 90.6% | 4s elapsed | eta 3s
  step 300/391 | loss 0.2483 | acc 91.0% | 5s elapsed | eta 2s
Ep 170 | loss 0.2466 | task 0.2466 | cons 0.0000 | train 91.0% | test 77.5% | 8s
    K=1: 56.4%
    K=2: 72.3%
    K=4: 78.0%
  step 100/391 | loss 0.3004 | acc 89.1% | 2s elapsed | eta 5s
  step 200/391 | loss 0.2369 | acc 91.5% | 3s elapsed | eta 3s
  step 300/391 | loss 0.2529 | acc 90.9% | 5s elapsed | eta 2s
Ep 171 | loss 0.2464 | task 0.2464 | cons 0.0000 | train 91.2% | test 77.8% | 8s
  step 100/391 | loss 0.2779 | acc 90.2% | 2s elapsed | eta 6s
  step 200/391 | loss 0.2457 | acc 91.4% | 4s elapsed | eta 3s
  step 300/391 | loss 0.2650 | acc 90.6% | 7s elapsed | eta 2s
Ep 172 | loss 0.2774 | task 0.2774 | cons 0.0000 | train 90.1% | test 76.9% | 15s
  step 100/391 | loss 0.2417 | acc 91.5% | 2s elapsed | eta 6s
  step 200/391 | loss 0.2481 | acc 91.2% | 4s elapsed | eta 4s
  step 300/391 | loss 0.2338 | acc 91.7% | 6s elapsed | eta 2s
Ep 173 | loss 0.2471 | task 0.2471 | cons 0.0000 | train 91.2% | test 77.7% | 9s
  step 100/391 | loss 0.2465 | acc 91.1% | 2s elapsed | eta 5s
  step 200/391 | loss 0.2248 | acc 92.0% | 3s elapsed | eta 3s
  step 300/391 | loss 0.2400 | acc 91.4% | 5s elapsed | eta 2s
Ep 174 | loss 0.2444 | task 0.2444 | cons 0.0000 | train 91.2% | test 77.6% | 8s
  step 100/391 | loss 0.1964 | acc 92.9% | 2s elapsed | eta 6s
  step 200/391 | loss 0.2192 | acc 92.2% | 4s elapsed | eta 4s
  step 300/391 | loss 0.2292 | acc 91.9% | 6s elapsed | eta 2s
Ep 175 | loss 0.2343 | task 0.2343 | cons 0.0000 | train 91.6% | test 77.7% | 8s
  step 100/391 | loss 0.2717 | acc 90.2% | 2s elapsed | eta 5s
  step 200/391 | loss 0.2589 | acc 90.7% | 3s elapsed | eta 3s
  step 300/391 | loss 0.2840 | acc 89.7% | 6s elapsed | eta 2s
Ep 176 | loss 0.2813 | task 0.2813 | cons 0.0000 | train 89.8% | test 77.6% | 14s
  step 100/391 | loss 0.2752 | acc 90.3% | 3s elapsed | eta 8s
  step 200/391 | loss 0.2359 | acc 91.7% | 4s elapsed | eta 4s
  step 300/391 | loss 0.2519 | acc 91.1% | 5s elapsed | eta 2s
Ep 177 | loss 0.2506 | task 0.2506 | cons 0.0000 | train 91.1% | test 77.5% | 7s
  step 100/391 | loss 0.1951 | acc 93.1% | 1s elapsed | eta 4s
  step 200/391 | loss 0.2056 | acc 92.7% | 3s elapsed | eta 2s
  step 300/391 | loss 0.2258 | acc 91.9% | 4s elapsed | eta 1s
Ep 178 | loss 0.2278 | task 0.2278 | cons 0.0000 | train 91.9% | test 77.8% | 6s
  step 100/391 | loss 0.2988 | acc 89.4% | 1s elapsed | eta 3s
  step 200/391 | loss 0.2715 | acc 90.4% | 2s elapsed | eta 2s
  step 300/391 | loss 0.2672 | acc 90.5% | 5s elapsed | eta 1s
Ep 179 | loss 0.2664 | task 0.2664 | cons 0.0000 | train 90.5% | test 78.0% | 9s
  step 100/391 | loss 0.2008 | acc 93.1% | 1s elapsed | eta 4s
  step 200/391 | loss 0.2156 | acc 92.4% | 2s elapsed | eta 2s
  step 300/391 | loss 0.2125 | acc 92.5% | 3s elapsed | eta 1s
Ep 180 | loss 0.2170 | task 0.2170 | cons 0.0000 | train 92.3% | test 77.5% | 5s
    K=1: 56.7%
    K=2: 72.3%
    K=4: 78.3%
  step 100/391 | loss 0.2436 | acc 91.5% | 1s elapsed | eta 4s
  step 200/391 | loss 0.2473 | acc 91.2% | 2s elapsed | eta 2s
  step 300/391 | loss 0.2392 | acc 91.4% | 3s elapsed | eta 1s
Ep 181 | loss 0.2529 | task 0.2529 | cons 0.0000 | train 91.0% | test 78.2% | 5s
  step 100/391 | loss 0.2514 | acc 91.2% | 1s elapsed | eta 4s
  step 200/391 | loss 0.2351 | acc 91.8% | 2s elapsed | eta 2s
  step 300/391 | loss 0.2337 | acc 91.8% | 3s elapsed | eta 1s
Ep 182 | loss 0.2496 | task 0.2496 | cons 0.0000 | train 91.2% | test 77.8% | 5s
  step 100/391 | loss 0.3790 | acc 86.3% | 2s elapsed | eta 5s
  step 200/391 | loss 0.2837 | acc 89.8% | 3s elapsed | eta 3s
  step 300/391 | loss 0.2604 | acc 90.6% | 4s elapsed | eta 1s
Ep 183 | loss 0.2620 | task 0.2620 | cons 0.0000 | train 90.5% | test 77.8% | 7s
  step 100/391 | loss 0.2272 | acc 91.8% | 2s elapsed | eta 6s
  step 200/391 | loss 0.2487 | acc 91.1% | 4s elapsed | eta 4s
  step 300/391 | loss 0.2274 | acc 91.9% | 6s elapsed | eta 2s
Ep 184 | loss 0.2347 | task 0.2347 | cons 0.0000 | train 91.6% | test 77.6% | 10s
  step 100/391 | loss 0.2502 | acc 91.0% | 2s elapsed | eta 6s
  step 200/391 | loss 0.2412 | acc 91.4% | 4s elapsed | eta 4s
  step 300/391 | loss 0.2392 | acc 91.6% | 6s elapsed | eta 2s
Ep 185 | loss 0.2307 | task 0.2307 | cons 0.0000 | train 91.8% | test 77.9% | 10s
  step 100/391 | loss 0.1935 | acc 93.1% | 2s elapsed | eta 7s
  step 200/391 | loss 0.1818 | acc 93.6% | 5s elapsed | eta 4s
  step 300/391 | loss 0.1812 | acc 93.6% | 7s elapsed | eta 2s
Ep 186 | loss 0.2009 | task 0.2009 | cons 0.0000 | train 93.0% | test 77.7% | 11s
  step 100/391 | loss 0.1876 | acc 93.4% | 2s elapsed | eta 7s
  step 200/391 | loss 0.1991 | acc 93.1% | 4s elapsed | eta 4s
  step 300/391 | loss 0.2041 | acc 92.9% | 6s elapsed | eta 2s
Ep 187 | loss 0.2165 | task 0.2165 | cons 0.0000 | train 92.5% | test 78.0% | 9s
  step 100/391 | loss 0.2136 | acc 92.4% | 2s elapsed | eta 6s
  step 200/391 | loss 0.2616 | acc 90.8% | 4s elapsed | eta 4s
  step 300/391 | loss 0.2624 | acc 90.7% | 9s elapsed | eta 3s
Ep 188 | loss 0.2583 | task 0.2583 | cons 0.0000 | train 90.9% | test 77.5% | 16s
  step 100/391 | loss 0.2263 | acc 92.1% | 2s elapsed | eta 7s
  step 200/391 | loss 0.2331 | acc 91.8% | 5s elapsed | eta 5s
  step 300/391 | loss 0.2248 | acc 92.0% | 8s elapsed | eta 2s
Ep 189 | loss 0.2492 | task 0.2492 | cons 0.0000 | train 91.1% | test 77.5% | 11s
  step 100/391 | loss 0.2401 | acc 91.4% | 2s elapsed | eta 6s
  step 200/391 | loss 0.2207 | acc 92.2% | 4s elapsed | eta 3s
  step 300/391 | loss 0.2328 | acc 91.7% | 6s elapsed | eta 2s
Ep 190 | loss 0.2356 | task 0.2356 | cons 0.0000 | train 91.6% | test 77.5% | 9s
    K=1: 57.0%
    K=2: 72.2%
    K=4: 77.8%
  step 100/391 | loss 0.2237 | acc 91.9% | 2s elapsed | eta 6s
  step 200/391 | loss 0.2209 | acc 92.0% | 4s elapsed | eta 4s
  step 300/391 | loss 0.2271 | acc 91.8% | 6s elapsed | eta 2s
Ep 191 | loss 0.2119 | task 0.2119 | cons 0.0000 | train 92.4% | test 77.0% | 9s
  step 100/391 | loss 0.1983 | acc 92.9% | 2s elapsed | eta 6s
  step 200/391 | loss 0.2050 | acc 92.7% | 4s elapsed | eta 4s
  step 300/391 | loss 0.2091 | acc 92.5% | 6s elapsed | eta 2s
Ep 192 | loss 0.2179 | task 0.2179 | cons 0.0000 | train 92.2% | test 77.5% | 13s
  step 100/391 | loss 0.2073 | acc 92.8% | 4s elapsed | eta 12s
  step 200/391 | loss 0.2251 | acc 92.1% | 6s elapsed | eta 5s
  step 300/391 | loss 0.2230 | acc 92.3% | 8s elapsed | eta 2s
Ep 193 | loss 0.2094 | task 0.2094 | cons 0.0000 | train 92.7% | test 77.8% | 11s
  step 100/391 | loss 0.2083 | acc 92.6% | 2s elapsed | eta 6s
  step 200/391 | loss 0.2113 | acc 92.3% | 3s elapsed | eta 3s
  step 300/391 | loss 0.2067 | acc 92.5% | 5s elapsed | eta 2s
Ep 194 | loss 0.2058 | task 0.2058 | cons 0.0000 | train 92.5% | test 77.8% | 8s
  step 100/391 | loss 0.2124 | acc 92.4% | 2s elapsed | eta 6s
  step 200/391 | loss 0.2073 | acc 92.6% | 3s elapsed | eta 3s
  step 300/391 | loss 0.1996 | acc 92.9% | 5s elapsed | eta 2s
Ep 195 | loss 0.2110 | task 0.2110 | cons 0.0000 | train 92.5% | test 77.5% | 8s
  step 100/391 | loss 0.2366 | acc 91.7% | 2s elapsed | eta 5s
  step 200/391 | loss 0.2116 | acc 92.5% | 3s elapsed | eta 3s
  step 300/391 | loss 0.1964 | acc 93.1% | 5s elapsed | eta 2s
Ep 196 | loss 0.2053 | task 0.2053 | cons 0.0000 | train 92.8% | test 78.0% | 10s
  step 100/391 | loss 0.2148 | acc 92.4% | 3s elapsed | eta 10s
  step 200/391 | loss 0.2015 | acc 92.9% | 7s elapsed | eta 7s
  step 300/391 | loss 0.1936 | acc 93.1% | 10s elapsed | eta 3s
Ep 197 | loss 0.2098 | task 0.2098 | cons 0.0000 | train 92.5% | test 77.5% | 12s
  step 100/391 | loss 0.2065 | acc 92.7% | 1s elapsed | eta 4s
  step 200/391 | loss 0.2180 | acc 92.2% | 2s elapsed | eta 2s
  step 300/391 | loss 0.2168 | acc 92.3% | 4s elapsed | eta 1s
Ep 198 | loss 0.2246 | task 0.2246 | cons 0.0000 | train 92.0% | test 77.9% | 5s
  step 100/391 | loss 0.1820 | acc 93.5% | 1s elapsed | eta 4s
  step 200/391 | loss 0.2109 | acc 92.6% | 3s elapsed | eta 3s
  step 300/391 | loss 0.2147 | acc 92.4% | 6s elapsed | eta 2s
Ep 199 | loss 0.2007 | task 0.2007 | cons 0.0000 | train 92.9% | test 78.1% | 8s
  step 100/391 | loss 0.2550 | acc 90.8% | 2s elapsed | eta 6s
  step 200/391 | loss 0.2256 | acc 92.0% | 4s elapsed | eta 3s
  step 300/391 | loss 0.2368 | acc 91.6% | 6s elapsed | eta 2s
Ep 200 | loss 0.2141 | task 0.2141 | cons 0.0000 | train 92.4% | test 77.6% | 9s
    K=1: 57.7%
    K=2: 72.7%
    K=4: 78.4%
  step 100/391 | loss 0.1598 | acc 94.3% | 3s elapsed | eta 7s
  step 200/391 | loss 0.2064 | acc 92.8% | 5s elapsed | eta 5s
  step 300/391 | loss 0.2054 | acc 92.8% | 7s elapsed | eta 2s
Ep 201 | loss 0.2187 | task 0.2187 | cons 0.0000 | train 92.3% | test 77.8% | 11s
  step 100/391 | loss 0.1621 | acc 94.4% | 2s elapsed | eta 7s
  step 200/391 | loss 0.1855 | acc 93.4% | 5s elapsed | eta 4s
  step 300/391 | loss 0.1824 | acc 93.5% | 7s elapsed | eta 2s
Ep 202 | loss 0.1815 | task 0.1815 | cons 0.0000 | train 93.5% | test 77.4% | 11s
  step 100/391 | loss 0.2223 | acc 91.9% | 2s elapsed | eta 6s
  step 200/391 | loss 0.2184 | acc 92.0% | 4s elapsed | eta 3s
  step 300/391 | loss 0.2173 | acc 92.1% | 6s elapsed | eta 2s
Ep 203 | loss 0.2205 | task 0.2205 | cons 0.0000 | train 92.0% | test 77.0% | 9s
  step 100/391 | loss 0.2167 | acc 92.3% | 2s elapsed | eta 6s
  step 200/391 | loss 0.2170 | acc 92.2% | 4s elapsed | eta 4s
  step 300/391 | loss 0.1978 | acc 92.9% | 6s elapsed | eta 2s
Ep 204 | loss 0.2035 | task 0.2035 | cons 0.0000 | train 92.7% | test 78.1% | 11s
  step 100/391 | loss 0.2145 | acc 92.4% | 5s elapsed | eta 13s
  step 200/391 | loss 0.2233 | acc 92.0% | 9s elapsed | eta 9s
  step 300/391 | loss 0.1999 | acc 92.9% | 12s elapsed | eta 4s
Ep 205 | loss 0.2021 | task 0.2021 | cons 0.0000 | train 92.8% | test 78.1% | 15s
  step 100/391 | loss 0.2726 | acc 90.2% | 2s elapsed | eta 6s
  step 200/391 | loss 0.2293 | acc 91.9% | 4s elapsed | eta 3s
  step 300/391 | loss 0.2333 | acc 91.7% | 5s elapsed | eta 2s
Ep 206 | loss 0.2224 | task 0.2224 | cons 0.0000 | train 92.1% | test 77.7% | 8s
  step 100/391 | loss 0.2649 | acc 90.6% | 2s elapsed | eta 5s
  step 200/391 | loss 0.2372 | acc 91.7% | 3s elapsed | eta 3s
  step 300/391 | loss 0.2444 | acc 91.3% | 5s elapsed | eta 2s
Ep 207 | loss 0.2465 | task 0.2465 | cons 0.0000 | train 91.3% | test 78.0% | 9s
  step 100/391 | loss 0.2114 | acc 92.6% | 2s elapsed | eta 6s
  step 200/391 | loss 0.1924 | acc 93.3% | 4s elapsed | eta 4s
  step 300/391 | loss 0.2140 | acc 92.4% | 5s elapsed | eta 2s
Ep 208 | loss 0.2208 | task 0.2208 | cons 0.0000 | train 92.1% | test 77.5% | 9s
  step 100/391 | loss 0.1345 | acc 95.4% | 2s elapsed | eta 5s
  step 200/391 | loss 0.1696 | acc 94.0% | 4s elapsed | eta 3s
  step 300/391 | loss 0.1736 | acc 93.8% | 6s elapsed | eta 2s
Ep 209 | loss 0.1912 | task 0.1912 | cons 0.0000 | train 93.2% | test 78.1% | 10s
  step 100/391 | loss 0.2108 | acc 92.5% | 4s elapsed | eta 13s
  step 200/391 | loss 0.2190 | acc 92.1% | 9s elapsed | eta 8s
  step 300/391 | loss 0.2030 | acc 92.7% | 11s elapsed | eta 3s
Ep 210 | loss 0.2230 | task 0.2230 | cons 0.0000 | train 92.0% | test 78.0% | 14s
    K=1: 57.3%
    K=2: 72.9%
    K=4: 78.5%
  step 100/391 | loss 0.2579 | acc 90.7% | 2s elapsed | eta 6s
  step 200/391 | loss 0.2460 | acc 91.1% | 4s elapsed | eta 4s
  step 300/391 | loss 0.2145 | acc 92.3% | 6s elapsed | eta 2s
Ep 211 | loss 0.2261 | task 0.2261 | cons 0.0000 | train 91.9% | test 77.7% | 8s
  step 100/391 | loss 0.1978 | acc 93.0% | 2s elapsed | eta 5s
  step 200/391 | loss 0.2731 | acc 90.2% | 3s elapsed | eta 3s
  step 300/391 | loss 0.2502 | acc 91.0% | 5s elapsed | eta 1s
Ep 212 | loss 0.2381 | task 0.2381 | cons 0.0000 | train 91.5% | test 77.5% | 7s
  step 100/391 | loss 0.1944 | acc 93.0% | 2s elapsed | eta 6s
  step 200/391 | loss 0.2103 | acc 92.6% | 4s elapsed | eta 3s
  step 300/391 | loss 0.2289 | acc 91.9% | 5s elapsed | eta 2s
Ep 213 | loss 0.2402 | task 0.2402 | cons 0.0000 | train 91.4% | test 78.1% | 8s
  step 100/391 | loss 0.2603 | acc 90.6% | 2s elapsed | eta 5s
  step 200/391 | loss 0.2299 | acc 91.8% | 6s elapsed | eta 5s
  step 300/391 | loss 0.2274 | acc 91.9% | 9s elapsed | eta 3s
Ep 214 | loss 0.2138 | task 0.2138 | cons 0.0000 | train 92.3% | test 77.7% | 14s
  step 100/391 | loss 0.0850 | acc 96.9% | 1s elapsed | eta 4s
  step 200/391 | loss 0.1349 | acc 95.3% | 2s elapsed | eta 2s
  step 300/391 | loss 0.1566 | acc 94.5% | 4s elapsed | eta 1s
Ep 215 | loss 0.1575 | task 0.1575 | cons 0.0000 | train 94.5% | test 77.5% | 6s
  step 100/391 | loss 0.2099 | acc 92.5% | 1s elapsed | eta 4s
  step 200/391 | loss 0.1775 | acc 93.7% | 3s elapsed | eta 3s
  step 300/391 | loss 0.1786 | acc 93.6% | 5s elapsed | eta 2s
Ep 216 | loss 0.1991 | task 0.1991 | cons 0.0000 | train 92.9% | test 77.8% | 8s
  step 100/391 | loss 0.2099 | acc 92.5% | 2s elapsed | eta 6s
  step 200/391 | loss 0.2064 | acc 92.7% | 4s elapsed | eta 4s
  step 300/391 | loss 0.2017 | acc 92.9% | 7s elapsed | eta 2s
Ep 217 | loss 0.1922 | task 0.1922 | cons 0.0000 | train 93.2% | test 77.6% | 10s
  step 100/391 | loss 0.2001 | acc 92.9% | 2s elapsed | eta 7s
  step 200/391 | loss 0.1769 | acc 93.6% | 4s elapsed | eta 4s
  step 300/391 | loss 0.1944 | acc 93.0% | 7s elapsed | eta 2s
Ep 218 | loss 0.1926 | task 0.1926 | cons 0.0000 | train 93.1% | test 78.0% | 11s
  step 100/391 | loss 0.2033 | acc 92.8% | 2s elapsed | eta 6s
  step 200/391 | loss 0.2165 | acc 92.3% | 4s elapsed | eta 4s
  step 300/391 | loss 0.2211 | acc 92.1% | 6s elapsed | eta 2s
Ep 219 | loss 0.2157 | task 0.2157 | cons 0.0000 | train 92.3% | test 77.6% | 9s
  step 100/391 | loss 0.1572 | acc 94.4% | 2s elapsed | eta 6s
  step 200/391 | loss 0.1745 | acc 93.8% | 4s elapsed | eta 4s
  step 300/391 | loss 0.1827 | acc 93.6% | 6s elapsed | eta 2s
Ep 220 | loss 0.1890 | task 0.1890 | cons 0.0000 | train 93.3% | test 77.7% | 10s
    K=1: 56.6%
    K=2: 72.4%
    K=4: 78.1%
  step 100/391 | loss 0.2017 | acc 92.9% | 3s elapsed | eta 9s
  step 200/391 | loss 0.2151 | acc 92.3% | 6s elapsed | eta 6s
  step 300/391 | loss 0.2083 | acc 92.5% | 8s elapsed | eta 3s
Ep 221 | loss 0.1977 | task 0.1977 | cons 0.0000 | train 93.0% | test 77.6% | 16s
  step 100/391 | loss 0.2155 | acc 92.5% | 3s elapsed | eta 9s
  step 200/391 | loss 0.2253 | acc 92.1% | 5s elapsed | eta 5s
  step 300/391 | loss 0.2161 | acc 92.4% | 7s elapsed | eta 2s
Ep 222 | loss 0.2200 | task 0.2200 | cons 0.0000 | train 92.3% | test 77.5% | 10s
  step 100/391 | loss 0.1447 | acc 95.0% | 2s elapsed | eta 5s
  step 200/391 | loss 0.1803 | acc 93.5% | 3s elapsed | eta 3s
  step 300/391 | loss 0.1840 | acc 93.4% | 5s elapsed | eta 2s
Ep 223 | loss 0.1906 | task 0.1906 | cons 0.0000 | train 93.2% | test 78.2% | 8s
  step 100/391 | loss 0.2003 | acc 92.7% | 2s elapsed | eta 5s
  step 200/391 | loss 0.2294 | acc 91.8% | 3s elapsed | eta 3s
  step 300/391 | loss 0.2160 | acc 92.2% | 5s elapsed | eta 2s
Ep 224 | loss 0.2056 | task 0.2056 | cons 0.0000 | train 92.6% | test 78.0% | 8s
  step 100/391 | loss 0.2707 | acc 90.5% | 2s elapsed | eta 5s
  step 200/391 | loss 0.2059 | acc 92.7% | 4s elapsed | eta 3s
  step 300/391 | loss 0.2066 | acc 92.7% | 5s elapsed | eta 2s
Ep 225 | loss 0.2034 | task 0.2034 | cons 0.0000 | train 92.8% | test 77.8% | 8s
  step 100/391 | loss 0.1992 | acc 92.9% | 3s elapsed | eta 8s
  step 200/391 | loss 0.1969 | acc 93.0% | 5s elapsed | eta 4s
  step 300/391 | loss 0.2011 | acc 92.9% | 8s elapsed | eta 3s
Ep 226 | loss 0.1975 | task 0.1975 | cons 0.0000 | train 93.1% | test 78.3% | 15s
  step 100/391 | loss 0.1562 | acc 94.4% | 2s elapsed | eta 6s
  step 200/391 | loss 0.1518 | acc 94.6% | 4s elapsed | eta 4s
  step 300/391 | loss 0.1710 | acc 93.9% | 6s elapsed | eta 2s
Ep 227 | loss 0.1715 | task 0.1715 | cons 0.0000 | train 93.9% | test 77.8% | 9s
  step 100/391 | loss 0.2104 | acc 92.6% | 2s elapsed | eta 5s
  step 200/391 | loss 0.2141 | acc 92.3% | 3s elapsed | eta 3s
  step 300/391 | loss 0.2046 | acc 92.7% | 5s elapsed | eta 1s
Ep 228 | loss 0.2078 | task 0.2078 | cons 0.0000 | train 92.5% | test 78.0% | 7s
  step 100/391 | loss 0.1751 | acc 93.9% | 2s elapsed | eta 5s
  step 200/391 | loss 0.1431 | acc 95.0% | 3s elapsed | eta 3s
  step 300/391 | loss 0.1570 | acc 94.5% | 5s elapsed | eta 1s
Ep 229 | loss 0.1551 | task 0.1551 | cons 0.0000 | train 94.5% | test 78.0% | 7s
  step 100/391 | loss 0.2171 | acc 92.2% | 2s elapsed | eta 5s
  step 200/391 | loss 0.1895 | acc 93.2% | 3s elapsed | eta 3s
  step 300/391 | loss 0.1778 | acc 93.7% | 6s elapsed | eta 2s
Ep 230 | loss 0.1861 | task 0.1861 | cons 0.0000 | train 93.4% | test 78.0% | 12s
    K=1: 57.0%
    K=2: 73.1%
    K=4: 78.4%
  step 100/391 | loss 0.2285 | acc 91.8% | 2s elapsed | eta 4s
  step 200/391 | loss 0.1735 | acc 93.7% | 3s elapsed | eta 2s
  step 300/391 | loss 0.1691 | acc 93.9% | 4s elapsed | eta 1s
Ep 231 | loss 0.1704 | task 0.1704 | cons 0.0000 | train 93.9% | test 77.5% | 7s
  step 100/391 | loss 0.2541 | acc 90.9% | 2s elapsed | eta 6s
  step 200/391 | loss 0.2054 | acc 92.7% | 4s elapsed | eta 4s
  step 300/391 | loss 0.1839 | acc 93.5% | 6s elapsed | eta 2s
Ep 232 | loss 0.1705 | task 0.1705 | cons 0.0000 | train 94.0% | test 77.9% | 9s
  step 100/391 | loss 0.1513 | acc 94.5% | 2s elapsed | eta 6s
  step 200/391 | loss 0.1637 | acc 94.1% | 4s elapsed | eta 4s
  step 300/391 | loss 0.1760 | acc 93.7% | 7s elapsed | eta 2s
Ep 233 | loss 0.1686 | task 0.1686 | cons 0.0000 | train 94.0% | test 78.1% | 10s
  step 100/391 | loss 0.1939 | acc 93.2% | 2s elapsed | eta 6s
  step 200/391 | loss 0.1872 | acc 93.4% | 4s elapsed | eta 4s
  step 300/391 | loss 0.1766 | acc 93.8% | 6s elapsed | eta 2s
Ep 234 | loss 0.1705 | task 0.1705 | cons 0.0000 | train 94.0% | test 78.0% | 10s
  step 100/391 | loss 0.1681 | acc 94.1% | 3s elapsed | eta 8s
  step 200/391 | loss 0.1903 | acc 93.2% | 5s elapsed | eta 5s
  step 300/391 | loss 0.1980 | acc 92.9% | 7s elapsed | eta 2s
Ep 235 | loss 0.1885 | task 0.1885 | cons 0.0000 | train 93.3% | test 77.9% | 10s
  step 100/391 | loss 0.1704 | acc 93.9% | 2s elapsed | eta 6s
  step 200/391 | loss 0.2043 | acc 92.8% | 4s elapsed | eta 3s
  step 300/391 | loss 0.1793 | acc 93.7% | 6s elapsed | eta 2s
Ep 236 | loss 0.1887 | task 0.1887 | cons 0.0000 | train 93.4% | test 78.0% | 10s
  step 100/391 | loss 0.1256 | acc 95.5% | 4s elapsed | eta 11s
  step 200/391 | loss 0.1595 | acc 94.4% | 8s elapsed | eta 8s
  step 300/391 | loss 0.1476 | acc 94.8% | 12s elapsed | eta 4s
Ep 237 | loss 0.1625 | task 0.1625 | cons 0.0000 | train 94.3% | test 78.1% | 16s
  step 100/391 | loss 0.1453 | acc 94.7% | 3s elapsed | eta 7s
  step 200/391 | loss 0.1673 | acc 94.0% | 4s elapsed | eta 4s
  step 300/391 | loss 0.1827 | acc 93.5% | 7s elapsed | eta 2s
Ep 238 | loss 0.1798 | task 0.1798 | cons 0.0000 | train 93.6% | test 78.2% | 10s
  step 100/391 | loss 0.2230 | acc 91.9% | 2s elapsed | eta 5s
  step 200/391 | loss 0.1987 | acc 92.8% | 3s elapsed | eta 3s
  step 300/391 | loss 0.2114 | acc 92.4% | 5s elapsed | eta 1s
Ep 239 | loss 0.2025 | task 0.2025 | cons 0.0000 | train 92.8% | test 78.5% | 8s
  step 100/391 | loss 0.1430 | acc 94.8% | 2s elapsed | eta 5s
  step 200/391 | loss 0.1365 | acc 95.1% | 4s elapsed | eta 3s
  step 300/391 | loss 0.1697 | acc 93.9% | 6s elapsed | eta 2s
Ep 240 | loss 0.1599 | task 0.1599 | cons 0.0000 | train 94.2% | test 78.3% | 9s
    K=1: 57.7%
    K=2: 73.0%
    K=4: 78.5%
  step 100/391 | loss 0.1270 | acc 95.5% | 2s elapsed | eta 6s
  step 200/391 | loss 0.1844 | acc 93.4% | 3s elapsed | eta 3s
  step 300/391 | loss 0.2026 | acc 92.8% | 6s elapsed | eta 2s
Ep 241 | loss 0.1891 | task 0.1891 | cons 0.0000 | train 93.3% | test 78.1% | 11s
  step 100/391 | loss 0.1066 | acc 96.3% | 5s elapsed | eta 14s
  step 200/391 | loss 0.1379 | acc 95.2% | 8s elapsed | eta 8s
  step 300/391 | loss 0.1446 | acc 95.0% | 10s elapsed | eta 3s
Ep 242 | loss 0.1562 | task 0.1562 | cons 0.0000 | train 94.5% | test 78.1% | 13s
  step 100/391 | loss 0.1572 | acc 94.4% | 2s elapsed | eta 5s
  step 200/391 | loss 0.1332 | acc 95.2% | 3s elapsed | eta 3s
  step 300/391 | loss 0.1427 | acc 94.9% | 4s elapsed | eta 1s
Ep 243 | loss 0.1465 | task 0.1465 | cons 0.0000 | train 94.7% | test 78.0% | 7s
  step 100/391 | loss 0.1739 | acc 93.9% | 2s elapsed | eta 5s
  step 200/391 | loss 0.1641 | acc 94.3% | 3s elapsed | eta 3s
  step 300/391 | loss 0.1947 | acc 93.1% | 5s elapsed | eta 1s
Ep 244 | loss 0.1919 | task 0.1919 | cons 0.0000 | train 93.2% | test 78.0% | 7s
  step 100/391 | loss 0.2188 | acc 92.3% | 2s elapsed | eta 5s
  step 200/391 | loss 0.1988 | acc 92.9% | 4s elapsed | eta 4s
  step 300/391 | loss 0.1776 | acc 93.7% | 5s elapsed | eta 2s
Ep 245 | loss 0.1754 | task 0.1754 | cons 0.0000 | train 93.8% | test 78.1% | 11s
  step 100/391 | loss 0.2073 | acc 92.6% | 3s elapsed | eta 9s
  step 200/391 | loss 0.1607 | acc 94.3% | 4s elapsed | eta 4s
  step 300/391 | loss 0.1676 | acc 94.0% | 5s elapsed | eta 2s
Ep 246 | loss 0.1635 | task 0.1635 | cons 0.0000 | train 94.2% | test 77.7% | 7s
  step 100/391 | loss 0.2531 | acc 91.1% | 2s elapsed | eta 5s
  step 200/391 | loss 0.2164 | acc 92.3% | 3s elapsed | eta 3s
  step 300/391 | loss 0.1983 | acc 92.9% | 5s elapsed | eta 2s
Ep 247 | loss 0.1831 | task 0.1831 | cons 0.0000 | train 93.5% | test 78.0% | 9s
  step 100/391 | loss 0.1843 | acc 93.6% | 2s elapsed | eta 7s
  step 200/391 | loss 0.1592 | acc 94.4% | 5s elapsed | eta 4s
  step 300/391 | loss 0.1611 | acc 94.2% | 7s elapsed | eta 2s
Ep 248 | loss 0.1564 | task 0.1564 | cons 0.0000 | train 94.4% | test 77.9% | 10s
  step 100/391 | loss 0.1983 | acc 92.8% | 2s elapsed | eta 6s
  step 200/391 | loss 0.1607 | acc 94.2% | 4s elapsed | eta 4s
  step 300/391 | loss 0.1595 | acc 94.3% | 7s elapsed | eta 2s
Ep 249 | loss 0.1608 | task 0.1608 | cons 0.0000 | train 94.2% | test 77.9% | 11s
  step 100/391 | loss 0.0891 | acc 96.9% | 3s elapsed | eta 8s
  step 200/391 | loss 0.1346 | acc 95.3% | 5s elapsed | eta 4s
  step 300/391 | loss 0.1406 | acc 95.1% | 7s elapsed | eta 2s
Ep 250 | loss 0.1569 | task 0.1569 | cons 0.0000 | train 94.5% | test 77.8% | 10s
    K=1: 58.0%
    K=2: 73.0%
    K=4: 78.2%
  step 100/391 | loss 0.1467 | acc 94.7% | 2s elapsed | eta 7s
  step 200/391 | loss 0.1690 | acc 94.0% | 4s elapsed | eta 4s
  step 300/391 | loss 0.1762 | acc 93.8% | 7s elapsed | eta 2s
Ep 251 | loss 0.1709 | task 0.1709 | cons 0.0000 | train 94.0% | test 78.0% | 10s
  step 100/391 | loss 0.1289 | acc 95.5% | 2s elapsed | eta 6s
  step 200/391 | loss 0.1458 | acc 94.9% | 5s elapsed | eta 5s
  step 300/391 | loss 0.1454 | acc 94.9% | 10s elapsed | eta 3s
Ep 252 | loss 0.1383 | task 0.1383 | cons 0.0000 | train 95.1% | test 78.2% | 15s
  step 100/391 | loss 0.2242 | acc 92.0% | 2s elapsed | eta 7s
  step 200/391 | loss 0.1953 | acc 93.0% | 4s elapsed | eta 4s
  step 300/391 | loss 0.1900 | acc 93.2% | 7s elapsed | eta 2s
Ep 253 | loss 0.2083 | task 0.2083 | cons 0.0000 | train 92.5% | test 78.3% | 10s
  step 100/391 | loss 0.1998 | acc 93.0% | 2s elapsed | eta 6s
  step 200/391 | loss 0.1842 | acc 93.5% | 4s elapsed | eta 3s
  step 300/391 | loss 0.1979 | acc 93.0% | 6s elapsed | eta 2s
Ep 254 | loss 0.1878 | task 0.1878 | cons 0.0000 | train 93.4% | test 78.3% | 8s
  step 100/391 | loss 0.1969 | acc 92.8% | 2s elapsed | eta 5s
  step 200/391 | loss 0.2006 | acc 92.7% | 3s elapsed | eta 3s
  step 300/391 | loss 0.1882 | acc 93.2% | 5s elapsed | eta 2s
Ep 255 | loss 0.1737 | task 0.1737 | cons 0.0000 | train 93.7% | test 78.4% | 8s
  step 100/391 | loss 0.2061 | acc 92.5% | 2s elapsed | eta 5s
  step 200/391 | loss 0.1774 | acc 93.6% | 3s elapsed | eta 3s
  step 300/391 | loss 0.1684 | acc 94.0% | 5s elapsed | eta 2s
Ep 256 | loss 0.1872 | task 0.1872 | cons 0.0000 | train 93.2% | test 78.2% | 8s
  step 100/391 | loss 0.1357 | acc 95.2% | 2s elapsed | eta 6s
  step 200/391 | loss 0.1595 | acc 94.3% | 4s elapsed | eta 3s
  step 300/391 | loss 0.1447 | acc 94.9% | 6s elapsed | eta 2s
Ep 257 | loss 0.1542 | task 0.1542 | cons 0.0000 | train 94.5% | test 78.1% | 13s
  step 100/391 | loss 0.1986 | acc 93.1% | 4s elapsed | eta 11s
  step 200/391 | loss 0.1924 | acc 93.2% | 5s elapsed | eta 5s
  step 300/391 | loss 0.1834 | acc 93.5% | 7s elapsed | eta 2s
Ep 258 | loss 0.1775 | task 0.1775 | cons 0.0000 | train 93.7% | test 78.2% | 9s
  step 100/391 | loss 0.1793 | acc 93.7% | 2s elapsed | eta 5s
  step 200/391 | loss 0.1837 | acc 93.5% | 3s elapsed | eta 3s
  step 300/391 | loss 0.1764 | acc 93.7% | 5s elapsed | eta 1s
Ep 259 | loss 0.1658 | task 0.1658 | cons 0.0000 | train 94.2% | test 78.1% | 7s
  step 100/391 | loss 0.2238 | acc 92.1% | 2s elapsed | eta 5s
  step 200/391 | loss 0.2160 | acc 92.3% | 3s elapsed | eta 3s
  step 300/391 | loss 0.2172 | acc 92.3% | 5s elapsed | eta 1s
Ep 260 | loss 0.2361 | task 0.2361 | cons 0.0000 | train 91.6% | test 78.5% | 7s
    K=1: 58.0%
    K=2: 73.3%
    K=4: 78.5%
  step 100/391 | loss 0.1560 | acc 94.4% | 2s elapsed | eta 5s
  step 200/391 | loss 0.1343 | acc 95.1% | 3s elapsed | eta 3s
  step 300/391 | loss 0.1553 | acc 94.5% | 5s elapsed | eta 1s
Ep 261 | loss 0.1576 | task 0.1576 | cons 0.0000 | train 94.4% | test 78.2% | 12s
  step 100/391 | loss 0.1682 | acc 94.1% | 1s elapsed | eta 4s
  step 200/391 | loss 0.1768 | acc 93.8% | 2s elapsed | eta 2s
  step 300/391 | loss 0.1728 | acc 93.9% | 4s elapsed | eta 1s
Ep 262 | loss 0.1738 | task 0.1738 | cons 0.0000 | train 93.9% | test 78.2% | 7s
  step 100/391 | loss 0.1941 | acc 93.1% | 2s elapsed | eta 6s
  step 200/391 | loss 0.1806 | acc 93.6% | 4s elapsed | eta 4s
  step 300/391 | loss 0.1567 | acc 94.5% | 6s elapsed | eta 2s
Ep 263 | loss 0.1565 | task 0.1565 | cons 0.0000 | train 94.5% | test 78.4% | 10s
  step 100/391 | loss 0.1883 | acc 93.2% | 2s elapsed | eta 6s
  step 200/391 | loss 0.1844 | acc 93.4% | 4s elapsed | eta 4s
  step 300/391 | loss 0.1922 | acc 93.1% | 7s elapsed | eta 2s
Ep 264 | loss 0.1842 | task 0.1842 | cons 0.0000 | train 93.4% | test 78.2% | 10s
  step 100/391 | loss 0.1394 | acc 95.2% | 2s elapsed | eta 6s
  step 200/391 | loss 0.1412 | acc 95.1% | 4s elapsed | eta 4s
  step 300/391 | loss 0.1330 | acc 95.4% | 7s elapsed | eta 2s
Ep 265 | loss 0.1366 | task 0.1366 | cons 0.0000 | train 95.3% | test 78.1% | 11s
  step 100/391 | loss 0.1565 | acc 94.3% | 2s elapsed | eta 6s
  step 200/391 | loss 0.2080 | acc 92.5% | 4s elapsed | eta 4s
  step 300/391 | loss 0.2028 | acc 92.8% | 6s elapsed | eta 2s
Ep 266 | loss 0.1963 | task 0.1963 | cons 0.0000 | train 93.0% | test 78.4% | 9s
  step 100/391 | loss 0.1568 | acc 94.5% | 2s elapsed | eta 6s
  step 200/391 | loss 0.1669 | acc 94.1% | 4s elapsed | eta 4s
  step 300/391 | loss 0.1845 | acc 93.5% | 6s elapsed | eta 2s
Ep 267 | loss 0.1736 | task 0.1736 | cons 0.0000 | train 93.8% | test 78.3% | 11s
  step 100/391 | loss 0.1091 | acc 96.2% | 2s elapsed | eta 7s
  step 200/391 | loss 0.1406 | acc 94.9% | 5s elapsed | eta 5s
  step 300/391 | loss 0.1430 | acc 94.8% | 9s elapsed | eta 3s
Ep 268 | loss 0.1423 | task 0.1423 | cons 0.0000 | train 94.9% | test 78.3% | 16s
  step 100/391 | loss 0.1343 | acc 95.2% | 2s elapsed | eta 7s
  step 200/391 | loss 0.1500 | acc 94.8% | 4s elapsed | eta 4s
  step 300/391 | loss 0.1478 | acc 94.9% | 6s elapsed | eta 2s
Ep 269 | loss 0.1468 | task 0.1468 | cons 0.0000 | train 94.9% | test 78.2% | 9s
  step 100/391 | loss 0.1621 | acc 94.3% | 2s elapsed | eta 6s
  step 200/391 | loss 0.1702 | acc 93.9% | 4s elapsed | eta 3s
  step 300/391 | loss 0.1819 | acc 93.6% | 5s elapsed | eta 2s
Ep 270 | loss 0.1690 | task 0.1690 | cons 0.0000 | train 94.0% | test 78.3% | 8s
    K=1: 58.1%
    K=2: 73.5%
    K=4: 78.5%
  step 100/391 | loss 0.1101 | acc 96.1% | 2s elapsed | eta 6s
  step 200/391 | loss 0.1505 | acc 94.7% | 4s elapsed | eta 4s
  step 300/391 | loss 0.1550 | acc 94.5% | 6s elapsed | eta 2s
Ep 271 | loss 0.1566 | task 0.1566 | cons 0.0000 | train 94.5% | test 78.3% | 9s
  step 100/391 | loss 0.1887 | acc 93.3% | 2s elapsed | eta 5s
  step 200/391 | loss 0.1888 | acc 93.2% | 3s elapsed | eta 3s
  step 300/391 | loss 0.1723 | acc 93.8% | 5s elapsed | eta 2s
Ep 272 | loss 0.1684 | task 0.1684 | cons 0.0000 | train 94.0% | test 78.2% | 8s
  step 100/391 | loss 0.1628 | acc 94.2% | 3s elapsed | eta 10s
  step 200/391 | loss 0.1708 | acc 93.8% | 6s elapsed | eta 5s
  step 300/391 | loss 0.1881 | acc 93.2% | 7s elapsed | eta 2s
Ep 273 | loss 0.1778 | task 0.1778 | cons 0.0000 | train 93.6% | test 78.3% | 14s
  step 100/391 | loss 0.1703 | acc 93.9% | 3s elapsed | eta 8s
  step 200/391 | loss 0.1803 | acc 93.5% | 4s elapsed | eta 4s
  step 300/391 | loss 0.1722 | acc 93.8% | 6s elapsed | eta 2s
Ep 274 | loss 0.1738 | task 0.1738 | cons 0.0000 | train 93.8% | test 78.4% | 8s
  step 100/391 | loss 0.2300 | acc 91.8% | 2s elapsed | eta 4s
  step 200/391 | loss 0.1980 | acc 92.9% | 3s elapsed | eta 3s
  step 300/391 | loss 0.1665 | acc 94.1% | 4s elapsed | eta 1s
Ep 275 | loss 0.1608 | task 0.1608 | cons 0.0000 | train 94.3% | test 78.3% | 6s
  step 100/391 | loss 0.1781 | acc 93.6% | 1s elapsed | eta 4s
  step 200/391 | loss 0.1910 | acc 93.2% | 3s elapsed | eta 3s
  step 300/391 | loss 0.1880 | acc 93.3% | 4s elapsed | eta 1s
Ep 276 | loss 0.1860 | task 0.1860 | cons 0.0000 | train 93.3% | test 78.4% | 6s
  step 100/391 | loss 0.2031 | acc 92.7% | 2s elapsed | eta 6s
  step 200/391 | loss 0.1688 | acc 94.0% | 6s elapsed | eta 5s
  step 300/391 | loss 0.1789 | acc 93.7% | 8s elapsed | eta 2s
Ep 277 | loss 0.1802 | task 0.1802 | cons 0.0000 | train 93.6% | test 78.2% | 10s
  step 100/391 | loss 0.1655 | acc 94.0% | 2s elapsed | eta 5s
  step 200/391 | loss 0.1703 | acc 94.0% | 3s elapsed | eta 3s
  step 300/391 | loss 0.1564 | acc 94.6% | 4s elapsed | eta 1s
Ep 278 | loss 0.1638 | task 0.1638 | cons 0.0000 | train 94.3% | test 78.3% | 6s
  step 100/391 | loss 0.1436 | acc 94.9% | 2s elapsed | eta 6s
  step 200/391 | loss 0.1595 | acc 94.3% | 4s elapsed | eta 4s
  step 300/391 | loss 0.1459 | acc 94.8% | 6s elapsed | eta 2s
Ep 279 | loss 0.1501 | task 0.1501 | cons 0.0000 | train 94.7% | test 78.2% | 9s
  step 100/391 | loss 0.2048 | acc 92.6% | 2s elapsed | eta 7s
  step 200/391 | loss 0.1779 | acc 93.6% | 5s elapsed | eta 4s
  step 300/391 | loss 0.1877 | acc 93.3% | 7s elapsed | eta 2s
Ep 280 | loss 0.1741 | task 0.1741 | cons 0.0000 | train 93.8% | test 78.4% | 11s
    K=1: 57.9%
    K=2: 73.5%
    K=4: 78.4%
  step 100/391 | loss 0.1084 | acc 96.2% | 2s elapsed | eta 7s
  step 200/391 | loss 0.1341 | acc 95.3% | 5s elapsed | eta 4s
  step 300/391 | loss 0.1467 | acc 94.8% | 7s elapsed | eta 2s
Ep 281 | loss 0.1528 | task 0.1528 | cons 0.0000 | train 94.5% | test 78.1% | 10s
  step 100/391 | loss 0.1781 | acc 93.4% | 3s elapsed | eta 8s
  step 200/391 | loss 0.2185 | acc 92.1% | 5s elapsed | eta 4s
  step 300/391 | loss 0.2192 | acc 92.0% | 7s elapsed | eta 2s
Ep 282 | loss 0.2210 | task 0.2210 | cons 0.0000 | train 91.9% | test 78.3% | 10s
  step 100/391 | loss 0.2096 | acc 92.5% | 2s elapsed | eta 6s
  step 200/391 | loss 0.2323 | acc 91.7% | 4s elapsed | eta 4s
  step 300/391 | loss 0.2073 | acc 92.7% | 6s elapsed | eta 2s
Ep 283 | loss 0.2003 | task 0.2003 | cons 0.0000 | train 92.9% | test 78.3% | 11s
  step 100/391 | loss 0.1842 | acc 93.5% | 2s elapsed | eta 7s
  step 200/391 | loss 0.1579 | acc 94.4% | 7s elapsed | eta 6s
  step 300/391 | loss 0.1443 | acc 94.9% | 12s elapsed | eta 4s
Ep 284 | loss 0.1604 | task 0.1604 | cons 0.0000 | train 94.3% | test 78.4% | 17s
  step 100/391 | loss 0.1266 | acc 95.5% | 2s elapsed | eta 7s
  step 200/391 | loss 0.1852 | acc 93.4% | 4s elapsed | eta 4s
  step 300/391 | loss 0.1784 | acc 93.7% | 6s elapsed | eta 2s
Ep 285 | loss 0.1775 | task 0.1775 | cons 0.0000 | train 93.7% | test 78.2% | 10s
  step 100/391 | loss 0.1487 | acc 94.7% | 2s elapsed | eta 6s
  step 200/391 | loss 0.1438 | acc 94.8% | 4s elapsed | eta 4s
  step 300/391 | loss 0.1473 | acc 94.7% | 6s elapsed | eta 2s
Ep 286 | loss 0.1293 | task 0.1293 | cons 0.0000 | train 95.3% | test 78.3% | 10s
  step 100/391 | loss 0.1953 | acc 93.0% | 2s elapsed | eta 6s
  step 200/391 | loss 0.1558 | acc 94.4% | 4s elapsed | eta 3s
  step 300/391 | loss 0.1751 | acc 93.8% | 5s elapsed | eta 2s
Ep 287 | loss 0.1681 | task 0.1681 | cons 0.0000 | train 94.0% | test 78.2% | 8s
  step 100/391 | loss 0.1504 | acc 94.6% | 2s elapsed | eta 5s
  step 200/391 | loss 0.1852 | acc 93.3% | 3s elapsed | eta 3s
  step 300/391 | loss 0.1885 | acc 93.2% | 5s elapsed | eta 2s
Ep 288 | loss 0.1830 | task 0.1830 | cons 0.0000 | train 93.4% | test 78.2% | 8s
  step 100/391 | loss 0.1117 | acc 96.2% | 2s elapsed | eta 6s
  step 200/391 | loss 0.1392 | acc 95.2% | 3s elapsed | eta 3s
  step 300/391 | loss 0.1367 | acc 95.2% | 5s elapsed | eta 2s
Ep 289 | loss 0.1376 | task 0.1376 | cons 0.0000 | train 95.2% | test 78.3% | 12s
  step 100/391 | loss 0.1398 | acc 95.1% | 4s elapsed | eta 12s
  step 200/391 | loss 0.1944 | acc 93.1% | 6s elapsed | eta 6s
  step 300/391 | loss 0.1768 | acc 93.7% | 7s elapsed | eta 2s
Ep 290 | loss 0.1928 | task 0.1928 | cons 0.0000 | train 93.1% | test 78.3% | 9s
    K=1: 58.2%
    K=2: 73.3%
    K=4: 78.5%
  step 100/391 | loss 0.1607 | acc 94.3% | 1s elapsed | eta 4s
  step 200/391 | loss 0.1838 | acc 93.4% | 3s elapsed | eta 2s
  step 300/391 | loss 0.1834 | acc 93.4% | 4s elapsed | eta 1s
Ep 291 | loss 0.1872 | task 0.1872 | cons 0.0000 | train 93.2% | test 78.3% | 6s
  step 100/391 | loss 0.2247 | acc 92.0% | 2s elapsed | eta 5s
  step 200/391 | loss 0.1833 | acc 93.5% | 3s elapsed | eta 3s
  step 300/391 | loss 0.1863 | acc 93.4% | 4s elapsed | eta 1s
Ep 292 | loss 0.1771 | task 0.1771 | cons 0.0000 | train 93.7% | test 78.3% | 6s
  step 100/391 | loss 0.0943 | acc 96.7% | 4s elapsed | eta 12s
  step 200/391 | loss 0.1316 | acc 95.4% | 6s elapsed | eta 5s
  step 300/391 | loss 0.1612 | acc 94.3% | 7s elapsed | eta 2s
Ep 293 | loss 0.1624 | task 0.1624 | cons 0.0000 | train 94.3% | test 78.3% | 9s
  step 100/391 | loss 0.2157 | acc 92.4% | 1s elapsed | eta 3s
  step 200/391 | loss 0.1819 | acc 93.6% | 3s elapsed | eta 3s
  step 300/391 | loss 0.1740 | acc 93.8% | 5s elapsed | eta 1s
Ep 294 | loss 0.1664 | task 0.1664 | cons 0.0000 | train 94.1% | test 78.3% | 8s
  step 100/391 | loss 0.1902 | acc 93.3% | 2s elapsed | eta 6s
  step 200/391 | loss 0.1607 | acc 94.3% | 4s elapsed | eta 4s
  step 300/391 | loss 0.1647 | acc 94.2% | 7s elapsed | eta 2s
Ep 295 | loss 0.1625 | task 0.1625 | cons 0.0000 | train 94.3% | test 78.3% | 10s
  step 100/391 | loss 0.1779 | acc 93.7% | 2s elapsed | eta 7s
  step 200/391 | loss 0.1872 | acc 93.3% | 4s elapsed | eta 4s
  step 300/391 | loss 0.1789 | acc 93.6% | 7s elapsed | eta 2s
Ep 296 | loss 0.1739 | task 0.1739 | cons 0.0000 | train 93.8% | test 78.3% | 10s
  step 100/391 | loss 0.2389 | acc 91.6% | 2s elapsed | eta 7s
  step 200/391 | loss 0.1884 | acc 93.3% | 4s elapsed | eta 4s
  step 300/391 | loss 0.1796 | acc 93.7% | 7s elapsed | eta 2s
Ep 297 | loss 0.1713 | task 0.1713 | cons 0.0000 | train 94.0% | test 78.4% | 11s
  step 100/391 | loss 0.1231 | acc 95.6% | 2s elapsed | eta 7s
  step 200/391 | loss 0.1187 | acc 95.8% | 4s elapsed | eta 4s
  step 300/391 | loss 0.1321 | acc 95.3% | 6s elapsed | eta 2s
Ep 298 | loss 0.1358 | task 0.1358 | cons 0.0000 | train 95.2% | test 78.3% | 9s
  step 100/391 | loss 0.1428 | acc 94.9% | 2s elapsed | eta 6s
  step 200/391 | loss 0.1576 | acc 94.3% | 4s elapsed | eta 4s
  step 300/391 | loss 0.1835 | acc 93.5% | 7s elapsed | eta 2s
Ep 299 | loss 0.1859 | task 0.1859 | cons 0.0000 | train 93.4% | test 78.4% | 10s
  step 100/391 | loss 0.1492 | acc 94.8% | 2s elapsed | eta 7s
  step 200/391 | loss 0.1614 | acc 94.3% | 5s elapsed | eta 4s
  step 300/391 | loss 0.1547 | acc 94.6% | 7s elapsed | eta 2s
Ep 300 | loss 0.1632 | task 0.1632 | cons 0.0000 | train 94.2% | test 78.4% | 16s
    K=1: 58.4%
    K=2: 73.4%
    K=4: 78.5%
Saved checkpoint to models/direct_1bpu_K8_nocons.pt
