/home/ec2-user/dev/ugh/.venv/lib/python3.13/site-packages/torchvision/datasets/cifar.py:83: VisibleDeprecationWarning: dtype(): align should be passed as Python or NumPy boolean but got `align=0`. Did you mean to pass a tuple to create a subarray type? (Deprecated NumPy 2.4)
  entry = pickle.load(f, encoding="latin1")
Model: continuous | Params: 2,017,866 | K=4 | blocks/unit=4
----------------------------------------------------------------------
  step 100/391 | loss 2.0082 | acc 24.7% | 3s elapsed | eta 9s
  step 200/391 | loss 1.9144 | acc 27.8% | 5s elapsed | eta 5s
  step 300/391 | loss 1.8448 | acc 30.4% | 8s elapsed | eta 2s
Ep   1 | loss 1.7887 | task 1.7880 | cons 0.0335 | train 32.8% | test 40.0% | 10s
  step 100/391 | loss 1.5313 | acc 43.3% | 2s elapsed | eta 6s
  step 200/391 | loss 1.5147 | acc 44.5% | 4s elapsed | eta 4s
  step 300/391 | loss 1.4850 | acc 45.8% | 6s elapsed | eta 2s
Ep   2 | loss 1.4649 | task 1.4632 | cons 0.0427 | train 46.5% | test 47.8% | 9s
  step 100/391 | loss 1.3482 | acc 50.9% | 2s elapsed | eta 6s
  step 200/391 | loss 1.3262 | acc 51.7% | 4s elapsed | eta 4s
  step 300/391 | loss 1.3118 | acc 52.3% | 6s elapsed | eta 2s
Ep   3 | loss 1.3072 | task 1.3047 | cons 0.0419 | train 52.5% | test 54.5% | 9s
  step 100/391 | loss 1.2349 | acc 55.1% | 2s elapsed | eta 7s
  step 200/391 | loss 1.2237 | acc 55.5% | 4s elapsed | eta 4s
  step 300/391 | loss 1.2120 | acc 56.1% | 7s elapsed | eta 2s
Ep   4 | loss 1.2058 | task 1.2027 | cons 0.0388 | train 56.4% | test 56.7% | 9s
  step 100/391 | loss 1.1399 | acc 59.5% | 2s elapsed | eta 6s
  step 200/391 | loss 1.1337 | acc 59.3% | 4s elapsed | eta 4s
  step 300/391 | loss 1.1376 | acc 59.2% | 6s elapsed | eta 2s
Ep   5 | loss 1.1329 | task 1.1286 | cons 0.0428 | train 59.5% | test 57.4% | 9s
  step 100/391 | loss 1.0918 | acc 61.0% | 2s elapsed | eta 7s
  step 200/391 | loss 1.0891 | acc 60.8% | 4s elapsed | eta 4s
  step 300/391 | loss 1.0770 | acc 61.4% | 7s elapsed | eta 2s
Ep   6 | loss 1.0722 | task 1.0675 | cons 0.0391 | train 61.6% | test 63.1% | 9s
  step 100/391 | loss 1.0372 | acc 63.2% | 2s elapsed | eta 7s
  step 200/391 | loss 1.0316 | acc 63.6% | 4s elapsed | eta 4s
  step 300/391 | loss 1.0178 | acc 64.1% | 6s elapsed | eta 2s
Ep   7 | loss 1.0095 | task 1.0031 | cons 0.0458 | train 64.3% | test 66.0% | 9s
  step 100/391 | loss 0.9683 | acc 65.5% | 2s elapsed | eta 6s
  step 200/391 | loss 0.9657 | acc 65.9% | 4s elapsed | eta 4s
  step 300/391 | loss 0.9620 | acc 66.0% | 6s elapsed | eta 2s
Ep   8 | loss 0.9571 | task 0.9496 | cons 0.0468 | train 66.3% | test 68.9% | 9s
  step 100/391 | loss 0.9319 | acc 67.1% | 2s elapsed | eta 6s
  step 200/391 | loss 0.9288 | acc 67.0% | 4s elapsed | eta 4s
  step 300/391 | loss 0.9308 | acc 67.2% | 7s elapsed | eta 2s
Ep   9 | loss 0.9231 | task 0.9147 | cons 0.0463 | train 67.5% | test 68.3% | 9s
  step 100/391 | loss 0.8681 | acc 69.3% | 2s elapsed | eta 6s
  step 200/391 | loss 0.8674 | acc 69.5% | 4s elapsed | eta 4s
  step 300/391 | loss 0.8717 | acc 69.5% | 6s elapsed | eta 2s
Ep  10 | loss 0.8739 | task 0.8659 | cons 0.0395 | train 69.5% | test 70.8% | 9s
    K=1: 70.6%
    K=2: 71.0%
    K=4: 70.8%
  step 100/391 | loss 0.8380 | acc 71.2% | 2s elapsed | eta 7s
  step 200/391 | loss 0.8385 | acc 71.0% | 5s elapsed | eta 4s
  step 300/391 | loss 0.8360 | acc 71.1% | 7s elapsed | eta 2s
Ep  11 | loss 0.8392 | task 0.8284 | cons 0.0487 | train 70.9% | test 70.1% | 9s
  step 100/391 | loss 0.8009 | acc 72.1% | 2s elapsed | eta 7s
  step 200/391 | loss 0.8057 | acc 72.0% | 4s elapsed | eta 4s
  step 300/391 | loss 0.8064 | acc 71.9% | 7s elapsed | eta 2s
Ep  12 | loss 0.8071 | task 0.7966 | cons 0.0438 | train 71.9% | test 72.3% | 10s
  step 100/391 | loss 0.7751 | acc 73.0% | 2s elapsed | eta 6s
  step 200/391 | loss 0.7807 | acc 73.0% | 4s elapsed | eta 4s
  step 300/391 | loss 0.7822 | acc 73.1% | 6s elapsed | eta 2s
Ep  13 | loss 0.7827 | task 0.7694 | cons 0.0514 | train 73.0% | test 73.2% | 9s
  step 100/391 | loss 0.7350 | acc 74.5% | 2s elapsed | eta 7s
  step 200/391 | loss 0.7421 | acc 74.4% | 4s elapsed | eta 4s
  step 300/391 | loss 0.7459 | acc 74.2% | 7s elapsed | eta 2s
Ep  14 | loss 0.7473 | task 0.7341 | cons 0.0471 | train 74.2% | test 73.4% | 9s
  step 100/391 | loss 0.7217 | acc 74.8% | 2s elapsed | eta 7s
  step 200/391 | loss 0.7148 | acc 75.3% | 4s elapsed | eta 4s
  step 300/391 | loss 0.7157 | acc 75.4% | 7s elapsed | eta 2s
Ep  15 | loss 0.7178 | task 0.7046 | cons 0.0440 | train 75.4% | test 73.6% | 9s
  step 100/391 | loss 0.6908 | acc 76.5% | 2s elapsed | eta 6s
  step 200/391 | loss 0.6961 | acc 76.2% | 5s elapsed | eta 4s
  step 300/391 | loss 0.7008 | acc 76.1% | 7s elapsed | eta 2s
Ep  16 | loss 0.6987 | task 0.6865 | cons 0.0380 | train 76.1% | test 75.3% | 10s
  step 100/391 | loss 0.6718 | acc 77.3% | 2s elapsed | eta 7s
  step 200/391 | loss 0.6720 | acc 77.3% | 4s elapsed | eta 4s
  step 300/391 | loss 0.6712 | acc 77.5% | 6s elapsed | eta 2s
Ep  17 | loss 0.6773 | task 0.6585 | cons 0.0555 | train 77.2% | test 75.2% | 9s
  step 100/391 | loss 0.6473 | acc 77.9% | 2s elapsed | eta 6s
  step 200/391 | loss 0.6605 | acc 77.6% | 4s elapsed | eta 4s
  step 300/391 | loss 0.6599 | acc 77.6% | 6s elapsed | eta 2s
Ep  18 | loss 0.6629 | task 0.6434 | cons 0.0543 | train 77.5% | test 75.1% | 9s
  step 100/391 | loss 0.6191 | acc 79.4% | 2s elapsed | eta 7s
  step 200/391 | loss 0.6301 | acc 78.7% | 4s elapsed | eta 4s
  step 300/391 | loss 0.6385 | acc 78.5% | 6s elapsed | eta 2s
Ep  19 | loss 0.6382 | task 0.6177 | cons 0.0539 | train 78.6% | test 75.9% | 9s
  step 100/391 | loss 0.6156 | acc 79.1% | 2s elapsed | eta 7s
  step 200/391 | loss 0.6184 | acc 79.2% | 5s elapsed | eta 5s
  step 300/391 | loss 0.6193 | acc 79.3% | 7s elapsed | eta 2s
Ep  20 | loss 0.6230 | task 0.6015 | cons 0.0538 | train 79.2% | test 76.6% | 10s
    K=1: 76.8%
    K=2: 77.1%
    K=4: 76.6%
  step 100/391 | loss 0.6273 | acc 79.7% | 2s elapsed | eta 7s
  step 200/391 | loss 0.6251 | acc 79.6% | 4s elapsed | eta 4s
  step 300/391 | loss 0.6173 | acc 79.8% | 7s elapsed | eta 2s
Ep  21 | loss 0.6172 | task 0.5887 | cons 0.0678 | train 79.8% | test 75.5% | 10s
  step 100/391 | loss 0.5754 | acc 81.2% | 2s elapsed | eta 7s
  step 200/391 | loss 0.5760 | acc 81.1% | 4s elapsed | eta 4s
  step 300/391 | loss 0.5806 | acc 81.0% | 6s elapsed | eta 2s
Ep  22 | loss 0.5830 | task 0.5587 | cons 0.0554 | train 80.9% | test 76.5% | 9s
  step 100/391 | loss 0.5756 | acc 81.4% | 2s elapsed | eta 7s
  step 200/391 | loss 0.5734 | acc 81.4% | 4s elapsed | eta 4s
  step 300/391 | loss 0.5739 | acc 81.3% | 7s elapsed | eta 2s
Ep  23 | loss 0.5725 | task 0.5479 | cons 0.0536 | train 81.3% | test 77.6% | 9s
  step 100/391 | loss 0.5425 | acc 81.9% | 2s elapsed | eta 6s
  step 200/391 | loss 0.5540 | acc 81.6% | 4s elapsed | eta 4s
  step 300/391 | loss 0.5515 | acc 81.7% | 6s elapsed | eta 2s
Ep  24 | loss 0.5550 | task 0.5304 | cons 0.0512 | train 81.6% | test 77.6% | 9s
  step 100/391 | loss 0.5302 | acc 82.9% | 2s elapsed | eta 6s
  step 200/391 | loss 0.5303 | acc 82.9% | 4s elapsed | eta 4s
  step 300/391 | loss 0.5373 | acc 82.7% | 6s elapsed | eta 2s
Ep  25 | loss 0.5388 | task 0.5073 | cons 0.0631 | train 82.7% | test 77.4% | 9s
  step 100/391 | loss 0.5122 | acc 83.9% | 2s elapsed | eta 7s
  step 200/391 | loss 0.5208 | acc 83.6% | 5s elapsed | eta 4s
  step 300/391 | loss 0.5243 | acc 83.3% | 7s elapsed | eta 2s
Ep  26 | loss 0.5265 | task 0.4987 | cons 0.0536 | train 83.1% | test 77.7% | 10s
  step 100/391 | loss 0.4942 | acc 84.2% | 2s elapsed | eta 7s
  step 200/391 | loss 0.5078 | acc 83.8% | 4s elapsed | eta 4s
  step 300/391 | loss 0.5196 | acc 83.7% | 6s elapsed | eta 2s
Ep  27 | loss 0.5228 | task 0.4876 | cons 0.0652 | train 83.6% | test 77.8% | 9s
  step 100/391 | loss 0.5002 | acc 84.7% | 2s elapsed | eta 7s
  step 200/391 | loss 0.5008 | acc 84.3% | 5s elapsed | eta 4s
  step 300/391 | loss 0.5128 | acc 83.9% | 7s elapsed | eta 2s
Ep  28 | loss 0.5140 | task 0.4792 | cons 0.0621 | train 83.8% | test 77.8% | 10s
  step 100/391 | loss 0.4938 | acc 84.9% | 2s elapsed | eta 6s
  step 200/391 | loss 0.4935 | acc 84.8% | 4s elapsed | eta 4s
  step 300/391 | loss 0.4966 | acc 84.6% | 6s elapsed | eta 2s
Ep  29 | loss 0.5003 | task 0.4629 | cons 0.0644 | train 84.5% | test 78.0% | 9s
  step 100/391 | loss 0.4715 | acc 85.6% | 2s elapsed | eta 7s
  step 200/391 | loss 0.4773 | acc 85.4% | 4s elapsed | eta 4s
  step 300/391 | loss 0.4808 | acc 85.0% | 7s elapsed | eta 2s
Ep  30 | loss 0.4850 | task 0.4472 | cons 0.0630 | train 84.9% | test 78.5% | 9s
    K=1: 78.5%
    K=2: 78.8%
    K=4: 78.5%
  step 100/391 | loss 0.4763 | acc 85.8% | 2s elapsed | eta 7s
  step 200/391 | loss 0.4797 | acc 85.5% | 4s elapsed | eta 4s
  step 300/391 | loss 0.4804 | acc 85.4% | 6s elapsed | eta 2s
Ep  31 | loss 0.4822 | task 0.4411 | cons 0.0662 | train 85.3% | test 78.1% | 9s
  step 100/391 | loss 0.4544 | acc 86.1% | 2s elapsed | eta 7s
  step 200/391 | loss 0.4637 | acc 85.9% | 4s elapsed | eta 4s
  step 300/391 | loss 0.4629 | acc 86.0% | 6s elapsed | eta 2s
Ep  32 | loss 0.4699 | task 0.4251 | cons 0.0700 | train 85.9% | test 78.3% | 9s
  step 100/391 | loss 0.4562 | acc 86.5% | 2s elapsed | eta 7s
  step 200/391 | loss 0.4584 | acc 86.5% | 4s elapsed | eta 4s
  step 300/391 | loss 0.4620 | acc 86.2% | 6s elapsed | eta 2s
Ep  33 | loss 0.4710 | task 0.4234 | cons 0.0721 | train 86.0% | test 78.2% | 9s
  step 100/391 | loss 0.4307 | acc 87.1% | 2s elapsed | eta 7s
  step 200/391 | loss 0.4314 | acc 86.9% | 4s elapsed | eta 4s
  step 300/391 | loss 0.4452 | acc 86.6% | 6s elapsed | eta 2s
Ep  34 | loss 0.4481 | task 0.4055 | cons 0.0626 | train 86.5% | test 78.7% | 9s
  step 100/391 | loss 0.4316 | acc 87.1% | 2s elapsed | eta 6s
  step 200/391 | loss 0.4227 | acc 87.3% | 4s elapsed | eta 4s
  step 300/391 | loss 0.4337 | acc 87.0% | 6s elapsed | eta 2s
Ep  35 | loss 0.4441 | task 0.3994 | cons 0.0639 | train 86.8% | test 78.5% | 9s
  step 100/391 | loss 0.4085 | acc 88.1% | 2s elapsed | eta 7s
  step 200/391 | loss 0.4312 | acc 87.5% | 4s elapsed | eta 4s
  step 300/391 | loss 0.4353 | acc 87.2% | 7s elapsed | eta 2s
Ep  36 | loss 0.4327 | task 0.3889 | cons 0.0609 | train 87.3% | test 78.9% | 9s
  step 100/391 | loss 0.4065 | acc 88.1% | 2s elapsed | eta 7s
  step 200/391 | loss 0.4145 | acc 88.0% | 5s elapsed | eta 4s
  step 300/391 | loss 0.4161 | acc 87.8% | 7s elapsed | eta 2s
Ep  37 | loss 0.4243 | task 0.3801 | cons 0.0598 | train 87.6% | test 78.4% | 10s
  step 100/391 | loss 0.3898 | acc 88.5% | 2s elapsed | eta 7s
  step 200/391 | loss 0.4100 | acc 88.3% | 4s elapsed | eta 4s
  step 300/391 | loss 0.4109 | acc 88.2% | 7s elapsed | eta 2s
Ep  38 | loss 0.4138 | task 0.3630 | cons 0.0668 | train 88.2% | test 78.5% | 9s
  step 100/391 | loss 0.4190 | acc 88.4% | 2s elapsed | eta 7s
  step 200/391 | loss 0.4148 | acc 88.4% | 5s elapsed | eta 4s
  step 300/391 | loss 0.4239 | acc 88.1% | 7s elapsed | eta 2s
Ep  39 | loss 0.4272 | task 0.3706 | cons 0.0725 | train 87.9% | test 77.8% | 9s
  step 100/391 | loss 0.4001 | acc 88.7% | 2s elapsed | eta 7s
  step 200/391 | loss 0.4247 | acc 88.4% | 4s elapsed | eta 4s
  step 300/391 | loss 0.4289 | acc 88.1% | 6s elapsed | eta 2s
Ep  40 | loss 0.4289 | task 0.3715 | cons 0.0719 | train 88.0% | test 78.8% | 9s
    K=1: 78.6%
    K=2: 79.1%
    K=4: 78.8%
  step 100/391 | loss 0.4226 | acc 88.4% | 2s elapsed | eta 6s
  step 200/391 | loss 0.4151 | acc 88.4% | 4s elapsed | eta 4s
  step 300/391 | loss 0.4160 | acc 88.6% | 6s elapsed | eta 2s
Ep  41 | loss 0.4165 | task 0.3534 | cons 0.0770 | train 88.5% | test 77.8% | 9s
  step 100/391 | loss 0.4186 | acc 89.0% | 2s elapsed | eta 6s
  step 200/391 | loss 0.4105 | acc 88.9% | 4s elapsed | eta 4s
  step 300/391 | loss 0.4110 | acc 88.7% | 6s elapsed | eta 2s
Ep  42 | loss 0.4042 | task 0.3467 | cons 0.0684 | train 88.7% | test 79.3% | 9s
  step 100/391 | loss 0.3835 | acc 89.6% | 2s elapsed | eta 6s
  step 200/391 | loss 0.3872 | acc 89.4% | 4s elapsed | eta 4s
  step 300/391 | loss 0.3912 | acc 89.2% | 6s elapsed | eta 2s
Ep  43 | loss 0.3955 | task 0.3424 | cons 0.0618 | train 89.0% | test 78.6% | 9s
  step 100/391 | loss 0.3842 | acc 90.1% | 2s elapsed | eta 6s
  step 200/391 | loss 0.3988 | acc 89.8% | 4s elapsed | eta 4s
  step 300/391 | loss 0.3940 | acc 89.7% | 6s elapsed | eta 2s
Ep  44 | loss 0.4028 | task 0.3337 | cons 0.0785 | train 89.4% | test 78.4% | 9s
  step 100/391 | loss 0.3437 | acc 90.3% | 2s elapsed | eta 6s
  step 200/391 | loss 0.3646 | acc 90.1% | 4s elapsed | eta 4s
  step 300/391 | loss 0.3795 | acc 90.0% | 6s elapsed | eta 2s
Ep  45 | loss 0.3917 | task 0.3247 | cons 0.0744 | train 89.7% | test 78.7% | 9s
  step 100/391 | loss 0.4174 | acc 89.2% | 2s elapsed | eta 7s
  step 200/391 | loss 0.4295 | acc 89.2% | 4s elapsed | eta 4s
  step 300/391 | loss 0.4242 | acc 89.1% | 7s elapsed | eta 2s
Ep  46 | loss 0.4188 | task 0.3372 | cons 0.0887 | train 89.2% | test 78.0% | 9s
  step 100/391 | loss 0.4537 | acc 89.6% | 3s elapsed | eta 8s
  step 200/391 | loss 0.4338 | acc 89.6% | 6s elapsed | eta 6s
  step 300/391 | loss 0.4251 | acc 89.6% | 9s elapsed | eta 3s
Ep  47 | loss 0.4240 | task 0.3416 | cons 0.0876 | train 89.5% | test 78.8% | 11s
  step 100/391 | loss 0.3647 | acc 90.8% | 2s elapsed | eta 6s
  step 200/391 | loss 0.3738 | acc 90.3% | 4s elapsed | eta 4s
  step 300/391 | loss 0.3718 | acc 90.2% | 6s elapsed | eta 2s
Ep  48 | loss 0.3708 | task 0.3099 | cons 0.0634 | train 90.1% | test 78.0% | 9s
  step 100/391 | loss 0.3368 | acc 91.3% | 2s elapsed | eta 7s
  step 200/391 | loss 0.3484 | acc 90.9% | 4s elapsed | eta 4s
  step 300/391 | loss 0.3774 | acc 90.5% | 6s elapsed | eta 2s
Ep  49 | loss 0.4015 | task 0.3204 | cons 0.0827 | train 89.9% | test 78.3% | 9s
  step 100/391 | loss 0.4022 | acc 90.3% | 2s elapsed | eta 6s
  step 200/391 | loss 0.3983 | acc 90.3% | 4s elapsed | eta 4s
  step 300/391 | loss 0.4002 | acc 90.2% | 6s elapsed | eta 2s
Ep  50 | loss 0.4055 | task 0.3250 | cons 0.0805 | train 90.1% | test 78.6% | 9s
    K=1: 78.6%
    K=2: 78.7%
    K=4: 78.6%
  step 100/391 | loss 0.3815 | acc 90.7% | 2s elapsed | eta 7s
  step 200/391 | loss 0.3784 | acc 90.6% | 4s elapsed | eta 4s
  step 300/391 | loss 0.3747 | acc 90.5% | 6s elapsed | eta 2s
Ep  51 | loss 0.3730 | task 0.3021 | cons 0.0710 | train 90.6% | test 79.1% | 9s
  step 100/391 | loss 0.3446 | acc 91.1% | 2s elapsed | eta 7s
  step 200/391 | loss 0.3569 | acc 90.7% | 4s elapsed | eta 4s
  step 300/391 | loss 0.3594 | acc 90.6% | 7s elapsed | eta 2s
Ep  52 | loss 0.3635 | task 0.2977 | cons 0.0658 | train 90.6% | test 78.8% | 9s
  step 100/391 | loss 0.3270 | acc 91.6% | 2s elapsed | eta 7s
  step 200/391 | loss 0.3243 | acc 91.6% | 4s elapsed | eta 4s
  step 300/391 | loss 0.3262 | acc 91.5% | 7s elapsed | eta 2s
Ep  53 | loss 0.3269 | task 0.2744 | cons 0.0526 | train 91.4% | test 78.7% | 9s
  step 100/391 | loss 0.3087 | acc 91.9% | 2s elapsed | eta 7s
  step 200/391 | loss 0.3189 | acc 91.7% | 4s elapsed | eta 4s
  step 300/391 | loss 0.3151 | acc 91.7% | 6s elapsed | eta 2s
Ep  54 | loss 0.3299 | task 0.2745 | cons 0.0554 | train 91.5% | test 77.4% | 9s
  step 100/391 | loss 0.3584 | acc 91.8% | 2s elapsed | eta 6s
  step 200/391 | loss 0.3443 | acc 91.6% | 4s elapsed | eta 4s
  step 300/391 | loss 0.3356 | acc 91.8% | 6s elapsed | eta 2s
Ep  55 | loss 0.3366 | task 0.2724 | cons 0.0643 | train 91.8% | test 77.8% | 9s
  step 100/391 | loss 0.3100 | acc 92.3% | 2s elapsed | eta 6s
  step 200/391 | loss 0.3198 | acc 92.1% | 4s elapsed | eta 4s
  step 300/391 | loss 0.3226 | acc 91.9% | 6s elapsed | eta 2s
Ep  56 | loss 0.3316 | task 0.2695 | cons 0.0621 | train 91.7% | test 78.9% | 9s
  step 100/391 | loss 0.3103 | acc 92.5% | 2s elapsed | eta 6s
  step 200/391 | loss 0.3246 | acc 92.1% | 4s elapsed | eta 4s
  step 300/391 | loss 0.3319 | acc 92.0% | 6s elapsed | eta 2s
Ep  57 | loss 0.3344 | task 0.2667 | cons 0.0677 | train 91.8% | test 79.0% | 9s
  step 100/391 | loss 0.3146 | acc 92.8% | 2s elapsed | eta 6s
  step 200/391 | loss 0.3146 | acc 92.4% | 4s elapsed | eta 4s
  step 300/391 | loss 0.3190 | acc 92.3% | 6s elapsed | eta 2s
Ep  58 | loss 0.3235 | task 0.2603 | cons 0.0632 | train 92.1% | test 78.8% | 9s
  step 100/391 | loss 0.3039 | acc 92.7% | 2s elapsed | eta 7s
  step 200/391 | loss 0.3182 | acc 92.5% | 4s elapsed | eta 4s
  step 300/391 | loss 0.3206 | acc 92.4% | 6s elapsed | eta 2s
Ep  59 | loss 0.3244 | task 0.2589 | cons 0.0656 | train 92.2% | test 78.3% | 9s
  step 100/391 | loss 0.2886 | acc 93.1% | 2s elapsed | eta 7s
  step 200/391 | loss 0.2923 | acc 92.8% | 4s elapsed | eta 4s
  step 300/391 | loss 0.3120 | acc 92.4% | 7s elapsed | eta 2s
Ep  60 | loss 0.3165 | task 0.2551 | cons 0.0613 | train 92.3% | test 79.8% | 9s
    K=1: 79.7%
    K=2: 79.9%
    K=4: 79.8%
  step 100/391 | loss 0.2765 | acc 93.1% | 2s elapsed | eta 7s
  step 200/391 | loss 0.2938 | acc 92.7% | 4s elapsed | eta 4s
  step 300/391 | loss 0.2956 | acc 92.7% | 6s elapsed | eta 2s
Ep  61 | loss 0.2934 | task 0.2389 | cons 0.0545 | train 92.7% | test 78.5% | 9s
  step 100/391 | loss 0.2952 | acc 93.5% | 2s elapsed | eta 6s
  step 200/391 | loss 0.3235 | acc 93.0% | 4s elapsed | eta 4s
  step 300/391 | loss 0.3309 | acc 92.7% | 6s elapsed | eta 2s
Ep  62 | loss 0.3406 | task 0.2582 | cons 0.0824 | train 92.4% | test 78.5% | 9s
  step 100/391 | loss 0.3564 | acc 92.7% | 2s elapsed | eta 6s
  step 200/391 | loss 0.5627 | acc 89.1% | 4s elapsed | eta 4s
  step 300/391 | loss 0.5066 | acc 90.1% | 6s elapsed | eta 2s
Ep  63 | loss 0.4737 | task 0.3287 | cons 0.1451 | train 90.4% | test 78.5% | 9s
  step 100/391 | loss 0.3347 | acc 92.8% | 2s elapsed | eta 7s
  step 200/391 | loss 0.3707 | acc 92.4% | 4s elapsed | eta 4s
  step 300/391 | loss 0.3501 | acc 92.4% | 7s elapsed | eta 2s
Ep  64 | loss 0.3429 | task 0.2599 | cons 0.0830 | train 92.5% | test 78.9% | 9s
  step 100/391 | loss 0.3519 | acc 93.2% | 2s elapsed | eta 6s
  step 200/391 | loss 0.3467 | acc 93.0% | 4s elapsed | eta 4s
  step 300/391 | loss 0.3287 | acc 93.0% | 6s elapsed | eta 2s
Ep  65 | loss 0.3295 | task 0.2482 | cons 0.0813 | train 92.8% | test 79.1% | 9s
  step 100/391 | loss 0.2565 | acc 93.8% | 2s elapsed | eta 7s
  step 200/391 | loss 0.2632 | acc 93.5% | 4s elapsed | eta 4s
  step 300/391 | loss 0.2668 | acc 93.3% | 6s elapsed | eta 2s
Ep  66 | loss 0.2712 | task 0.2234 | cons 0.0479 | train 93.3% | test 78.2% | 9s
  step 100/391 | loss 0.2652 | acc 93.8% | 2s elapsed | eta 7s
  step 200/391 | loss 0.2778 | acc 93.5% | 4s elapsed | eta 4s
  step 300/391 | loss 0.2856 | acc 93.2% | 6s elapsed | eta 2s
Ep  67 | loss 0.2775 | task 0.2230 | cons 0.0544 | train 93.3% | test 78.8% | 9s
  step 100/391 | loss 0.2350 | acc 94.4% | 2s elapsed | eta 7s
  step 200/391 | loss 0.2602 | acc 93.9% | 4s elapsed | eta 4s
  step 300/391 | loss 0.2728 | acc 93.5% | 6s elapsed | eta 2s
Ep  68 | loss 0.2761 | task 0.2207 | cons 0.0555 | train 93.5% | test 77.9% | 9s
  step 100/391 | loss 0.2901 | acc 93.7% | 2s elapsed | eta 6s
  step 200/391 | loss 0.3012 | acc 93.4% | 4s elapsed | eta 4s
  step 300/391 | loss 0.3195 | acc 93.2% | 6s elapsed | eta 2s
Ep  69 | loss 0.3183 | task 0.2392 | cons 0.0791 | train 93.1% | test 78.1% | 9s
  step 100/391 | loss 0.3725 | acc 92.2% | 2s elapsed | eta 6s
  step 200/391 | loss 0.3448 | acc 92.7% | 4s elapsed | eta 4s
  step 300/391 | loss 0.3302 | acc 93.0% | 6s elapsed | eta 2s
Ep  70 | loss 0.3238 | task 0.2436 | cons 0.0802 | train 93.0% | test 78.6% | 9s
    K=1: 78.7%
    K=2: 78.8%
    K=4: 78.6%
  step 100/391 | loss 0.2507 | acc 94.2% | 2s elapsed | eta 6s
  step 200/391 | loss 0.2615 | acc 94.0% | 4s elapsed | eta 4s
  step 300/391 | loss 0.3061 | acc 93.5% | 6s elapsed | eta 2s
Ep  71 | loss 0.3265 | task 0.2377 | cons 0.0888 | train 93.2% | test 77.8% | 9s
  step 100/391 | loss 0.2878 | acc 94.1% | 2s elapsed | eta 7s
  step 200/391 | loss 0.2852 | acc 94.0% | 4s elapsed | eta 4s
  step 300/391 | loss 0.2979 | acc 93.7% | 6s elapsed | eta 2s
Ep  72 | loss 0.3050 | task 0.2271 | cons 0.0779 | train 93.5% | test 78.0% | 9s
  step 100/391 | loss 0.2521 | acc 94.3% | 2s elapsed | eta 6s
  step 200/391 | loss 0.2618 | acc 94.0% | 4s elapsed | eta 4s
  step 300/391 | loss 0.2614 | acc 94.0% | 6s elapsed | eta 2s
Ep  73 | loss 0.2637 | task 0.2062 | cons 0.0575 | train 93.9% | test 78.2% | 9s
  step 100/391 | loss 0.2473 | acc 94.5% | 2s elapsed | eta 7s
  step 200/391 | loss 0.2665 | acc 94.1% | 4s elapsed | eta 4s
  step 300/391 | loss 0.2824 | acc 93.8% | 7s elapsed | eta 2s
Ep  74 | loss 0.2891 | task 0.2220 | cons 0.0671 | train 93.6% | test 79.2% | 9s
  step 100/391 | loss 0.2732 | acc 94.1% | 2s elapsed | eta 6s
  step 200/391 | loss 0.2708 | acc 94.1% | 4s elapsed | eta 4s
  step 300/391 | loss 0.2691 | acc 94.0% | 6s elapsed | eta 2s
Ep  75 | loss 0.2766 | task 0.2126 | cons 0.0640 | train 93.9% | test 77.3% | 9s
  step 100/391 | loss 0.2749 | acc 94.4% | 2s elapsed | eta 7s
  step 200/391 | loss 0.3019 | acc 93.9% | 4s elapsed | eta 4s
  step 300/391 | loss 0.2841 | acc 93.9% | 7s elapsed | eta 2s
Ep  76 | loss 0.2800 | task 0.2121 | cons 0.0680 | train 94.0% | test 78.7% | 9s
  step 100/391 | loss 0.2552 | acc 94.4% | 2s elapsed | eta 6s
  step 200/391 | loss 0.2648 | acc 94.3% | 4s elapsed | eta 4s
  step 300/391 | loss 0.2819 | acc 94.1% | 6s elapsed | eta 2s
Ep  77 | loss 0.2853 | task 0.2097 | cons 0.0756 | train 94.0% | test 78.3% | 9s
  step 100/391 | loss 0.2484 | acc 94.2% | 2s elapsed | eta 6s
  step 200/391 | loss 0.2428 | acc 94.5% | 4s elapsed | eta 4s
  step 300/391 | loss 0.2441 | acc 94.3% | 6s elapsed | eta 2s
Ep  78 | loss 0.2480 | task 0.1942 | cons 0.0538 | train 94.3% | test 79.1% | 9s
  step 100/391 | loss 0.2477 | acc 94.5% | 2s elapsed | eta 7s
  step 200/391 | loss 0.2401 | acc 94.5% | 4s elapsed | eta 4s
  step 300/391 | loss 0.2501 | acc 94.4% | 7s elapsed | eta 2s
Ep  79 | loss 0.2663 | task 0.2004 | cons 0.0658 | train 94.3% | test 78.9% | 9s
  step 100/391 | loss 0.2896 | acc 94.5% | 2s elapsed | eta 7s
  step 200/391 | loss 0.3063 | acc 94.2% | 4s elapsed | eta 4s
  step 300/391 | loss 0.3413 | acc 93.6% | 6s elapsed | eta 2s
Ep  80 | loss 0.3397 | task 0.2256 | cons 0.1142 | train 93.5% | test 77.9% | 9s
    K=1: 78.9%
    K=2: 78.6%
    K=4: 77.9%
  step 100/391 | loss 0.3108 | acc 93.7% | 2s elapsed | eta 6s
  step 200/391 | loss 0.3407 | acc 93.6% | 4s elapsed | eta 4s
  step 300/391 | loss 0.3439 | acc 93.8% | 6s elapsed | eta 2s
Ep  81 | loss 0.3648 | task 0.2346 | cons 0.1301 | train 93.7% | test 77.9% | 9s
  step 100/391 | loss 0.3582 | acc 94.1% | 2s elapsed | eta 6s
  step 200/391 | loss 0.4049 | acc 94.1% | 4s elapsed | eta 4s
  step 300/391 | loss 0.4097 | acc 94.0% | 6s elapsed | eta 2s
Ep  82 | loss 0.4081 | task 0.2305 | cons 0.1775 | train 93.8% | test 78.1% | 9s
  step 100/391 | loss 0.2884 | acc 94.8% | 2s elapsed | eta 7s
  step 200/391 | loss 0.2867 | acc 94.7% | 4s elapsed | eta 4s
  step 300/391 | loss 0.2749 | acc 94.7% | 7s elapsed | eta 2s
Ep  83 | loss 0.2771 | task 0.1958 | cons 0.0813 | train 94.6% | test 78.7% | 9s
  step 100/391 | loss 0.2406 | acc 94.7% | 2s elapsed | eta 7s
  step 200/391 | loss 0.2539 | acc 94.7% | 5s elapsed | eta 4s
  step 300/391 | loss 0.2458 | acc 94.7% | 7s elapsed | eta 2s
Ep  84 | loss 0.2482 | task 0.1900 | cons 0.0582 | train 94.8% | test 78.0% | 9s
  step 100/391 | loss 0.3098 | acc 94.8% | 2s elapsed | eta 7s
  step 200/391 | loss 0.3432 | acc 94.6% | 4s elapsed | eta 4s
  step 300/391 | loss 0.3717 | acc 94.4% | 6s elapsed | eta 2s
Ep  85 | loss 0.3730 | task 0.2169 | cons 0.1561 | train 94.4% | test 78.9% | 9s
  step 100/391 | loss 0.3892 | acc 94.5% | 2s elapsed | eta 6s
  step 200/391 | loss 0.3406 | acc 94.5% | 4s elapsed | eta 4s
  step 300/391 | loss 0.3159 | acc 94.7% | 6s elapsed | eta 2s
Ep  86 | loss 0.3003 | task 0.1983 | cons 0.1020 | train 94.7% | test 78.8% | 9s
  step 100/391 | loss 0.2732 | acc 95.1% | 2s elapsed | eta 6s
  step 200/391 | loss 0.2556 | acc 95.0% | 4s elapsed | eta 4s
  step 300/391 | loss 0.2799 | acc 94.8% | 6s elapsed | eta 2s
Ep  87 | loss 0.2729 | task 0.1919 | cons 0.0810 | train 94.8% | test 79.0% | 9s
  step 100/391 | loss 0.2515 | acc 95.6% | 2s elapsed | eta 6s
  step 200/391 | loss 0.2594 | acc 95.4% | 4s elapsed | eta 4s
  step 300/391 | loss 0.2736 | acc 95.1% | 6s elapsed | eta 2s
Ep  88 | loss 0.2745 | task 0.1851 | cons 0.0894 | train 95.0% | test 78.0% | 9s
  step 100/391 | loss 0.3353 | acc 95.0% | 2s elapsed | eta 7s
  step 200/391 | loss 0.3712 | acc 94.9% | 4s elapsed | eta 4s
  step 300/391 | loss 0.4064 | acc 94.7% | 6s elapsed | eta 2s
Ep  89 | loss 0.3842 | task 0.2110 | cons 0.1732 | train 94.7% | test 79.0% | 9s
  step 100/391 | loss 0.2892 | acc 95.3% | 2s elapsed | eta 6s
  step 200/391 | loss 0.2801 | acc 95.1% | 4s elapsed | eta 4s
  step 300/391 | loss 0.2847 | acc 95.1% | 7s elapsed | eta 2s
Ep  90 | loss 0.2937 | task 0.1846 | cons 0.1090 | train 95.1% | test 78.0% | 9s
    K=1: 78.5%
    K=2: 78.4%
    K=4: 78.0%
  step 100/391 | loss 0.3305 | acc 95.7% | 2s elapsed | eta 7s
  step 200/391 | loss 0.3182 | acc 95.4% | 4s elapsed | eta 4s
  step 300/391 | loss 0.2900 | acc 95.5% | 7s elapsed | eta 2s
Ep  91 | loss 0.2789 | task 0.1739 | cons 0.1050 | train 95.5% | test 78.6% | 9s
  step 100/391 | loss 0.2452 | acc 95.6% | 2s elapsed | eta 7s
  step 200/391 | loss 0.2428 | acc 95.5% | 4s elapsed | eta 4s
  step 300/391 | loss 0.2404 | acc 95.6% | 6s elapsed | eta 2s
Ep  92 | loss 0.2504 | task 0.1695 | cons 0.0809 | train 95.5% | test 79.4% | 9s
  step 100/391 | loss 0.2578 | acc 95.6% | 2s elapsed | eta 7s
  step 200/391 | loss 0.2850 | acc 95.5% | 4s elapsed | eta 4s
  step 300/391 | loss 0.2808 | acc 95.4% | 7s elapsed | eta 2s
Ep  93 | loss 0.2713 | task 0.1776 | cons 0.0937 | train 95.3% | test 78.3% | 9s
  step 100/391 | loss 0.2540 | acc 96.0% | 2s elapsed | eta 6s
  step 200/391 | loss 0.2721 | acc 95.8% | 4s elapsed | eta 4s
  step 300/391 | loss 0.2586 | acc 95.7% | 6s elapsed | eta 2s
Ep  94 | loss 0.2558 | task 0.1644 | cons 0.0914 | train 95.7% | test 79.2% | 9s
  step 100/391 | loss 0.1909 | acc 96.3% | 2s elapsed | eta 6s
  step 200/391 | loss 0.2133 | acc 96.1% | 4s elapsed | eta 4s
  step 300/391 | loss 0.2176 | acc 96.0% | 6s elapsed | eta 2s
Ep  95 | loss 0.2269 | task 0.1524 | cons 0.0745 | train 95.8% | test 79.0% | 9s
  step 100/391 | loss 0.2213 | acc 96.0% | 2s elapsed | eta 7s
  step 200/391 | loss 0.2267 | acc 96.0% | 5s elapsed | eta 4s
  step 300/391 | loss 0.2488 | acc 96.0% | 7s elapsed | eta 2s
Ep  96 | loss 0.2470 | task 0.1598 | cons 0.0873 | train 95.9% | test 79.2% | 9s
  step 100/391 | loss 0.2205 | acc 96.2% | 2s elapsed | eta 7s
  step 200/391 | loss 0.2360 | acc 96.0% | 4s elapsed | eta 4s
  step 300/391 | loss 0.2551 | acc 95.9% | 7s elapsed | eta 2s
Ep  97 | loss 0.2643 | task 0.1624 | cons 0.1019 | train 95.7% | test 77.4% | 9s
  step 100/391 | loss 0.2333 | acc 95.8% | 2s elapsed | eta 7s
  step 200/391 | loss 0.2501 | acc 95.9% | 5s elapsed | eta 4s
  step 300/391 | loss 0.2567 | acc 95.8% | 7s elapsed | eta 2s
Ep  98 | loss 0.2542 | task 0.1568 | cons 0.0974 | train 95.8% | test 78.4% | 9s
  step 100/391 | loss 0.2007 | acc 96.3% | 2s elapsed | eta 7s
  step 200/391 | loss 0.2067 | acc 96.2% | 4s elapsed | eta 4s
  step 300/391 | loss 0.2044 | acc 96.1% | 6s elapsed | eta 2s
Ep  99 | loss 0.2066 | task 0.1467 | cons 0.0598 | train 96.1% | test 79.0% | 9s
  step 100/391 | loss 0.2023 | acc 96.4% | 2s elapsed | eta 6s
  step 200/391 | loss 0.1981 | acc 96.2% | 4s elapsed | eta 4s
  step 300/391 | loss 0.2156 | acc 96.1% | 6s elapsed | eta 2s
Ep 100 | loss 0.2165 | task 0.1474 | cons 0.0691 | train 96.0% | test 78.9% | 9s
    K=1: 79.0%
    K=2: 79.1%
    K=4: 78.9%
  step 100/391 | loss 0.2668 | acc 96.0% | 2s elapsed | eta 6s
  step 200/391 | loss 0.2979 | acc 95.9% | 4s elapsed | eta 4s
  step 300/391 | loss 0.2986 | acc 95.8% | 6s elapsed | eta 2s
Ep 101 | loss 0.2823 | task 0.1608 | cons 0.1216 | train 95.8% | test 78.5% | 9s
  step 100/391 | loss 0.1912 | acc 96.4% | 2s elapsed | eta 7s
  step 200/391 | loss 0.1904 | acc 96.5% | 4s elapsed | eta 4s
  step 300/391 | loss 0.1971 | acc 96.4% | 6s elapsed | eta 2s
Ep 102 | loss 0.2027 | task 0.1386 | cons 0.0641 | train 96.3% | test 78.9% | 9s
  step 100/391 | loss 0.1899 | acc 96.1% | 2s elapsed | eta 6s
  step 200/391 | loss 0.2270 | acc 96.1% | 4s elapsed | eta 4s
  step 300/391 | loss 0.2262 | acc 96.0% | 6s elapsed | eta 2s
Ep 103 | loss 0.2237 | task 0.1444 | cons 0.0792 | train 96.0% | test 79.5% | 9s
  step 100/391 | loss 0.2100 | acc 96.2% | 2s elapsed | eta 7s
  step 200/391 | loss 0.2444 | acc 96.0% | 4s elapsed | eta 4s
  step 300/391 | loss 0.2436 | acc 96.0% | 6s elapsed | eta 2s
Ep 104 | loss 0.2518 | task 0.1533 | cons 0.0985 | train 96.0% | test 78.1% | 9s
  step 100/391 | loss 0.2676 | acc 95.9% | 2s elapsed | eta 7s
  step 200/391 | loss 0.2375 | acc 96.1% | 4s elapsed | eta 4s
  step 300/391 | loss 0.2432 | acc 96.0% | 6s elapsed | eta 2s
Ep 105 | loss 0.2321 | task 0.1474 | cons 0.0847 | train 96.2% | test 79.8% | 9s
  step 100/391 | loss 0.1818 | acc 96.6% | 2s elapsed | eta 6s
  step 200/391 | loss 0.1879 | acc 96.5% | 4s elapsed | eta 4s
  step 300/391 | loss 0.1863 | acc 96.5% | 6s elapsed | eta 2s
Ep 106 | loss 0.1941 | task 0.1299 | cons 0.0642 | train 96.5% | test 79.2% | 9s
  step 100/391 | loss 0.1851 | acc 96.8% | 2s elapsed | eta 7s
  step 200/391 | loss 0.1893 | acc 96.8% | 5s elapsed | eta 5s
  step 300/391 | loss 0.2066 | acc 96.7% | 7s elapsed | eta 2s
Ep 107 | loss 0.2162 | task 0.1374 | cons 0.0788 | train 96.5% | test 79.0% | 10s
  step 100/391 | loss 0.1895 | acc 96.5% | 2s elapsed | eta 6s
  step 200/391 | loss 0.1877 | acc 96.6% | 4s elapsed | eta 4s
  step 300/391 | loss 0.2003 | acc 96.5% | 7s elapsed | eta 2s
Ep 108 | loss 0.2042 | task 0.1331 | cons 0.0711 | train 96.4% | test 78.3% | 9s
  step 100/391 | loss 0.2260 | acc 96.5% | 2s elapsed | eta 7s
  step 200/391 | loss 0.2280 | acc 96.5% | 4s elapsed | eta 4s
  step 300/391 | loss 0.2350 | acc 96.3% | 6s elapsed | eta 2s
Ep 109 | loss 0.2400 | task 0.1362 | cons 0.1037 | train 96.3% | test 79.1% | 9s
  step 100/391 | loss 0.2211 | acc 96.8% | 2s elapsed | eta 6s
  step 200/391 | loss 0.2000 | acc 96.7% | 4s elapsed | eta 4s
  step 300/391 | loss 0.1989 | acc 96.7% | 6s elapsed | eta 2s
Ep 110 | loss 0.1899 | task 0.1226 | cons 0.0674 | train 96.8% | test 78.9% | 9s
    K=1: 79.4%
    K=2: 79.2%
    K=4: 78.9%
  step 100/391 | loss 0.2232 | acc 96.7% | 2s elapsed | eta 7s
  step 200/391 | loss 0.1969 | acc 96.8% | 4s elapsed | eta 4s
  step 300/391 | loss 0.1972 | acc 96.7% | 6s elapsed | eta 2s
Ep 111 | loss 0.1985 | task 0.1267 | cons 0.0718 | train 96.6% | test 79.7% | 9s
  step 100/391 | loss 0.2242 | acc 96.7% | 2s elapsed | eta 7s
  step 200/391 | loss 0.2084 | acc 96.9% | 4s elapsed | eta 4s
  step 300/391 | loss 0.2076 | acc 96.8% | 7s elapsed | eta 2s
Ep 112 | loss 0.2004 | task 0.1222 | cons 0.0782 | train 96.8% | test 79.2% | 9s
  step 100/391 | loss 0.1730 | acc 97.1% | 2s elapsed | eta 7s
  step 200/391 | loss 0.1919 | acc 96.9% | 4s elapsed | eta 4s
  step 300/391 | loss 0.1941 | acc 96.8% | 7s elapsed | eta 2s
Ep 113 | loss 0.1911 | task 0.1207 | cons 0.0704 | train 96.8% | test 79.1% | 9s
  step 100/391 | loss 0.1463 | acc 97.1% | 2s elapsed | eta 7s
  step 200/391 | loss 0.1556 | acc 97.0% | 4s elapsed | eta 4s
  step 300/391 | loss 0.1654 | acc 96.9% | 6s elapsed | eta 2s
Ep 114 | loss 0.1739 | task 0.1143 | cons 0.0596 | train 96.9% | test 79.1% | 9s
  step 100/391 | loss 0.1742 | acc 97.1% | 2s elapsed | eta 6s
  step 200/391 | loss 0.1718 | acc 97.0% | 4s elapsed | eta 4s
  step 300/391 | loss 0.1708 | acc 97.0% | 6s elapsed | eta 2s
Ep 115 | loss 0.1752 | task 0.1201 | cons 0.0551 | train 96.8% | test 79.6% | 9s
  step 100/391 | loss 0.1938 | acc 96.9% | 2s elapsed | eta 7s
  step 200/391 | loss 0.2113 | acc 96.8% | 5s elapsed | eta 4s
  step 300/391 | loss 0.1994 | acc 96.8% | 7s elapsed | eta 2s
Ep 116 | loss 0.1937 | task 0.1194 | cons 0.0743 | train 96.8% | test 78.2% | 10s
  step 100/391 | loss 0.2029 | acc 96.9% | 2s elapsed | eta 7s
  step 200/391 | loss 0.2068 | acc 96.9% | 4s elapsed | eta 4s
  step 300/391 | loss 0.1995 | acc 96.9% | 7s elapsed | eta 2s
Ep 117 | loss 0.1951 | task 0.1236 | cons 0.0715 | train 96.8% | test 78.6% | 10s
  step 100/391 | loss 0.1845 | acc 97.0% | 2s elapsed | eta 7s
  step 200/391 | loss 0.1687 | acc 97.1% | 4s elapsed | eta 4s
  step 300/391 | loss 0.1728 | acc 97.0% | 7s elapsed | eta 2s
Ep 118 | loss 0.1693 | task 0.1145 | cons 0.0548 | train 96.9% | test 77.8% | 9s
  step 100/391 | loss 0.1641 | acc 97.4% | 2s elapsed | eta 6s
  step 200/391 | loss 0.1723 | acc 97.1% | 4s elapsed | eta 4s
  step 300/391 | loss 0.1822 | acc 97.1% | 6s elapsed | eta 2s
Ep 119 | loss 0.1892 | task 0.1167 | cons 0.0725 | train 97.0% | test 79.2% | 9s
  step 100/391 | loss 0.1727 | acc 97.2% | 2s elapsed | eta 6s
  step 200/391 | loss 0.1681 | acc 97.2% | 4s elapsed | eta 4s
  step 300/391 | loss 0.1683 | acc 97.0% | 6s elapsed | eta 2s
Ep 120 | loss 0.1652 | task 0.1108 | cons 0.0543 | train 97.1% | test 78.4% | 9s
    K=1: 78.6%
    K=2: 78.5%
    K=4: 78.4%
  step 100/391 | loss 0.1657 | acc 97.4% | 2s elapsed | eta 6s
  step 200/391 | loss 0.1881 | acc 97.1% | 4s elapsed | eta 4s
  step 300/391 | loss 0.1808 | acc 97.1% | 6s elapsed | eta 2s
Ep 121 | loss 0.1791 | task 0.1098 | cons 0.0693 | train 97.1% | test 79.3% | 9s
  step 100/391 | loss 0.1623 | acc 97.2% | 2s elapsed | eta 7s
  step 200/391 | loss 0.1763 | acc 97.1% | 4s elapsed | eta 4s
  step 300/391 | loss 0.1773 | acc 97.0% | 6s elapsed | eta 2s
Ep 122 | loss 0.1780 | task 0.1098 | cons 0.0682 | train 97.0% | test 78.4% | 9s
  step 100/391 | loss 0.1661 | acc 97.0% | 2s elapsed | eta 7s
  step 200/391 | loss 0.1876 | acc 96.9% | 4s elapsed | eta 4s
  step 300/391 | loss 0.1816 | acc 97.1% | 7s elapsed | eta 2s
Ep 123 | loss 0.1922 | task 0.1099 | cons 0.0823 | train 97.1% | test 78.8% | 9s
  step 100/391 | loss 0.1806 | acc 97.5% | 2s elapsed | eta 7s
  step 200/391 | loss 0.1812 | acc 97.4% | 4s elapsed | eta 4s
  step 300/391 | loss 0.1850 | acc 97.2% | 7s elapsed | eta 2s
Ep 124 | loss 0.1871 | task 0.1113 | cons 0.0758 | train 97.2% | test 78.1% | 9s
  step 100/391 | loss 0.2529 | acc 97.2% | 2s elapsed | eta 6s
  step 200/391 | loss 0.2261 | acc 97.3% | 4s elapsed | eta 4s
  step 300/391 | loss 0.2136 | acc 97.2% | 6s elapsed | eta 2s
Ep 125 | loss 0.2076 | task 0.1104 | cons 0.0972 | train 97.2% | test 78.9% | 9s
  step 100/391 | loss 0.2060 | acc 97.5% | 2s elapsed | eta 6s
  step 200/391 | loss 0.2029 | acc 97.5% | 4s elapsed | eta 4s
  step 300/391 | loss 0.1948 | acc 97.5% | 6s elapsed | eta 2s
Ep 126 | loss 0.1960 | task 0.1049 | cons 0.0911 | train 97.3% | test 79.1% | 9s
  step 100/391 | loss 0.1912 | acc 97.1% | 2s elapsed | eta 6s
  step 200/391 | loss 0.1906 | acc 97.0% | 4s elapsed | eta 4s
  step 300/391 | loss 0.1990 | acc 97.0% | 6s elapsed | eta 2s
Ep 127 | loss 0.1994 | task 0.1104 | cons 0.0890 | train 97.0% | test 78.9% | 9s
  step 100/391 | loss 0.2194 | acc 97.3% | 2s elapsed | eta 7s
  step 200/391 | loss 0.2058 | acc 97.3% | 4s elapsed | eta 4s
  step 300/391 | loss 0.1909 | acc 97.4% | 6s elapsed | eta 2s
Ep 128 | loss 0.1838 | task 0.1036 | cons 0.0801 | train 97.4% | test 79.0% | 9s
  step 100/391 | loss 0.2770 | acc 96.7% | 2s elapsed | eta 6s
  step 200/391 | loss 0.2388 | acc 96.9% | 4s elapsed | eta 4s
  step 300/391 | loss 0.2328 | acc 97.1% | 6s elapsed | eta 2s
Ep 129 | loss 0.2168 | task 0.1104 | cons 0.1064 | train 97.2% | test 79.0% | 9s
  step 100/391 | loss 0.1543 | acc 97.4% | 2s elapsed | eta 6s
  step 200/391 | loss 0.1436 | acc 97.4% | 4s elapsed | eta 4s
  step 300/391 | loss 0.1351 | acc 97.6% | 6s elapsed | eta 2s
Ep 130 | loss 0.1327 | task 0.0933 | cons 0.0394 | train 97.5% | test 79.5% | 9s
    K=1: 79.7%
    K=2: 79.6%
    K=4: 79.5%
  step 100/391 | loss 0.1240 | acc 97.7% | 2s elapsed | eta 7s
  step 200/391 | loss 0.1297 | acc 97.6% | 4s elapsed | eta 4s
  step 300/391 | loss 0.1299 | acc 97.6% | 7s elapsed | eta 2s
Ep 131 | loss 0.1390 | task 0.0923 | cons 0.0468 | train 97.6% | test 79.1% | 9s
  step 100/391 | loss 0.1194 | acc 97.9% | 2s elapsed | eta 6s
  step 200/391 | loss 0.1203 | acc 97.9% | 4s elapsed | eta 4s
  step 300/391 | loss 0.1226 | acc 97.8% | 6s elapsed | eta 2s
Ep 132 | loss 0.1273 | task 0.0864 | cons 0.0409 | train 97.8% | test 79.4% | 9s
  step 100/391 | loss 0.1508 | acc 97.5% | 2s elapsed | eta 6s
  step 200/391 | loss 0.1444 | acc 97.6% | 4s elapsed | eta 4s
  step 300/391 | loss 0.1492 | acc 97.7% | 6s elapsed | eta 2s
Ep 133 | loss 0.1506 | task 0.0909 | cons 0.0597 | train 97.6% | test 78.7% | 9s
  step 100/391 | loss 0.1440 | acc 97.8% | 2s elapsed | eta 6s
  step 200/391 | loss 0.1470 | acc 97.7% | 4s elapsed | eta 4s
  step 300/391 | loss 0.1412 | acc 97.7% | 7s elapsed | eta 2s
Ep 134 | loss 0.1402 | task 0.0911 | cons 0.0492 | train 97.6% | test 78.8% | 9s
  step 100/391 | loss 0.1485 | acc 97.7% | 2s elapsed | eta 7s
  step 200/391 | loss 0.1490 | acc 97.6% | 4s elapsed | eta 4s
  step 300/391 | loss 0.1499 | acc 97.7% | 6s elapsed | eta 2s
Ep 135 | loss 0.1455 | task 0.0895 | cons 0.0560 | train 97.7% | test 79.3% | 9s
  step 100/391 | loss 0.1298 | acc 97.9% | 2s elapsed | eta 6s
  step 200/391 | loss 0.1325 | acc 97.8% | 4s elapsed | eta 4s
  step 300/391 | loss 0.1271 | acc 97.7% | 7s elapsed | eta 2s
Ep 136 | loss 0.1262 | task 0.0865 | cons 0.0397 | train 97.7% | test 79.0% | 10s
  step 100/391 | loss 0.1737 | acc 97.7% | 2s elapsed | eta 6s
  step 200/391 | loss 0.1642 | acc 97.8% | 4s elapsed | eta 4s
  step 300/391 | loss 0.1499 | acc 97.8% | 6s elapsed | eta 2s
Ep 137 | loss 0.1489 | task 0.0809 | cons 0.0679 | train 97.8% | test 78.9% | 9s
  step 100/391 | loss 0.1411 | acc 98.0% | 2s elapsed | eta 6s
  step 200/391 | loss 0.1536 | acc 98.0% | 4s elapsed | eta 4s
  step 300/391 | loss 0.1421 | acc 98.0% | 6s elapsed | eta 2s
Ep 138 | loss 0.1410 | task 0.0818 | cons 0.0592 | train 98.0% | test 79.7% | 9s
  step 100/391 | loss 0.1380 | acc 97.8% | 2s elapsed | eta 6s
  step 200/391 | loss 0.1266 | acc 97.9% | 4s elapsed | eta 4s
  step 300/391 | loss 0.1371 | acc 97.8% | 6s elapsed | eta 2s
Ep 139 | loss 0.1452 | task 0.0894 | cons 0.0558 | train 97.8% | test 79.3% | 9s
  step 100/391 | loss 0.1419 | acc 98.1% | 2s elapsed | eta 6s
  step 200/391 | loss 0.1332 | acc 98.1% | 4s elapsed | eta 4s
  step 300/391 | loss 0.1302 | acc 98.0% | 6s elapsed | eta 2s
Ep 140 | loss 0.1334 | task 0.0831 | cons 0.0502 | train 97.9% | test 79.8% | 9s
    K=1: 80.3%
    K=2: 80.2%
    K=4: 79.8%
  step 100/391 | loss 0.1105 | acc 98.0% | 2s elapsed | eta 6s
  step 200/391 | loss 0.1096 | acc 98.1% | 4s elapsed | eta 4s
  step 300/391 | loss 0.1128 | acc 98.0% | 6s elapsed | eta 2s
Ep 141 | loss 0.1132 | task 0.0741 | cons 0.0392 | train 98.0% | test 79.2% | 9s
  step 100/391 | loss 0.1106 | acc 98.1% | 2s elapsed | eta 6s
  step 200/391 | loss 0.1079 | acc 98.1% | 4s elapsed | eta 4s
  step 300/391 | loss 0.1150 | acc 98.0% | 6s elapsed | eta 2s
Ep 142 | loss 0.1204 | task 0.0771 | cons 0.0433 | train 98.0% | test 79.7% | 9s
  step 100/391 | loss 0.1126 | acc 98.1% | 2s elapsed | eta 7s
  step 200/391 | loss 0.1252 | acc 98.0% | 5s elapsed | eta 4s
  step 300/391 | loss 0.1324 | acc 98.0% | 7s elapsed | eta 2s
Ep 143 | loss 0.1374 | task 0.0840 | cons 0.0535 | train 98.0% | test 79.6% | 9s
  step 100/391 | loss 0.1370 | acc 98.1% | 2s elapsed | eta 6s
  step 200/391 | loss 0.1264 | acc 98.0% | 4s elapsed | eta 4s
  step 300/391 | loss 0.1271 | acc 98.0% | 6s elapsed | eta 2s
Ep 144 | loss 0.1275 | task 0.0787 | cons 0.0488 | train 98.0% | test 78.8% | 9s
  step 100/391 | loss 0.1646 | acc 98.2% | 2s elapsed | eta 6s
  step 200/391 | loss 0.1615 | acc 98.1% | 4s elapsed | eta 4s
  step 300/391 | loss 0.1611 | acc 97.9% | 7s elapsed | eta 2s
Ep 145 | loss 0.1539 | task 0.0810 | cons 0.0728 | train 97.9% | test 79.6% | 9s
  step 100/391 | loss 0.1286 | acc 98.2% | 2s elapsed | eta 7s
  step 200/391 | loss 0.1265 | acc 98.2% | 4s elapsed | eta 4s
  step 300/391 | loss 0.1269 | acc 98.1% | 6s elapsed | eta 2s
Ep 146 | loss 0.1256 | task 0.0728 | cons 0.0528 | train 98.1% | test 78.4% | 9s
  step 100/391 | loss 0.1030 | acc 98.2% | 2s elapsed | eta 6s
  step 200/391 | loss 0.0959 | acc 98.3% | 4s elapsed | eta 4s
  step 300/391 | loss 0.1021 | acc 98.2% | 6s elapsed | eta 2s
Ep 147 | loss 0.1095 | task 0.0729 | cons 0.0367 | train 98.1% | test 79.3% | 9s
  step 100/391 | loss 0.1089 | acc 98.4% | 2s elapsed | eta 6s
  step 200/391 | loss 0.1089 | acc 98.3% | 4s elapsed | eta 4s
  step 300/391 | loss 0.1080 | acc 98.3% | 6s elapsed | eta 2s
Ep 148 | loss 0.1051 | task 0.0709 | cons 0.0341 | train 98.2% | test 79.4% | 9s
  step 100/391 | loss 0.0931 | acc 98.3% | 2s elapsed | eta 6s
  step 200/391 | loss 0.0995 | acc 98.2% | 4s elapsed | eta 4s
  step 300/391 | loss 0.0989 | acc 98.2% | 6s elapsed | eta 2s
Ep 149 | loss 0.1015 | task 0.0699 | cons 0.0316 | train 98.2% | test 78.5% | 9s
  step 100/391 | loss 0.1112 | acc 98.4% | 2s elapsed | eta 7s
  step 200/391 | loss 0.1142 | acc 98.3% | 4s elapsed | eta 4s
  step 300/391 | loss 0.1099 | acc 98.3% | 7s elapsed | eta 2s
Ep 150 | loss 0.1130 | task 0.0713 | cons 0.0417 | train 98.2% | test 79.2% | 9s
    K=1: 79.3%
    K=2: 79.1%
    K=4: 79.2%
  step 100/391 | loss 0.1015 | acc 98.3% | 2s elapsed | eta 6s
  step 200/391 | loss 0.1099 | acc 98.1% | 4s elapsed | eta 4s
  step 300/391 | loss 0.1097 | acc 98.2% | 6s elapsed | eta 2s
Ep 151 | loss 0.1157 | task 0.0715 | cons 0.0442 | train 98.1% | test 79.5% | 9s
  step 100/391 | loss 0.1195 | acc 98.1% | 2s elapsed | eta 6s
  step 200/391 | loss 0.1091 | acc 98.2% | 4s elapsed | eta 4s
  step 300/391 | loss 0.1104 | acc 98.1% | 7s elapsed | eta 2s
Ep 152 | loss 0.1087 | task 0.0732 | cons 0.0355 | train 98.1% | test 79.3% | 9s
  step 100/391 | loss 0.1027 | acc 98.5% | 2s elapsed | eta 6s
  step 200/391 | loss 0.1077 | acc 98.4% | 4s elapsed | eta 4s
  step 300/391 | loss 0.1086 | acc 98.3% | 6s elapsed | eta 2s
Ep 153 | loss 0.1029 | task 0.0636 | cons 0.0392 | train 98.3% | test 79.7% | 9s
  step 100/391 | loss 0.0741 | acc 98.7% | 2s elapsed | eta 7s
  step 200/391 | loss 0.0870 | acc 98.5% | 4s elapsed | eta 4s
  step 300/391 | loss 0.0870 | acc 98.5% | 6s elapsed | eta 2s
Ep 154 | loss 0.0928 | task 0.0614 | cons 0.0315 | train 98.4% | test 79.1% | 9s
  step 100/391 | loss 0.1002 | acc 98.4% | 2s elapsed | eta 6s
  step 200/391 | loss 0.1131 | acc 98.4% | 4s elapsed | eta 4s
  step 300/391 | loss 0.1215 | acc 98.4% | 6s elapsed | eta 2s
Ep 155 | loss 0.1231 | task 0.0652 | cons 0.0579 | train 98.4% | test 79.0% | 9s
  step 100/391 | loss 0.1096 | acc 98.5% | 2s elapsed | eta 7s
  step 200/391 | loss 0.1157 | acc 98.5% | 4s elapsed | eta 4s
  step 300/391 | loss 0.1222 | acc 98.4% | 6s elapsed | eta 2s
Ep 156 | loss 0.1170 | task 0.0639 | cons 0.0531 | train 98.5% | test 79.7% | 9s
  step 100/391 | loss 0.0952 | acc 98.7% | 2s elapsed | eta 7s
  step 200/391 | loss 0.1170 | acc 98.4% | 4s elapsed | eta 4s
  step 300/391 | loss 0.1291 | acc 98.2% | 6s elapsed | eta 2s
Ep 157 | loss 0.1290 | task 0.0732 | cons 0.0558 | train 98.3% | test 79.2% | 9s
  step 100/391 | loss 0.1265 | acc 98.5% | 2s elapsed | eta 7s
  step 200/391 | loss 0.1434 | acc 98.4% | 4s elapsed | eta 4s
  step 300/391 | loss 0.1481 | acc 98.4% | 6s elapsed | eta 2s
Ep 158 | loss 0.1418 | task 0.0767 | cons 0.0650 | train 98.4% | test 79.7% | 9s
  step 100/391 | loss 0.0865 | acc 98.7% | 2s elapsed | eta 6s
  step 200/391 | loss 0.0861 | acc 98.6% | 4s elapsed | eta 4s
  step 300/391 | loss 0.0870 | acc 98.6% | 6s elapsed | eta 2s
Ep 159 | loss 0.0914 | task 0.0581 | cons 0.0333 | train 98.6% | test 79.9% | 9s
  step 100/391 | loss 0.0957 | acc 98.6% | 2s elapsed | eta 6s
  step 200/391 | loss 0.0917 | acc 98.5% | 4s elapsed | eta 4s
  step 300/391 | loss 0.0915 | acc 98.5% | 7s elapsed | eta 2s
Ep 160 | loss 0.0973 | task 0.0627 | cons 0.0346 | train 98.4% | test 80.0% | 10s
    K=1: 80.5%
    K=2: 80.4%
    K=4: 80.0%
  step 100/391 | loss 0.0919 | acc 98.6% | 2s elapsed | eta 6s
  step 200/391 | loss 0.0954 | acc 98.6% | 4s elapsed | eta 4s
  step 300/391 | loss 0.0923 | acc 98.7% | 6s elapsed | eta 2s
Ep 161 | loss 0.0918 | task 0.0575 | cons 0.0343 | train 98.6% | test 79.5% | 9s
  step 100/391 | loss 0.0845 | acc 98.7% | 2s elapsed | eta 6s
  step 200/391 | loss 0.0940 | acc 98.6% | 4s elapsed | eta 4s
  step 300/391 | loss 0.1001 | acc 98.5% | 6s elapsed | eta 2s
Ep 162 | loss 0.1012 | task 0.0584 | cons 0.0428 | train 98.5% | test 80.1% | 9s
  step 100/391 | loss 0.0980 | acc 98.8% | 2s elapsed | eta 7s
  step 200/391 | loss 0.1150 | acc 98.8% | 4s elapsed | eta 4s
  step 300/391 | loss 0.1148 | acc 98.7% | 7s elapsed | eta 2s
Ep 163 | loss 0.1175 | task 0.0614 | cons 0.0561 | train 98.7% | test 79.6% | 9s
  step 100/391 | loss 0.1060 | acc 98.5% | 2s elapsed | eta 7s
  step 200/391 | loss 0.1005 | acc 98.7% | 4s elapsed | eta 4s
  step 300/391 | loss 0.0980 | acc 98.7% | 7s elapsed | eta 2s
Ep 164 | loss 0.0974 | task 0.0620 | cons 0.0354 | train 98.6% | test 79.1% | 9s
  step 100/391 | loss 0.1112 | acc 98.5% | 2s elapsed | eta 7s
  step 200/391 | loss 0.0974 | acc 98.5% | 5s elapsed | eta 4s
  step 300/391 | loss 0.0924 | acc 98.6% | 7s elapsed | eta 2s
Ep 165 | loss 0.0907 | task 0.0562 | cons 0.0345 | train 98.6% | test 80.0% | 9s
  step 100/391 | loss 0.0995 | acc 98.7% | 2s elapsed | eta 7s
  step 200/391 | loss 0.0844 | acc 98.8% | 4s elapsed | eta 4s
  step 300/391 | loss 0.0811 | acc 98.8% | 7s elapsed | eta 2s
Ep 166 | loss 0.0780 | task 0.0502 | cons 0.0278 | train 98.8% | test 80.0% | 9s
  step 100/391 | loss 0.0697 | acc 98.8% | 2s elapsed | eta 7s
  step 200/391 | loss 0.0630 | acc 98.9% | 4s elapsed | eta 4s
  step 300/391 | loss 0.0666 | acc 98.8% | 6s elapsed | eta 2s
Ep 167 | loss 0.0662 | task 0.0469 | cons 0.0193 | train 98.8% | test 78.9% | 9s
  step 100/391 | loss 0.0736 | acc 98.9% | 2s elapsed | eta 6s
  step 200/391 | loss 0.0697 | acc 98.9% | 4s elapsed | eta 4s
  step 300/391 | loss 0.0803 | acc 98.8% | 6s elapsed | eta 2s
Ep 168 | loss 0.0840 | task 0.0481 | cons 0.0359 | train 98.8% | test 79.8% | 9s
  step 100/391 | loss 0.0740 | acc 98.9% | 2s elapsed | eta 7s
  step 200/391 | loss 0.0685 | acc 98.9% | 4s elapsed | eta 4s
  step 300/391 | loss 0.0739 | acc 98.8% | 6s elapsed | eta 2s
Ep 169 | loss 0.0819 | task 0.0500 | cons 0.0319 | train 98.8% | test 79.2% | 9s
  step 100/391 | loss 0.0935 | acc 99.0% | 2s elapsed | eta 7s
  step 200/391 | loss 0.0861 | acc 99.0% | 4s elapsed | eta 4s
  step 300/391 | loss 0.0787 | acc 99.0% | 7s elapsed | eta 2s
Ep 170 | loss 0.0793 | task 0.0459 | cons 0.0335 | train 99.0% | test 79.7% | 10s
    K=1: 79.9%
    K=2: 79.8%
    K=4: 79.7%
  step 100/391 | loss 0.0640 | acc 99.2% | 2s elapsed | eta 7s
  step 200/391 | loss 0.0720 | acc 99.0% | 4s elapsed | eta 4s
  step 300/391 | loss 0.0724 | acc 99.0% | 6s elapsed | eta 2s
Ep 171 | loss 0.0715 | task 0.0475 | cons 0.0241 | train 99.0% | test 80.2% | 9s
  step 100/391 | loss 0.0591 | acc 99.0% | 2s elapsed | eta 7s
  step 200/391 | loss 0.0647 | acc 99.0% | 4s elapsed | eta 4s
  step 300/391 | loss 0.0649 | acc 98.9% | 7s elapsed | eta 2s
Ep 172 | loss 0.0693 | task 0.0475 | cons 0.0219 | train 98.9% | test 80.3% | 9s
  step 100/391 | loss 0.0705 | acc 98.9% | 2s elapsed | eta 7s
  step 200/391 | loss 0.0779 | acc 98.9% | 4s elapsed | eta 4s
  step 300/391 | loss 0.0781 | acc 99.0% | 7s elapsed | eta 2s
Ep 173 | loss 0.0800 | task 0.0456 | cons 0.0344 | train 99.0% | test 79.8% | 9s
  step 100/391 | loss 0.0735 | acc 99.1% | 2s elapsed | eta 7s
  step 200/391 | loss 0.0700 | acc 99.0% | 4s elapsed | eta 4s
  step 300/391 | loss 0.0734 | acc 99.0% | 6s elapsed | eta 2s
Ep 174 | loss 0.0731 | task 0.0444 | cons 0.0286 | train 99.0% | test 79.8% | 9s
  step 100/391 | loss 0.0669 | acc 98.9% | 2s elapsed | eta 7s
  step 200/391 | loss 0.0646 | acc 99.0% | 4s elapsed | eta 4s
  step 300/391 | loss 0.0661 | acc 98.9% | 6s elapsed | eta 2s
Ep 175 | loss 0.0746 | task 0.0488 | cons 0.0257 | train 98.9% | test 79.5% | 9s
  step 100/391 | loss 0.0716 | acc 99.2% | 2s elapsed | eta 6s
  step 200/391 | loss 0.0724 | acc 99.2% | 4s elapsed | eta 4s
  step 300/391 | loss 0.0707 | acc 99.1% | 6s elapsed | eta 2s
Ep 176 | loss 0.0713 | task 0.0419 | cons 0.0295 | train 99.1% | test 80.0% | 9s
  step 100/391 | loss 0.0712 | acc 99.1% | 2s elapsed | eta 7s
  step 200/391 | loss 0.0684 | acc 99.0% | 4s elapsed | eta 4s
  step 300/391 | loss 0.0654 | acc 99.1% | 7s elapsed | eta 2s
Ep 177 | loss 0.0650 | task 0.0434 | cons 0.0217 | train 99.1% | test 80.3% | 9s
  step 100/391 | loss 0.0552 | acc 99.1% | 2s elapsed | eta 7s
  step 200/391 | loss 0.0515 | acc 99.1% | 4s elapsed | eta 4s
  step 300/391 | loss 0.0514 | acc 99.1% | 6s elapsed | eta 2s
Ep 178 | loss 0.0503 | task 0.0374 | cons 0.0129 | train 99.1% | test 79.9% | 9s
  step 100/391 | loss 0.0499 | acc 99.2% | 2s elapsed | eta 6s
  step 200/391 | loss 0.0501 | acc 99.1% | 4s elapsed | eta 4s
  step 300/391 | loss 0.0515 | acc 99.1% | 6s elapsed | eta 2s
Ep 179 | loss 0.0523 | task 0.0373 | cons 0.0150 | train 99.1% | test 79.5% | 9s
  step 100/391 | loss 0.0611 | acc 99.0% | 2s elapsed | eta 7s
  step 200/391 | loss 0.0604 | acc 99.0% | 4s elapsed | eta 4s
  step 300/391 | loss 0.0563 | acc 99.1% | 7s elapsed | eta 2s
Ep 180 | loss 0.0558 | task 0.0422 | cons 0.0137 | train 99.1% | test 79.9% | 9s
    K=1: 80.0%
    K=2: 79.9%
    K=4: 79.9%
  step 100/391 | loss 0.0464 | acc 99.2% | 2s elapsed | eta 7s
  step 200/391 | loss 0.0536 | acc 99.1% | 4s elapsed | eta 4s
  step 300/391 | loss 0.0627 | acc 99.0% | 6s elapsed | eta 2s
Ep 181 | loss 0.0641 | task 0.0430 | cons 0.0211 | train 99.0% | test 80.5% | 9s
  step 100/391 | loss 0.0607 | acc 99.1% | 2s elapsed | eta 6s
  step 200/391 | loss 0.0679 | acc 99.2% | 4s elapsed | eta 4s
  step 300/391 | loss 0.0716 | acc 99.3% | 6s elapsed | eta 2s
Ep 182 | loss 0.0715 | task 0.0358 | cons 0.0356 | train 99.2% | test 79.2% | 9s
  step 100/391 | loss 0.0798 | acc 99.0% | 2s elapsed | eta 7s
  step 200/391 | loss 0.0660 | acc 99.1% | 4s elapsed | eta 4s
  step 300/391 | loss 0.0622 | acc 99.2% | 6s elapsed | eta 2s
Ep 183 | loss 0.0650 | task 0.0418 | cons 0.0232 | train 99.2% | test 79.6% | 9s
  step 100/391 | loss 0.0597 | acc 99.2% | 2s elapsed | eta 7s
  step 200/391 | loss 0.0581 | acc 99.2% | 4s elapsed | eta 4s
  step 300/391 | loss 0.0561 | acc 99.2% | 7s elapsed | eta 2s
Ep 184 | loss 0.0556 | task 0.0393 | cons 0.0163 | train 99.2% | test 79.9% | 9s
  step 100/391 | loss 0.0499 | acc 99.1% | 2s elapsed | eta 6s
  step 200/391 | loss 0.0497 | acc 99.1% | 4s elapsed | eta 4s
  step 300/391 | loss 0.0498 | acc 99.1% | 6s elapsed | eta 2s
Ep 185 | loss 0.0498 | task 0.0361 | cons 0.0137 | train 99.1% | test 80.1% | 9s
  step 100/391 | loss 0.0442 | acc 99.2% | 2s elapsed | eta 7s
  step 200/391 | loss 0.0498 | acc 99.1% | 5s elapsed | eta 4s
  step 300/391 | loss 0.0499 | acc 99.2% | 7s elapsed | eta 2s
Ep 186 | loss 0.0495 | task 0.0338 | cons 0.0157 | train 99.2% | test 80.2% | 9s
  step 100/391 | loss 0.0395 | acc 99.3% | 2s elapsed | eta 7s
  step 200/391 | loss 0.0482 | acc 99.2% | 4s elapsed | eta 4s
  step 300/391 | loss 0.0612 | acc 99.1% | 7s elapsed | eta 2s
Ep 187 | loss 0.0642 | task 0.0377 | cons 0.0265 | train 99.1% | test 79.7% | 9s
  step 100/391 | loss 0.0924 | acc 99.2% | 2s elapsed | eta 7s
  step 200/391 | loss 0.0793 | acc 99.3% | 5s elapsed | eta 4s
  step 300/391 | loss 0.0863 | acc 99.3% | 7s elapsed | eta 2s
Ep 188 | loss 0.0843 | task 0.0338 | cons 0.0505 | train 99.3% | test 80.3% | 9s
  step 100/391 | loss 0.0791 | acc 99.4% | 2s elapsed | eta 7s
  step 200/391 | loss 0.0802 | acc 99.4% | 4s elapsed | eta 4s
  step 300/391 | loss 0.0746 | acc 99.4% | 7s elapsed | eta 2s
Ep 189 | loss 0.0706 | task 0.0317 | cons 0.0390 | train 99.4% | test 80.8% | 9s
  step 100/391 | loss 0.0483 | acc 99.4% | 2s elapsed | eta 7s
  step 200/391 | loss 0.0490 | acc 99.3% | 4s elapsed | eta 4s
  step 300/391 | loss 0.0499 | acc 99.3% | 7s elapsed | eta 2s
Ep 190 | loss 0.0484 | task 0.0309 | cons 0.0175 | train 99.3% | test 80.6% | 9s
    K=1: 80.7%
    K=2: 80.7%
    K=4: 80.6%
  step 100/391 | loss 0.0550 | acc 99.2% | 2s elapsed | eta 6s
  step 200/391 | loss 0.0518 | acc 99.3% | 4s elapsed | eta 4s
  step 300/391 | loss 0.0473 | acc 99.3% | 6s elapsed | eta 2s
Ep 191 | loss 0.0458 | task 0.0282 | cons 0.0177 | train 99.3% | test 80.5% | 9s
  step 100/391 | loss 0.0423 | acc 99.4% | 2s elapsed | eta 6s
  step 200/391 | loss 0.0446 | acc 99.4% | 4s elapsed | eta 4s
  step 300/391 | loss 0.0469 | acc 99.3% | 7s elapsed | eta 2s
Ep 192 | loss 0.0532 | task 0.0314 | cons 0.0218 | train 99.3% | test 79.9% | 9s
  step 100/391 | loss 0.0482 | acc 99.5% | 2s elapsed | eta 6s
  step 200/391 | loss 0.0462 | acc 99.4% | 4s elapsed | eta 4s
  step 300/391 | loss 0.0510 | acc 99.4% | 6s elapsed | eta 2s
Ep 193 | loss 0.0510 | task 0.0289 | cons 0.0221 | train 99.4% | test 80.2% | 9s
  step 100/391 | loss 0.0590 | acc 99.4% | 2s elapsed | eta 6s
  step 200/391 | loss 0.0562 | acc 99.3% | 4s elapsed | eta 4s
  step 300/391 | loss 0.0535 | acc 99.3% | 6s elapsed | eta 2s
Ep 194 | loss 0.0510 | task 0.0288 | cons 0.0222 | train 99.4% | test 79.8% | 9s
  step 100/391 | loss 0.0527 | acc 99.2% | 2s elapsed | eta 6s
  step 200/391 | loss 0.0491 | acc 99.3% | 4s elapsed | eta 4s
  step 300/391 | loss 0.0540 | acc 99.3% | 6s elapsed | eta 2s
Ep 195 | loss 0.0527 | task 0.0320 | cons 0.0207 | train 99.3% | test 80.1% | 9s
  step 100/391 | loss 0.0530 | acc 99.4% | 2s elapsed | eta 7s
  step 200/391 | loss 0.0555 | acc 99.4% | 4s elapsed | eta 4s
  step 300/391 | loss 0.0558 | acc 99.4% | 6s elapsed | eta 2s
Ep 196 | loss 0.0549 | task 0.0282 | cons 0.0267 | train 99.4% | test 80.2% | 9s
  step 100/391 | loss 0.0421 | acc 99.6% | 2s elapsed | eta 7s
  step 200/391 | loss 0.0451 | acc 99.5% | 4s elapsed | eta 4s
  step 300/391 | loss 0.0464 | acc 99.5% | 6s elapsed | eta 2s
Ep 197 | loss 0.0484 | task 0.0292 | cons 0.0193 | train 99.5% | test 80.0% | 9s
  step 100/391 | loss 0.0347 | acc 99.6% | 2s elapsed | eta 6s
  step 200/391 | loss 0.0395 | acc 99.5% | 4s elapsed | eta 4s
  step 300/391 | loss 0.0392 | acc 99.5% | 6s elapsed | eta 2s
Ep 198 | loss 0.0395 | task 0.0258 | cons 0.0136 | train 99.5% | test 79.8% | 9s
  step 100/391 | loss 0.0455 | acc 99.3% | 2s elapsed | eta 7s
  step 200/391 | loss 0.0454 | acc 99.3% | 4s elapsed | eta 4s
  step 300/391 | loss 0.0553 | acc 99.3% | 6s elapsed | eta 2s
Ep 199 | loss 0.0615 | task 0.0331 | cons 0.0284 | train 99.3% | test 79.8% | 9s
  step 100/391 | loss 0.0564 | acc 99.4% | 2s elapsed | eta 7s
  step 200/391 | loss 0.0632 | acc 99.4% | 4s elapsed | eta 4s
  step 300/391 | loss 0.0650 | acc 99.4% | 7s elapsed | eta 2s
Ep 200 | loss 0.0610 | task 0.0257 | cons 0.0353 | train 99.5% | test 79.7% | 9s
    K=1: 80.2%
    K=2: 79.9%
    K=4: 79.7%
  step 100/391 | loss 0.0487 | acc 99.6% | 2s elapsed | eta 7s
  step 200/391 | loss 0.0482 | acc 99.6% | 4s elapsed | eta 4s
  step 300/391 | loss 0.0449 | acc 99.5% | 6s elapsed | eta 2s
Ep 201 | loss 0.0433 | task 0.0240 | cons 0.0193 | train 99.5% | test 80.5% | 9s
  step 100/391 | loss 0.0465 | acc 99.4% | 2s elapsed | eta 6s
  step 200/391 | loss 0.0393 | acc 99.5% | 4s elapsed | eta 4s
  step 300/391 | loss 0.0389 | acc 99.5% | 6s elapsed | eta 2s
Ep 202 | loss 0.0385 | task 0.0270 | cons 0.0115 | train 99.5% | test 80.5% | 9s
  step 100/391 | loss 0.0447 | acc 99.4% | 2s elapsed | eta 7s
  step 200/391 | loss 0.0444 | acc 99.5% | 4s elapsed | eta 4s
  step 300/391 | loss 0.0438 | acc 99.5% | 6s elapsed | eta 2s
Ep 203 | loss 0.0434 | task 0.0262 | cons 0.0173 | train 99.5% | test 80.4% | 9s
  step 100/391 | loss 0.0437 | acc 99.5% | 2s elapsed | eta 6s
  step 200/391 | loss 0.0398 | acc 99.6% | 4s elapsed | eta 4s
  step 300/391 | loss 0.0420 | acc 99.6% | 6s elapsed | eta 2s
Ep 204 | loss 0.0422 | task 0.0237 | cons 0.0184 | train 99.6% | test 80.4% | 9s
  step 100/391 | loss 0.0436 | acc 99.6% | 2s elapsed | eta 7s
  step 200/391 | loss 0.0547 | acc 99.6% | 4s elapsed | eta 4s
  step 300/391 | loss 0.0539 | acc 99.6% | 6s elapsed | eta 2s
Ep 205 | loss 0.0540 | task 0.0245 | cons 0.0295 | train 99.6% | test 80.5% | 9s
  step 100/391 | loss 0.0433 | acc 99.4% | 2s elapsed | eta 7s
  step 200/391 | loss 0.0497 | acc 99.4% | 5s elapsed | eta 4s
  step 300/391 | loss 0.0471 | acc 99.4% | 7s elapsed | eta 2s
Ep 206 | loss 0.0446 | task 0.0269 | cons 0.0176 | train 99.4% | test 79.4% | 9s
  step 100/391 | loss 0.0376 | acc 99.5% | 2s elapsed | eta 6s
  step 200/391 | loss 0.0472 | acc 99.5% | 4s elapsed | eta 4s
  step 300/391 | loss 0.0470 | acc 99.5% | 6s elapsed | eta 2s
Ep 207 | loss 0.0505 | task 0.0259 | cons 0.0246 | train 99.4% | test 79.5% | 9s
  step 100/391 | loss 0.0487 | acc 99.5% | 2s elapsed | eta 7s
  step 200/391 | loss 0.0464 | acc 99.6% | 4s elapsed | eta 4s
  step 300/391 | loss 0.0459 | acc 99.6% | 7s elapsed | eta 2s
Ep 208 | loss 0.0482 | task 0.0241 | cons 0.0241 | train 99.5% | test 80.3% | 9s
  step 100/391 | loss 0.0487 | acc 99.7% | 2s elapsed | eta 6s
  step 200/391 | loss 0.0444 | acc 99.6% | 4s elapsed | eta 4s
  step 300/391 | loss 0.0399 | acc 99.7% | 6s elapsed | eta 2s
Ep 209 | loss 0.0377 | task 0.0187 | cons 0.0190 | train 99.7% | test 80.2% | 9s
  step 100/391 | loss 0.0354 | acc 99.6% | 2s elapsed | eta 7s
  step 200/391 | loss 0.0377 | acc 99.7% | 4s elapsed | eta 4s
  step 300/391 | loss 0.0403 | acc 99.6% | 7s elapsed | eta 2s
Ep 210 | loss 0.0387 | task 0.0206 | cons 0.0181 | train 99.6% | test 80.4% | 9s
    K=1: 80.3%
    K=2: 80.4%
    K=4: 80.4%
  step 100/391 | loss 0.0438 | acc 99.6% | 2s elapsed | eta 6s
  step 200/391 | loss 0.0455 | acc 99.6% | 4s elapsed | eta 4s
  step 300/391 | loss 0.0531 | acc 99.5% | 6s elapsed | eta 2s
Ep 211 | loss 0.0515 | task 0.0248 | cons 0.0267 | train 99.5% | test 80.3% | 9s
  step 100/391 | loss 0.0342 | acc 99.7% | 2s elapsed | eta 6s
  step 200/391 | loss 0.0346 | acc 99.6% | 4s elapsed | eta 4s
  step 300/391 | loss 0.0329 | acc 99.6% | 6s elapsed | eta 2s
Ep 212 | loss 0.0340 | task 0.0192 | cons 0.0148 | train 99.6% | test 80.7% | 9s
  step 100/391 | loss 0.0282 | acc 99.7% | 2s elapsed | eta 6s
  step 200/391 | loss 0.0313 | acc 99.6% | 4s elapsed | eta 4s
  step 300/391 | loss 0.0310 | acc 99.6% | 6s elapsed | eta 2s
Ep 213 | loss 0.0315 | task 0.0184 | cons 0.0131 | train 99.6% | test 80.6% | 9s
  step 100/391 | loss 0.0303 | acc 99.6% | 2s elapsed | eta 7s
  step 200/391 | loss 0.0324 | acc 99.6% | 4s elapsed | eta 4s
  step 300/391 | loss 0.0300 | acc 99.7% | 6s elapsed | eta 2s
Ep 214 | loss 0.0300 | task 0.0176 | cons 0.0123 | train 99.6% | test 80.5% | 9s
  step 100/391 | loss 0.0277 | acc 99.7% | 2s elapsed | eta 6s
  step 200/391 | loss 0.0274 | acc 99.7% | 4s elapsed | eta 4s
  step 300/391 | loss 0.0288 | acc 99.7% | 6s elapsed | eta 2s
Ep 215 | loss 0.0322 | task 0.0166 | cons 0.0156 | train 99.7% | test 80.7% | 9s
  step 100/391 | loss 0.0388 | acc 99.5% | 2s elapsed | eta 7s
  step 200/391 | loss 0.0346 | acc 99.6% | 4s elapsed | eta 4s
  step 300/391 | loss 0.0362 | acc 99.5% | 6s elapsed | eta 2s
Ep 216 | loss 0.0346 | task 0.0220 | cons 0.0126 | train 99.5% | test 80.2% | 9s
  step 100/391 | loss 0.0495 | acc 99.5% | 2s elapsed | eta 7s
  step 200/391 | loss 0.0520 | acc 99.5% | 4s elapsed | eta 4s
  step 300/391 | loss 0.0480 | acc 99.6% | 6s elapsed | eta 2s
Ep 217 | loss 0.0475 | task 0.0218 | cons 0.0257 | train 99.6% | test 80.8% | 9s
  step 100/391 | loss 0.0491 | acc 99.7% | 2s elapsed | eta 6s
  step 200/391 | loss 0.0483 | acc 99.7% | 4s elapsed | eta 4s
  step 300/391 | loss 0.0454 | acc 99.7% | 6s elapsed | eta 2s
Ep 218 | loss 0.0450 | task 0.0163 | cons 0.0286 | train 99.7% | test 80.4% | 9s
  step 100/391 | loss 0.0378 | acc 99.8% | 2s elapsed | eta 7s
  step 200/391 | loss 0.0374 | acc 99.8% | 4s elapsed | eta 4s
  step 300/391 | loss 0.0354 | acc 99.7% | 7s elapsed | eta 2s
Ep 219 | loss 0.0363 | task 0.0164 | cons 0.0200 | train 99.7% | test 81.3% | 9s
  step 100/391 | loss 0.0328 | acc 99.7% | 2s elapsed | eta 7s
  step 200/391 | loss 0.0358 | acc 99.7% | 4s elapsed | eta 4s
  step 300/391 | loss 0.0344 | acc 99.7% | 6s elapsed | eta 2s
Ep 220 | loss 0.0326 | task 0.0164 | cons 0.0162 | train 99.7% | test 80.8% | 9s
    K=1: 80.8%
    K=2: 80.9%
    K=4: 80.8%
  step 100/391 | loss 0.0281 | acc 99.8% | 2s elapsed | eta 7s
  step 200/391 | loss 0.0265 | acc 99.8% | 4s elapsed | eta 4s
  step 300/391 | loss 0.0275 | acc 99.8% | 6s elapsed | eta 2s
Ep 221 | loss 0.0278 | task 0.0145 | cons 0.0133 | train 99.8% | test 81.2% | 9s
  step 100/391 | loss 0.0321 | acc 99.7% | 2s elapsed | eta 6s
  step 200/391 | loss 0.0322 | acc 99.7% | 4s elapsed | eta 4s
  step 300/391 | loss 0.0311 | acc 99.8% | 6s elapsed | eta 2s
Ep 222 | loss 0.0319 | task 0.0165 | cons 0.0154 | train 99.7% | test 80.4% | 9s
  step 100/391 | loss 0.0378 | acc 99.6% | 2s elapsed | eta 6s
  step 200/391 | loss 0.0362 | acc 99.7% | 4s elapsed | eta 4s
  step 300/391 | loss 0.0330 | acc 99.7% | 6s elapsed | eta 2s
Ep 223 | loss 0.0313 | task 0.0169 | cons 0.0144 | train 99.7% | test 80.7% | 9s
  step 100/391 | loss 0.0216 | acc 99.8% | 2s elapsed | eta 7s
  step 200/391 | loss 0.0244 | acc 99.8% | 4s elapsed | eta 4s
  step 300/391 | loss 0.0251 | acc 99.8% | 6s elapsed | eta 2s
Ep 224 | loss 0.0261 | task 0.0142 | cons 0.0119 | train 99.7% | test 80.5% | 9s
  step 100/391 | loss 0.0346 | acc 99.6% | 2s elapsed | eta 6s
  step 200/391 | loss 0.0320 | acc 99.6% | 4s elapsed | eta 4s
  step 300/391 | loss 0.0312 | acc 99.6% | 6s elapsed | eta 2s
Ep 225 | loss 0.0299 | task 0.0192 | cons 0.0107 | train 99.6% | test 80.7% | 9s
  step 100/391 | loss 0.0290 | acc 99.6% | 2s elapsed | eta 7s
  step 200/391 | loss 0.0286 | acc 99.7% | 4s elapsed | eta 4s
  step 300/391 | loss 0.0277 | acc 99.7% | 6s elapsed | eta 2s
Ep 226 | loss 0.0286 | task 0.0172 | cons 0.0115 | train 99.7% | test 80.9% | 9s
  step 100/391 | loss 0.0261 | acc 99.6% | 2s elapsed | eta 6s
  step 200/391 | loss 0.0338 | acc 99.6% | 4s elapsed | eta 4s
  step 300/391 | loss 0.0382 | acc 99.6% | 7s elapsed | eta 2s
Ep 227 | loss 0.0362 | task 0.0176 | cons 0.0186 | train 99.6% | test 80.4% | 10s
  step 100/391 | loss 0.0319 | acc 99.6% | 2s elapsed | eta 7s
  step 200/391 | loss 0.0283 | acc 99.6% | 4s elapsed | eta 4s
  step 300/391 | loss 0.0268 | acc 99.7% | 7s elapsed | eta 2s
Ep 228 | loss 0.0260 | task 0.0153 | cons 0.0107 | train 99.7% | test 80.9% | 9s
  step 100/391 | loss 0.0259 | acc 99.8% | 2s elapsed | eta 7s
  step 200/391 | loss 0.0254 | acc 99.8% | 4s elapsed | eta 4s
  step 300/391 | loss 0.0244 | acc 99.8% | 6s elapsed | eta 2s
Ep 229 | loss 0.0253 | task 0.0145 | cons 0.0108 | train 99.7% | test 80.6% | 9s
  step 100/391 | loss 0.0257 | acc 99.7% | 2s elapsed | eta 7s
  step 200/391 | loss 0.0253 | acc 99.7% | 4s elapsed | eta 4s
  step 300/391 | loss 0.0246 | acc 99.7% | 6s elapsed | eta 2s
Ep 230 | loss 0.0236 | task 0.0128 | cons 0.0107 | train 99.8% | test 80.5% | 9s
    K=1: 81.0%
    K=2: 80.7%
    K=4: 80.5%
  step 100/391 | loss 0.0244 | acc 99.7% | 2s elapsed | eta 7s
  step 200/391 | loss 0.0239 | acc 99.8% | 4s elapsed | eta 4s
  step 300/391 | loss 0.0221 | acc 99.8% | 7s elapsed | eta 2s
Ep 231 | loss 0.0232 | task 0.0118 | cons 0.0114 | train 99.8% | test 80.6% | 9s
  step 100/391 | loss 0.0286 | acc 99.8% | 2s elapsed | eta 6s
  step 200/391 | loss 0.0239 | acc 99.8% | 4s elapsed | eta 4s
  step 300/391 | loss 0.0243 | acc 99.8% | 6s elapsed | eta 2s
Ep 232 | loss 0.0238 | task 0.0133 | cons 0.0106 | train 99.8% | test 81.0% | 9s
  step 100/391 | loss 0.0214 | acc 99.8% | 2s elapsed | eta 6s
  step 200/391 | loss 0.0210 | acc 99.8% | 4s elapsed | eta 4s
  step 300/391 | loss 0.0205 | acc 99.8% | 6s elapsed | eta 2s
Ep 233 | loss 0.0189 | task 0.0089 | cons 0.0101 | train 99.9% | test 81.0% | 9s
  step 100/391 | loss 0.0146 | acc 99.8% | 2s elapsed | eta 7s
  step 200/391 | loss 0.0167 | acc 99.8% | 4s elapsed | eta 4s
  step 300/391 | loss 0.0174 | acc 99.8% | 6s elapsed | eta 2s
Ep 234 | loss 0.0174 | task 0.0097 | cons 0.0077 | train 99.8% | test 81.5% | 9s
  step 100/391 | loss 0.0168 | acc 99.9% | 2s elapsed | eta 6s
  step 200/391 | loss 0.0174 | acc 99.9% | 4s elapsed | eta 4s
  step 300/391 | loss 0.0180 | acc 99.9% | 6s elapsed | eta 2s
Ep 235 | loss 0.0180 | task 0.0105 | cons 0.0075 | train 99.8% | test 81.0% | 9s
  step 100/391 | loss 0.0151 | acc 99.8% | 2s elapsed | eta 7s
  step 200/391 | loss 0.0153 | acc 99.8% | 4s elapsed | eta 4s
  step 300/391 | loss 0.0161 | acc 99.8% | 6s elapsed | eta 2s
Ep 236 | loss 0.0163 | task 0.0094 | cons 0.0070 | train 99.8% | test 80.8% | 9s
  step 100/391 | loss 0.0167 | acc 99.8% | 2s elapsed | eta 7s
  step 200/391 | loss 0.0155 | acc 99.8% | 4s elapsed | eta 4s
  step 300/391 | loss 0.0163 | acc 99.8% | 7s elapsed | eta 2s
Ep 237 | loss 0.0173 | task 0.0105 | cons 0.0068 | train 99.8% | test 80.9% | 9s
  step 100/391 | loss 0.0183 | acc 99.8% | 2s elapsed | eta 7s
  step 200/391 | loss 0.0228 | acc 99.8% | 4s elapsed | eta 4s
  step 300/391 | loss 0.0213 | acc 99.8% | 7s elapsed | eta 2s
Ep 238 | loss 0.0213 | task 0.0125 | cons 0.0088 | train 99.8% | test 81.0% | 9s
  step 100/391 | loss 0.0180 | acc 99.8% | 2s elapsed | eta 6s
  step 200/391 | loss 0.0184 | acc 99.8% | 4s elapsed | eta 4s
  step 300/391 | loss 0.0205 | acc 99.8% | 6s elapsed | eta 2s
Ep 239 | loss 0.0223 | task 0.0134 | cons 0.0089 | train 99.8% | test 81.3% | 9s
  step 100/391 | loss 0.0280 | acc 99.7% | 2s elapsed | eta 7s
  step 200/391 | loss 0.0252 | acc 99.7% | 4s elapsed | eta 4s
  step 300/391 | loss 0.0238 | acc 99.7% | 6s elapsed | eta 2s
Ep 240 | loss 0.0229 | task 0.0126 | cons 0.0103 | train 99.8% | test 81.1% | 9s
    K=1: 81.3%
    K=2: 81.4%
    K=4: 81.1%
  step 100/391 | loss 0.0245 | acc 99.8% | 2s elapsed | eta 6s
  step 200/391 | loss 0.0271 | acc 99.8% | 4s elapsed | eta 4s
  step 300/391 | loss 0.0263 | acc 99.8% | 7s elapsed | eta 2s
Ep 241 | loss 0.0249 | task 0.0109 | cons 0.0140 | train 99.8% | test 80.8% | 9s
  step 100/391 | loss 0.0276 | acc 99.8% | 2s elapsed | eta 6s
  step 200/391 | loss 0.0266 | acc 99.8% | 4s elapsed | eta 4s
  step 300/391 | loss 0.0285 | acc 99.8% | 6s elapsed | eta 2s
Ep 242 | loss 0.0320 | task 0.0146 | cons 0.0175 | train 99.7% | test 80.6% | 9s
  step 100/391 | loss 0.0370 | acc 99.7% | 2s elapsed | eta 7s
  step 200/391 | loss 0.0435 | acc 99.7% | 4s elapsed | eta 4s
  step 300/391 | loss 0.0553 | acc 99.6% | 7s elapsed | eta 2s
Ep 243 | loss 0.0537 | task 0.0170 | cons 0.0368 | train 99.7% | test 81.0% | 9s
  step 100/391 | loss 0.0445 | acc 99.7% | 2s elapsed | eta 6s
  step 200/391 | loss 0.0409 | acc 99.8% | 4s elapsed | eta 4s
  step 300/391 | loss 0.0400 | acc 99.8% | 6s elapsed | eta 2s
Ep 244 | loss 0.0379 | task 0.0121 | cons 0.0258 | train 99.8% | test 81.1% | 9s
  step 100/391 | loss 0.0397 | acc 99.9% | 2s elapsed | eta 7s
  step 200/391 | loss 0.0348 | acc 99.9% | 5s elapsed | eta 4s
  step 300/391 | loss 0.0320 | acc 99.8% | 7s elapsed | eta 2s
Ep 245 | loss 0.0294 | task 0.0097 | cons 0.0198 | train 99.9% | test 80.8% | 10s
  step 100/391 | loss 0.0265 | acc 99.8% | 2s elapsed | eta 6s
  step 200/391 | loss 0.0277 | acc 99.8% | 4s elapsed | eta 4s
  step 300/391 | loss 0.0262 | acc 99.9% | 6s elapsed | eta 2s
Ep 246 | loss 0.0258 | task 0.0090 | cons 0.0169 | train 99.9% | test 81.2% | 9s
  step 100/391 | loss 0.0231 | acc 99.9% | 2s elapsed | eta 6s
  step 200/391 | loss 0.0206 | acc 99.9% | 4s elapsed | eta 4s
  step 300/391 | loss 0.0208 | acc 99.9% | 6s elapsed | eta 2s
Ep 247 | loss 0.0223 | task 0.0096 | cons 0.0127 | train 99.9% | test 80.9% | 9s
  step 100/391 | loss 0.0204 | acc 99.9% | 2s elapsed | eta 6s
  step 200/391 | loss 0.0186 | acc 99.9% | 4s elapsed | eta 4s
  step 300/391 | loss 0.0198 | acc 99.9% | 6s elapsed | eta 2s
Ep 248 | loss 0.0197 | task 0.0097 | cons 0.0100 | train 99.8% | test 81.1% | 9s
  step 100/391 | loss 0.0173 | acc 99.9% | 2s elapsed | eta 6s
  step 200/391 | loss 0.0190 | acc 99.8% | 4s elapsed | eta 4s
  step 300/391 | loss 0.0227 | acc 99.8% | 6s elapsed | eta 2s
Ep 249 | loss 0.0224 | task 0.0118 | cons 0.0106 | train 99.8% | test 81.4% | 9s
  step 100/391 | loss 0.0208 | acc 99.9% | 2s elapsed | eta 6s
  step 200/391 | loss 0.0174 | acc 99.9% | 4s elapsed | eta 4s
  step 300/391 | loss 0.0167 | acc 99.9% | 6s elapsed | eta 2s
Ep 250 | loss 0.0171 | task 0.0071 | cons 0.0100 | train 99.9% | test 81.5% | 9s
    K=1: 81.5%
    K=2: 81.6%
    K=4: 81.5%
  step 100/391 | loss 0.0225 | acc 99.9% | 2s elapsed | eta 6s
  step 200/391 | loss 0.0220 | acc 99.9% | 4s elapsed | eta 4s
  step 300/391 | loss 0.0216 | acc 99.9% | 7s elapsed | eta 2s
Ep 251 | loss 0.0217 | task 0.0075 | cons 0.0143 | train 99.9% | test 81.3% | 9s
  step 100/391 | loss 0.0218 | acc 99.9% | 2s elapsed | eta 7s
  step 200/391 | loss 0.0185 | acc 99.9% | 4s elapsed | eta 4s
  step 300/391 | loss 0.0163 | acc 99.9% | 6s elapsed | eta 2s
Ep 252 | loss 0.0167 | task 0.0064 | cons 0.0103 | train 99.9% | test 81.8% | 9s
  step 100/391 | loss 0.0163 | acc 99.9% | 2s elapsed | eta 6s
  step 200/391 | loss 0.0167 | acc 99.9% | 4s elapsed | eta 4s
  step 300/391 | loss 0.0169 | acc 99.9% | 6s elapsed | eta 2s
Ep 253 | loss 0.0172 | task 0.0076 | cons 0.0096 | train 99.9% | test 81.9% | 9s
  step 100/391 | loss 0.0195 | acc 99.9% | 2s elapsed | eta 6s
  step 200/391 | loss 0.0171 | acc 99.9% | 4s elapsed | eta 4s
  step 300/391 | loss 0.0170 | acc 99.9% | 6s elapsed | eta 2s
Ep 254 | loss 0.0165 | task 0.0073 | cons 0.0092 | train 99.9% | test 81.9% | 9s
  step 100/391 | loss 0.0183 | acc 99.9% | 2s elapsed | eta 6s
  step 200/391 | loss 0.0180 | acc 99.9% | 4s elapsed | eta 4s
  step 300/391 | loss 0.0197 | acc 99.9% | 6s elapsed | eta 2s
Ep 255 | loss 0.0200 | task 0.0087 | cons 0.0113 | train 99.9% | test 81.6% | 9s
  step 100/391 | loss 0.0216 | acc 99.9% | 2s elapsed | eta 7s
  step 200/391 | loss 0.0218 | acc 99.8% | 5s elapsed | eta 4s
  step 300/391 | loss 0.0208 | acc 99.8% | 7s elapsed | eta 2s
Ep 256 | loss 0.0206 | task 0.0082 | cons 0.0124 | train 99.9% | test 81.4% | 9s
  step 100/391 | loss 0.0189 | acc 99.9% | 2s elapsed | eta 7s
  step 200/391 | loss 0.0206 | acc 99.9% | 4s elapsed | eta 4s
  step 300/391 | loss 0.0209 | acc 99.9% | 6s elapsed | eta 2s
Ep 257 | loss 0.0200 | task 0.0079 | cons 0.0122 | train 99.9% | test 81.4% | 9s
  step 100/391 | loss 0.0180 | acc 99.9% | 2s elapsed | eta 6s
  step 200/391 | loss 0.0185 | acc 99.9% | 4s elapsed | eta 4s
  step 300/391 | loss 0.0211 | acc 99.8% | 6s elapsed | eta 2s
Ep 258 | loss 0.0206 | task 0.0090 | cons 0.0116 | train 99.8% | test 81.0% | 9s
  step 100/391 | loss 0.0204 | acc 99.8% | 2s elapsed | eta 6s
  step 200/391 | loss 0.0243 | acc 99.8% | 4s elapsed | eta 4s
  step 300/391 | loss 0.0269 | acc 99.8% | 6s elapsed | eta 2s
Ep 259 | loss 0.0311 | task 0.0141 | cons 0.0170 | train 99.7% | test 80.7% | 9s
  step 100/391 | loss 0.0426 | acc 99.8% | 2s elapsed | eta 6s
  step 200/391 | loss 0.0355 | acc 99.9% | 4s elapsed | eta 4s
  step 300/391 | loss 0.0339 | acc 99.8% | 6s elapsed | eta 2s
Ep 260 | loss 0.0339 | task 0.0101 | cons 0.0238 | train 99.8% | test 81.5% | 9s
    K=1: 81.3%
    K=2: 81.6%
    K=4: 81.5%
  step 100/391 | loss 0.0287 | acc 99.9% | 2s elapsed | eta 7s
  step 200/391 | loss 0.0257 | acc 99.9% | 4s elapsed | eta 4s
  step 300/391 | loss 0.0254 | acc 99.9% | 7s elapsed | eta 2s
Ep 261 | loss 0.0257 | task 0.0089 | cons 0.0168 | train 99.9% | test 81.3% | 9s
  step 100/391 | loss 0.0247 | acc 99.8% | 2s elapsed | eta 6s
  step 200/391 | loss 0.0204 | acc 99.9% | 4s elapsed | eta 4s
  step 300/391 | loss 0.0204 | acc 99.9% | 7s elapsed | eta 2s
Ep 262 | loss 0.0199 | task 0.0070 | cons 0.0130 | train 99.9% | test 81.5% | 9s
  step 100/391 | loss 0.0226 | acc 99.9% | 2s elapsed | eta 6s
  step 200/391 | loss 0.0184 | acc 99.9% | 4s elapsed | eta 4s
  step 300/391 | loss 0.0178 | acc 99.9% | 6s elapsed | eta 2s
Ep 263 | loss 0.0166 | task 0.0056 | cons 0.0110 | train 99.9% | test 81.4% | 9s
  step 100/391 | loss 0.0164 | acc 100.0% | 2s elapsed | eta 7s
  step 200/391 | loss 0.0150 | acc 99.9% | 4s elapsed | eta 4s
  step 300/391 | loss 0.0148 | acc 99.9% | 6s elapsed | eta 2s
Ep 264 | loss 0.0152 | task 0.0046 | cons 0.0106 | train 99.9% | test 81.6% | 9s
  step 100/391 | loss 0.0113 | acc 99.9% | 2s elapsed | eta 7s
  step 200/391 | loss 0.0129 | acc 99.9% | 4s elapsed | eta 4s
  step 300/391 | loss 0.0122 | acc 100.0% | 6s elapsed | eta 2s
Ep 265 | loss 0.0125 | task 0.0041 | cons 0.0085 | train 99.9% | test 81.8% | 9s
  step 100/391 | loss 0.0101 | acc 100.0% | 2s elapsed | eta 7s
  step 200/391 | loss 0.0116 | acc 99.9% | 4s elapsed | eta 4s
  step 300/391 | loss 0.0124 | acc 99.9% | 6s elapsed | eta 2s
Ep 266 | loss 0.0130 | task 0.0056 | cons 0.0074 | train 99.9% | test 81.8% | 9s
  step 100/391 | loss 0.0142 | acc 100.0% | 2s elapsed | eta 7s
  step 200/391 | loss 0.0143 | acc 99.9% | 4s elapsed | eta 4s
  step 300/391 | loss 0.0128 | acc 100.0% | 6s elapsed | eta 2s
Ep 267 | loss 0.0129 | task 0.0049 | cons 0.0080 | train 99.9% | test 81.6% | 9s
  step 100/391 | loss 0.0145 | acc 99.9% | 2s elapsed | eta 6s
  step 200/391 | loss 0.0136 | acc 99.9% | 4s elapsed | eta 4s
  step 300/391 | loss 0.0133 | acc 99.9% | 6s elapsed | eta 2s
Ep 268 | loss 0.0126 | task 0.0049 | cons 0.0078 | train 99.9% | test 81.9% | 9s
  step 100/391 | loss 0.0100 | acc 99.9% | 2s elapsed | eta 7s
  step 200/391 | loss 0.0113 | acc 99.9% | 4s elapsed | eta 4s
  step 300/391 | loss 0.0125 | acc 99.9% | 7s elapsed | eta 2s
Ep 269 | loss 0.0129 | task 0.0056 | cons 0.0074 | train 99.9% | test 81.8% | 9s
  step 100/391 | loss 0.0164 | acc 99.9% | 2s elapsed | eta 6s
  step 200/391 | loss 0.0148 | acc 99.9% | 4s elapsed | eta 4s
  step 300/391 | loss 0.0136 | acc 99.9% | 6s elapsed | eta 2s
Ep 270 | loss 0.0129 | task 0.0045 | cons 0.0084 | train 99.9% | test 81.7% | 9s
    K=1: 81.8%
    K=2: 81.9%
    K=4: 81.7%
  step 100/391 | loss 0.0085 | acc 100.0% | 2s elapsed | eta 6s
  step 200/391 | loss 0.0103 | acc 100.0% | 4s elapsed | eta 4s
  step 300/391 | loss 0.0112 | acc 100.0% | 6s elapsed | eta 2s
Ep 271 | loss 0.0112 | task 0.0037 | cons 0.0075 | train 100.0% | test 82.0% | 9s
  step 100/391 | loss 0.0131 | acc 99.9% | 2s elapsed | eta 6s
  step 200/391 | loss 0.0122 | acc 99.9% | 4s elapsed | eta 4s
  step 300/391 | loss 0.0110 | acc 99.9% | 6s elapsed | eta 2s
Ep 272 | loss 0.0106 | task 0.0041 | cons 0.0066 | train 100.0% | test 81.8% | 9s
  step 100/391 | loss 0.0140 | acc 99.9% | 2s elapsed | eta 7s
  step 200/391 | loss 0.0120 | acc 99.9% | 4s elapsed | eta 4s
  step 300/391 | loss 0.0119 | acc 99.9% | 6s elapsed | eta 2s
Ep 273 | loss 0.0124 | task 0.0050 | cons 0.0074 | train 99.9% | test 81.6% | 9s
  step 100/391 | loss 0.0091 | acc 100.0% | 2s elapsed | eta 7s
  step 200/391 | loss 0.0122 | acc 99.9% | 4s elapsed | eta 4s
  step 300/391 | loss 0.0116 | acc 99.9% | 7s elapsed | eta 2s
Ep 274 | loss 0.0119 | task 0.0055 | cons 0.0063 | train 99.9% | test 81.5% | 9s
  step 100/391 | loss 0.0091 | acc 100.0% | 2s elapsed | eta 7s
  step 200/391 | loss 0.0102 | acc 100.0% | 4s elapsed | eta 4s
  step 300/391 | loss 0.0102 | acc 100.0% | 7s elapsed | eta 2s
Ep 275 | loss 0.0111 | task 0.0039 | cons 0.0073 | train 100.0% | test 81.2% | 9s
  step 100/391 | loss 0.0127 | acc 99.9% | 2s elapsed | eta 7s
  step 200/391 | loss 0.0114 | acc 99.9% | 4s elapsed | eta 4s
  step 300/391 | loss 0.0123 | acc 99.9% | 6s elapsed | eta 2s
Ep 276 | loss 0.0132 | task 0.0058 | cons 0.0074 | train 99.9% | test 81.1% | 9s
  step 100/391 | loss 0.0177 | acc 99.9% | 2s elapsed | eta 6s
  step 200/391 | loss 0.0207 | acc 99.9% | 4s elapsed | eta 4s
  step 300/391 | loss 0.0220 | acc 99.9% | 6s elapsed | eta 2s
Ep 277 | loss 0.0215 | task 0.0087 | cons 0.0127 | train 99.9% | test 81.0% | 9s
  step 100/391 | loss 0.0200 | acc 99.9% | 2s elapsed | eta 7s
  step 200/391 | loss 0.0184 | acc 99.9% | 4s elapsed | eta 4s
  step 300/391 | loss 0.0173 | acc 99.9% | 6s elapsed | eta 2s
Ep 278 | loss 0.0174 | task 0.0077 | cons 0.0097 | train 99.9% | test 81.7% | 9s
  step 100/391 | loss 0.0167 | acc 100.0% | 2s elapsed | eta 6s
  step 200/391 | loss 0.0151 | acc 99.9% | 4s elapsed | eta 4s
  step 300/391 | loss 0.0149 | acc 99.9% | 6s elapsed | eta 2s
Ep 279 | loss 0.0151 | task 0.0059 | cons 0.0093 | train 99.9% | test 81.8% | 9s
  step 100/391 | loss 0.0120 | acc 100.0% | 2s elapsed | eta 7s
  step 200/391 | loss 0.0122 | acc 100.0% | 4s elapsed | eta 4s
  step 300/391 | loss 0.0121 | acc 100.0% | 7s elapsed | eta 2s
Ep 280 | loss 0.0123 | task 0.0047 | cons 0.0077 | train 100.0% | test 81.8% | 9s
    K=1: 81.6%
    K=2: 82.0%
    K=4: 81.8%
  step 100/391 | loss 0.0108 | acc 100.0% | 2s elapsed | eta 6s
  step 200/391 | loss 0.0113 | acc 99.9% | 4s elapsed | eta 4s
  step 300/391 | loss 0.0111 | acc 100.0% | 7s elapsed | eta 2s
Ep 281 | loss 0.0113 | task 0.0041 | cons 0.0072 | train 100.0% | test 81.8% | 9s
  step 100/391 | loss 0.0116 | acc 100.0% | 2s elapsed | eta 6s
  step 200/391 | loss 0.0108 | acc 100.0% | 4s elapsed | eta 4s
  step 300/391 | loss 0.0109 | acc 100.0% | 6s elapsed | eta 2s
Ep 282 | loss 0.0106 | task 0.0035 | cons 0.0072 | train 100.0% | test 81.8% | 9s
  step 100/391 | loss 0.0096 | acc 100.0% | 2s elapsed | eta 6s
  step 200/391 | loss 0.0109 | acc 100.0% | 4s elapsed | eta 4s
  step 300/391 | loss 0.0111 | acc 100.0% | 6s elapsed | eta 2s
Ep 283 | loss 0.0109 | task 0.0033 | cons 0.0076 | train 100.0% | test 81.8% | 9s
  step 100/391 | loss 0.0133 | acc 100.0% | 2s elapsed | eta 6s
  step 200/391 | loss 0.0122 | acc 100.0% | 4s elapsed | eta 4s
  step 300/391 | loss 0.0128 | acc 100.0% | 6s elapsed | eta 2s
Ep 284 | loss 0.0121 | task 0.0037 | cons 0.0084 | train 100.0% | test 81.9% | 9s
  step 100/391 | loss 0.0092 | acc 100.0% | 2s elapsed | eta 6s
  step 200/391 | loss 0.0111 | acc 100.0% | 4s elapsed | eta 4s
  step 300/391 | loss 0.0110 | acc 100.0% | 6s elapsed | eta 2s
Ep 285 | loss 0.0111 | task 0.0036 | cons 0.0075 | train 100.0% | test 81.8% | 9s
  step 100/391 | loss 0.0146 | acc 99.9% | 2s elapsed | eta 6s
  step 200/391 | loss 0.0140 | acc 99.9% | 4s elapsed | eta 4s
  step 300/391 | loss 0.0137 | acc 99.9% | 6s elapsed | eta 2s
Ep 286 | loss 0.0135 | task 0.0040 | cons 0.0095 | train 99.9% | test 81.7% | 9s
  step 100/391 | loss 0.0099 | acc 100.0% | 2s elapsed | eta 6s
  step 200/391 | loss 0.0105 | acc 100.0% | 4s elapsed | eta 4s
  step 300/391 | loss 0.0106 | acc 100.0% | 6s elapsed | eta 2s
Ep 287 | loss 0.0105 | task 0.0037 | cons 0.0068 | train 100.0% | test 81.6% | 9s
  step 100/391 | loss 0.0116 | acc 99.9% | 2s elapsed | eta 7s
  step 200/391 | loss 0.0122 | acc 100.0% | 4s elapsed | eta 4s
  step 300/391 | loss 0.0146 | acc 99.9% | 7s elapsed | eta 2s
Ep 288 | loss 0.0139 | task 0.0039 | cons 0.0100 | train 99.9% | test 81.8% | 9s
  step 100/391 | loss 0.0168 | acc 99.9% | 2s elapsed | eta 6s
  step 200/391 | loss 0.0155 | acc 99.9% | 4s elapsed | eta 4s
  step 300/391 | loss 0.0138 | acc 99.9% | 6s elapsed | eta 2s
Ep 289 | loss 0.0136 | task 0.0042 | cons 0.0094 | train 100.0% | test 81.9% | 9s
  step 100/391 | loss 0.0117 | acc 99.9% | 2s elapsed | eta 6s
  step 200/391 | loss 0.0126 | acc 100.0% | 4s elapsed | eta 4s
  step 300/391 | loss 0.0127 | acc 100.0% | 6s elapsed | eta 2s
Ep 290 | loss 0.0130 | task 0.0039 | cons 0.0091 | train 100.0% | test 81.9% | 9s
    K=1: 82.0%
    K=2: 82.0%
    K=4: 81.9%
  step 100/391 | loss 0.0103 | acc 100.0% | 2s elapsed | eta 7s
  step 200/391 | loss 0.0114 | acc 100.0% | 4s elapsed | eta 4s
  step 300/391 | loss 0.0126 | acc 100.0% | 6s elapsed | eta 2s
Ep 291 | loss 0.0130 | task 0.0037 | cons 0.0093 | train 100.0% | test 81.8% | 9s
  step 100/391 | loss 0.0125 | acc 99.9% | 2s elapsed | eta 7s
  step 200/391 | loss 0.0136 | acc 99.9% | 4s elapsed | eta 4s
  step 300/391 | loss 0.0134 | acc 99.9% | 7s elapsed | eta 2s
Ep 292 | loss 0.0131 | task 0.0037 | cons 0.0094 | train 100.0% | test 81.9% | 9s
  step 100/391 | loss 0.0118 | acc 100.0% | 2s elapsed | eta 7s
  step 200/391 | loss 0.0124 | acc 99.9% | 4s elapsed | eta 4s
  step 300/391 | loss 0.0121 | acc 99.9% | 6s elapsed | eta 2s
Ep 293 | loss 0.0116 | task 0.0036 | cons 0.0080 | train 100.0% | test 81.8% | 9s
  step 100/391 | loss 0.0144 | acc 100.0% | 2s elapsed | eta 7s
  step 200/391 | loss 0.0123 | acc 100.0% | 4s elapsed | eta 4s
  step 300/391 | loss 0.0125 | acc 100.0% | 6s elapsed | eta 2s
Ep 294 | loss 0.0124 | task 0.0031 | cons 0.0093 | train 100.0% | test 81.7% | 9s
  step 100/391 | loss 0.0127 | acc 100.0% | 2s elapsed | eta 7s
  step 200/391 | loss 0.0119 | acc 100.0% | 4s elapsed | eta 4s
  step 300/391 | loss 0.0120 | acc 100.0% | 7s elapsed | eta 2s
Ep 295 | loss 0.0122 | task 0.0025 | cons 0.0097 | train 100.0% | test 81.8% | 9s
  step 100/391 | loss 0.0125 | acc 100.0% | 2s elapsed | eta 7s
  step 200/391 | loss 0.0130 | acc 100.0% | 4s elapsed | eta 4s
  step 300/391 | loss 0.0128 | acc 100.0% | 6s elapsed | eta 2s
Ep 296 | loss 0.0131 | task 0.0033 | cons 0.0098 | train 100.0% | test 81.8% | 9s
  step 100/391 | loss 0.0143 | acc 100.0% | 2s elapsed | eta 7s
  step 200/391 | loss 0.0133 | acc 100.0% | 4s elapsed | eta 4s
  step 300/391 | loss 0.0131 | acc 100.0% | 7s elapsed | eta 2s
Ep 297 | loss 0.0134 | task 0.0032 | cons 0.0102 | train 100.0% | test 81.8% | 9s
  step 100/391 | loss 0.0112 | acc 100.0% | 2s elapsed | eta 7s
  step 200/391 | loss 0.0127 | acc 100.0% | 4s elapsed | eta 4s
  step 300/391 | loss 0.0139 | acc 100.0% | 6s elapsed | eta 2s
Ep 298 | loss 0.0143 | task 0.0032 | cons 0.0111 | train 100.0% | test 81.8% | 9s
  step 100/391 | loss 0.0148 | acc 99.9% | 2s elapsed | eta 7s
  step 200/391 | loss 0.0162 | acc 99.9% | 4s elapsed | eta 4s
  step 300/391 | loss 0.0158 | acc 99.9% | 7s elapsed | eta 2s
Ep 299 | loss 0.0155 | task 0.0043 | cons 0.0112 | train 99.9% | test 81.8% | 9s
  step 100/391 | loss 0.0146 | acc 99.9% | 2s elapsed | eta 6s
  step 200/391 | loss 0.0151 | acc 99.9% | 4s elapsed | eta 4s
  step 300/391 | loss 0.0144 | acc 100.0% | 6s elapsed | eta 2s
Ep 300 | loss 0.0135 | task 0.0034 | cons 0.0101 | train 100.0% | test 81.8% | 9s
    K=1: 82.0%
    K=2: 82.0%
    K=4: 81.8%
Saved checkpoint to models/direct_4bpu_K4_cons.pt
