/home/ec2-user/dev/ugh/.venv/lib/python3.13/site-packages/torchvision/datasets/cifar.py:83: VisibleDeprecationWarning: dtype(): align should be passed as Python or NumPy boolean but got `align=0`. Did you mean to pass a tuple to create a subarray type? (Deprecated NumPy 2.4)
  entry = pickle.load(f, encoding="latin1")
Model: continuous | Params: 1,021,130 | K=4 | blocks/unit=2
----------------------------------------------------------------------
  step 100/391 | loss 1.9591 | acc 26.6% | 7s elapsed | eta 20s
  step 200/391 | loss 1.8789 | acc 29.5% | 12s elapsed | eta 11s
  step 300/391 | loss 1.8156 | acc 31.9% | 15s elapsed | eta 4s
Ep   1 | loss 1.7669 | task 1.7658 | cons 0.0511 | train 34.2% | test 43.7% | 19s
  step 100/391 | loss 1.5462 | acc 43.4% | 3s elapsed | eta 9s
  step 200/391 | loss 1.5005 | acc 45.3% | 6s elapsed | eta 5s
  step 300/391 | loss 1.4801 | acc 46.2% | 10s elapsed | eta 3s
Ep   2 | loss 1.4635 | task 1.4614 | cons 0.0521 | train 46.9% | test 47.9% | 16s
  step 100/391 | loss 1.3686 | acc 50.9% | 5s elapsed | eta 14s
  step 200/391 | loss 1.3602 | acc 50.8% | 8s elapsed | eta 7s
  step 300/391 | loss 1.3455 | acc 51.1% | 10s elapsed | eta 3s
Ep   3 | loss 1.3325 | task 1.3291 | cons 0.0566 | train 51.6% | test 55.3% | 14s
  step 100/391 | loss 1.2844 | acc 54.0% | 5s elapsed | eta 13s
  step 200/391 | loss 1.2622 | acc 54.6% | 11s elapsed | eta 11s
  step 300/391 | loss 1.2538 | acc 54.9% | 14s elapsed | eta 4s
Ep   4 | loss 1.2473 | task 1.2424 | cons 0.0608 | train 55.2% | test 57.5% | 17s
  step 100/391 | loss 1.1924 | acc 57.1% | 2s elapsed | eta 7s
  step 200/391 | loss 1.1863 | acc 57.4% | 4s elapsed | eta 4s
  step 300/391 | loss 1.1811 | acc 57.4% | 8s elapsed | eta 2s
Ep   5 | loss 1.1721 | task 1.1661 | cons 0.0607 | train 57.8% | test 58.8% | 16s
  step 100/391 | loss 1.1188 | acc 60.3% | 4s elapsed | eta 10s
  step 200/391 | loss 1.1263 | acc 59.7% | 6s elapsed | eta 5s
  step 300/391 | loss 1.1211 | acc 59.9% | 8s elapsed | eta 2s
Ep   6 | loss 1.1189 | task 1.1110 | cons 0.0660 | train 59.9% | test 60.5% | 12s
  step 100/391 | loss 1.0720 | acc 61.9% | 4s elapsed | eta 11s
  step 200/391 | loss 1.0718 | acc 61.9% | 9s elapsed | eta 9s
  step 300/391 | loss 1.0796 | acc 61.6% | 12s elapsed | eta 4s
Ep   7 | loss 1.0774 | task 1.0667 | cons 0.0766 | train 61.7% | test 62.5% | 15s
  step 100/391 | loss 1.0229 | acc 63.2% | 2s elapsed | eta 7s
  step 200/391 | loss 1.0277 | acc 63.3% | 5s elapsed | eta 4s
  step 300/391 | loss 1.0348 | acc 63.0% | 10s elapsed | eta 3s
Ep   8 | loss 1.0352 | task 1.0234 | cons 0.0736 | train 63.1% | test 62.7% | 17s
  step 100/391 | loss 1.0072 | acc 64.7% | 3s elapsed | eta 7s
  step 200/391 | loss 1.0023 | acc 64.5% | 5s elapsed | eta 4s
  step 300/391 | loss 0.9997 | acc 64.5% | 7s elapsed | eta 2s
Ep   9 | loss 0.9976 | task 0.9846 | cons 0.0723 | train 64.6% | test 63.3% | 12s
  step 100/391 | loss 0.9631 | acc 66.1% | 6s elapsed | eta 16s
  step 200/391 | loss 0.9678 | acc 66.0% | 9s elapsed | eta 9s
  step 300/391 | loss 0.9675 | acc 66.0% | 11s elapsed | eta 3s
Ep  10 | loss 0.9692 | task 0.9498 | cons 0.0970 | train 66.1% | test 65.6% | 14s
    K=1: 65.6%
    K=2: 66.5%
    K=4: 65.6%
  step 100/391 | loss 0.9463 | acc 67.6% | 6s elapsed | eta 17s
  step 200/391 | loss 0.9502 | acc 67.2% | 9s elapsed | eta 9s
  step 300/391 | loss 0.9531 | acc 67.0% | 11s elapsed | eta 3s
Ep  11 | loss 0.9456 | task 0.9237 | cons 0.0997 | train 67.2% | test 66.8% | 14s
  step 100/391 | loss 0.9239 | acc 68.4% | 2s elapsed | eta 7s
  step 200/391 | loss 0.9198 | acc 68.1% | 5s elapsed | eta 5s
  step 300/391 | loss 0.9237 | acc 68.0% | 11s elapsed | eta 3s
Ep  12 | loss 0.9174 | task 0.8922 | cons 0.1047 | train 68.2% | test 67.6% | 17s
  step 100/391 | loss 0.9199 | acc 69.0% | 2s elapsed | eta 7s
  step 200/391 | loss 0.9064 | acc 69.0% | 4s elapsed | eta 4s
  step 300/391 | loss 0.8983 | acc 69.4% | 7s elapsed | eta 2s
Ep  13 | loss 0.8999 | task 0.8678 | cons 0.1237 | train 69.4% | test 69.3% | 12s
  step 100/391 | loss 0.8808 | acc 70.4% | 5s elapsed | eta 13s
  step 200/391 | loss 0.8794 | acc 70.5% | 10s elapsed | eta 10s
  step 300/391 | loss 0.8866 | acc 70.5% | 12s elapsed | eta 4s
Ep  14 | loss 0.8876 | task 0.8449 | cons 0.1525 | train 70.4% | test 67.8% | 15s
  step 100/391 | loss 0.8533 | acc 71.1% | 2s elapsed | eta 7s
  step 200/391 | loss 0.8528 | acc 71.2% | 5s elapsed | eta 5s
  step 300/391 | loss 0.8656 | acc 70.9% | 10s elapsed | eta 3s
Ep  15 | loss 0.8656 | task 0.8244 | cons 0.1373 | train 70.9% | test 71.3% | 17s
  step 100/391 | loss 0.8141 | acc 73.0% | 2s elapsed | eta 7s
  step 200/391 | loss 0.8371 | acc 72.4% | 4s elapsed | eta 4s
  step 300/391 | loss 0.8431 | acc 72.1% | 6s elapsed | eta 2s
Ep  16 | loss 0.8404 | task 0.7980 | cons 0.1326 | train 72.1% | test 70.8% | 10s
  step 100/391 | loss 0.8091 | acc 72.8% | 6s elapsed | eta 17s
  step 200/391 | loss 0.8159 | acc 72.7% | 11s elapsed | eta 11s
  step 300/391 | loss 0.8206 | acc 72.8% | 13s elapsed | eta 4s
Ep  17 | loss 0.8292 | task 0.7796 | cons 0.1458 | train 72.5% | test 71.8% | 16s
  step 100/391 | loss 0.8095 | acc 73.2% | 2s elapsed | eta 6s
  step 200/391 | loss 0.8175 | acc 73.1% | 5s elapsed | eta 4s
  step 300/391 | loss 0.8164 | acc 73.1% | 8s elapsed | eta 2s
Ep  18 | loss 0.8172 | task 0.7675 | cons 0.1379 | train 73.1% | test 72.1% | 16s
  step 100/391 | loss 0.7927 | acc 74.2% | 3s elapsed | eta 9s
  step 200/391 | loss 0.7965 | acc 73.7% | 5s elapsed | eta 5s
  step 300/391 | loss 0.7829 | acc 74.0% | 7s elapsed | eta 2s
Ep  19 | loss 0.7836 | task 0.7370 | cons 0.1226 | train 74.0% | test 72.7% | 10s
  step 100/391 | loss 0.8036 | acc 74.6% | 4s elapsed | eta 11s
  step 200/391 | loss 0.7989 | acc 74.3% | 9s elapsed | eta 9s
  step 300/391 | loss 0.7953 | acc 74.5% | 14s elapsed | eta 4s
Ep  20 | loss 0.8008 | task 0.7370 | cons 0.1594 | train 74.3% | test 71.5% | 17s
    K=1: 71.7%
    K=2: 73.0%
    K=4: 71.5%
  step 100/391 | loss 0.7677 | acc 75.2% | 2s elapsed | eta 7s
  step 200/391 | loss 0.7596 | acc 75.2% | 6s elapsed | eta 5s
  step 300/391 | loss 0.7676 | acc 75.1% | 11s elapsed | eta 3s
Ep  21 | loss 0.7760 | task 0.7157 | cons 0.1436 | train 74.9% | test 71.8% | 17s
  step 100/391 | loss 0.7375 | acc 76.0% | 2s elapsed | eta 6s
  step 200/391 | loss 0.7472 | acc 75.8% | 4s elapsed | eta 4s
  step 300/391 | loss 0.7588 | acc 75.7% | 6s elapsed | eta 2s
Ep  22 | loss 0.7580 | task 0.6956 | cons 0.1418 | train 75.7% | test 73.9% | 13s
  step 100/391 | loss 0.7433 | acc 76.6% | 5s elapsed | eta 15s
  step 200/391 | loss 0.7618 | acc 76.0% | 7s elapsed | eta 7s
  step 300/391 | loss 0.7544 | acc 76.0% | 8s elapsed | eta 3s
Ep  23 | loss 0.7590 | task 0.6932 | cons 0.1430 | train 76.0% | test 74.1% | 11s
  step 100/391 | loss 0.7515 | acc 76.8% | 2s elapsed | eta 5s
  step 200/391 | loss 0.7662 | acc 76.4% | 3s elapsed | eta 3s
  step 300/391 | loss 0.7721 | acc 76.2% | 4s elapsed | eta 1s
Ep  24 | loss 0.7646 | task 0.6819 | cons 0.1723 | train 76.3% | test 73.7% | 7s
  step 100/391 | loss 0.7254 | acc 77.6% | 2s elapsed | eta 5s
  step 200/391 | loss 0.7277 | acc 77.6% | 3s elapsed | eta 3s
  step 300/391 | loss 0.7236 | acc 77.6% | 4s elapsed | eta 1s
Ep  25 | loss 0.7338 | task 0.6546 | cons 0.1583 | train 77.4% | test 73.0% | 7s
  step 100/391 | loss 0.7444 | acc 77.5% | 2s elapsed | eta 5s
  step 200/391 | loss 0.7370 | acc 77.7% | 3s elapsed | eta 3s
  step 300/391 | loss 0.7394 | acc 77.5% | 5s elapsed | eta 1s
Ep  26 | loss 0.7436 | task 0.6520 | cons 0.1761 | train 77.4% | test 74.1% | 7s
  step 100/391 | loss 0.7742 | acc 77.2% | 2s elapsed | eta 5s
  step 200/391 | loss 0.7764 | acc 77.2% | 3s elapsed | eta 3s
  step 300/391 | loss 0.7632 | acc 77.4% | 4s elapsed | eta 1s
Ep  27 | loss 0.7498 | task 0.6497 | cons 0.1854 | train 77.5% | test 75.8% | 7s
  step 100/391 | loss 0.7095 | acc 78.7% | 2s elapsed | eta 5s
  step 200/391 | loss 0.7309 | acc 78.2% | 3s elapsed | eta 3s
  step 300/391 | loss 0.7327 | acc 78.2% | 4s elapsed | eta 1s
Ep  28 | loss 0.7306 | task 0.6381 | cons 0.1652 | train 78.1% | test 75.1% | 7s
  step 100/391 | loss 0.7245 | acc 79.1% | 2s elapsed | eta 5s
  step 200/391 | loss 0.7331 | acc 78.5% | 3s elapsed | eta 3s
  step 300/391 | loss 0.7257 | acc 78.5% | 4s elapsed | eta 1s
Ep  29 | loss 0.7255 | task 0.6282 | cons 0.1678 | train 78.4% | test 74.8% | 6s
  step 100/391 | loss 0.6653 | acc 80.1% | 1s elapsed | eta 4s
  step 200/391 | loss 0.6842 | acc 79.8% | 3s elapsed | eta 3s
  step 300/391 | loss 0.6981 | acc 79.4% | 4s elapsed | eta 1s
Ep  30 | loss 0.6984 | task 0.6046 | cons 0.1564 | train 79.2% | test 75.0% | 6s
    K=1: 72.8%
    K=2: 76.0%
    K=4: 75.0%
  step 100/391 | loss 0.6637 | acc 80.0% | 2s elapsed | eta 5s
  step 200/391 | loss 0.6632 | acc 80.3% | 3s elapsed | eta 3s
  step 300/391 | loss 0.6847 | acc 79.9% | 4s elapsed | eta 1s
Ep  31 | loss 0.6891 | task 0.5951 | cons 0.1517 | train 79.6% | test 75.9% | 7s
  step 100/391 | loss 0.6525 | acc 80.6% | 2s elapsed | eta 6s
  step 200/391 | loss 0.6546 | acc 80.4% | 3s elapsed | eta 3s
  step 300/391 | loss 0.6705 | acc 80.0% | 5s elapsed | eta 1s
Ep  32 | loss 0.6810 | task 0.5857 | cons 0.1490 | train 79.8% | test 75.8% | 7s
  step 100/391 | loss 0.6409 | acc 81.0% | 2s elapsed | eta 5s
  step 200/391 | loss 0.6535 | acc 80.6% | 3s elapsed | eta 3s
  step 300/391 | loss 0.6793 | acc 80.2% | 4s elapsed | eta 1s
Ep  33 | loss 0.6744 | task 0.5780 | cons 0.1461 | train 80.3% | test 75.6% | 6s
  step 100/391 | loss 0.6507 | acc 80.5% | 2s elapsed | eta 6s
  step 200/391 | loss 0.6580 | acc 80.5% | 4s elapsed | eta 4s
  step 300/391 | loss 0.6596 | acc 80.6% | 7s elapsed | eta 2s
Ep  34 | loss 0.6686 | task 0.5706 | cons 0.1442 | train 80.5% | test 75.7% | 10s
  step 100/391 | loss 0.7126 | acc 80.0% | 3s elapsed | eta 8s
  step 200/391 | loss 0.7264 | acc 79.9% | 5s elapsed | eta 5s
  step 300/391 | loss 0.7177 | acc 79.8% | 8s elapsed | eta 3s
Ep  35 | loss 0.7168 | task 0.5865 | cons 0.1861 | train 80.0% | test 76.3% | 13s
  step 100/391 | loss 0.6428 | acc 81.4% | 4s elapsed | eta 11s
  step 200/391 | loss 0.6566 | acc 81.3% | 11s elapsed | eta 11s
  step 300/391 | loss 0.6555 | acc 81.3% | 17s elapsed | eta 5s
Ep  36 | loss 0.6590 | task 0.5500 | cons 0.1514 | train 81.1% | test 76.4% | 21s
  step 100/391 | loss 0.6931 | acc 80.9% | 3s elapsed | eta 9s
  step 200/391 | loss 0.6963 | acc 81.0% | 6s elapsed | eta 6s
  step 300/391 | loss 0.6948 | acc 81.0% | 10s elapsed | eta 3s
Ep  37 | loss 0.6956 | task 0.5628 | cons 0.1794 | train 80.9% | test 76.6% | 16s
  step 100/391 | loss 0.6938 | acc 81.8% | 7s elapsed | eta 21s
  step 200/391 | loss 0.6810 | acc 81.3% | 10s elapsed | eta 10s
  step 300/391 | loss 0.6792 | acc 81.3% | 13s elapsed | eta 4s
Ep  38 | loss 0.6776 | task 0.5467 | cons 0.1723 | train 81.3% | test 76.2% | 16s
  step 100/391 | loss 0.6617 | acc 82.2% | 3s elapsed | eta 7s
  step 200/391 | loss 0.6541 | acc 82.1% | 5s elapsed | eta 5s
  step 300/391 | loss 0.6652 | acc 82.0% | 8s elapsed | eta 2s
Ep  39 | loss 0.6688 | task 0.5349 | cons 0.1717 | train 81.9% | test 75.3% | 17s
  step 100/391 | loss 0.6252 | acc 82.9% | 4s elapsed | eta 10s
  step 200/391 | loss 0.6477 | acc 82.4% | 6s elapsed | eta 6s
  step 300/391 | loss 0.6606 | acc 82.1% | 8s elapsed | eta 2s
Ep  40 | loss 0.6725 | task 0.5335 | cons 0.1737 | train 81.9% | test 76.8% | 12s
    K=1: 73.1%
    K=2: 76.8%
    K=4: 76.8%
  step 100/391 | loss 0.5742 | acc 83.7% | 6s elapsed | eta 19s
  step 200/391 | loss 0.6099 | acc 83.4% | 12s elapsed | eta 12s
  step 300/391 | loss 0.6355 | acc 82.8% | 15s elapsed | eta 4s
Ep  41 | loss 0.6552 | task 0.5242 | cons 0.1598 | train 82.4% | test 77.3% | 18s
  step 100/391 | loss 1.2756 | acc 61.5% | 2s elapsed | eta 7s
  step 200/391 | loss 1.1397 | acc 66.0% | 5s elapsed | eta 4s
  step 300/391 | loss 1.0072 | acc 71.0% | 10s elapsed | eta 3s
Ep  42 | loss 0.9338 | task 0.7697 | cons 0.1953 | train 73.6% | test 75.3% | 17s
  step 100/391 | loss 0.6744 | acc 82.1% | 2s elapsed | eta 6s
  step 200/391 | loss 0.6712 | acc 82.4% | 4s elapsed | eta 4s
  step 300/391 | loss 0.6732 | acc 82.4% | 6s elapsed | eta 2s
Ep  43 | loss 0.6789 | task 0.5250 | cons 0.1790 | train 82.4% | test 77.3% | 12s
  step 100/391 | loss 0.6120 | acc 83.2% | 6s elapsed | eta 17s
  step 200/391 | loss 0.6607 | acc 82.8% | 9s elapsed | eta 9s
  step 300/391 | loss 0.6709 | acc 82.6% | 11s elapsed | eta 3s
Ep  44 | loss 0.6768 | task 0.5216 | cons 0.1763 | train 82.3% | test 76.3% | 14s
  step 100/391 | loss 0.5959 | acc 84.1% | 2s elapsed | eta 7s
  step 200/391 | loss 0.6139 | acc 83.7% | 6s elapsed | eta 6s
  step 300/391 | loss 0.6369 | acc 83.4% | 12s elapsed | eta 4s
Ep  45 | loss 0.6397 | task 0.4967 | cons 0.1588 | train 83.4% | test 76.6% | 17s
  step 100/391 | loss 0.5906 | acc 85.0% | 2s elapsed | eta 7s
  step 200/391 | loss 0.6203 | acc 84.3% | 4s elapsed | eta 4s
  step 300/391 | loss 0.6390 | acc 83.8% | 7s elapsed | eta 2s
Ep  46 | loss 0.6364 | task 0.4849 | cons 0.1647 | train 83.7% | test 76.3% | 14s
  step 100/391 | loss 0.6237 | acc 83.9% | 5s elapsed | eta 13s
  step 200/391 | loss 0.6325 | acc 84.0% | 6s elapsed | eta 6s
  step 300/391 | loss 0.6280 | acc 83.8% | 9s elapsed | eta 3s
Ep  47 | loss 0.6230 | task 0.4804 | cons 0.1516 | train 83.8% | test 77.7% | 12s
  step 100/391 | loss 0.6481 | acc 84.1% | 4s elapsed | eta 10s
  step 200/391 | loss 0.6476 | acc 84.0% | 9s elapsed | eta 8s
  step 300/391 | loss 0.6477 | acc 83.8% | 14s elapsed | eta 4s
Ep  48 | loss 0.6489 | task 0.4811 | cons 0.1748 | train 83.8% | test 78.2% | 17s
  step 100/391 | loss 0.6262 | acc 84.7% | 2s elapsed | eta 7s
  step 200/391 | loss 0.6018 | acc 84.8% | 5s elapsed | eta 5s
  step 300/391 | loss 0.6186 | acc 84.4% | 11s elapsed | eta 3s
Ep  49 | loss 0.6234 | task 0.4668 | cons 0.1598 | train 84.4% | test 77.2% | 17s
  step 100/391 | loss 0.6461 | acc 85.0% | 2s elapsed | eta 7s
  step 200/391 | loss 0.6134 | acc 84.8% | 4s elapsed | eta 4s
  step 300/391 | loss 0.6425 | acc 84.4% | 7s elapsed | eta 2s
Ep  50 | loss 0.6271 | task 0.4652 | cons 0.1619 | train 84.5% | test 77.6% | 11s
    K=1: 75.4%
    K=2: 78.5%
    K=4: 77.6%
  step 100/391 | loss 0.6355 | acc 84.4% | 4s elapsed | eta 13s
  step 200/391 | loss 0.6275 | acc 84.4% | 6s elapsed | eta 6s
  step 300/391 | loss 0.6232 | acc 84.7% | 9s elapsed | eta 3s
Ep  51 | loss 0.6237 | task 0.4643 | cons 0.1595 | train 84.5% | test 77.0% | 12s
  step 100/391 | loss 0.5996 | acc 85.7% | 5s elapsed | eta 13s
  step 200/391 | loss 0.6228 | acc 85.3% | 10s elapsed | eta 10s
  step 300/391 | loss 0.6219 | acc 85.2% | 14s elapsed | eta 4s
Ep  52 | loss 0.6255 | task 0.4489 | cons 0.1766 | train 85.0% | test 77.3% | 17s
  step 100/391 | loss 0.5807 | acc 86.0% | 2s elapsed | eta 7s
  step 200/391 | loss 0.5961 | acc 85.7% | 4s elapsed | eta 4s
  step 300/391 | loss 0.6157 | acc 85.4% | 9s elapsed | eta 3s
Ep  53 | loss 0.5954 | task 0.4375 | cons 0.1579 | train 85.5% | test 77.1% | 17s
  step 100/391 | loss 0.5875 | acc 86.0% | 2s elapsed | eta 7s
  step 200/391 | loss 0.5932 | acc 85.5% | 4s elapsed | eta 4s
  step 300/391 | loss 0.6237 | acc 85.1% | 7s elapsed | eta 2s
Ep  54 | loss 0.6188 | task 0.4390 | cons 0.1798 | train 85.2% | test 76.8% | 10s
  step 100/391 | loss 0.6914 | acc 85.2% | 6s elapsed | eta 16s
  step 200/391 | loss 0.6650 | acc 85.4% | 11s elapsed | eta 11s
  step 300/391 | loss 0.6474 | acc 85.5% | 14s elapsed | eta 4s
Ep  55 | loss 0.6621 | task 0.4490 | cons 0.2131 | train 85.3% | test 77.5% | 17s
  step 100/391 | loss 0.6188 | acc 86.2% | 2s elapsed | eta 7s
  step 200/391 | loss 0.6334 | acc 85.8% | 4s elapsed | eta 4s
  step 300/391 | loss 0.6412 | acc 85.6% | 9s elapsed | eta 3s
Ep  56 | loss 0.6363 | task 0.4412 | cons 0.1951 | train 85.4% | test 77.0% | 16s
  step 100/391 | loss 0.6550 | acc 85.7% | 2s elapsed | eta 6s
  step 200/391 | loss 0.6608 | acc 85.4% | 5s elapsed | eta 4s
  step 300/391 | loss 0.6640 | acc 85.3% | 7s elapsed | eta 2s
Ep  57 | loss 0.6710 | task 0.4444 | cons 0.2266 | train 85.3% | test 77.8% | 14s
  step 100/391 | loss 0.6401 | acc 85.9% | 6s elapsed | eta 17s
  step 200/391 | loss 0.6462 | acc 85.1% | 8s elapsed | eta 7s
  step 300/391 | loss 0.6305 | acc 85.4% | 10s elapsed | eta 3s
Ep  58 | loss 0.6183 | task 0.4384 | cons 0.1800 | train 85.4% | test 78.0% | 13s
  step 100/391 | loss 0.5826 | acc 86.7% | 2s elapsed | eta 7s
  step 200/391 | loss 0.6142 | acc 86.4% | 8s elapsed | eta 8s
  step 300/391 | loss 0.6257 | acc 86.2% | 14s elapsed | eta 4s
Ep  59 | loss 0.6172 | task 0.4149 | cons 0.2023 | train 86.2% | test 78.2% | 17s
  step 100/391 | loss 0.5750 | acc 87.1% | 2s elapsed | eta 7s
  step 200/391 | loss 0.5791 | acc 86.9% | 4s elapsed | eta 4s
  step 300/391 | loss 0.5867 | acc 86.5% | 7s elapsed | eta 2s
Ep  60 | loss 0.6027 | task 0.4104 | cons 0.1922 | train 86.3% | test 78.7% | 13s
    K=1: 75.8%
    K=2: 79.1%
    K=4: 78.7%
  step 100/391 | loss 0.5607 | acc 87.1% | 2s elapsed | eta 7s
  step 200/391 | loss 0.6164 | acc 86.4% | 4s elapsed | eta 4s
  step 300/391 | loss 0.5967 | acc 86.6% | 7s elapsed | eta 2s
Ep  61 | loss 0.6056 | task 0.4101 | cons 0.1955 | train 86.3% | test 78.0% | 10s
  step 100/391 | loss 0.5928 | acc 87.2% | 4s elapsed | eta 11s
  step 200/391 | loss 0.5900 | acc 87.1% | 9s elapsed | eta 9s
  step 300/391 | loss 0.5808 | acc 87.1% | 14s elapsed | eta 4s
Ep  62 | loss 0.5730 | task 0.3892 | cons 0.1838 | train 87.1% | test 78.8% | 17s
  step 100/391 | loss 0.5617 | acc 87.4% | 2s elapsed | eta 7s
  step 200/391 | loss 0.5993 | acc 86.6% | 4s elapsed | eta 4s
  step 300/391 | loss 0.5912 | acc 86.6% | 7s elapsed | eta 2s
Ep  63 | loss 0.5975 | task 0.4057 | cons 0.1918 | train 86.5% | test 77.9% | 14s
  step 100/391 | loss 0.6557 | acc 86.9% | 4s elapsed | eta 12s
  step 200/391 | loss 0.6819 | acc 86.3% | 7s elapsed | eta 7s
  step 300/391 | loss 0.6511 | acc 86.5% | 11s elapsed | eta 3s
Ep  64 | loss 0.6459 | task 0.4083 | cons 0.2376 | train 86.5% | test 78.2% | 13s
  step 100/391 | loss 0.6314 | acc 87.4% | 2s elapsed | eta 5s
  step 200/391 | loss 0.6467 | acc 86.9% | 3s elapsed | eta 3s
  step 300/391 | loss 0.6465 | acc 86.6% | 4s elapsed | eta 1s
Ep  65 | loss 0.6364 | task 0.4100 | cons 0.2265 | train 86.4% | test 78.3% | 6s
  step 100/391 | loss 0.6337 | acc 86.5% | 1s elapsed | eta 4s
  step 200/391 | loss 0.6017 | acc 87.2% | 3s elapsed | eta 3s
  step 300/391 | loss 0.6187 | acc 86.9% | 4s elapsed | eta 1s
Ep  66 | loss 0.6243 | task 0.4019 | cons 0.2223 | train 86.7% | test 77.2% | 6s
  step 100/391 | loss 0.6564 | acc 86.8% | 1s elapsed | eta 4s
  step 200/391 | loss 0.6097 | acc 87.2% | 3s elapsed | eta 2s
  step 300/391 | loss 0.5948 | acc 87.2% | 4s elapsed | eta 1s
Ep  67 | loss 0.6186 | task 0.3933 | cons 0.2254 | train 87.0% | test 76.9% | 6s
  step 100/391 | loss 0.6491 | acc 86.8% | 1s elapsed | eta 4s
  step 200/391 | loss 0.6106 | acc 87.3% | 3s elapsed | eta 3s
  step 300/391 | loss 0.6110 | acc 87.1% | 4s elapsed | eta 1s
Ep  68 | loss 0.6222 | task 0.3931 | cons 0.2291 | train 87.0% | test 77.8% | 6s
  step 100/391 | loss 0.6065 | acc 87.9% | 2s elapsed | eta 5s
  step 200/391 | loss 0.6068 | acc 87.6% | 3s elapsed | eta 3s
  step 300/391 | loss 0.6010 | acc 87.5% | 4s elapsed | eta 1s
Ep  69 | loss 0.6161 | task 0.3849 | cons 0.2312 | train 87.4% | test 78.5% | 7s
  step 100/391 | loss 0.6331 | acc 87.4% | 2s elapsed | eta 5s
  step 200/391 | loss 0.6075 | acc 87.6% | 3s elapsed | eta 3s
  step 300/391 | loss 0.6074 | acc 87.4% | 4s elapsed | eta 1s
Ep  70 | loss 0.6133 | task 0.3811 | cons 0.2321 | train 87.4% | test 78.8% | 7s
    K=1: 76.5%
    K=2: 79.4%
    K=4: 78.8%
  step 100/391 | loss 0.6022 | acc 88.2% | 2s elapsed | eta 5s
  step 200/391 | loss 0.6678 | acc 87.7% | 3s elapsed | eta 3s
  step 300/391 | loss 0.6733 | acc 87.4% | 4s elapsed | eta 1s
Ep  71 | loss 0.6686 | task 0.3837 | cons 0.2849 | train 87.3% | test 77.1% | 6s
  step 100/391 | loss 0.5871 | acc 88.3% | 2s elapsed | eta 6s
  step 200/391 | loss 0.5891 | acc 88.1% | 3s elapsed | eta 3s
  step 300/391 | loss 0.6077 | acc 87.8% | 5s elapsed | eta 1s
Ep  72 | loss 0.6037 | task 0.3736 | cons 0.2301 | train 87.7% | test 77.3% | 8s
  step 100/391 | loss 0.5601 | acc 88.6% | 3s elapsed | eta 7s
  step 200/391 | loss 0.5945 | acc 88.2% | 5s elapsed | eta 5s
  step 300/391 | loss 0.5977 | acc 88.1% | 8s elapsed | eta 2s
Ep  73 | loss 0.6060 | task 0.3640 | cons 0.2420 | train 87.9% | test 78.2% | 12s
  step 100/391 | loss 0.6770 | acc 88.2% | 4s elapsed | eta 11s
  step 200/391 | loss 0.6451 | acc 88.0% | 7s elapsed | eta 6s
  step 300/391 | loss 0.6552 | acc 87.8% | 10s elapsed | eta 3s
Ep  74 | loss 0.6370 | task 0.3748 | cons 0.2622 | train 87.9% | test 77.7% | 19s
  step 100/391 | loss 0.6380 | acc 87.6% | 5s elapsed | eta 15s
  step 200/391 | loss 0.6215 | acc 87.9% | 8s elapsed | eta 7s
  step 300/391 | loss 0.6330 | acc 87.7% | 10s elapsed | eta 3s
Ep  75 | loss 0.6177 | task 0.3768 | cons 0.2410 | train 87.7% | test 78.6% | 14s
  step 100/391 | loss 0.6622 | acc 88.7% | 3s elapsed | eta 10s
  step 200/391 | loss 0.6465 | acc 88.1% | 10s elapsed | eta 9s
  step 300/391 | loss 0.6170 | acc 88.5% | 16s elapsed | eta 5s
Ep  76 | loss 0.6354 | task 0.3642 | cons 0.2712 | train 88.0% | test 77.1% | 19s
  step 100/391 | loss 0.6331 | acc 88.7% | 2s elapsed | eta 7s
  step 200/391 | loss 0.5924 | acc 88.9% | 5s elapsed | eta 5s
  step 300/391 | loss 0.5954 | acc 88.7% | 7s elapsed | eta 2s
Ep  77 | loss 0.5935 | task 0.3493 | cons 0.2443 | train 88.5% | test 78.5% | 11s
  step 100/391 | loss 0.5433 | acc 89.7% | 5s elapsed | eta 14s
  step 200/391 | loss 0.5849 | acc 89.1% | 11s elapsed | eta 10s
  step 300/391 | loss 0.5875 | acc 88.6% | 15s elapsed | eta 5s
Ep  78 | loss 0.5888 | task 0.3493 | cons 0.2395 | train 88.7% | test 77.9% | 18s
  step 100/391 | loss 0.6429 | acc 88.1% | 3s elapsed | eta 7s
  step 200/391 | loss 0.6187 | acc 88.4% | 5s elapsed | eta 5s
  step 300/391 | loss 0.6231 | acc 88.3% | 8s elapsed | eta 3s
Ep  79 | loss 0.6202 | task 0.3550 | cons 0.2652 | train 88.4% | test 78.4% | 17s
  step 100/391 | loss 0.6014 | acc 89.0% | 4s elapsed | eta 11s
  step 200/391 | loss 0.6752 | acc 88.1% | 6s elapsed | eta 6s
  step 300/391 | loss 0.6695 | acc 88.0% | 8s elapsed | eta 2s
Ep  80 | loss 0.6475 | task 0.3635 | cons 0.2839 | train 88.2% | test 77.7% | 11s
    K=1: 74.8%
    K=2: 78.4%
    K=4: 77.7%
  step 100/391 | loss 0.6621 | acc 88.4% | 6s elapsed | eta 16s
  step 200/391 | loss 0.6673 | acc 88.5% | 10s elapsed | eta 9s
  step 300/391 | loss 0.6752 | acc 88.5% | 12s elapsed | eta 4s
Ep  81 | loss 0.6867 | task 0.3644 | cons 0.3223 | train 88.3% | test 78.6% | 15s
  step 100/391 | loss 0.5970 | acc 89.6% | 2s elapsed | eta 7s
  step 200/391 | loss 0.6086 | acc 89.4% | 6s elapsed | eta 5s
  step 300/391 | loss 0.5863 | acc 89.2% | 9s elapsed | eta 3s
Ep  82 | loss 0.5862 | task 0.3378 | cons 0.2484 | train 89.1% | test 78.7% | 17s
  step 100/391 | loss 0.5352 | acc 89.6% | 2s elapsed | eta 6s
  step 200/391 | loss 0.5602 | acc 89.3% | 4s elapsed | eta 4s
  step 300/391 | loss 0.5829 | acc 89.0% | 6s elapsed | eta 2s
Ep  83 | loss 0.5862 | task 0.3404 | cons 0.2458 | train 88.9% | test 77.6% | 10s
  step 100/391 | loss 0.5425 | acc 89.7% | 4s elapsed | eta 12s
  step 200/391 | loss 0.5321 | acc 89.9% | 10s elapsed | eta 9s
  step 300/391 | loss 0.5614 | acc 89.4% | 13s elapsed | eta 4s
Ep  84 | loss 0.5906 | task 0.3375 | cons 0.2531 | train 89.1% | test 77.6% | 16s
  step 100/391 | loss 0.7623 | acc 88.1% | 3s elapsed | eta 9s
  step 200/391 | loss 0.6665 | acc 88.9% | 6s elapsed | eta 6s
  step 300/391 | loss 0.6475 | acc 88.8% | 11s elapsed | eta 3s
Ep  85 | loss 0.6406 | task 0.3470 | cons 0.2936 | train 88.7% | test 79.1% | 17s
  step 100/391 | loss 0.5671 | acc 90.1% | 2s elapsed | eta 7s
  step 200/391 | loss 0.5556 | acc 89.9% | 4s elapsed | eta 4s
  step 300/391 | loss 0.5620 | acc 89.6% | 7s elapsed | eta 2s
Ep  86 | loss 0.5661 | task 0.3291 | cons 0.2370 | train 89.3% | test 78.7% | 13s
  step 100/391 | loss 0.6832 | acc 89.3% | 5s elapsed | eta 16s
  step 200/391 | loss 0.6386 | acc 89.5% | 8s elapsed | eta 8s
  step 300/391 | loss 0.6445 | acc 89.2% | 10s elapsed | eta 3s
Ep  87 | loss 0.6319 | task 0.3348 | cons 0.2971 | train 89.2% | test 77.0% | 14s
  step 100/391 | loss 0.6394 | acc 89.4% | 3s elapsed | eta 9s
  step 200/391 | loss 0.6706 | acc 89.0% | 8s elapsed | eta 8s
  step 300/391 | loss 0.6517 | acc 89.1% | 13s elapsed | eta 4s
Ep  88 | loss 0.6605 | task 0.3401 | cons 0.3204 | train 88.9% | test 77.6% | 16s
  step 100/391 | loss 0.6305 | acc 89.1% | 2s elapsed | eta 7s
  step 200/391 | loss 0.6003 | acc 89.3% | 5s elapsed | eta 5s
  step 300/391 | loss 0.6434 | acc 88.6% | 9s elapsed | eta 3s
Ep  89 | loss 0.6510 | task 0.3513 | cons 0.2998 | train 88.5% | test 77.3% | 17s
  step 100/391 | loss 0.5938 | acc 89.2% | 3s elapsed | eta 8s
  step 200/391 | loss 0.7096 | acc 88.5% | 5s elapsed | eta 5s
  step 300/391 | loss 0.7031 | acc 88.1% | 7s elapsed | eta 2s
Ep  90 | loss 0.6563 | task 0.3534 | cons 0.3029 | train 88.4% | test 78.6% | 10s
    K=1: 75.9%
    K=2: 79.3%
    K=4: 78.6%
  step 100/391 | loss 0.6877 | acc 89.9% | 6s elapsed | eta 16s
  step 200/391 | loss 0.6814 | acc 89.6% | 8s elapsed | eta 8s
  step 300/391 | loss 0.6930 | acc 89.2% | 10s elapsed | eta 3s
Ep  91 | loss 0.7045 | task 0.3462 | cons 0.3584 | train 88.9% | test 78.4% | 13s
  step 100/391 | loss 0.7886 | acc 88.6% | 4s elapsed | eta 12s
  step 200/391 | loss 0.7891 | acc 88.2% | 10s elapsed | eta 9s
  step 300/391 | loss 0.7839 | acc 88.1% | 14s elapsed | eta 4s
Ep  92 | loss 0.7421 | task 0.3674 | cons 0.3747 | train 88.3% | test 78.2% | 17s
  step 100/391 | loss 0.6358 | acc 90.0% | 2s elapsed | eta 6s
  step 200/391 | loss 0.6352 | acc 89.4% | 4s elapsed | eta 4s
  step 300/391 | loss 0.6404 | acc 89.3% | 10s elapsed | eta 3s
Ep  93 | loss 0.6270 | task 0.3321 | cons 0.2949 | train 89.3% | test 78.1% | 16s
  step 100/391 | loss 0.5765 | acc 90.2% | 2s elapsed | eta 6s
  step 200/391 | loss 0.6106 | acc 89.8% | 4s elapsed | eta 4s
  step 300/391 | loss 0.5917 | acc 89.8% | 6s elapsed | eta 2s
Ep  94 | loss 0.5808 | task 0.3185 | cons 0.2624 | train 89.7% | test 78.1% | 12s
  step 100/391 | loss 0.5662 | acc 90.4% | 5s elapsed | eta 16s
  step 200/391 | loss 0.6503 | acc 89.8% | 9s elapsed | eta 8s
  step 300/391 | loss 0.6536 | acc 89.6% | 11s elapsed | eta 3s
Ep  95 | loss 0.6743 | task 0.3361 | cons 0.3382 | train 89.2% | test 75.7% | 14s
  step 100/391 | loss 0.6512 | acc 89.0% | 3s elapsed | eta 10s
  step 200/391 | loss 0.6608 | acc 89.1% | 9s elapsed | eta 9s
  step 300/391 | loss 0.6659 | acc 88.9% | 14s elapsed | eta 4s
Ep  96 | loss 0.6543 | task 0.3458 | cons 0.3084 | train 88.9% | test 78.9% | 17s
  step 100/391 | loss 0.6088 | acc 90.6% | 2s elapsed | eta 7s
  step 200/391 | loss 0.6295 | acc 90.0% | 4s elapsed | eta 4s
  step 300/391 | loss 0.6417 | acc 89.8% | 7s elapsed | eta 2s
Ep  97 | loss 0.6508 | task 0.3225 | cons 0.3283 | train 89.7% | test 78.1% | 13s
  step 100/391 | loss 0.5800 | acc 90.6% | 6s elapsed | eta 17s
  step 200/391 | loss 0.5976 | acc 90.2% | 9s elapsed | eta 8s
  step 300/391 | loss 0.5956 | acc 90.2% | 11s elapsed | eta 3s
Ep  98 | loss 0.5940 | task 0.3056 | cons 0.2884 | train 90.1% | test 77.7% | 14s
  step 100/391 | loss 0.6891 | acc 89.7% | 2s elapsed | eta 7s
  step 200/391 | loss 0.6165 | acc 90.3% | 5s elapsed | eta 4s
  step 300/391 | loss 0.6245 | acc 90.1% | 10s elapsed | eta 3s
Ep  99 | loss 0.6323 | task 0.3090 | cons 0.3233 | train 89.9% | test 78.9% | 16s
  step 100/391 | loss 0.5062 | acc 91.6% | 3s elapsed | eta 7s
  step 200/391 | loss 0.5059 | acc 91.2% | 5s elapsed | eta 4s
  step 300/391 | loss 0.5272 | acc 90.9% | 8s elapsed | eta 2s
Ep 100 | loss 0.5465 | task 0.2886 | cons 0.2579 | train 90.7% | test 78.3% | 12s
    K=1: 76.1%
    K=2: 79.4%
    K=4: 78.3%
  step 100/391 | loss 0.5744 | acc 90.3% | 3s elapsed | eta 8s
  step 200/391 | loss 0.5803 | acc 90.5% | 4s elapsed | eta 4s
  step 300/391 | loss 0.5837 | acc 90.3% | 6s elapsed | eta 2s
Ep 101 | loss 0.5846 | task 0.3006 | cons 0.2840 | train 90.3% | test 77.5% | 11s
  step 100/391 | loss 0.6653 | acc 90.0% | 5s elapsed | eta 14s
  step 200/391 | loss 0.6372 | acc 90.2% | 8s elapsed | eta 7s
  step 300/391 | loss 0.6446 | acc 90.2% | 9s elapsed | eta 3s
Ep 102 | loss 0.6670 | task 0.3166 | cons 0.3504 | train 89.9% | test 78.4% | 11s
  step 100/391 | loss 0.7592 | acc 89.8% | 2s elapsed | eta 4s
  step 200/391 | loss 0.7063 | acc 90.3% | 3s elapsed | eta 3s
  step 300/391 | loss 0.7105 | acc 89.8% | 4s elapsed | eta 1s
Ep 103 | loss 0.7021 | task 0.3252 | cons 0.3769 | train 89.9% | test 78.6% | 7s
  step 100/391 | loss 0.6112 | acc 90.5% | 2s elapsed | eta 5s
  step 200/391 | loss 0.6043 | acc 90.6% | 3s elapsed | eta 3s
  step 300/391 | loss 0.6312 | acc 90.5% | 4s elapsed | eta 1s
Ep 104 | loss 0.6641 | task 0.3117 | cons 0.3524 | train 90.2% | test 77.7% | 6s
  step 100/391 | loss 0.6145 | acc 90.9% | 2s elapsed | eta 5s
  step 200/391 | loss 0.6677 | acc 90.3% | 3s elapsed | eta 3s
  step 300/391 | loss 0.6639 | acc 90.3% | 4s elapsed | eta 1s
Ep 105 | loss 0.6574 | task 0.3009 | cons 0.3565 | train 90.3% | test 78.2% | 6s
  step 100/391 | loss 0.6976 | acc 90.6% | 1s elapsed | eta 4s
  step 200/391 | loss 0.6106 | acc 91.0% | 3s elapsed | eta 3s
  step 300/391 | loss 0.6376 | acc 90.4% | 4s elapsed | eta 1s
Ep 106 | loss 0.6239 | task 0.2958 | cons 0.3281 | train 90.5% | test 79.5% | 6s
  step 100/391 | loss 0.6278 | acc 91.7% | 1s elapsed | eta 4s
  step 200/391 | loss 0.5865 | acc 91.6% | 3s elapsed | eta 2s
  step 300/391 | loss 0.5780 | acc 91.5% | 4s elapsed | eta 1s
Ep 107 | loss 0.5719 | task 0.2760 | cons 0.2959 | train 91.4% | test 76.3% | 6s
  step 100/391 | loss 0.5852 | acc 91.2% | 1s elapsed | eta 4s
  step 200/391 | loss 0.6194 | acc 90.8% | 3s elapsed | eta 2s
  step 300/391 | loss 0.6035 | acc 90.8% | 4s elapsed | eta 1s
Ep 108 | loss 0.6106 | task 0.2910 | cons 0.3196 | train 90.8% | test 77.8% | 6s
  step 100/391 | loss 0.5847 | acc 91.4% | 1s elapsed | eta 4s
  step 200/391 | loss 0.6362 | acc 91.4% | 3s elapsed | eta 3s
  step 300/391 | loss 0.6114 | acc 91.5% | 4s elapsed | eta 1s
Ep 109 | loss 0.6287 | task 0.2866 | cons 0.3421 | train 91.2% | test 77.8% | 6s
  step 100/391 | loss 0.5225 | acc 91.7% | 2s elapsed | eta 5s
  step 200/391 | loss 0.5379 | acc 91.8% | 4s elapsed | eta 3s
  step 300/391 | loss 0.5702 | acc 91.6% | 6s elapsed | eta 2s
Ep 110 | loss 0.6039 | task 0.2844 | cons 0.3195 | train 91.3% | test 77.2% | 9s
    K=1: 74.8%
    K=2: 78.0%
    K=4: 77.2%
  step 100/391 | loss 0.5367 | acc 92.1% | 3s elapsed | eta 10s
  step 200/391 | loss 0.5308 | acc 91.9% | 7s elapsed | eta 7s
  step 300/391 | loss 0.5370 | acc 91.8% | 11s elapsed | eta 3s
Ep 111 | loss 0.5399 | task 0.2708 | cons 0.2691 | train 91.5% | test 78.9% | 15s
  step 100/391 | loss 0.6464 | acc 91.5% | 5s elapsed | eta 15s
  step 200/391 | loss 0.5976 | acc 91.6% | 12s elapsed | eta 11s
  step 300/391 | loss 0.7956 | acc 86.2% | 16s elapsed | eta 5s
Ep 112 | loss 1.0149 | task 0.6433 | cons 0.3717 | train 78.4% | test 75.9% | 20s
  step 100/391 | loss 0.6240 | acc 89.4% | 3s elapsed | eta 9s
  step 200/391 | loss 0.6156 | acc 89.5% | 7s elapsed | eta 6s
  step 300/391 | loss 0.6449 | acc 89.7% | 10s elapsed | eta 3s
Ep 113 | loss 0.6506 | task 0.3215 | cons 0.3291 | train 89.7% | test 77.5% | 17s
  step 100/391 | loss 0.5603 | acc 91.7% | 7s elapsed | eta 19s
  step 200/391 | loss 0.5960 | acc 91.5% | 9s elapsed | eta 9s
  step 300/391 | loss 0.5860 | acc 91.4% | 12s elapsed | eta 4s
Ep 114 | loss 0.6093 | task 0.2769 | cons 0.3324 | train 91.2% | test 77.7% | 15s
  step 100/391 | loss 0.6304 | acc 91.6% | 2s elapsed | eta 7s
  step 200/391 | loss 0.6119 | acc 91.3% | 5s elapsed | eta 5s
  step 300/391 | loss 0.5769 | acc 91.3% | 10s elapsed | eta 3s
Ep 115 | loss 0.5623 | task 0.2727 | cons 0.2896 | train 91.4% | test 78.5% | 18s
  step 100/391 | loss 0.6247 | acc 92.3% | 3s elapsed | eta 7s
  step 200/391 | loss 0.6187 | acc 92.3% | 5s elapsed | eta 5s
  step 300/391 | loss 0.6286 | acc 92.0% | 7s elapsed | eta 2s
Ep 116 | loss 0.6317 | task 0.2613 | cons 0.3704 | train 91.8% | test 79.0% | 11s
  step 100/391 | loss 0.5457 | acc 92.3% | 5s elapsed | eta 14s
  step 200/391 | loss 0.6026 | acc 92.1% | 11s elapsed | eta 10s
  step 300/391 | loss 0.6311 | acc 91.7% | 14s elapsed | eta 4s
Ep 117 | loss 0.6294 | task 0.2639 | cons 0.3655 | train 91.7% | test 77.9% | 18s
  step 100/391 | loss 0.6769 | acc 91.6% | 3s elapsed | eta 8s
  step 200/391 | loss 0.6873 | acc 91.4% | 5s elapsed | eta 5s
  step 300/391 | loss 0.6816 | acc 91.2% | 8s elapsed | eta 2s
Ep 118 | loss 0.6686 | task 0.2809 | cons 0.3877 | train 91.2% | test 78.9% | 15s
  step 100/391 | loss 0.5974 | acc 92.6% | 5s elapsed | eta 13s
  step 200/391 | loss 0.6237 | acc 92.3% | 7s elapsed | eta 6s
  step 300/391 | loss 0.6309 | acc 92.0% | 9s elapsed | eta 3s
Ep 119 | loss 0.6255 | task 0.2571 | cons 0.3684 | train 91.9% | test 78.4% | 12s
  step 100/391 | loss 0.6211 | acc 92.6% | 3s elapsed | eta 8s
  step 200/391 | loss 0.7558 | acc 91.4% | 7s elapsed | eta 7s
  step 300/391 | loss 0.7193 | acc 91.5% | 13s elapsed | eta 4s
Ep 120 | loss 0.6907 | task 0.2731 | cons 0.4176 | train 91.5% | test 78.8% | 17s
    K=1: 76.3%
    K=2: 79.6%
    K=4: 78.8%
  step 100/391 | loss 0.5265 | acc 92.4% | 2s elapsed | eta 7s
  step 200/391 | loss 0.5512 | acc 92.3% | 7s elapsed | eta 7s
  step 300/391 | loss 0.5445 | acc 92.2% | 13s elapsed | eta 4s
Ep 121 | loss 0.5131 | task 0.2392 | cons 0.2740 | train 92.3% | test 78.8% | 17s
  step 100/391 | loss 0.5151 | acc 93.4% | 2s elapsed | eta 7s
  step 200/391 | loss 0.6133 | acc 92.6% | 4s elapsed | eta 4s
  step 300/391 | loss 0.5744 | acc 92.7% | 8s elapsed | eta 3s
Ep 122 | loss 0.5453 | task 0.2330 | cons 0.3123 | train 92.6% | test 79.2% | 16s
  step 100/391 | loss 0.5413 | acc 92.6% | 2s elapsed | eta 7s
  step 200/391 | loss 0.5135 | acc 92.7% | 4s elapsed | eta 4s
  step 300/391 | loss 0.5114 | acc 92.8% | 6s elapsed | eta 2s
Ep 123 | loss 0.4905 | task 0.2240 | cons 0.2665 | train 92.9% | test 77.8% | 10s
  step 100/391 | loss 0.4478 | acc 93.5% | 6s elapsed | eta 16s
  step 200/391 | loss 0.4552 | acc 93.3% | 11s elapsed | eta 11s
  step 300/391 | loss 0.4756 | acc 93.1% | 14s elapsed | eta 4s
Ep 124 | loss 0.5010 | task 0.2274 | cons 0.2736 | train 92.9% | test 78.4% | 17s
  step 100/391 | loss 0.5439 | acc 92.7% | 2s elapsed | eta 7s
  step 200/391 | loss 0.5500 | acc 92.7% | 4s elapsed | eta 4s
  step 300/391 | loss 0.5460 | acc 92.7% | 8s elapsed | eta 3s
Ep 125 | loss 0.5401 | task 0.2342 | cons 0.3059 | train 92.6% | test 78.0% | 16s
  step 100/391 | loss 0.4831 | acc 93.2% | 3s elapsed | eta 8s
  step 200/391 | loss 0.5070 | acc 93.2% | 5s elapsed | eta 5s
  step 300/391 | loss 0.5107 | acc 93.1% | 7s elapsed | eta 2s
Ep 126 | loss 0.5060 | task 0.2266 | cons 0.2795 | train 93.2% | test 78.0% | 13s
  step 100/391 | loss 0.3952 | acc 93.6% | 6s elapsed | eta 17s
  step 200/391 | loss 0.4653 | acc 93.4% | 8s elapsed | eta 8s
  step 300/391 | loss 0.5286 | acc 93.0% | 10s elapsed | eta 3s
Ep 127 | loss 0.5285 | task 0.2248 | cons 0.3037 | train 92.9% | test 79.3% | 13s
  step 100/391 | loss 0.4776 | acc 93.4% | 2s elapsed | eta 7s
  step 200/391 | loss 0.5357 | acc 93.0% | 8s elapsed | eta 7s
  step 300/391 | loss 0.5365 | acc 93.0% | 13s elapsed | eta 4s
Ep 128 | loss 0.5508 | task 0.2246 | cons 0.3262 | train 93.0% | test 79.0% | 17s
  step 100/391 | loss 0.5605 | acc 92.8% | 2s elapsed | eta 6s
  step 200/391 | loss 0.5223 | acc 93.1% | 4s elapsed | eta 4s
  step 300/391 | loss 0.5403 | acc 92.9% | 7s elapsed | eta 2s
Ep 129 | loss 0.5293 | task 0.2236 | cons 0.3057 | train 93.0% | test 79.2% | 15s
  step 100/391 | loss 0.4755 | acc 93.8% | 4s elapsed | eta 11s
  step 200/391 | loss 0.4945 | acc 93.7% | 6s elapsed | eta 6s
  step 300/391 | loss 0.5009 | acc 93.6% | 8s elapsed | eta 2s
Ep 130 | loss 0.5261 | task 0.2219 | cons 0.3042 | train 93.3% | test 79.5% | 12s
    K=1: 76.9%
    K=2: 79.8%
    K=4: 79.5%
  step 100/391 | loss 0.5311 | acc 93.2% | 4s elapsed | eta 12s
  step 200/391 | loss 0.5472 | acc 93.1% | 6s elapsed | eta 6s
  step 300/391 | loss 0.5495 | acc 93.0% | 8s elapsed | eta 2s
Ep 131 | loss 0.5314 | task 0.2245 | cons 0.3069 | train 93.1% | test 78.8% | 11s
  step 100/391 | loss 0.4707 | acc 94.2% | 6s elapsed | eta 17s
  step 200/391 | loss 0.5424 | acc 93.5% | 11s elapsed | eta 11s
  step 300/391 | loss 0.5362 | acc 93.3% | 14s elapsed | eta 4s
Ep 132 | loss 0.5490 | task 0.2257 | cons 0.3233 | train 93.1% | test 79.2% | 17s
  step 100/391 | loss 0.5192 | acc 93.0% | 2s elapsed | eta 7s
  step 200/391 | loss 0.5438 | acc 93.0% | 4s elapsed | eta 4s
  step 300/391 | loss 0.5714 | acc 92.9% | 9s elapsed | eta 3s
Ep 133 | loss 0.5615 | task 0.2272 | cons 0.3343 | train 92.9% | test 79.4% | 17s
  step 100/391 | loss 0.4455 | acc 94.1% | 2s elapsed | eta 7s
  step 200/391 | loss 0.5136 | acc 93.6% | 5s elapsed | eta 4s
  step 300/391 | loss 0.5026 | acc 93.7% | 7s elapsed | eta 2s
Ep 134 | loss 0.5016 | task 0.2122 | cons 0.2893 | train 93.6% | test 78.8% | 10s
  step 100/391 | loss 0.4250 | acc 94.0% | 4s elapsed | eta 12s
  step 200/391 | loss 0.4474 | acc 94.0% | 10s elapsed | eta 9s
  step 300/391 | loss 0.4697 | acc 93.8% | 14s elapsed | eta 4s
Ep 135 | loss 0.4940 | task 0.1992 | cons 0.2948 | train 93.7% | test 79.7% | 17s
  step 100/391 | loss 0.5208 | acc 94.1% | 2s elapsed | eta 7s
  step 200/391 | loss 0.4942 | acc 94.1% | 4s elapsed | eta 4s
  step 300/391 | loss 0.5104 | acc 93.9% | 7s elapsed | eta 2s
Ep 136 | loss 0.5309 | task 0.2068 | cons 0.3241 | train 93.8% | test 79.4% | 15s
  step 100/391 | loss 0.5355 | acc 93.7% | 4s elapsed | eta 12s
  step 200/391 | loss 0.5512 | acc 93.4% | 6s elapsed | eta 6s
  step 300/391 | loss 0.5714 | acc 93.3% | 8s elapsed | eta 2s
Ep 137 | loss 0.5515 | task 0.2200 | cons 0.3316 | train 93.4% | test 78.6% | 11s
  step 100/391 | loss 0.5964 | acc 93.3% | 3s elapsed | eta 10s
  step 200/391 | loss 0.5697 | acc 93.2% | 8s elapsed | eta 8s
  step 300/391 | loss 0.5591 | acc 93.3% | 13s elapsed | eta 4s
Ep 138 | loss 0.5330 | task 0.2163 | cons 0.3168 | train 93.5% | test 78.4% | 18s
  step 100/391 | loss 0.5177 | acc 94.0% | 2s elapsed | eta 5s
  step 200/391 | loss 0.5097 | acc 93.8% | 3s elapsed | eta 3s
  step 300/391 | loss 0.5243 | acc 93.7% | 4s elapsed | eta 1s
Ep 139 | loss 0.5287 | task 0.2124 | cons 0.3163 | train 93.6% | test 79.6% | 7s
  step 100/391 | loss 0.6404 | acc 93.6% | 2s elapsed | eta 5s
  step 200/391 | loss 0.6034 | acc 93.3% | 3s elapsed | eta 3s
  step 300/391 | loss 0.5723 | acc 93.5% | 4s elapsed | eta 1s
Ep 140 | loss 0.5951 | task 0.2306 | cons 0.3646 | train 93.2% | test 79.1% | 7s
    K=1: 76.9%
    K=2: 80.2%
    K=4: 79.1%
  step 100/391 | loss 0.5633 | acc 93.4% | 2s elapsed | eta 5s
  step 200/391 | loss 0.5436 | acc 93.5% | 3s elapsed | eta 3s
  step 300/391 | loss 0.5697 | acc 93.5% | 4s elapsed | eta 1s
Ep 141 | loss 0.5909 | task 0.2181 | cons 0.3728 | train 93.4% | test 78.8% | 7s
  step 100/391 | loss 0.6179 | acc 94.0% | 2s elapsed | eta 5s
  step 200/391 | loss 0.6963 | acc 93.5% | 3s elapsed | eta 3s
  step 300/391 | loss 0.6758 | acc 93.7% | 4s elapsed | eta 1s
Ep 142 | loss 0.6381 | task 0.2143 | cons 0.4238 | train 93.7% | test 77.4% | 6s
  step 100/391 | loss 0.5269 | acc 93.9% | 1s elapsed | eta 4s
  step 200/391 | loss 0.5537 | acc 93.5% | 3s elapsed | eta 3s
  step 300/391 | loss 0.5635 | acc 93.4% | 4s elapsed | eta 1s
Ep 143 | loss 0.5463 | task 0.2166 | cons 0.3297 | train 93.4% | test 77.9% | 6s
  step 100/391 | loss 0.6427 | acc 93.4% | 1s elapsed | eta 4s
  step 200/391 | loss 0.6477 | acc 93.5% | 2s elapsed | eta 2s
  step 300/391 | loss 0.6660 | acc 93.3% | 4s elapsed | eta 1s
Ep 144 | loss 0.6625 | task 0.2235 | cons 0.4390 | train 93.2% | test 78.0% | 5s
  step 100/391 | loss 0.5535 | acc 94.1% | 1s elapsed | eta 4s
  step 200/391 | loss 0.5273 | acc 94.4% | 3s elapsed | eta 3s
  step 300/391 | loss 0.5432 | acc 94.2% | 4s elapsed | eta 1s
Ep 145 | loss 0.5487 | task 0.2020 | cons 0.3467 | train 94.1% | test 78.8% | 6s
  step 100/391 | loss 0.5881 | acc 94.2% | 1s elapsed | eta 4s
  step 200/391 | loss 0.6067 | acc 94.2% | 3s elapsed | eta 2s
  step 300/391 | loss 0.5561 | acc 94.2% | 4s elapsed | eta 1s
Ep 146 | loss 0.5505 | task 0.1977 | cons 0.3528 | train 94.2% | test 79.3% | 6s
  step 100/391 | loss 0.4515 | acc 94.8% | 2s elapsed | eta 4s
  step 200/391 | loss 0.5833 | acc 94.2% | 3s elapsed | eta 3s
  step 300/391 | loss 0.6267 | acc 94.0% | 4s elapsed | eta 1s
Ep 147 | loss 0.6086 | task 0.2058 | cons 0.4028 | train 94.0% | test 78.7% | 6s
  step 100/391 | loss 0.7177 | acc 93.2% | 1s elapsed | eta 4s
  step 200/391 | loss 0.6960 | acc 93.7% | 3s elapsed | eta 3s
  step 300/391 | loss 0.6698 | acc 93.7% | 4s elapsed | eta 1s
Ep 148 | loss 0.6380 | task 0.2089 | cons 0.4291 | train 93.8% | test 79.5% | 7s
  step 100/391 | loss 0.6776 | acc 93.6% | 2s elapsed | eta 7s
  step 200/391 | loss 0.5730 | acc 94.1% | 5s elapsed | eta 5s
  step 300/391 | loss 0.5351 | acc 94.4% | 7s elapsed | eta 2s
Ep 149 | loss 0.5579 | task 0.2028 | cons 0.3551 | train 94.2% | test 78.6% | 11s
  step 100/391 | loss 0.5413 | acc 94.4% | 4s elapsed | eta 13s
  step 200/391 | loss 0.5382 | acc 94.4% | 8s elapsed | eta 7s
  step 300/391 | loss 0.5738 | acc 94.3% | 11s elapsed | eta 3s
Ep 150 | loss 0.5746 | task 0.1943 | cons 0.3803 | train 94.2% | test 79.2% | 17s
    K=1: 76.1%
    K=2: 79.8%
    K=4: 79.2%
  step 100/391 | loss 0.4688 | acc 94.6% | 4s elapsed | eta 11s
  step 200/391 | loss 0.5576 | acc 94.2% | 6s elapsed | eta 6s
  step 300/391 | loss 0.5779 | acc 94.1% | 9s elapsed | eta 3s
Ep 151 | loss 0.5985 | task 0.2016 | cons 0.3969 | train 94.1% | test 78.8% | 13s
  step 100/391 | loss 0.6431 | acc 94.2% | 4s elapsed | eta 13s
  step 200/391 | loss 0.7587 | acc 93.5% | 9s elapsed | eta 9s
  step 300/391 | loss 0.7264 | acc 93.7% | 16s elapsed | eta 5s
Ep 152 | loss 0.7074 | task 0.2133 | cons 0.4941 | train 93.7% | test 78.7% | 20s
  step 100/391 | loss 0.6246 | acc 94.6% | 3s elapsed | eta 7s
  step 200/391 | loss 0.6434 | acc 94.5% | 5s elapsed | eta 5s
  step 300/391 | loss 0.6466 | acc 94.4% | 7s elapsed | eta 2s
Ep 153 | loss 0.6301 | task 0.1904 | cons 0.4397 | train 94.4% | test 79.0% | 12s
  step 100/391 | loss 0.5283 | acc 94.9% | 6s elapsed | eta 17s
  step 200/391 | loss 0.5888 | acc 94.3% | 11s elapsed | eta 10s
  step 300/391 | loss 0.5612 | acc 94.3% | 13s elapsed | eta 4s
Ep 154 | loss 0.5818 | task 0.1948 | cons 0.3870 | train 94.3% | test 79.1% | 16s
  step 100/391 | loss 0.5075 | acc 95.0% | 3s elapsed | eta 8s
  step 200/391 | loss 0.5593 | acc 94.4% | 5s elapsed | eta 5s
  step 300/391 | loss 0.5753 | acc 94.2% | 9s elapsed | eta 3s
Ep 155 | loss 0.5519 | task 0.1930 | cons 0.3589 | train 94.3% | test 79.1% | 17s
  step 100/391 | loss 0.4863 | acc 94.7% | 3s elapsed | eta 9s
  step 200/391 | loss 0.5191 | acc 94.8% | 5s elapsed | eta 5s
  step 300/391 | loss 0.5580 | acc 94.7% | 8s elapsed | eta 2s
Ep 156 | loss 0.6891 | task 0.1900 | cons 0.4992 | train 94.4% | test 77.8% | 11s
  step 100/391 | loss 1.1786 | acc 93.2% | 3s elapsed | eta 10s
  step 200/391 | loss 0.9485 | acc 93.2% | 9s elapsed | eta 9s
  step 300/391 | loss 0.8313 | acc 93.3% | 14s elapsed | eta 4s
Ep 157 | loss 0.7698 | task 0.2323 | cons 0.5374 | train 93.4% | test 79.2% | 17s
  step 100/391 | loss 0.5983 | acc 94.5% | 2s elapsed | eta 7s
  step 200/391 | loss 0.6519 | acc 94.3% | 4s elapsed | eta 4s
  step 300/391 | loss 0.6646 | acc 94.3% | 7s elapsed | eta 2s
Ep 158 | loss 0.6595 | task 0.1964 | cons 0.4630 | train 94.2% | test 79.0% | 14s
  step 100/391 | loss 0.5548 | acc 94.5% | 5s elapsed | eta 15s
  step 200/391 | loss 0.5663 | acc 94.6% | 7s elapsed | eta 7s
  step 300/391 | loss 0.5971 | acc 94.5% | 9s elapsed | eta 3s
Ep 159 | loss 0.5820 | task 0.1872 | cons 0.3948 | train 94.6% | test 78.4% | 12s
  step 100/391 | loss 0.4669 | acc 95.4% | 2s elapsed | eta 7s
  step 200/391 | loss 0.5375 | acc 95.0% | 7s elapsed | eta 7s
  step 300/391 | loss 0.5330 | acc 94.8% | 13s elapsed | eta 4s
Ep 160 | loss 0.5365 | task 0.1754 | cons 0.3611 | train 94.7% | test 79.3% | 17s
    K=1: 76.5%
    K=2: 79.6%
    K=4: 79.3%
  step 100/391 | loss 0.4653 | acc 95.2% | 2s elapsed | eta 7s
  step 200/391 | loss 0.6401 | acc 94.8% | 5s elapsed | eta 4s
  step 300/391 | loss 0.8141 | acc 94.2% | 11s elapsed | eta 3s
Ep 161 | loss 0.8176 | task 0.2131 | cons 0.6045 | train 94.2% | test 78.8% | 17s
  step 100/391 | loss 0.6514 | acc 94.9% | 2s elapsed | eta 7s
  step 200/391 | loss 0.6376 | acc 94.7% | 4s elapsed | eta 4s
  step 300/391 | loss 0.6472 | acc 94.4% | 6s elapsed | eta 2s
Ep 162 | loss 0.6336 | task 0.1953 | cons 0.4383 | train 94.4% | test 78.7% | 12s
  step 100/391 | loss 0.4869 | acc 95.2% | 6s elapsed | eta 16s
  step 200/391 | loss 0.5637 | acc 94.7% | 9s elapsed | eta 9s
  step 300/391 | loss 0.5426 | acc 94.7% | 11s elapsed | eta 3s
Ep 163 | loss 0.5307 | task 0.1824 | cons 0.3483 | train 94.8% | test 78.3% | 14s
  step 100/391 | loss 0.7071 | acc 94.4% | 3s elapsed | eta 7s
  step 200/391 | loss 0.8102 | acc 94.2% | 8s elapsed | eta 8s
  step 300/391 | loss 0.8038 | acc 94.3% | 14s elapsed | eta 4s
Ep 164 | loss 0.8202 | task 0.2058 | cons 0.6144 | train 94.2% | test 79.3% | 17s
  step 100/391 | loss 0.6105 | acc 95.0% | 2s elapsed | eta 7s
  step 200/391 | loss 0.6381 | acc 94.6% | 4s elapsed | eta 4s
  step 300/391 | loss 0.5782 | acc 94.9% | 7s elapsed | eta 2s
Ep 165 | loss 0.6032 | task 0.1782 | cons 0.4250 | train 94.8% | test 78.9% | 13s
  step 100/391 | loss 0.6662 | acc 95.0% | 6s elapsed | eta 17s
  step 200/391 | loss 0.6977 | acc 95.0% | 8s elapsed | eta 8s
  step 300/391 | loss 0.7172 | acc 94.9% | 10s elapsed | eta 3s
Ep 166 | loss 0.7368 | task 0.1842 | cons 0.5527 | train 94.7% | test 79.1% | 13s
  step 100/391 | loss 0.6274 | acc 95.5% | 3s elapsed | eta 7s
  step 200/391 | loss 0.7248 | acc 94.9% | 5s elapsed | eta 4s
  step 300/391 | loss 0.7052 | acc 94.8% | 10s elapsed | eta 3s
Ep 167 | loss 0.6736 | task 0.1761 | cons 0.4976 | train 94.8% | test 79.6% | 17s
  step 100/391 | loss 0.6103 | acc 95.0% | 2s elapsed | eta 7s
  step 200/391 | loss 0.6084 | acc 94.9% | 4s elapsed | eta 4s
  step 300/391 | loss 0.6491 | acc 94.6% | 7s elapsed | eta 2s
Ep 168 | loss 0.6467 | task 0.1835 | cons 0.4633 | train 94.6% | test 79.2% | 15s
  step 100/391 | loss 0.5020 | acc 95.3% | 4s elapsed | eta 12s
  step 200/391 | loss 0.5155 | acc 95.4% | 6s elapsed | eta 6s
  step 300/391 | loss 0.5145 | acc 95.3% | 8s elapsed | eta 2s
Ep 169 | loss 0.5318 | task 0.1612 | cons 0.3706 | train 95.2% | test 79.4% | 11s
  step 100/391 | loss 0.4234 | acc 95.6% | 6s elapsed | eta 16s
  step 200/391 | loss 0.4992 | acc 95.3% | 12s elapsed | eta 11s
  step 300/391 | loss 0.5345 | acc 95.0% | 14s elapsed | eta 4s
Ep 170 | loss 0.5214 | task 0.1671 | cons 0.3543 | train 95.1% | test 78.9% | 17s
    K=1: 76.4%
    K=2: 79.6%
    K=4: 78.9%
  step 100/391 | loss 0.5901 | acc 94.9% | 3s elapsed | eta 9s
  step 200/391 | loss 0.5719 | acc 95.0% | 6s elapsed | eta 6s
  step 300/391 | loss 0.5652 | acc 95.1% | 12s elapsed | eta 4s
Ep 171 | loss 0.5637 | task 0.1665 | cons 0.3972 | train 95.1% | test 79.3% | 17s
  step 100/391 | loss 0.5138 | acc 95.8% | 3s elapsed | eta 8s
  step 200/391 | loss 0.6874 | acc 95.3% | 5s elapsed | eta 5s
  step 300/391 | loss 0.7255 | acc 95.1% | 7s elapsed | eta 2s
Ep 172 | loss 0.7836 | task 0.1766 | cons 0.6069 | train 94.9% | test 79.2% | 11s
  step 100/391 | loss 0.6370 | acc 95.2% | 6s elapsed | eta 18s
  step 200/391 | loss 0.6557 | acc 94.8% | 11s elapsed | eta 11s
  step 300/391 | loss 0.6513 | acc 94.6% | 13s elapsed | eta 4s
Ep 173 | loss 0.6375 | task 0.1805 | cons 0.4570 | train 94.7% | test 78.6% | 16s
  step 100/391 | loss 0.9225 | acc 92.5% | 3s elapsed | eta 8s
  step 200/391 | loss 0.9254 | acc 93.1% | 6s elapsed | eta 6s
  step 300/391 | loss 0.8406 | acc 93.6% | 10s elapsed | eta 3s
Ep 174 | loss 0.7913 | task 0.2063 | cons 0.5849 | train 93.8% | test 79.0% | 17s
  step 100/391 | loss 0.6205 | acc 94.8% | 2s elapsed | eta 7s
  step 200/391 | loss 0.6176 | acc 95.0% | 5s elapsed | eta 4s
  step 300/391 | loss 0.6410 | acc 94.9% | 7s elapsed | eta 2s
Ep 175 | loss 0.6236 | task 0.1683 | cons 0.4553 | train 95.0% | test 79.4% | 11s
  step 100/391 | loss 0.4775 | acc 95.7% | 5s elapsed | eta 15s
  step 200/391 | loss 0.4741 | acc 95.7% | 10s elapsed | eta 10s
  step 300/391 | loss 0.4838 | acc 95.6% | 13s elapsed | eta 4s
Ep 176 | loss 0.5239 | task 0.1573 | cons 0.3666 | train 95.5% | test 80.0% | 15s
  step 100/391 | loss 0.6689 | acc 95.3% | 4s elapsed | eta 13s
  step 200/391 | loss 0.6261 | acc 95.4% | 8s elapsed | eta 8s
  step 300/391 | loss 0.6355 | acc 95.4% | 10s elapsed | eta 3s
Ep 177 | loss 0.6710 | task 0.1698 | cons 0.5012 | train 95.3% | test 78.6% | 12s
  step 100/391 | loss 0.7307 | acc 95.4% | 2s elapsed | eta 5s
  step 200/391 | loss 0.7539 | acc 95.1% | 3s elapsed | eta 3s
  step 300/391 | loss 0.7040 | acc 95.2% | 4s elapsed | eta 1s
Ep 178 | loss 0.6699 | task 0.1738 | cons 0.4961 | train 95.3% | test 79.5% | 6s
  step 100/391 | loss 0.5918 | acc 95.6% | 2s elapsed | eta 5s
  step 200/391 | loss 0.6666 | acc 95.5% | 3s elapsed | eta 3s
  step 300/391 | loss 0.7725 | acc 95.3% | 4s elapsed | eta 1s
Ep 179 | loss 0.9343 | task 0.1904 | cons 0.7439 | train 94.9% | test 78.5% | 7s
  step 100/391 | loss 0.8580 | acc 94.2% | 2s elapsed | eta 5s
  step 200/391 | loss 0.7991 | acc 93.5% | 3s elapsed | eta 3s
  step 300/391 | loss 0.6840 | acc 94.0% | 5s elapsed | eta 1s
Ep 180 | loss 0.6620 | task 0.2148 | cons 0.4472 | train 94.1% | test 78.8% | 7s
    K=1: 75.5%
    K=2: 78.9%
    K=4: 78.8%
  step 100/391 | loss 0.6099 | acc 94.9% | 1s elapsed | eta 4s
  step 200/391 | loss 0.6234 | acc 94.9% | 3s elapsed | eta 3s
  step 300/391 | loss 0.6102 | acc 95.0% | 4s elapsed | eta 1s
Ep 181 | loss 0.6350 | task 0.1837 | cons 0.4513 | train 95.0% | test 78.8% | 6s
  step 100/391 | loss 0.7314 | acc 95.1% | 1s elapsed | eta 4s
  step 200/391 | loss 0.7712 | acc 94.9% | 3s elapsed | eta 3s
  step 300/391 | loss 0.7803 | acc 94.9% | 4s elapsed | eta 1s
Ep 182 | loss 0.7568 | task 0.1767 | cons 0.5801 | train 94.9% | test 76.3% | 6s
  step 100/391 | loss 0.6911 | acc 95.0% | 1s elapsed | eta 4s
  step 200/391 | loss 0.6767 | acc 95.2% | 3s elapsed | eta 3s
  step 300/391 | loss 0.6976 | acc 95.1% | 4s elapsed | eta 1s
Ep 183 | loss 0.6818 | task 0.1668 | cons 0.5150 | train 95.2% | test 79.4% | 6s
  step 100/391 | loss 0.5541 | acc 96.0% | 1s elapsed | eta 4s
  step 200/391 | loss 0.6145 | acc 95.6% | 3s elapsed | eta 3s
  step 300/391 | loss 0.6091 | acc 95.7% | 4s elapsed | eta 1s
Ep 184 | loss 0.5833 | task 0.1513 | cons 0.4320 | train 95.7% | test 78.4% | 6s
  step 100/391 | loss 0.6547 | acc 95.8% | 1s elapsed | eta 4s
  step 200/391 | loss 0.6065 | acc 95.9% | 3s elapsed | eta 3s
  step 300/391 | loss 0.6222 | acc 95.8% | 4s elapsed | eta 1s
Ep 185 | loss 0.6225 | task 0.1499 | cons 0.4726 | train 95.8% | test 79.2% | 6s
  step 100/391 | loss 0.7136 | acc 95.9% | 1s elapsed | eta 4s
  step 200/391 | loss 0.7046 | acc 95.7% | 3s elapsed | eta 3s
  step 300/391 | loss 0.6684 | acc 95.8% | 6s elapsed | eta 2s
Ep 186 | loss 0.6877 | task 0.1578 | cons 0.5299 | train 95.6% | test 78.8% | 10s
  step 100/391 | loss 0.5570 | acc 95.8% | 3s elapsed | eta 10s
  step 200/391 | loss 0.6108 | acc 95.6% | 7s elapsed | eta 6s
  step 300/391 | loss 0.5885 | acc 95.7% | 10s elapsed | eta 3s
Ep 187 | loss 0.6027 | task 0.1496 | cons 0.4531 | train 95.7% | test 79.6% | 16s
  step 100/391 | loss 0.6177 | acc 95.8% | 3s elapsed | eta 10s
  step 200/391 | loss 0.5433 | acc 96.0% | 7s elapsed | eta 6s
  step 300/391 | loss 0.5602 | acc 96.0% | 12s elapsed | eta 4s
Ep 188 | loss 0.5682 | task 0.1419 | cons 0.4263 | train 96.0% | test 79.8% | 20s
  step 100/391 | loss 0.6148 | acc 96.0% | 3s elapsed | eta 9s
  step 200/391 | loss 0.5693 | acc 96.2% | 6s elapsed | eta 6s
  step 300/391 | loss 0.5585 | acc 96.1% | 9s elapsed | eta 3s
Ep 189 | loss 0.5531 | task 0.1373 | cons 0.4158 | train 96.2% | test 79.7% | 14s
  step 100/391 | loss 0.4926 | acc 96.5% | 8s elapsed | eta 24s
  step 200/391 | loss 0.5609 | acc 96.2% | 13s elapsed | eta 12s
  step 300/391 | loss 0.5773 | acc 96.1% | 15s elapsed | eta 5s
Ep 190 | loss 0.5854 | task 0.1395 | cons 0.4460 | train 96.1% | test 80.1% | 19s
    K=1: 77.5%
    K=2: 80.1%
    K=4: 80.1%
  step 100/391 | loss 0.4741 | acc 96.4% | 3s elapsed | eta 8s
  step 200/391 | loss 0.5239 | acc 96.4% | 5s elapsed | eta 5s
  step 300/391 | loss 0.5641 | acc 96.2% | 11s elapsed | eta 3s
Ep 191 | loss 0.5912 | task 0.1360 | cons 0.4552 | train 96.2% | test 79.4% | 18s
  step 100/391 | loss 0.5627 | acc 96.2% | 3s elapsed | eta 8s
  step 200/391 | loss 0.4894 | acc 96.4% | 5s elapsed | eta 5s
  step 300/391 | loss 0.4945 | acc 96.3% | 7s elapsed | eta 2s
Ep 192 | loss 0.4889 | task 0.1339 | cons 0.3550 | train 96.3% | test 78.5% | 11s
  step 100/391 | loss 0.5661 | acc 96.0% | 6s elapsed | eta 17s
  step 200/391 | loss 0.5563 | acc 96.0% | 11s elapsed | eta 11s
  step 300/391 | loss 0.5131 | acc 96.2% | 14s elapsed | eta 4s
Ep 193 | loss 0.4885 | task 0.1323 | cons 0.3562 | train 96.3% | test 79.5% | 18s
  step 100/391 | loss 0.5798 | acc 95.9% | 3s elapsed | eta 8s
  step 200/391 | loss 0.5307 | acc 96.2% | 5s elapsed | eta 5s
  step 300/391 | loss 0.5096 | acc 96.3% | 8s elapsed | eta 2s
Ep 194 | loss 0.4903 | task 0.1258 | cons 0.3645 | train 96.3% | test 79.4% | 15s
  step 100/391 | loss 0.4552 | acc 96.7% | 5s elapsed | eta 16s
  step 200/391 | loss 0.4487 | acc 96.8% | 8s elapsed | eta 7s
  step 300/391 | loss 0.4887 | acc 96.7% | 10s elapsed | eta 3s
Ep 195 | loss 0.4735 | task 0.1173 | cons 0.3563 | train 96.6% | test 79.1% | 13s
  step 100/391 | loss 0.5453 | acc 96.6% | 3s elapsed | eta 9s
  step 200/391 | loss 0.4630 | acc 96.7% | 7s elapsed | eta 7s
  step 300/391 | loss 0.4640 | acc 96.7% | 13s elapsed | eta 4s
Ep 196 | loss 0.4735 | task 0.1182 | cons 0.3553 | train 96.6% | test 79.5% | 17s
  step 100/391 | loss 0.4186 | acc 97.1% | 2s elapsed | eta 6s
  step 200/391 | loss 0.4380 | acc 97.0% | 4s elapsed | eta 4s
  step 300/391 | loss 0.4452 | acc 96.9% | 9s elapsed | eta 3s
Ep 197 | loss 0.4528 | task 0.1107 | cons 0.3422 | train 96.8% | test 79.4% | 16s
  step 100/391 | loss 0.4544 | acc 97.1% | 2s elapsed | eta 7s
  step 200/391 | loss 0.4680 | acc 97.0% | 5s elapsed | eta 4s
  step 300/391 | loss 0.4615 | acc 96.9% | 7s elapsed | eta 2s
Ep 198 | loss 0.4709 | task 0.1083 | cons 0.3626 | train 96.9% | test 79.8% | 10s
  step 100/391 | loss 0.5484 | acc 96.7% | 4s elapsed | eta 12s
  step 200/391 | loss 0.5190 | acc 96.8% | 10s elapsed | eta 9s
  step 300/391 | loss 0.5430 | acc 96.6% | 13s elapsed | eta 4s
Ep 199 | loss 0.5049 | task 0.1135 | cons 0.3914 | train 96.7% | test 79.6% | 16s
  step 100/391 | loss 0.4522 | acc 96.8% | 2s elapsed | eta 7s
  step 200/391 | loss 0.4289 | acc 96.9% | 4s elapsed | eta 4s
  step 300/391 | loss 0.4253 | acc 97.0% | 8s elapsed | eta 2s
Ep 200 | loss 0.4380 | task 0.1074 | cons 0.3306 | train 96.9% | test 79.5% | 15s
    K=1: 77.4%
    K=2: 79.7%
    K=4: 79.5%
  step 100/391 | loss 0.3997 | acc 97.2% | 2s elapsed | eta 7s
  step 200/391 | loss 0.3943 | acc 97.3% | 4s elapsed | eta 4s
  step 300/391 | loss 0.4138 | acc 97.2% | 6s elapsed | eta 2s
Ep 201 | loss 0.4196 | task 0.0995 | cons 0.3200 | train 97.1% | test 80.2% | 10s
  step 100/391 | loss 0.4326 | acc 97.2% | 4s elapsed | eta 13s
  step 200/391 | loss 0.4871 | acc 96.9% | 10s elapsed | eta 10s
  step 300/391 | loss 0.5088 | acc 96.8% | 13s elapsed | eta 4s
Ep 202 | loss 0.4764 | task 0.1016 | cons 0.3748 | train 97.0% | test 79.2% | 16s
  step 100/391 | loss 0.4069 | acc 97.2% | 2s elapsed | eta 6s
  step 200/391 | loss 0.3915 | acc 97.3% | 5s elapsed | eta 5s
  step 300/391 | loss 0.4487 | acc 97.1% | 9s elapsed | eta 3s
Ep 203 | loss 0.4573 | task 0.0989 | cons 0.3584 | train 97.1% | test 79.3% | 16s
  step 100/391 | loss 0.4616 | acc 97.1% | 2s elapsed | eta 6s
  step 200/391 | loss 0.4530 | acc 97.2% | 4s elapsed | eta 4s
  step 300/391 | loss 0.4892 | acc 97.1% | 6s elapsed | eta 2s
Ep 204 | loss 0.5090 | task 0.1041 | cons 0.4049 | train 97.0% | test 79.5% | 11s
  step 100/391 | loss 0.4956 | acc 97.3% | 6s elapsed | eta 16s
  step 200/391 | loss 0.5544 | acc 97.1% | 10s elapsed | eta 9s
  step 300/391 | loss 0.5957 | acc 96.8% | 12s elapsed | eta 4s
Ep 205 | loss 0.6014 | task 0.1192 | cons 0.4822 | train 96.7% | test 79.2% | 15s
  step 100/391 | loss 0.5807 | acc 96.8% | 3s elapsed | eta 9s
  step 200/391 | loss 0.5738 | acc 96.8% | 8s elapsed | eta 8s
  step 300/391 | loss 0.6530 | acc 96.6% | 14s elapsed | eta 4s
Ep 206 | loss 0.6228 | task 0.1234 | cons 0.4994 | train 96.6% | test 79.6% | 17s
  step 100/391 | loss 0.5579 | acc 97.1% | 2s elapsed | eta 6s
  step 200/391 | loss 0.5275 | acc 97.1% | 5s elapsed | eta 5s
  step 300/391 | loss 0.5825 | acc 96.9% | 10s elapsed | eta 3s
Ep 207 | loss 0.5792 | task 0.1129 | cons 0.4663 | train 96.9% | test 78.7% | 17s
  step 100/391 | loss 0.7021 | acc 96.3% | 2s elapsed | eta 7s
  step 200/391 | loss 0.6864 | acc 96.3% | 5s elapsed | eta 4s
  step 300/391 | loss 0.6802 | acc 96.4% | 7s elapsed | eta 2s
Ep 208 | loss 0.6557 | task 0.1338 | cons 0.5219 | train 96.4% | test 78.6% | 10s
  step 100/391 | loss 0.7738 | acc 96.4% | 3s elapsed | eta 10s
  step 200/391 | loss 0.6233 | acc 96.8% | 8s elapsed | eta 8s
  step 300/391 | loss 0.6285 | acc 96.8% | 13s elapsed | eta 4s
Ep 209 | loss 0.6023 | task 0.1154 | cons 0.4870 | train 96.8% | test 80.1% | 16s
  step 100/391 | loss 0.4269 | acc 97.4% | 2s elapsed | eta 7s
  step 200/391 | loss 0.4805 | acc 97.2% | 6s elapsed | eta 5s
  step 300/391 | loss 0.4853 | acc 97.2% | 9s elapsed | eta 3s
Ep 210 | loss 0.5046 | task 0.1010 | cons 0.4037 | train 97.2% | test 79.7% | 17s
    K=1: 77.4%
    K=2: 79.6%
    K=4: 79.7%
  step 100/391 | loss 0.5339 | acc 97.1% | 2s elapsed | eta 7s
  step 200/391 | loss 0.5343 | acc 97.2% | 4s elapsed | eta 4s
  step 300/391 | loss 0.5730 | acc 97.2% | 7s elapsed | eta 2s
Ep 211 | loss 0.5996 | task 0.1057 | cons 0.4940 | train 97.1% | test 80.2% | 11s
  step 100/391 | loss 0.5323 | acc 97.3% | 6s elapsed | eta 16s
  step 200/391 | loss 0.5883 | acc 97.3% | 10s elapsed | eta 9s
  step 300/391 | loss 0.6079 | acc 97.1% | 12s elapsed | eta 4s
Ep 212 | loss 0.5971 | task 0.1011 | cons 0.4960 | train 97.2% | test 79.7% | 16s
  step 100/391 | loss 0.5694 | acc 97.0% | 3s elapsed | eta 8s
  step 200/391 | loss 0.4839 | acc 97.1% | 7s elapsed | eta 6s
  step 300/391 | loss 0.4865 | acc 96.6% | 11s elapsed | eta 3s
Ep 213 | loss 0.4752 | task 0.1180 | cons 0.3572 | train 96.7% | test 79.6% | 15s
  step 100/391 | loss 0.3930 | acc 97.1% | 2s elapsed | eta 6s
  step 200/391 | loss 0.4500 | acc 97.1% | 3s elapsed | eta 3s
  step 300/391 | loss 0.4409 | acc 97.1% | 5s elapsed | eta 1s
Ep 214 | loss 0.4673 | task 0.1000 | cons 0.3673 | train 97.1% | test 79.9% | 7s
  step 100/391 | loss 0.4551 | acc 97.6% | 2s elapsed | eta 5s
  step 200/391 | loss 0.4433 | acc 97.6% | 3s elapsed | eta 3s
  step 300/391 | loss 0.4745 | acc 97.6% | 4s elapsed | eta 1s
Ep 215 | loss 0.4585 | task 0.0905 | cons 0.3680 | train 97.6% | test 80.1% | 6s
  step 100/391 | loss 0.5316 | acc 97.2% | 2s elapsed | eta 5s
  step 200/391 | loss 0.5428 | acc 97.2% | 3s elapsed | eta 3s
  step 300/391 | loss 0.5049 | acc 97.4% | 4s elapsed | eta 1s
Ep 216 | loss 0.4925 | task 0.0965 | cons 0.3961 | train 97.4% | test 79.9% | 7s
  step 100/391 | loss 0.5022 | acc 97.8% | 2s elapsed | eta 5s
  step 200/391 | loss 0.5052 | acc 97.7% | 3s elapsed | eta 3s
  step 300/391 | loss 0.4918 | acc 97.7% | 4s elapsed | eta 1s
Ep 217 | loss 0.5157 | task 0.0855 | cons 0.4302 | train 97.6% | test 79.9% | 7s
  step 100/391 | loss 0.4923 | acc 97.6% | 2s elapsed | eta 5s
  step 200/391 | loss 0.5301 | acc 97.6% | 3s elapsed | eta 3s
  step 300/391 | loss 0.5483 | acc 97.5% | 4s elapsed | eta 1s
Ep 218 | loss 0.5551 | task 0.0914 | cons 0.4637 | train 97.5% | test 79.5% | 6s
  step 100/391 | loss 0.7692 | acc 96.9% | 1s elapsed | eta 4s
  step 200/391 | loss 0.5863 | acc 97.5% | 3s elapsed | eta 2s
  step 300/391 | loss 0.6273 | acc 97.4% | 4s elapsed | eta 1s
Ep 219 | loss 0.6428 | task 0.0948 | cons 0.5480 | train 97.4% | test 80.0% | 6s
  step 100/391 | loss 0.5973 | acc 97.6% | 1s elapsed | eta 4s
  step 200/391 | loss 0.5759 | acc 97.6% | 3s elapsed | eta 3s
  step 300/391 | loss 0.5316 | acc 97.8% | 4s elapsed | eta 1s
Ep 220 | loss 0.5475 | task 0.0842 | cons 0.4633 | train 97.7% | test 80.2% | 6s
    K=1: 77.6%
    K=2: 80.1%
    K=4: 80.2%
  step 100/391 | loss 0.6363 | acc 97.6% | 1s elapsed | eta 4s
  step 200/391 | loss 0.6599 | acc 97.5% | 2s elapsed | eta 2s
  step 300/391 | loss 0.6668 | acc 97.5% | 4s elapsed | eta 1s
Ep 221 | loss 0.6962 | task 0.0916 | cons 0.6046 | train 97.4% | test 79.8% | 5s
  step 100/391 | loss 0.5721 | acc 97.7% | 1s elapsed | eta 4s
  step 200/391 | loss 0.6289 | acc 97.5% | 3s elapsed | eta 3s
  step 300/391 | loss 0.6362 | acc 97.6% | 4s elapsed | eta 1s
Ep 222 | loss 0.6395 | task 0.0901 | cons 0.5494 | train 97.5% | test 80.3% | 6s
  step 100/391 | loss 0.5943 | acc 97.4% | 2s elapsed | eta 5s
  step 200/391 | loss 0.6739 | acc 97.4% | 3s elapsed | eta 3s
  step 300/391 | loss 0.6774 | acc 97.4% | 6s elapsed | eta 2s
Ep 223 | loss 0.6415 | task 0.0914 | cons 0.5501 | train 97.5% | test 79.9% | 9s
  step 100/391 | loss 0.6001 | acc 97.9% | 3s elapsed | eta 10s
  step 200/391 | loss 0.6167 | acc 97.7% | 7s elapsed | eta 6s
  step 300/391 | loss 0.6003 | acc 97.8% | 10s elapsed | eta 3s
Ep 224 | loss 0.5964 | task 0.0841 | cons 0.5123 | train 97.8% | test 79.8% | 16s
  step 100/391 | loss 0.5143 | acc 98.0% | 3s elapsed | eta 10s
  step 200/391 | loss 0.4984 | acc 97.9% | 7s elapsed | eta 6s
  step 300/391 | loss 0.5584 | acc 97.7% | 12s elapsed | eta 4s
Ep 225 | loss 0.5784 | task 0.0853 | cons 0.4931 | train 97.7% | test 80.0% | 19s
  step 100/391 | loss 0.6696 | acc 97.5% | 3s elapsed | eta 8s
  step 200/391 | loss 0.5887 | acc 97.7% | 6s elapsed | eta 6s
  step 300/391 | loss 0.5639 | acc 97.8% | 11s elapsed | eta 3s
Ep 226 | loss 0.5493 | task 0.0847 | cons 0.4646 | train 97.8% | test 80.3% | 17s
  step 100/391 | loss 0.7106 | acc 97.4% | 5s elapsed | eta 15s
  step 200/391 | loss 0.6586 | acc 97.6% | 11s elapsed | eta 11s
  step 300/391 | loss 0.5629 | acc 97.8% | 15s elapsed | eta 5s
Ep 227 | loss 0.5414 | task 0.0809 | cons 0.4605 | train 97.8% | test 80.1% | 19s
  step 100/391 | loss 0.4953 | acc 98.0% | 2s elapsed | eta 7s
  step 200/391 | loss 0.5159 | acc 97.8% | 5s elapsed | eta 5s
  step 300/391 | loss 0.4872 | acc 97.9% | 7s elapsed | eta 2s
Ep 228 | loss 0.4879 | task 0.0797 | cons 0.4082 | train 97.8% | test 80.3% | 14s
  step 100/391 | loss 0.4683 | acc 97.9% | 5s elapsed | eta 16s
  step 200/391 | loss 0.4257 | acc 98.0% | 8s elapsed | eta 8s
  step 300/391 | loss 0.4326 | acc 97.9% | 10s elapsed | eta 3s
Ep 229 | loss 0.4351 | task 0.0789 | cons 0.3563 | train 97.9% | test 80.4% | 13s
  step 100/391 | loss 0.3303 | acc 98.3% | 3s elapsed | eta 8s
  step 200/391 | loss 0.3957 | acc 98.1% | 8s elapsed | eta 8s
  step 300/391 | loss 0.4329 | acc 97.9% | 14s elapsed | eta 4s
Ep 230 | loss 0.4340 | task 0.0746 | cons 0.3594 | train 97.9% | test 80.1% | 19s
    K=1: 78.2%
    K=2: 80.0%
    K=4: 80.1%
  step 100/391 | loss 0.4002 | acc 98.2% | 2s elapsed | eta 6s
  step 200/391 | loss 0.4013 | acc 98.1% | 4s elapsed | eta 4s
  step 300/391 | loss 0.4285 | acc 98.0% | 7s elapsed | eta 2s
Ep 231 | loss 0.4471 | task 0.0751 | cons 0.3720 | train 97.9% | test 79.8% | 12s
  step 100/391 | loss 0.5001 | acc 97.7% | 6s elapsed | eta 17s
  step 200/391 | loss 0.4760 | acc 97.9% | 9s elapsed | eta 9s
  step 300/391 | loss 0.4568 | acc 98.0% | 11s elapsed | eta 3s
Ep 232 | loss 0.4623 | task 0.0738 | cons 0.3885 | train 98.0% | test 80.5% | 14s
  step 100/391 | loss 0.5149 | acc 98.1% | 3s elapsed | eta 7s
  step 200/391 | loss 0.4941 | acc 98.1% | 5s elapsed | eta 4s
  step 300/391 | loss 0.4943 | acc 98.0% | 9s elapsed | eta 3s
Ep 233 | loss 0.4959 | task 0.0690 | cons 0.4269 | train 98.1% | test 80.2% | 16s
  step 100/391 | loss 0.7382 | acc 97.4% | 3s elapsed | eta 8s
  step 200/391 | loss 0.6283 | acc 97.8% | 5s elapsed | eta 5s
  step 300/391 | loss 0.6175 | acc 97.9% | 7s elapsed | eta 2s
Ep 234 | loss 0.6250 | task 0.0785 | cons 0.5465 | train 97.8% | test 80.1% | 13s
  step 100/391 | loss 0.4700 | acc 98.2% | 5s elapsed | eta 16s
  step 200/391 | loss 0.4727 | acc 98.2% | 9s elapsed | eta 8s
  step 300/391 | loss 0.5454 | acc 97.9% | 11s elapsed | eta 3s
Ep 235 | loss 0.5532 | task 0.0785 | cons 0.4747 | train 97.9% | test 79.8% | 14s
  step 100/391 | loss 0.5199 | acc 98.1% | 3s elapsed | eta 8s
  step 200/391 | loss 0.5075 | acc 98.2% | 7s elapsed | eta 6s
  step 300/391 | loss 0.5542 | acc 98.1% | 12s elapsed | eta 4s
Ep 236 | loss 0.5157 | task 0.0706 | cons 0.4451 | train 98.2% | test 80.0% | 18s
  step 100/391 | loss 0.5186 | acc 98.0% | 2s elapsed | eta 7s
  step 200/391 | loss 0.5759 | acc 97.8% | 4s elapsed | eta 4s
  step 300/391 | loss 0.5453 | acc 97.9% | 6s elapsed | eta 2s
Ep 237 | loss 0.5442 | task 0.0763 | cons 0.4679 | train 98.0% | test 80.4% | 11s
  step 100/391 | loss 0.3924 | acc 98.5% | 6s elapsed | eta 16s
  step 200/391 | loss 0.4189 | acc 98.3% | 10s elapsed | eta 10s
  step 300/391 | loss 0.4642 | acc 98.2% | 12s elapsed | eta 4s
Ep 238 | loss 0.4105 | task 0.0603 | cons 0.3502 | train 98.3% | test 79.7% | 15s
  step 100/391 | loss 0.4104 | acc 98.0% | 3s elapsed | eta 10s
  step 200/391 | loss 0.3795 | acc 98.0% | 9s elapsed | eta 9s
  step 300/391 | loss 0.3828 | acc 98.0% | 14s elapsed | eta 4s
Ep 239 | loss 0.4002 | task 0.0764 | cons 0.3238 | train 97.9% | test 79.5% | 17s
  step 100/391 | loss 0.4521 | acc 97.8% | 3s elapsed | eta 8s
  step 200/391 | loss 0.4030 | acc 98.0% | 5s elapsed | eta 5s
  step 300/391 | loss 0.4137 | acc 98.0% | 7s elapsed | eta 2s
Ep 240 | loss 0.3856 | task 0.0659 | cons 0.3198 | train 98.2% | test 79.7% | 15s
    K=1: 77.7%
    K=2: 79.6%
    K=4: 79.7%
  step 100/391 | loss 0.3927 | acc 98.4% | 2s elapsed | eta 7s
  step 200/391 | loss 0.4776 | acc 98.1% | 4s elapsed | eta 4s
  step 300/391 | loss 0.4905 | acc 98.1% | 7s elapsed | eta 2s
Ep 241 | loss 0.4983 | task 0.0642 | cons 0.4341 | train 98.2% | test 80.2% | 10s
  step 100/391 | loss 0.5051 | acc 98.4% | 5s elapsed | eta 14s
  step 200/391 | loss 0.4550 | acc 98.4% | 11s elapsed | eta 10s
  step 300/391 | loss 0.4596 | acc 98.4% | 14s elapsed | eta 4s
Ep 242 | loss 0.4687 | task 0.0628 | cons 0.4059 | train 98.4% | test 80.1% | 17s
  step 100/391 | loss 0.5756 | acc 98.1% | 2s elapsed | eta 7s
  step 200/391 | loss 0.6238 | acc 98.0% | 4s elapsed | eta 4s
  step 300/391 | loss 0.6215 | acc 98.0% | 8s elapsed | eta 2s
Ep 243 | loss 0.6255 | task 0.0724 | cons 0.5532 | train 98.0% | test 79.8% | 16s
  step 100/391 | loss 0.6511 | acc 97.8% | 3s elapsed | eta 9s
  step 200/391 | loss 0.6362 | acc 98.0% | 5s elapsed | eta 5s
  step 300/391 | loss 0.6176 | acc 98.0% | 7s elapsed | eta 2s
Ep 244 | loss 0.5788 | task 0.0716 | cons 0.5071 | train 98.1% | test 79.7% | 13s
  step 100/391 | loss 0.5014 | acc 98.2% | 6s elapsed | eta 16s
  step 200/391 | loss 0.5481 | acc 98.2% | 9s elapsed | eta 9s
  step 300/391 | loss 0.5160 | acc 98.2% | 11s elapsed | eta 3s
Ep 245 | loss 0.4709 | task 0.0644 | cons 0.4065 | train 98.3% | test 80.0% | 15s
  step 100/391 | loss 0.7621 | acc 97.6% | 6s elapsed | eta 17s
  step 200/391 | loss 0.7270 | acc 97.7% | 11s elapsed | eta 11s
  step 300/391 | loss 0.6328 | acc 98.0% | 16s elapsed | eta 5s
Ep 246 | loss 0.6255 | task 0.0698 | cons 0.5556 | train 98.0% | test 80.0% | 18s
  step 100/391 | loss 0.4956 | acc 98.4% | 3s elapsed | eta 7s
  step 200/391 | loss 0.5168 | acc 98.3% | 5s elapsed | eta 4s
  step 300/391 | loss 0.5460 | acc 98.3% | 8s elapsed | eta 2s
Ep 247 | loss 0.5273 | task 0.0623 | cons 0.4650 | train 98.3% | test 79.9% | 16s
  step 100/391 | loss 0.5071 | acc 98.2% | 4s elapsed | eta 12s
  step 200/391 | loss 0.4990 | acc 98.4% | 6s elapsed | eta 6s
  step 300/391 | loss 0.5566 | acc 98.2% | 8s elapsed | eta 3s
Ep 248 | loss 0.5491 | task 0.0660 | cons 0.4831 | train 98.3% | test 80.0% | 12s
  step 100/391 | loss 0.6935 | acc 97.9% | 2s elapsed | eta 7s
  step 200/391 | loss 0.6449 | acc 98.1% | 5s elapsed | eta 5s
  step 300/391 | loss 0.6130 | acc 98.1% | 10s elapsed | eta 3s
Ep 249 | loss 0.6224 | task 0.0696 | cons 0.5529 | train 98.1% | test 80.4% | 16s
  step 100/391 | loss 0.5256 | acc 98.4% | 4s elapsed | eta 12s
  step 200/391 | loss 0.5011 | acc 98.5% | 7s elapsed | eta 7s
  step 300/391 | loss 0.5023 | acc 98.5% | 8s elapsed | eta 3s
Ep 250 | loss 0.5407 | task 0.0587 | cons 0.4820 | train 98.4% | test 80.5% | 10s
    K=1: 78.5%
    K=2: 80.7%
    K=4: 80.5%
  step 100/391 | loss 0.6963 | acc 98.1% | 1s elapsed | eta 4s
  step 200/391 | loss 0.5875 | acc 98.3% | 3s elapsed | eta 3s
  step 300/391 | loss 0.5520 | acc 98.4% | 4s elapsed | eta 1s
Ep 251 | loss 0.5967 | task 0.0654 | cons 0.5313 | train 98.3% | test 80.4% | 6s
  step 100/391 | loss 0.5662 | acc 98.2% | 2s elapsed | eta 4s
  step 200/391 | loss 0.5878 | acc 98.2% | 3s elapsed | eta 3s
  step 300/391 | loss 0.5744 | acc 98.3% | 4s elapsed | eta 1s
Ep 252 | loss 0.5414 | task 0.0610 | cons 0.4803 | train 98.4% | test 80.3% | 6s
  step 100/391 | loss 0.5867 | acc 98.4% | 2s elapsed | eta 5s
  step 200/391 | loss 0.6055 | acc 98.2% | 3s elapsed | eta 3s
  step 300/391 | loss 0.6080 | acc 98.3% | 4s elapsed | eta 1s
Ep 253 | loss 0.6063 | task 0.0619 | cons 0.5443 | train 98.3% | test 80.3% | 6s
  step 100/391 | loss 0.6717 | acc 98.4% | 2s elapsed | eta 5s
  step 200/391 | loss 0.6964 | acc 98.3% | 3s elapsed | eta 3s
  step 300/391 | loss 0.7034 | acc 98.3% | 4s elapsed | eta 1s
Ep 254 | loss 0.6745 | task 0.0640 | cons 0.6105 | train 98.3% | test 80.0% | 7s
  step 100/391 | loss 0.6784 | acc 98.2% | 2s elapsed | eta 5s
  step 200/391 | loss 0.6497 | acc 98.3% | 3s elapsed | eta 3s
  step 300/391 | loss 0.6329 | acc 98.4% | 5s elapsed | eta 1s
Ep 255 | loss 0.6014 | task 0.0603 | cons 0.5412 | train 98.4% | test 80.4% | 6s
  step 100/391 | loss 0.6339 | acc 98.2% | 1s elapsed | eta 4s
  step 200/391 | loss 0.5260 | acc 98.6% | 3s elapsed | eta 2s
  step 300/391 | loss 0.5764 | acc 98.4% | 4s elapsed | eta 1s
Ep 256 | loss 0.5811 | task 0.0579 | cons 0.5233 | train 98.4% | test 80.2% | 6s
  step 100/391 | loss 0.6530 | acc 98.2% | 1s elapsed | eta 4s
  step 200/391 | loss 0.6002 | acc 98.3% | 3s elapsed | eta 3s
  step 300/391 | loss 0.6264 | acc 98.3% | 4s elapsed | eta 1s
Ep 257 | loss 0.6092 | task 0.0595 | cons 0.5497 | train 98.4% | test 80.0% | 6s
  step 100/391 | loss 0.6081 | acc 98.3% | 2s elapsed | eta 5s
  step 200/391 | loss 0.6338 | acc 98.4% | 3s elapsed | eta 3s
  step 300/391 | loss 0.6670 | acc 98.3% | 4s elapsed | eta 1s
Ep 258 | loss 0.6585 | task 0.0595 | cons 0.5989 | train 98.3% | test 79.8% | 6s
  step 100/391 | loss 0.5778 | acc 98.6% | 2s elapsed | eta 5s
  step 200/391 | loss 0.5681 | acc 98.6% | 3s elapsed | eta 3s
  step 300/391 | loss 0.5816 | acc 98.5% | 4s elapsed | eta 1s
Ep 259 | loss 0.5747 | task 0.0560 | cons 0.5187 | train 98.5% | test 80.0% | 6s
  step 100/391 | loss 0.6048 | acc 98.5% | 2s elapsed | eta 4s
  step 200/391 | loss 0.5114 | acc 98.6% | 4s elapsed | eta 3s
  step 300/391 | loss 0.4539 | acc 98.7% | 6s elapsed | eta 2s
Ep 260 | loss 0.4676 | task 0.0505 | cons 0.4170 | train 98.7% | test 80.0% | 10s
    K=1: 78.1%
    K=2: 79.9%
    K=4: 80.0%
  step 100/391 | loss 0.5864 | acc 98.5% | 4s elapsed | eta 13s
  step 200/391 | loss 0.5562 | acc 98.5% | 8s elapsed | eta 8s
  step 300/391 | loss 0.5273 | acc 98.6% | 11s elapsed | eta 3s
Ep 261 | loss 0.5577 | task 0.0554 | cons 0.5023 | train 98.5% | test 79.6% | 17s
  step 100/391 | loss 0.6684 | acc 98.5% | 6s elapsed | eta 18s
  step 200/391 | loss 0.5772 | acc 98.5% | 11s elapsed | eta 11s
  step 300/391 | loss 0.6176 | acc 98.4% | 14s elapsed | eta 4s
Ep 262 | loss 0.5685 | task 0.0573 | cons 0.5112 | train 98.5% | test 79.9% | 17s
  step 100/391 | loss 0.6643 | acc 98.4% | 3s elapsed | eta 8s
  step 200/391 | loss 0.5789 | acc 98.4% | 6s elapsed | eta 6s
  step 300/391 | loss 0.5606 | acc 98.5% | 10s elapsed | eta 3s
Ep 263 | loss 0.5743 | task 0.0577 | cons 0.5166 | train 98.5% | test 79.8% | 19s
  step 100/391 | loss 0.5842 | acc 98.4% | 4s elapsed | eta 11s
  step 200/391 | loss 0.5269 | acc 98.6% | 6s elapsed | eta 6s
  step 300/391 | loss 0.5058 | acc 98.6% | 9s elapsed | eta 3s
Ep 264 | loss 0.5299 | task 0.0569 | cons 0.4730 | train 98.5% | test 80.1% | 12s
  step 100/391 | loss 0.4967 | acc 98.6% | 3s elapsed | eta 9s
  step 200/391 | loss 0.5887 | acc 98.4% | 5s elapsed | eta 5s
  step 300/391 | loss 0.5862 | acc 98.4% | 10s elapsed | eta 3s
Ep 265 | loss 0.5670 | task 0.0603 | cons 0.5067 | train 98.4% | test 80.0% | 18s
  step 100/391 | loss 0.5037 | acc 98.4% | 3s elapsed | eta 8s
  step 200/391 | loss 0.6082 | acc 98.2% | 5s elapsed | eta 5s
  step 300/391 | loss 0.5187 | acc 98.5% | 7s elapsed | eta 2s
Ep 266 | loss 0.5061 | task 0.0578 | cons 0.4483 | train 98.6% | test 80.2% | 11s
  step 100/391 | loss 0.5626 | acc 98.5% | 3s elapsed | eta 9s
  step 200/391 | loss 0.5760 | acc 98.4% | 9s elapsed | eta 9s
  step 300/391 | loss 0.5766 | acc 98.4% | 15s elapsed | eta 4s
Ep 267 | loss 0.6001 | task 0.0621 | cons 0.5380 | train 98.4% | test 80.6% | 18s
  step 100/391 | loss 0.5672 | acc 98.6% | 2s elapsed | eta 7s
  step 200/391 | loss 0.6628 | acc 98.3% | 4s elapsed | eta 4s
  step 300/391 | loss 0.6142 | acc 98.4% | 7s elapsed | eta 2s
Ep 268 | loss 0.5977 | task 0.0596 | cons 0.5381 | train 98.5% | test 80.4% | 11s
  step 100/391 | loss 0.6547 | acc 98.4% | 6s elapsed | eta 17s
  step 200/391 | loss 0.5485 | acc 98.6% | 11s elapsed | eta 10s
  step 300/391 | loss 0.5308 | acc 98.7% | 13s elapsed | eta 4s
Ep 269 | loss 0.5678 | task 0.0562 | cons 0.5116 | train 98.6% | test 80.5% | 16s
  step 100/391 | loss 0.6292 | acc 98.7% | 3s elapsed | eta 7s
  step 200/391 | loss 0.5956 | acc 98.7% | 5s elapsed | eta 5s
  step 300/391 | loss 0.6127 | acc 98.6% | 8s elapsed | eta 3s
Ep 270 | loss 0.6437 | task 0.0584 | cons 0.5853 | train 98.6% | test 79.8% | 16s
    K=1: 78.4%
    K=2: 80.4%
    K=4: 79.8%
  step 100/391 | loss 0.9082 | acc 98.3% | 2s elapsed | eta 7s
  step 200/391 | loss 0.6848 | acc 98.6% | 4s elapsed | eta 4s
  step 300/391 | loss 0.6426 | acc 98.6% | 8s elapsed | eta 2s
Ep 271 | loss 0.6403 | task 0.0557 | cons 0.5846 | train 98.7% | test 80.3% | 14s
  step 100/391 | loss 0.3920 | acc 99.1% | 5s elapsed | eta 15s
  step 200/391 | loss 0.6724 | acc 98.6% | 7s elapsed | eta 7s
  step 300/391 | loss 0.6889 | acc 98.6% | 9s elapsed | eta 3s
Ep 272 | loss 0.6696 | task 0.0534 | cons 0.6162 | train 98.6% | test 80.6% | 12s
  step 100/391 | loss 0.5868 | acc 98.6% | 3s elapsed | eta 10s
  step 200/391 | loss 0.6357 | acc 98.6% | 7s elapsed | eta 6s
  step 300/391 | loss 0.6493 | acc 98.6% | 12s elapsed | eta 4s
Ep 273 | loss 0.7074 | task 0.0593 | cons 0.6481 | train 98.5% | test 80.5% | 17s
  step 100/391 | loss 0.4973 | acc 98.8% | 2s elapsed | eta 7s
  step 200/391 | loss 0.5915 | acc 98.7% | 4s elapsed | eta 4s
  step 300/391 | loss 0.6198 | acc 98.7% | 6s elapsed | eta 2s
Ep 274 | loss 0.6161 | task 0.0511 | cons 0.5651 | train 98.7% | test 80.4% | 11s
  step 100/391 | loss 0.6128 | acc 98.8% | 5s elapsed | eta 16s
  step 200/391 | loss 0.5963 | acc 98.8% | 11s elapsed | eta 11s
  step 300/391 | loss 0.5499 | acc 98.9% | 13s elapsed | eta 4s
Ep 275 | loss 0.5567 | task 0.0453 | cons 0.5114 | train 98.8% | test 80.3% | 16s
  step 100/391 | loss 0.5641 | acc 98.9% | 2s elapsed | eta 7s
  step 200/391 | loss 0.5377 | acc 98.9% | 5s elapsed | eta 5s
  step 300/391 | loss 0.6001 | acc 98.9% | 9s elapsed | eta 3s
Ep 276 | loss 0.6095 | task 0.0460 | cons 0.5635 | train 98.9% | test 80.5% | 17s
  step 100/391 | loss 0.6363 | acc 98.8% | 2s elapsed | eta 7s
  step 200/391 | loss 0.6318 | acc 98.7% | 4s elapsed | eta 4s
  step 300/391 | loss 0.6200 | acc 98.8% | 7s elapsed | eta 2s
Ep 277 | loss 0.6207 | task 0.0491 | cons 0.5716 | train 98.8% | test 80.4% | 12s
  step 100/391 | loss 0.5444 | acc 99.0% | 6s elapsed | eta 17s
  step 200/391 | loss 0.6307 | acc 98.9% | 9s elapsed | eta 9s
  step 300/391 | loss 0.6660 | acc 98.8% | 11s elapsed | eta 3s
Ep 278 | loss 0.6466 | task 0.0483 | cons 0.5983 | train 98.8% | test 80.3% | 14s
  step 100/391 | loss 0.6813 | acc 98.5% | 3s elapsed | eta 10s
  step 200/391 | loss 0.6133 | acc 98.8% | 5s elapsed | eta 5s
  step 300/391 | loss 0.6294 | acc 98.7% | 9s elapsed | eta 3s
Ep 279 | loss 0.5885 | task 0.0452 | cons 0.5433 | train 98.8% | test 80.3% | 17s
  step 100/391 | loss 0.3679 | acc 99.3% | 2s elapsed | eta 7s
  step 200/391 | loss 0.5551 | acc 98.9% | 4s elapsed | eta 4s
  step 300/391 | loss 0.5600 | acc 98.9% | 6s elapsed | eta 2s
Ep 280 | loss 0.5984 | task 0.0483 | cons 0.5501 | train 98.8% | test 80.3% | 10s
    K=1: 78.6%
    K=2: 80.4%
    K=4: 80.3%
  step 100/391 | loss 0.6218 | acc 98.9% | 5s elapsed | eta 14s
  step 200/391 | loss 0.6753 | acc 98.7% | 7s elapsed | eta 7s
  step 300/391 | loss 0.6596 | acc 98.7% | 9s elapsed | eta 3s
Ep 281 | loss 0.6561 | task 0.0489 | cons 0.6072 | train 98.8% | test 80.3% | 13s
  step 100/391 | loss 0.6427 | acc 98.8% | 3s elapsed | eta 9s
  step 200/391 | loss 0.6953 | acc 98.7% | 8s elapsed | eta 8s
  step 300/391 | loss 0.6745 | acc 98.8% | 13s elapsed | eta 4s
Ep 282 | loss 0.6779 | task 0.0496 | cons 0.6283 | train 98.8% | test 80.4% | 16s
  step 100/391 | loss 0.7035 | acc 98.6% | 2s elapsed | eta 6s
  step 200/391 | loss 0.6781 | acc 98.7% | 5s elapsed | eta 4s
  step 300/391 | loss 0.6321 | acc 98.8% | 9s elapsed | eta 3s
Ep 283 | loss 0.6673 | task 0.0465 | cons 0.6209 | train 98.8% | test 80.3% | 17s
  step 100/391 | loss 0.7048 | acc 98.6% | 3s elapsed | eta 8s
  step 200/391 | loss 0.7361 | acc 98.7% | 5s elapsed | eta 5s
  step 300/391 | loss 0.7100 | acc 98.7% | 7s elapsed | eta 2s
Ep 284 | loss 0.7211 | task 0.0512 | cons 0.6699 | train 98.7% | test 80.3% | 10s
  step 100/391 | loss 0.6927 | acc 98.6% | 3s elapsed | eta 10s
  step 200/391 | loss 0.6730 | acc 98.6% | 8s elapsed | eta 7s
  step 300/391 | loss 0.6490 | acc 98.8% | 14s elapsed | eta 4s
Ep 285 | loss 0.6348 | task 0.0480 | cons 0.5868 | train 98.8% | test 80.4% | 18s
  step 100/391 | loss 0.6237 | acc 98.8% | 2s elapsed | eta 6s
  step 200/391 | loss 0.6701 | acc 98.7% | 4s elapsed | eta 4s
  step 300/391 | loss 0.7439 | acc 98.7% | 6s elapsed | eta 2s
Ep 286 | loss 0.7385 | task 0.0525 | cons 0.6860 | train 98.6% | test 80.4% | 12s
  step 100/391 | loss 0.8655 | acc 98.6% | 5s elapsed | eta 15s
  step 200/391 | loss 0.6736 | acc 98.8% | 7s elapsed | eta 7s
  step 300/391 | loss 0.6695 | acc 98.8% | 9s elapsed | eta 3s
Ep 287 | loss 0.6738 | task 0.0473 | cons 0.6264 | train 98.8% | test 80.3% | 11s
  step 100/391 | loss 0.9291 | acc 98.4% | 2s elapsed | eta 6s
  step 200/391 | loss 0.7222 | acc 98.7% | 4s elapsed | eta 4s
  step 300/391 | loss 0.7482 | acc 98.7% | 5s elapsed | eta 2s
Ep 288 | loss 0.7143 | task 0.0485 | cons 0.6658 | train 98.7% | test 80.4% | 7s
  step 100/391 | loss 0.5412 | acc 99.0% | 2s elapsed | eta 5s
  step 200/391 | loss 0.6269 | acc 98.9% | 3s elapsed | eta 3s
  step 300/391 | loss 0.6288 | acc 98.9% | 4s elapsed | eta 1s
Ep 289 | loss 0.6525 | task 0.0444 | cons 0.6082 | train 98.9% | test 80.4% | 6s
  step 100/391 | loss 0.5229 | acc 99.0% | 2s elapsed | eta 5s
  step 200/391 | loss 0.5986 | acc 98.8% | 3s elapsed | eta 3s
  step 300/391 | loss 0.5885 | acc 98.9% | 5s elapsed | eta 1s
Ep 290 | loss 0.5896 | task 0.0427 | cons 0.5469 | train 98.9% | test 80.3% | 7s
    K=1: 78.6%
    K=2: 80.3%
    K=4: 80.3%
  step 100/391 | loss 0.4981 | acc 99.2% | 1s elapsed | eta 4s
  step 200/391 | loss 0.6033 | acc 99.0% | 3s elapsed | eta 3s
  step 300/391 | loss 0.6112 | acc 98.9% | 4s elapsed | eta 1s
Ep 291 | loss 0.6369 | task 0.0453 | cons 0.5916 | train 98.9% | test 80.2% | 6s
  step 100/391 | loss 0.6659 | acc 98.7% | 2s elapsed | eta 5s
  step 200/391 | loss 0.7699 | acc 98.6% | 3s elapsed | eta 3s
  step 300/391 | loss 0.7707 | acc 98.6% | 4s elapsed | eta 1s
Ep 292 | loss 0.7912 | task 0.0537 | cons 0.7374 | train 98.6% | test 80.4% | 6s
  step 100/391 | loss 0.7982 | acc 98.4% | 1s elapsed | eta 4s
  step 200/391 | loss 0.6862 | acc 98.7% | 3s elapsed | eta 3s
  step 300/391 | loss 0.6165 | acc 98.8% | 4s elapsed | eta 1s
Ep 293 | loss 0.6340 | task 0.0468 | cons 0.5873 | train 98.8% | test 80.3% | 6s
  step 100/391 | loss 0.7133 | acc 98.7% | 2s elapsed | eta 4s
  step 200/391 | loss 0.6620 | acc 98.7% | 3s elapsed | eta 3s
  step 300/391 | loss 0.6337 | acc 98.8% | 4s elapsed | eta 1s
Ep 294 | loss 0.6393 | task 0.0490 | cons 0.5903 | train 98.8% | test 80.3% | 7s
  step 100/391 | loss 0.5670 | acc 98.9% | 2s elapsed | eta 5s
  step 200/391 | loss 0.6692 | acc 98.8% | 3s elapsed | eta 3s
  step 300/391 | loss 0.7347 | acc 98.6% | 4s elapsed | eta 1s
Ep 295 | loss 0.7076 | task 0.0498 | cons 0.6579 | train 98.7% | test 80.3% | 7s
  step 100/391 | loss 0.5569 | acc 98.9% | 2s elapsed | eta 5s
  step 200/391 | loss 0.6031 | acc 98.9% | 3s elapsed | eta 3s
  step 300/391 | loss 0.6377 | acc 98.8% | 4s elapsed | eta 1s
Ep 296 | loss 0.6177 | task 0.0457 | cons 0.5721 | train 98.9% | test 80.4% | 6s
  step 100/391 | loss 0.6945 | acc 98.7% | 2s elapsed | eta 5s
  step 200/391 | loss 0.6385 | acc 98.8% | 3s elapsed | eta 3s
  step 300/391 | loss 0.6678 | acc 98.7% | 4s elapsed | eta 1s
Ep 297 | loss 0.6165 | task 0.0484 | cons 0.5681 | train 98.8% | test 80.3% | 6s
  step 100/391 | loss 0.7948 | acc 98.8% | 1s elapsed | eta 4s
  step 200/391 | loss 0.8009 | acc 98.7% | 2s elapsed | eta 2s
  step 300/391 | loss 0.7335 | acc 98.7% | 4s elapsed | eta 1s
Ep 298 | loss 0.6933 | task 0.0472 | cons 0.6461 | train 98.8% | test 80.3% | 5s
  step 100/391 | loss 0.6467 | acc 98.8% | 1s elapsed | eta 4s
  step 200/391 | loss 0.6868 | acc 98.8% | 3s elapsed | eta 3s
  step 300/391 | loss 0.7241 | acc 98.7% | 4s elapsed | eta 1s
Ep 299 | loss 0.6949 | task 0.0498 | cons 0.6450 | train 98.8% | test 80.3% | 6s
  step 100/391 | loss 0.7431 | acc 98.7% | 1s elapsed | eta 4s
  step 200/391 | loss 0.7339 | acc 98.7% | 3s elapsed | eta 3s
  step 300/391 | loss 0.7032 | acc 98.8% | 4s elapsed | eta 1s
Ep 300 | loss 0.7681 | task 0.0496 | cons 0.7185 | train 98.7% | test 80.3% | 6s
    K=1: 78.7%
    K=2: 80.4%
    K=4: 80.3%
Saved checkpoint to models/direct_2bpu_K4_output_cons.pt
