/home/ec2-user/dev/ugh/.venv/lib/python3.13/site-packages/torchvision/datasets/cifar.py:83: VisibleDeprecationWarning: dtype(): align should be passed as Python or NumPy boolean but got `align=0`. Did you mean to pass a tuple to create a subarray type? (Deprecated NumPy 2.4)
  entry = pickle.load(f, encoding="latin1")
Model: continuous | Params: 1,021,130 | K=4 | blocks/unit=2
----------------------------------------------------------------------
  step 100/391 | loss 1.9849 | acc 25.3% | 3s elapsed | eta 8s
  step 200/391 | loss 1.8986 | acc 28.1% | 6s elapsed | eta 6s
  step 300/391 | loss 1.8352 | acc 30.7% | 10s elapsed | eta 3s
Ep   1 | loss 1.7942 | task 1.7942 | cons 0.0000 | train 32.6% | test 42.8% | 15s
  step 100/391 | loss 1.5767 | acc 42.1% | 2s elapsed | eta 6s
  step 200/391 | loss 1.5399 | acc 43.6% | 4s elapsed | eta 4s
  step 300/391 | loss 1.5067 | acc 44.8% | 6s elapsed | eta 2s
Ep   2 | loss 1.4853 | task 1.4853 | cons 0.0000 | train 45.6% | test 50.1% | 9s
  step 100/391 | loss 1.3867 | acc 49.5% | 2s elapsed | eta 5s
  step 200/391 | loss 1.3576 | acc 50.4% | 4s elapsed | eta 3s
  step 300/391 | loss 1.3504 | acc 50.8% | 5s elapsed | eta 2s
Ep   3 | loss 1.3445 | task 1.3445 | cons 0.0000 | train 51.1% | test 53.1% | 8s
  step 100/391 | loss 1.2803 | acc 53.4% | 3s elapsed | eta 8s
  step 200/391 | loss 1.2729 | acc 53.9% | 6s elapsed | eta 5s
  step 300/391 | loss 1.2685 | acc 54.2% | 9s elapsed | eta 3s
Ep   4 | loss 1.2609 | task 1.2609 | cons 0.0000 | train 54.4% | test 55.9% | 14s
  step 100/391 | loss 1.1893 | acc 57.0% | 1s elapsed | eta 4s
  step 200/391 | loss 1.1980 | acc 56.9% | 3s elapsed | eta 3s
  step 300/391 | loss 1.1964 | acc 57.0% | 5s elapsed | eta 1s
Ep   5 | loss 1.1971 | task 1.1971 | cons 0.0000 | train 57.0% | test 57.3% | 7s
  step 100/391 | loss 1.1670 | acc 58.1% | 2s elapsed | eta 4s
  step 200/391 | loss 1.1583 | acc 58.4% | 3s elapsed | eta 3s
  step 300/391 | loss 1.1519 | acc 58.6% | 4s elapsed | eta 1s
Ep   6 | loss 1.1455 | task 1.1455 | cons 0.0000 | train 58.8% | test 60.7% | 5s
  step 100/391 | loss 1.1001 | acc 60.4% | 1s elapsed | eta 3s
  step 200/391 | loss 1.0962 | acc 60.4% | 2s elapsed | eta 2s
  step 300/391 | loss 1.0943 | acc 60.6% | 3s elapsed | eta 1s
Ep   7 | loss 1.0909 | task 1.0909 | cons 0.0000 | train 60.8% | test 61.3% | 5s
  step 100/391 | loss 1.0687 | acc 61.8% | 1s elapsed | eta 3s
  step 200/391 | loss 1.0537 | acc 62.3% | 2s elapsed | eta 2s
  step 300/391 | loss 1.0582 | acc 62.1% | 3s elapsed | eta 1s
Ep   8 | loss 1.0489 | task 1.0489 | cons 0.0000 | train 62.4% | test 63.4% | 5s
  step 100/391 | loss 1.0108 | acc 63.5% | 1s elapsed | eta 3s
  step 200/391 | loss 1.0069 | acc 63.7% | 2s elapsed | eta 2s
  step 300/391 | loss 1.0062 | acc 63.7% | 3s elapsed | eta 1s
Ep   9 | loss 1.0007 | task 1.0007 | cons 0.0000 | train 63.9% | test 64.8% | 5s
  step 100/391 | loss 0.9874 | acc 64.9% | 1s elapsed | eta 3s
  step 200/391 | loss 0.9722 | acc 65.0% | 2s elapsed | eta 2s
  step 300/391 | loss 0.9659 | acc 65.5% | 3s elapsed | eta 1s
Ep  10 | loss 0.9633 | task 0.9633 | cons 0.0000 | train 65.5% | test 65.3% | 5s
    K=1: 63.4%
    K=2: 64.9%
    K=4: 65.3%
  step 100/391 | loss 0.9584 | acc 65.4% | 1s elapsed | eta 4s
  step 200/391 | loss 0.9425 | acc 66.0% | 3s elapsed | eta 2s
  step 300/391 | loss 0.9403 | acc 66.4% | 4s elapsed | eta 1s
Ep  11 | loss 0.9315 | task 0.9315 | cons 0.0000 | train 66.6% | test 67.4% | 7s
  step 100/391 | loss 0.9094 | acc 67.6% | 2s elapsed | eta 6s
  step 200/391 | loss 0.9033 | acc 67.9% | 4s elapsed | eta 4s
  step 300/391 | loss 0.9040 | acc 67.9% | 6s elapsed | eta 2s
Ep  12 | loss 0.9012 | task 0.9012 | cons 0.0000 | train 67.9% | test 68.4% | 10s
  step 100/391 | loss 0.8739 | acc 68.7% | 3s elapsed | eta 8s
  step 200/391 | loss 0.8742 | acc 68.6% | 5s elapsed | eta 5s
  step 300/391 | loss 0.8765 | acc 68.7% | 8s elapsed | eta 2s
Ep  13 | loss 0.8781 | task 0.8781 | cons 0.0000 | train 68.5% | test 68.2% | 11s
  step 100/391 | loss 0.8623 | acc 69.0% | 2s elapsed | eta 6s
  step 200/391 | loss 0.8574 | acc 69.5% | 4s elapsed | eta 4s
  step 300/391 | loss 0.8574 | acc 69.5% | 6s elapsed | eta 2s
Ep  14 | loss 0.8521 | task 0.8521 | cons 0.0000 | train 69.6% | test 66.7% | 9s
  step 100/391 | loss 0.8235 | acc 70.8% | 2s elapsed | eta 7s
  step 200/391 | loss 0.8319 | acc 70.4% | 5s elapsed | eta 5s
  step 300/391 | loss 0.8283 | acc 70.6% | 9s elapsed | eta 3s
Ep  15 | loss 0.8277 | task 0.8277 | cons 0.0000 | train 70.6% | test 68.4% | 15s
  step 100/391 | loss 0.7934 | acc 71.7% | 2s elapsed | eta 6s
  step 200/391 | loss 0.7945 | acc 71.6% | 4s elapsed | eta 4s
  step 300/391 | loss 0.7990 | acc 71.5% | 6s elapsed | eta 2s
Ep  16 | loss 0.8017 | task 0.8017 | cons 0.0000 | train 71.4% | test 71.5% | 10s
  step 100/391 | loss 0.7830 | acc 72.5% | 2s elapsed | eta 7s
  step 200/391 | loss 0.7863 | acc 72.2% | 4s elapsed | eta 4s
  step 300/391 | loss 0.7840 | acc 72.2% | 7s elapsed | eta 2s
Ep  17 | loss 0.7830 | task 0.7830 | cons 0.0000 | train 72.1% | test 71.8% | 11s
  step 100/391 | loss 0.7404 | acc 73.6% | 2s elapsed | eta 7s
  step 200/391 | loss 0.7534 | acc 73.2% | 4s elapsed | eta 4s
  step 300/391 | loss 0.7551 | acc 73.3% | 7s elapsed | eta 2s
Ep  18 | loss 0.7563 | task 0.7563 | cons 0.0000 | train 73.2% | test 71.8% | 13s
  step 100/391 | loss 0.7235 | acc 74.1% | 4s elapsed | eta 11s
  step 200/391 | loss 0.7318 | acc 73.9% | 6s elapsed | eta 6s
  step 300/391 | loss 0.7352 | acc 73.8% | 8s elapsed | eta 2s
Ep  19 | loss 0.7371 | task 0.7371 | cons 0.0000 | train 73.7% | test 72.6% | 11s
  step 100/391 | loss 0.7076 | acc 74.7% | 2s elapsed | eta 5s
  step 200/391 | loss 0.7099 | acc 74.7% | 3s elapsed | eta 3s
  step 300/391 | loss 0.7125 | acc 74.7% | 5s elapsed | eta 2s
Ep  20 | loss 0.7167 | task 0.7167 | cons 0.0000 | train 74.5% | test 72.2% | 8s
    K=1: 70.2%
    K=2: 72.6%
    K=4: 72.2%
  step 100/391 | loss 0.6887 | acc 75.5% | 2s elapsed | eta 5s
  step 200/391 | loss 0.6984 | acc 75.0% | 4s elapsed | eta 4s
  step 300/391 | loss 0.7040 | acc 74.7% | 7s elapsed | eta 2s
Ep  21 | loss 0.7032 | task 0.7032 | cons 0.0000 | train 74.7% | test 72.5% | 13s
  step 100/391 | loss 0.6682 | acc 76.5% | 3s elapsed | eta 9s
  step 200/391 | loss 0.6744 | acc 76.1% | 5s elapsed | eta 4s
  step 300/391 | loss 0.6780 | acc 75.9% | 7s elapsed | eta 2s
Ep  22 | loss 0.6801 | task 0.6801 | cons 0.0000 | train 75.9% | test 73.5% | 10s
  step 100/391 | loss 0.6504 | acc 76.9% | 2s elapsed | eta 5s
  step 200/391 | loss 0.6557 | acc 76.7% | 3s elapsed | eta 3s
  step 300/391 | loss 0.6625 | acc 76.5% | 5s elapsed | eta 1s
Ep  23 | loss 0.6643 | task 0.6643 | cons 0.0000 | train 76.4% | test 73.4% | 8s
  step 100/391 | loss 0.6273 | acc 77.8% | 2s elapsed | eta 5s
  step 200/391 | loss 0.6351 | acc 77.5% | 4s elapsed | eta 4s
  step 300/391 | loss 0.6399 | acc 77.3% | 7s elapsed | eta 2s
Ep  24 | loss 0.6431 | task 0.6431 | cons 0.0000 | train 77.2% | test 74.2% | 14s
  step 100/391 | loss 0.6259 | acc 77.4% | 3s elapsed | eta 8s
  step 200/391 | loss 0.6322 | acc 77.3% | 5s elapsed | eta 4s
  step 300/391 | loss 0.6351 | acc 77.3% | 7s elapsed | eta 2s
Ep  25 | loss 0.6314 | task 0.6314 | cons 0.0000 | train 77.5% | test 74.7% | 10s
  step 100/391 | loss 0.5920 | acc 78.6% | 2s elapsed | eta 5s
  step 200/391 | loss 0.6048 | acc 78.3% | 3s elapsed | eta 3s
  step 300/391 | loss 0.6132 | acc 78.1% | 5s elapsed | eta 2s
Ep  26 | loss 0.6169 | task 0.6169 | cons 0.0000 | train 78.0% | test 74.9% | 8s
  step 100/391 | loss 0.5951 | acc 78.5% | 2s elapsed | eta 6s
  step 200/391 | loss 0.6031 | acc 78.4% | 5s elapsed | eta 4s
  step 300/391 | loss 0.6063 | acc 78.3% | 8s elapsed | eta 3s
Ep  27 | loss 0.6101 | task 0.6101 | cons 0.0000 | train 78.1% | test 74.9% | 14s
  step 100/391 | loss 0.5654 | acc 79.9% | 2s elapsed | eta 7s
  step 200/391 | loss 0.5757 | acc 79.4% | 4s elapsed | eta 4s
  step 300/391 | loss 0.5833 | acc 79.2% | 6s elapsed | eta 2s
Ep  28 | loss 0.5837 | task 0.5837 | cons 0.0000 | train 79.2% | test 75.9% | 9s
  step 100/391 | loss 0.5511 | acc 80.0% | 2s elapsed | eta 6s
  step 200/391 | loss 0.5717 | acc 79.4% | 4s elapsed | eta 3s
  step 300/391 | loss 0.5713 | acc 79.5% | 5s elapsed | eta 2s
Ep  29 | loss 0.5786 | task 0.5786 | cons 0.0000 | train 79.3% | test 74.9% | 9s
  step 100/391 | loss 0.5434 | acc 80.7% | 3s elapsed | eta 10s
  step 200/391 | loss 0.5571 | acc 80.1% | 7s elapsed | eta 7s
  step 300/391 | loss 0.5604 | acc 79.9% | 10s elapsed | eta 3s
Ep  30 | loss 0.5611 | task 0.5611 | cons 0.0000 | train 80.1% | test 74.5% | 13s
    K=1: 71.7%
    K=2: 75.2%
    K=4: 74.5%
  step 100/391 | loss 0.5324 | acc 81.0% | 2s elapsed | eta 5s
  step 200/391 | loss 0.5380 | acc 80.9% | 3s elapsed | eta 3s
  step 300/391 | loss 0.5445 | acc 80.6% | 5s elapsed | eta 2s
Ep  31 | loss 0.5448 | task 0.5448 | cons 0.0000 | train 80.6% | test 75.4% | 8s
  step 100/391 | loss 0.5188 | acc 81.6% | 1s elapsed | eta 4s
  step 200/391 | loss 0.5308 | acc 81.2% | 5s elapsed | eta 4s
  step 300/391 | loss 0.5339 | acc 81.1% | 8s elapsed | eta 2s
Ep  32 | loss 0.5376 | task 0.5376 | cons 0.0000 | train 80.9% | test 75.4% | 13s
  step 100/391 | loss 0.5079 | acc 81.9% | 1s elapsed | eta 4s
  step 200/391 | loss 0.5176 | acc 81.4% | 2s elapsed | eta 2s
  step 300/391 | loss 0.5244 | acc 81.3% | 3s elapsed | eta 1s
Ep  33 | loss 0.5253 | task 0.5253 | cons 0.0000 | train 81.2% | test 76.4% | 5s
  step 100/391 | loss 0.4900 | acc 82.0% | 2s elapsed | eta 5s
  step 200/391 | loss 0.4927 | acc 82.2% | 3s elapsed | eta 2s
  step 300/391 | loss 0.5027 | acc 81.9% | 4s elapsed | eta 1s
Ep  34 | loss 0.5097 | task 0.5097 | cons 0.0000 | train 81.8% | test 76.2% | 6s
  step 100/391 | loss 0.4962 | acc 82.2% | 2s elapsed | eta 5s
  step 200/391 | loss 0.4939 | acc 82.4% | 3s elapsed | eta 3s
  step 300/391 | loss 0.5001 | acc 82.2% | 4s elapsed | eta 1s
Ep  35 | loss 0.5029 | task 0.5029 | cons 0.0000 | train 82.1% | test 75.7% | 5s
  step 100/391 | loss 0.4694 | acc 83.2% | 1s elapsed | eta 3s
  step 200/391 | loss 0.4748 | acc 82.9% | 2s elapsed | eta 2s
  step 300/391 | loss 0.4805 | acc 82.8% | 3s elapsed | eta 1s
Ep  36 | loss 0.4856 | task 0.4856 | cons 0.0000 | train 82.7% | test 76.4% | 5s
  step 100/391 | loss 0.4575 | acc 83.5% | 1s elapsed | eta 4s
  step 200/391 | loss 0.4576 | acc 83.5% | 2s elapsed | eta 2s
  step 300/391 | loss 0.4720 | acc 83.1% | 3s elapsed | eta 1s
Ep  37 | loss 0.4788 | task 0.4788 | cons 0.0000 | train 82.9% | test 75.6% | 5s
  step 100/391 | loss 0.4512 | acc 83.8% | 1s elapsed | eta 4s
  step 200/391 | loss 0.4552 | acc 83.7% | 2s elapsed | eta 2s
  step 300/391 | loss 0.4616 | acc 83.5% | 3s elapsed | eta 1s
Ep  38 | loss 0.4653 | task 0.4653 | cons 0.0000 | train 83.4% | test 77.1% | 5s
  step 100/391 | loss 0.4251 | acc 84.9% | 1s elapsed | eta 3s
  step 200/391 | loss 0.4389 | acc 84.3% | 2s elapsed | eta 2s
  step 300/391 | loss 0.4472 | acc 84.0% | 3s elapsed | eta 1s
Ep  39 | loss 0.4488 | task 0.4488 | cons 0.0000 | train 83.9% | test 76.9% | 5s
  step 100/391 | loss 0.4211 | acc 85.3% | 2s elapsed | eta 5s
  step 200/391 | loss 0.4298 | acc 84.8% | 3s elapsed | eta 3s
  step 300/391 | loss 0.4362 | acc 84.5% | 5s elapsed | eta 2s
Ep  40 | loss 0.4407 | task 0.4407 | cons 0.0000 | train 84.3% | test 76.3% | 8s
    K=1: 73.3%
    K=2: 76.9%
    K=4: 76.3%
  step 100/391 | loss 0.4096 | acc 85.1% | 3s elapsed | eta 8s
  step 200/391 | loss 0.4243 | acc 84.7% | 5s elapsed | eta 5s
  step 300/391 | loss 0.4337 | acc 84.3% | 8s elapsed | eta 2s
Ep  41 | loss 0.4357 | task 0.4357 | cons 0.0000 | train 84.3% | test 76.5% | 12s
  step 100/391 | loss 0.4043 | acc 85.5% | 2s elapsed | eta 7s
  step 200/391 | loss 0.4112 | acc 85.2% | 4s elapsed | eta 4s
  step 300/391 | loss 0.4179 | acc 85.0% | 7s elapsed | eta 2s
Ep  42 | loss 0.4264 | task 0.4264 | cons 0.0000 | train 84.7% | test 76.6% | 10s
  step 100/391 | loss 0.3918 | acc 85.9% | 2s elapsed | eta 5s
  step 200/391 | loss 0.4045 | acc 85.4% | 3s elapsed | eta 3s
  step 300/391 | loss 0.4075 | acc 85.3% | 6s elapsed | eta 2s
Ep  43 | loss 0.4136 | task 0.4136 | cons 0.0000 | train 85.1% | test 75.6% | 12s
  step 100/391 | loss 0.3866 | acc 86.0% | 4s elapsed | eta 12s
  step 200/391 | loss 0.4039 | acc 85.4% | 7s elapsed | eta 7s
  step 300/391 | loss 0.4017 | acc 85.6% | 10s elapsed | eta 3s
Ep  44 | loss 0.4073 | task 0.4073 | cons 0.0000 | train 85.4% | test 77.2% | 13s
  step 100/391 | loss 0.3889 | acc 86.2% | 2s elapsed | eta 7s
  step 200/391 | loss 0.3973 | acc 85.9% | 5s elapsed | eta 5s
  step 300/391 | loss 0.3969 | acc 85.9% | 7s elapsed | eta 2s
Ep  45 | loss 0.3973 | task 0.3973 | cons 0.0000 | train 85.9% | test 77.0% | 10s
  step 100/391 | loss 0.3900 | acc 86.0% | 2s elapsed | eta 6s
  step 200/391 | loss 0.3845 | acc 86.2% | 4s elapsed | eta 4s
  step 300/391 | loss 0.3844 | acc 86.3% | 6s elapsed | eta 2s
Ep  46 | loss 0.3907 | task 0.3907 | cons 0.0000 | train 86.0% | test 77.3% | 9s
  step 100/391 | loss 0.3549 | acc 87.5% | 4s elapsed | eta 11s
  step 200/391 | loss 0.3685 | acc 86.8% | 7s elapsed | eta 7s
  step 300/391 | loss 0.3712 | acc 86.8% | 11s elapsed | eta 3s
Ep  47 | loss 0.3820 | task 0.3820 | cons 0.0000 | train 86.4% | test 77.9% | 14s
  step 100/391 | loss 0.3717 | acc 86.7% | 2s elapsed | eta 5s
  step 200/391 | loss 0.3815 | acc 86.4% | 3s elapsed | eta 3s
  step 300/391 | loss 0.3753 | acc 86.5% | 5s elapsed | eta 2s
Ep  48 | loss 0.3784 | task 0.3784 | cons 0.0000 | train 86.4% | test 76.3% | 8s
  step 100/391 | loss 0.3645 | acc 86.8% | 2s elapsed | eta 5s
  step 200/391 | loss 0.3636 | acc 86.9% | 3s elapsed | eta 3s
  step 300/391 | loss 0.3643 | acc 86.9% | 5s elapsed | eta 2s
Ep  49 | loss 0.3694 | task 0.3694 | cons 0.0000 | train 86.7% | test 76.6% | 10s
  step 100/391 | loss 0.3468 | acc 87.5% | 4s elapsed | eta 11s
  step 200/391 | loss 0.3595 | acc 87.1% | 7s elapsed | eta 7s
  step 300/391 | loss 0.3618 | acc 87.0% | 10s elapsed | eta 3s
Ep  50 | loss 0.3638 | task 0.3638 | cons 0.0000 | train 86.9% | test 77.4% | 12s
    K=1: 73.6%
    K=2: 77.6%
    K=4: 77.4%
  step 100/391 | loss 0.3105 | acc 89.0% | 2s elapsed | eta 6s
  step 200/391 | loss 0.3226 | acc 88.5% | 4s elapsed | eta 4s
  step 300/391 | loss 0.3412 | acc 87.7% | 6s elapsed | eta 2s
Ep  51 | loss 0.3464 | task 0.3464 | cons 0.0000 | train 87.6% | test 77.3% | 8s
  step 100/391 | loss 0.3435 | acc 87.9% | 2s elapsed | eta 5s
  step 200/391 | loss 0.3390 | acc 88.0% | 4s elapsed | eta 4s
  step 300/391 | loss 0.3437 | acc 87.8% | 7s elapsed | eta 2s
Ep  52 | loss 0.3504 | task 0.3504 | cons 0.0000 | train 87.5% | test 77.5% | 13s
  step 100/391 | loss 0.3298 | acc 88.5% | 3s elapsed | eta 10s
  step 200/391 | loss 0.3307 | acc 88.2% | 5s elapsed | eta 5s
  step 300/391 | loss 0.3309 | acc 88.2% | 8s elapsed | eta 2s
Ep  53 | loss 0.3387 | task 0.3387 | cons 0.0000 | train 87.8% | test 76.8% | 10s
  step 100/391 | loss 0.2929 | acc 89.7% | 2s elapsed | eta 5s
  step 200/391 | loss 0.3135 | acc 89.0% | 3s elapsed | eta 3s
  step 300/391 | loss 0.3250 | acc 88.5% | 5s elapsed | eta 2s
Ep  54 | loss 0.3315 | task 0.3315 | cons 0.0000 | train 88.3% | test 77.0% | 8s
  step 100/391 | loss 0.3083 | acc 88.9% | 2s elapsed | eta 5s
  step 200/391 | loss 0.3279 | acc 88.2% | 5s elapsed | eta 4s
  step 300/391 | loss 0.3286 | acc 88.2% | 8s elapsed | eta 2s
Ep  55 | loss 0.3312 | task 0.3312 | cons 0.0000 | train 88.1% | test 75.8% | 14s
  step 100/391 | loss 0.2937 | acc 89.4% | 2s elapsed | eta 6s
  step 200/391 | loss 0.3109 | acc 88.8% | 4s elapsed | eta 3s
  step 300/391 | loss 0.3109 | acc 88.9% | 6s elapsed | eta 2s
Ep  56 | loss 0.3149 | task 0.3149 | cons 0.0000 | train 88.7% | test 77.5% | 8s
  step 100/391 | loss 0.2960 | acc 89.2% | 2s elapsed | eta 5s
  step 200/391 | loss 0.3062 | acc 88.9% | 3s elapsed | eta 3s
  step 300/391 | loss 0.3058 | acc 88.9% | 5s elapsed | eta 2s
Ep  57 | loss 0.3128 | task 0.3128 | cons 0.0000 | train 88.7% | test 77.3% | 11s
  step 100/391 | loss 0.2949 | acc 89.5% | 4s elapsed | eta 11s
  step 200/391 | loss 0.2973 | acc 89.3% | 7s elapsed | eta 7s
  step 300/391 | loss 0.3043 | acc 89.1% | 9s elapsed | eta 3s
Ep  58 | loss 0.3074 | task 0.3074 | cons 0.0000 | train 89.0% | test 75.7% | 11s
  step 100/391 | loss 0.2972 | acc 89.2% | 1s elapsed | eta 4s
  step 200/391 | loss 0.3033 | acc 89.1% | 3s elapsed | eta 3s
  step 300/391 | loss 0.2989 | acc 89.3% | 4s elapsed | eta 1s
Ep  59 | loss 0.3001 | task 0.3001 | cons 0.0000 | train 89.3% | test 77.1% | 6s
  step 100/391 | loss 0.2988 | acc 89.2% | 3s elapsed | eta 9s
  step 200/391 | loss 0.3021 | acc 89.1% | 6s elapsed | eta 6s
  step 300/391 | loss 0.2950 | acc 89.3% | 9s elapsed | eta 3s
Ep  60 | loss 0.2979 | task 0.2979 | cons 0.0000 | train 89.1% | test 77.5% | 11s
    K=1: 73.0%
    K=2: 77.6%
    K=4: 77.5%
  step 100/391 | loss 0.2767 | acc 90.1% | 1s elapsed | eta 4s
  step 200/391 | loss 0.2844 | acc 89.9% | 2s elapsed | eta 2s
  step 300/391 | loss 0.2835 | acc 89.9% | 4s elapsed | eta 1s
Ep  61 | loss 0.2856 | task 0.2856 | cons 0.0000 | train 89.8% | test 76.8% | 6s
  step 100/391 | loss 0.2644 | acc 90.6% | 1s elapsed | eta 4s
  step 200/391 | loss 0.2687 | acc 90.3% | 2s elapsed | eta 2s
  step 300/391 | loss 0.2770 | acc 90.0% | 3s elapsed | eta 1s
Ep  62 | loss 0.2786 | task 0.2786 | cons 0.0000 | train 90.0% | test 77.3% | 5s
  step 100/391 | loss 0.2664 | acc 90.7% | 1s elapsed | eta 4s
  step 200/391 | loss 0.2777 | acc 90.2% | 2s elapsed | eta 2s
  step 300/391 | loss 0.2780 | acc 90.2% | 4s elapsed | eta 1s
Ep  63 | loss 0.2766 | task 0.2766 | cons 0.0000 | train 90.2% | test 77.3% | 6s
  step 100/391 | loss 0.2485 | acc 91.0% | 1s elapsed | eta 4s
  step 200/391 | loss 0.2568 | acc 90.8% | 2s elapsed | eta 2s
  step 300/391 | loss 0.2638 | acc 90.4% | 3s elapsed | eta 1s
Ep  64 | loss 0.2664 | task 0.2664 | cons 0.0000 | train 90.4% | test 77.1% | 5s
  step 100/391 | loss 0.2463 | acc 91.3% | 1s elapsed | eta 3s
  step 200/391 | loss 0.2510 | acc 90.9% | 2s elapsed | eta 2s
  step 300/391 | loss 0.2554 | acc 90.7% | 3s elapsed | eta 1s
Ep  65 | loss 0.2598 | task 0.2598 | cons 0.0000 | train 90.6% | test 76.7% | 5s
  step 100/391 | loss 0.2547 | acc 90.7% | 1s elapsed | eta 3s
  step 200/391 | loss 0.2515 | acc 90.9% | 2s elapsed | eta 2s
  step 300/391 | loss 0.2617 | acc 90.5% | 3s elapsed | eta 1s
Ep  66 | loss 0.2640 | task 0.2640 | cons 0.0000 | train 90.5% | test 77.2% | 6s
  step 100/391 | loss 0.2581 | acc 90.6% | 2s elapsed | eta 5s
  step 200/391 | loss 0.2516 | acc 90.9% | 4s elapsed | eta 3s
  step 300/391 | loss 0.2486 | acc 91.0% | 6s elapsed | eta 2s
Ep  67 | loss 0.2491 | task 0.2491 | cons 0.0000 | train 91.0% | test 77.7% | 9s
  step 100/391 | loss 0.2464 | acc 91.3% | 2s elapsed | eta 7s
  step 200/391 | loss 0.2527 | acc 90.8% | 4s elapsed | eta 4s
  step 300/391 | loss 0.2490 | acc 90.9% | 7s elapsed | eta 2s
Ep  68 | loss 0.2551 | task 0.2551 | cons 0.0000 | train 90.7% | test 77.3% | 11s
  step 100/391 | loss 0.2252 | acc 92.0% | 3s elapsed | eta 8s
  step 200/391 | loss 0.2383 | acc 91.4% | 5s elapsed | eta 5s
  step 300/391 | loss 0.2437 | acc 91.3% | 7s elapsed | eta 2s
Ep  69 | loss 0.2492 | task 0.2492 | cons 0.0000 | train 91.1% | test 77.8% | 11s
  step 100/391 | loss 0.2246 | acc 91.9% | 2s elapsed | eta 5s
  step 200/391 | loss 0.2333 | acc 91.6% | 3s elapsed | eta 3s
  step 300/391 | loss 0.2397 | acc 91.4% | 6s elapsed | eta 2s
Ep  70 | loss 0.2462 | task 0.2462 | cons 0.0000 | train 91.2% | test 77.9% | 11s
    K=1: 72.9%
    K=2: 77.6%
    K=4: 77.9%
  step 100/391 | loss 0.2304 | acc 91.7% | 3s elapsed | eta 7s
  step 200/391 | loss 0.2350 | acc 91.6% | 5s elapsed | eta 5s
  step 300/391 | loss 0.2330 | acc 91.7% | 8s elapsed | eta 2s
Ep  71 | loss 0.2354 | task 0.2354 | cons 0.0000 | train 91.6% | test 76.8% | 11s
  step 100/391 | loss 0.2135 | acc 92.5% | 2s elapsed | eta 7s
  step 200/391 | loss 0.2219 | acc 92.2% | 4s elapsed | eta 4s
  step 300/391 | loss 0.2215 | acc 92.2% | 6s elapsed | eta 2s
Ep  72 | loss 0.2292 | task 0.2292 | cons 0.0000 | train 91.9% | test 77.6% | 9s
  step 100/391 | loss 0.2227 | acc 92.1% | 2s elapsed | eta 6s
  step 200/391 | loss 0.2283 | acc 91.9% | 4s elapsed | eta 3s
  step 300/391 | loss 0.2364 | acc 91.6% | 5s elapsed | eta 2s
Ep  73 | loss 0.2379 | task 0.2379 | cons 0.0000 | train 91.5% | test 77.1% | 9s
  step 100/391 | loss 0.2188 | acc 92.3% | 3s elapsed | eta 8s
  step 200/391 | loss 0.2238 | acc 92.1% | 6s elapsed | eta 6s
  step 300/391 | loss 0.2316 | acc 91.7% | 10s elapsed | eta 3s
Ep  74 | loss 0.2348 | task 0.2348 | cons 0.0000 | train 91.6% | test 77.4% | 14s
  step 100/391 | loss 0.2227 | acc 91.8% | 2s elapsed | eta 5s
  step 200/391 | loss 0.2233 | acc 91.9% | 4s elapsed | eta 4s
  step 300/391 | loss 0.2240 | acc 92.0% | 6s elapsed | eta 2s
Ep  75 | loss 0.2261 | task 0.2261 | cons 0.0000 | train 91.9% | test 76.8% | 9s
  step 100/391 | loss 0.2261 | acc 92.1% | 2s elapsed | eta 6s
  step 200/391 | loss 0.2135 | acc 92.5% | 4s elapsed | eta 3s
  step 300/391 | loss 0.2135 | acc 92.5% | 6s elapsed | eta 2s
Ep  76 | loss 0.2192 | task 0.2192 | cons 0.0000 | train 92.3% | test 77.2% | 9s
  step 100/391 | loss 0.2128 | acc 92.4% | 3s elapsed | eta 8s
  step 200/391 | loss 0.2139 | acc 92.3% | 6s elapsed | eta 6s
  step 300/391 | loss 0.2191 | acc 92.1% | 10s elapsed | eta 3s
Ep  77 | loss 0.2219 | task 0.2219 | cons 0.0000 | train 92.1% | test 76.2% | 14s
  step 100/391 | loss 0.1999 | acc 92.9% | 2s elapsed | eta 5s
  step 200/391 | loss 0.2056 | acc 92.7% | 4s elapsed | eta 3s
  step 300/391 | loss 0.2077 | acc 92.6% | 5s elapsed | eta 2s
Ep  78 | loss 0.2067 | task 0.2067 | cons 0.0000 | train 92.6% | test 77.0% | 8s
  step 100/391 | loss 0.2011 | acc 92.9% | 2s elapsed | eta 6s
  step 200/391 | loss 0.2040 | acc 92.6% | 4s elapsed | eta 4s
  step 300/391 | loss 0.2049 | acc 92.7% | 6s elapsed | eta 2s
Ep  79 | loss 0.2074 | task 0.2074 | cons 0.0000 | train 92.5% | test 77.7% | 9s
  step 100/391 | loss 0.2003 | acc 92.8% | 3s elapsed | eta 9s
  step 200/391 | loss 0.1994 | acc 92.8% | 7s elapsed | eta 6s
  step 300/391 | loss 0.2098 | acc 92.4% | 10s elapsed | eta 3s
Ep  80 | loss 0.2143 | task 0.2143 | cons 0.0000 | train 92.2% | test 76.9% | 14s
    K=1: 72.4%
    K=2: 76.9%
    K=4: 76.9%
  step 100/391 | loss 0.2057 | acc 92.8% | 2s elapsed | eta 5s
  step 200/391 | loss 0.2098 | acc 92.6% | 4s elapsed | eta 3s
  step 300/391 | loss 0.2073 | acc 92.6% | 6s elapsed | eta 2s
Ep  81 | loss 0.2069 | task 0.2069 | cons 0.0000 | train 92.7% | test 77.5% | 9s
  step 100/391 | loss 0.1885 | acc 93.3% | 2s elapsed | eta 6s
  step 200/391 | loss 0.1927 | acc 93.3% | 4s elapsed | eta 3s
  step 300/391 | loss 0.1930 | acc 93.2% | 6s elapsed | eta 2s
Ep  82 | loss 0.1960 | task 0.1960 | cons 0.0000 | train 93.1% | test 77.8% | 11s
  step 100/391 | loss 0.1802 | acc 93.6% | 4s elapsed | eta 11s
  step 200/391 | loss 0.1820 | acc 93.6% | 7s elapsed | eta 7s
  step 300/391 | loss 0.1862 | acc 93.3% | 9s elapsed | eta 3s
Ep  83 | loss 0.1933 | task 0.1933 | cons 0.0000 | train 93.1% | test 77.0% | 11s
  step 100/391 | loss 0.1830 | acc 93.4% | 2s elapsed | eta 5s
  step 200/391 | loss 0.1900 | acc 93.3% | 3s elapsed | eta 3s
  step 300/391 | loss 0.1922 | acc 93.1% | 5s elapsed | eta 2s
Ep  84 | loss 0.1931 | task 0.1931 | cons 0.0000 | train 93.2% | test 77.0% | 8s
  step 100/391 | loss 0.1937 | acc 93.5% | 2s elapsed | eta 5s
  step 200/391 | loss 0.1957 | acc 93.3% | 4s elapsed | eta 4s
  step 300/391 | loss 0.1948 | acc 93.2% | 7s elapsed | eta 2s
Ep  85 | loss 0.1911 | task 0.1911 | cons 0.0000 | train 93.2% | test 77.5% | 13s
  step 100/391 | loss 0.1761 | acc 93.7% | 3s elapsed | eta 8s
  step 200/391 | loss 0.1736 | acc 93.7% | 4s elapsed | eta 4s
  step 300/391 | loss 0.1817 | acc 93.4% | 5s elapsed | eta 2s
Ep  86 | loss 0.1863 | task 0.1863 | cons 0.0000 | train 93.2% | test 77.9% | 7s
  step 100/391 | loss 0.1707 | acc 93.9% | 3s elapsed | eta 8s
  step 200/391 | loss 0.1829 | acc 93.5% | 6s elapsed | eta 5s
  step 300/391 | loss 0.1862 | acc 93.4% | 7s elapsed | eta 2s
Ep  87 | loss 0.1878 | task 0.1878 | cons 0.0000 | train 93.4% | test 77.4% | 9s
  step 100/391 | loss 0.1769 | acc 93.8% | 1s elapsed | eta 4s
  step 200/391 | loss 0.1824 | acc 93.5% | 2s elapsed | eta 2s
  step 300/391 | loss 0.1850 | acc 93.4% | 3s elapsed | eta 1s
Ep  88 | loss 0.1876 | task 0.1876 | cons 0.0000 | train 93.3% | test 76.8% | 5s
  step 100/391 | loss 0.1672 | acc 94.0% | 2s elapsed | eta 5s
  step 200/391 | loss 0.1788 | acc 93.5% | 3s elapsed | eta 3s
  step 300/391 | loss 0.1822 | acc 93.3% | 4s elapsed | eta 1s
Ep  89 | loss 0.1850 | task 0.1850 | cons 0.0000 | train 93.2% | test 78.0% | 6s
  step 100/391 | loss 0.1717 | acc 94.0% | 1s elapsed | eta 4s
  step 200/391 | loss 0.1800 | acc 93.7% | 2s elapsed | eta 2s
  step 300/391 | loss 0.1811 | acc 93.6% | 3s elapsed | eta 1s
Ep  90 | loss 0.1826 | task 0.1826 | cons 0.0000 | train 93.6% | test 76.7% | 5s
    K=1: 71.9%
    K=2: 77.3%
    K=4: 76.7%
  step 100/391 | loss 0.1681 | acc 94.0% | 1s elapsed | eta 4s
  step 200/391 | loss 0.1702 | acc 94.0% | 3s elapsed | eta 2s
  step 300/391 | loss 0.1768 | acc 93.8% | 4s elapsed | eta 1s
Ep  91 | loss 0.1776 | task 0.1776 | cons 0.0000 | train 93.7% | test 77.0% | 5s
  step 100/391 | loss 0.1700 | acc 94.1% | 1s elapsed | eta 3s
  step 200/391 | loss 0.1711 | acc 94.0% | 2s elapsed | eta 2s
  step 300/391 | loss 0.1729 | acc 93.8% | 3s elapsed | eta 1s
Ep  92 | loss 0.1798 | task 0.1798 | cons 0.0000 | train 93.6% | test 77.5% | 5s
  step 100/391 | loss 0.1712 | acc 93.8% | 1s elapsed | eta 3s
  step 200/391 | loss 0.1760 | acc 93.7% | 2s elapsed | eta 2s
  step 300/391 | loss 0.1769 | acc 93.7% | 3s elapsed | eta 1s
Ep  93 | loss 0.1772 | task 0.1772 | cons 0.0000 | train 93.7% | test 77.5% | 5s
  step 100/391 | loss 0.1558 | acc 94.5% | 2s elapsed | eta 5s
  step 200/391 | loss 0.1627 | acc 94.2% | 3s elapsed | eta 3s
  step 300/391 | loss 0.1740 | acc 93.8% | 5s elapsed | eta 1s
Ep  94 | loss 0.1749 | task 0.1749 | cons 0.0000 | train 93.8% | test 77.4% | 8s
  step 100/391 | loss 0.1608 | acc 94.1% | 2s elapsed | eta 6s
  step 200/391 | loss 0.1598 | acc 94.2% | 4s elapsed | eta 4s
  step 300/391 | loss 0.1652 | acc 94.1% | 7s elapsed | eta 2s
Ep  95 | loss 0.1686 | task 0.1686 | cons 0.0000 | train 94.0% | test 77.6% | 10s
  step 100/391 | loss 0.1664 | acc 94.0% | 2s elapsed | eta 7s
  step 200/391 | loss 0.1664 | acc 94.0% | 4s elapsed | eta 4s
  step 300/391 | loss 0.1653 | acc 94.0% | 7s elapsed | eta 2s
Ep  96 | loss 0.1703 | task 0.1703 | cons 0.0000 | train 93.9% | test 77.4% | 10s
  step 100/391 | loss 0.1502 | acc 94.6% | 2s elapsed | eta 7s
  step 200/391 | loss 0.1507 | acc 94.6% | 4s elapsed | eta 4s
  step 300/391 | loss 0.1537 | acc 94.5% | 7s elapsed | eta 2s
Ep  97 | loss 0.1588 | task 0.1588 | cons 0.0000 | train 94.3% | test 77.7% | 9s
  step 100/391 | loss 0.1416 | acc 95.0% | 3s elapsed | eta 8s
  step 200/391 | loss 0.1526 | acc 94.6% | 7s elapsed | eta 6s
  step 300/391 | loss 0.1552 | acc 94.4% | 10s elapsed | eta 3s
Ep  98 | loss 0.1576 | task 0.1576 | cons 0.0000 | train 94.3% | test 77.2% | 15s
  step 100/391 | loss 0.1551 | acc 94.8% | 2s elapsed | eta 7s
  step 200/391 | loss 0.1539 | acc 94.6% | 5s elapsed | eta 5s
  step 300/391 | loss 0.1527 | acc 94.6% | 8s elapsed | eta 2s
Ep  99 | loss 0.1560 | task 0.1560 | cons 0.0000 | train 94.5% | test 77.5% | 11s
  step 100/391 | loss 0.1518 | acc 94.5% | 2s elapsed | eta 7s
  step 200/391 | loss 0.1467 | acc 94.7% | 4s elapsed | eta 4s
  step 300/391 | loss 0.1470 | acc 94.7% | 6s elapsed | eta 2s
Ep 100 | loss 0.1549 | task 0.1549 | cons 0.0000 | train 94.4% | test 77.6% | 9s
    K=1: 72.9%
    K=2: 77.5%
    K=4: 77.6%
  step 100/391 | loss 0.1512 | acc 94.5% | 2s elapsed | eta 6s
  step 200/391 | loss 0.1498 | acc 94.6% | 5s elapsed | eta 5s
  step 300/391 | loss 0.1589 | acc 94.2% | 7s elapsed | eta 2s
Ep 101 | loss 0.1600 | task 0.1600 | cons 0.0000 | train 94.2% | test 77.9% | 13s
  step 100/391 | loss 0.1527 | acc 94.4% | 4s elapsed | eta 11s
  step 200/391 | loss 0.1511 | acc 94.5% | 5s elapsed | eta 5s
  step 300/391 | loss 0.1514 | acc 94.6% | 7s elapsed | eta 2s
Ep 102 | loss 0.1556 | task 0.1556 | cons 0.0000 | train 94.5% | test 77.3% | 10s
  step 100/391 | loss 0.1438 | acc 94.9% | 2s elapsed | eta 6s
  step 200/391 | loss 0.1522 | acc 94.6% | 4s elapsed | eta 3s
  step 300/391 | loss 0.1552 | acc 94.4% | 6s elapsed | eta 2s
Ep 103 | loss 0.1596 | task 0.1596 | cons 0.0000 | train 94.2% | test 77.0% | 8s
  step 100/391 | loss 0.1436 | acc 94.8% | 2s elapsed | eta 6s
  step 200/391 | loss 0.1443 | acc 94.8% | 4s elapsed | eta 4s
  step 300/391 | loss 0.1466 | acc 94.7% | 7s elapsed | eta 2s
Ep 104 | loss 0.1443 | task 0.1443 | cons 0.0000 | train 94.8% | test 77.0% | 12s
  step 100/391 | loss 0.1403 | acc 95.1% | 4s elapsed | eta 11s
  step 200/391 | loss 0.1409 | acc 95.0% | 7s elapsed | eta 7s
  step 300/391 | loss 0.1472 | acc 94.7% | 10s elapsed | eta 3s
Ep 105 | loss 0.1501 | task 0.1501 | cons 0.0000 | train 94.5% | test 77.2% | 13s
  step 100/391 | loss 0.1432 | acc 95.0% | 2s elapsed | eta 6s
  step 200/391 | loss 0.1432 | acc 95.0% | 4s elapsed | eta 3s
  step 300/391 | loss 0.1452 | acc 94.9% | 6s elapsed | eta 2s
Ep 106 | loss 0.1488 | task 0.1488 | cons 0.0000 | train 94.8% | test 77.5% | 8s
  step 100/391 | loss 0.1323 | acc 95.3% | 2s elapsed | eta 5s
  step 200/391 | loss 0.1290 | acc 95.5% | 3s elapsed | eta 3s
  step 300/391 | loss 0.1357 | acc 95.2% | 5s elapsed | eta 2s
Ep 107 | loss 0.1387 | task 0.1387 | cons 0.0000 | train 95.1% | test 77.9% | 9s
  step 100/391 | loss 0.1453 | acc 94.9% | 3s elapsed | eta 8s
  step 200/391 | loss 0.1454 | acc 94.8% | 7s elapsed | eta 6s
  step 300/391 | loss 0.1439 | acc 94.9% | 10s elapsed | eta 3s
Ep 108 | loss 0.1454 | task 0.1454 | cons 0.0000 | train 94.8% | test 77.6% | 14s
  step 100/391 | loss 0.1594 | acc 94.3% | 2s elapsed | eta 5s
  step 200/391 | loss 0.1525 | acc 94.6% | 3s elapsed | eta 3s
  step 300/391 | loss 0.1565 | acc 94.5% | 5s elapsed | eta 1s
Ep 109 | loss 0.1527 | task 0.1527 | cons 0.0000 | train 94.6% | test 77.1% | 8s
  step 100/391 | loss 0.1306 | acc 95.3% | 2s elapsed | eta 5s
  step 200/391 | loss 0.1320 | acc 95.3% | 4s elapsed | eta 4s
  step 300/391 | loss 0.1345 | acc 95.2% | 6s elapsed | eta 2s
Ep 110 | loss 0.1381 | task 0.1381 | cons 0.0000 | train 95.1% | test 77.2% | 11s
    K=1: 73.2%
    K=2: 77.7%
    K=4: 77.2%
  step 100/391 | loss 0.1208 | acc 95.8% | 2s elapsed | eta 6s
  step 200/391 | loss 0.1235 | acc 95.7% | 4s elapsed | eta 4s
  step 300/391 | loss 0.1250 | acc 95.6% | 6s elapsed | eta 2s
Ep 111 | loss 0.1281 | task 0.1281 | cons 0.0000 | train 95.5% | test 77.4% | 8s
  step 100/391 | loss 0.1305 | acc 95.4% | 2s elapsed | eta 5s
  step 200/391 | loss 0.1349 | acc 95.3% | 3s elapsed | eta 3s
  step 300/391 | loss 0.1371 | acc 95.2% | 6s elapsed | eta 2s
Ep 112 | loss 0.1380 | task 0.1380 | cons 0.0000 | train 95.1% | test 77.2% | 8s
  step 100/391 | loss 0.1327 | acc 95.3% | 2s elapsed | eta 7s
  step 200/391 | loss 0.1339 | acc 95.3% | 6s elapsed | eta 5s
  step 300/391 | loss 0.1392 | acc 95.2% | 8s elapsed | eta 3s
Ep 113 | loss 0.1371 | task 0.1371 | cons 0.0000 | train 95.2% | test 77.1% | 12s
  step 100/391 | loss 0.1155 | acc 95.9% | 2s elapsed | eta 7s
  step 200/391 | loss 0.1220 | acc 95.6% | 3s elapsed | eta 3s
  step 300/391 | loss 0.1255 | acc 95.5% | 6s elapsed | eta 2s
Ep 114 | loss 0.1311 | task 0.1311 | cons 0.0000 | train 95.3% | test 76.6% | 7s
  step 100/391 | loss 0.1046 | acc 96.2% | 1s elapsed | eta 4s
  step 200/391 | loss 0.1227 | acc 95.6% | 2s elapsed | eta 2s
  step 300/391 | loss 0.1246 | acc 95.6% | 3s elapsed | eta 1s
Ep 115 | loss 0.1298 | task 0.1298 | cons 0.0000 | train 95.4% | test 77.7% | 5s
  step 100/391 | loss 0.1142 | acc 96.1% | 1s elapsed | eta 4s
  step 200/391 | loss 0.1258 | acc 95.6% | 2s elapsed | eta 2s
  step 300/391 | loss 0.1298 | acc 95.4% | 3s elapsed | eta 1s
Ep 116 | loss 0.1301 | task 0.1301 | cons 0.0000 | train 95.4% | test 77.5% | 5s
  step 100/391 | loss 0.1184 | acc 95.8% | 1s elapsed | eta 4s
  step 200/391 | loss 0.1213 | acc 95.7% | 2s elapsed | eta 2s
  step 300/391 | loss 0.1186 | acc 95.8% | 4s elapsed | eta 1s
Ep 117 | loss 0.1204 | task 0.1204 | cons 0.0000 | train 95.7% | test 76.6% | 6s
  step 100/391 | loss 0.1196 | acc 95.9% | 1s elapsed | eta 4s
  step 200/391 | loss 0.1154 | acc 96.0% | 3s elapsed | eta 2s
  step 300/391 | loss 0.1210 | acc 95.7% | 4s elapsed | eta 1s
Ep 118 | loss 0.1211 | task 0.1211 | cons 0.0000 | train 95.7% | test 76.9% | 6s
  step 100/391 | loss 0.1164 | acc 95.7% | 2s elapsed | eta 5s
  step 200/391 | loss 0.1232 | acc 95.6% | 3s elapsed | eta 2s
  step 300/391 | loss 0.1213 | acc 95.7% | 4s elapsed | eta 1s
Ep 119 | loss 0.1226 | task 0.1226 | cons 0.0000 | train 95.7% | test 76.9% | 6s
  step 100/391 | loss 0.1140 | acc 96.0% | 2s elapsed | eta 4s
  step 200/391 | loss 0.1152 | acc 95.9% | 3s elapsed | eta 2s
  step 300/391 | loss 0.1155 | acc 95.9% | 4s elapsed | eta 1s
Ep 120 | loss 0.1193 | task 0.1193 | cons 0.0000 | train 95.7% | test 77.6% | 5s
    K=1: 73.1%
    K=2: 77.7%
    K=4: 77.6%
  step 100/391 | loss 0.1062 | acc 96.2% | 2s elapsed | eta 6s
  step 200/391 | loss 0.1199 | acc 95.7% | 4s elapsed | eta 3s
  step 300/391 | loss 0.1217 | acc 95.6% | 5s elapsed | eta 2s
Ep 121 | loss 0.1248 | task 0.1248 | cons 0.0000 | train 95.6% | test 77.5% | 9s
  step 100/391 | loss 0.1187 | acc 95.7% | 2s elapsed | eta 7s
  step 200/391 | loss 0.1160 | acc 95.9% | 4s elapsed | eta 4s
  step 300/391 | loss 0.1149 | acc 95.9% | 7s elapsed | eta 2s
Ep 122 | loss 0.1171 | task 0.1171 | cons 0.0000 | train 95.8% | test 76.6% | 11s
  step 100/391 | loss 0.1090 | acc 96.3% | 2s elapsed | eta 7s
  step 200/391 | loss 0.1087 | acc 96.2% | 4s elapsed | eta 4s
  step 300/391 | loss 0.1131 | acc 96.1% | 7s elapsed | eta 2s
Ep 123 | loss 0.1132 | task 0.1132 | cons 0.0000 | train 96.0% | test 77.4% | 10s
  step 100/391 | loss 0.1122 | acc 96.2% | 2s elapsed | eta 6s
  step 200/391 | loss 0.1165 | acc 96.0% | 4s elapsed | eta 4s
  step 300/391 | loss 0.1176 | acc 95.9% | 6s elapsed | eta 2s
Ep 124 | loss 0.1145 | task 0.1145 | cons 0.0000 | train 96.0% | test 77.3% | 12s
  step 100/391 | loss 0.1080 | acc 96.1% | 4s elapsed | eta 13s
  step 200/391 | loss 0.1122 | acc 96.0% | 8s elapsed | eta 7s
  step 300/391 | loss 0.1127 | acc 96.0% | 10s elapsed | eta 3s
Ep 125 | loss 0.1118 | task 0.1118 | cons 0.0000 | train 96.1% | test 77.1% | 14s
  step 100/391 | loss 0.0929 | acc 96.8% | 2s elapsed | eta 7s
  step 200/391 | loss 0.1119 | acc 96.1% | 5s elapsed | eta 4s
  step 300/391 | loss 0.1165 | acc 95.9% | 7s elapsed | eta 2s
Ep 126 | loss 0.1144 | task 0.1144 | cons 0.0000 | train 96.0% | test 77.0% | 10s
  step 100/391 | loss 0.1101 | acc 96.0% | 2s elapsed | eta 6s
  step 200/391 | loss 0.1139 | acc 95.9% | 4s elapsed | eta 3s
  step 300/391 | loss 0.1152 | acc 95.9% | 5s elapsed | eta 2s
Ep 127 | loss 0.1132 | task 0.1132 | cons 0.0000 | train 96.0% | test 77.3% | 8s
  step 100/391 | loss 0.0984 | acc 96.5% | 2s elapsed | eta 6s
  step 200/391 | loss 0.1051 | acc 96.2% | 4s elapsed | eta 4s
  step 300/391 | loss 0.1070 | acc 96.2% | 8s elapsed | eta 2s
Ep 128 | loss 0.1099 | task 0.1099 | cons 0.0000 | train 96.1% | test 77.8% | 14s
  step 100/391 | loss 0.1087 | acc 96.3% | 3s elapsed | eta 8s
  step 200/391 | loss 0.1076 | acc 96.3% | 4s elapsed | eta 4s
  step 300/391 | loss 0.1053 | acc 96.4% | 6s elapsed | eta 2s
Ep 129 | loss 0.1047 | task 0.1047 | cons 0.0000 | train 96.4% | test 78.1% | 9s
  step 100/391 | loss 0.1006 | acc 96.5% | 2s elapsed | eta 6s
  step 200/391 | loss 0.0996 | acc 96.5% | 4s elapsed | eta 3s
  step 300/391 | loss 0.1015 | acc 96.5% | 6s elapsed | eta 2s
Ep 130 | loss 0.1043 | task 0.1043 | cons 0.0000 | train 96.4% | test 76.8% | 8s
    K=1: 72.4%
    K=2: 77.3%
    K=4: 76.8%
  step 100/391 | loss 0.1034 | acc 96.2% | 3s elapsed | eta 7s
  step 200/391 | loss 0.1024 | acc 96.3% | 6s elapsed | eta 6s
  step 300/391 | loss 0.1053 | acc 96.3% | 10s elapsed | eta 3s
Ep 131 | loss 0.1024 | task 0.1024 | cons 0.0000 | train 96.4% | test 77.8% | 15s
  step 100/391 | loss 0.0920 | acc 96.8% | 2s elapsed | eta 6s
  step 200/391 | loss 0.0972 | acc 96.6% | 4s elapsed | eta 4s
  step 300/391 | loss 0.0998 | acc 96.5% | 6s elapsed | eta 2s
Ep 132 | loss 0.1010 | task 0.1010 | cons 0.0000 | train 96.5% | test 78.4% | 9s
  step 100/391 | loss 0.0972 | acc 96.7% | 2s elapsed | eta 6s
  step 200/391 | loss 0.0972 | acc 96.6% | 4s elapsed | eta 4s
  step 300/391 | loss 0.0969 | acc 96.7% | 6s elapsed | eta 2s
Ep 133 | loss 0.0972 | task 0.0972 | cons 0.0000 | train 96.6% | test 77.5% | 9s
  step 100/391 | loss 0.0904 | acc 96.7% | 2s elapsed | eta 6s
  step 200/391 | loss 0.0965 | acc 96.6% | 4s elapsed | eta 4s
  step 300/391 | loss 0.0998 | acc 96.4% | 7s elapsed | eta 2s
Ep 134 | loss 0.0986 | task 0.0986 | cons 0.0000 | train 96.5% | test 76.5% | 13s
  step 100/391 | loss 0.0838 | acc 97.1% | 3s elapsed | eta 10s
  step 200/391 | loss 0.0864 | acc 97.1% | 5s elapsed | eta 5s
  step 300/391 | loss 0.0911 | acc 96.8% | 7s elapsed | eta 2s
Ep 135 | loss 0.0938 | task 0.0938 | cons 0.0000 | train 96.8% | test 77.9% | 10s
  step 100/391 | loss 0.0986 | acc 96.6% | 2s elapsed | eta 5s
  step 200/391 | loss 0.1023 | acc 96.4% | 3s elapsed | eta 3s
  step 300/391 | loss 0.0978 | acc 96.6% | 5s elapsed | eta 2s
Ep 136 | loss 0.0993 | task 0.0993 | cons 0.0000 | train 96.5% | test 76.9% | 8s
  step 100/391 | loss 0.0961 | acc 96.5% | 2s elapsed | eta 6s
  step 200/391 | loss 0.0938 | acc 96.7% | 4s elapsed | eta 4s
  step 300/391 | loss 0.0950 | acc 96.7% | 8s elapsed | eta 2s
Ep 137 | loss 0.0975 | task 0.0975 | cons 0.0000 | train 96.6% | test 77.2% | 14s
  step 100/391 | loss 0.0806 | acc 97.3% | 3s elapsed | eta 8s
  step 200/391 | loss 0.0889 | acc 96.9% | 5s elapsed | eta 5s
  step 300/391 | loss 0.0881 | acc 96.9% | 7s elapsed | eta 2s
Ep 138 | loss 0.0905 | task 0.0905 | cons 0.0000 | train 96.8% | test 77.4% | 10s
  step 100/391 | loss 0.0848 | acc 97.1% | 2s elapsed | eta 5s
  step 200/391 | loss 0.0906 | acc 96.8% | 3s elapsed | eta 3s
  step 300/391 | loss 0.0909 | acc 96.8% | 5s elapsed | eta 1s
Ep 139 | loss 0.0909 | task 0.0909 | cons 0.0000 | train 96.8% | test 77.7% | 8s
  step 100/391 | loss 0.0935 | acc 96.9% | 2s elapsed | eta 5s
  step 200/391 | loss 0.0944 | acc 96.8% | 4s elapsed | eta 4s
  step 300/391 | loss 0.0911 | acc 96.9% | 7s elapsed | eta 2s
Ep 140 | loss 0.0912 | task 0.0912 | cons 0.0000 | train 96.9% | test 77.9% | 12s
    K=1: 73.4%
    K=2: 78.0%
    K=4: 77.9%
  step 100/391 | loss 0.0932 | acc 96.6% | 1s elapsed | eta 4s
  step 200/391 | loss 0.0922 | acc 96.7% | 2s elapsed | eta 2s
  step 300/391 | loss 0.0959 | acc 96.6% | 3s elapsed | eta 1s
Ep 141 | loss 0.0969 | task 0.0969 | cons 0.0000 | train 96.6% | test 77.8% | 5s
  step 100/391 | loss 0.0758 | acc 97.3% | 2s elapsed | eta 4s
  step 200/391 | loss 0.0828 | acc 97.1% | 3s elapsed | eta 2s
  step 300/391 | loss 0.0878 | acc 96.9% | 4s elapsed | eta 1s
Ep 142 | loss 0.0918 | task 0.0918 | cons 0.0000 | train 96.7% | test 78.1% | 5s
  step 100/391 | loss 0.0976 | acc 96.5% | 1s elapsed | eta 4s
  step 200/391 | loss 0.0964 | acc 96.6% | 2s elapsed | eta 2s
  step 300/391 | loss 0.0907 | acc 96.8% | 3s elapsed | eta 1s
Ep 143 | loss 0.0910 | task 0.0910 | cons 0.0000 | train 96.8% | test 78.1% | 5s
  step 100/391 | loss 0.0835 | acc 97.0% | 2s elapsed | eta 5s
  step 200/391 | loss 0.0856 | acc 97.0% | 3s elapsed | eta 3s
  step 300/391 | loss 0.0851 | acc 97.0% | 4s elapsed | eta 1s
Ep 144 | loss 0.0834 | task 0.0834 | cons 0.0000 | train 97.1% | test 78.1% | 6s
  step 100/391 | loss 0.0799 | acc 97.3% | 1s elapsed | eta 4s
  step 200/391 | loss 0.0805 | acc 97.3% | 2s elapsed | eta 2s
  step 300/391 | loss 0.0869 | acc 97.0% | 4s elapsed | eta 1s
Ep 145 | loss 0.0855 | task 0.0855 | cons 0.0000 | train 97.0% | test 78.1% | 5s
  step 100/391 | loss 0.0847 | acc 97.0% | 2s elapsed | eta 4s
  step 200/391 | loss 0.0804 | acc 97.2% | 3s elapsed | eta 3s
  step 300/391 | loss 0.0812 | acc 97.2% | 4s elapsed | eta 1s
Ep 146 | loss 0.0836 | task 0.0836 | cons 0.0000 | train 97.1% | test 77.6% | 7s
  step 100/391 | loss 0.0797 | acc 97.3% | 2s elapsed | eta 6s
  step 200/391 | loss 0.0816 | acc 97.2% | 4s elapsed | eta 4s
  step 300/391 | loss 0.0816 | acc 97.2% | 6s elapsed | eta 2s
Ep 147 | loss 0.0821 | task 0.0821 | cons 0.0000 | train 97.2% | test 77.7% | 10s
  step 100/391 | loss 0.0837 | acc 97.1% | 2s elapsed | eta 6s
  step 200/391 | loss 0.0857 | acc 97.0% | 4s elapsed | eta 4s
  step 300/391 | loss 0.0857 | acc 97.0% | 7s elapsed | eta 2s
Ep 148 | loss 0.0850 | task 0.0850 | cons 0.0000 | train 97.0% | test 78.0% | 10s
  step 100/391 | loss 0.0650 | acc 97.8% | 3s elapsed | eta 7s
  step 200/391 | loss 0.0699 | acc 97.6% | 5s elapsed | eta 5s
  step 300/391 | loss 0.0732 | acc 97.4% | 8s elapsed | eta 2s
Ep 149 | loss 0.0754 | task 0.0754 | cons 0.0000 | train 97.4% | test 77.8% | 11s
  step 100/391 | loss 0.0668 | acc 97.8% | 2s elapsed | eta 6s
  step 200/391 | loss 0.0791 | acc 97.4% | 4s elapsed | eta 4s
  step 300/391 | loss 0.0779 | acc 97.4% | 8s elapsed | eta 2s
Ep 150 | loss 0.0816 | task 0.0816 | cons 0.0000 | train 97.2% | test 78.0% | 14s
    K=1: 73.4%
    K=2: 77.9%
    K=4: 78.0%
  step 100/391 | loss 0.0659 | acc 97.7% | 3s elapsed | eta 8s
  step 200/391 | loss 0.0712 | acc 97.5% | 5s elapsed | eta 5s
  step 300/391 | loss 0.0741 | acc 97.4% | 8s elapsed | eta 2s
Ep 151 | loss 0.0757 | task 0.0757 | cons 0.0000 | train 97.3% | test 78.1% | 11s
  step 100/391 | loss 0.0827 | acc 97.0% | 2s elapsed | eta 6s
  step 200/391 | loss 0.0793 | acc 97.1% | 4s elapsed | eta 3s
  step 300/391 | loss 0.0822 | acc 97.1% | 5s elapsed | eta 2s
Ep 152 | loss 0.0806 | task 0.0806 | cons 0.0000 | train 97.2% | test 77.2% | 8s
  step 100/391 | loss 0.0678 | acc 97.8% | 2s elapsed | eta 6s
  step 200/391 | loss 0.0652 | acc 97.8% | 4s elapsed | eta 4s
  step 300/391 | loss 0.0717 | acc 97.5% | 7s elapsed | eta 2s
Ep 153 | loss 0.0746 | task 0.0746 | cons 0.0000 | train 97.4% | test 77.3% | 12s
  step 100/391 | loss 0.0780 | acc 97.3% | 4s elapsed | eta 10s
  step 200/391 | loss 0.0780 | acc 97.3% | 7s elapsed | eta 7s
  step 300/391 | loss 0.0775 | acc 97.3% | 9s elapsed | eta 3s
Ep 154 | loss 0.0768 | task 0.0768 | cons 0.0000 | train 97.4% | test 77.9% | 12s
  step 100/391 | loss 0.0728 | acc 97.5% | 2s elapsed | eta 6s
  step 200/391 | loss 0.0821 | acc 97.1% | 4s elapsed | eta 3s
  step 300/391 | loss 0.0804 | acc 97.2% | 5s elapsed | eta 2s
Ep 155 | loss 0.0789 | task 0.0789 | cons 0.0000 | train 97.2% | test 78.1% | 8s
  step 100/391 | loss 0.0719 | acc 97.4% | 2s elapsed | eta 5s
  step 200/391 | loss 0.0732 | acc 97.5% | 3s elapsed | eta 3s
  step 300/391 | loss 0.0733 | acc 97.5% | 5s elapsed | eta 2s
Ep 156 | loss 0.0717 | task 0.0717 | cons 0.0000 | train 97.5% | test 77.4% | 9s
  step 100/391 | loss 0.0636 | acc 97.8% | 4s elapsed | eta 11s
  step 200/391 | loss 0.0655 | acc 97.7% | 7s elapsed | eta 7s
  step 300/391 | loss 0.0668 | acc 97.7% | 11s elapsed | eta 3s
Ep 157 | loss 0.0692 | task 0.0692 | cons 0.0000 | train 97.6% | test 77.6% | 13s
  step 100/391 | loss 0.0731 | acc 97.5% | 2s elapsed | eta 5s
  step 200/391 | loss 0.0789 | acc 97.3% | 4s elapsed | eta 3s
  step 300/391 | loss 0.0768 | acc 97.3% | 5s elapsed | eta 2s
Ep 158 | loss 0.0746 | task 0.0746 | cons 0.0000 | train 97.4% | test 77.6% | 8s
  step 100/391 | loss 0.0694 | acc 97.5% | 2s elapsed | eta 6s
  step 200/391 | loss 0.0694 | acc 97.5% | 3s elapsed | eta 3s
  step 300/391 | loss 0.0731 | acc 97.4% | 5s elapsed | eta 2s
Ep 159 | loss 0.0757 | task 0.0757 | cons 0.0000 | train 97.3% | test 78.0% | 9s
  step 100/391 | loss 0.0653 | acc 97.9% | 2s elapsed | eta 6s
  step 200/391 | loss 0.0671 | acc 97.8% | 5s elapsed | eta 5s
  step 300/391 | loss 0.0707 | acc 97.6% | 9s elapsed | eta 3s
Ep 160 | loss 0.0699 | task 0.0699 | cons 0.0000 | train 97.7% | test 78.0% | 14s
    K=1: 73.9%
    K=2: 78.2%
    K=4: 78.0%
  step 100/391 | loss 0.0715 | acc 97.3% | 2s elapsed | eta 5s
  step 200/391 | loss 0.0708 | acc 97.5% | 3s elapsed | eta 3s
  step 300/391 | loss 0.0671 | acc 97.6% | 5s elapsed | eta 2s
Ep 161 | loss 0.0673 | task 0.0673 | cons 0.0000 | train 97.6% | test 77.3% | 8s
  step 100/391 | loss 0.0597 | acc 97.9% | 2s elapsed | eta 5s
  step 200/391 | loss 0.0600 | acc 97.9% | 4s elapsed | eta 4s
  step 300/391 | loss 0.0625 | acc 97.8% | 6s elapsed | eta 2s
Ep 162 | loss 0.0634 | task 0.0634 | cons 0.0000 | train 97.8% | test 77.1% | 9s
  step 100/391 | loss 0.0576 | acc 97.9% | 2s elapsed | eta 6s
  step 200/391 | loss 0.0566 | acc 98.0% | 6s elapsed | eta 5s
  step 300/391 | loss 0.0601 | acc 98.0% | 9s elapsed | eta 3s
Ep 163 | loss 0.0601 | task 0.0601 | cons 0.0000 | train 97.9% | test 78.0% | 13s
  step 100/391 | loss 0.0616 | acc 97.9% | 2s elapsed | eta 6s
  step 200/391 | loss 0.0605 | acc 97.9% | 3s elapsed | eta 3s
  step 300/391 | loss 0.0643 | acc 97.7% | 5s elapsed | eta 2s
Ep 164 | loss 0.0642 | task 0.0642 | cons 0.0000 | train 97.7% | test 77.8% | 8s
  step 100/391 | loss 0.0573 | acc 98.0% | 2s elapsed | eta 4s
  step 200/391 | loss 0.0572 | acc 98.0% | 3s elapsed | eta 3s
  step 300/391 | loss 0.0576 | acc 98.0% | 5s elapsed | eta 2s
Ep 165 | loss 0.0597 | task 0.0597 | cons 0.0000 | train 97.9% | test 78.4% | 10s
  step 100/391 | loss 0.0570 | acc 98.0% | 3s elapsed | eta 9s
  step 200/391 | loss 0.0577 | acc 98.0% | 5s elapsed | eta 5s
  step 300/391 | loss 0.0619 | acc 97.8% | 6s elapsed | eta 2s
Ep 166 | loss 0.0650 | task 0.0650 | cons 0.0000 | train 97.7% | test 78.2% | 8s
  step 100/391 | loss 0.0633 | acc 97.8% | 2s elapsed | eta 5s
  step 200/391 | loss 0.0613 | acc 97.9% | 3s elapsed | eta 3s
  step 300/391 | loss 0.0571 | acc 98.0% | 4s elapsed | eta 1s
Ep 167 | loss 0.0573 | task 0.0573 | cons 0.0000 | train 98.0% | test 78.1% | 6s
  step 100/391 | loss 0.0582 | acc 98.0% | 2s elapsed | eta 5s
  step 200/391 | loss 0.0568 | acc 98.0% | 3s elapsed | eta 3s
  step 300/391 | loss 0.0579 | acc 98.0% | 4s elapsed | eta 1s
Ep 168 | loss 0.0607 | task 0.0607 | cons 0.0000 | train 97.8% | test 78.3% | 6s
  step 100/391 | loss 0.0645 | acc 97.6% | 1s elapsed | eta 4s
  step 200/391 | loss 0.0609 | acc 97.9% | 2s elapsed | eta 2s
  step 300/391 | loss 0.0612 | acc 97.8% | 3s elapsed | eta 1s
Ep 169 | loss 0.0613 | task 0.0613 | cons 0.0000 | train 97.8% | test 77.8% | 6s
  step 100/391 | loss 0.0551 | acc 98.2% | 1s elapsed | eta 4s
  step 200/391 | loss 0.0548 | acc 98.1% | 2s elapsed | eta 2s
  step 300/391 | loss 0.0555 | acc 98.1% | 4s elapsed | eta 1s
Ep 170 | loss 0.0571 | task 0.0571 | cons 0.0000 | train 98.1% | test 77.4% | 6s
    K=1: 72.8%
    K=2: 77.5%
    K=4: 77.4%
  step 100/391 | loss 0.0488 | acc 98.3% | 2s elapsed | eta 6s
  step 200/391 | loss 0.0528 | acc 98.2% | 4s elapsed | eta 4s
  step 300/391 | loss 0.0582 | acc 98.0% | 6s elapsed | eta 2s
Ep 171 | loss 0.0596 | task 0.0596 | cons 0.0000 | train 97.9% | test 77.8% | 9s
  step 100/391 | loss 0.0591 | acc 98.0% | 2s elapsed | eta 7s
  step 200/391 | loss 0.0568 | acc 98.1% | 5s elapsed | eta 4s
  step 300/391 | loss 0.0580 | acc 98.0% | 7s elapsed | eta 2s
Ep 172 | loss 0.0588 | task 0.0588 | cons 0.0000 | train 98.0% | test 77.1% | 10s
  step 100/391 | loss 0.0517 | acc 98.1% | 2s elapsed | eta 7s
  step 200/391 | loss 0.0505 | acc 98.2% | 5s elapsed | eta 4s
  step 300/391 | loss 0.0544 | acc 98.1% | 7s elapsed | eta 2s
Ep 173 | loss 0.0551 | task 0.0551 | cons 0.0000 | train 98.1% | test 78.0% | 11s
  step 100/391 | loss 0.0446 | acc 98.4% | 2s elapsed | eta 6s
  step 200/391 | loss 0.0482 | acc 98.4% | 4s elapsed | eta 4s
  step 300/391 | loss 0.0520 | acc 98.2% | 7s elapsed | eta 2s
Ep 174 | loss 0.0530 | task 0.0530 | cons 0.0000 | train 98.2% | test 77.9% | 13s
  step 100/391 | loss 0.0494 | acc 98.4% | 4s elapsed | eta 11s
  step 200/391 | loss 0.0507 | acc 98.3% | 7s elapsed | eta 6s
  step 300/391 | loss 0.0507 | acc 98.3% | 9s elapsed | eta 3s
Ep 175 | loss 0.0523 | task 0.0523 | cons 0.0000 | train 98.3% | test 77.1% | 13s
  step 100/391 | loss 0.0530 | acc 98.2% | 2s elapsed | eta 7s
  step 200/391 | loss 0.0558 | acc 98.1% | 5s elapsed | eta 4s
  step 300/391 | loss 0.0546 | acc 98.1% | 7s elapsed | eta 2s
Ep 176 | loss 0.0559 | task 0.0559 | cons 0.0000 | train 98.0% | test 77.4% | 10s
  step 100/391 | loss 0.0514 | acc 98.2% | 2s elapsed | eta 6s
  step 200/391 | loss 0.0507 | acc 98.3% | 4s elapsed | eta 3s
  step 300/391 | loss 0.0531 | acc 98.2% | 5s elapsed | eta 2s
Ep 177 | loss 0.0534 | task 0.0534 | cons 0.0000 | train 98.1% | test 77.8% | 9s
  step 100/391 | loss 0.0472 | acc 98.4% | 3s elapsed | eta 7s
  step 200/391 | loss 0.0486 | acc 98.4% | 5s elapsed | eta 5s
  step 300/391 | loss 0.0529 | acc 98.2% | 8s elapsed | eta 3s
Ep 178 | loss 0.0530 | task 0.0530 | cons 0.0000 | train 98.2% | test 77.1% | 14s
  step 100/391 | loss 0.0472 | acc 98.3% | 2s elapsed | eta 5s
  step 200/391 | loss 0.0470 | acc 98.4% | 4s elapsed | eta 4s
  step 300/391 | loss 0.0476 | acc 98.4% | 6s elapsed | eta 2s
Ep 179 | loss 0.0480 | task 0.0480 | cons 0.0000 | train 98.3% | test 78.0% | 8s
  step 100/391 | loss 0.0493 | acc 98.3% | 2s elapsed | eta 6s
  step 200/391 | loss 0.0506 | acc 98.3% | 4s elapsed | eta 4s
  step 300/391 | loss 0.0509 | acc 98.2% | 6s elapsed | eta 2s
Ep 180 | loss 0.0522 | task 0.0522 | cons 0.0000 | train 98.2% | test 78.0% | 9s
    K=1: 73.6%
    K=2: 77.9%
    K=4: 78.0%
  step 100/391 | loss 0.0401 | acc 98.7% | 2s elapsed | eta 7s
  step 200/391 | loss 0.0462 | acc 98.5% | 4s elapsed | eta 4s
  step 300/391 | loss 0.0447 | acc 98.5% | 7s elapsed | eta 2s
Ep 181 | loss 0.0476 | task 0.0476 | cons 0.0000 | train 98.4% | test 78.2% | 13s
  step 100/391 | loss 0.0480 | acc 98.4% | 4s elapsed | eta 11s
  step 200/391 | loss 0.0476 | acc 98.4% | 6s elapsed | eta 6s
  step 300/391 | loss 0.0463 | acc 98.4% | 9s elapsed | eta 3s
Ep 182 | loss 0.0459 | task 0.0459 | cons 0.0000 | train 98.5% | test 77.8% | 12s
  step 100/391 | loss 0.0419 | acc 98.5% | 2s elapsed | eta 6s
  step 200/391 | loss 0.0424 | acc 98.6% | 4s elapsed | eta 4s
  step 300/391 | loss 0.0450 | acc 98.5% | 6s elapsed | eta 2s
Ep 183 | loss 0.0453 | task 0.0453 | cons 0.0000 | train 98.5% | test 78.2% | 9s
  step 100/391 | loss 0.0423 | acc 98.5% | 2s elapsed | eta 6s
  step 200/391 | loss 0.0435 | acc 98.5% | 4s elapsed | eta 4s
  step 300/391 | loss 0.0448 | acc 98.4% | 7s elapsed | eta 2s
Ep 184 | loss 0.0442 | task 0.0442 | cons 0.0000 | train 98.5% | test 77.9% | 10s
  step 100/391 | loss 0.0463 | acc 98.4% | 3s elapsed | eta 9s
  step 200/391 | loss 0.0445 | acc 98.5% | 7s elapsed | eta 6s
  step 300/391 | loss 0.0477 | acc 98.4% | 10s elapsed | eta 3s
Ep 185 | loss 0.0464 | task 0.0464 | cons 0.0000 | train 98.4% | test 77.8% | 13s
  step 100/391 | loss 0.0404 | acc 98.5% | 2s elapsed | eta 5s
  step 200/391 | loss 0.0432 | acc 98.5% | 3s elapsed | eta 3s
  step 300/391 | loss 0.0446 | acc 98.5% | 5s elapsed | eta 2s
Ep 186 | loss 0.0441 | task 0.0441 | cons 0.0000 | train 98.5% | test 77.6% | 8s
  step 100/391 | loss 0.0342 | acc 98.8% | 2s elapsed | eta 5s
  step 200/391 | loss 0.0377 | acc 98.6% | 4s elapsed | eta 4s
  step 300/391 | loss 0.0389 | acc 98.7% | 6s elapsed | eta 2s
Ep 187 | loss 0.0413 | task 0.0413 | cons 0.0000 | train 98.6% | test 77.7% | 10s
  step 100/391 | loss 0.0359 | acc 98.8% | 3s elapsed | eta 10s
  step 200/391 | loss 0.0419 | acc 98.6% | 6s elapsed | eta 6s
  step 300/391 | loss 0.0411 | acc 98.6% | 8s elapsed | eta 2s
Ep 188 | loss 0.0396 | task 0.0396 | cons 0.0000 | train 98.7% | test 77.5% | 10s
  step 100/391 | loss 0.0415 | acc 98.6% | 1s elapsed | eta 4s
  step 200/391 | loss 0.0366 | acc 98.8% | 3s elapsed | eta 3s
  step 300/391 | loss 0.0390 | acc 98.7% | 5s elapsed | eta 1s
Ep 189 | loss 0.0395 | task 0.0395 | cons 0.0000 | train 98.7% | test 77.7% | 8s
  step 100/391 | loss 0.0386 | acc 98.6% | 3s elapsed | eta 9s
  step 200/391 | loss 0.0379 | acc 98.7% | 6s elapsed | eta 5s
  step 300/391 | loss 0.0411 | acc 98.6% | 7s elapsed | eta 2s
Ep 190 | loss 0.0414 | task 0.0414 | cons 0.0000 | train 98.6% | test 77.7% | 9s
    K=1: 73.0%
    K=2: 77.8%
    K=4: 77.7%
  step 100/391 | loss 0.0366 | acc 98.8% | 1s elapsed | eta 4s
  step 200/391 | loss 0.0361 | acc 98.8% | 3s elapsed | eta 2s
  step 300/391 | loss 0.0409 | acc 98.6% | 4s elapsed | eta 1s
Ep 191 | loss 0.0399 | task 0.0399 | cons 0.0000 | train 98.6% | test 78.0% | 6s
  step 100/391 | loss 0.0372 | acc 98.8% | 1s elapsed | eta 4s
  step 200/391 | loss 0.0391 | acc 98.7% | 2s elapsed | eta 2s
  step 300/391 | loss 0.0395 | acc 98.7% | 3s elapsed | eta 1s
Ep 192 | loss 0.0394 | task 0.0394 | cons 0.0000 | train 98.7% | test 78.3% | 6s
  step 100/391 | loss 0.0338 | acc 98.9% | 1s elapsed | eta 4s
  step 200/391 | loss 0.0372 | acc 98.7% | 3s elapsed | eta 2s
  step 300/391 | loss 0.0373 | acc 98.7% | 4s elapsed | eta 1s
Ep 193 | loss 0.0374 | task 0.0374 | cons 0.0000 | train 98.7% | test 77.7% | 7s
  step 100/391 | loss 0.0338 | acc 98.8% | 2s elapsed | eta 6s
  step 200/391 | loss 0.0364 | acc 98.8% | 4s elapsed | eta 4s
  step 300/391 | loss 0.0374 | acc 98.7% | 6s elapsed | eta 2s
Ep 194 | loss 0.0383 | task 0.0383 | cons 0.0000 | train 98.6% | test 77.7% | 10s
  step 100/391 | loss 0.0402 | acc 98.6% | 2s elapsed | eta 7s
  step 200/391 | loss 0.0393 | acc 98.6% | 4s elapsed | eta 4s
  step 300/391 | loss 0.0373 | acc 98.7% | 7s elapsed | eta 2s
Ep 195 | loss 0.0373 | task 0.0373 | cons 0.0000 | train 98.7% | test 78.1% | 10s
  step 100/391 | loss 0.0291 | acc 98.9% | 2s elapsed | eta 7s
  step 200/391 | loss 0.0338 | acc 98.8% | 5s elapsed | eta 5s
  step 300/391 | loss 0.0367 | acc 98.7% | 8s elapsed | eta 2s
Ep 196 | loss 0.0373 | task 0.0373 | cons 0.0000 | train 98.7% | test 78.2% | 11s
  step 100/391 | loss 0.0344 | acc 98.7% | 2s elapsed | eta 5s
  step 200/391 | loss 0.0339 | acc 98.7% | 3s elapsed | eta 3s
  step 300/391 | loss 0.0325 | acc 98.8% | 6s elapsed | eta 2s
Ep 197 | loss 0.0328 | task 0.0328 | cons 0.0000 | train 98.8% | test 77.9% | 12s
  step 100/391 | loss 0.0315 | acc 98.9% | 4s elapsed | eta 12s
  step 200/391 | loss 0.0359 | acc 98.8% | 8s elapsed | eta 7s
  step 300/391 | loss 0.0367 | acc 98.7% | 10s elapsed | eta 3s
Ep 198 | loss 0.0364 | task 0.0364 | cons 0.0000 | train 98.8% | test 78.0% | 13s
  step 100/391 | loss 0.0260 | acc 99.1% | 3s elapsed | eta 8s
  step 200/391 | loss 0.0310 | acc 99.0% | 5s elapsed | eta 5s
  step 300/391 | loss 0.0332 | acc 98.9% | 7s elapsed | eta 2s
Ep 199 | loss 0.0327 | task 0.0327 | cons 0.0000 | train 98.9% | test 77.7% | 10s
  step 100/391 | loss 0.0248 | acc 99.1% | 2s elapsed | eta 6s
  step 200/391 | loss 0.0286 | acc 99.1% | 4s elapsed | eta 3s
  step 300/391 | loss 0.0303 | acc 99.0% | 5s elapsed | eta 2s
Ep 200 | loss 0.0309 | task 0.0309 | cons 0.0000 | train 98.9% | test 78.3% | 8s
    K=1: 73.7%
    K=2: 78.3%
    K=4: 78.3%
  step 100/391 | loss 0.0348 | acc 98.8% | 4s elapsed | eta 11s
  step 200/391 | loss 0.0382 | acc 98.7% | 7s elapsed | eta 7s
  step 300/391 | loss 0.0345 | acc 98.9% | 10s elapsed | eta 3s
Ep 201 | loss 0.0343 | task 0.0343 | cons 0.0000 | train 98.9% | test 78.0% | 13s
  step 100/391 | loss 0.0318 | acc 98.9% | 2s elapsed | eta 6s
  step 200/391 | loss 0.0312 | acc 98.9% | 3s elapsed | eta 3s
  step 300/391 | loss 0.0297 | acc 99.0% | 5s elapsed | eta 2s
Ep 202 | loss 0.0299 | task 0.0299 | cons 0.0000 | train 99.0% | test 78.1% | 8s
  step 100/391 | loss 0.0220 | acc 99.2% | 2s elapsed | eta 5s
  step 200/391 | loss 0.0294 | acc 99.0% | 3s elapsed | eta 3s
  step 300/391 | loss 0.0302 | acc 99.0% | 5s elapsed | eta 2s
Ep 203 | loss 0.0299 | task 0.0299 | cons 0.0000 | train 99.0% | test 78.2% | 8s
  step 100/391 | loss 0.0342 | acc 98.9% | 2s elapsed | eta 5s
  step 200/391 | loss 0.0335 | acc 98.9% | 3s elapsed | eta 3s
  step 300/391 | loss 0.0312 | acc 98.9% | 6s elapsed | eta 2s
Ep 204 | loss 0.0312 | task 0.0312 | cons 0.0000 | train 98.9% | test 78.0% | 11s
  step 100/391 | loss 0.0268 | acc 99.0% | 4s elapsed | eta 10s
  step 200/391 | loss 0.0269 | acc 99.0% | 7s elapsed | eta 6s
  step 300/391 | loss 0.0281 | acc 99.0% | 9s elapsed | eta 3s
Ep 205 | loss 0.0281 | task 0.0281 | cons 0.0000 | train 99.0% | test 77.9% | 11s
  step 100/391 | loss 0.0256 | acc 99.1% | 2s elapsed | eta 5s
  step 200/391 | loss 0.0271 | acc 99.1% | 3s elapsed | eta 3s
  step 300/391 | loss 0.0279 | acc 99.0% | 5s elapsed | eta 2s
Ep 206 | loss 0.0281 | task 0.0281 | cons 0.0000 | train 99.0% | test 78.0% | 8s
  step 100/391 | loss 0.0225 | acc 99.3% | 2s elapsed | eta 6s
  step 200/391 | loss 0.0243 | acc 99.2% | 4s elapsed | eta 4s
  step 300/391 | loss 0.0251 | acc 99.2% | 6s elapsed | eta 2s
Ep 207 | loss 0.0258 | task 0.0258 | cons 0.0000 | train 99.1% | test 77.4% | 11s
  step 100/391 | loss 0.0238 | acc 99.0% | 4s elapsed | eta 11s
  step 200/391 | loss 0.0302 | acc 98.9% | 7s elapsed | eta 7s
  step 300/391 | loss 0.0277 | acc 99.0% | 10s elapsed | eta 3s
Ep 208 | loss 0.0273 | task 0.0273 | cons 0.0000 | train 99.1% | test 77.4% | 12s
  step 100/391 | loss 0.0227 | acc 99.1% | 2s elapsed | eta 5s
  step 200/391 | loss 0.0236 | acc 99.1% | 3s elapsed | eta 3s
  step 300/391 | loss 0.0237 | acc 99.1% | 5s elapsed | eta 2s
Ep 209 | loss 0.0249 | task 0.0249 | cons 0.0000 | train 99.1% | test 77.9% | 8s
  step 100/391 | loss 0.0278 | acc 99.1% | 2s elapsed | eta 5s
  step 200/391 | loss 0.0292 | acc 99.1% | 3s elapsed | eta 3s
  step 300/391 | loss 0.0290 | acc 99.1% | 5s elapsed | eta 1s
Ep 210 | loss 0.0284 | task 0.0284 | cons 0.0000 | train 99.0% | test 78.2% | 9s
    K=1: 74.3%
    K=2: 78.5%
    K=4: 78.2%
  step 100/391 | loss 0.0246 | acc 99.1% | 3s elapsed | eta 10s
  step 200/391 | loss 0.0249 | acc 99.1% | 5s elapsed | eta 4s
  step 300/391 | loss 0.0246 | acc 99.1% | 6s elapsed | eta 2s
Ep 211 | loss 0.0234 | task 0.0234 | cons 0.0000 | train 99.2% | test 78.0% | 8s
  step 100/391 | loss 0.0202 | acc 99.4% | 1s elapsed | eta 4s
  step 200/391 | loss 0.0220 | acc 99.3% | 3s elapsed | eta 2s
  step 300/391 | loss 0.0219 | acc 99.3% | 5s elapsed | eta 1s
Ep 212 | loss 0.0227 | task 0.0227 | cons 0.0000 | train 99.3% | test 78.2% | 9s
  step 100/391 | loss 0.0249 | acc 99.2% | 1s elapsed | eta 3s
  step 200/391 | loss 0.0233 | acc 99.2% | 2s elapsed | eta 2s
  step 300/391 | loss 0.0225 | acc 99.2% | 3s elapsed | eta 1s
Ep 213 | loss 0.0224 | task 0.0224 | cons 0.0000 | train 99.3% | test 78.1% | 5s
  step 100/391 | loss 0.0207 | acc 99.3% | 2s elapsed | eta 5s
  step 200/391 | loss 0.0214 | acc 99.3% | 3s elapsed | eta 2s
  step 300/391 | loss 0.0224 | acc 99.2% | 4s elapsed | eta 1s
Ep 214 | loss 0.0226 | task 0.0226 | cons 0.0000 | train 99.2% | test 77.7% | 5s
  step 100/391 | loss 0.0248 | acc 99.1% | 1s elapsed | eta 4s
  step 200/391 | loss 0.0226 | acc 99.2% | 2s elapsed | eta 2s
  step 300/391 | loss 0.0227 | acc 99.2% | 3s elapsed | eta 1s
Ep 215 | loss 0.0224 | task 0.0224 | cons 0.0000 | train 99.2% | test 77.7% | 5s
  step 100/391 | loss 0.0254 | acc 99.0% | 1s elapsed | eta 4s
  step 200/391 | loss 0.0222 | acc 99.2% | 2s elapsed | eta 2s
  step 300/391 | loss 0.0246 | acc 99.1% | 3s elapsed | eta 1s
Ep 216 | loss 0.0231 | task 0.0231 | cons 0.0000 | train 99.2% | test 78.1% | 5s
  step 100/391 | loss 0.0235 | acc 99.2% | 2s elapsed | eta 4s
  step 200/391 | loss 0.0229 | acc 99.2% | 3s elapsed | eta 2s
  step 300/391 | loss 0.0237 | acc 99.2% | 4s elapsed | eta 1s
Ep 217 | loss 0.0219 | task 0.0219 | cons 0.0000 | train 99.3% | test 78.1% | 6s
  step 100/391 | loss 0.0220 | acc 99.3% | 1s elapsed | eta 4s
  step 200/391 | loss 0.0229 | acc 99.2% | 2s elapsed | eta 2s
  step 300/391 | loss 0.0206 | acc 99.3% | 4s elapsed | eta 1s
Ep 218 | loss 0.0207 | task 0.0207 | cons 0.0000 | train 99.3% | test 78.1% | 5s
  step 100/391 | loss 0.0245 | acc 99.2% | 2s elapsed | eta 5s
  step 200/391 | loss 0.0212 | acc 99.3% | 3s elapsed | eta 3s
  step 300/391 | loss 0.0218 | acc 99.3% | 5s elapsed | eta 2s
Ep 219 | loss 0.0220 | task 0.0220 | cons 0.0000 | train 99.3% | test 78.1% | 8s
  step 100/391 | loss 0.0171 | acc 99.5% | 2s elapsed | eta 6s
  step 200/391 | loss 0.0210 | acc 99.3% | 4s elapsed | eta 4s
  step 300/391 | loss 0.0207 | acc 99.3% | 7s elapsed | eta 2s
Ep 220 | loss 0.0219 | task 0.0219 | cons 0.0000 | train 99.2% | test 78.2% | 10s
    K=1: 74.4%
    K=2: 78.4%
    K=4: 78.2%
  step 100/391 | loss 0.0206 | acc 99.4% | 2s elapsed | eta 7s
  step 200/391 | loss 0.0227 | acc 99.3% | 4s elapsed | eta 4s
  step 300/391 | loss 0.0213 | acc 99.3% | 6s elapsed | eta 2s
Ep 221 | loss 0.0212 | task 0.0212 | cons 0.0000 | train 99.3% | test 78.0% | 10s
  step 100/391 | loss 0.0162 | acc 99.5% | 3s elapsed | eta 7s
  step 200/391 | loss 0.0154 | acc 99.5% | 5s elapsed | eta 4s
  step 300/391 | loss 0.0170 | acc 99.5% | 7s elapsed | eta 2s
Ep 222 | loss 0.0170 | task 0.0170 | cons 0.0000 | train 99.4% | test 78.3% | 10s
  step 100/391 | loss 0.0208 | acc 99.3% | 2s elapsed | eta 5s
  step 200/391 | loss 0.0199 | acc 99.3% | 4s elapsed | eta 4s
  step 300/391 | loss 0.0202 | acc 99.3% | 7s elapsed | eta 2s
Ep 223 | loss 0.0203 | task 0.0203 | cons 0.0000 | train 99.3% | test 78.5% | 13s
  step 100/391 | loss 0.0159 | acc 99.4% | 4s elapsed | eta 12s
  step 200/391 | loss 0.0188 | acc 99.4% | 6s elapsed | eta 6s
  step 300/391 | loss 0.0178 | acc 99.4% | 9s elapsed | eta 3s
Ep 224 | loss 0.0177 | task 0.0177 | cons 0.0000 | train 99.4% | test 78.4% | 12s
  step 100/391 | loss 0.0202 | acc 99.3% | 2s elapsed | eta 7s
  step 200/391 | loss 0.0204 | acc 99.3% | 4s elapsed | eta 4s
  step 300/391 | loss 0.0190 | acc 99.4% | 6s elapsed | eta 2s
Ep 225 | loss 0.0177 | task 0.0177 | cons 0.0000 | train 99.4% | test 78.7% | 9s
  step 100/391 | loss 0.0179 | acc 99.4% | 2s elapsed | eta 6s
  step 200/391 | loss 0.0173 | acc 99.4% | 4s elapsed | eta 4s
  step 300/391 | loss 0.0178 | acc 99.4% | 6s elapsed | eta 2s
Ep 226 | loss 0.0170 | task 0.0170 | cons 0.0000 | train 99.4% | test 78.2% | 8s
  step 100/391 | loss 0.0152 | acc 99.5% | 2s elapsed | eta 6s
  step 200/391 | loss 0.0158 | acc 99.5% | 4s elapsed | eta 4s
  step 300/391 | loss 0.0164 | acc 99.5% | 6s elapsed | eta 2s
Ep 227 | loss 0.0163 | task 0.0163 | cons 0.0000 | train 99.5% | test 78.7% | 12s
  step 100/391 | loss 0.0175 | acc 99.4% | 4s elapsed | eta 10s
  step 200/391 | loss 0.0174 | acc 99.4% | 6s elapsed | eta 6s
  step 300/391 | loss 0.0159 | acc 99.4% | 8s elapsed | eta 3s
Ep 228 | loss 0.0168 | task 0.0168 | cons 0.0000 | train 99.4% | test 78.8% | 11s
  step 100/391 | loss 0.0135 | acc 99.6% | 2s elapsed | eta 6s
  step 200/391 | loss 0.0145 | acc 99.5% | 4s elapsed | eta 3s
  step 300/391 | loss 0.0151 | acc 99.5% | 5s elapsed | eta 2s
Ep 229 | loss 0.0153 | task 0.0153 | cons 0.0000 | train 99.5% | test 78.5% | 8s
  step 100/391 | loss 0.0144 | acc 99.5% | 3s elapsed | eta 9s
  step 200/391 | loss 0.0142 | acc 99.5% | 5s elapsed | eta 4s
  step 300/391 | loss 0.0139 | acc 99.6% | 7s elapsed | eta 2s
Ep 230 | loss 0.0144 | task 0.0144 | cons 0.0000 | train 99.5% | test 78.3% | 11s
    K=1: 74.9%
    K=2: 78.5%
    K=4: 78.3%
  step 100/391 | loss 0.0125 | acc 99.6% | 3s elapsed | eta 9s
  step 200/391 | loss 0.0129 | acc 99.6% | 5s elapsed | eta 4s
  step 300/391 | loss 0.0140 | acc 99.5% | 7s elapsed | eta 2s
Ep 231 | loss 0.0145 | task 0.0145 | cons 0.0000 | train 99.5% | test 78.6% | 9s
  step 100/391 | loss 0.0180 | acc 99.4% | 2s elapsed | eta 5s
  step 200/391 | loss 0.0160 | acc 99.5% | 4s elapsed | eta 4s
  step 300/391 | loss 0.0153 | acc 99.5% | 5s elapsed | eta 2s
Ep 232 | loss 0.0139 | task 0.0139 | cons 0.0000 | train 99.6% | test 78.4% | 9s
  step 100/391 | loss 0.0159 | acc 99.5% | 2s elapsed | eta 6s
  step 200/391 | loss 0.0157 | acc 99.5% | 4s elapsed | eta 3s
  step 300/391 | loss 0.0148 | acc 99.5% | 5s elapsed | eta 2s
Ep 233 | loss 0.0149 | task 0.0149 | cons 0.0000 | train 99.5% | test 78.1% | 11s
  step 100/391 | loss 0.0182 | acc 99.4% | 3s elapsed | eta 10s
  step 200/391 | loss 0.0169 | acc 99.4% | 6s elapsed | eta 6s
  step 300/391 | loss 0.0169 | acc 99.4% | 8s elapsed | eta 2s
Ep 234 | loss 0.0162 | task 0.0162 | cons 0.0000 | train 99.5% | test 78.2% | 11s
  step 100/391 | loss 0.0113 | acc 99.6% | 2s elapsed | eta 6s
  step 200/391 | loss 0.0117 | acc 99.6% | 4s elapsed | eta 4s
  step 300/391 | loss 0.0125 | acc 99.6% | 6s elapsed | eta 2s
Ep 235 | loss 0.0142 | task 0.0142 | cons 0.0000 | train 99.5% | test 78.0% | 9s
  step 100/391 | loss 0.0120 | acc 99.6% | 3s elapsed | eta 9s
  step 200/391 | loss 0.0123 | acc 99.6% | 4s elapsed | eta 4s
  step 300/391 | loss 0.0122 | acc 99.6% | 6s elapsed | eta 2s
Ep 236 | loss 0.0120 | task 0.0120 | cons 0.0000 | train 99.6% | test 78.0% | 9s
  step 100/391 | loss 0.0125 | acc 99.6% | 3s elapsed | eta 9s
  step 200/391 | loss 0.0134 | acc 99.6% | 6s elapsed | eta 6s
  step 300/391 | loss 0.0128 | acc 99.6% | 9s elapsed | eta 3s
Ep 237 | loss 0.0133 | task 0.0133 | cons 0.0000 | train 99.6% | test 78.2% | 12s
  step 100/391 | loss 0.0076 | acc 99.7% | 1s elapsed | eta 3s
  step 200/391 | loss 0.0094 | acc 99.7% | 3s elapsed | eta 3s
  step 300/391 | loss 0.0092 | acc 99.7% | 5s elapsed | eta 1s
Ep 238 | loss 0.0104 | task 0.0104 | cons 0.0000 | train 99.7% | test 78.3% | 7s
  step 100/391 | loss 0.0120 | acc 99.6% | 1s elapsed | eta 4s
  step 200/391 | loss 0.0117 | acc 99.6% | 2s elapsed | eta 2s
  step 300/391 | loss 0.0119 | acc 99.6% | 3s elapsed | eta 1s
Ep 239 | loss 0.0119 | task 0.0119 | cons 0.0000 | train 99.6% | test 78.0% | 5s
  step 100/391 | loss 0.0149 | acc 99.5% | 1s elapsed | eta 4s
  step 200/391 | loss 0.0148 | acc 99.5% | 2s elapsed | eta 2s
  step 300/391 | loss 0.0130 | acc 99.6% | 3s elapsed | eta 1s
Ep 240 | loss 0.0130 | task 0.0130 | cons 0.0000 | train 99.6% | test 78.1% | 5s
    K=1: 74.2%
    K=2: 78.0%
    K=4: 78.1%
  step 100/391 | loss 0.0109 | acc 99.7% | 1s elapsed | eta 4s
  step 200/391 | loss 0.0120 | acc 99.6% | 2s elapsed | eta 2s
  step 300/391 | loss 0.0116 | acc 99.6% | 3s elapsed | eta 1s
Ep 241 | loss 0.0106 | task 0.0106 | cons 0.0000 | train 99.7% | test 78.4% | 5s
  step 100/391 | loss 0.0101 | acc 99.7% | 2s elapsed | eta 6s
  step 200/391 | loss 0.0114 | acc 99.6% | 4s elapsed | eta 4s
  step 300/391 | loss 0.0107 | acc 99.7% | 6s elapsed | eta 2s
Ep 242 | loss 0.0106 | task 0.0106 | cons 0.0000 | train 99.7% | test 78.4% | 9s
  step 100/391 | loss 0.0136 | acc 99.7% | 2s elapsed | eta 6s
  step 200/391 | loss 0.0121 | acc 99.7% | 4s elapsed | eta 4s
  step 300/391 | loss 0.0126 | acc 99.6% | 7s elapsed | eta 2s
Ep 243 | loss 0.0121 | task 0.0121 | cons 0.0000 | train 99.6% | test 78.3% | 10s
  step 100/391 | loss 0.0104 | acc 99.6% | 2s elapsed | eta 6s
  step 200/391 | loss 0.0112 | acc 99.6% | 4s elapsed | eta 4s
  step 300/391 | loss 0.0110 | acc 99.6% | 7s elapsed | eta 2s
Ep 244 | loss 0.0103 | task 0.0103 | cons 0.0000 | train 99.6% | test 78.3% | 10s
  step 100/391 | loss 0.0081 | acc 99.8% | 3s elapsed | eta 8s
  step 200/391 | loss 0.0091 | acc 99.7% | 5s elapsed | eta 4s
  step 300/391 | loss 0.0090 | acc 99.7% | 6s elapsed | eta 2s
Ep 245 | loss 0.0094 | task 0.0094 | cons 0.0000 | train 99.7% | test 78.5% | 10s
  step 100/391 | loss 0.0124 | acc 99.6% | 2s elapsed | eta 7s
  step 200/391 | loss 0.0126 | acc 99.6% | 5s elapsed | eta 5s
  step 300/391 | loss 0.0124 | acc 99.6% | 9s elapsed | eta 3s
Ep 246 | loss 0.0109 | task 0.0109 | cons 0.0000 | train 99.7% | test 78.6% | 14s
  step 100/391 | loss 0.0093 | acc 99.7% | 2s elapsed | eta 7s
  step 200/391 | loss 0.0101 | acc 99.7% | 4s elapsed | eta 4s
  step 300/391 | loss 0.0103 | acc 99.7% | 7s elapsed | eta 2s
Ep 247 | loss 0.0096 | task 0.0096 | cons 0.0000 | train 99.7% | test 78.7% | 10s
  step 100/391 | loss 0.0083 | acc 99.7% | 2s elapsed | eta 7s
  step 200/391 | loss 0.0090 | acc 99.7% | 5s elapsed | eta 4s
  step 300/391 | loss 0.0093 | acc 99.7% | 8s elapsed | eta 2s
Ep 248 | loss 0.0096 | task 0.0096 | cons 0.0000 | train 99.7% | test 78.8% | 11s
  step 100/391 | loss 0.0096 | acc 99.7% | 2s elapsed | eta 6s
  step 200/391 | loss 0.0095 | acc 99.7% | 4s elapsed | eta 3s
  step 300/391 | loss 0.0101 | acc 99.7% | 6s elapsed | eta 2s
Ep 249 | loss 0.0103 | task 0.0103 | cons 0.0000 | train 99.7% | test 78.5% | 9s
  step 100/391 | loss 0.0126 | acc 99.6% | 4s elapsed | eta 11s
  step 200/391 | loss 0.0098 | acc 99.7% | 8s elapsed | eta 7s
  step 300/391 | loss 0.0091 | acc 99.7% | 11s elapsed | eta 3s
Ep 250 | loss 0.0088 | task 0.0088 | cons 0.0000 | train 99.7% | test 78.8% | 14s
    K=1: 74.8%
    K=2: 78.8%
    K=4: 78.8%
  step 100/391 | loss 0.0107 | acc 99.6% | 2s elapsed | eta 5s
  step 200/391 | loss 0.0095 | acc 99.7% | 4s elapsed | eta 3s
  step 300/391 | loss 0.0103 | acc 99.7% | 5s elapsed | eta 2s
Ep 251 | loss 0.0100 | task 0.0100 | cons 0.0000 | train 99.7% | test 78.6% | 8s
  step 100/391 | loss 0.0077 | acc 99.7% | 2s elapsed | eta 5s
  step 200/391 | loss 0.0074 | acc 99.8% | 3s elapsed | eta 3s
  step 300/391 | loss 0.0078 | acc 99.8% | 5s elapsed | eta 2s
Ep 252 | loss 0.0082 | task 0.0082 | cons 0.0000 | train 99.7% | test 78.5% | 8s
  step 100/391 | loss 0.0067 | acc 99.8% | 4s elapsed | eta 11s
  step 200/391 | loss 0.0080 | acc 99.7% | 8s elapsed | eta 7s
  step 300/391 | loss 0.0085 | acc 99.7% | 11s elapsed | eta 3s
Ep 253 | loss 0.0080 | task 0.0080 | cons 0.0000 | train 99.7% | test 78.3% | 14s
  step 100/391 | loss 0.0075 | acc 99.8% | 2s elapsed | eta 5s
  step 200/391 | loss 0.0063 | acc 99.8% | 4s elapsed | eta 3s
  step 300/391 | loss 0.0071 | acc 99.8% | 5s elapsed | eta 2s
Ep 254 | loss 0.0076 | task 0.0076 | cons 0.0000 | train 99.8% | test 78.4% | 8s
  step 100/391 | loss 0.0089 | acc 99.7% | 2s elapsed | eta 5s
  step 200/391 | loss 0.0092 | acc 99.7% | 4s elapsed | eta 3s
  step 300/391 | loss 0.0088 | acc 99.7% | 5s elapsed | eta 2s
Ep 255 | loss 0.0085 | task 0.0085 | cons 0.0000 | train 99.7% | test 78.5% | 8s
  step 100/391 | loss 0.0086 | acc 99.8% | 2s elapsed | eta 6s
  step 200/391 | loss 0.0088 | acc 99.7% | 4s elapsed | eta 4s
  step 300/391 | loss 0.0086 | acc 99.7% | 8s elapsed | eta 2s
Ep 256 | loss 0.0079 | task 0.0079 | cons 0.0000 | train 99.8% | test 78.5% | 14s
  step 100/391 | loss 0.0052 | acc 99.9% | 2s elapsed | eta 7s
  step 200/391 | loss 0.0063 | acc 99.8% | 4s elapsed | eta 4s
  step 300/391 | loss 0.0064 | acc 99.8% | 6s elapsed | eta 2s
Ep 257 | loss 0.0067 | task 0.0067 | cons 0.0000 | train 99.8% | test 78.5% | 9s
  step 100/391 | loss 0.0074 | acc 99.8% | 2s elapsed | eta 5s
  step 200/391 | loss 0.0066 | acc 99.8% | 3s elapsed | eta 3s
  step 300/391 | loss 0.0070 | acc 99.8% | 5s elapsed | eta 2s
Ep 258 | loss 0.0070 | task 0.0070 | cons 0.0000 | train 99.8% | test 78.6% | 8s
  step 100/391 | loss 0.0070 | acc 99.8% | 2s elapsed | eta 5s
  step 200/391 | loss 0.0066 | acc 99.8% | 4s elapsed | eta 4s
  step 300/391 | loss 0.0073 | acc 99.8% | 7s elapsed | eta 2s
Ep 259 | loss 0.0072 | task 0.0072 | cons 0.0000 | train 99.8% | test 78.5% | 12s
  step 100/391 | loss 0.0064 | acc 99.8% | 3s elapsed | eta 10s
  step 200/391 | loss 0.0066 | acc 99.8% | 4s elapsed | eta 4s
  step 300/391 | loss 0.0068 | acc 99.8% | 6s elapsed | eta 2s
Ep 260 | loss 0.0070 | task 0.0070 | cons 0.0000 | train 99.8% | test 78.4% | 8s
    K=1: 74.5%
    K=2: 78.7%
    K=4: 78.4%
  step 100/391 | loss 0.0066 | acc 99.8% | 1s elapsed | eta 3s
  step 200/391 | loss 0.0064 | acc 99.8% | 2s elapsed | eta 2s
  step 300/391 | loss 0.0066 | acc 99.8% | 3s elapsed | eta 1s
Ep 261 | loss 0.0064 | task 0.0064 | cons 0.0000 | train 99.8% | test 78.5% | 5s
  step 100/391 | loss 0.0059 | acc 99.8% | 1s elapsed | eta 4s
  step 200/391 | loss 0.0065 | acc 99.8% | 2s elapsed | eta 2s
  step 300/391 | loss 0.0067 | acc 99.8% | 3s elapsed | eta 1s
Ep 262 | loss 0.0068 | task 0.0068 | cons 0.0000 | train 99.8% | test 78.5% | 6s
  step 100/391 | loss 0.0054 | acc 99.8% | 1s elapsed | eta 4s
  step 200/391 | loss 0.0064 | acc 99.8% | 3s elapsed | eta 2s
  step 300/391 | loss 0.0065 | acc 99.8% | 4s elapsed | eta 1s
Ep 263 | loss 0.0062 | task 0.0062 | cons 0.0000 | train 99.8% | test 78.5% | 6s
  step 100/391 | loss 0.0064 | acc 99.8% | 2s elapsed | eta 5s
  step 200/391 | loss 0.0064 | acc 99.8% | 3s elapsed | eta 3s
  step 300/391 | loss 0.0064 | acc 99.8% | 4s elapsed | eta 1s
Ep 264 | loss 0.0066 | task 0.0066 | cons 0.0000 | train 99.8% | test 78.8% | 6s
  step 100/391 | loss 0.0056 | acc 99.9% | 2s elapsed | eta 5s
  step 200/391 | loss 0.0075 | acc 99.8% | 3s elapsed | eta 3s
  step 300/391 | loss 0.0073 | acc 99.8% | 4s elapsed | eta 1s
Ep 265 | loss 0.0072 | task 0.0072 | cons 0.0000 | train 99.8% | test 78.5% | 7s
  step 100/391 | loss 0.0064 | acc 99.8% | 2s elapsed | eta 5s
  step 200/391 | loss 0.0063 | acc 99.8% | 4s elapsed | eta 4s
  step 300/391 | loss 0.0056 | acc 99.8% | 6s elapsed | eta 2s
Ep 266 | loss 0.0057 | task 0.0057 | cons 0.0000 | train 99.8% | test 78.7% | 10s
  step 100/391 | loss 0.0053 | acc 99.9% | 2s elapsed | eta 7s
  step 200/391 | loss 0.0059 | acc 99.8% | 5s elapsed | eta 4s
  step 300/391 | loss 0.0065 | acc 99.8% | 7s elapsed | eta 2s
Ep 267 | loss 0.0064 | task 0.0064 | cons 0.0000 | train 99.8% | test 78.6% | 11s
  step 100/391 | loss 0.0054 | acc 99.9% | 3s elapsed | eta 7s
  step 200/391 | loss 0.0055 | acc 99.9% | 5s elapsed | eta 5s
  step 300/391 | loss 0.0059 | acc 99.8% | 7s elapsed | eta 2s
Ep 268 | loss 0.0060 | task 0.0060 | cons 0.0000 | train 99.8% | test 78.1% | 11s
  step 100/391 | loss 0.0070 | acc 99.8% | 2s elapsed | eta 5s
  step 200/391 | loss 0.0054 | acc 99.8% | 4s elapsed | eta 3s
  step 300/391 | loss 0.0051 | acc 99.8% | 7s elapsed | eta 2s
Ep 269 | loss 0.0053 | task 0.0053 | cons 0.0000 | train 99.9% | test 78.4% | 12s
  step 100/391 | loss 0.0074 | acc 99.8% | 4s elapsed | eta 12s
  step 200/391 | loss 0.0070 | acc 99.8% | 7s elapsed | eta 6s
  step 300/391 | loss 0.0064 | acc 99.8% | 9s elapsed | eta 3s
Ep 270 | loss 0.0061 | task 0.0061 | cons 0.0000 | train 99.8% | test 78.5% | 13s
    K=1: 74.9%
    K=2: 78.6%
    K=4: 78.5%
  step 100/391 | loss 0.0045 | acc 99.9% | 3s elapsed | eta 8s
  step 200/391 | loss 0.0044 | acc 99.9% | 5s elapsed | eta 4s
  step 300/391 | loss 0.0047 | acc 99.9% | 6s elapsed | eta 2s
Ep 271 | loss 0.0049 | task 0.0049 | cons 0.0000 | train 99.9% | test 78.7% | 9s
  step 100/391 | loss 0.0061 | acc 99.9% | 2s elapsed | eta 5s
  step 200/391 | loss 0.0055 | acc 99.9% | 4s elapsed | eta 3s
  step 300/391 | loss 0.0051 | acc 99.9% | 6s elapsed | eta 2s
Ep 272 | loss 0.0050 | task 0.0050 | cons 0.0000 | train 99.9% | test 78.7% | 9s
  step 100/391 | loss 0.0048 | acc 99.9% | 3s elapsed | eta 8s
  step 200/391 | loss 0.0054 | acc 99.8% | 6s elapsed | eta 5s
  step 300/391 | loss 0.0049 | acc 99.9% | 9s elapsed | eta 3s
Ep 273 | loss 0.0047 | task 0.0047 | cons 0.0000 | train 99.9% | test 78.7% | 15s
  step 100/391 | loss 0.0048 | acc 99.8% | 2s elapsed | eta 6s
  step 200/391 | loss 0.0052 | acc 99.8% | 4s elapsed | eta 4s
  step 300/391 | loss 0.0046 | acc 99.9% | 6s elapsed | eta 2s
Ep 274 | loss 0.0046 | task 0.0046 | cons 0.0000 | train 99.9% | test 78.7% | 9s
  step 100/391 | loss 0.0039 | acc 99.9% | 2s elapsed | eta 6s
  step 200/391 | loss 0.0033 | acc 99.9% | 4s elapsed | eta 3s
  step 300/391 | loss 0.0041 | acc 99.9% | 5s elapsed | eta 2s
Ep 275 | loss 0.0044 | task 0.0044 | cons 0.0000 | train 99.9% | test 78.6% | 8s
  step 100/391 | loss 0.0057 | acc 99.9% | 2s elapsed | eta 5s
  step 200/391 | loss 0.0049 | acc 99.9% | 3s elapsed | eta 3s
  step 300/391 | loss 0.0048 | acc 99.9% | 6s elapsed | eta 2s
Ep 276 | loss 0.0053 | task 0.0053 | cons 0.0000 | train 99.9% | test 78.7% | 9s
  step 100/391 | loss 0.0047 | acc 99.9% | 2s elapsed | eta 6s
  step 200/391 | loss 0.0041 | acc 99.9% | 5s elapsed | eta 5s
  step 300/391 | loss 0.0041 | acc 99.9% | 9s elapsed | eta 3s
Ep 277 | loss 0.0042 | task 0.0042 | cons 0.0000 | train 99.9% | test 78.8% | 13s
  step 100/391 | loss 0.0052 | acc 99.8% | 2s elapsed | eta 5s
  step 200/391 | loss 0.0054 | acc 99.8% | 3s elapsed | eta 3s
  step 300/391 | loss 0.0051 | acc 99.9% | 5s elapsed | eta 2s
Ep 278 | loss 0.0051 | task 0.0051 | cons 0.0000 | train 99.9% | test 78.7% | 8s
  step 100/391 | loss 0.0051 | acc 99.9% | 2s elapsed | eta 5s
  step 200/391 | loss 0.0055 | acc 99.8% | 3s elapsed | eta 3s
  step 300/391 | loss 0.0056 | acc 99.8% | 5s elapsed | eta 2s
Ep 279 | loss 0.0053 | task 0.0053 | cons 0.0000 | train 99.9% | test 78.8% | 8s
  step 100/391 | loss 0.0033 | acc 99.9% | 3s elapsed | eta 8s
  step 200/391 | loss 0.0041 | acc 99.9% | 5s elapsed | eta 4s
  step 300/391 | loss 0.0044 | acc 99.9% | 8s elapsed | eta 2s
Ep 280 | loss 0.0046 | task 0.0046 | cons 0.0000 | train 99.9% | test 78.5% | 14s
    K=1: 74.9%
    K=2: 78.7%
    K=4: 78.5%
  step 100/391 | loss 0.0039 | acc 99.9% | 2s elapsed | eta 6s
  step 200/391 | loss 0.0037 | acc 99.9% | 4s elapsed | eta 3s
  step 300/391 | loss 0.0040 | acc 99.9% | 5s elapsed | eta 2s
Ep 281 | loss 0.0042 | task 0.0042 | cons 0.0000 | train 99.9% | test 78.4% | 8s
  step 100/391 | loss 0.0059 | acc 99.9% | 2s elapsed | eta 5s
  step 200/391 | loss 0.0051 | acc 99.9% | 3s elapsed | eta 3s
  step 300/391 | loss 0.0049 | acc 99.9% | 5s elapsed | eta 1s
Ep 282 | loss 0.0047 | task 0.0047 | cons 0.0000 | train 99.9% | test 78.4% | 8s
  step 100/391 | loss 0.0048 | acc 99.8% | 3s elapsed | eta 10s
  step 200/391 | loss 0.0042 | acc 99.9% | 6s elapsed | eta 6s
  step 300/391 | loss 0.0040 | acc 99.9% | 9s elapsed | eta 3s
Ep 283 | loss 0.0040 | task 0.0040 | cons 0.0000 | train 99.9% | test 78.5% | 12s
  step 100/391 | loss 0.0034 | acc 99.9% | 1s elapsed | eta 3s
  step 200/391 | loss 0.0036 | acc 99.9% | 2s elapsed | eta 2s
  step 300/391 | loss 0.0038 | acc 99.9% | 3s elapsed | eta 1s
Ep 284 | loss 0.0039 | task 0.0039 | cons 0.0000 | train 99.9% | test 78.6% | 5s
  step 100/391 | loss 0.0055 | acc 99.8% | 1s elapsed | eta 4s
  step 200/391 | loss 0.0049 | acc 99.9% | 2s elapsed | eta 2s
  step 300/391 | loss 0.0046 | acc 99.9% | 4s elapsed | eta 1s
Ep 285 | loss 0.0045 | task 0.0045 | cons 0.0000 | train 99.9% | test 78.6% | 6s
  step 100/391 | loss 0.0036 | acc 99.9% | 2s elapsed | eta 4s
  step 200/391 | loss 0.0048 | acc 99.9% | 3s elapsed | eta 2s
  step 300/391 | loss 0.0043 | acc 99.9% | 4s elapsed | eta 1s
Ep 286 | loss 0.0045 | task 0.0045 | cons 0.0000 | train 99.9% | test 78.7% | 5s
  step 100/391 | loss 0.0048 | acc 99.9% | 2s elapsed | eta 5s
  step 200/391 | loss 0.0042 | acc 99.9% | 3s elapsed | eta 3s
  step 300/391 | loss 0.0050 | acc 99.9% | 4s elapsed | eta 1s
Ep 287 | loss 0.0050 | task 0.0050 | cons 0.0000 | train 99.9% | test 78.5% | 6s
  step 100/391 | loss 0.0048 | acc 99.9% | 1s elapsed | eta 4s
  step 200/391 | loss 0.0047 | acc 99.9% | 3s elapsed | eta 2s
  step 300/391 | loss 0.0041 | acc 99.9% | 4s elapsed | eta 1s
Ep 288 | loss 0.0043 | task 0.0043 | cons 0.0000 | train 99.9% | test 78.5% | 6s
  step 100/391 | loss 0.0055 | acc 99.8% | 2s elapsed | eta 4s
  step 200/391 | loss 0.0052 | acc 99.9% | 3s elapsed | eta 3s
  step 300/391 | loss 0.0052 | acc 99.9% | 4s elapsed | eta 1s
Ep 289 | loss 0.0047 | task 0.0047 | cons 0.0000 | train 99.9% | test 78.6% | 6s
  step 100/391 | loss 0.0039 | acc 99.9% | 1s elapsed | eta 3s
  step 200/391 | loss 0.0039 | acc 99.9% | 2s elapsed | eta 2s
  step 300/391 | loss 0.0037 | acc 99.9% | 3s elapsed | eta 1s
Ep 290 | loss 0.0041 | task 0.0041 | cons 0.0000 | train 99.9% | test 78.7% | 5s
    K=1: 75.1%
    K=2: 78.6%
    K=4: 78.7%
  step 100/391 | loss 0.0043 | acc 99.9% | 2s elapsed | eta 5s
  step 200/391 | loss 0.0053 | acc 99.9% | 4s elapsed | eta 3s
  step 300/391 | loss 0.0044 | acc 99.9% | 6s elapsed | eta 2s
Ep 291 | loss 0.0044 | task 0.0044 | cons 0.0000 | train 99.9% | test 78.5% | 9s
  step 100/391 | loss 0.0035 | acc 99.9% | 2s elapsed | eta 7s
  step 200/391 | loss 0.0036 | acc 99.9% | 5s elapsed | eta 5s
  step 300/391 | loss 0.0035 | acc 99.9% | 8s elapsed | eta 2s
Ep 292 | loss 0.0034 | task 0.0034 | cons 0.0000 | train 99.9% | test 78.6% | 11s
  step 100/391 | loss 0.0040 | acc 99.9% | 2s elapsed | eta 7s
  step 200/391 | loss 0.0039 | acc 99.9% | 4s elapsed | eta 4s
  step 300/391 | loss 0.0041 | acc 99.9% | 7s elapsed | eta 2s
Ep 293 | loss 0.0043 | task 0.0043 | cons 0.0000 | train 99.9% | test 78.6% | 10s
  step 100/391 | loss 0.0041 | acc 99.9% | 2s elapsed | eta 6s
  step 200/391 | loss 0.0044 | acc 99.9% | 4s elapsed | eta 4s
  step 300/391 | loss 0.0042 | acc 99.9% | 6s elapsed | eta 2s
Ep 294 | loss 0.0042 | task 0.0042 | cons 0.0000 | train 99.9% | test 78.6% | 9s
  step 100/391 | loss 0.0044 | acc 99.9% | 4s elapsed | eta 11s
  step 200/391 | loss 0.0043 | acc 99.9% | 7s elapsed | eta 7s
  step 300/391 | loss 0.0043 | acc 99.9% | 11s elapsed | eta 3s
Ep 295 | loss 0.0043 | task 0.0043 | cons 0.0000 | train 99.9% | test 78.6% | 15s
  step 100/391 | loss 0.0052 | acc 99.9% | 2s elapsed | eta 7s
  step 200/391 | loss 0.0043 | acc 99.9% | 5s elapsed | eta 5s
  step 300/391 | loss 0.0035 | acc 99.9% | 8s elapsed | eta 2s
Ep 296 | loss 0.0037 | task 0.0037 | cons 0.0000 | train 99.9% | test 78.6% | 11s
  step 100/391 | loss 0.0035 | acc 99.9% | 2s elapsed | eta 6s
  step 200/391 | loss 0.0036 | acc 99.9% | 4s elapsed | eta 3s
  step 300/391 | loss 0.0038 | acc 99.9% | 6s elapsed | eta 2s
Ep 297 | loss 0.0039 | task 0.0039 | cons 0.0000 | train 99.9% | test 78.6% | 9s
  step 100/391 | loss 0.0047 | acc 99.9% | 2s elapsed | eta 5s
  step 200/391 | loss 0.0039 | acc 99.9% | 3s elapsed | eta 3s
  step 300/391 | loss 0.0040 | acc 99.9% | 5s elapsed | eta 2s
Ep 298 | loss 0.0042 | task 0.0042 | cons 0.0000 | train 99.9% | test 78.6% | 8s
  step 100/391 | loss 0.0043 | acc 99.9% | 2s elapsed | eta 6s
  step 200/391 | loss 0.0044 | acc 99.9% | 5s elapsed | eta 5s
  step 300/391 | loss 0.0041 | acc 99.9% | 9s elapsed | eta 3s
Ep 299 | loss 0.0041 | task 0.0041 | cons 0.0000 | train 99.9% | test 78.6% | 14s
  step 100/391 | loss 0.0030 | acc 99.9% | 2s elapsed | eta 5s
  step 200/391 | loss 0.0035 | acc 99.9% | 3s elapsed | eta 3s
  step 300/391 | loss 0.0042 | acc 99.9% | 5s elapsed | eta 2s
Ep 300 | loss 0.0039 | task 0.0039 | cons 0.0000 | train 99.9% | test 78.6% | 8s
    K=1: 75.1%
    K=2: 78.7%
    K=4: 78.6%
Saved checkpoint to models/direct_2bpu_K4_nocons.pt
