/home/ec2-user/dev/ugh/.venv/lib/python3.13/site-packages/torchvision/datasets/cifar.py:83: VisibleDeprecationWarning: dtype(): align should be passed as Python or NumPy boolean but got `align=0`. Did you mean to pass a tuple to create a subarray type? (Deprecated NumPy 2.4)
  entry = pickle.load(f, encoding="latin1")
Model: continuous | Params: 1,021,130 | K=4 | blocks/unit=2
----------------------------------------------------------------------
  step 100/391 | loss 1.9840 | acc 26.3% | 2s elapsed | eta 5s
  step 200/391 | loss 1.9024 | acc 28.9% | 3s elapsed | eta 2s
  step 300/391 | loss 1.8382 | acc 31.5% | 4s elapsed | eta 1s
Ep   1 | loss 1.7870 | task 1.7832 | cons 0.1873 | train 33.6% | test 38.5% | 5s
  step 100/391 | loss 1.5467 | acc 43.1% | 1s elapsed | eta 3s
  step 200/391 | loss 1.5226 | acc 44.3% | 2s elapsed | eta 2s
  step 300/391 | loss 1.5041 | acc 45.2% | 4s elapsed | eta 1s
Ep   2 | loss 1.4829 | task 1.4738 | cons 0.2271 | train 46.2% | test 49.2% | 6s
  step 100/391 | loss 1.3899 | acc 49.4% | 2s elapsed | eta 5s
  step 200/391 | loss 1.3761 | acc 50.2% | 3s elapsed | eta 3s
  step 300/391 | loss 1.3645 | acc 50.8% | 5s elapsed | eta 1s
Ep   3 | loss 1.3500 | task 1.3391 | cons 0.1807 | train 51.4% | test 53.3% | 7s
  step 100/391 | loss 1.2765 | acc 54.3% | 1s elapsed | eta 3s
  step 200/391 | loss 1.2723 | acc 54.3% | 2s elapsed | eta 2s
  step 300/391 | loss 1.2635 | acc 54.7% | 3s elapsed | eta 1s
Ep   4 | loss 1.2559 | task 1.2488 | cons 0.0891 | train 54.9% | test 55.7% | 5s
  step 100/391 | loss 1.2026 | acc 56.1% | 1s elapsed | eta 4s
  step 200/391 | loss 1.1947 | acc 56.5% | 2s elapsed | eta 2s
  step 300/391 | loss 1.1948 | acc 56.6% | 3s elapsed | eta 1s
Ep   5 | loss 1.1900 | task 1.1858 | cons 0.0416 | train 56.9% | test 58.8% | 5s
  step 100/391 | loss 1.1503 | acc 58.6% | 1s elapsed | eta 3s
  step 200/391 | loss 1.1458 | acc 58.8% | 2s elapsed | eta 2s
  step 300/391 | loss 1.1438 | acc 58.8% | 3s elapsed | eta 1s
Ep   6 | loss 1.1396 | task 1.1365 | cons 0.0256 | train 58.9% | test 61.3% | 5s
  step 100/391 | loss 1.0928 | acc 60.8% | 1s elapsed | eta 3s
  step 200/391 | loss 1.0941 | acc 61.0% | 2s elapsed | eta 2s
  step 300/391 | loss 1.0939 | acc 60.7% | 3s elapsed | eta 1s
Ep   7 | loss 1.0936 | task 1.0906 | cons 0.0216 | train 60.8% | test 62.4% | 5s
  step 100/391 | loss 1.0576 | acc 62.0% | 1s elapsed | eta 3s
  step 200/391 | loss 1.0550 | acc 62.3% | 2s elapsed | eta 2s
  step 300/391 | loss 1.0459 | acc 62.7% | 3s elapsed | eta 1s
Ep   8 | loss 1.0419 | task 1.0388 | cons 0.0191 | train 62.8% | test 63.7% | 5s
  step 100/391 | loss 1.0233 | acc 63.6% | 1s elapsed | eta 3s
  step 200/391 | loss 1.0119 | acc 63.7% | 2s elapsed | eta 2s
  step 300/391 | loss 1.0100 | acc 63.8% | 3s elapsed | eta 1s
Ep   9 | loss 1.0097 | task 1.0066 | cons 0.0171 | train 63.8% | test 64.8% | 5s
  step 100/391 | loss 0.9754 | acc 65.2% | 1s elapsed | eta 3s
  step 200/391 | loss 0.9732 | acc 65.1% | 2s elapsed | eta 2s
  step 300/391 | loss 0.9734 | acc 65.1% | 3s elapsed | eta 1s
Ep  10 | loss 0.9742 | task 0.9706 | cons 0.0178 | train 65.1% | test 65.6% | 5s
    K=1: 63.9%
    K=2: 65.9%
    K=4: 65.6%
  step 100/391 | loss 0.9463 | acc 66.4% | 1s elapsed | eta 3s
  step 200/391 | loss 0.9409 | acc 66.6% | 2s elapsed | eta 2s
  step 300/391 | loss 0.9414 | acc 66.5% | 3s elapsed | eta 1s
Ep  11 | loss 0.9426 | task 0.9385 | cons 0.0187 | train 66.4% | test 67.4% | 5s
  step 100/391 | loss 0.8992 | acc 68.4% | 1s elapsed | eta 3s
  step 200/391 | loss 0.9075 | acc 67.8% | 2s elapsed | eta 2s
  step 300/391 | loss 0.9095 | acc 67.7% | 3s elapsed | eta 1s
Ep  12 | loss 0.9100 | task 0.9052 | cons 0.0204 | train 67.6% | test 66.9% | 5s
  step 100/391 | loss 0.8796 | acc 69.1% | 1s elapsed | eta 3s
  step 200/391 | loss 0.8818 | acc 68.9% | 2s elapsed | eta 2s
  step 300/391 | loss 0.8788 | acc 69.0% | 3s elapsed | eta 1s
Ep  13 | loss 0.8811 | task 0.8756 | cons 0.0212 | train 69.0% | test 67.8% | 5s
  step 100/391 | loss 0.8482 | acc 70.0% | 1s elapsed | eta 4s
  step 200/391 | loss 0.8437 | acc 70.1% | 2s elapsed | eta 2s
  step 300/391 | loss 0.8579 | acc 69.5% | 3s elapsed | eta 1s
Ep  14 | loss 0.8597 | task 0.8543 | cons 0.0192 | train 69.5% | test 69.7% | 5s
  step 100/391 | loss 0.8244 | acc 70.5% | 1s elapsed | eta 3s
  step 200/391 | loss 0.8372 | acc 70.3% | 2s elapsed | eta 2s
  step 300/391 | loss 0.8343 | acc 70.5% | 3s elapsed | eta 1s
Ep  15 | loss 0.8294 | task 0.8232 | cons 0.0206 | train 70.6% | test 70.3% | 4s
  step 100/391 | loss 0.8058 | acc 71.4% | 1s elapsed | eta 4s
  step 200/391 | loss 0.8127 | acc 71.1% | 2s elapsed | eta 2s
  step 300/391 | loss 0.8110 | acc 71.3% | 3s elapsed | eta 1s
Ep  16 | loss 0.8067 | task 0.8001 | cons 0.0205 | train 71.5% | test 71.9% | 5s
  step 100/391 | loss 0.7674 | acc 73.0% | 1s elapsed | eta 3s
  step 200/391 | loss 0.7832 | acc 72.4% | 2s elapsed | eta 2s
  step 300/391 | loss 0.7853 | acc 72.3% | 3s elapsed | eta 1s
Ep  17 | loss 0.7829 | task 0.7762 | cons 0.0197 | train 72.5% | test 71.5% | 5s
  step 100/391 | loss 0.7504 | acc 74.0% | 1s elapsed | eta 3s
  step 200/391 | loss 0.7489 | acc 73.9% | 2s elapsed | eta 2s
  step 300/391 | loss 0.7583 | acc 73.6% | 3s elapsed | eta 1s
Ep  18 | loss 0.7579 | task 0.7498 | cons 0.0224 | train 73.6% | test 73.1% | 4s
  step 100/391 | loss 0.7325 | acc 74.3% | 1s elapsed | eta 3s
  step 200/391 | loss 0.7356 | acc 74.2% | 2s elapsed | eta 2s
  step 300/391 | loss 0.7420 | acc 74.0% | 3s elapsed | eta 1s
Ep  19 | loss 0.7438 | task 0.7347 | cons 0.0237 | train 74.0% | test 72.7% | 4s
  step 100/391 | loss 0.7156 | acc 75.1% | 1s elapsed | eta 3s
  step 200/391 | loss 0.7135 | acc 75.1% | 2s elapsed | eta 2s
  step 300/391 | loss 0.7167 | acc 75.0% | 3s elapsed | eta 1s
Ep  20 | loss 0.7197 | task 0.7094 | cons 0.0258 | train 74.9% | test 73.6% | 5s
    K=1: 69.2%
    K=2: 74.1%
    K=4: 73.6%
  step 100/391 | loss 0.7000 | acc 75.6% | 1s elapsed | eta 3s
  step 200/391 | loss 0.7036 | acc 75.2% | 2s elapsed | eta 2s
  step 300/391 | loss 0.7095 | acc 75.1% | 3s elapsed | eta 1s
Ep  21 | loss 0.7120 | task 0.7019 | cons 0.0241 | train 75.0% | test 75.0% | 4s
  step 100/391 | loss 0.6763 | acc 76.2% | 1s elapsed | eta 3s
  step 200/391 | loss 0.6887 | acc 75.8% | 2s elapsed | eta 2s
  step 300/391 | loss 0.6893 | acc 75.8% | 3s elapsed | eta 1s
Ep  22 | loss 0.6909 | task 0.6804 | cons 0.0239 | train 75.8% | test 71.5% | 5s
  step 100/391 | loss 0.6793 | acc 75.8% | 1s elapsed | eta 4s
  step 200/391 | loss 0.6738 | acc 76.4% | 2s elapsed | eta 2s
  step 300/391 | loss 0.6776 | acc 76.3% | 3s elapsed | eta 1s
Ep  23 | loss 0.6772 | task 0.6656 | cons 0.0253 | train 76.3% | test 74.6% | 5s
  step 100/391 | loss 0.6536 | acc 77.1% | 1s elapsed | eta 3s
  step 200/391 | loss 0.6628 | acc 76.7% | 2s elapsed | eta 2s
  step 300/391 | loss 0.6577 | acc 77.1% | 3s elapsed | eta 1s
Ep  24 | loss 0.6621 | task 0.6487 | cons 0.0278 | train 76.9% | test 74.5% | 5s
  step 100/391 | loss 0.6274 | acc 78.1% | 1s elapsed | eta 3s
  step 200/391 | loss 0.6396 | acc 77.9% | 2s elapsed | eta 2s
  step 300/391 | loss 0.6443 | acc 77.6% | 3s elapsed | eta 1s
Ep  25 | loss 0.6457 | task 0.6333 | cons 0.0247 | train 77.6% | test 76.1% | 5s
  step 100/391 | loss 0.6155 | acc 78.4% | 1s elapsed | eta 3s
  step 200/391 | loss 0.6154 | acc 78.5% | 2s elapsed | eta 2s
  step 300/391 | loss 0.6201 | acc 78.3% | 3s elapsed | eta 1s
Ep  26 | loss 0.6360 | task 0.6226 | cons 0.0258 | train 77.8% | test 75.8% | 5s
  step 100/391 | loss 0.5992 | acc 79.1% | 1s elapsed | eta 4s
  step 200/391 | loss 0.6146 | acc 78.6% | 2s elapsed | eta 2s
  step 300/391 | loss 0.6183 | acc 78.5% | 3s elapsed | eta 1s
Ep  27 | loss 0.6197 | task 0.6048 | cons 0.0277 | train 78.4% | test 75.1% | 5s
  step 100/391 | loss 0.6049 | acc 78.9% | 1s elapsed | eta 3s
  step 200/391 | loss 0.6028 | acc 79.1% | 2s elapsed | eta 2s
  step 300/391 | loss 0.6076 | acc 78.9% | 3s elapsed | eta 1s
Ep  28 | loss 0.6130 | task 0.5996 | cons 0.0239 | train 78.7% | test 75.8% | 5s
  step 100/391 | loss 0.5887 | acc 79.4% | 1s elapsed | eta 3s
  step 200/391 | loss 0.5900 | acc 79.6% | 2s elapsed | eta 2s
  step 300/391 | loss 0.5992 | acc 79.2% | 3s elapsed | eta 1s
Ep  29 | loss 0.6007 | task 0.5863 | cons 0.0248 | train 79.1% | test 74.6% | 5s
  step 100/391 | loss 0.5832 | acc 80.0% | 1s elapsed | eta 3s
  step 200/391 | loss 0.5888 | acc 79.6% | 2s elapsed | eta 2s
  step 300/391 | loss 0.5878 | acc 79.7% | 3s elapsed | eta 1s
Ep  30 | loss 0.5888 | task 0.5722 | cons 0.0276 | train 79.6% | test 76.0% | 5s
    K=1: 71.7%
    K=2: 76.9%
    K=4: 76.0%
  step 100/391 | loss 0.5708 | acc 80.3% | 1s elapsed | eta 3s
  step 200/391 | loss 0.5704 | acc 80.3% | 2s elapsed | eta 2s
  step 300/391 | loss 0.5751 | acc 80.0% | 3s elapsed | eta 1s
Ep  31 | loss 0.5775 | task 0.5600 | cons 0.0281 | train 80.1% | test 76.5% | 5s
  step 100/391 | loss 0.5592 | acc 80.7% | 1s elapsed | eta 3s
  step 200/391 | loss 0.5630 | acc 80.7% | 2s elapsed | eta 2s
  step 300/391 | loss 0.5630 | acc 80.7% | 3s elapsed | eta 1s
Ep  32 | loss 0.5687 | task 0.5527 | cons 0.0251 | train 80.4% | test 75.9% | 5s
  step 100/391 | loss 0.5664 | acc 80.2% | 1s elapsed | eta 3s
  step 200/391 | loss 0.5653 | acc 80.6% | 2s elapsed | eta 2s
  step 300/391 | loss 0.5604 | acc 80.8% | 3s elapsed | eta 1s
Ep  33 | loss 0.5599 | task 0.5410 | cons 0.0287 | train 80.8% | test 76.7% | 5s
  step 100/391 | loss 0.5205 | acc 82.2% | 1s elapsed | eta 3s
  step 200/391 | loss 0.5304 | acc 81.9% | 2s elapsed | eta 2s
  step 300/391 | loss 0.5345 | acc 81.7% | 3s elapsed | eta 1s
Ep  34 | loss 0.5406 | task 0.5205 | cons 0.0295 | train 81.4% | test 76.3% | 5s
  step 100/391 | loss 0.5322 | acc 81.9% | 1s elapsed | eta 3s
  step 200/391 | loss 0.5384 | acc 81.8% | 2s elapsed | eta 2s
  step 300/391 | loss 0.5377 | acc 81.9% | 3s elapsed | eta 1s
Ep  35 | loss 0.5364 | task 0.5165 | cons 0.0284 | train 81.8% | test 77.6% | 5s
  step 100/391 | loss 0.5183 | acc 82.4% | 1s elapsed | eta 3s
  step 200/391 | loss 0.5307 | acc 81.8% | 2s elapsed | eta 2s
  step 300/391 | loss 0.5292 | acc 81.9% | 3s elapsed | eta 1s
Ep  36 | loss 0.5329 | task 0.5108 | cons 0.0308 | train 81.8% | test 78.5% | 5s
  step 100/391 | loss 0.5221 | acc 82.5% | 1s elapsed | eta 3s
  step 200/391 | loss 0.5123 | acc 82.5% | 2s elapsed | eta 2s
  step 300/391 | loss 0.5130 | acc 82.6% | 3s elapsed | eta 1s
Ep  37 | loss 0.5160 | task 0.4933 | cons 0.0307 | train 82.5% | test 77.6% | 5s
  step 100/391 | loss 0.4855 | acc 83.9% | 1s elapsed | eta 3s
  step 200/391 | loss 0.5051 | acc 82.8% | 2s elapsed | eta 2s
  step 300/391 | loss 0.5016 | acc 83.0% | 3s elapsed | eta 1s
Ep  38 | loss 0.5029 | task 0.4799 | cons 0.0303 | train 83.0% | test 76.3% | 5s
  step 100/391 | loss 0.4912 | acc 83.2% | 1s elapsed | eta 3s
  step 200/391 | loss 0.5006 | acc 82.9% | 2s elapsed | eta 2s
  step 300/391 | loss 0.4999 | acc 82.9% | 3s elapsed | eta 1s
Ep  39 | loss 0.5011 | task 0.4767 | cons 0.0313 | train 82.9% | test 77.8% | 5s
  step 100/391 | loss 0.4798 | acc 83.8% | 1s elapsed | eta 3s
  step 200/391 | loss 0.4863 | acc 83.6% | 2s elapsed | eta 2s
  step 300/391 | loss 0.4927 | acc 83.4% | 3s elapsed | eta 1s
Ep  40 | loss 0.4959 | task 0.4717 | cons 0.0302 | train 83.3% | test 76.3% | 4s
    K=1: 73.0%
    K=2: 76.9%
    K=4: 76.3%
  step 100/391 | loss 0.4732 | acc 84.2% | 1s elapsed | eta 3s
  step 200/391 | loss 0.4817 | acc 83.7% | 2s elapsed | eta 2s
  step 300/391 | loss 0.4866 | acc 83.5% | 3s elapsed | eta 1s
Ep  41 | loss 0.4879 | task 0.4635 | cons 0.0298 | train 83.5% | test 77.4% | 4s
  step 100/391 | loss 0.4788 | acc 83.8% | 1s elapsed | eta 3s
  step 200/391 | loss 0.4676 | acc 84.3% | 2s elapsed | eta 2s
  step 300/391 | loss 0.4766 | acc 83.9% | 3s elapsed | eta 1s
Ep  42 | loss 0.4830 | task 0.4570 | cons 0.0310 | train 83.7% | test 78.7% | 5s
  step 100/391 | loss 0.4604 | acc 84.4% | 1s elapsed | eta 4s
  step 200/391 | loss 0.4593 | acc 84.4% | 2s elapsed | eta 2s
  step 300/391 | loss 0.4658 | acc 84.2% | 3s elapsed | eta 1s
Ep  43 | loss 0.4690 | task 0.4418 | cons 0.0316 | train 84.1% | test 77.9% | 5s
  step 100/391 | loss 0.4600 | acc 84.5% | 1s elapsed | eta 3s
  step 200/391 | loss 0.4581 | acc 84.5% | 2s elapsed | eta 2s
  step 300/391 | loss 0.4598 | acc 84.5% | 3s elapsed | eta 1s
Ep  44 | loss 0.4605 | task 0.4333 | cons 0.0310 | train 84.4% | test 77.4% | 5s
  step 100/391 | loss 0.4460 | acc 85.1% | 1s elapsed | eta 3s
  step 200/391 | loss 0.4420 | acc 85.3% | 2s elapsed | eta 2s
  step 300/391 | loss 0.4516 | acc 84.8% | 3s elapsed | eta 1s
Ep  45 | loss 0.4527 | task 0.4246 | cons 0.0313 | train 84.7% | test 78.0% | 5s
  step 100/391 | loss 0.4248 | acc 85.9% | 1s elapsed | eta 3s
  step 200/391 | loss 0.4301 | acc 85.9% | 2s elapsed | eta 2s
  step 300/391 | loss 0.4427 | acc 85.3% | 3s elapsed | eta 1s
Ep  46 | loss 0.4405 | task 0.4068 | cons 0.0366 | train 85.4% | test 77.4% | 5s
  step 100/391 | loss 0.4238 | acc 86.2% | 1s elapsed | eta 3s
  step 200/391 | loss 0.4184 | acc 86.3% | 2s elapsed | eta 2s
  step 300/391 | loss 0.4248 | acc 86.1% | 3s elapsed | eta 1s
Ep  47 | loss 0.4309 | task 0.3975 | cons 0.0355 | train 85.8% | test 78.1% | 5s
  step 100/391 | loss 0.4098 | acc 86.4% | 1s elapsed | eta 3s
  step 200/391 | loss 0.4129 | acc 86.4% | 2s elapsed | eta 2s
  step 300/391 | loss 0.4193 | acc 86.3% | 3s elapsed | eta 1s
Ep  48 | loss 0.4241 | task 0.3904 | cons 0.0351 | train 86.1% | test 77.8% | 5s
  step 100/391 | loss 0.4105 | acc 86.9% | 1s elapsed | eta 3s
  step 200/391 | loss 0.4141 | acc 86.7% | 2s elapsed | eta 2s
  step 300/391 | loss 0.4263 | acc 86.1% | 3s elapsed | eta 1s
Ep  49 | loss 0.4313 | task 0.3961 | cons 0.0359 | train 85.9% | test 78.4% | 5s
  step 100/391 | loss 0.3930 | acc 87.3% | 1s elapsed | eta 3s
  step 200/391 | loss 0.3992 | acc 86.9% | 2s elapsed | eta 2s
  step 300/391 | loss 0.4099 | acc 86.5% | 3s elapsed | eta 1s
Ep  50 | loss 0.4170 | task 0.3847 | cons 0.0323 | train 86.2% | test 78.3% | 4s
    K=1: 74.1%
    K=2: 78.9%
    K=4: 78.3%
  step 100/391 | loss 0.3817 | acc 87.5% | 1s elapsed | eta 3s
  step 200/391 | loss 0.3980 | acc 86.9% | 2s elapsed | eta 2s
  step 300/391 | loss 0.3987 | acc 87.0% | 3s elapsed | eta 1s
Ep  51 | loss 0.4058 | task 0.3723 | cons 0.0335 | train 86.7% | test 78.1% | 5s
  step 100/391 | loss 0.3838 | acc 87.8% | 1s elapsed | eta 4s
  step 200/391 | loss 0.3946 | acc 87.4% | 2s elapsed | eta 2s
  step 300/391 | loss 0.3997 | acc 87.1% | 3s elapsed | eta 1s
Ep  52 | loss 0.4047 | task 0.3690 | cons 0.0357 | train 86.8% | test 78.7% | 5s
  step 100/391 | loss 0.3812 | acc 87.7% | 1s elapsed | eta 3s
  step 200/391 | loss 0.3875 | acc 87.2% | 2s elapsed | eta 2s
  step 300/391 | loss 0.3932 | acc 86.8% | 3s elapsed | eta 1s
Ep  53 | loss 0.3982 | task 0.3674 | cons 0.0307 | train 86.7% | test 78.9% | 5s
  step 100/391 | loss 0.3786 | acc 87.6% | 1s elapsed | eta 4s
  step 200/391 | loss 0.3821 | acc 87.5% | 2s elapsed | eta 2s
  step 300/391 | loss 0.3897 | acc 87.3% | 3s elapsed | eta 1s
Ep  54 | loss 0.3942 | task 0.3570 | cons 0.0372 | train 87.2% | test 77.5% | 5s
  step 100/391 | loss 0.3770 | acc 87.9% | 1s elapsed | eta 3s
  step 200/391 | loss 0.3783 | acc 87.9% | 2s elapsed | eta 2s
  step 300/391 | loss 0.3823 | acc 87.6% | 3s elapsed | eta 1s
Ep  55 | loss 0.3865 | task 0.3546 | cons 0.0319 | train 87.5% | test 77.5% | 4s
  step 100/391 | loss 0.3445 | acc 89.5% | 1s elapsed | eta 3s
  step 200/391 | loss 0.3621 | acc 88.5% | 2s elapsed | eta 2s
  step 300/391 | loss 0.3726 | acc 88.1% | 3s elapsed | eta 1s
Ep  56 | loss 0.3776 | task 0.3386 | cons 0.0390 | train 87.9% | test 78.8% | 5s
  step 100/391 | loss 0.3577 | acc 88.4% | 1s elapsed | eta 3s
  step 200/391 | loss 0.3607 | acc 88.7% | 2s elapsed | eta 2s
  step 300/391 | loss 0.3646 | acc 88.5% | 3s elapsed | eta 1s
Ep  57 | loss 0.3675 | task 0.3286 | cons 0.0390 | train 88.3% | test 78.5% | 5s
  step 100/391 | loss 0.3633 | acc 88.0% | 1s elapsed | eta 3s
  step 200/391 | loss 0.3565 | acc 88.5% | 2s elapsed | eta 2s
  step 300/391 | loss 0.3669 | acc 88.1% | 3s elapsed | eta 1s
Ep  58 | loss 0.3669 | task 0.3296 | cons 0.0374 | train 88.1% | test 78.3% | 5s
  step 100/391 | loss 0.3269 | acc 89.8% | 1s elapsed | eta 3s
  step 200/391 | loss 0.3455 | acc 88.9% | 2s elapsed | eta 2s
  step 300/391 | loss 0.3567 | acc 88.5% | 3s elapsed | eta 1s
Ep  59 | loss 0.3652 | task 0.3260 | cons 0.0392 | train 88.3% | test 78.2% | 5s
  step 100/391 | loss 0.3581 | acc 88.5% | 1s elapsed | eta 3s
  step 200/391 | loss 0.3613 | acc 88.4% | 2s elapsed | eta 2s
  step 300/391 | loss 0.3617 | acc 88.6% | 3s elapsed | eta 1s
Ep  60 | loss 0.3610 | task 0.3203 | cons 0.0406 | train 88.7% | test 77.4% | 5s
    K=1: 74.4%
    K=2: 77.8%
    K=4: 77.4%
  step 100/391 | loss 0.3340 | acc 89.4% | 1s elapsed | eta 3s
  step 200/391 | loss 0.3447 | acc 89.0% | 2s elapsed | eta 2s
  step 300/391 | loss 0.3451 | acc 89.2% | 3s elapsed | eta 1s
Ep  61 | loss 0.3507 | task 0.3112 | cons 0.0395 | train 88.9% | test 78.5% | 5s
  step 100/391 | loss 0.3244 | acc 89.7% | 1s elapsed | eta 3s
  step 200/391 | loss 0.3425 | acc 89.1% | 2s elapsed | eta 2s
  step 300/391 | loss 0.3465 | acc 89.0% | 3s elapsed | eta 1s
Ep  62 | loss 0.3537 | task 0.3170 | cons 0.0367 | train 88.6% | test 78.0% | 5s
  step 100/391 | loss 0.3272 | acc 90.0% | 1s elapsed | eta 3s
  step 200/391 | loss 0.3433 | acc 89.3% | 2s elapsed | eta 2s
  step 300/391 | loss 0.3407 | acc 89.3% | 3s elapsed | eta 1s
Ep  63 | loss 0.3434 | task 0.3048 | cons 0.0387 | train 89.2% | test 78.5% | 5s
  step 100/391 | loss 0.3325 | acc 89.6% | 1s elapsed | eta 3s
  step 200/391 | loss 0.3361 | acc 89.4% | 2s elapsed | eta 2s
  step 300/391 | loss 0.3391 | acc 89.2% | 3s elapsed | eta 1s
Ep  64 | loss 0.3404 | task 0.3027 | cons 0.0376 | train 89.1% | test 78.6% | 4s
  step 100/391 | loss 0.3301 | acc 89.6% | 1s elapsed | eta 3s
  step 200/391 | loss 0.3264 | acc 89.8% | 2s elapsed | eta 2s
  step 300/391 | loss 0.3309 | acc 89.9% | 3s elapsed | eta 1s
Ep  65 | loss 0.3348 | task 0.2904 | cons 0.0444 | train 89.7% | test 78.2% | 5s
  step 100/391 | loss 0.3165 | acc 90.3% | 1s elapsed | eta 3s
  step 200/391 | loss 0.3156 | acc 90.4% | 2s elapsed | eta 2s
  step 300/391 | loss 0.3199 | acc 90.1% | 3s elapsed | eta 1s
Ep  66 | loss 0.3213 | task 0.2802 | cons 0.0411 | train 90.1% | test 78.3% | 5s
  step 100/391 | loss 0.3092 | acc 90.3% | 1s elapsed | eta 3s
  step 200/391 | loss 0.3240 | acc 89.9% | 2s elapsed | eta 2s
  step 300/391 | loss 0.3289 | acc 89.6% | 3s elapsed | eta 1s
Ep  67 | loss 0.3305 | task 0.2902 | cons 0.0403 | train 89.4% | test 78.6% | 5s
  step 100/391 | loss 0.3067 | acc 91.0% | 1s elapsed | eta 3s
  step 200/391 | loss 0.3142 | acc 90.5% | 2s elapsed | eta 2s
  step 300/391 | loss 0.3151 | acc 90.4% | 3s elapsed | eta 1s
Ep  68 | loss 0.3185 | task 0.2740 | cons 0.0445 | train 90.3% | test 79.3% | 5s
  step 100/391 | loss 0.3067 | acc 91.1% | 1s elapsed | eta 3s
  step 200/391 | loss 0.3083 | acc 90.9% | 2s elapsed | eta 2s
  step 300/391 | loss 0.3139 | acc 90.6% | 3s elapsed | eta 1s
Ep  69 | loss 0.3196 | task 0.2744 | cons 0.0452 | train 90.3% | test 78.6% | 5s
  step 100/391 | loss 0.2916 | acc 91.1% | 1s elapsed | eta 3s
  step 200/391 | loss 0.3029 | acc 90.8% | 2s elapsed | eta 2s
  step 300/391 | loss 0.3129 | acc 90.5% | 3s elapsed | eta 1s
Ep  70 | loss 0.3117 | task 0.2708 | cons 0.0410 | train 90.4% | test 78.8% | 5s
    K=1: 74.5%
    K=2: 79.1%
    K=4: 78.8%
  step 100/391 | loss 0.3072 | acc 90.4% | 1s elapsed | eta 3s
  step 200/391 | loss 0.3049 | acc 90.4% | 2s elapsed | eta 2s
  step 300/391 | loss 0.3076 | acc 90.4% | 3s elapsed | eta 1s
Ep  71 | loss 0.3089 | task 0.2659 | cons 0.0430 | train 90.5% | test 78.5% | 5s
  step 100/391 | loss 0.2936 | acc 91.0% | 1s elapsed | eta 4s
  step 200/391 | loss 0.2972 | acc 90.9% | 2s elapsed | eta 2s
  step 300/391 | loss 0.3033 | acc 90.6% | 3s elapsed | eta 1s
Ep  72 | loss 0.3011 | task 0.2573 | cons 0.0438 | train 90.7% | test 78.3% | 5s
  step 100/391 | loss 0.2847 | acc 91.3% | 1s elapsed | eta 3s
  step 200/391 | loss 0.2929 | acc 91.0% | 2s elapsed | eta 2s
  step 300/391 | loss 0.2981 | acc 90.8% | 3s elapsed | eta 1s
Ep  73 | loss 0.3036 | task 0.2662 | cons 0.0374 | train 90.6% | test 78.5% | 5s
  step 100/391 | loss 0.2911 | acc 91.0% | 1s elapsed | eta 3s
  step 200/391 | loss 0.2898 | acc 91.0% | 2s elapsed | eta 2s
  step 300/391 | loss 0.2945 | acc 90.9% | 3s elapsed | eta 1s
Ep  74 | loss 0.2935 | task 0.2548 | cons 0.0387 | train 90.9% | test 79.2% | 5s
  step 100/391 | loss 0.2895 | acc 91.1% | 1s elapsed | eta 3s
  step 200/391 | loss 0.2947 | acc 91.1% | 2s elapsed | eta 2s
  step 300/391 | loss 0.2993 | acc 90.9% | 3s elapsed | eta 1s
Ep  75 | loss 0.3003 | task 0.2580 | cons 0.0423 | train 90.8% | test 78.1% | 5s
  step 100/391 | loss 0.2678 | acc 92.0% | 1s elapsed | eta 4s
  step 200/391 | loss 0.2755 | acc 91.8% | 2s elapsed | eta 2s
  step 300/391 | loss 0.2806 | acc 91.6% | 3s elapsed | eta 1s
Ep  76 | loss 0.2863 | task 0.2446 | cons 0.0417 | train 91.3% | test 78.5% | 5s
  step 100/391 | loss 0.2697 | acc 92.0% | 1s elapsed | eta 3s
  step 200/391 | loss 0.2837 | acc 91.5% | 2s elapsed | eta 2s
  step 300/391 | loss 0.2824 | acc 91.5% | 3s elapsed | eta 1s
Ep  77 | loss 0.2860 | task 0.2439 | cons 0.0421 | train 91.4% | test 79.5% | 4s
  step 100/391 | loss 0.2711 | acc 91.9% | 1s elapsed | eta 3s
  step 200/391 | loss 0.2744 | acc 91.9% | 2s elapsed | eta 2s
  step 300/391 | loss 0.2844 | acc 91.5% | 3s elapsed | eta 1s
Ep  78 | loss 0.2862 | task 0.2435 | cons 0.0427 | train 91.4% | test 79.2% | 5s
  step 100/391 | loss 0.2567 | acc 92.0% | 1s elapsed | eta 3s
  step 200/391 | loss 0.2675 | acc 92.0% | 2s elapsed | eta 2s
  step 300/391 | loss 0.2753 | acc 91.7% | 3s elapsed | eta 1s
Ep  79 | loss 0.2779 | task 0.2351 | cons 0.0428 | train 91.6% | test 78.4% | 5s
  step 100/391 | loss 0.2685 | acc 91.6% | 1s elapsed | eta 3s
  step 200/391 | loss 0.2713 | acc 91.6% | 2s elapsed | eta 2s
  step 300/391 | loss 0.2787 | acc 91.4% | 3s elapsed | eta 1s
Ep  80 | loss 0.2772 | task 0.2377 | cons 0.0395 | train 91.5% | test 78.4% | 5s
    K=1: 74.4%
    K=2: 78.9%
    K=4: 78.4%
  step 100/391 | loss 0.2560 | acc 92.6% | 1s elapsed | eta 4s
  step 200/391 | loss 0.2612 | acc 92.4% | 2s elapsed | eta 2s
  step 300/391 | loss 0.2698 | acc 92.2% | 3s elapsed | eta 1s
Ep  81 | loss 0.2747 | task 0.2291 | cons 0.0455 | train 91.8% | test 79.3% | 5s
  step 100/391 | loss 0.2313 | acc 93.7% | 1s elapsed | eta 3s
  step 200/391 | loss 0.2501 | acc 92.9% | 2s elapsed | eta 2s
  step 300/391 | loss 0.2668 | acc 92.3% | 3s elapsed | eta 1s
Ep  82 | loss 0.2706 | task 0.2215 | cons 0.0492 | train 92.2% | test 78.9% | 5s
  step 100/391 | loss 0.2545 | acc 92.8% | 1s elapsed | eta 3s
  step 200/391 | loss 0.2582 | acc 92.6% | 2s elapsed | eta 2s
  step 300/391 | loss 0.2611 | acc 92.5% | 3s elapsed | eta 1s
Ep  83 | loss 0.2620 | task 0.2136 | cons 0.0484 | train 92.5% | test 78.9% | 5s
  step 100/391 | loss 0.2500 | acc 92.9% | 1s elapsed | eta 3s
  step 200/391 | loss 0.2554 | acc 92.6% | 2s elapsed | eta 2s
  step 300/391 | loss 0.2574 | acc 92.4% | 3s elapsed | eta 1s
Ep  84 | loss 0.2592 | task 0.2162 | cons 0.0430 | train 92.3% | test 78.5% | 5s
  step 100/391 | loss 0.2463 | acc 92.7% | 1s elapsed | eta 3s
  step 200/391 | loss 0.2481 | acc 92.8% | 2s elapsed | eta 2s
  step 300/391 | loss 0.2531 | acc 92.6% | 3s elapsed | eta 1s
Ep  85 | loss 0.2549 | task 0.2120 | cons 0.0429 | train 92.5% | test 78.2% | 5s
  step 100/391 | loss 0.2496 | acc 93.0% | 1s elapsed | eta 3s
  step 200/391 | loss 0.2496 | acc 93.1% | 2s elapsed | eta 2s
  step 300/391 | loss 0.2555 | acc 92.8% | 3s elapsed | eta 1s
Ep  86 | loss 0.2617 | task 0.2137 | cons 0.0480 | train 92.4% | test 78.1% | 5s
  step 100/391 | loss 0.2426 | acc 92.9% | 1s elapsed | eta 3s
  step 200/391 | loss 0.2520 | acc 92.6% | 2s elapsed | eta 2s
  step 300/391 | loss 0.2527 | acc 92.6% | 3s elapsed | eta 1s
Ep  87 | loss 0.2570 | task 0.2110 | cons 0.0460 | train 92.5% | test 78.7% | 5s
  step 100/391 | loss 0.2322 | acc 93.1% | 1s elapsed | eta 3s
  step 200/391 | loss 0.2344 | acc 93.0% | 2s elapsed | eta 2s
  step 300/391 | loss 0.2431 | acc 92.8% | 3s elapsed | eta 1s
Ep  88 | loss 0.2460 | task 0.2061 | cons 0.0399 | train 92.7% | test 79.1% | 5s
  step 100/391 | loss 0.2225 | acc 93.7% | 1s elapsed | eta 4s
  step 200/391 | loss 0.2332 | acc 93.4% | 2s elapsed | eta 2s
  step 300/391 | loss 0.2413 | acc 93.2% | 3s elapsed | eta 1s
Ep  89 | loss 0.2406 | task 0.1916 | cons 0.0489 | train 93.2% | test 78.7% | 5s
  step 100/391 | loss 0.2373 | acc 93.0% | 1s elapsed | eta 3s
  step 200/391 | loss 0.2449 | acc 92.9% | 2s elapsed | eta 2s
  step 300/391 | loss 0.2484 | acc 92.9% | 3s elapsed | eta 1s
Ep  90 | loss 0.2515 | task 0.2055 | cons 0.0460 | train 92.8% | test 78.6% | 5s
    K=1: 75.1%
    K=2: 78.6%
    K=4: 78.6%
  step 100/391 | loss 0.2547 | acc 92.8% | 1s elapsed | eta 3s
  step 200/391 | loss 0.2447 | acc 92.9% | 2s elapsed | eta 2s
  step 300/391 | loss 0.2461 | acc 93.1% | 3s elapsed | eta 1s
Ep  91 | loss 0.2458 | task 0.1993 | cons 0.0465 | train 93.0% | test 78.3% | 5s
  step 100/391 | loss 0.2327 | acc 93.5% | 1s elapsed | eta 3s
  step 200/391 | loss 0.2345 | acc 93.4% | 2s elapsed | eta 2s
  step 300/391 | loss 0.2381 | acc 93.3% | 3s elapsed | eta 1s
Ep  92 | loss 0.2404 | task 0.1926 | cons 0.0478 | train 93.2% | test 79.1% | 5s
  step 100/391 | loss 0.2286 | acc 94.0% | 1s elapsed | eta 3s
  step 200/391 | loss 0.2355 | acc 93.5% | 2s elapsed | eta 2s
  step 300/391 | loss 0.2356 | acc 93.3% | 3s elapsed | eta 1s
Ep  93 | loss 0.2392 | task 0.1936 | cons 0.0456 | train 93.1% | test 78.3% | 5s
  step 100/391 | loss 0.2332 | acc 93.8% | 1s elapsed | eta 3s
  step 200/391 | loss 0.2363 | acc 93.4% | 2s elapsed | eta 2s
  step 300/391 | loss 0.2359 | acc 93.5% | 3s elapsed | eta 1s
Ep  94 | loss 0.2365 | task 0.1876 | cons 0.0490 | train 93.5% | test 79.1% | 5s
  step 100/391 | loss 0.2185 | acc 94.3% | 1s elapsed | eta 4s
  step 200/391 | loss 0.2194 | acc 94.2% | 2s elapsed | eta 2s
  step 300/391 | loss 0.2203 | acc 94.1% | 3s elapsed | eta 1s
Ep  95 | loss 0.2260 | task 0.1733 | cons 0.0526 | train 93.9% | test 78.4% | 5s
  step 100/391 | loss 0.2349 | acc 93.3% | 1s elapsed | eta 3s
  step 200/391 | loss 0.2303 | acc 93.3% | 2s elapsed | eta 2s
  step 300/391 | loss 0.2421 | acc 92.9% | 3s elapsed | eta 1s
Ep  96 | loss 0.2418 | task 0.1952 | cons 0.0467 | train 92.9% | test 79.2% | 4s
  step 100/391 | loss 0.2143 | acc 94.0% | 1s elapsed | eta 3s
  step 200/391 | loss 0.2161 | acc 93.9% | 2s elapsed | eta 2s
  step 300/391 | loss 0.2193 | acc 93.9% | 3s elapsed | eta 1s
Ep  97 | loss 0.2225 | task 0.1739 | cons 0.0486 | train 93.8% | test 78.8% | 5s
  step 100/391 | loss 0.2256 | acc 93.7% | 1s elapsed | eta 3s
  step 200/391 | loss 0.2222 | acc 94.0% | 2s elapsed | eta 2s
  step 300/391 | loss 0.2273 | acc 93.8% | 3s elapsed | eta 1s
Ep  98 | loss 0.2284 | task 0.1777 | cons 0.0507 | train 93.7% | test 78.6% | 5s
  step 100/391 | loss 0.2117 | acc 94.3% | 1s elapsed | eta 3s
  step 200/391 | loss 0.2183 | acc 94.1% | 2s elapsed | eta 2s
  step 300/391 | loss 0.2220 | acc 93.9% | 3s elapsed | eta 1s
Ep  99 | loss 0.2262 | task 0.1777 | cons 0.0485 | train 93.8% | test 78.5% | 5s
  step 100/391 | loss 0.2132 | acc 94.2% | 1s elapsed | eta 3s
  step 200/391 | loss 0.2188 | acc 94.2% | 2s elapsed | eta 2s
  step 300/391 | loss 0.2213 | acc 94.1% | 3s elapsed | eta 1s
Ep 100 | loss 0.2253 | task 0.1752 | cons 0.0501 | train 93.9% | test 78.6% | 5s
    K=1: 75.0%
    K=2: 79.4%
    K=4: 78.6%
  step 100/391 | loss 0.2040 | acc 94.5% | 1s elapsed | eta 3s
  step 200/391 | loss 0.2160 | acc 94.1% | 2s elapsed | eta 2s
  step 300/391 | loss 0.2177 | acc 94.0% | 3s elapsed | eta 1s
Ep 101 | loss 0.2208 | task 0.1743 | cons 0.0465 | train 93.9% | test 78.7% | 4s
  step 100/391 | loss 0.2111 | acc 94.7% | 1s elapsed | eta 3s
  step 200/391 | loss 0.2156 | acc 94.6% | 2s elapsed | eta 2s
  step 300/391 | loss 0.2162 | acc 94.3% | 3s elapsed | eta 1s
Ep 102 | loss 0.2187 | task 0.1663 | cons 0.0524 | train 94.3% | test 79.2% | 5s
  step 100/391 | loss 0.2168 | acc 94.5% | 1s elapsed | eta 3s
  step 200/391 | loss 0.2090 | acc 94.6% | 2s elapsed | eta 2s
  step 300/391 | loss 0.2086 | acc 94.4% | 3s elapsed | eta 1s
Ep 103 | loss 0.2073 | task 0.1588 | cons 0.0485 | train 94.4% | test 79.5% | 5s
  step 100/391 | loss 0.2081 | acc 94.4% | 1s elapsed | eta 3s
  step 200/391 | loss 0.2131 | acc 94.4% | 2s elapsed | eta 2s
  step 300/391 | loss 0.2152 | acc 94.2% | 3s elapsed | eta 1s
Ep 104 | loss 0.2154 | task 0.1643 | cons 0.0511 | train 94.2% | test 78.2% | 4s
  step 100/391 | loss 0.2069 | acc 94.6% | 1s elapsed | eta 3s
  step 200/391 | loss 0.2047 | acc 94.6% | 2s elapsed | eta 2s
  step 300/391 | loss 0.2057 | acc 94.5% | 3s elapsed | eta 1s
Ep 105 | loss 0.2103 | task 0.1619 | cons 0.0484 | train 94.3% | test 79.2% | 5s
  step 100/391 | loss 0.2023 | acc 94.3% | 1s elapsed | eta 3s
  step 200/391 | loss 0.2051 | acc 94.3% | 2s elapsed | eta 2s
  step 300/391 | loss 0.2081 | acc 94.3% | 3s elapsed | eta 1s
Ep 106 | loss 0.2065 | task 0.1585 | cons 0.0480 | train 94.4% | test 79.0% | 5s
  step 100/391 | loss 0.1924 | acc 94.9% | 1s elapsed | eta 3s
  step 200/391 | loss 0.1955 | acc 94.8% | 2s elapsed | eta 2s
  step 300/391 | loss 0.2003 | acc 94.6% | 3s elapsed | eta 1s
Ep 107 | loss 0.2043 | task 0.1579 | cons 0.0463 | train 94.4% | test 79.2% | 5s
  step 100/391 | loss 0.2026 | acc 94.5% | 1s elapsed | eta 3s
  step 200/391 | loss 0.2078 | acc 94.3% | 2s elapsed | eta 2s
  step 300/391 | loss 0.2083 | acc 94.3% | 3s elapsed | eta 1s
Ep 108 | loss 0.2106 | task 0.1631 | cons 0.0475 | train 94.2% | test 79.6% | 4s
  step 100/391 | loss 0.1952 | acc 94.7% | 1s elapsed | eta 3s
  step 200/391 | loss 0.1988 | acc 94.4% | 2s elapsed | eta 2s
  step 300/391 | loss 0.1998 | acc 94.6% | 3s elapsed | eta 1s
Ep 109 | loss 0.2023 | task 0.1547 | cons 0.0476 | train 94.5% | test 79.1% | 5s
  step 100/391 | loss 0.1873 | acc 95.4% | 1s elapsed | eta 3s
  step 200/391 | loss 0.1959 | acc 95.1% | 2s elapsed | eta 2s
  step 300/391 | loss 0.1981 | acc 94.8% | 3s elapsed | eta 1s
Ep 110 | loss 0.1998 | task 0.1511 | cons 0.0487 | train 94.7% | test 79.4% | 5s
    K=1: 75.4%
    K=2: 79.5%
    K=4: 79.4%
  step 100/391 | loss 0.1812 | acc 94.9% | 1s elapsed | eta 3s
  step 200/391 | loss 0.1847 | acc 94.9% | 2s elapsed | eta 2s
  step 300/391 | loss 0.1910 | acc 94.9% | 3s elapsed | eta 1s
Ep 111 | loss 0.1946 | task 0.1508 | cons 0.0439 | train 94.8% | test 79.6% | 5s
  step 100/391 | loss 0.1902 | acc 95.5% | 1s elapsed | eta 3s
  step 200/391 | loss 0.1947 | acc 95.2% | 2s elapsed | eta 2s
  step 300/391 | loss 0.1972 | acc 95.0% | 3s elapsed | eta 1s
Ep 112 | loss 0.1985 | task 0.1494 | cons 0.0491 | train 94.8% | test 79.6% | 4s
  step 100/391 | loss 0.1960 | acc 94.8% | 1s elapsed | eta 3s
  step 200/391 | loss 0.1912 | acc 94.8% | 2s elapsed | eta 2s
  step 300/391 | loss 0.1912 | acc 94.8% | 3s elapsed | eta 1s
Ep 113 | loss 0.1926 | task 0.1474 | cons 0.0452 | train 94.8% | test 78.9% | 4s
  step 100/391 | loss 0.1878 | acc 95.1% | 1s elapsed | eta 3s
  step 200/391 | loss 0.1909 | acc 95.1% | 2s elapsed | eta 2s
  step 300/391 | loss 0.1923 | acc 95.2% | 3s elapsed | eta 1s
Ep 114 | loss 0.1916 | task 0.1393 | cons 0.0523 | train 95.1% | test 79.2% | 5s
  step 100/391 | loss 0.1867 | acc 95.0% | 1s elapsed | eta 3s
  step 200/391 | loss 0.1909 | acc 95.0% | 2s elapsed | eta 2s
  step 300/391 | loss 0.1898 | acc 95.1% | 3s elapsed | eta 1s
Ep 115 | loss 0.1908 | task 0.1440 | cons 0.0468 | train 95.0% | test 79.2% | 5s
  step 100/391 | loss 0.1976 | acc 95.0% | 1s elapsed | eta 4s
  step 200/391 | loss 0.1899 | acc 95.3% | 2s elapsed | eta 2s
  step 300/391 | loss 0.1868 | acc 95.3% | 3s elapsed | eta 1s
Ep 116 | loss 0.1864 | task 0.1383 | cons 0.0481 | train 95.2% | test 79.1% | 5s
  step 100/391 | loss 0.1891 | acc 95.4% | 1s elapsed | eta 3s
  step 200/391 | loss 0.1816 | acc 95.4% | 2s elapsed | eta 2s
  step 300/391 | loss 0.1832 | acc 95.4% | 3s elapsed | eta 1s
Ep 117 | loss 0.1860 | task 0.1351 | cons 0.0509 | train 95.3% | test 79.2% | 5s
  step 100/391 | loss 0.1720 | acc 96.2% | 1s elapsed | eta 4s
  step 200/391 | loss 0.1801 | acc 95.6% | 2s elapsed | eta 2s
  step 300/391 | loss 0.1864 | acc 95.4% | 3s elapsed | eta 1s
Ep 118 | loss 0.1884 | task 0.1346 | cons 0.0538 | train 95.4% | test 79.6% | 5s
  step 100/391 | loss 0.1764 | acc 95.6% | 1s elapsed | eta 3s
  step 200/391 | loss 0.1770 | acc 95.5% | 2s elapsed | eta 2s
  step 300/391 | loss 0.1798 | acc 95.4% | 3s elapsed | eta 1s
Ep 119 | loss 0.1834 | task 0.1375 | cons 0.0459 | train 95.2% | test 78.8% | 5s
  step 100/391 | loss 0.1737 | acc 95.8% | 1s elapsed | eta 3s
  step 200/391 | loss 0.1789 | acc 95.5% | 2s elapsed | eta 2s
  step 300/391 | loss 0.1787 | acc 95.5% | 3s elapsed | eta 1s
Ep 120 | loss 0.1813 | task 0.1329 | cons 0.0484 | train 95.4% | test 78.6% | 5s
    K=1: 75.2%
    K=2: 78.8%
    K=4: 78.6%
  step 100/391 | loss 0.1719 | acc 95.9% | 1s elapsed | eta 4s
  step 200/391 | loss 0.1786 | acc 95.7% | 2s elapsed | eta 2s
  step 300/391 | loss 0.1790 | acc 95.6% | 3s elapsed | eta 1s
Ep 121 | loss 0.1780 | task 0.1263 | cons 0.0517 | train 95.6% | test 79.2% | 5s
  step 100/391 | loss 0.1794 | acc 95.8% | 1s elapsed | eta 3s
  step 200/391 | loss 0.1811 | acc 95.5% | 2s elapsed | eta 2s
  step 300/391 | loss 0.1798 | acc 95.5% | 3s elapsed | eta 1s
Ep 122 | loss 0.1800 | task 0.1308 | cons 0.0492 | train 95.5% | test 78.7% | 5s
  step 100/391 | loss 0.1589 | acc 96.1% | 1s elapsed | eta 3s
  step 200/391 | loss 0.1708 | acc 95.9% | 2s elapsed | eta 2s
  step 300/391 | loss 0.1744 | acc 95.8% | 3s elapsed | eta 1s
Ep 123 | loss 0.1730 | task 0.1201 | cons 0.0529 | train 95.8% | test 79.3% | 5s
  step 100/391 | loss 0.1707 | acc 95.8% | 1s elapsed | eta 3s
  step 200/391 | loss 0.1694 | acc 95.6% | 2s elapsed | eta 2s
  step 300/391 | loss 0.1768 | acc 95.4% | 3s elapsed | eta 1s
Ep 124 | loss 0.1763 | task 0.1297 | cons 0.0465 | train 95.4% | test 79.1% | 5s
  step 100/391 | loss 0.1682 | acc 96.0% | 1s elapsed | eta 3s
  step 200/391 | loss 0.1706 | acc 95.9% | 2s elapsed | eta 2s
  step 300/391 | loss 0.1730 | acc 95.7% | 3s elapsed | eta 1s
Ep 125 | loss 0.1790 | task 0.1308 | cons 0.0482 | train 95.5% | test 80.3% | 5s
  step 100/391 | loss 0.1621 | acc 96.3% | 1s elapsed | eta 3s
  step 200/391 | loss 0.1727 | acc 95.8% | 2s elapsed | eta 2s
  step 300/391 | loss 0.1738 | acc 95.7% | 3s elapsed | eta 1s
Ep 126 | loss 0.1766 | task 0.1227 | cons 0.0539 | train 95.6% | test 79.6% | 5s
  step 100/391 | loss 0.1701 | acc 95.9% | 1s elapsed | eta 3s
  step 200/391 | loss 0.1707 | acc 95.8% | 2s elapsed | eta 2s
  step 300/391 | loss 0.1734 | acc 95.8% | 3s elapsed | eta 1s
Ep 127 | loss 0.1787 | task 0.1280 | cons 0.0506 | train 95.6% | test 79.9% | 5s
  step 100/391 | loss 0.1666 | acc 95.9% | 1s elapsed | eta 3s
  step 200/391 | loss 0.1731 | acc 95.8% | 2s elapsed | eta 2s
  step 300/391 | loss 0.1701 | acc 96.0% | 3s elapsed | eta 1s
Ep 128 | loss 0.1733 | task 0.1185 | cons 0.0548 | train 95.9% | test 79.3% | 5s
  step 100/391 | loss 0.1581 | acc 96.4% | 1s elapsed | eta 3s
  step 200/391 | loss 0.1649 | acc 96.0% | 2s elapsed | eta 2s
  step 300/391 | loss 0.1642 | acc 96.0% | 3s elapsed | eta 1s
Ep 129 | loss 0.1652 | task 0.1171 | cons 0.0481 | train 96.0% | test 78.8% | 5s
  step 100/391 | loss 0.1441 | acc 96.4% | 1s elapsed | eta 4s
  step 200/391 | loss 0.1543 | acc 96.1% | 2s elapsed | eta 2s
  step 300/391 | loss 0.1577 | acc 96.1% | 3s elapsed | eta 1s
Ep 130 | loss 0.1617 | task 0.1121 | cons 0.0496 | train 96.1% | test 79.5% | 5s
    K=1: 75.4%
    K=2: 79.2%
    K=4: 79.5%
  step 100/391 | loss 0.1524 | acc 96.2% | 1s elapsed | eta 3s
  step 200/391 | loss 0.1586 | acc 96.3% | 2s elapsed | eta 2s
  step 300/391 | loss 0.1629 | acc 96.1% | 3s elapsed | eta 1s
Ep 131 | loss 0.1655 | task 0.1154 | cons 0.0501 | train 96.0% | test 79.8% | 5s
  step 100/391 | loss 0.1585 | acc 96.0% | 1s elapsed | eta 3s
  step 200/391 | loss 0.1707 | acc 95.9% | 2s elapsed | eta 2s
  step 300/391 | loss 0.1711 | acc 95.9% | 3s elapsed | eta 1s
Ep 132 | loss 0.1737 | task 0.1192 | cons 0.0545 | train 95.9% | test 79.0% | 5s
  step 100/391 | loss 0.1634 | acc 96.6% | 1s elapsed | eta 3s
  step 200/391 | loss 0.1643 | acc 96.1% | 2s elapsed | eta 2s
  step 300/391 | loss 0.1681 | acc 96.2% | 3s elapsed | eta 1s
Ep 133 | loss 0.1671 | task 0.1135 | cons 0.0536 | train 96.2% | test 79.2% | 5s
  step 100/391 | loss 0.1535 | acc 96.4% | 1s elapsed | eta 3s
  step 200/391 | loss 0.1595 | acc 96.2% | 2s elapsed | eta 2s
  step 300/391 | loss 0.1596 | acc 96.3% | 3s elapsed | eta 1s
Ep 134 | loss 0.1594 | task 0.1116 | cons 0.0478 | train 96.2% | test 79.4% | 5s
  step 100/391 | loss 0.1531 | acc 96.7% | 1s elapsed | eta 3s
  step 200/391 | loss 0.1596 | acc 96.4% | 2s elapsed | eta 2s
  step 300/391 | loss 0.1612 | acc 96.3% | 3s elapsed | eta 1s
Ep 135 | loss 0.1618 | task 0.1089 | cons 0.0529 | train 96.2% | test 79.7% | 5s
  step 100/391 | loss 0.1393 | acc 96.8% | 1s elapsed | eta 4s
  step 200/391 | loss 0.1513 | acc 96.5% | 2s elapsed | eta 2s
  step 300/391 | loss 0.1530 | acc 96.5% | 3s elapsed | eta 1s
Ep 136 | loss 0.1535 | task 0.1053 | cons 0.0482 | train 96.4% | test 80.0% | 5s
  step 100/391 | loss 0.1575 | acc 96.3% | 1s elapsed | eta 3s
  step 200/391 | loss 0.1580 | acc 96.1% | 2s elapsed | eta 2s
  step 300/391 | loss 0.1592 | acc 96.1% | 3s elapsed | eta 1s
Ep 137 | loss 0.1588 | task 0.1095 | cons 0.0493 | train 96.2% | test 79.1% | 5s
  step 100/391 | loss 0.1541 | acc 96.7% | 1s elapsed | eta 3s
  step 200/391 | loss 0.1552 | acc 96.7% | 2s elapsed | eta 2s
  step 300/391 | loss 0.1598 | acc 96.6% | 3s elapsed | eta 1s
Ep 138 | loss 0.1607 | task 0.1007 | cons 0.0600 | train 96.6% | test 79.4% | 5s
  step 100/391 | loss 0.1583 | acc 96.8% | 1s elapsed | eta 3s
  step 200/391 | loss 0.1638 | acc 96.7% | 2s elapsed | eta 2s
  step 300/391 | loss 0.1630 | acc 96.6% | 3s elapsed | eta 1s
Ep 139 | loss 0.1655 | task 0.1068 | cons 0.0587 | train 96.4% | test 79.9% | 5s
  step 100/391 | loss 0.1446 | acc 96.9% | 1s elapsed | eta 3s
  step 200/391 | loss 0.1513 | acc 96.9% | 2s elapsed | eta 2s
  step 300/391 | loss 0.1536 | acc 96.7% | 3s elapsed | eta 1s
Ep 140 | loss 0.1551 | task 0.0998 | cons 0.0553 | train 96.6% | test 79.9% | 5s
    K=1: 76.2%
    K=2: 79.5%
    K=4: 79.9%
  step 100/391 | loss 0.1417 | acc 96.7% | 1s elapsed | eta 3s
  step 200/391 | loss 0.1440 | acc 96.7% | 2s elapsed | eta 2s
  step 300/391 | loss 0.1441 | acc 96.7% | 3s elapsed | eta 1s
Ep 141 | loss 0.1492 | task 0.1012 | cons 0.0480 | train 96.5% | test 79.5% | 5s
  step 100/391 | loss 0.1383 | acc 96.8% | 1s elapsed | eta 3s
  step 200/391 | loss 0.1476 | acc 96.7% | 2s elapsed | eta 2s
  step 300/391 | loss 0.1491 | acc 96.8% | 3s elapsed | eta 1s
Ep 142 | loss 0.1481 | task 0.0943 | cons 0.0538 | train 96.8% | test 80.1% | 6s
  step 100/391 | loss 0.1450 | acc 96.8% | 2s elapsed | eta 6s
  step 200/391 | loss 0.1534 | acc 96.7% | 4s elapsed | eta 4s
  step 300/391 | loss 0.1467 | acc 96.8% | 6s elapsed | eta 2s
Ep 143 | loss 0.1491 | task 0.0941 | cons 0.0550 | train 96.8% | test 79.4% | 9s
  step 100/391 | loss 0.1427 | acc 96.7% | 1s elapsed | eta 4s
  step 200/391 | loss 0.1506 | acc 96.6% | 2s elapsed | eta 2s
  step 300/391 | loss 0.1509 | acc 96.5% | 3s elapsed | eta 1s
Ep 144 | loss 0.1509 | task 0.1019 | cons 0.0491 | train 96.5% | test 79.3% | 5s
  step 100/391 | loss 0.1433 | acc 97.6% | 1s elapsed | eta 4s
  step 200/391 | loss 0.1517 | acc 97.1% | 2s elapsed | eta 2s
  step 300/391 | loss 0.1504 | acc 97.1% | 3s elapsed | eta 1s
Ep 145 | loss 0.1489 | task 0.0903 | cons 0.0586 | train 97.0% | test 79.6% | 5s
  step 100/391 | loss 0.1442 | acc 97.2% | 2s elapsed | eta 5s
  step 200/391 | loss 0.1394 | acc 97.1% | 3s elapsed | eta 3s
  step 300/391 | loss 0.1425 | acc 97.0% | 5s elapsed | eta 1s
Ep 146 | loss 0.1473 | task 0.0909 | cons 0.0564 | train 96.9% | test 79.6% | 7s
  step 100/391 | loss 0.1501 | acc 96.8% | 2s elapsed | eta 5s
  step 200/391 | loss 0.1482 | acc 96.8% | 3s elapsed | eta 3s
  step 300/391 | loss 0.1497 | acc 96.8% | 5s elapsed | eta 2s
Ep 147 | loss 0.1482 | task 0.0940 | cons 0.0543 | train 96.9% | test 79.5% | 7s
  step 100/391 | loss 0.1514 | acc 97.0% | 2s elapsed | eta 6s
  step 200/391 | loss 0.1457 | acc 97.0% | 4s elapsed | eta 3s
  step 300/391 | loss 0.1493 | acc 96.9% | 5s elapsed | eta 2s
Ep 148 | loss 0.1456 | task 0.0894 | cons 0.0562 | train 97.0% | test 79.6% | 8s
  step 100/391 | loss 0.1343 | acc 97.1% | 2s elapsed | eta 5s
  step 200/391 | loss 0.1365 | acc 97.0% | 3s elapsed | eta 3s
  step 300/391 | loss 0.1415 | acc 96.9% | 5s elapsed | eta 2s
Ep 149 | loss 0.1431 | task 0.0905 | cons 0.0525 | train 96.8% | test 79.0% | 8s
  step 100/391 | loss 0.1342 | acc 97.2% | 2s elapsed | eta 5s
  step 200/391 | loss 0.1435 | acc 96.9% | 3s elapsed | eta 3s
  step 300/391 | loss 0.1429 | acc 96.8% | 5s elapsed | eta 1s
Ep 150 | loss 0.1464 | task 0.0957 | cons 0.0507 | train 96.7% | test 79.3% | 7s
    K=1: 76.2%
    K=2: 79.7%
    K=4: 79.3%
  step 100/391 | loss 0.1473 | acc 97.3% | 2s elapsed | eta 5s
  step 200/391 | loss 0.1421 | acc 97.2% | 3s elapsed | eta 3s
  step 300/391 | loss 0.1387 | acc 97.3% | 5s elapsed | eta 2s
Ep 151 | loss 0.1414 | task 0.0852 | cons 0.0561 | train 97.1% | test 79.7% | 8s
  step 100/391 | loss 0.1342 | acc 97.4% | 2s elapsed | eta 5s
  step 200/391 | loss 0.1379 | acc 97.3% | 4s elapsed | eta 3s
  step 300/391 | loss 0.1394 | acc 97.2% | 5s elapsed | eta 2s
Ep 152 | loss 0.1416 | task 0.0865 | cons 0.0551 | train 97.1% | test 80.0% | 8s
  step 100/391 | loss 0.1374 | acc 97.1% | 2s elapsed | eta 5s
  step 200/391 | loss 0.1379 | acc 97.2% | 3s elapsed | eta 3s
  step 300/391 | loss 0.1365 | acc 97.1% | 5s elapsed | eta 2s
Ep 153 | loss 0.1374 | task 0.0835 | cons 0.0539 | train 97.1% | test 80.0% | 7s
  step 100/391 | loss 0.1206 | acc 97.8% | 2s elapsed | eta 6s
  step 200/391 | loss 0.1314 | acc 97.5% | 4s elapsed | eta 3s
  step 300/391 | loss 0.1331 | acc 97.3% | 5s elapsed | eta 2s
Ep 154 | loss 0.1348 | task 0.0799 | cons 0.0549 | train 97.3% | test 79.2% | 8s
  step 100/391 | loss 0.1276 | acc 97.5% | 2s elapsed | eta 5s
  step 200/391 | loss 0.1353 | acc 97.3% | 3s elapsed | eta 3s
  step 300/391 | loss 0.1374 | acc 97.2% | 5s elapsed | eta 2s
Ep 155 | loss 0.1392 | task 0.0826 | cons 0.0566 | train 97.2% | test 79.4% | 8s
  step 100/391 | loss 0.1449 | acc 97.3% | 2s elapsed | eta 5s
  step 200/391 | loss 0.1367 | acc 97.3% | 4s elapsed | eta 3s
  step 300/391 | loss 0.1350 | acc 97.5% | 5s elapsed | eta 2s
Ep 156 | loss 0.1383 | task 0.0752 | cons 0.0630 | train 97.5% | test 79.5% | 8s
  step 100/391 | loss 0.1235 | acc 97.7% | 2s elapsed | eta 6s
  step 200/391 | loss 0.1291 | acc 97.5% | 4s elapsed | eta 3s
  step 300/391 | loss 0.1351 | acc 97.5% | 5s elapsed | eta 2s
Ep 157 | loss 0.1368 | task 0.0771 | cons 0.0597 | train 97.4% | test 79.7% | 8s
  step 100/391 | loss 0.1390 | acc 97.4% | 2s elapsed | eta 6s
  step 200/391 | loss 0.1368 | acc 97.4% | 3s elapsed | eta 3s
  step 300/391 | loss 0.1335 | acc 97.5% | 5s elapsed | eta 2s
Ep 158 | loss 0.1338 | task 0.0760 | cons 0.0578 | train 97.4% | test 79.4% | 8s
  step 100/391 | loss 0.1357 | acc 97.4% | 2s elapsed | eta 5s
  step 200/391 | loss 0.1347 | acc 97.2% | 3s elapsed | eta 3s
  step 300/391 | loss 0.1343 | acc 97.2% | 5s elapsed | eta 2s
Ep 159 | loss 0.1359 | task 0.0840 | cons 0.0519 | train 97.1% | test 79.5% | 7s
  step 100/391 | loss 0.1253 | acc 97.8% | 2s elapsed | eta 5s
  step 200/391 | loss 0.1321 | acc 97.7% | 3s elapsed | eta 3s
  step 300/391 | loss 0.1349 | acc 97.6% | 5s elapsed | eta 2s
Ep 160 | loss 0.1358 | task 0.0714 | cons 0.0644 | train 97.6% | test 79.6% | 8s
    K=1: 76.1%
    K=2: 79.3%
    K=4: 79.6%
  step 100/391 | loss 0.1218 | acc 97.7% | 2s elapsed | eta 5s
  step 200/391 | loss 0.1246 | acc 97.5% | 3s elapsed | eta 3s
  step 300/391 | loss 0.1280 | acc 97.4% | 5s elapsed | eta 2s
Ep 161 | loss 0.1300 | task 0.0781 | cons 0.0519 | train 97.4% | test 79.5% | 8s
  step 100/391 | loss 0.1243 | acc 97.6% | 2s elapsed | eta 5s
  step 200/391 | loss 0.1289 | acc 97.6% | 4s elapsed | eta 3s
  step 300/391 | loss 0.1287 | acc 97.6% | 5s elapsed | eta 2s
Ep 162 | loss 0.1293 | task 0.0730 | cons 0.0564 | train 97.6% | test 79.2% | 8s
  step 100/391 | loss 0.1291 | acc 97.9% | 2s elapsed | eta 6s
  step 200/391 | loss 0.1314 | acc 97.7% | 3s elapsed | eta 3s
  step 300/391 | loss 0.1295 | acc 97.6% | 5s elapsed | eta 2s
Ep 163 | loss 0.1287 | task 0.0710 | cons 0.0577 | train 97.6% | test 79.6% | 8s
  step 100/391 | loss 0.1268 | acc 97.6% | 2s elapsed | eta 5s
  step 200/391 | loss 0.1302 | acc 97.8% | 3s elapsed | eta 3s
  step 300/391 | loss 0.1307 | acc 97.7% | 5s elapsed | eta 2s
Ep 164 | loss 0.1327 | task 0.0690 | cons 0.0637 | train 97.6% | test 80.0% | 8s
  step 100/391 | loss 0.1241 | acc 98.0% | 2s elapsed | eta 5s
  step 200/391 | loss 0.1257 | acc 97.8% | 4s elapsed | eta 3s
  step 300/391 | loss 0.1252 | acc 97.7% | 5s elapsed | eta 2s
Ep 165 | loss 0.1249 | task 0.0689 | cons 0.0560 | train 97.7% | test 79.4% | 8s
  step 100/391 | loss 0.1264 | acc 97.6% | 2s elapsed | eta 5s
  step 200/391 | loss 0.1195 | acc 97.6% | 3s elapsed | eta 3s
  step 300/391 | loss 0.1213 | acc 97.6% | 5s elapsed | eta 2s
Ep 166 | loss 0.1243 | task 0.0716 | cons 0.0527 | train 97.6% | test 79.5% | 7s
  step 100/391 | loss 0.1176 | acc 97.9% | 2s elapsed | eta 6s
  step 200/391 | loss 0.1224 | acc 97.8% | 3s elapsed | eta 3s
  step 300/391 | loss 0.1256 | acc 97.9% | 5s elapsed | eta 2s
Ep 167 | loss 0.1258 | task 0.0640 | cons 0.0618 | train 97.9% | test 79.1% | 8s
  step 100/391 | loss 0.1239 | acc 97.8% | 2s elapsed | eta 5s
  step 200/391 | loss 0.1210 | acc 97.9% | 3s elapsed | eta 3s
  step 300/391 | loss 0.1212 | acc 97.9% | 5s elapsed | eta 2s
Ep 168 | loss 0.1230 | task 0.0646 | cons 0.0585 | train 97.8% | test 79.6% | 8s
  step 100/391 | loss 0.1114 | acc 97.7% | 2s elapsed | eta 5s
  step 200/391 | loss 0.1156 | acc 97.7% | 3s elapsed | eta 3s
  step 300/391 | loss 0.1215 | acc 97.7% | 5s elapsed | eta 2s
Ep 169 | loss 0.1214 | task 0.0685 | cons 0.0528 | train 97.6% | test 79.7% | 8s
  step 100/391 | loss 0.1214 | acc 98.0% | 2s elapsed | eta 5s
  step 200/391 | loss 0.1254 | acc 97.8% | 4s elapsed | eta 3s
  step 300/391 | loss 0.1241 | acc 97.8% | 5s elapsed | eta 2s
Ep 170 | loss 0.1213 | task 0.0613 | cons 0.0600 | train 97.9% | test 79.8% | 8s
    K=1: 76.6%
    K=2: 79.6%
    K=4: 79.8%
  step 100/391 | loss 0.1035 | acc 98.3% | 2s elapsed | eta 5s
  step 200/391 | loss 0.1193 | acc 98.1% | 4s elapsed | eta 3s
  step 300/391 | loss 0.1219 | acc 97.9% | 5s elapsed | eta 2s
Ep 171 | loss 0.1227 | task 0.0644 | cons 0.0583 | train 97.8% | test 80.1% | 8s
  step 100/391 | loss 0.1204 | acc 97.7% | 2s elapsed | eta 6s
  step 200/391 | loss 0.1222 | acc 97.8% | 3s elapsed | eta 3s
  step 300/391 | loss 0.1201 | acc 97.9% | 5s elapsed | eta 2s
Ep 172 | loss 0.1217 | task 0.0641 | cons 0.0576 | train 97.8% | test 79.5% | 8s
  step 100/391 | loss 0.1226 | acc 98.2% | 2s elapsed | eta 5s
  step 200/391 | loss 0.1226 | acc 98.1% | 4s elapsed | eta 3s
  step 300/391 | loss 0.1201 | acc 98.1% | 5s elapsed | eta 2s
Ep 173 | loss 0.1226 | task 0.0595 | cons 0.0631 | train 98.0% | test 79.7% | 8s
  step 100/391 | loss 0.1134 | acc 98.1% | 2s elapsed | eta 5s
  step 200/391 | loss 0.1152 | acc 98.0% | 3s elapsed | eta 3s
  step 300/391 | loss 0.1196 | acc 97.9% | 5s elapsed | eta 2s
Ep 174 | loss 0.1197 | task 0.0609 | cons 0.0588 | train 98.0% | test 79.5% | 8s
  step 100/391 | loss 0.1192 | acc 98.1% | 2s elapsed | eta 5s
  step 200/391 | loss 0.1160 | acc 98.2% | 4s elapsed | eta 3s
  step 300/391 | loss 0.1157 | acc 98.0% | 5s elapsed | eta 2s
Ep 175 | loss 0.1173 | task 0.0639 | cons 0.0534 | train 98.0% | test 79.3% | 7s
  step 100/391 | loss 0.1052 | acc 97.9% | 2s elapsed | eta 5s
  step 200/391 | loss 0.1086 | acc 98.0% | 3s elapsed | eta 3s
  step 300/391 | loss 0.1096 | acc 98.0% | 5s elapsed | eta 2s
Ep 176 | loss 0.1111 | task 0.0624 | cons 0.0486 | train 97.9% | test 79.6% | 7s
  step 100/391 | loss 0.1251 | acc 98.2% | 2s elapsed | eta 6s
  step 200/391 | loss 0.1254 | acc 98.1% | 3s elapsed | eta 3s
  step 300/391 | loss 0.1214 | acc 98.2% | 5s elapsed | eta 2s
Ep 177 | loss 0.1199 | task 0.0543 | cons 0.0657 | train 98.3% | test 79.8% | 8s
  step 100/391 | loss 0.1153 | acc 98.3% | 2s elapsed | eta 5s
  step 200/391 | loss 0.1164 | acc 98.2% | 3s elapsed | eta 3s
  step 300/391 | loss 0.1185 | acc 98.1% | 5s elapsed | eta 1s
Ep 178 | loss 0.1199 | task 0.0577 | cons 0.0622 | train 98.1% | test 79.9% | 8s
  step 100/391 | loss 0.0971 | acc 98.0% | 2s elapsed | eta 5s
  step 200/391 | loss 0.1072 | acc 98.1% | 3s elapsed | eta 3s
  step 300/391 | loss 0.1115 | acc 98.1% | 5s elapsed | eta 1s
Ep 179 | loss 0.1123 | task 0.0580 | cons 0.0543 | train 98.1% | test 79.5% | 7s
  step 100/391 | loss 0.1162 | acc 98.3% | 2s elapsed | eta 5s
  step 200/391 | loss 0.1119 | acc 98.1% | 3s elapsed | eta 3s
  step 300/391 | loss 0.1136 | acc 98.1% | 5s elapsed | eta 2s
Ep 180 | loss 0.1115 | task 0.0563 | cons 0.0552 | train 98.1% | test 79.9% | 7s
    K=1: 76.7%
    K=2: 79.7%
    K=4: 79.9%
  step 100/391 | loss 0.1160 | acc 98.1% | 2s elapsed | eta 5s
  step 200/391 | loss 0.1181 | acc 98.2% | 3s elapsed | eta 3s
  step 300/391 | loss 0.1139 | acc 98.1% | 5s elapsed | eta 1s
Ep 181 | loss 0.1150 | task 0.0577 | cons 0.0573 | train 98.1% | test 79.3% | 7s
  step 100/391 | loss 0.1039 | acc 98.5% | 2s elapsed | eta 5s
  step 200/391 | loss 0.1105 | acc 98.3% | 3s elapsed | eta 3s
  step 300/391 | loss 0.1129 | acc 98.3% | 5s elapsed | eta 2s
Ep 182 | loss 0.1140 | task 0.0537 | cons 0.0603 | train 98.2% | test 79.5% | 8s
  step 100/391 | loss 0.1183 | acc 98.1% | 2s elapsed | eta 6s
  step 200/391 | loss 0.1113 | acc 98.2% | 3s elapsed | eta 3s
  step 300/391 | loss 0.1109 | acc 98.3% | 5s elapsed | eta 2s
Ep 183 | loss 0.1086 | task 0.0522 | cons 0.0564 | train 98.3% | test 79.7% | 7s
  step 100/391 | loss 0.1017 | acc 98.5% | 2s elapsed | eta 5s
  step 200/391 | loss 0.1096 | acc 98.3% | 3s elapsed | eta 3s
  step 300/391 | loss 0.1063 | acc 98.3% | 5s elapsed | eta 2s
Ep 184 | loss 0.1089 | task 0.0527 | cons 0.0562 | train 98.3% | test 79.6% | 8s
  step 100/391 | loss 0.1069 | acc 98.5% | 2s elapsed | eta 5s
  step 200/391 | loss 0.1079 | acc 98.4% | 4s elapsed | eta 3s
  step 300/391 | loss 0.1095 | acc 98.5% | 5s elapsed | eta 2s
Ep 185 | loss 0.1097 | task 0.0504 | cons 0.0594 | train 98.4% | test 79.8% | 8s
  step 100/391 | loss 0.1100 | acc 98.5% | 2s elapsed | eta 5s
  step 200/391 | loss 0.1112 | acc 98.5% | 4s elapsed | eta 3s
  step 300/391 | loss 0.1075 | acc 98.4% | 5s elapsed | eta 2s
Ep 186 | loss 0.1082 | task 0.0490 | cons 0.0592 | train 98.4% | test 79.5% | 7s
  step 100/391 | loss 0.1163 | acc 98.6% | 2s elapsed | eta 6s
  step 200/391 | loss 0.1156 | acc 98.6% | 4s elapsed | eta 3s
  step 300/391 | loss 0.1109 | acc 98.5% | 5s elapsed | eta 2s
Ep 187 | loss 0.1097 | task 0.0457 | cons 0.0641 | train 98.6% | test 79.9% | 8s
  step 100/391 | loss 0.1023 | acc 98.3% | 2s elapsed | eta 5s
  step 200/391 | loss 0.1058 | acc 98.4% | 3s elapsed | eta 3s
  step 300/391 | loss 0.1076 | acc 98.3% | 5s elapsed | eta 2s
Ep 188 | loss 0.1095 | task 0.0502 | cons 0.0593 | train 98.4% | test 79.5% | 8s
  step 100/391 | loss 0.1038 | acc 98.6% | 2s elapsed | eta 5s
  step 200/391 | loss 0.1031 | acc 98.5% | 4s elapsed | eta 3s
  step 300/391 | loss 0.1034 | acc 98.4% | 5s elapsed | eta 1s
Ep 189 | loss 0.1039 | task 0.0493 | cons 0.0547 | train 98.4% | test 79.8% | 8s
  step 100/391 | loss 0.1106 | acc 98.7% | 2s elapsed | eta 5s
  step 200/391 | loss 0.1075 | acc 98.6% | 4s elapsed | eta 3s
  step 300/391 | loss 0.1071 | acc 98.7% | 5s elapsed | eta 2s
Ep 190 | loss 0.1086 | task 0.0432 | cons 0.0654 | train 98.6% | test 79.7% | 8s
    K=1: 76.9%
    K=2: 79.4%
    K=4: 79.7%
  step 100/391 | loss 0.1059 | acc 98.6% | 2s elapsed | eta 5s
  step 200/391 | loss 0.1102 | acc 98.6% | 4s elapsed | eta 3s
  step 300/391 | loss 0.1110 | acc 98.6% | 5s elapsed | eta 2s
Ep 191 | loss 0.1115 | task 0.0461 | cons 0.0654 | train 98.5% | test 79.7% | 8s
  step 100/391 | loss 0.1042 | acc 98.5% | 2s elapsed | eta 5s
  step 200/391 | loss 0.1066 | acc 98.5% | 3s elapsed | eta 3s
  step 300/391 | loss 0.1059 | acc 98.5% | 5s elapsed | eta 2s
Ep 192 | loss 0.1064 | task 0.0474 | cons 0.0590 | train 98.5% | test 80.1% | 8s
  step 100/391 | loss 0.1054 | acc 98.6% | 2s elapsed | eta 6s
  step 200/391 | loss 0.1083 | acc 98.6% | 4s elapsed | eta 3s
  step 300/391 | loss 0.1084 | acc 98.6% | 5s elapsed | eta 2s
Ep 193 | loss 0.1069 | task 0.0430 | cons 0.0639 | train 98.6% | test 79.7% | 8s
  step 100/391 | loss 0.1042 | acc 98.8% | 2s elapsed | eta 5s
  step 200/391 | loss 0.1004 | acc 98.8% | 3s elapsed | eta 3s
  step 300/391 | loss 0.1034 | acc 98.7% | 5s elapsed | eta 1s
Ep 194 | loss 0.1041 | task 0.0431 | cons 0.0609 | train 98.6% | test 80.3% | 7s
  step 100/391 | loss 0.1146 | acc 98.6% | 2s elapsed | eta 5s
  step 200/391 | loss 0.1104 | acc 98.5% | 3s elapsed | eta 3s
  step 300/391 | loss 0.1109 | acc 98.5% | 5s elapsed | eta 2s
Ep 195 | loss 0.1102 | task 0.0462 | cons 0.0640 | train 98.5% | test 79.5% | 8s
  step 100/391 | loss 0.1042 | acc 98.6% | 2s elapsed | eta 5s
  step 200/391 | loss 0.1035 | acc 98.7% | 3s elapsed | eta 3s
  step 300/391 | loss 0.1026 | acc 98.7% | 5s elapsed | eta 2s
Ep 196 | loss 0.1019 | task 0.0414 | cons 0.0605 | train 98.7% | test 80.1% | 8s
  step 100/391 | loss 0.0972 | acc 98.8% | 2s elapsed | eta 6s
  step 200/391 | loss 0.0975 | acc 98.6% | 3s elapsed | eta 3s
  step 300/391 | loss 0.1017 | acc 98.7% | 5s elapsed | eta 2s
Ep 197 | loss 0.1007 | task 0.0400 | cons 0.0607 | train 98.7% | test 79.9% | 8s
  step 100/391 | loss 0.0926 | acc 98.9% | 2s elapsed | eta 5s
  step 200/391 | loss 0.0958 | acc 98.8% | 3s elapsed | eta 3s
  step 300/391 | loss 0.0956 | acc 98.8% | 5s elapsed | eta 2s
Ep 198 | loss 0.0993 | task 0.0404 | cons 0.0588 | train 98.7% | test 79.5% | 8s
  step 100/391 | loss 0.0973 | acc 98.8% | 2s elapsed | eta 5s
  step 200/391 | loss 0.0915 | acc 98.7% | 3s elapsed | eta 3s
  step 300/391 | loss 0.0954 | acc 98.7% | 5s elapsed | eta 1s
Ep 199 | loss 0.0940 | task 0.0408 | cons 0.0531 | train 98.7% | test 80.0% | 7s
  step 100/391 | loss 0.1068 | acc 98.7% | 2s elapsed | eta 5s
  step 200/391 | loss 0.1001 | acc 98.7% | 3s elapsed | eta 3s
  step 300/391 | loss 0.0999 | acc 98.7% | 5s elapsed | eta 2s
Ep 200 | loss 0.0988 | task 0.0409 | cons 0.0579 | train 98.7% | test 79.9% | 7s
    K=1: 76.9%
    K=2: 79.3%
    K=4: 79.9%
  step 100/391 | loss 0.0943 | acc 98.7% | 2s elapsed | eta 5s
  step 200/391 | loss 0.0936 | acc 98.8% | 4s elapsed | eta 3s
  step 300/391 | loss 0.0954 | acc 98.8% | 5s elapsed | eta 2s
Ep 201 | loss 0.0969 | task 0.0386 | cons 0.0583 | train 98.7% | test 80.0% | 7s
  step 100/391 | loss 0.0958 | acc 98.9% | 2s elapsed | eta 6s
  step 200/391 | loss 0.0942 | acc 98.9% | 3s elapsed | eta 3s
  step 300/391 | loss 0.0983 | acc 98.9% | 5s elapsed | eta 2s
Ep 202 | loss 0.0987 | task 0.0368 | cons 0.0619 | train 98.8% | test 80.4% | 8s
  step 100/391 | loss 0.1090 | acc 98.9% | 2s elapsed | eta 6s
  step 200/391 | loss 0.1026 | acc 98.9% | 3s elapsed | eta 3s
  step 300/391 | loss 0.1052 | acc 98.9% | 5s elapsed | eta 2s
Ep 203 | loss 0.1036 | task 0.0381 | cons 0.0655 | train 98.9% | test 80.0% | 8s
  step 100/391 | loss 0.0902 | acc 99.1% | 2s elapsed | eta 5s
  step 200/391 | loss 0.0959 | acc 99.1% | 3s elapsed | eta 3s
  step 300/391 | loss 0.0986 | acc 99.0% | 5s elapsed | eta 2s
Ep 204 | loss 0.0986 | task 0.0333 | cons 0.0652 | train 99.0% | test 80.2% | 8s
  step 100/391 | loss 0.0976 | acc 98.5% | 2s elapsed | eta 4s
  step 200/391 | loss 0.0965 | acc 98.7% | 3s elapsed | eta 3s
  step 300/391 | loss 0.0978 | acc 98.8% | 5s elapsed | eta 1s
Ep 205 | loss 0.0983 | task 0.0389 | cons 0.0594 | train 98.8% | test 79.8% | 7s
  step 100/391 | loss 0.0870 | acc 98.9% | 2s elapsed | eta 5s
  step 200/391 | loss 0.0923 | acc 99.0% | 3s elapsed | eta 3s
  step 300/391 | loss 0.0979 | acc 98.9% | 5s elapsed | eta 2s
Ep 206 | loss 0.0991 | task 0.0344 | cons 0.0646 | train 98.9% | test 79.8% | 8s
  step 100/391 | loss 0.0917 | acc 99.0% | 2s elapsed | eta 6s
  step 200/391 | loss 0.0954 | acc 99.0% | 3s elapsed | eta 3s
  step 300/391 | loss 0.0959 | acc 98.8% | 5s elapsed | eta 2s
Ep 207 | loss 0.0976 | task 0.0371 | cons 0.0605 | train 98.9% | test 79.7% | 8s
  step 100/391 | loss 0.0935 | acc 99.0% | 2s elapsed | eta 5s
  step 200/391 | loss 0.0963 | acc 99.0% | 3s elapsed | eta 3s
  step 300/391 | loss 0.0986 | acc 99.0% | 5s elapsed | eta 2s
Ep 208 | loss 0.0983 | task 0.0343 | cons 0.0640 | train 98.9% | test 80.2% | 8s
  step 100/391 | loss 0.0919 | acc 99.1% | 2s elapsed | eta 4s
  step 200/391 | loss 0.0936 | acc 99.1% | 3s elapsed | eta 3s
  step 300/391 | loss 0.0894 | acc 99.0% | 5s elapsed | eta 1s
Ep 209 | loss 0.0907 | task 0.0330 | cons 0.0577 | train 99.0% | test 80.0% | 7s
  step 100/391 | loss 0.0858 | acc 99.2% | 2s elapsed | eta 5s
  step 200/391 | loss 0.0890 | acc 99.1% | 4s elapsed | eta 3s
  step 300/391 | loss 0.0921 | acc 99.0% | 5s elapsed | eta 2s
Ep 210 | loss 0.0909 | task 0.0329 | cons 0.0580 | train 99.0% | test 79.9% | 7s
    K=1: 77.0%
    K=2: 79.5%
    K=4: 79.9%
  step 100/391 | loss 0.0939 | acc 99.1% | 2s elapsed | eta 5s
  step 200/391 | loss 0.0919 | acc 99.2% | 4s elapsed | eta 3s
  step 300/391 | loss 0.0919 | acc 99.2% | 5s elapsed | eta 2s
Ep 211 | loss 0.0938 | task 0.0285 | cons 0.0653 | train 99.1% | test 79.8% | 8s
  step 100/391 | loss 0.0934 | acc 99.1% | 2s elapsed | eta 5s
  step 200/391 | loss 0.0916 | acc 99.1% | 3s elapsed | eta 3s
  step 300/391 | loss 0.0976 | acc 99.1% | 5s elapsed | eta 2s
Ep 212 | loss 0.1005 | task 0.0319 | cons 0.0686 | train 99.0% | test 80.2% | 7s
  step 100/391 | loss 0.0910 | acc 99.2% | 2s elapsed | eta 6s
  step 200/391 | loss 0.0951 | acc 99.2% | 4s elapsed | eta 3s
  step 300/391 | loss 0.0968 | acc 99.1% | 5s elapsed | eta 2s
Ep 213 | loss 0.0975 | task 0.0317 | cons 0.0658 | train 99.0% | test 80.1% | 8s
  step 100/391 | loss 0.0891 | acc 99.2% | 2s elapsed | eta 5s
  step 200/391 | loss 0.0910 | acc 99.1% | 3s elapsed | eta 3s
  step 300/391 | loss 0.0876 | acc 99.1% | 5s elapsed | eta 2s
Ep 214 | loss 0.0898 | task 0.0312 | cons 0.0586 | train 99.1% | test 80.2% | 8s
  step 100/391 | loss 0.0827 | acc 99.0% | 2s elapsed | eta 5s
  step 200/391 | loss 0.0891 | acc 99.0% | 3s elapsed | eta 3s
  step 300/391 | loss 0.0892 | acc 99.0% | 5s elapsed | eta 2s
Ep 215 | loss 0.0891 | task 0.0312 | cons 0.0578 | train 99.0% | test 80.0% | 7s
  step 100/391 | loss 0.0886 | acc 99.3% | 2s elapsed | eta 5s
  step 200/391 | loss 0.0896 | acc 99.2% | 3s elapsed | eta 3s
  step 300/391 | loss 0.0878 | acc 99.2% | 5s elapsed | eta 2s
Ep 216 | loss 0.0880 | task 0.0274 | cons 0.0606 | train 99.2% | test 80.5% | 7s
  step 100/391 | loss 0.0931 | acc 99.2% | 2s elapsed | eta 5s
  step 200/391 | loss 0.0848 | acc 99.3% | 3s elapsed | eta 3s
  step 300/391 | loss 0.0896 | acc 99.2% | 5s elapsed | eta 2s
Ep 217 | loss 0.0930 | task 0.0264 | cons 0.0665 | train 99.2% | test 79.9% | 7s
  step 100/391 | loss 0.0950 | acc 99.3% | 2s elapsed | eta 6s
  step 200/391 | loss 0.0961 | acc 99.2% | 4s elapsed | eta 3s
  step 300/391 | loss 0.0940 | acc 99.1% | 5s elapsed | eta 2s
Ep 218 | loss 0.0945 | task 0.0280 | cons 0.0665 | train 99.2% | test 80.1% | 8s
  step 100/391 | loss 0.0844 | acc 99.1% | 1s elapsed | eta 4s
  step 200/391 | loss 0.0875 | acc 99.2% | 3s elapsed | eta 3s
  step 300/391 | loss 0.0905 | acc 99.2% | 5s elapsed | eta 1s
Ep 219 | loss 0.0919 | task 0.0309 | cons 0.0610 | train 99.1% | test 80.1% | 7s
  step 100/391 | loss 0.0963 | acc 99.1% | 2s elapsed | eta 5s
  step 200/391 | loss 0.0977 | acc 99.2% | 3s elapsed | eta 3s
  step 300/391 | loss 0.0926 | acc 99.2% | 5s elapsed | eta 2s
Ep 220 | loss 0.0922 | task 0.0258 | cons 0.0664 | train 99.2% | test 80.0% | 7s
    K=1: 77.7%
    K=2: 79.7%
    K=4: 80.0%
  step 100/391 | loss 0.0921 | acc 99.2% | 2s elapsed | eta 5s
  step 200/391 | loss 0.0911 | acc 99.2% | 3s elapsed | eta 3s
  step 300/391 | loss 0.0887 | acc 99.2% | 5s elapsed | eta 1s
Ep 221 | loss 0.0883 | task 0.0243 | cons 0.0640 | train 99.3% | test 79.6% | 7s
  step 100/391 | loss 0.0784 | acc 99.5% | 2s elapsed | eta 5s
  step 200/391 | loss 0.0828 | acc 99.4% | 3s elapsed | eta 3s
  step 300/391 | loss 0.0856 | acc 99.3% | 5s elapsed | eta 2s
Ep 222 | loss 0.0882 | task 0.0239 | cons 0.0643 | train 99.3% | test 80.2% | 7s
  step 100/391 | loss 0.0961 | acc 99.3% | 2s elapsed | eta 6s
  step 200/391 | loss 0.0893 | acc 99.2% | 3s elapsed | eta 3s
  step 300/391 | loss 0.0901 | acc 99.2% | 5s elapsed | eta 2s
Ep 223 | loss 0.0910 | task 0.0253 | cons 0.0656 | train 99.2% | test 80.0% | 8s
  step 100/391 | loss 0.0830 | acc 99.4% | 2s elapsed | eta 5s
  step 200/391 | loss 0.0839 | acc 99.3% | 3s elapsed | eta 3s
  step 300/391 | loss 0.0871 | acc 99.3% | 5s elapsed | eta 2s
Ep 224 | loss 0.0868 | task 0.0254 | cons 0.0615 | train 99.3% | test 80.6% | 8s
  step 100/391 | loss 0.0952 | acc 99.4% | 2s elapsed | eta 5s
  step 200/391 | loss 0.0907 | acc 99.3% | 3s elapsed | eta 3s
  step 300/391 | loss 0.0899 | acc 99.3% | 5s elapsed | eta 1s
Ep 225 | loss 0.0896 | task 0.0242 | cons 0.0655 | train 99.3% | test 80.0% | 7s
  step 100/391 | loss 0.0892 | acc 99.4% | 2s elapsed | eta 5s
  step 200/391 | loss 0.0848 | acc 99.3% | 3s elapsed | eta 3s
  step 300/391 | loss 0.0871 | acc 99.3% | 5s elapsed | eta 2s
Ep 226 | loss 0.0860 | task 0.0266 | cons 0.0595 | train 99.2% | test 80.0% | 7s
  step 100/391 | loss 0.0782 | acc 99.4% | 2s elapsed | eta 5s
  step 200/391 | loss 0.0775 | acc 99.4% | 3s elapsed | eta 3s
  step 300/391 | loss 0.0779 | acc 99.3% | 5s elapsed | eta 2s
Ep 227 | loss 0.0798 | task 0.0243 | cons 0.0554 | train 99.3% | test 80.2% | 8s
  step 100/391 | loss 0.0643 | acc 99.4% | 2s elapsed | eta 6s
  step 200/391 | loss 0.0736 | acc 99.4% | 3s elapsed | eta 3s
  step 300/391 | loss 0.0790 | acc 99.4% | 5s elapsed | eta 2s
Ep 228 | loss 0.0803 | task 0.0214 | cons 0.0589 | train 99.4% | test 80.2% | 8s
  step 100/391 | loss 0.0860 | acc 99.4% | 2s elapsed | eta 5s
  step 200/391 | loss 0.0886 | acc 99.3% | 3s elapsed | eta 3s
  step 300/391 | loss 0.0871 | acc 99.3% | 5s elapsed | eta 1s
Ep 229 | loss 0.0869 | task 0.0225 | cons 0.0644 | train 99.3% | test 80.0% | 7s
  step 100/391 | loss 0.0705 | acc 99.4% | 2s elapsed | eta 5s
  step 200/391 | loss 0.0721 | acc 99.4% | 3s elapsed | eta 3s
  step 300/391 | loss 0.0743 | acc 99.4% | 5s elapsed | eta 1s
Ep 230 | loss 0.0785 | task 0.0208 | cons 0.0576 | train 99.4% | test 79.8% | 7s
    K=1: 77.3%
    K=2: 79.5%
    K=4: 79.8%
  step 100/391 | loss 0.0648 | acc 99.2% | 1s elapsed | eta 4s
  step 200/391 | loss 0.0775 | acc 99.3% | 3s elapsed | eta 3s
  step 300/391 | loss 0.0824 | acc 99.3% | 5s elapsed | eta 1s
Ep 231 | loss 0.0821 | task 0.0253 | cons 0.0568 | train 99.3% | test 80.1% | 7s
  step 100/391 | loss 0.0821 | acc 99.4% | 2s elapsed | eta 5s
  step 200/391 | loss 0.0875 | acc 99.4% | 4s elapsed | eta 3s
  step 300/391 | loss 0.0842 | acc 99.4% | 5s elapsed | eta 2s
Ep 232 | loss 0.0808 | task 0.0239 | cons 0.0568 | train 99.4% | test 80.1% | 8s
  step 100/391 | loss 0.0874 | acc 99.5% | 2s elapsed | eta 6s
  step 200/391 | loss 0.0845 | acc 99.5% | 3s elapsed | eta 3s
  step 300/391 | loss 0.0827 | acc 99.4% | 5s elapsed | eta 2s
Ep 233 | loss 0.0824 | task 0.0228 | cons 0.0596 | train 99.4% | test 80.3% | 8s
  step 100/391 | loss 0.0820 | acc 99.5% | 2s elapsed | eta 5s
  step 200/391 | loss 0.0796 | acc 99.6% | 3s elapsed | eta 3s
  step 300/391 | loss 0.0812 | acc 99.6% | 5s elapsed | eta 2s
Ep 234 | loss 0.0800 | task 0.0180 | cons 0.0620 | train 99.6% | test 80.2% | 8s
  step 100/391 | loss 0.0893 | acc 99.5% | 2s elapsed | eta 5s
  step 200/391 | loss 0.0870 | acc 99.5% | 3s elapsed | eta 3s
  step 300/391 | loss 0.0894 | acc 99.5% | 5s elapsed | eta 2s
Ep 235 | loss 0.0906 | task 0.0195 | cons 0.0712 | train 99.5% | test 80.2% | 8s
  step 100/391 | loss 0.0873 | acc 99.4% | 2s elapsed | eta 5s
  step 200/391 | loss 0.0841 | acc 99.4% | 3s elapsed | eta 3s
  step 300/391 | loss 0.0881 | acc 99.5% | 5s elapsed | eta 2s
Ep 236 | loss 0.0861 | task 0.0198 | cons 0.0663 | train 99.5% | test 80.3% | 7s
  step 100/391 | loss 0.0940 | acc 99.3% | 2s elapsed | eta 6s
  step 200/391 | loss 0.0902 | acc 99.4% | 4s elapsed | eta 3s
  step 300/391 | loss 0.0919 | acc 99.5% | 5s elapsed | eta 2s
Ep 237 | loss 0.0893 | task 0.0211 | cons 0.0682 | train 99.4% | test 80.4% | 7s
  step 100/391 | loss 0.0785 | acc 99.6% | 2s elapsed | eta 6s
  step 200/391 | loss 0.0772 | acc 99.6% | 3s elapsed | eta 3s
  step 300/391 | loss 0.0833 | acc 99.5% | 5s elapsed | eta 2s
Ep 238 | loss 0.0835 | task 0.0180 | cons 0.0655 | train 99.5% | test 80.2% | 8s
  step 100/391 | loss 0.0661 | acc 99.6% | 2s elapsed | eta 5s
  step 200/391 | loss 0.0773 | acc 99.5% | 3s elapsed | eta 3s
  step 300/391 | loss 0.0761 | acc 99.5% | 5s elapsed | eta 2s
Ep 239 | loss 0.0778 | task 0.0177 | cons 0.0601 | train 99.5% | test 80.1% | 8s
  step 100/391 | loss 0.0762 | acc 99.5% | 2s elapsed | eta 4s
  step 200/391 | loss 0.0794 | acc 99.5% | 3s elapsed | eta 3s
  step 300/391 | loss 0.0856 | acc 99.5% | 5s elapsed | eta 1s
Ep 240 | loss 0.0881 | task 0.0208 | cons 0.0673 | train 99.4% | test 80.2% | 8s
    K=1: 77.4%
    K=2: 79.7%
    K=4: 80.2%
  step 100/391 | loss 0.0851 | acc 99.4% | 2s elapsed | eta 5s
  step 200/391 | loss 0.0820 | acc 99.5% | 3s elapsed | eta 3s
  step 300/391 | loss 0.0855 | acc 99.5% | 5s elapsed | eta 1s
Ep 241 | loss 0.0857 | task 0.0192 | cons 0.0665 | train 99.5% | test 80.5% | 8s
  step 100/391 | loss 0.0709 | acc 99.4% | 2s elapsed | eta 5s
  step 200/391 | loss 0.0749 | acc 99.5% | 3s elapsed | eta 3s
  step 300/391 | loss 0.0735 | acc 99.5% | 5s elapsed | eta 1s
Ep 242 | loss 0.0769 | task 0.0175 | cons 0.0594 | train 99.5% | test 80.3% | 7s
  step 100/391 | loss 0.0683 | acc 99.7% | 2s elapsed | eta 6s
  step 200/391 | loss 0.0782 | acc 99.6% | 3s elapsed | eta 3s
  step 300/391 | loss 0.0793 | acc 99.6% | 5s elapsed | eta 2s
Ep 243 | loss 0.0781 | task 0.0168 | cons 0.0613 | train 99.6% | test 80.3% | 8s
  step 100/391 | loss 0.0903 | acc 99.5% | 2s elapsed | eta 6s
  step 200/391 | loss 0.0798 | acc 99.5% | 3s elapsed | eta 3s
  step 300/391 | loss 0.0809 | acc 99.5% | 5s elapsed | eta 2s
Ep 244 | loss 0.0811 | task 0.0173 | cons 0.0638 | train 99.5% | test 80.5% | 8s
  step 100/391 | loss 0.0902 | acc 99.6% | 2s elapsed | eta 5s
  step 200/391 | loss 0.0887 | acc 99.5% | 3s elapsed | eta 3s
  step 300/391 | loss 0.0835 | acc 99.6% | 5s elapsed | eta 2s
Ep 245 | loss 0.0835 | task 0.0184 | cons 0.0651 | train 99.5% | test 80.5% | 8s
  step 100/391 | loss 0.0794 | acc 99.5% | 2s elapsed | eta 5s
  step 200/391 | loss 0.0791 | acc 99.5% | 3s elapsed | eta 3s
  step 300/391 | loss 0.0787 | acc 99.6% | 5s elapsed | eta 1s
Ep 246 | loss 0.0803 | task 0.0181 | cons 0.0622 | train 99.5% | test 80.1% | 7s
  step 100/391 | loss 0.0777 | acc 99.6% | 2s elapsed | eta 5s
  step 200/391 | loss 0.0771 | acc 99.6% | 3s elapsed | eta 3s
  step 300/391 | loss 0.0806 | acc 99.6% | 5s elapsed | eta 2s
Ep 247 | loss 0.0807 | task 0.0156 | cons 0.0651 | train 99.6% | test 80.3% | 7s
  step 100/391 | loss 0.0795 | acc 99.6% | 2s elapsed | eta 6s
  step 200/391 | loss 0.0787 | acc 99.6% | 4s elapsed | eta 3s
  step 300/391 | loss 0.0791 | acc 99.6% | 5s elapsed | eta 2s
Ep 248 | loss 0.0804 | task 0.0164 | cons 0.0641 | train 99.6% | test 80.3% | 8s
  step 100/391 | loss 0.0778 | acc 99.5% | 2s elapsed | eta 5s
  step 200/391 | loss 0.0778 | acc 99.5% | 3s elapsed | eta 3s
  step 300/391 | loss 0.0763 | acc 99.6% | 5s elapsed | eta 2s
Ep 249 | loss 0.0767 | task 0.0157 | cons 0.0610 | train 99.5% | test 80.1% | 8s
  step 100/391 | loss 0.0836 | acc 99.6% | 2s elapsed | eta 5s
  step 200/391 | loss 0.0807 | acc 99.5% | 3s elapsed | eta 3s
  step 300/391 | loss 0.0831 | acc 99.6% | 5s elapsed | eta 2s
Ep 250 | loss 0.0817 | task 0.0151 | cons 0.0667 | train 99.6% | test 80.6% | 8s
    K=1: 77.8%
    K=2: 79.7%
    K=4: 80.6%
  step 100/391 | loss 0.0845 | acc 99.7% | 2s elapsed | eta 5s
  step 200/391 | loss 0.0840 | acc 99.6% | 3s elapsed | eta 3s
  step 300/391 | loss 0.0824 | acc 99.6% | 5s elapsed | eta 1s
Ep 251 | loss 0.0794 | task 0.0157 | cons 0.0637 | train 99.6% | test 80.5% | 7s
  step 100/391 | loss 0.0763 | acc 99.6% | 2s elapsed | eta 5s
  step 200/391 | loss 0.0857 | acc 99.5% | 3s elapsed | eta 3s
  step 300/391 | loss 0.0803 | acc 99.6% | 5s elapsed | eta 1s
Ep 252 | loss 0.0814 | task 0.0167 | cons 0.0647 | train 99.6% | test 79.9% | 7s
  step 100/391 | loss 0.0832 | acc 99.7% | 2s elapsed | eta 6s
  step 200/391 | loss 0.0785 | acc 99.6% | 3s elapsed | eta 3s
  step 300/391 | loss 0.0792 | acc 99.6% | 5s elapsed | eta 2s
Ep 253 | loss 0.0785 | task 0.0153 | cons 0.0631 | train 99.6% | test 80.2% | 8s
  step 100/391 | loss 0.0720 | acc 99.6% | 2s elapsed | eta 6s
  step 200/391 | loss 0.0728 | acc 99.6% | 3s elapsed | eta 3s
  step 300/391 | loss 0.0743 | acc 99.6% | 5s elapsed | eta 2s
Ep 254 | loss 0.0721 | task 0.0146 | cons 0.0575 | train 99.6% | test 80.3% | 7s
  step 100/391 | loss 0.0804 | acc 99.6% | 2s elapsed | eta 5s
  step 200/391 | loss 0.0777 | acc 99.6% | 3s elapsed | eta 3s
  step 300/391 | loss 0.0783 | acc 99.6% | 5s elapsed | eta 2s
Ep 255 | loss 0.0791 | task 0.0154 | cons 0.0637 | train 99.6% | test 80.3% | 8s
  step 100/391 | loss 0.0762 | acc 99.7% | 2s elapsed | eta 5s
  step 200/391 | loss 0.0787 | acc 99.6% | 3s elapsed | eta 3s
  step 300/391 | loss 0.0693 | acc 99.6% | 5s elapsed | eta 1s
Ep 256 | loss 0.0705 | task 0.0148 | cons 0.0557 | train 99.6% | test 80.5% | 7s
  step 100/391 | loss 0.0804 | acc 99.6% | 2s elapsed | eta 5s
  step 200/391 | loss 0.0772 | acc 99.5% | 3s elapsed | eta 3s
  step 300/391 | loss 0.0768 | acc 99.6% | 5s elapsed | eta 1s
Ep 257 | loss 0.0777 | task 0.0150 | cons 0.0626 | train 99.6% | test 80.3% | 7s
  step 100/391 | loss 0.0928 | acc 99.7% | 2s elapsed | eta 5s
  step 200/391 | loss 0.0780 | acc 99.7% | 3s elapsed | eta 3s
  step 300/391 | loss 0.0799 | acc 99.7% | 5s elapsed | eta 1s
Ep 258 | loss 0.0772 | task 0.0140 | cons 0.0631 | train 99.7% | test 80.6% | 7s
  step 100/391 | loss 0.0801 | acc 99.7% | 2s elapsed | eta 6s
  step 200/391 | loss 0.0767 | acc 99.7% | 3s elapsed | eta 3s
  step 300/391 | loss 0.0771 | acc 99.7% | 5s elapsed | eta 2s
Ep 259 | loss 0.0789 | task 0.0130 | cons 0.0659 | train 99.7% | test 80.2% | 8s
  step 100/391 | loss 0.0829 | acc 99.7% | 2s elapsed | eta 6s
  step 200/391 | loss 0.0738 | acc 99.7% | 3s elapsed | eta 3s
  step 300/391 | loss 0.0769 | acc 99.7% | 5s elapsed | eta 2s
Ep 260 | loss 0.0761 | task 0.0136 | cons 0.0625 | train 99.6% | test 80.2% | 8s
    K=1: 77.8%
    K=2: 79.8%
    K=4: 80.2%
  step 100/391 | loss 0.0816 | acc 99.6% | 2s elapsed | eta 5s
  step 200/391 | loss 0.0749 | acc 99.7% | 3s elapsed | eta 3s
  step 300/391 | loss 0.0703 | acc 99.7% | 5s elapsed | eta 2s
Ep 261 | loss 0.0704 | task 0.0130 | cons 0.0574 | train 99.7% | test 80.3% | 8s
  step 100/391 | loss 0.0795 | acc 99.7% | 2s elapsed | eta 6s
  step 200/391 | loss 0.0838 | acc 99.7% | 4s elapsed | eta 3s
  step 300/391 | loss 0.0814 | acc 99.7% | 5s elapsed | eta 2s
Ep 262 | loss 0.0816 | task 0.0134 | cons 0.0682 | train 99.7% | test 80.3% | 8s
  step 100/391 | loss 0.0637 | acc 99.6% | 2s elapsed | eta 5s
  step 200/391 | loss 0.0687 | acc 99.7% | 3s elapsed | eta 3s
  step 300/391 | loss 0.0725 | acc 99.7% | 5s elapsed | eta 2s
Ep 263 | loss 0.0737 | task 0.0140 | cons 0.0597 | train 99.7% | test 80.3% | 8s
  step 100/391 | loss 0.0719 | acc 99.7% | 2s elapsed | eta 5s
  step 200/391 | loss 0.0754 | acc 99.8% | 4s elapsed | eta 3s
  step 300/391 | loss 0.0760 | acc 99.7% | 5s elapsed | eta 2s
Ep 264 | loss 0.0780 | task 0.0107 | cons 0.0673 | train 99.7% | test 80.3% | 8s
  step 100/391 | loss 0.0760 | acc 99.8% | 2s elapsed | eta 6s
  step 200/391 | loss 0.0717 | acc 99.7% | 4s elapsed | eta 3s
  step 300/391 | loss 0.0709 | acc 99.7% | 5s elapsed | eta 2s
Ep 265 | loss 0.0676 | task 0.0115 | cons 0.0561 | train 99.7% | test 80.4% | 7s
  step 100/391 | loss 0.0785 | acc 99.7% | 2s elapsed | eta 6s
  step 200/391 | loss 0.0781 | acc 99.6% | 4s elapsed | eta 3s
  step 300/391 | loss 0.0742 | acc 99.6% | 5s elapsed | eta 2s
Ep 266 | loss 0.0717 | task 0.0150 | cons 0.0568 | train 99.6% | test 80.2% | 7s
  step 100/391 | loss 0.0880 | acc 99.8% | 2s elapsed | eta 6s
  step 200/391 | loss 0.0827 | acc 99.8% | 4s elapsed | eta 3s
  step 300/391 | loss 0.0816 | acc 99.8% | 5s elapsed | eta 2s
Ep 267 | loss 0.0846 | task 0.0113 | cons 0.0733 | train 99.8% | test 80.4% | 8s
  step 100/391 | loss 0.0761 | acc 99.7% | 2s elapsed | eta 5s
  step 200/391 | loss 0.0774 | acc 99.7% | 3s elapsed | eta 3s
  step 300/391 | loss 0.0760 | acc 99.7% | 5s elapsed | eta 2s
Ep 268 | loss 0.0737 | task 0.0114 | cons 0.0623 | train 99.7% | test 80.4% | 8s
  step 100/391 | loss 0.0682 | acc 99.7% | 2s elapsed | eta 5s
  step 200/391 | loss 0.0740 | acc 99.7% | 4s elapsed | eta 4s
  step 300/391 | loss 0.0738 | acc 99.8% | 7s elapsed | eta 2s
Ep 269 | loss 0.0737 | task 0.0113 | cons 0.0624 | train 99.7% | test 80.4% | 11s
  step 100/391 | loss 0.0712 | acc 99.7% | 2s elapsed | eta 7s
  step 200/391 | loss 0.0702 | acc 99.7% | 5s elapsed | eta 5s
  step 300/391 | loss 0.0729 | acc 99.7% | 7s elapsed | eta 2s
Ep 270 | loss 0.0733 | task 0.0129 | cons 0.0604 | train 99.7% | test 80.5% | 11s
    K=1: 77.8%
    K=2: 79.8%
    K=4: 80.5%
  step 100/391 | loss 0.0616 | acc 99.7% | 3s elapsed | eta 7s
  step 200/391 | loss 0.0622 | acc 99.7% | 5s elapsed | eta 5s
  step 300/391 | loss 0.0626 | acc 99.7% | 8s elapsed | eta 2s
Ep 271 | loss 0.0656 | task 0.0111 | cons 0.0545 | train 99.7% | test 80.5% | 12s
  step 100/391 | loss 0.0825 | acc 99.7% | 3s elapsed | eta 8s
  step 200/391 | loss 0.0807 | acc 99.7% | 5s elapsed | eta 5s
  step 300/391 | loss 0.0762 | acc 99.7% | 8s elapsed | eta 2s
Ep 272 | loss 0.0749 | task 0.0119 | cons 0.0630 | train 99.7% | test 80.5% | 12s
  step 100/391 | loss 0.0729 | acc 99.8% | 2s elapsed | eta 6s
  step 200/391 | loss 0.0695 | acc 99.7% | 4s elapsed | eta 3s
  step 300/391 | loss 0.0744 | acc 99.7% | 5s elapsed | eta 2s
Ep 273 | loss 0.0754 | task 0.0112 | cons 0.0643 | train 99.8% | test 80.5% | 8s
  step 100/391 | loss 0.0749 | acc 99.8% | 2s elapsed | eta 6s
  step 200/391 | loss 0.0768 | acc 99.7% | 4s elapsed | eta 3s
  step 300/391 | loss 0.0757 | acc 99.8% | 5s elapsed | eta 2s
Ep 274 | loss 0.0752 | task 0.0112 | cons 0.0640 | train 99.7% | test 80.4% | 8s
  step 100/391 | loss 0.0855 | acc 99.7% | 2s elapsed | eta 5s
  step 200/391 | loss 0.0770 | acc 99.7% | 3s elapsed | eta 3s
  step 300/391 | loss 0.0787 | acc 99.7% | 5s elapsed | eta 2s
Ep 275 | loss 0.0761 | task 0.0116 | cons 0.0645 | train 99.7% | test 80.5% | 8s
  step 100/391 | loss 0.0662 | acc 99.8% | 2s elapsed | eta 5s
  step 200/391 | loss 0.0786 | acc 99.8% | 3s elapsed | eta 3s
  step 300/391 | loss 0.0779 | acc 99.7% | 5s elapsed | eta 2s
Ep 276 | loss 0.0754 | task 0.0101 | cons 0.0653 | train 99.8% | test 80.4% | 8s
  step 100/391 | loss 0.0831 | acc 99.8% | 2s elapsed | eta 6s
  step 200/391 | loss 0.0824 | acc 99.8% | 3s elapsed | eta 3s
  step 300/391 | loss 0.0796 | acc 99.7% | 5s elapsed | eta 2s
Ep 277 | loss 0.0826 | task 0.0104 | cons 0.0721 | train 99.8% | test 80.3% | 7s
  step 100/391 | loss 0.0747 | acc 99.7% | 1s elapsed | eta 3s
  step 200/391 | loss 0.0795 | acc 99.7% | 2s elapsed | eta 2s
  step 300/391 | loss 0.0770 | acc 99.8% | 3s elapsed | eta 1s
Ep 278 | loss 0.0738 | task 0.0111 | cons 0.0627 | train 99.8% | test 80.4% | 5s
  step 100/391 | loss 0.0764 | acc 99.8% | 1s elapsed | eta 3s
  step 200/391 | loss 0.0717 | acc 99.8% | 2s elapsed | eta 2s
  step 300/391 | loss 0.0714 | acc 99.8% | 3s elapsed | eta 1s
Ep 279 | loss 0.0717 | task 0.0103 | cons 0.0614 | train 99.8% | test 80.4% | 5s
  step 100/391 | loss 0.0732 | acc 99.7% | 1s elapsed | eta 3s
  step 200/391 | loss 0.0727 | acc 99.8% | 2s elapsed | eta 2s
  step 300/391 | loss 0.0716 | acc 99.7% | 3s elapsed | eta 1s
Ep 280 | loss 0.0693 | task 0.0112 | cons 0.0581 | train 99.7% | test 80.3% | 5s
    K=1: 77.9%
    K=2: 79.9%
    K=4: 80.3%
  step 100/391 | loss 0.0728 | acc 99.8% | 1s elapsed | eta 3s
  step 200/391 | loss 0.0669 | acc 99.8% | 2s elapsed | eta 2s
  step 300/391 | loss 0.0686 | acc 99.7% | 3s elapsed | eta 1s
Ep 281 | loss 0.0683 | task 0.0114 | cons 0.0569 | train 99.7% | test 80.3% | 5s
  step 100/391 | loss 0.0717 | acc 99.7% | 1s elapsed | eta 4s
  step 200/391 | loss 0.0763 | acc 99.8% | 2s elapsed | eta 2s
  step 300/391 | loss 0.0781 | acc 99.7% | 3s elapsed | eta 1s
Ep 282 | loss 0.0772 | task 0.0109 | cons 0.0663 | train 99.7% | test 80.4% | 5s
  step 100/391 | loss 0.0800 | acc 99.9% | 1s elapsed | eta 3s
  step 200/391 | loss 0.0718 | acc 99.8% | 2s elapsed | eta 2s
  step 300/391 | loss 0.0672 | acc 99.8% | 3s elapsed | eta 1s
Ep 283 | loss 0.0698 | task 0.0101 | cons 0.0596 | train 99.8% | test 80.4% | 5s
  step 100/391 | loss 0.0772 | acc 99.7% | 1s elapsed | eta 3s
  step 200/391 | loss 0.0748 | acc 99.8% | 2s elapsed | eta 2s
  step 300/391 | loss 0.0715 | acc 99.8% | 3s elapsed | eta 1s
Ep 284 | loss 0.0702 | task 0.0109 | cons 0.0593 | train 99.8% | test 80.4% | 5s
  step 100/391 | loss 0.0721 | acc 99.7% | 1s elapsed | eta 3s
  step 200/391 | loss 0.0736 | acc 99.8% | 2s elapsed | eta 2s
  step 300/391 | loss 0.0707 | acc 99.7% | 3s elapsed | eta 1s
Ep 285 | loss 0.0730 | task 0.0102 | cons 0.0628 | train 99.7% | test 80.3% | 5s
  step 100/391 | loss 0.0778 | acc 99.8% | 1s elapsed | eta 3s
  step 200/391 | loss 0.0800 | acc 99.8% | 2s elapsed | eta 2s
  step 300/391 | loss 0.0774 | acc 99.8% | 3s elapsed | eta 1s
Ep 286 | loss 0.0767 | task 0.0098 | cons 0.0669 | train 99.8% | test 80.5% | 5s
  step 100/391 | loss 0.0739 | acc 99.7% | 1s elapsed | eta 3s
  step 200/391 | loss 0.0739 | acc 99.7% | 2s elapsed | eta 2s
  step 300/391 | loss 0.0729 | acc 99.7% | 3s elapsed | eta 1s
Ep 287 | loss 0.0727 | task 0.0122 | cons 0.0605 | train 99.7% | test 80.4% | 5s
  step 100/391 | loss 0.0690 | acc 99.8% | 1s elapsed | eta 3s
  step 200/391 | loss 0.0685 | acc 99.7% | 2s elapsed | eta 2s
  step 300/391 | loss 0.0708 | acc 99.8% | 3s elapsed | eta 1s
Ep 288 | loss 0.0692 | task 0.0112 | cons 0.0580 | train 99.8% | test 80.5% | 4s
  step 100/391 | loss 0.0644 | acc 99.7% | 1s elapsed | eta 3s
  step 200/391 | loss 0.0666 | acc 99.7% | 2s elapsed | eta 2s
  step 300/391 | loss 0.0711 | acc 99.8% | 3s elapsed | eta 1s
Ep 289 | loss 0.0709 | task 0.0103 | cons 0.0606 | train 99.8% | test 80.4% | 5s
  step 100/391 | loss 0.0709 | acc 99.9% | 1s elapsed | eta 3s
  step 200/391 | loss 0.0710 | acc 99.8% | 2s elapsed | eta 2s
  step 300/391 | loss 0.0647 | acc 99.8% | 3s elapsed | eta 1s
Ep 290 | loss 0.0669 | task 0.0104 | cons 0.0565 | train 99.7% | test 80.5% | 4s
    K=1: 78.0%
    K=2: 80.0%
    K=4: 80.5%
  step 100/391 | loss 0.0733 | acc 99.7% | 1s elapsed | eta 3s
  step 200/391 | loss 0.0707 | acc 99.8% | 2s elapsed | eta 2s
  step 300/391 | loss 0.0684 | acc 99.8% | 3s elapsed | eta 1s
Ep 291 | loss 0.0692 | task 0.0096 | cons 0.0596 | train 99.7% | test 80.5% | 5s
  step 100/391 | loss 0.0801 | acc 99.7% | 1s elapsed | eta 3s
  step 200/391 | loss 0.0773 | acc 99.7% | 2s elapsed | eta 2s
  step 300/391 | loss 0.0785 | acc 99.7% | 3s elapsed | eta 1s
Ep 292 | loss 0.0749 | task 0.0113 | cons 0.0636 | train 99.7% | test 80.5% | 5s
  step 100/391 | loss 0.0645 | acc 99.8% | 1s elapsed | eta 3s
  step 200/391 | loss 0.0669 | acc 99.8% | 2s elapsed | eta 2s
  step 300/391 | loss 0.0697 | acc 99.8% | 3s elapsed | eta 1s
Ep 293 | loss 0.0701 | task 0.0103 | cons 0.0598 | train 99.8% | test 80.5% | 5s
  step 100/391 | loss 0.0723 | acc 99.7% | 1s elapsed | eta 3s
  step 200/391 | loss 0.0741 | acc 99.7% | 2s elapsed | eta 2s
  step 300/391 | loss 0.0738 | acc 99.7% | 3s elapsed | eta 1s
Ep 294 | loss 0.0759 | task 0.0106 | cons 0.0652 | train 99.7% | test 80.4% | 5s
  step 100/391 | loss 0.0695 | acc 99.8% | 1s elapsed | eta 3s
  step 200/391 | loss 0.0677 | acc 99.8% | 2s elapsed | eta 2s
  step 300/391 | loss 0.0699 | acc 99.8% | 3s elapsed | eta 1s
Ep 295 | loss 0.0698 | task 0.0109 | cons 0.0590 | train 99.8% | test 80.5% | 5s
  step 100/391 | loss 0.0708 | acc 99.7% | 1s elapsed | eta 3s
  step 200/391 | loss 0.0736 | acc 99.7% | 2s elapsed | eta 2s
  step 300/391 | loss 0.0712 | acc 99.7% | 3s elapsed | eta 1s
Ep 296 | loss 0.0708 | task 0.0116 | cons 0.0592 | train 99.7% | test 80.5% | 5s
  step 100/391 | loss 0.0718 | acc 99.7% | 1s elapsed | eta 3s
  step 200/391 | loss 0.0626 | acc 99.8% | 2s elapsed | eta 2s
  step 300/391 | loss 0.0633 | acc 99.7% | 3s elapsed | eta 1s
Ep 297 | loss 0.0641 | task 0.0111 | cons 0.0530 | train 99.7% | test 80.4% | 5s
  step 100/391 | loss 0.0874 | acc 99.7% | 1s elapsed | eta 4s
  step 200/391 | loss 0.0804 | acc 99.8% | 2s elapsed | eta 2s
  step 300/391 | loss 0.0782 | acc 99.8% | 3s elapsed | eta 1s
Ep 298 | loss 0.0784 | task 0.0089 | cons 0.0695 | train 99.8% | test 80.4% | 5s
  step 100/391 | loss 0.0703 | acc 99.8% | 1s elapsed | eta 3s
  step 200/391 | loss 0.0701 | acc 99.8% | 2s elapsed | eta 2s
  step 300/391 | loss 0.0692 | acc 99.8% | 3s elapsed | eta 1s
Ep 299 | loss 0.0713 | task 0.0104 | cons 0.0609 | train 99.8% | test 80.5% | 4s
  step 100/391 | loss 0.0836 | acc 99.8% | 1s elapsed | eta 3s
  step 200/391 | loss 0.0773 | acc 99.8% | 2s elapsed | eta 2s
  step 300/391 | loss 0.0755 | acc 99.8% | 3s elapsed | eta 1s
Ep 300 | loss 0.0719 | task 0.0097 | cons 0.0622 | train 99.8% | test 80.5% | 5s
    K=1: 78.1%
    K=2: 79.8%
    K=4: 80.5%
Saved checkpoint to models/direct_2bpu_K4_linear.pt
