/home/ec2-user/dev/ugh/.venv/lib/python3.13/site-packages/torchvision/datasets/cifar.py:83: VisibleDeprecationWarning: dtype(): align should be passed as Python or NumPy boolean but got `align=0`. Did you mean to pass a tuple to create a subarray type? (Deprecated NumPy 2.4)
  entry = pickle.load(f, encoding="latin1")
Model: continuous | Params: 1,021,130 | K=4 | blocks/unit=2
----------------------------------------------------------------------
  step 100/391 | loss 1.9742 | acc 25.9% | 2s elapsed | eta 6s
  step 200/391 | loss 1.8914 | acc 28.5% | 4s elapsed | eta 4s
  step 300/391 | loss 1.8393 | acc 30.7% | 5s elapsed | eta 2s
Ep   1 | loss 1.7917 | task 1.7917 | cons 0.0000 | train 32.8% | test 42.5% | 8s
  step 100/391 | loss 1.5847 | acc 41.5% | 2s elapsed | eta 5s
  step 200/391 | loss 1.5403 | acc 43.4% | 3s elapsed | eta 3s
  step 300/391 | loss 1.5164 | acc 44.4% | 5s elapsed | eta 1s
Ep   2 | loss 1.4950 | task 1.4950 | cons 0.0000 | train 45.3% | test 48.6% | 7s
  step 100/391 | loss 1.4116 | acc 49.1% | 2s elapsed | eta 5s
  step 200/391 | loss 1.3902 | acc 49.9% | 3s elapsed | eta 3s
  step 300/391 | loss 1.3743 | acc 50.2% | 5s elapsed | eta 1s
Ep   3 | loss 1.3651 | task 1.3651 | cons 0.0000 | train 50.6% | test 53.5% | 7s
  step 100/391 | loss 1.2925 | acc 53.6% | 2s elapsed | eta 5s
  step 200/391 | loss 1.2842 | acc 53.7% | 3s elapsed | eta 3s
  step 300/391 | loss 1.2713 | acc 54.2% | 5s elapsed | eta 2s
Ep   4 | loss 1.2681 | task 1.2681 | cons 0.0000 | train 54.2% | test 56.2% | 8s
  step 100/391 | loss 1.2296 | acc 55.0% | 2s elapsed | eta 5s
  step 200/391 | loss 1.2236 | acc 55.5% | 3s elapsed | eta 3s
  step 300/391 | loss 1.2196 | acc 55.9% | 5s elapsed | eta 1s
Ep   5 | loss 1.2098 | task 1.2098 | cons 0.0000 | train 56.2% | test 58.3% | 7s
  step 100/391 | loss 1.1944 | acc 56.9% | 2s elapsed | eta 5s
  step 200/391 | loss 1.1772 | acc 57.5% | 3s elapsed | eta 3s
  step 300/391 | loss 1.1663 | acc 57.9% | 5s elapsed | eta 1s
Ep   6 | loss 1.1646 | task 1.1646 | cons 0.0000 | train 58.0% | test 57.6% | 7s
  step 100/391 | loss 1.1310 | acc 59.1% | 2s elapsed | eta 5s
  step 200/391 | loss 1.1266 | acc 59.6% | 3s elapsed | eta 3s
  step 300/391 | loss 1.1206 | acc 59.6% | 5s elapsed | eta 1s
Ep   7 | loss 1.1132 | task 1.1132 | cons 0.0000 | train 59.8% | test 62.9% | 7s
  step 100/391 | loss 1.0605 | acc 62.0% | 2s elapsed | eta 5s
  step 200/391 | loss 1.0661 | acc 61.8% | 3s elapsed | eta 3s
  step 300/391 | loss 1.0715 | acc 61.6% | 5s elapsed | eta 1s
Ep   8 | loss 1.0681 | task 1.0681 | cons 0.0000 | train 61.8% | test 64.9% | 7s
  step 100/391 | loss 1.0510 | acc 62.2% | 2s elapsed | eta 5s
  step 200/391 | loss 1.0358 | acc 62.8% | 3s elapsed | eta 3s
  step 300/391 | loss 1.0320 | acc 63.0% | 5s elapsed | eta 1s
Ep   9 | loss 1.0292 | task 1.0292 | cons 0.0000 | train 63.1% | test 65.4% | 7s
  step 100/391 | loss 0.9905 | acc 64.5% | 2s elapsed | eta 5s
  step 200/391 | loss 1.0050 | acc 64.0% | 3s elapsed | eta 3s
  step 300/391 | loss 1.0006 | acc 64.2% | 5s elapsed | eta 2s
Ep  10 | loss 0.9969 | task 0.9969 | cons 0.0000 | train 64.4% | test 65.8% | 7s
    K=1: 64.2%
    K=2: 66.9%
    K=4: 65.8%
  step 100/391 | loss 0.9556 | acc 65.7% | 2s elapsed | eta 5s
  step 200/391 | loss 0.9536 | acc 65.9% | 3s elapsed | eta 3s
  step 300/391 | loss 0.9608 | acc 65.6% | 5s elapsed | eta 2s
Ep  11 | loss 0.9637 | task 0.9637 | cons 0.0000 | train 65.5% | test 68.7% | 7s
  step 100/391 | loss 0.9453 | acc 66.3% | 2s elapsed | eta 5s
  step 200/391 | loss 0.9490 | acc 66.1% | 3s elapsed | eta 3s
  step 300/391 | loss 0.9502 | acc 65.9% | 5s elapsed | eta 1s
Ep  12 | loss 0.9435 | task 0.9435 | cons 0.0000 | train 66.2% | test 67.5% | 7s
  step 100/391 | loss 0.9232 | acc 66.8% | 2s elapsed | eta 5s
  step 200/391 | loss 0.9155 | acc 67.2% | 3s elapsed | eta 3s
  step 300/391 | loss 0.9218 | acc 66.9% | 5s elapsed | eta 1s
Ep  13 | loss 0.9145 | task 0.9145 | cons 0.0000 | train 67.2% | test 70.5% | 7s
  step 100/391 | loss 0.8724 | acc 68.7% | 2s elapsed | eta 5s
  step 200/391 | loss 0.8838 | acc 68.3% | 3s elapsed | eta 3s
  step 300/391 | loss 0.8869 | acc 68.3% | 5s elapsed | eta 1s
Ep  14 | loss 0.8910 | task 0.8910 | cons 0.0000 | train 68.2% | test 70.8% | 7s
  step 100/391 | loss 0.8877 | acc 68.5% | 2s elapsed | eta 5s
  step 200/391 | loss 0.8770 | acc 68.7% | 3s elapsed | eta 3s
  step 300/391 | loss 0.8671 | acc 69.2% | 5s elapsed | eta 2s
Ep  15 | loss 0.8689 | task 0.8689 | cons 0.0000 | train 69.1% | test 72.1% | 8s
  step 100/391 | loss 0.8413 | acc 70.1% | 2s elapsed | eta 5s
  step 200/391 | loss 0.8507 | acc 70.0% | 3s elapsed | eta 3s
  step 300/391 | loss 0.8416 | acc 70.2% | 5s elapsed | eta 1s
Ep  16 | loss 0.8382 | task 0.8382 | cons 0.0000 | train 70.3% | test 72.9% | 7s
  step 100/391 | loss 0.8292 | acc 70.6% | 2s elapsed | eta 5s
  step 200/391 | loss 0.8273 | acc 70.6% | 4s elapsed | eta 3s
  step 300/391 | loss 0.8297 | acc 70.5% | 5s elapsed | eta 2s
Ep  17 | loss 0.8304 | task 0.8304 | cons 0.0000 | train 70.4% | test 73.2% | 7s
  step 100/391 | loss 0.7984 | acc 71.7% | 2s elapsed | eta 5s
  step 200/391 | loss 0.7999 | acc 71.6% | 4s elapsed | eta 3s
  step 300/391 | loss 0.8006 | acc 71.6% | 5s elapsed | eta 2s
Ep  18 | loss 0.8012 | task 0.8012 | cons 0.0000 | train 71.5% | test 73.4% | 8s
  step 100/391 | loss 0.7943 | acc 71.6% | 2s elapsed | eta 5s
  step 200/391 | loss 0.7789 | acc 72.2% | 3s elapsed | eta 3s
  step 300/391 | loss 0.7908 | acc 71.6% | 5s elapsed | eta 1s
Ep  19 | loss 0.7955 | task 0.7955 | cons 0.0000 | train 71.5% | test 73.0% | 7s
  step 100/391 | loss 0.7532 | acc 73.3% | 2s elapsed | eta 5s
  step 200/391 | loss 0.7647 | acc 72.8% | 4s elapsed | eta 3s
  step 300/391 | loss 0.7654 | acc 72.7% | 5s elapsed | eta 2s
Ep  20 | loss 0.7665 | task 0.7665 | cons 0.0000 | train 72.7% | test 75.3% | 8s
    K=1: 68.0%
    K=2: 74.8%
    K=4: 75.3%
  step 100/391 | loss 0.7428 | acc 73.5% | 2s elapsed | eta 5s
  step 200/391 | loss 0.7464 | acc 73.2% | 4s elapsed | eta 3s
  step 300/391 | loss 0.7463 | acc 73.4% | 5s elapsed | eta 2s
Ep  21 | loss 0.7534 | task 0.7534 | cons 0.0000 | train 73.1% | test 74.8% | 7s
  step 100/391 | loss 0.7379 | acc 74.0% | 2s elapsed | eta 5s
  step 200/391 | loss 0.7518 | acc 73.2% | 3s elapsed | eta 3s
  step 300/391 | loss 0.7539 | acc 73.0% | 5s elapsed | eta 1s
Ep  22 | loss 0.7527 | task 0.7527 | cons 0.0000 | train 73.0% | test 75.6% | 7s
  step 100/391 | loss 0.7290 | acc 74.3% | 2s elapsed | eta 5s
  step 200/391 | loss 0.7323 | acc 74.0% | 3s elapsed | eta 3s
  step 300/391 | loss 0.7330 | acc 74.0% | 5s elapsed | eta 1s
Ep  23 | loss 0.7410 | task 0.7410 | cons 0.0000 | train 73.7% | test 76.0% | 7s
  step 100/391 | loss 0.7224 | acc 74.1% | 2s elapsed | eta 5s
  step 200/391 | loss 0.7252 | acc 74.2% | 3s elapsed | eta 3s
  step 300/391 | loss 0.7239 | acc 74.3% | 5s elapsed | eta 1s
Ep  24 | loss 0.7188 | task 0.7188 | cons 0.0000 | train 74.4% | test 75.3% | 7s
  step 100/391 | loss 0.6988 | acc 74.8% | 2s elapsed | eta 5s
  step 200/391 | loss 0.6985 | acc 74.8% | 3s elapsed | eta 3s
  step 300/391 | loss 0.7104 | acc 74.6% | 5s elapsed | eta 1s
Ep  25 | loss 0.7143 | task 0.7143 | cons 0.0000 | train 74.5% | test 76.8% | 7s
  step 100/391 | loss 0.6770 | acc 75.9% | 2s elapsed | eta 5s
  step 200/391 | loss 0.6910 | acc 75.4% | 3s elapsed | eta 3s
  step 300/391 | loss 0.6964 | acc 75.2% | 5s elapsed | eta 1s
Ep  26 | loss 0.7008 | task 0.7008 | cons 0.0000 | train 75.0% | test 77.4% | 7s
  step 100/391 | loss 0.6742 | acc 76.2% | 2s elapsed | eta 5s
  step 200/391 | loss 0.6797 | acc 75.8% | 3s elapsed | eta 3s
  step 300/391 | loss 0.6808 | acc 75.7% | 5s elapsed | eta 1s
Ep  27 | loss 0.6853 | task 0.6853 | cons 0.0000 | train 75.6% | test 76.6% | 7s
  step 100/391 | loss 0.6487 | acc 76.7% | 2s elapsed | eta 5s
  step 200/391 | loss 0.6664 | acc 76.3% | 3s elapsed | eta 3s
  step 300/391 | loss 0.6775 | acc 75.9% | 5s elapsed | eta 2s
Ep  28 | loss 0.6811 | task 0.6811 | cons 0.0000 | train 75.8% | test 76.1% | 7s
  step 100/391 | loss 0.6583 | acc 76.7% | 2s elapsed | eta 5s
  step 200/391 | loss 0.6642 | acc 76.4% | 3s elapsed | eta 3s
  step 300/391 | loss 0.6735 | acc 76.0% | 5s elapsed | eta 1s
Ep  29 | loss 0.6777 | task 0.6777 | cons 0.0000 | train 75.9% | test 77.4% | 7s
  step 100/391 | loss 0.6424 | acc 77.1% | 2s elapsed | eta 5s
  step 200/391 | loss 0.6601 | acc 76.4% | 3s elapsed | eta 3s
  step 300/391 | loss 0.6617 | acc 76.4% | 5s elapsed | eta 1s
Ep  30 | loss 0.6617 | task 0.6617 | cons 0.0000 | train 76.5% | test 77.4% | 7s
    K=1: 71.4%
    K=2: 76.7%
    K=4: 77.4%
  step 100/391 | loss 0.6503 | acc 76.4% | 2s elapsed | eta 5s
  step 200/391 | loss 0.6483 | acc 76.5% | 3s elapsed | eta 3s
  step 300/391 | loss 0.6481 | acc 76.7% | 5s elapsed | eta 1s
Ep  31 | loss 0.6501 | task 0.6501 | cons 0.0000 | train 76.6% | test 77.6% | 7s
  step 100/391 | loss 0.6431 | acc 77.1% | 2s elapsed | eta 5s
  step 200/391 | loss 0.6393 | acc 77.2% | 3s elapsed | eta 3s
  step 300/391 | loss 0.6422 | acc 77.2% | 5s elapsed | eta 1s
Ep  32 | loss 0.6436 | task 0.6436 | cons 0.0000 | train 77.2% | test 78.0% | 7s
  step 100/391 | loss 0.6251 | acc 77.7% | 2s elapsed | eta 5s
  step 200/391 | loss 0.6373 | acc 77.4% | 3s elapsed | eta 3s
  step 300/391 | loss 0.6342 | acc 77.5% | 5s elapsed | eta 1s
Ep  33 | loss 0.6317 | task 0.6317 | cons 0.0000 | train 77.7% | test 77.5% | 7s
  step 100/391 | loss 0.6054 | acc 78.1% | 2s elapsed | eta 5s
  step 200/391 | loss 0.6183 | acc 77.8% | 3s elapsed | eta 3s
  step 300/391 | loss 0.6225 | acc 77.9% | 5s elapsed | eta 1s
Ep  34 | loss 0.6252 | task 0.6252 | cons 0.0000 | train 77.7% | test 78.1% | 7s
  step 100/391 | loss 0.5743 | acc 79.5% | 2s elapsed | eta 5s
  step 200/391 | loss 0.5939 | acc 78.7% | 3s elapsed | eta 3s
  step 300/391 | loss 0.6054 | acc 78.4% | 5s elapsed | eta 2s
Ep  35 | loss 0.6116 | task 0.6116 | cons 0.0000 | train 78.2% | test 77.9% | 7s
  step 100/391 | loss 0.6138 | acc 78.1% | 1s elapsed | eta 4s
  step 200/391 | loss 0.6128 | acc 78.0% | 3s elapsed | eta 3s
  step 300/391 | loss 0.6101 | acc 78.1% | 4s elapsed | eta 1s
Ep  36 | loss 0.6086 | task 0.6086 | cons 0.0000 | train 78.2% | test 78.4% | 7s
  step 100/391 | loss 0.5921 | acc 78.6% | 2s elapsed | eta 5s
  step 200/391 | loss 0.5957 | acc 78.5% | 3s elapsed | eta 3s
  step 300/391 | loss 0.5969 | acc 78.3% | 5s elapsed | eta 2s
Ep  37 | loss 0.5978 | task 0.5978 | cons 0.0000 | train 78.4% | test 78.6% | 7s
  step 100/391 | loss 0.5705 | acc 79.8% | 2s elapsed | eta 5s
  step 200/391 | loss 0.5754 | acc 79.5% | 3s elapsed | eta 3s
  step 300/391 | loss 0.5899 | acc 79.0% | 5s elapsed | eta 2s
Ep  38 | loss 0.5948 | task 0.5948 | cons 0.0000 | train 78.8% | test 78.5% | 7s
  step 100/391 | loss 0.6084 | acc 78.1% | 1s elapsed | eta 4s
  step 200/391 | loss 0.5775 | acc 79.3% | 3s elapsed | eta 3s
  step 300/391 | loss 0.5890 | acc 79.0% | 5s elapsed | eta 1s
Ep  39 | loss 0.5922 | task 0.5922 | cons 0.0000 | train 78.9% | test 77.7% | 7s
  step 100/391 | loss 0.5823 | acc 79.4% | 2s elapsed | eta 5s
  step 200/391 | loss 0.5788 | acc 79.5% | 3s elapsed | eta 3s
  step 300/391 | loss 0.5812 | acc 79.3% | 5s elapsed | eta 1s
Ep  40 | loss 0.5831 | task 0.5831 | cons 0.0000 | train 79.3% | test 78.3% | 7s
    K=1: 72.3%
    K=2: 77.9%
    K=4: 78.3%
  step 100/391 | loss 0.5377 | acc 80.9% | 2s elapsed | eta 5s
  step 200/391 | loss 0.5547 | acc 80.3% | 3s elapsed | eta 3s
  step 300/391 | loss 0.5611 | acc 80.1% | 5s elapsed | eta 2s
Ep  41 | loss 0.5575 | task 0.5575 | cons 0.0000 | train 80.2% | test 78.9% | 7s
  step 100/391 | loss 0.5421 | acc 80.9% | 2s elapsed | eta 5s
  step 200/391 | loss 0.5596 | acc 80.4% | 3s elapsed | eta 3s
  step 300/391 | loss 0.5628 | acc 80.2% | 5s elapsed | eta 2s
Ep  42 | loss 0.5662 | task 0.5662 | cons 0.0000 | train 80.0% | test 78.4% | 8s
  step 100/391 | loss 0.5400 | acc 80.4% | 2s elapsed | eta 5s
  step 200/391 | loss 0.5665 | acc 79.7% | 3s elapsed | eta 3s
  step 300/391 | loss 0.5692 | acc 79.7% | 4s elapsed | eta 1s
Ep  43 | loss 0.5660 | task 0.5660 | cons 0.0000 | train 79.8% | test 79.2% | 7s
  step 100/391 | loss 0.5252 | acc 81.5% | 2s elapsed | eta 5s
  step 200/391 | loss 0.5367 | acc 81.0% | 4s elapsed | eta 3s
  step 300/391 | loss 0.5446 | acc 80.7% | 5s elapsed | eta 2s
Ep  44 | loss 0.5457 | task 0.5457 | cons 0.0000 | train 80.6% | test 79.4% | 7s
  step 100/391 | loss 0.5495 | acc 80.5% | 2s elapsed | eta 5s
  step 200/391 | loss 0.5285 | acc 81.2% | 4s elapsed | eta 3s
  step 300/391 | loss 0.5417 | acc 80.7% | 5s elapsed | eta 2s
Ep  45 | loss 0.5481 | task 0.5481 | cons 0.0000 | train 80.4% | test 79.7% | 7s
  step 100/391 | loss 0.5266 | acc 81.2% | 2s elapsed | eta 5s
  step 200/391 | loss 0.5217 | acc 81.4% | 3s elapsed | eta 3s
  step 300/391 | loss 0.5291 | acc 81.1% | 5s elapsed | eta 1s
Ep  46 | loss 0.5320 | task 0.5320 | cons 0.0000 | train 81.1% | test 79.3% | 7s
  step 100/391 | loss 0.4973 | acc 82.1% | 2s elapsed | eta 6s
  step 200/391 | loss 0.5021 | acc 82.0% | 3s elapsed | eta 3s
  step 300/391 | loss 0.5120 | acc 81.7% | 5s elapsed | eta 1s
Ep  47 | loss 0.5167 | task 0.5167 | cons 0.0000 | train 81.5% | test 80.1% | 8s
  step 100/391 | loss 0.5344 | acc 80.8% | 2s elapsed | eta 5s
  step 200/391 | loss 0.5292 | acc 81.1% | 3s elapsed | eta 3s
  step 300/391 | loss 0.5279 | acc 81.3% | 5s elapsed | eta 1s
Ep  48 | loss 0.5212 | task 0.5212 | cons 0.0000 | train 81.4% | test 79.2% | 7s
  step 100/391 | loss 0.5101 | acc 81.9% | 2s elapsed | eta 5s
  step 200/391 | loss 0.5179 | acc 81.7% | 3s elapsed | eta 3s
  step 300/391 | loss 0.5229 | acc 81.4% | 5s elapsed | eta 1s
Ep  49 | loss 0.5217 | task 0.5217 | cons 0.0000 | train 81.4% | test 79.4% | 7s
  step 100/391 | loss 0.4815 | acc 82.9% | 2s elapsed | eta 5s
  step 200/391 | loss 0.4826 | acc 82.8% | 3s elapsed | eta 3s
  step 300/391 | loss 0.4911 | acc 82.6% | 4s elapsed | eta 1s
Ep  50 | loss 0.4974 | task 0.4974 | cons 0.0000 | train 82.3% | test 78.9% | 7s
    K=1: 72.2%
    K=2: 79.1%
    K=4: 78.9%
  step 100/391 | loss 0.5200 | acc 81.2% | 2s elapsed | eta 5s
  step 200/391 | loss 0.5253 | acc 81.4% | 3s elapsed | eta 3s
  step 300/391 | loss 0.5148 | acc 81.6% | 5s elapsed | eta 1s
Ep  51 | loss 0.5169 | task 0.5169 | cons 0.0000 | train 81.5% | test 79.2% | 7s
  step 100/391 | loss 0.5048 | acc 81.7% | 2s elapsed | eta 5s
  step 200/391 | loss 0.4987 | acc 82.1% | 3s elapsed | eta 3s
  step 300/391 | loss 0.4985 | acc 82.1% | 5s elapsed | eta 1s
Ep  52 | loss 0.5084 | task 0.5084 | cons 0.0000 | train 81.7% | test 79.4% | 7s
  step 100/391 | loss 0.4909 | acc 82.6% | 2s elapsed | eta 4s
  step 200/391 | loss 0.4971 | acc 82.4% | 3s elapsed | eta 3s
  step 300/391 | loss 0.4922 | acc 82.6% | 5s elapsed | eta 1s
Ep  53 | loss 0.5012 | task 0.5012 | cons 0.0000 | train 82.2% | test 79.9% | 7s
  step 100/391 | loss 0.4759 | acc 83.0% | 2s elapsed | eta 5s
  step 200/391 | loss 0.4730 | acc 83.2% | 3s elapsed | eta 3s
  step 300/391 | loss 0.4831 | acc 82.8% | 5s elapsed | eta 1s
Ep  54 | loss 0.4902 | task 0.4902 | cons 0.0000 | train 82.5% | test 80.0% | 7s
  step 100/391 | loss 0.5091 | acc 81.7% | 2s elapsed | eta 5s
  step 200/391 | loss 0.4976 | acc 82.2% | 3s elapsed | eta 3s
  step 300/391 | loss 0.4924 | acc 82.2% | 5s elapsed | eta 1s
Ep  55 | loss 0.4862 | task 0.4862 | cons 0.0000 | train 82.6% | test 79.5% | 7s
  step 100/391 | loss 0.4779 | acc 82.6% | 2s elapsed | eta 5s
  step 200/391 | loss 0.4696 | acc 83.0% | 3s elapsed | eta 3s
  step 300/391 | loss 0.4839 | acc 82.6% | 5s elapsed | eta 1s
Ep  56 | loss 0.4772 | task 0.4772 | cons 0.0000 | train 82.8% | test 79.6% | 8s
  step 100/391 | loss 0.4657 | acc 83.2% | 2s elapsed | eta 5s
  step 200/391 | loss 0.4764 | acc 82.9% | 3s elapsed | eta 3s
  step 300/391 | loss 0.4767 | acc 82.9% | 5s elapsed | eta 1s
Ep  57 | loss 0.4800 | task 0.4800 | cons 0.0000 | train 82.8% | test 79.7% | 7s
  step 100/391 | loss 0.4708 | acc 83.1% | 2s elapsed | eta 5s
  step 200/391 | loss 0.4705 | acc 83.0% | 3s elapsed | eta 3s
  step 300/391 | loss 0.4732 | acc 83.0% | 5s elapsed | eta 1s
Ep  58 | loss 0.4742 | task 0.4742 | cons 0.0000 | train 82.9% | test 79.9% | 7s
  step 100/391 | loss 0.4586 | acc 83.7% | 2s elapsed | eta 5s
  step 200/391 | loss 0.4517 | acc 83.7% | 3s elapsed | eta 3s
  step 300/391 | loss 0.4552 | acc 83.8% | 5s elapsed | eta 2s
Ep  59 | loss 0.4574 | task 0.4574 | cons 0.0000 | train 83.8% | test 79.8% | 8s
  step 100/391 | loss 0.4511 | acc 83.8% | 2s elapsed | eta 5s
  step 200/391 | loss 0.4562 | acc 83.6% | 3s elapsed | eta 3s
  step 300/391 | loss 0.4601 | acc 83.4% | 5s elapsed | eta 1s
Ep  60 | loss 0.4603 | task 0.4603 | cons 0.0000 | train 83.5% | test 80.3% | 7s
    K=1: 74.0%
    K=2: 80.1%
    K=4: 80.3%
  step 100/391 | loss 0.4686 | acc 82.9% | 2s elapsed | eta 5s
  step 200/391 | loss 0.4582 | acc 83.5% | 3s elapsed | eta 3s
  step 300/391 | loss 0.4614 | acc 83.4% | 4s elapsed | eta 1s
Ep  61 | loss 0.4608 | task 0.4608 | cons 0.0000 | train 83.4% | test 80.2% | 7s
  step 100/391 | loss 0.4443 | acc 84.2% | 2s elapsed | eta 5s
  step 200/391 | loss 0.4516 | acc 84.0% | 3s elapsed | eta 3s
  step 300/391 | loss 0.4491 | acc 84.1% | 5s elapsed | eta 2s
Ep  62 | loss 0.4509 | task 0.4509 | cons 0.0000 | train 84.0% | test 80.7% | 7s
  step 100/391 | loss 0.4337 | acc 84.5% | 2s elapsed | eta 5s
  step 200/391 | loss 0.4290 | acc 84.7% | 3s elapsed | eta 3s
  step 300/391 | loss 0.4396 | acc 84.3% | 5s elapsed | eta 2s
Ep  63 | loss 0.4445 | task 0.4445 | cons 0.0000 | train 84.1% | test 80.0% | 8s
  step 100/391 | loss 0.4390 | acc 84.4% | 2s elapsed | eta 5s
  step 200/391 | loss 0.4282 | acc 84.7% | 3s elapsed | eta 3s
  step 300/391 | loss 0.4316 | acc 84.5% | 4s elapsed | eta 1s
Ep  64 | loss 0.4322 | task 0.4322 | cons 0.0000 | train 84.4% | test 80.6% | 7s
  step 100/391 | loss 0.4274 | acc 84.9% | 2s elapsed | eta 5s
  step 200/391 | loss 0.4357 | acc 84.7% | 3s elapsed | eta 3s
  step 300/391 | loss 0.4330 | acc 84.7% | 5s elapsed | eta 2s
Ep  65 | loss 0.4446 | task 0.4446 | cons 0.0000 | train 84.3% | test 80.5% | 7s
  step 100/391 | loss 0.4471 | acc 84.0% | 2s elapsed | eta 5s
  step 200/391 | loss 0.4424 | acc 84.1% | 3s elapsed | eta 3s
  step 300/391 | loss 0.4410 | acc 84.1% | 5s elapsed | eta 1s
Ep  66 | loss 0.4435 | task 0.4435 | cons 0.0000 | train 84.1% | test 80.5% | 7s
  step 100/391 | loss 0.4285 | acc 84.7% | 2s elapsed | eta 5s
  step 200/391 | loss 0.4389 | acc 84.3% | 3s elapsed | eta 3s
  step 300/391 | loss 0.4369 | acc 84.3% | 5s elapsed | eta 1s
Ep  67 | loss 0.4302 | task 0.4302 | cons 0.0000 | train 84.6% | test 80.4% | 7s
  step 100/391 | loss 0.4141 | acc 85.1% | 2s elapsed | eta 5s
  step 200/391 | loss 0.4280 | acc 84.5% | 3s elapsed | eta 3s
  step 300/391 | loss 0.4276 | acc 84.6% | 5s elapsed | eta 2s
Ep  68 | loss 0.4324 | task 0.4324 | cons 0.0000 | train 84.5% | test 79.8% | 7s
  step 100/391 | loss 0.4248 | acc 84.7% | 2s elapsed | eta 5s
  step 200/391 | loss 0.4229 | acc 84.9% | 3s elapsed | eta 3s
  step 300/391 | loss 0.4227 | acc 84.8% | 5s elapsed | eta 2s
Ep  69 | loss 0.4203 | task 0.4203 | cons 0.0000 | train 85.0% | test 80.4% | 7s
  step 100/391 | loss 0.4264 | acc 84.7% | 2s elapsed | eta 5s
  step 200/391 | loss 0.4195 | acc 85.0% | 3s elapsed | eta 3s
  step 300/391 | loss 0.4196 | acc 84.9% | 5s elapsed | eta 1s
Ep  70 | loss 0.4264 | task 0.4264 | cons 0.0000 | train 84.7% | test 80.0% | 7s
    K=1: 74.0%
    K=2: 79.8%
    K=4: 80.0%
  step 100/391 | loss 0.4235 | acc 85.1% | 2s elapsed | eta 5s
  step 200/391 | loss 0.4300 | acc 84.7% | 3s elapsed | eta 3s
  step 300/391 | loss 0.4245 | acc 84.9% | 5s elapsed | eta 1s
Ep  71 | loss 0.4222 | task 0.4222 | cons 0.0000 | train 85.0% | test 80.2% | 7s
  step 100/391 | loss 0.4302 | acc 84.7% | 2s elapsed | eta 5s
  step 200/391 | loss 0.4231 | acc 84.9% | 3s elapsed | eta 3s
  step 300/391 | loss 0.4202 | acc 84.9% | 5s elapsed | eta 1s
Ep  72 | loss 0.4227 | task 0.4227 | cons 0.0000 | train 84.9% | test 81.0% | 7s
  step 100/391 | loss 0.3819 | acc 86.3% | 2s elapsed | eta 5s
  step 200/391 | loss 0.3905 | acc 86.1% | 3s elapsed | eta 3s
  step 300/391 | loss 0.3987 | acc 85.7% | 5s elapsed | eta 2s
Ep  73 | loss 0.4082 | task 0.4082 | cons 0.0000 | train 85.3% | test 80.3% | 7s
  step 100/391 | loss 0.4117 | acc 85.2% | 2s elapsed | eta 5s
  step 200/391 | loss 0.4011 | acc 85.6% | 3s elapsed | eta 3s
  step 300/391 | loss 0.3942 | acc 85.9% | 5s elapsed | eta 1s
Ep  74 | loss 0.3961 | task 0.3961 | cons 0.0000 | train 85.9% | test 80.5% | 7s
  step 100/391 | loss 0.3921 | acc 86.0% | 2s elapsed | eta 5s
  step 200/391 | loss 0.3846 | acc 86.1% | 3s elapsed | eta 3s
  step 300/391 | loss 0.3914 | acc 85.8% | 5s elapsed | eta 1s
Ep  75 | loss 0.3913 | task 0.3913 | cons 0.0000 | train 85.8% | test 81.1% | 7s
  step 100/391 | loss 0.3726 | acc 86.8% | 2s elapsed | eta 5s
  step 200/391 | loss 0.3792 | acc 86.4% | 3s elapsed | eta 3s
  step 300/391 | loss 0.3861 | acc 86.2% | 5s elapsed | eta 2s
Ep  76 | loss 0.3821 | task 0.3821 | cons 0.0000 | train 86.2% | test 81.2% | 7s
  step 100/391 | loss 0.3619 | acc 87.0% | 2s elapsed | eta 5s
  step 200/391 | loss 0.3887 | acc 86.1% | 3s elapsed | eta 3s
  step 300/391 | loss 0.3859 | acc 86.3% | 5s elapsed | eta 1s
Ep  77 | loss 0.3888 | task 0.3888 | cons 0.0000 | train 86.1% | test 81.1% | 7s
  step 100/391 | loss 0.4061 | acc 85.6% | 2s elapsed | eta 5s
  step 200/391 | loss 0.4144 | acc 85.3% | 3s elapsed | eta 3s
  step 300/391 | loss 0.4019 | acc 85.7% | 5s elapsed | eta 1s
Ep  78 | loss 0.3964 | task 0.3964 | cons 0.0000 | train 86.0% | test 80.5% | 7s
  step 100/391 | loss 0.3619 | acc 87.0% | 1s elapsed | eta 4s
  step 200/391 | loss 0.3712 | acc 86.5% | 3s elapsed | eta 3s
  step 300/391 | loss 0.3746 | acc 86.3% | 5s elapsed | eta 1s
Ep  79 | loss 0.3841 | task 0.3841 | cons 0.0000 | train 86.0% | test 80.2% | 7s
  step 100/391 | loss 0.3950 | acc 85.9% | 2s elapsed | eta 5s
  step 200/391 | loss 0.3928 | acc 85.8% | 3s elapsed | eta 3s
  step 300/391 | loss 0.3932 | acc 85.9% | 5s elapsed | eta 1s
Ep  80 | loss 0.3922 | task 0.3922 | cons 0.0000 | train 85.9% | test 80.5% | 7s
    K=1: 74.7%
    K=2: 80.7%
    K=4: 80.5%
  step 100/391 | loss 0.3705 | acc 86.5% | 2s elapsed | eta 5s
  step 200/391 | loss 0.3578 | acc 87.1% | 3s elapsed | eta 3s
  step 300/391 | loss 0.3739 | acc 86.6% | 5s elapsed | eta 1s
Ep  81 | loss 0.3724 | task 0.3724 | cons 0.0000 | train 86.7% | test 80.8% | 7s
  step 100/391 | loss 0.3870 | acc 86.0% | 2s elapsed | eta 5s
  step 200/391 | loss 0.3815 | acc 86.3% | 3s elapsed | eta 3s
  step 300/391 | loss 0.3788 | acc 86.4% | 5s elapsed | eta 2s
Ep  82 | loss 0.3744 | task 0.3744 | cons 0.0000 | train 86.6% | test 80.8% | 7s
  step 100/391 | loss 0.3575 | acc 86.9% | 1s elapsed | eta 4s
  step 200/391 | loss 0.3576 | acc 87.1% | 3s elapsed | eta 3s
  step 300/391 | loss 0.3621 | acc 87.0% | 5s elapsed | eta 1s
Ep  83 | loss 0.3683 | task 0.3683 | cons 0.0000 | train 86.7% | test 80.8% | 7s
  step 100/391 | loss 0.3879 | acc 86.1% | 2s elapsed | eta 5s
  step 200/391 | loss 0.3673 | acc 86.9% | 3s elapsed | eta 3s
  step 300/391 | loss 0.3719 | acc 86.7% | 5s elapsed | eta 1s
Ep  84 | loss 0.3739 | task 0.3739 | cons 0.0000 | train 86.5% | test 81.3% | 7s
  step 100/391 | loss 0.3710 | acc 87.0% | 2s elapsed | eta 5s
  step 200/391 | loss 0.3595 | acc 87.3% | 3s elapsed | eta 3s
  step 300/391 | loss 0.3770 | acc 86.6% | 5s elapsed | eta 1s
Ep  85 | loss 0.3784 | task 0.3784 | cons 0.0000 | train 86.6% | test 81.3% | 7s
  step 100/391 | loss 0.3596 | acc 87.2% | 1s elapsed | eta 4s
  step 200/391 | loss 0.3479 | acc 87.5% | 3s elapsed | eta 3s
  step 300/391 | loss 0.3552 | acc 87.2% | 5s elapsed | eta 1s
Ep  86 | loss 0.3655 | task 0.3655 | cons 0.0000 | train 86.8% | test 80.7% | 7s
  step 100/391 | loss 0.3230 | acc 88.6% | 2s elapsed | eta 5s
  step 200/391 | loss 0.3396 | acc 87.9% | 3s elapsed | eta 3s
  step 300/391 | loss 0.3409 | acc 87.7% | 5s elapsed | eta 1s
Ep  87 | loss 0.3402 | task 0.3402 | cons 0.0000 | train 87.8% | test 81.8% | 7s
  step 100/391 | loss 0.3646 | acc 86.6% | 2s elapsed | eta 5s
  step 200/391 | loss 0.3533 | acc 87.1% | 3s elapsed | eta 3s
  step 300/391 | loss 0.3569 | acc 87.0% | 5s elapsed | eta 2s
Ep  88 | loss 0.3580 | task 0.3580 | cons 0.0000 | train 87.1% | test 81.3% | 7s
  step 100/391 | loss 0.3387 | acc 88.0% | 2s elapsed | eta 5s
  step 200/391 | loss 0.3342 | acc 88.0% | 3s elapsed | eta 3s
  step 300/391 | loss 0.3478 | acc 87.6% | 5s elapsed | eta 1s
Ep  89 | loss 0.3547 | task 0.3547 | cons 0.0000 | train 87.3% | test 81.0% | 7s
  step 100/391 | loss 0.3411 | acc 87.8% | 2s elapsed | eta 5s
  step 200/391 | loss 0.3293 | acc 88.2% | 3s elapsed | eta 3s
  step 300/391 | loss 0.3354 | acc 87.9% | 5s elapsed | eta 1s
Ep  90 | loss 0.3428 | task 0.3428 | cons 0.0000 | train 87.6% | test 80.7% | 7s
    K=1: 74.9%
    K=2: 80.7%
    K=4: 80.7%
  step 100/391 | loss 0.3207 | acc 88.5% | 2s elapsed | eta 5s
  step 200/391 | loss 0.3419 | acc 87.6% | 3s elapsed | eta 3s
  step 300/391 | loss 0.3408 | acc 87.6% | 5s elapsed | eta 1s
Ep  91 | loss 0.3419 | task 0.3419 | cons 0.0000 | train 87.6% | test 80.9% | 7s
  step 100/391 | loss 0.3262 | acc 88.3% | 2s elapsed | eta 5s
  step 200/391 | loss 0.3419 | acc 87.8% | 3s elapsed | eta 3s
  step 300/391 | loss 0.3432 | acc 87.7% | 5s elapsed | eta 2s
Ep  92 | loss 0.3503 | task 0.3503 | cons 0.0000 | train 87.4% | test 80.8% | 7s
  step 100/391 | loss 0.3332 | acc 88.0% | 1s elapsed | eta 4s
  step 200/391 | loss 0.3359 | acc 87.9% | 3s elapsed | eta 3s
  step 300/391 | loss 0.3290 | acc 88.1% | 5s elapsed | eta 1s
Ep  93 | loss 0.3319 | task 0.3319 | cons 0.0000 | train 88.0% | test 81.2% | 7s
  step 100/391 | loss 0.3333 | acc 88.1% | 2s elapsed | eta 5s
  step 200/391 | loss 0.3467 | acc 87.5% | 3s elapsed | eta 3s
  step 300/391 | loss 0.3468 | acc 87.6% | 5s elapsed | eta 1s
Ep  94 | loss 0.3435 | task 0.3435 | cons 0.0000 | train 87.7% | test 81.1% | 7s
  step 100/391 | loss 0.3353 | acc 87.8% | 2s elapsed | eta 5s
  step 200/391 | loss 0.3322 | acc 88.0% | 3s elapsed | eta 3s
  step 300/391 | loss 0.3392 | acc 87.8% | 5s elapsed | eta 1s
Ep  95 | loss 0.3435 | task 0.3435 | cons 0.0000 | train 87.7% | test 81.4% | 7s
  step 100/391 | loss 0.3197 | acc 88.5% | 1s elapsed | eta 4s
  step 200/391 | loss 0.3353 | acc 88.0% | 3s elapsed | eta 3s
  step 300/391 | loss 0.3330 | acc 88.0% | 5s elapsed | eta 1s
Ep  96 | loss 0.3383 | task 0.3383 | cons 0.0000 | train 87.8% | test 81.6% | 7s
  step 100/391 | loss 0.3233 | acc 88.4% | 2s elapsed | eta 5s
  step 200/391 | loss 0.3344 | acc 88.0% | 3s elapsed | eta 3s
  step 300/391 | loss 0.3347 | acc 87.9% | 5s elapsed | eta 1s
Ep  97 | loss 0.3323 | task 0.3323 | cons 0.0000 | train 88.0% | test 81.5% | 7s
  step 100/391 | loss 0.3208 | acc 88.6% | 2s elapsed | eta 5s
  step 200/391 | loss 0.3184 | acc 88.6% | 3s elapsed | eta 3s
  step 300/391 | loss 0.3235 | acc 88.3% | 5s elapsed | eta 1s
Ep  98 | loss 0.3335 | task 0.3335 | cons 0.0000 | train 88.0% | test 80.9% | 7s
  step 100/391 | loss 0.3267 | acc 88.6% | 2s elapsed | eta 4s
  step 200/391 | loss 0.3181 | acc 88.7% | 3s elapsed | eta 3s
  step 300/391 | loss 0.3253 | acc 88.5% | 5s elapsed | eta 1s
Ep  99 | loss 0.3247 | task 0.3247 | cons 0.0000 | train 88.4% | test 81.0% | 7s
  step 100/391 | loss 0.3004 | acc 89.1% | 2s elapsed | eta 5s
  step 200/391 | loss 0.3019 | acc 89.2% | 3s elapsed | eta 3s
  step 300/391 | loss 0.3199 | acc 88.4% | 5s elapsed | eta 1s
Ep 100 | loss 0.3222 | task 0.3222 | cons 0.0000 | train 88.3% | test 81.5% | 7s
    K=1: 75.5%
    K=2: 81.2%
    K=4: 81.5%
  step 100/391 | loss 0.3058 | acc 89.0% | 2s elapsed | eta 5s
  step 200/391 | loss 0.3102 | acc 88.9% | 3s elapsed | eta 3s
  step 300/391 | loss 0.3254 | acc 88.2% | 4s elapsed | eta 1s
Ep 101 | loss 0.3247 | task 0.3247 | cons 0.0000 | train 88.3% | test 81.0% | 7s
  step 100/391 | loss 0.2760 | acc 90.1% | 2s elapsed | eta 5s
  step 200/391 | loss 0.2959 | acc 89.4% | 3s elapsed | eta 3s
  step 300/391 | loss 0.3010 | acc 89.2% | 5s elapsed | eta 2s
Ep 102 | loss 0.3077 | task 0.3077 | cons 0.0000 | train 88.9% | test 81.3% | 7s
  step 100/391 | loss 0.2628 | acc 90.4% | 2s elapsed | eta 5s
  step 200/391 | loss 0.2827 | acc 89.7% | 3s elapsed | eta 3s
  step 300/391 | loss 0.2945 | acc 89.3% | 5s elapsed | eta 2s
Ep 103 | loss 0.2983 | task 0.2983 | cons 0.0000 | train 89.1% | test 80.8% | 8s
  step 100/391 | loss 0.2799 | acc 90.0% | 2s elapsed | eta 5s
  step 200/391 | loss 0.2837 | acc 89.9% | 3s elapsed | eta 3s
  step 300/391 | loss 0.3046 | acc 89.1% | 5s elapsed | eta 1s
Ep 104 | loss 0.3153 | task 0.3153 | cons 0.0000 | train 88.7% | test 80.8% | 7s
  step 100/391 | loss 0.3032 | acc 89.1% | 2s elapsed | eta 5s
  step 200/391 | loss 0.3135 | acc 88.9% | 3s elapsed | eta 3s
  step 300/391 | loss 0.3183 | acc 88.6% | 5s elapsed | eta 1s
Ep 105 | loss 0.3142 | task 0.3142 | cons 0.0000 | train 88.7% | test 80.6% | 7s
  step 100/391 | loss 0.2908 | acc 89.8% | 2s elapsed | eta 5s
  step 200/391 | loss 0.2899 | acc 89.9% | 3s elapsed | eta 3s
  step 300/391 | loss 0.2941 | acc 89.6% | 5s elapsed | eta 2s
Ep 106 | loss 0.3025 | task 0.3025 | cons 0.0000 | train 89.4% | test 80.9% | 8s
  step 100/391 | loss 0.3121 | acc 88.8% | 2s elapsed | eta 5s
  step 200/391 | loss 0.2990 | acc 89.3% | 3s elapsed | eta 3s
  step 300/391 | loss 0.3007 | acc 89.3% | 4s elapsed | eta 1s
Ep 107 | loss 0.3108 | task 0.3108 | cons 0.0000 | train 88.9% | test 80.8% | 6s
  step 100/391 | loss 0.3010 | acc 89.2% | 2s elapsed | eta 5s
  step 200/391 | loss 0.2970 | acc 89.3% | 3s elapsed | eta 3s
  step 300/391 | loss 0.3003 | acc 89.1% | 5s elapsed | eta 1s
Ep 108 | loss 0.3091 | task 0.3091 | cons 0.0000 | train 88.8% | test 81.8% | 7s
  step 100/391 | loss 0.2869 | acc 90.0% | 1s elapsed | eta 4s
  step 200/391 | loss 0.3002 | acc 89.4% | 3s elapsed | eta 3s
  step 300/391 | loss 0.2999 | acc 89.4% | 5s elapsed | eta 1s
Ep 109 | loss 0.3023 | task 0.3023 | cons 0.0000 | train 89.3% | test 81.5% | 7s
  step 100/391 | loss 0.2814 | acc 90.0% | 2s elapsed | eta 5s
  step 200/391 | loss 0.2844 | acc 89.8% | 3s elapsed | eta 3s
  step 300/391 | loss 0.2964 | acc 89.2% | 5s elapsed | eta 1s
Ep 110 | loss 0.2876 | task 0.2876 | cons 0.0000 | train 89.5% | test 81.5% | 7s
    K=1: 76.6%
    K=2: 81.6%
    K=4: 81.5%
  step 100/391 | loss 0.2951 | acc 89.4% | 2s elapsed | eta 5s
  step 200/391 | loss 0.2901 | acc 89.5% | 3s elapsed | eta 3s
  step 300/391 | loss 0.2819 | acc 89.8% | 5s elapsed | eta 1s
Ep 111 | loss 0.2895 | task 0.2895 | cons 0.0000 | train 89.5% | test 81.7% | 7s
  step 100/391 | loss 0.2846 | acc 89.6% | 2s elapsed | eta 5s
  step 200/391 | loss 0.2905 | acc 89.4% | 3s elapsed | eta 3s
  step 300/391 | loss 0.2974 | acc 89.1% | 5s elapsed | eta 1s
Ep 112 | loss 0.3044 | task 0.3044 | cons 0.0000 | train 88.9% | test 81.3% | 7s
  step 100/391 | loss 0.2902 | acc 89.9% | 2s elapsed | eta 4s
  step 200/391 | loss 0.2925 | acc 89.7% | 3s elapsed | eta 3s
  step 300/391 | loss 0.2956 | acc 89.5% | 5s elapsed | eta 1s
Ep 113 | loss 0.2942 | task 0.2942 | cons 0.0000 | train 89.5% | test 82.1% | 7s
  step 100/391 | loss 0.2974 | acc 89.5% | 2s elapsed | eta 5s
  step 200/391 | loss 0.2815 | acc 90.1% | 3s elapsed | eta 3s
  step 300/391 | loss 0.2928 | acc 89.6% | 5s elapsed | eta 1s
Ep 114 | loss 0.2964 | task 0.2964 | cons 0.0000 | train 89.5% | test 81.5% | 7s
  step 100/391 | loss 0.2550 | acc 90.7% | 2s elapsed | eta 5s
  step 200/391 | loss 0.2763 | acc 90.0% | 3s elapsed | eta 3s
  step 300/391 | loss 0.2770 | acc 90.0% | 5s elapsed | eta 2s
Ep 115 | loss 0.2836 | task 0.2836 | cons 0.0000 | train 89.8% | test 81.4% | 7s
  step 100/391 | loss 0.2774 | acc 90.0% | 2s elapsed | eta 4s
  step 200/391 | loss 0.2694 | acc 90.3% | 3s elapsed | eta 3s
  step 300/391 | loss 0.2878 | acc 89.6% | 5s elapsed | eta 1s
Ep 116 | loss 0.2902 | task 0.2902 | cons 0.0000 | train 89.5% | test 81.9% | 7s
  step 100/391 | loss 0.2774 | acc 90.0% | 2s elapsed | eta 5s
  step 200/391 | loss 0.2621 | acc 90.6% | 3s elapsed | eta 3s
  step 300/391 | loss 0.2741 | acc 90.2% | 5s elapsed | eta 1s
Ep 117 | loss 0.2834 | task 0.2834 | cons 0.0000 | train 89.8% | test 81.2% | 7s
  step 100/391 | loss 0.2897 | acc 89.7% | 2s elapsed | eta 5s
  step 200/391 | loss 0.2837 | acc 89.8% | 3s elapsed | eta 3s
  step 300/391 | loss 0.2840 | acc 89.8% | 5s elapsed | eta 1s
Ep 118 | loss 0.2836 | task 0.2836 | cons 0.0000 | train 89.8% | test 81.6% | 7s
  step 100/391 | loss 0.2536 | acc 90.9% | 2s elapsed | eta 5s
  step 200/391 | loss 0.2554 | acc 90.8% | 3s elapsed | eta 3s
  step 300/391 | loss 0.2704 | acc 90.3% | 5s elapsed | eta 1s
Ep 119 | loss 0.2723 | task 0.2723 | cons 0.0000 | train 90.2% | test 81.1% | 7s
  step 100/391 | loss 0.2288 | acc 91.9% | 2s elapsed | eta 6s
  step 200/391 | loss 0.2397 | acc 91.3% | 3s elapsed | eta 3s
  step 300/391 | loss 0.2504 | acc 90.9% | 5s elapsed | eta 1s
Ep 120 | loss 0.2581 | task 0.2581 | cons 0.0000 | train 90.7% | test 81.5% | 7s
    K=1: 76.5%
    K=2: 81.6%
    K=4: 81.5%
  step 100/391 | loss 0.2482 | acc 91.2% | 2s elapsed | eta 5s
  step 200/391 | loss 0.2463 | acc 91.2% | 3s elapsed | eta 3s
  step 300/391 | loss 0.2536 | acc 91.0% | 5s elapsed | eta 1s
Ep 121 | loss 0.2670 | task 0.2670 | cons 0.0000 | train 90.5% | test 81.5% | 7s
  step 100/391 | loss 0.2616 | acc 90.6% | 2s elapsed | eta 5s
  step 200/391 | loss 0.2697 | acc 90.3% | 3s elapsed | eta 3s
  step 300/391 | loss 0.2661 | acc 90.4% | 5s elapsed | eta 2s
Ep 122 | loss 0.2684 | task 0.2684 | cons 0.0000 | train 90.4% | test 81.5% | 8s
  step 100/391 | loss 0.2831 | acc 90.0% | 1s elapsed | eta 4s
  step 200/391 | loss 0.2666 | acc 90.6% | 3s elapsed | eta 3s
  step 300/391 | loss 0.2717 | acc 90.4% | 5s elapsed | eta 1s
Ep 123 | loss 0.2696 | task 0.2696 | cons 0.0000 | train 90.4% | test 81.8% | 7s
  step 100/391 | loss 0.2573 | acc 90.6% | 2s elapsed | eta 5s
  step 200/391 | loss 0.2660 | acc 90.5% | 3s elapsed | eta 3s
  step 300/391 | loss 0.2709 | acc 90.3% | 5s elapsed | eta 1s
Ep 124 | loss 0.2679 | task 0.2679 | cons 0.0000 | train 90.5% | test 81.5% | 7s
  step 100/391 | loss 0.3003 | acc 89.1% | 2s elapsed | eta 5s
  step 200/391 | loss 0.2705 | acc 90.3% | 3s elapsed | eta 3s
  step 300/391 | loss 0.2661 | acc 90.4% | 5s elapsed | eta 1s
Ep 125 | loss 0.2664 | task 0.2664 | cons 0.0000 | train 90.3% | test 82.0% | 7s
  step 100/391 | loss 0.2364 | acc 91.8% | 2s elapsed | eta 5s
  step 200/391 | loss 0.2608 | acc 90.7% | 3s elapsed | eta 3s
  step 300/391 | loss 0.2593 | acc 90.8% | 5s elapsed | eta 1s
Ep 126 | loss 0.2632 | task 0.2632 | cons 0.0000 | train 90.7% | test 81.4% | 7s
  step 100/391 | loss 0.2582 | acc 90.9% | 2s elapsed | eta 5s
  step 200/391 | loss 0.2553 | acc 90.9% | 3s elapsed | eta 3s
  step 300/391 | loss 0.2540 | acc 91.0% | 5s elapsed | eta 1s
Ep 127 | loss 0.2581 | task 0.2581 | cons 0.0000 | train 90.7% | test 81.8% | 7s
  step 100/391 | loss 0.2577 | acc 91.0% | 2s elapsed | eta 5s
  step 200/391 | loss 0.2622 | acc 90.8% | 3s elapsed | eta 3s
  step 300/391 | loss 0.2564 | acc 90.9% | 5s elapsed | eta 1s
Ep 128 | loss 0.2570 | task 0.2570 | cons 0.0000 | train 90.9% | test 81.8% | 7s
  step 100/391 | loss 0.2512 | acc 90.8% | 2s elapsed | eta 5s
  step 200/391 | loss 0.2449 | acc 91.2% | 3s elapsed | eta 3s
  step 300/391 | loss 0.2474 | acc 91.2% | 5s elapsed | eta 1s
Ep 129 | loss 0.2507 | task 0.2507 | cons 0.0000 | train 91.0% | test 81.5% | 7s
  step 100/391 | loss 0.2527 | acc 90.6% | 2s elapsed | eta 5s
  step 200/391 | loss 0.2621 | acc 90.6% | 3s elapsed | eta 3s
  step 300/391 | loss 0.2518 | acc 90.9% | 5s elapsed | eta 1s
Ep 130 | loss 0.2568 | task 0.2568 | cons 0.0000 | train 90.7% | test 81.4% | 7s
    K=1: 76.8%
    K=2: 81.7%
    K=4: 81.4%
  step 100/391 | loss 0.2611 | acc 90.6% | 2s elapsed | eta 5s
  step 200/391 | loss 0.2559 | acc 90.6% | 3s elapsed | eta 3s
  step 300/391 | loss 0.2595 | acc 90.6% | 5s elapsed | eta 1s
Ep 131 | loss 0.2661 | task 0.2661 | cons 0.0000 | train 90.3% | test 81.7% | 7s
  step 100/391 | loss 0.2431 | acc 91.4% | 2s elapsed | eta 5s
  step 200/391 | loss 0.2363 | acc 91.6% | 3s elapsed | eta 3s
  step 300/391 | loss 0.2393 | acc 91.5% | 5s elapsed | eta 2s
Ep 132 | loss 0.2468 | task 0.2468 | cons 0.0000 | train 91.2% | test 81.7% | 7s
  step 100/391 | loss 0.2133 | acc 92.4% | 2s elapsed | eta 5s
  step 200/391 | loss 0.2358 | acc 91.7% | 3s elapsed | eta 3s
  step 300/391 | loss 0.2543 | acc 91.0% | 5s elapsed | eta 1s
Ep 133 | loss 0.2488 | task 0.2488 | cons 0.0000 | train 91.2% | test 82.2% | 7s
  step 100/391 | loss 0.2135 | acc 92.3% | 2s elapsed | eta 5s
  step 200/391 | loss 0.2243 | acc 91.8% | 3s elapsed | eta 3s
  step 300/391 | loss 0.2364 | acc 91.5% | 5s elapsed | eta 1s
Ep 134 | loss 0.2417 | task 0.2417 | cons 0.0000 | train 91.4% | test 82.1% | 7s
  step 100/391 | loss 0.2405 | acc 91.5% | 2s elapsed | eta 5s
  step 200/391 | loss 0.2551 | acc 90.9% | 3s elapsed | eta 3s
  step 300/391 | loss 0.2662 | acc 90.5% | 5s elapsed | eta 1s
Ep 135 | loss 0.2686 | task 0.2686 | cons 0.0000 | train 90.4% | test 81.1% | 7s
  step 100/391 | loss 0.2174 | acc 92.1% | 1s elapsed | eta 4s
  step 200/391 | loss 0.2299 | acc 91.8% | 3s elapsed | eta 3s
  step 300/391 | loss 0.2280 | acc 91.8% | 4s elapsed | eta 1s
Ep 136 | loss 0.2329 | task 0.2329 | cons 0.0000 | train 91.6% | test 80.6% | 7s
  step 100/391 | loss 0.2420 | acc 91.4% | 2s elapsed | eta 5s
  step 200/391 | loss 0.2414 | acc 91.5% | 3s elapsed | eta 3s
  step 300/391 | loss 0.2403 | acc 91.4% | 5s elapsed | eta 1s
Ep 137 | loss 0.2420 | task 0.2420 | cons 0.0000 | train 91.3% | test 81.6% | 7s
  step 100/391 | loss 0.2392 | acc 91.6% | 2s elapsed | eta 5s
  step 200/391 | loss 0.2564 | acc 91.0% | 3s elapsed | eta 3s
  step 300/391 | loss 0.2620 | acc 90.7% | 5s elapsed | eta 1s
Ep 138 | loss 0.2632 | task 0.2632 | cons 0.0000 | train 90.7% | test 81.1% | 7s
  step 100/391 | loss 0.2332 | acc 91.6% | 2s elapsed | eta 5s
  step 200/391 | loss 0.2326 | acc 91.7% | 3s elapsed | eta 3s
  step 300/391 | loss 0.2364 | acc 91.6% | 5s elapsed | eta 1s
Ep 139 | loss 0.2365 | task 0.2365 | cons 0.0000 | train 91.5% | test 81.6% | 7s
  step 100/391 | loss 0.2291 | acc 91.9% | 2s elapsed | eta 5s
  step 200/391 | loss 0.2340 | acc 91.7% | 3s elapsed | eta 3s
  step 300/391 | loss 0.2238 | acc 92.0% | 5s elapsed | eta 2s
Ep 140 | loss 0.2261 | task 0.2261 | cons 0.0000 | train 91.9% | test 81.4% | 7s
    K=1: 76.5%
    K=2: 81.1%
    K=4: 81.4%
  step 100/391 | loss 0.2195 | acc 92.1% | 2s elapsed | eta 5s
  step 200/391 | loss 0.2171 | acc 92.2% | 3s elapsed | eta 3s
  step 300/391 | loss 0.2209 | acc 92.1% | 5s elapsed | eta 1s
Ep 141 | loss 0.2334 | task 0.2334 | cons 0.0000 | train 91.7% | test 82.0% | 7s
  step 100/391 | loss 0.2439 | acc 91.2% | 2s elapsed | eta 5s
  step 200/391 | loss 0.2346 | acc 91.5% | 3s elapsed | eta 3s
  step 300/391 | loss 0.2405 | acc 91.3% | 5s elapsed | eta 1s
Ep 142 | loss 0.2398 | task 0.2398 | cons 0.0000 | train 91.4% | test 81.1% | 7s
  step 100/391 | loss 0.2243 | acc 92.1% | 2s elapsed | eta 4s
  step 200/391 | loss 0.2308 | acc 91.9% | 3s elapsed | eta 3s
  step 300/391 | loss 0.2204 | acc 92.2% | 5s elapsed | eta 1s
Ep 143 | loss 0.2206 | task 0.2206 | cons 0.0000 | train 92.2% | test 81.8% | 7s
  step 100/391 | loss 0.2273 | acc 91.7% | 2s elapsed | eta 5s
  step 200/391 | loss 0.2163 | acc 92.2% | 3s elapsed | eta 3s
  step 300/391 | loss 0.2110 | acc 92.4% | 5s elapsed | eta 1s
Ep 144 | loss 0.2145 | task 0.2145 | cons 0.0000 | train 92.3% | test 81.3% | 7s
  step 100/391 | loss 0.2382 | acc 91.4% | 2s elapsed | eta 5s
  step 200/391 | loss 0.2257 | acc 91.8% | 3s elapsed | eta 3s
  step 300/391 | loss 0.2274 | acc 91.8% | 5s elapsed | eta 2s
Ep 145 | loss 0.2322 | task 0.2322 | cons 0.0000 | train 91.6% | test 81.7% | 7s
  step 100/391 | loss 0.2066 | acc 92.7% | 2s elapsed | eta 5s
  step 200/391 | loss 0.2244 | acc 92.0% | 3s elapsed | eta 3s
  step 300/391 | loss 0.2272 | acc 91.9% | 5s elapsed | eta 1s
Ep 146 | loss 0.2223 | task 0.2223 | cons 0.0000 | train 92.1% | test 81.6% | 7s
  step 100/391 | loss 0.2230 | acc 92.1% | 2s elapsed | eta 5s
  step 200/391 | loss 0.2176 | acc 92.3% | 3s elapsed | eta 3s
  step 300/391 | loss 0.2172 | acc 92.2% | 5s elapsed | eta 1s
Ep 147 | loss 0.2137 | task 0.2137 | cons 0.0000 | train 92.4% | test 81.9% | 7s
  step 100/391 | loss 0.2092 | acc 92.3% | 2s elapsed | eta 5s
  step 200/391 | loss 0.2115 | acc 92.2% | 3s elapsed | eta 3s
  step 300/391 | loss 0.2090 | acc 92.5% | 5s elapsed | eta 2s
Ep 148 | loss 0.2140 | task 0.2140 | cons 0.0000 | train 92.3% | test 81.2% | 7s
  step 100/391 | loss 0.2034 | acc 92.8% | 2s elapsed | eta 5s
  step 200/391 | loss 0.2050 | acc 92.7% | 3s elapsed | eta 3s
  step 300/391 | loss 0.2223 | acc 92.1% | 5s elapsed | eta 2s
Ep 149 | loss 0.2225 | task 0.2225 | cons 0.0000 | train 92.0% | test 81.5% | 7s
  step 100/391 | loss 0.2039 | acc 92.8% | 2s elapsed | eta 5s
  step 200/391 | loss 0.2073 | acc 92.6% | 3s elapsed | eta 3s
  step 300/391 | loss 0.2074 | acc 92.6% | 4s elapsed | eta 1s
Ep 150 | loss 0.2072 | task 0.2072 | cons 0.0000 | train 92.6% | test 82.1% | 7s
    K=1: 76.8%
    K=2: 82.0%
    K=4: 82.1%
  step 100/391 | loss 0.2233 | acc 92.0% | 2s elapsed | eta 5s
  step 200/391 | loss 0.2170 | acc 92.3% | 3s elapsed | eta 3s
  step 300/391 | loss 0.2142 | acc 92.4% | 5s elapsed | eta 1s
Ep 151 | loss 0.2188 | task 0.2188 | cons 0.0000 | train 92.2% | test 82.1% | 7s
  step 100/391 | loss 0.2250 | acc 92.0% | 2s elapsed | eta 5s
  step 200/391 | loss 0.2109 | acc 92.5% | 3s elapsed | eta 3s
  step 300/391 | loss 0.2197 | acc 92.2% | 5s elapsed | eta 1s
Ep 152 | loss 0.2208 | task 0.2208 | cons 0.0000 | train 92.2% | test 82.0% | 7s
  step 100/391 | loss 0.2119 | acc 92.6% | 1s elapsed | eta 4s
  step 200/391 | loss 0.2078 | acc 92.7% | 3s elapsed | eta 3s
  step 300/391 | loss 0.2067 | acc 92.7% | 5s elapsed | eta 1s
Ep 153 | loss 0.2089 | task 0.2089 | cons 0.0000 | train 92.5% | test 82.2% | 7s
  step 100/391 | loss 0.1976 | acc 93.1% | 2s elapsed | eta 5s
  step 200/391 | loss 0.2126 | acc 92.5% | 3s elapsed | eta 3s
  step 300/391 | loss 0.2186 | acc 92.3% | 5s elapsed | eta 1s
Ep 154 | loss 0.2124 | task 0.2124 | cons 0.0000 | train 92.5% | test 81.8% | 7s
  step 100/391 | loss 0.1880 | acc 93.1% | 2s elapsed | eta 5s
  step 200/391 | loss 0.1934 | acc 93.0% | 3s elapsed | eta 3s
  step 300/391 | loss 0.1940 | acc 93.0% | 5s elapsed | eta 2s
Ep 155 | loss 0.1967 | task 0.1967 | cons 0.0000 | train 92.9% | test 81.2% | 7s
  step 100/391 | loss 0.1937 | acc 93.0% | 2s elapsed | eta 5s
  step 200/391 | loss 0.1863 | acc 93.5% | 3s elapsed | eta 3s
  step 300/391 | loss 0.2012 | acc 92.9% | 5s elapsed | eta 1s
Ep 156 | loss 0.2103 | task 0.2103 | cons 0.0000 | train 92.6% | test 81.6% | 7s
  step 100/391 | loss 0.2073 | acc 92.6% | 2s elapsed | eta 5s
  step 200/391 | loss 0.2118 | acc 92.5% | 3s elapsed | eta 3s
  step 300/391 | loss 0.2158 | acc 92.4% | 5s elapsed | eta 1s
Ep 157 | loss 0.2165 | task 0.2165 | cons 0.0000 | train 92.3% | test 81.2% | 7s
  step 100/391 | loss 0.1789 | acc 93.5% | 2s elapsed | eta 5s
  step 200/391 | loss 0.1896 | acc 93.2% | 3s elapsed | eta 3s
  step 300/391 | loss 0.1902 | acc 93.2% | 5s elapsed | eta 2s
Ep 158 | loss 0.1900 | task 0.1900 | cons 0.0000 | train 93.2% | test 81.8% | 7s
  step 100/391 | loss 0.2023 | acc 92.6% | 2s elapsed | eta 5s
  step 200/391 | loss 0.2047 | acc 92.7% | 3s elapsed | eta 3s
  step 300/391 | loss 0.2010 | acc 92.8% | 5s elapsed | eta 1s
Ep 159 | loss 0.2013 | task 0.2013 | cons 0.0000 | train 92.8% | test 81.3% | 7s
  step 100/391 | loss 0.1841 | acc 93.3% | 2s elapsed | eta 5s
  step 200/391 | loss 0.1935 | acc 93.1% | 3s elapsed | eta 3s
  step 300/391 | loss 0.1928 | acc 93.1% | 5s elapsed | eta 1s
Ep 160 | loss 0.1967 | task 0.1967 | cons 0.0000 | train 93.0% | test 81.7% | 7s
    K=1: 77.5%
    K=2: 81.6%
    K=4: 81.7%
  step 100/391 | loss 0.1730 | acc 93.9% | 2s elapsed | eta 5s
  step 200/391 | loss 0.1960 | acc 93.1% | 3s elapsed | eta 3s
  step 300/391 | loss 0.1908 | acc 93.2% | 5s elapsed | eta 1s
Ep 161 | loss 0.2013 | task 0.2013 | cons 0.0000 | train 92.8% | test 81.7% | 7s
  step 100/391 | loss 0.2130 | acc 92.4% | 2s elapsed | eta 5s
  step 200/391 | loss 0.2006 | acc 92.9% | 3s elapsed | eta 3s
  step 300/391 | loss 0.2014 | acc 92.9% | 5s elapsed | eta 2s
Ep 162 | loss 0.1960 | task 0.1960 | cons 0.0000 | train 93.1% | test 81.8% | 7s
  step 100/391 | loss 0.2185 | acc 92.1% | 2s elapsed | eta 5s
  step 200/391 | loss 0.2102 | acc 92.5% | 3s elapsed | eta 3s
  step 300/391 | loss 0.2109 | acc 92.4% | 5s elapsed | eta 1s
Ep 163 | loss 0.2066 | task 0.2066 | cons 0.0000 | train 92.6% | test 81.6% | 7s
  step 100/391 | loss 0.1969 | acc 93.0% | 2s elapsed | eta 5s
  step 200/391 | loss 0.2075 | acc 92.7% | 3s elapsed | eta 3s
  step 300/391 | loss 0.1939 | acc 93.2% | 4s elapsed | eta 1s
Ep 164 | loss 0.1858 | task 0.1858 | cons 0.0000 | train 93.5% | test 82.2% | 7s
  step 100/391 | loss 0.1791 | acc 93.6% | 2s elapsed | eta 5s
  step 200/391 | loss 0.1892 | acc 93.3% | 3s elapsed | eta 3s
  step 300/391 | loss 0.1944 | acc 93.2% | 5s elapsed | eta 2s
Ep 165 | loss 0.1916 | task 0.1916 | cons 0.0000 | train 93.2% | test 81.8% | 8s
  step 100/391 | loss 0.1686 | acc 94.0% | 2s elapsed | eta 5s
  step 200/391 | loss 0.1836 | acc 93.6% | 3s elapsed | eta 3s
  step 300/391 | loss 0.1856 | acc 93.6% | 5s elapsed | eta 1s
Ep 166 | loss 0.1849 | task 0.1849 | cons 0.0000 | train 93.5% | test 81.8% | 7s
  step 100/391 | loss 0.1778 | acc 93.8% | 2s elapsed | eta 5s
  step 200/391 | loss 0.1803 | acc 93.7% | 3s elapsed | eta 3s
  step 300/391 | loss 0.1719 | acc 94.0% | 5s elapsed | eta 1s
Ep 167 | loss 0.1778 | task 0.1778 | cons 0.0000 | train 93.8% | test 81.5% | 7s
  step 100/391 | loss 0.2172 | acc 92.5% | 2s elapsed | eta 5s
  step 200/391 | loss 0.1896 | acc 93.2% | 3s elapsed | eta 3s
  step 300/391 | loss 0.1949 | acc 93.0% | 5s elapsed | eta 1s
Ep 168 | loss 0.1935 | task 0.1935 | cons 0.0000 | train 93.1% | test 82.1% | 7s
  step 100/391 | loss 0.1640 | acc 94.3% | 2s elapsed | eta 5s
  step 200/391 | loss 0.1694 | acc 94.1% | 3s elapsed | eta 3s
  step 300/391 | loss 0.1786 | acc 93.7% | 5s elapsed | eta 2s
Ep 169 | loss 0.1835 | task 0.1835 | cons 0.0000 | train 93.5% | test 82.3% | 8s
  step 100/391 | loss 0.1684 | acc 94.3% | 2s elapsed | eta 5s
  step 200/391 | loss 0.1779 | acc 93.9% | 3s elapsed | eta 3s
  step 300/391 | loss 0.1696 | acc 94.1% | 5s elapsed | eta 1s
Ep 170 | loss 0.1760 | task 0.1760 | cons 0.0000 | train 93.8% | test 82.3% | 7s
    K=1: 77.4%
    K=2: 82.3%
    K=4: 82.3%
  step 100/391 | loss 0.1805 | acc 93.5% | 2s elapsed | eta 5s
  step 200/391 | loss 0.1868 | acc 93.4% | 3s elapsed | eta 3s
  step 300/391 | loss 0.1770 | acc 93.7% | 5s elapsed | eta 1s
Ep 171 | loss 0.1809 | task 0.1809 | cons 0.0000 | train 93.6% | test 81.6% | 7s
  step 100/391 | loss 0.1468 | acc 94.7% | 2s elapsed | eta 5s
  step 200/391 | loss 0.1588 | acc 94.3% | 3s elapsed | eta 3s
  step 300/391 | loss 0.1552 | acc 94.5% | 5s elapsed | eta 2s
Ep 172 | loss 0.1562 | task 0.1562 | cons 0.0000 | train 94.5% | test 82.1% | 7s
  step 100/391 | loss 0.1620 | acc 94.3% | 2s elapsed | eta 6s
  step 200/391 | loss 0.1693 | acc 94.0% | 3s elapsed | eta 3s
  step 300/391 | loss 0.1732 | acc 93.8% | 5s elapsed | eta 2s
Ep 173 | loss 0.1805 | task 0.1805 | cons 0.0000 | train 93.5% | test 82.5% | 7s
  step 100/391 | loss 0.1669 | acc 94.1% | 2s elapsed | eta 5s
  step 200/391 | loss 0.1714 | acc 93.8% | 3s elapsed | eta 3s
  step 300/391 | loss 0.1771 | acc 93.7% | 5s elapsed | eta 1s
Ep 174 | loss 0.1744 | task 0.1744 | cons 0.0000 | train 93.8% | test 81.9% | 7s
  step 100/391 | loss 0.1896 | acc 93.3% | 2s elapsed | eta 5s
  step 200/391 | loss 0.1842 | acc 93.5% | 3s elapsed | eta 3s
  step 300/391 | loss 0.1778 | acc 93.7% | 5s elapsed | eta 1s
Ep 175 | loss 0.1791 | task 0.1791 | cons 0.0000 | train 93.6% | test 82.1% | 7s
  step 100/391 | loss 0.1747 | acc 93.7% | 2s elapsed | eta 5s
  step 200/391 | loss 0.1721 | acc 93.8% | 3s elapsed | eta 3s
  step 300/391 | loss 0.1715 | acc 93.9% | 5s elapsed | eta 1s
Ep 176 | loss 0.1729 | task 0.1729 | cons 0.0000 | train 93.8% | test 82.0% | 7s
  step 100/391 | loss 0.1492 | acc 94.6% | 2s elapsed | eta 5s
  step 200/391 | loss 0.1643 | acc 94.2% | 3s elapsed | eta 3s
  step 300/391 | loss 0.1668 | acc 94.1% | 5s elapsed | eta 1s
Ep 177 | loss 0.1663 | task 0.1663 | cons 0.0000 | train 94.1% | test 82.2% | 7s
  step 100/391 | loss 0.1718 | acc 93.8% | 2s elapsed | eta 5s
  step 200/391 | loss 0.1782 | acc 93.5% | 3s elapsed | eta 3s
  step 300/391 | loss 0.1753 | acc 93.7% | 5s elapsed | eta 1s
Ep 178 | loss 0.1770 | task 0.1770 | cons 0.0000 | train 93.7% | test 82.4% | 7s
  step 100/391 | loss 0.1757 | acc 93.6% | 2s elapsed | eta 5s
  step 200/391 | loss 0.1825 | acc 93.5% | 3s elapsed | eta 3s
  step 300/391 | loss 0.1873 | acc 93.4% | 5s elapsed | eta 1s
Ep 179 | loss 0.1855 | task 0.1855 | cons 0.0000 | train 93.5% | test 82.3% | 7s
  step 100/391 | loss 0.1704 | acc 94.1% | 2s elapsed | eta 5s
  step 200/391 | loss 0.1756 | acc 93.9% | 3s elapsed | eta 3s
  step 300/391 | loss 0.1815 | acc 93.6% | 5s elapsed | eta 1s
Ep 180 | loss 0.1826 | task 0.1826 | cons 0.0000 | train 93.6% | test 81.9% | 7s
    K=1: 77.4%
    K=2: 82.0%
    K=4: 81.9%
  step 100/391 | loss 0.1706 | acc 94.0% | 2s elapsed | eta 5s
  step 200/391 | loss 0.1690 | acc 94.0% | 3s elapsed | eta 3s
  step 300/391 | loss 0.1710 | acc 94.0% | 5s elapsed | eta 1s
Ep 181 | loss 0.1771 | task 0.1771 | cons 0.0000 | train 93.7% | test 81.9% | 7s
  step 100/391 | loss 0.1582 | acc 94.4% | 2s elapsed | eta 5s
  step 200/391 | loss 0.1714 | acc 93.9% | 3s elapsed | eta 3s
  step 300/391 | loss 0.1695 | acc 94.0% | 5s elapsed | eta 1s
Ep 182 | loss 0.1714 | task 0.1714 | cons 0.0000 | train 93.9% | test 81.8% | 7s
  step 100/391 | loss 0.1528 | acc 94.7% | 2s elapsed | eta 5s
  step 200/391 | loss 0.1601 | acc 94.4% | 3s elapsed | eta 3s
  step 300/391 | loss 0.1651 | acc 94.2% | 5s elapsed | eta 1s
Ep 183 | loss 0.1655 | task 0.1655 | cons 0.0000 | train 94.1% | test 82.0% | 7s
  step 100/391 | loss 0.1715 | acc 93.9% | 2s elapsed | eta 5s
  step 200/391 | loss 0.1669 | acc 94.1% | 3s elapsed | eta 3s
  step 300/391 | loss 0.1661 | acc 94.0% | 5s elapsed | eta 1s
Ep 184 | loss 0.1721 | task 0.1721 | cons 0.0000 | train 93.8% | test 82.0% | 7s
  step 100/391 | loss 0.1551 | acc 94.6% | 2s elapsed | eta 5s
  step 200/391 | loss 0.1589 | acc 94.4% | 3s elapsed | eta 3s
  step 300/391 | loss 0.1657 | acc 94.2% | 5s elapsed | eta 1s
Ep 185 | loss 0.1705 | task 0.1705 | cons 0.0000 | train 94.0% | test 82.3% | 7s
  step 100/391 | loss 0.1608 | acc 94.2% | 2s elapsed | eta 5s
  step 200/391 | loss 0.1713 | acc 93.8% | 3s elapsed | eta 3s
  step 300/391 | loss 0.1719 | acc 93.8% | 5s elapsed | eta 1s
Ep 186 | loss 0.1653 | task 0.1653 | cons 0.0000 | train 94.1% | test 82.0% | 7s
  step 100/391 | loss 0.1478 | acc 94.7% | 2s elapsed | eta 5s
  step 200/391 | loss 0.1450 | acc 94.8% | 3s elapsed | eta 3s
  step 300/391 | loss 0.1492 | acc 94.7% | 5s elapsed | eta 1s
Ep 187 | loss 0.1532 | task 0.1532 | cons 0.0000 | train 94.6% | test 81.9% | 7s
  step 100/391 | loss 0.1709 | acc 94.0% | 2s elapsed | eta 5s
  step 200/391 | loss 0.1604 | acc 94.4% | 3s elapsed | eta 3s
  step 300/391 | loss 0.1606 | acc 94.4% | 5s elapsed | eta 1s
Ep 188 | loss 0.1610 | task 0.1610 | cons 0.0000 | train 94.4% | test 82.2% | 7s
  step 100/391 | loss 0.1531 | acc 94.5% | 2s elapsed | eta 5s
  step 200/391 | loss 0.1571 | acc 94.3% | 3s elapsed | eta 3s
  step 300/391 | loss 0.1653 | acc 94.1% | 5s elapsed | eta 1s
Ep 189 | loss 0.1649 | task 0.1649 | cons 0.0000 | train 94.1% | test 82.3% | 7s
  step 100/391 | loss 0.1460 | acc 94.8% | 2s elapsed | eta 5s
  step 200/391 | loss 0.1512 | acc 94.7% | 3s elapsed | eta 3s
  step 300/391 | loss 0.1472 | acc 94.8% | 5s elapsed | eta 1s
Ep 190 | loss 0.1511 | task 0.1511 | cons 0.0000 | train 94.6% | test 82.3% | 7s
    K=1: 77.8%
    K=2: 82.1%
    K=4: 82.3%
  step 100/391 | loss 0.1661 | acc 94.0% | 2s elapsed | eta 5s
  step 200/391 | loss 0.1658 | acc 93.9% | 3s elapsed | eta 3s
  step 300/391 | loss 0.1654 | acc 94.0% | 5s elapsed | eta 1s
Ep 191 | loss 0.1601 | task 0.1601 | cons 0.0000 | train 94.2% | test 82.4% | 7s
  step 100/391 | loss 0.1649 | acc 94.3% | 2s elapsed | eta 5s
  step 200/391 | loss 0.1590 | acc 94.4% | 3s elapsed | eta 3s
  step 300/391 | loss 0.1578 | acc 94.3% | 5s elapsed | eta 1s
Ep 192 | loss 0.1621 | task 0.1621 | cons 0.0000 | train 94.2% | test 82.4% | 7s
  step 100/391 | loss 0.1529 | acc 94.7% | 1s elapsed | eta 4s
  step 200/391 | loss 0.1533 | acc 94.7% | 3s elapsed | eta 3s
  step 300/391 | loss 0.1470 | acc 94.9% | 5s elapsed | eta 1s
Ep 193 | loss 0.1444 | task 0.1444 | cons 0.0000 | train 94.9% | test 82.2% | 7s
  step 100/391 | loss 0.1533 | acc 94.5% | 2s elapsed | eta 5s
  step 200/391 | loss 0.1535 | acc 94.5% | 3s elapsed | eta 3s
  step 300/391 | loss 0.1473 | acc 94.7% | 5s elapsed | eta 1s
Ep 194 | loss 0.1522 | task 0.1522 | cons 0.0000 | train 94.6% | test 82.1% | 7s
  step 100/391 | loss 0.1340 | acc 95.2% | 2s elapsed | eta 5s
  step 200/391 | loss 0.1456 | acc 94.8% | 3s elapsed | eta 3s
  step 300/391 | loss 0.1478 | acc 94.7% | 5s elapsed | eta 2s
Ep 195 | loss 0.1505 | task 0.1505 | cons 0.0000 | train 94.6% | test 82.2% | 8s
  step 100/391 | loss 0.1575 | acc 94.3% | 2s elapsed | eta 4s
  step 200/391 | loss 0.1600 | acc 94.3% | 3s elapsed | eta 3s
  step 300/391 | loss 0.1637 | acc 94.1% | 5s elapsed | eta 1s
Ep 196 | loss 0.1588 | task 0.1588 | cons 0.0000 | train 94.3% | test 81.8% | 7s
  step 100/391 | loss 0.1789 | acc 94.0% | 2s elapsed | eta 5s
  step 200/391 | loss 0.1658 | acc 94.3% | 3s elapsed | eta 3s
  step 300/391 | loss 0.1660 | acc 94.2% | 5s elapsed | eta 1s
Ep 197 | loss 0.1638 | task 0.1638 | cons 0.0000 | train 94.3% | test 82.0% | 7s
  step 100/391 | loss 0.1604 | acc 94.3% | 2s elapsed | eta 5s
  step 200/391 | loss 0.1578 | acc 94.2% | 3s elapsed | eta 3s
  step 300/391 | loss 0.1540 | acc 94.4% | 5s elapsed | eta 1s
Ep 198 | loss 0.1529 | task 0.1529 | cons 0.0000 | train 94.5% | test 82.3% | 7s
  step 100/391 | loss 0.1426 | acc 95.0% | 2s elapsed | eta 4s
  step 200/391 | loss 0.1408 | acc 95.0% | 3s elapsed | eta 3s
  step 300/391 | loss 0.1492 | acc 94.6% | 5s elapsed | eta 1s
Ep 199 | loss 0.1455 | task 0.1455 | cons 0.0000 | train 94.8% | test 82.3% | 7s
  step 100/391 | loss 0.1380 | acc 95.1% | 2s elapsed | eta 5s
  step 200/391 | loss 0.1385 | acc 95.0% | 3s elapsed | eta 3s
  step 300/391 | loss 0.1411 | acc 94.9% | 5s elapsed | eta 1s
Ep 200 | loss 0.1393 | task 0.1393 | cons 0.0000 | train 95.0% | test 82.0% | 7s
    K=1: 77.6%
    K=2: 82.2%
    K=4: 82.0%
  step 100/391 | loss 0.1358 | acc 95.2% | 2s elapsed | eta 5s
  step 200/391 | loss 0.1383 | acc 95.1% | 3s elapsed | eta 3s
  step 300/391 | loss 0.1372 | acc 95.1% | 5s elapsed | eta 1s
Ep 201 | loss 0.1404 | task 0.1404 | cons 0.0000 | train 95.0% | test 82.5% | 7s
  step 100/391 | loss 0.1316 | acc 95.6% | 2s elapsed | eta 5s
  step 200/391 | loss 0.1402 | acc 95.2% | 3s elapsed | eta 3s
  step 300/391 | loss 0.1417 | acc 95.1% | 5s elapsed | eta 2s
Ep 202 | loss 0.1393 | task 0.1393 | cons 0.0000 | train 95.2% | test 82.6% | 7s
  step 100/391 | loss 0.1652 | acc 94.1% | 2s elapsed | eta 5s
  step 200/391 | loss 0.1460 | acc 94.8% | 3s elapsed | eta 3s
  step 300/391 | loss 0.1430 | acc 95.0% | 5s elapsed | eta 2s
Ep 203 | loss 0.1387 | task 0.1387 | cons 0.0000 | train 95.2% | test 82.3% | 8s
  step 100/391 | loss 0.1196 | acc 95.9% | 2s elapsed | eta 5s
  step 200/391 | loss 0.1286 | acc 95.6% | 3s elapsed | eta 3s
  step 300/391 | loss 0.1297 | acc 95.5% | 5s elapsed | eta 1s
Ep 204 | loss 0.1302 | task 0.1302 | cons 0.0000 | train 95.4% | test 82.6% | 7s
  step 100/391 | loss 0.1374 | acc 95.4% | 2s elapsed | eta 5s
  step 200/391 | loss 0.1423 | acc 95.2% | 3s elapsed | eta 3s
  step 300/391 | loss 0.1460 | acc 94.9% | 5s elapsed | eta 1s
Ep 205 | loss 0.1437 | task 0.1437 | cons 0.0000 | train 95.0% | test 82.5% | 7s
  step 100/391 | loss 0.1296 | acc 95.5% | 2s elapsed | eta 5s
  step 200/391 | loss 0.1288 | acc 95.4% | 3s elapsed | eta 3s
  step 300/391 | loss 0.1218 | acc 95.7% | 5s elapsed | eta 2s
Ep 206 | loss 0.1255 | task 0.1255 | cons 0.0000 | train 95.5% | test 82.8% | 7s
  step 100/391 | loss 0.1526 | acc 94.6% | 2s elapsed | eta 5s
  step 200/391 | loss 0.1431 | acc 95.0% | 3s elapsed | eta 3s
  step 300/391 | loss 0.1356 | acc 95.2% | 4s elapsed | eta 1s
Ep 207 | loss 0.1349 | task 0.1349 | cons 0.0000 | train 95.3% | test 82.7% | 7s
  step 100/391 | loss 0.1222 | acc 95.7% | 2s elapsed | eta 5s
  step 200/391 | loss 0.1189 | acc 95.9% | 3s elapsed | eta 3s
  step 300/391 | loss 0.1263 | acc 95.6% | 5s elapsed | eta 1s
Ep 208 | loss 0.1273 | task 0.1273 | cons 0.0000 | train 95.5% | test 82.8% | 7s
  step 100/391 | loss 0.1196 | acc 95.9% | 2s elapsed | eta 5s
  step 200/391 | loss 0.1276 | acc 95.6% | 3s elapsed | eta 3s
  step 300/391 | loss 0.1369 | acc 95.2% | 5s elapsed | eta 1s
Ep 209 | loss 0.1359 | task 0.1359 | cons 0.0000 | train 95.3% | test 82.7% | 7s
  step 100/391 | loss 0.1109 | acc 96.2% | 2s elapsed | eta 5s
  step 200/391 | loss 0.1319 | acc 95.5% | 3s elapsed | eta 3s
  step 300/391 | loss 0.1358 | acc 95.3% | 5s elapsed | eta 1s
Ep 210 | loss 0.1366 | task 0.1366 | cons 0.0000 | train 95.3% | test 82.4% | 7s
    K=1: 77.6%
    K=2: 82.4%
    K=4: 82.4%
  step 100/391 | loss 0.1225 | acc 95.6% | 2s elapsed | eta 5s
  step 200/391 | loss 0.1308 | acc 95.4% | 3s elapsed | eta 3s
  step 300/391 | loss 0.1308 | acc 95.3% | 5s elapsed | eta 1s
Ep 211 | loss 0.1345 | task 0.1345 | cons 0.0000 | train 95.2% | test 82.9% | 7s
  step 100/391 | loss 0.1232 | acc 95.7% | 2s elapsed | eta 5s
  step 200/391 | loss 0.1243 | acc 95.6% | 3s elapsed | eta 3s
  step 300/391 | loss 0.1348 | acc 95.3% | 5s elapsed | eta 1s
Ep 212 | loss 0.1294 | task 0.1294 | cons 0.0000 | train 95.5% | test 82.6% | 7s
  step 100/391 | loss 0.1084 | acc 96.1% | 2s elapsed | eta 5s
  step 200/391 | loss 0.1068 | acc 96.3% | 3s elapsed | eta 3s
  step 300/391 | loss 0.1203 | acc 95.7% | 5s elapsed | eta 1s
Ep 213 | loss 0.1261 | task 0.1261 | cons 0.0000 | train 95.5% | test 82.7% | 7s
  step 100/391 | loss 0.1296 | acc 95.4% | 2s elapsed | eta 5s
  step 200/391 | loss 0.1369 | acc 95.2% | 3s elapsed | eta 3s
  step 300/391 | loss 0.1358 | acc 95.2% | 5s elapsed | eta 1s
Ep 214 | loss 0.1408 | task 0.1408 | cons 0.0000 | train 95.0% | test 82.8% | 7s
  step 100/391 | loss 0.1050 | acc 96.2% | 2s elapsed | eta 5s
  step 200/391 | loss 0.1227 | acc 95.6% | 3s elapsed | eta 3s
  step 300/391 | loss 0.1289 | acc 95.4% | 5s elapsed | eta 1s
Ep 215 | loss 0.1283 | task 0.1283 | cons 0.0000 | train 95.4% | test 82.8% | 7s
  step 100/391 | loss 0.1082 | acc 96.0% | 2s elapsed | eta 5s
  step 200/391 | loss 0.1168 | acc 95.8% | 3s elapsed | eta 3s
  step 300/391 | loss 0.1212 | acc 95.6% | 5s elapsed | eta 2s
Ep 216 | loss 0.1198 | task 0.1198 | cons 0.0000 | train 95.7% | test 82.8% | 8s
  step 100/391 | loss 0.1236 | acc 95.6% | 2s elapsed | eta 5s
  step 200/391 | loss 0.1151 | acc 96.0% | 3s elapsed | eta 3s
  step 300/391 | loss 0.1188 | acc 95.8% | 5s elapsed | eta 1s
Ep 217 | loss 0.1209 | task 0.1209 | cons 0.0000 | train 95.8% | test 82.5% | 7s
  step 100/391 | loss 0.1093 | acc 96.2% | 2s elapsed | eta 5s
  step 200/391 | loss 0.1104 | acc 96.2% | 3s elapsed | eta 3s
  step 300/391 | loss 0.1113 | acc 96.1% | 5s elapsed | eta 2s
Ep 218 | loss 0.1170 | task 0.1170 | cons 0.0000 | train 95.9% | test 82.7% | 7s
  step 100/391 | loss 0.1101 | acc 96.1% | 2s elapsed | eta 5s
  step 200/391 | loss 0.1075 | acc 96.2% | 4s elapsed | eta 3s
  step 300/391 | loss 0.1205 | acc 95.8% | 5s elapsed | eta 2s
Ep 219 | loss 0.1205 | task 0.1205 | cons 0.0000 | train 95.8% | test 82.5% | 8s
  step 100/391 | loss 0.1303 | acc 95.3% | 1s elapsed | eta 4s
  step 200/391 | loss 0.1208 | acc 95.7% | 3s elapsed | eta 3s
  step 300/391 | loss 0.1164 | acc 95.9% | 5s elapsed | eta 1s
Ep 220 | loss 0.1151 | task 0.1151 | cons 0.0000 | train 96.0% | test 82.7% | 7s
    K=1: 78.5%
    K=2: 82.6%
    K=4: 82.7%
  step 100/391 | loss 0.1093 | acc 96.1% | 2s elapsed | eta 4s
  step 200/391 | loss 0.1208 | acc 95.7% | 3s elapsed | eta 3s
  step 300/391 | loss 0.1195 | acc 95.7% | 4s elapsed | eta 1s
Ep 221 | loss 0.1203 | task 0.1203 | cons 0.0000 | train 95.8% | test 82.2% | 7s
  step 100/391 | loss 0.1441 | acc 94.9% | 2s elapsed | eta 5s
  step 200/391 | loss 0.1330 | acc 95.3% | 3s elapsed | eta 3s
  step 300/391 | loss 0.1291 | acc 95.4% | 5s elapsed | eta 1s
Ep 222 | loss 0.1274 | task 0.1274 | cons 0.0000 | train 95.5% | test 82.8% | 7s
  step 100/391 | loss 0.1166 | acc 95.9% | 2s elapsed | eta 5s
  step 200/391 | loss 0.1206 | acc 95.7% | 3s elapsed | eta 3s
  step 300/391 | loss 0.1226 | acc 95.6% | 5s elapsed | eta 1s
Ep 223 | loss 0.1203 | task 0.1203 | cons 0.0000 | train 95.7% | test 82.5% | 7s
  step 100/391 | loss 0.1237 | acc 95.5% | 2s elapsed | eta 5s
  step 200/391 | loss 0.1303 | acc 95.4% | 3s elapsed | eta 3s
  step 300/391 | loss 0.1260 | acc 95.6% | 5s elapsed | eta 1s
Ep 224 | loss 0.1279 | task 0.1279 | cons 0.0000 | train 95.5% | test 82.4% | 7s
  step 100/391 | loss 0.1144 | acc 96.0% | 2s elapsed | eta 5s
  step 200/391 | loss 0.1222 | acc 95.7% | 3s elapsed | eta 3s
  step 300/391 | loss 0.1281 | acc 95.5% | 5s elapsed | eta 2s
Ep 225 | loss 0.1274 | task 0.1274 | cons 0.0000 | train 95.5% | test 82.9% | 7s
  step 100/391 | loss 0.1277 | acc 95.4% | 2s elapsed | eta 5s
  step 200/391 | loss 0.1358 | acc 95.2% | 3s elapsed | eta 3s
  step 300/391 | loss 0.1330 | acc 95.2% | 5s elapsed | eta 1s
Ep 226 | loss 0.1297 | task 0.1297 | cons 0.0000 | train 95.4% | test 82.7% | 7s
  step 100/391 | loss 0.1200 | acc 95.8% | 2s elapsed | eta 5s
  step 200/391 | loss 0.1159 | acc 95.9% | 3s elapsed | eta 3s
  step 300/391 | loss 0.1196 | acc 95.8% | 5s elapsed | eta 1s
Ep 227 | loss 0.1198 | task 0.1198 | cons 0.0000 | train 95.8% | test 82.7% | 7s
  step 100/391 | loss 0.1260 | acc 95.7% | 2s elapsed | eta 5s
  step 200/391 | loss 0.1151 | acc 96.0% | 3s elapsed | eta 3s
  step 300/391 | loss 0.1168 | acc 95.9% | 5s elapsed | eta 1s
Ep 228 | loss 0.1175 | task 0.1175 | cons 0.0000 | train 95.9% | test 83.1% | 7s
  step 100/391 | loss 0.1333 | acc 95.1% | 2s elapsed | eta 5s
  step 200/391 | loss 0.1078 | acc 96.1% | 3s elapsed | eta 3s
  step 300/391 | loss 0.1072 | acc 96.2% | 5s elapsed | eta 1s
Ep 229 | loss 0.1107 | task 0.1107 | cons 0.0000 | train 96.1% | test 82.8% | 7s
  step 100/391 | loss 0.1211 | acc 95.7% | 2s elapsed | eta 5s
  step 200/391 | loss 0.1182 | acc 95.8% | 3s elapsed | eta 3s
  step 300/391 | loss 0.1212 | acc 95.7% | 5s elapsed | eta 1s
Ep 230 | loss 0.1192 | task 0.1192 | cons 0.0000 | train 95.8% | test 82.6% | 7s
    K=1: 78.0%
    K=2: 82.8%
    K=4: 82.6%
  step 100/391 | loss 0.1328 | acc 95.3% | 2s elapsed | eta 5s
  step 200/391 | loss 0.1225 | acc 95.8% | 3s elapsed | eta 3s
  step 300/391 | loss 0.1234 | acc 95.7% | 5s elapsed | eta 1s
Ep 231 | loss 0.1229 | task 0.1229 | cons 0.0000 | train 95.7% | test 82.8% | 7s
  step 100/391 | loss 0.0899 | acc 96.9% | 2s elapsed | eta 5s
  step 200/391 | loss 0.1117 | acc 96.1% | 3s elapsed | eta 3s
  step 300/391 | loss 0.1078 | acc 96.2% | 5s elapsed | eta 2s
Ep 232 | loss 0.1076 | task 0.1076 | cons 0.0000 | train 96.1% | test 82.7% | 7s
  step 100/391 | loss 0.1045 | acc 96.4% | 2s elapsed | eta 5s
  step 200/391 | loss 0.1158 | acc 95.9% | 3s elapsed | eta 3s
  step 300/391 | loss 0.1165 | acc 95.9% | 5s elapsed | eta 1s
Ep 233 | loss 0.1160 | task 0.1160 | cons 0.0000 | train 95.9% | test 83.0% | 7s
  step 100/391 | loss 0.1205 | acc 95.7% | 2s elapsed | eta 5s
  step 200/391 | loss 0.1092 | acc 96.1% | 3s elapsed | eta 3s
  step 300/391 | loss 0.1039 | acc 96.2% | 5s elapsed | eta 1s
Ep 234 | loss 0.1002 | task 0.1002 | cons 0.0000 | train 96.4% | test 82.6% | 7s
  step 100/391 | loss 0.1190 | acc 95.8% | 2s elapsed | eta 5s
  step 200/391 | loss 0.1244 | acc 95.6% | 3s elapsed | eta 3s
  step 300/391 | loss 0.1223 | acc 95.7% | 5s elapsed | eta 1s
Ep 235 | loss 0.1240 | task 0.1240 | cons 0.0000 | train 95.6% | test 82.2% | 7s
  step 100/391 | loss 0.1090 | acc 96.2% | 1s elapsed | eta 4s
  step 200/391 | loss 0.1154 | acc 96.0% | 3s elapsed | eta 3s
  step 300/391 | loss 0.1163 | acc 95.9% | 4s elapsed | eta 1s
Ep 236 | loss 0.1137 | task 0.1137 | cons 0.0000 | train 96.0% | test 82.4% | 7s
  step 100/391 | loss 0.1087 | acc 96.1% | 2s elapsed | eta 5s
  step 200/391 | loss 0.1108 | acc 96.0% | 3s elapsed | eta 3s
  step 300/391 | loss 0.1181 | acc 95.7% | 5s elapsed | eta 1s
Ep 237 | loss 0.1160 | task 0.1160 | cons 0.0000 | train 95.9% | test 82.7% | 7s
  step 100/391 | loss 0.1221 | acc 95.7% | 2s elapsed | eta 5s
  step 200/391 | loss 0.1055 | acc 96.3% | 3s elapsed | eta 3s
  step 300/391 | loss 0.1117 | acc 96.0% | 5s elapsed | eta 1s
Ep 238 | loss 0.1060 | task 0.1060 | cons 0.0000 | train 96.3% | test 82.7% | 7s
  step 100/391 | loss 0.1106 | acc 96.2% | 1s elapsed | eta 4s
  step 200/391 | loss 0.1022 | acc 96.4% | 3s elapsed | eta 3s
  step 300/391 | loss 0.1073 | acc 96.2% | 5s elapsed | eta 1s
Ep 239 | loss 0.1060 | task 0.1060 | cons 0.0000 | train 96.3% | test 82.9% | 7s
  step 100/391 | loss 0.0875 | acc 97.0% | 2s elapsed | eta 5s
  step 200/391 | loss 0.0936 | acc 96.8% | 3s elapsed | eta 3s
  step 300/391 | loss 0.0914 | acc 96.8% | 5s elapsed | eta 1s
Ep 240 | loss 0.0951 | task 0.0951 | cons 0.0000 | train 96.7% | test 82.9% | 7s
    K=1: 78.3%
    K=2: 82.8%
    K=4: 82.9%
  step 100/391 | loss 0.0944 | acc 96.6% | 2s elapsed | eta 5s
  step 200/391 | loss 0.1028 | acc 96.3% | 3s elapsed | eta 3s
  step 300/391 | loss 0.1016 | acc 96.4% | 5s elapsed | eta 1s
Ep 241 | loss 0.1027 | task 0.1027 | cons 0.0000 | train 96.3% | test 83.0% | 7s
  step 100/391 | loss 0.1311 | acc 95.3% | 2s elapsed | eta 5s
  step 200/391 | loss 0.1168 | acc 95.8% | 3s elapsed | eta 3s
  step 300/391 | loss 0.1148 | acc 96.0% | 5s elapsed | eta 1s
Ep 242 | loss 0.1177 | task 0.1177 | cons 0.0000 | train 95.8% | test 82.9% | 7s
  step 100/391 | loss 0.1140 | acc 96.0% | 2s elapsed | eta 4s
  step 200/391 | loss 0.1093 | acc 96.1% | 3s elapsed | eta 3s
  step 300/391 | loss 0.1035 | acc 96.4% | 5s elapsed | eta 1s
Ep 243 | loss 0.1084 | task 0.1084 | cons 0.0000 | train 96.2% | test 82.7% | 7s
  step 100/391 | loss 0.0915 | acc 96.7% | 2s elapsed | eta 5s
  step 200/391 | loss 0.0990 | acc 96.5% | 3s elapsed | eta 3s
  step 300/391 | loss 0.1024 | acc 96.4% | 5s elapsed | eta 1s
Ep 244 | loss 0.1035 | task 0.1035 | cons 0.0000 | train 96.4% | test 83.0% | 7s
  step 100/391 | loss 0.1066 | acc 96.1% | 2s elapsed | eta 5s
  step 200/391 | loss 0.1103 | acc 96.0% | 3s elapsed | eta 3s
  step 300/391 | loss 0.1057 | acc 96.2% | 5s elapsed | eta 2s
Ep 245 | loss 0.1065 | task 0.1065 | cons 0.0000 | train 96.2% | test 83.0% | 7s
  step 100/391 | loss 0.1153 | acc 95.9% | 2s elapsed | eta 5s
  step 200/391 | loss 0.1144 | acc 96.0% | 3s elapsed | eta 3s
  step 300/391 | loss 0.1099 | acc 96.2% | 5s elapsed | eta 1s
Ep 246 | loss 0.1067 | task 0.1067 | cons 0.0000 | train 96.3% | test 82.9% | 7s
  step 100/391 | loss 0.0846 | acc 97.0% | 2s elapsed | eta 5s
  step 200/391 | loss 0.0962 | acc 96.6% | 3s elapsed | eta 3s
  step 300/391 | loss 0.0921 | acc 96.8% | 5s elapsed | eta 1s
Ep 247 | loss 0.1018 | task 0.1018 | cons 0.0000 | train 96.4% | test 82.9% | 7s
  step 100/391 | loss 0.1092 | acc 96.1% | 2s elapsed | eta 5s
  step 200/391 | loss 0.1006 | acc 96.4% | 3s elapsed | eta 3s
  step 300/391 | loss 0.1092 | acc 96.1% | 5s elapsed | eta 1s
Ep 248 | loss 0.1073 | task 0.1073 | cons 0.0000 | train 96.2% | test 83.0% | 7s
  step 100/391 | loss 0.0997 | acc 96.4% | 2s elapsed | eta 5s
  step 200/391 | loss 0.1003 | acc 96.4% | 3s elapsed | eta 3s
  step 300/391 | loss 0.1045 | acc 96.3% | 5s elapsed | eta 1s
Ep 249 | loss 0.0993 | task 0.0993 | cons 0.0000 | train 96.5% | test 83.0% | 7s
  step 100/391 | loss 0.1215 | acc 95.7% | 2s elapsed | eta 5s
  step 200/391 | loss 0.1131 | acc 96.0% | 3s elapsed | eta 3s
  step 300/391 | loss 0.1046 | acc 96.3% | 4s elapsed | eta 1s
Ep 250 | loss 0.1019 | task 0.1019 | cons 0.0000 | train 96.4% | test 83.1% | 7s
    K=1: 78.4%
    K=2: 83.0%
    K=4: 83.1%
  step 100/391 | loss 0.0924 | acc 96.7% | 2s elapsed | eta 5s
  step 200/391 | loss 0.0950 | acc 96.7% | 3s elapsed | eta 3s
  step 300/391 | loss 0.0912 | acc 96.8% | 5s elapsed | eta 2s
Ep 251 | loss 0.0930 | task 0.0930 | cons 0.0000 | train 96.8% | test 83.1% | 7s
  step 100/391 | loss 0.0941 | acc 96.6% | 2s elapsed | eta 5s
  step 200/391 | loss 0.0984 | acc 96.4% | 3s elapsed | eta 3s
  step 300/391 | loss 0.1002 | acc 96.4% | 5s elapsed | eta 2s
Ep 252 | loss 0.0996 | task 0.0996 | cons 0.0000 | train 96.4% | test 83.1% | 8s
  step 100/391 | loss 0.1003 | acc 96.5% | 1s elapsed | eta 4s
  step 200/391 | loss 0.0984 | acc 96.5% | 3s elapsed | eta 3s
  step 300/391 | loss 0.0993 | acc 96.5% | 5s elapsed | eta 1s
Ep 253 | loss 0.0950 | task 0.0950 | cons 0.0000 | train 96.6% | test 82.8% | 7s
  step 100/391 | loss 0.1007 | acc 96.4% | 2s elapsed | eta 5s
  step 200/391 | loss 0.0983 | acc 96.5% | 3s elapsed | eta 3s
  step 300/391 | loss 0.0976 | acc 96.5% | 5s elapsed | eta 1s
Ep 254 | loss 0.0982 | task 0.0982 | cons 0.0000 | train 96.5% | test 83.0% | 7s
  step 100/391 | loss 0.1071 | acc 96.2% | 2s elapsed | eta 5s
  step 200/391 | loss 0.1090 | acc 96.2% | 3s elapsed | eta 3s
  step 300/391 | loss 0.1050 | acc 96.3% | 5s elapsed | eta 1s
Ep 255 | loss 0.1063 | task 0.1063 | cons 0.0000 | train 96.2% | test 83.1% | 7s
  step 100/391 | loss 0.0980 | acc 96.5% | 2s elapsed | eta 5s
  step 200/391 | loss 0.0976 | acc 96.5% | 3s elapsed | eta 3s
  step 300/391 | loss 0.0972 | acc 96.5% | 5s elapsed | eta 1s
Ep 256 | loss 0.0960 | task 0.0960 | cons 0.0000 | train 96.6% | test 83.1% | 7s
  step 100/391 | loss 0.0942 | acc 96.6% | 2s elapsed | eta 5s
  step 200/391 | loss 0.0925 | acc 96.7% | 3s elapsed | eta 3s
  step 300/391 | loss 0.0937 | acc 96.7% | 5s elapsed | eta 1s
Ep 257 | loss 0.0939 | task 0.0939 | cons 0.0000 | train 96.7% | test 83.3% | 7s
  step 100/391 | loss 0.0931 | acc 96.9% | 2s elapsed | eta 5s
  step 200/391 | loss 0.0984 | acc 96.6% | 3s elapsed | eta 3s
  step 300/391 | loss 0.0974 | acc 96.6% | 5s elapsed | eta 1s
Ep 258 | loss 0.0970 | task 0.0970 | cons 0.0000 | train 96.6% | test 83.1% | 7s
  step 100/391 | loss 0.0994 | acc 96.5% | 2s elapsed | eta 5s
  step 200/391 | loss 0.0947 | acc 96.6% | 3s elapsed | eta 3s
  step 300/391 | loss 0.0938 | acc 96.7% | 5s elapsed | eta 1s
Ep 259 | loss 0.0945 | task 0.0945 | cons 0.0000 | train 96.7% | test 83.2% | 7s
  step 100/391 | loss 0.0940 | acc 96.6% | 2s elapsed | eta 5s
  step 200/391 | loss 0.0864 | acc 96.9% | 3s elapsed | eta 3s
  step 300/391 | loss 0.0870 | acc 96.9% | 5s elapsed | eta 1s
Ep 260 | loss 0.0952 | task 0.0952 | cons 0.0000 | train 96.6% | test 83.0% | 7s
    K=1: 78.7%
    K=2: 82.9%
    K=4: 83.0%
  step 100/391 | loss 0.0674 | acc 97.7% | 2s elapsed | eta 5s
  step 200/391 | loss 0.0853 | acc 97.0% | 3s elapsed | eta 3s
  step 300/391 | loss 0.0941 | acc 96.7% | 5s elapsed | eta 1s
Ep 261 | loss 0.0964 | task 0.0964 | cons 0.0000 | train 96.6% | test 83.0% | 7s
  step 100/391 | loss 0.1010 | acc 96.4% | 2s elapsed | eta 5s
  step 200/391 | loss 0.0954 | acc 96.6% | 3s elapsed | eta 3s
  step 300/391 | loss 0.0957 | acc 96.6% | 5s elapsed | eta 2s
Ep 262 | loss 0.0932 | task 0.0932 | cons 0.0000 | train 96.7% | test 83.0% | 7s
  step 100/391 | loss 0.1074 | acc 96.1% | 2s elapsed | eta 5s
  step 200/391 | loss 0.1050 | acc 96.2% | 3s elapsed | eta 3s
  step 300/391 | loss 0.1024 | acc 96.3% | 5s elapsed | eta 1s
Ep 263 | loss 0.1029 | task 0.1029 | cons 0.0000 | train 96.3% | test 83.1% | 7s
  step 100/391 | loss 0.0810 | acc 97.1% | 2s elapsed | eta 5s
  step 200/391 | loss 0.0883 | acc 96.9% | 3s elapsed | eta 3s
  step 300/391 | loss 0.0919 | acc 96.8% | 4s elapsed | eta 1s
Ep 264 | loss 0.0899 | task 0.0899 | cons 0.0000 | train 96.8% | test 83.1% | 7s
  step 100/391 | loss 0.0873 | acc 97.0% | 2s elapsed | eta 5s
  step 200/391 | loss 0.0898 | acc 96.9% | 3s elapsed | eta 3s
  step 300/391 | loss 0.0875 | acc 96.9% | 5s elapsed | eta 2s
Ep 265 | loss 0.0871 | task 0.0871 | cons 0.0000 | train 96.9% | test 83.1% | 8s
  step 100/391 | loss 0.1107 | acc 96.1% | 2s elapsed | eta 4s
  step 200/391 | loss 0.1106 | acc 96.1% | 3s elapsed | eta 3s
  step 300/391 | loss 0.1075 | acc 96.2% | 5s elapsed | eta 1s
Ep 266 | loss 0.1033 | task 0.1033 | cons 0.0000 | train 96.4% | test 83.0% | 7s
  step 100/391 | loss 0.0797 | acc 97.2% | 2s elapsed | eta 5s
  step 200/391 | loss 0.0897 | acc 96.9% | 3s elapsed | eta 3s
  step 300/391 | loss 0.0884 | acc 97.0% | 5s elapsed | eta 1s
Ep 267 | loss 0.0865 | task 0.0865 | cons 0.0000 | train 97.0% | test 83.1% | 7s
  step 100/391 | loss 0.0781 | acc 97.2% | 2s elapsed | eta 5s
  step 200/391 | loss 0.0802 | acc 97.1% | 3s elapsed | eta 3s
  step 300/391 | loss 0.0839 | acc 97.0% | 5s elapsed | eta 1s
Ep 268 | loss 0.0838 | task 0.0838 | cons 0.0000 | train 97.0% | test 83.1% | 7s
  step 100/391 | loss 0.1015 | acc 96.4% | 2s elapsed | eta 4s
  step 200/391 | loss 0.0961 | acc 96.6% | 3s elapsed | eta 3s
  step 300/391 | loss 0.0909 | acc 96.8% | 5s elapsed | eta 1s
Ep 269 | loss 0.0937 | task 0.0937 | cons 0.0000 | train 96.7% | test 83.0% | 7s
  step 100/391 | loss 0.0845 | acc 97.0% | 2s elapsed | eta 5s
  step 200/391 | loss 0.0945 | acc 96.6% | 3s elapsed | eta 3s
  step 300/391 | loss 0.0926 | acc 96.7% | 5s elapsed | eta 1s
Ep 270 | loss 0.0920 | task 0.0920 | cons 0.0000 | train 96.7% | test 83.2% | 7s
    K=1: 78.5%
    K=2: 83.1%
    K=4: 83.2%
  step 100/391 | loss 0.0886 | acc 96.8% | 2s elapsed | eta 5s
  step 200/391 | loss 0.0946 | acc 96.6% | 3s elapsed | eta 3s
  step 300/391 | loss 0.1020 | acc 96.4% | 5s elapsed | eta 1s
Ep 271 | loss 0.0980 | task 0.0980 | cons 0.0000 | train 96.6% | test 83.2% | 7s
  step 100/391 | loss 0.0882 | acc 96.8% | 2s elapsed | eta 5s
  step 200/391 | loss 0.0861 | acc 96.9% | 3s elapsed | eta 3s
  step 300/391 | loss 0.0906 | acc 96.7% | 5s elapsed | eta 2s
Ep 272 | loss 0.0929 | task 0.0929 | cons 0.0000 | train 96.7% | test 83.0% | 7s
  step 100/391 | loss 0.0896 | acc 96.9% | 2s elapsed | eta 5s
  step 200/391 | loss 0.0877 | acc 96.9% | 3s elapsed | eta 3s
  step 300/391 | loss 0.0902 | acc 96.9% | 5s elapsed | eta 1s
Ep 273 | loss 0.0906 | task 0.0906 | cons 0.0000 | train 96.8% | test 83.3% | 7s
  step 100/391 | loss 0.0791 | acc 97.2% | 2s elapsed | eta 5s
  step 200/391 | loss 0.0930 | acc 96.7% | 3s elapsed | eta 3s
  step 300/391 | loss 0.0989 | acc 96.5% | 5s elapsed | eta 1s
Ep 274 | loss 0.0969 | task 0.0969 | cons 0.0000 | train 96.5% | test 83.1% | 7s
  step 100/391 | loss 0.1195 | acc 95.6% | 2s elapsed | eta 5s
  step 200/391 | loss 0.1083 | acc 96.0% | 3s elapsed | eta 3s
  step 300/391 | loss 0.0965 | acc 96.5% | 5s elapsed | eta 2s
Ep 275 | loss 0.0958 | task 0.0958 | cons 0.0000 | train 96.6% | test 83.3% | 7s
  step 100/391 | loss 0.0740 | acc 97.5% | 2s elapsed | eta 5s
  step 200/391 | loss 0.0822 | acc 97.1% | 3s elapsed | eta 3s
  step 300/391 | loss 0.0841 | acc 97.0% | 5s elapsed | eta 2s
Ep 276 | loss 0.0870 | task 0.0870 | cons 0.0000 | train 96.9% | test 83.1% | 8s
  step 100/391 | loss 0.0923 | acc 96.6% | 2s elapsed | eta 5s
  step 200/391 | loss 0.0965 | acc 96.5% | 3s elapsed | eta 3s
  step 300/391 | loss 0.0915 | acc 96.7% | 5s elapsed | eta 1s
Ep 277 | loss 0.0920 | task 0.0920 | cons 0.0000 | train 96.7% | test 83.3% | 7s
  step 100/391 | loss 0.0788 | acc 97.2% | 2s elapsed | eta 5s
  step 200/391 | loss 0.0895 | acc 96.8% | 3s elapsed | eta 3s
  step 300/391 | loss 0.0863 | acc 96.9% | 5s elapsed | eta 1s
Ep 278 | loss 0.0921 | task 0.0921 | cons 0.0000 | train 96.7% | test 83.2% | 7s
  step 100/391 | loss 0.0781 | acc 97.3% | 2s elapsed | eta 5s
  step 200/391 | loss 0.0888 | acc 96.8% | 3s elapsed | eta 3s
  step 300/391 | loss 0.0878 | acc 96.8% | 5s elapsed | eta 1s
Ep 279 | loss 0.0862 | task 0.0862 | cons 0.0000 | train 96.9% | test 83.2% | 7s
  step 100/391 | loss 0.1009 | acc 96.4% | 2s elapsed | eta 5s
  step 200/391 | loss 0.0928 | acc 96.7% | 3s elapsed | eta 3s
  step 300/391 | loss 0.0940 | acc 96.7% | 5s elapsed | eta 1s
Ep 280 | loss 0.0948 | task 0.0948 | cons 0.0000 | train 96.6% | test 83.2% | 7s
    K=1: 78.6%
    K=2: 83.1%
    K=4: 83.2%
  step 100/391 | loss 0.0844 | acc 97.1% | 2s elapsed | eta 5s
  step 200/391 | loss 0.0802 | acc 97.2% | 3s elapsed | eta 3s
  step 300/391 | loss 0.0888 | acc 97.0% | 5s elapsed | eta 1s
Ep 281 | loss 0.0921 | task 0.0921 | cons 0.0000 | train 96.9% | test 83.2% | 7s
  step 100/391 | loss 0.0883 | acc 96.9% | 2s elapsed | eta 5s
  step 200/391 | loss 0.0882 | acc 96.9% | 3s elapsed | eta 3s
  step 300/391 | loss 0.0918 | acc 96.8% | 5s elapsed | eta 2s
Ep 282 | loss 0.0876 | task 0.0876 | cons 0.0000 | train 96.9% | test 83.2% | 7s
  step 100/391 | loss 0.1015 | acc 96.5% | 2s elapsed | eta 5s
  step 200/391 | loss 0.1052 | acc 96.3% | 3s elapsed | eta 3s
  step 300/391 | loss 0.1011 | acc 96.5% | 5s elapsed | eta 1s
Ep 283 | loss 0.0941 | task 0.0941 | cons 0.0000 | train 96.7% | test 83.2% | 7s
  step 100/391 | loss 0.0657 | acc 97.7% | 2s elapsed | eta 5s
  step 200/391 | loss 0.0775 | acc 97.3% | 3s elapsed | eta 3s
  step 300/391 | loss 0.0871 | acc 96.9% | 5s elapsed | eta 1s
Ep 284 | loss 0.0864 | task 0.0864 | cons 0.0000 | train 97.0% | test 83.3% | 7s
  step 100/391 | loss 0.0888 | acc 96.9% | 2s elapsed | eta 5s
  step 200/391 | loss 0.0926 | acc 96.8% | 3s elapsed | eta 3s
  step 300/391 | loss 0.0926 | acc 96.7% | 5s elapsed | eta 1s
Ep 285 | loss 0.0935 | task 0.0935 | cons 0.0000 | train 96.7% | test 83.2% | 7s
  step 100/391 | loss 0.0721 | acc 97.4% | 2s elapsed | eta 5s
  step 200/391 | loss 0.0767 | acc 97.2% | 3s elapsed | eta 3s
  step 300/391 | loss 0.0762 | acc 97.3% | 5s elapsed | eta 2s
Ep 286 | loss 0.0838 | task 0.0838 | cons 0.0000 | train 97.0% | test 83.2% | 8s
  step 100/391 | loss 0.0732 | acc 97.4% | 2s elapsed | eta 5s
  step 200/391 | loss 0.0977 | acc 96.5% | 3s elapsed | eta 3s
  step 300/391 | loss 0.0957 | acc 96.6% | 5s elapsed | eta 1s
Ep 287 | loss 0.0952 | task 0.0952 | cons 0.0000 | train 96.7% | test 83.3% | 7s
  step 100/391 | loss 0.0902 | acc 96.8% | 2s elapsed | eta 5s
  step 200/391 | loss 0.0843 | acc 97.0% | 3s elapsed | eta 3s
  step 300/391 | loss 0.0832 | acc 97.1% | 5s elapsed | eta 2s
Ep 288 | loss 0.0795 | task 0.0795 | cons 0.0000 | train 97.2% | test 83.2% | 7s
  step 100/391 | loss 0.1024 | acc 96.3% | 2s elapsed | eta 5s
  step 200/391 | loss 0.0894 | acc 96.8% | 3s elapsed | eta 3s
  step 300/391 | loss 0.0874 | acc 96.9% | 5s elapsed | eta 1s
Ep 289 | loss 0.0848 | task 0.0848 | cons 0.0000 | train 97.0% | test 83.2% | 7s
  step 100/391 | loss 0.0887 | acc 96.7% | 1s elapsed | eta 4s
  step 200/391 | loss 0.0892 | acc 96.7% | 3s elapsed | eta 3s
  step 300/391 | loss 0.0901 | acc 96.7% | 4s elapsed | eta 1s
Ep 290 | loss 0.0918 | task 0.0918 | cons 0.0000 | train 96.7% | test 83.3% | 7s
    K=1: 78.6%
    K=2: 83.1%
    K=4: 83.3%
  step 100/391 | loss 0.0851 | acc 96.9% | 2s elapsed | eta 5s
  step 200/391 | loss 0.0844 | acc 97.0% | 3s elapsed | eta 3s
  step 300/391 | loss 0.0923 | acc 96.7% | 5s elapsed | eta 1s
Ep 291 | loss 0.0935 | task 0.0935 | cons 0.0000 | train 96.7% | test 83.2% | 7s
  step 100/391 | loss 0.0829 | acc 97.0% | 2s elapsed | eta 5s
  step 200/391 | loss 0.0886 | acc 96.9% | 3s elapsed | eta 3s
  step 300/391 | loss 0.0878 | acc 96.9% | 5s elapsed | eta 2s
Ep 292 | loss 0.0893 | task 0.0893 | cons 0.0000 | train 96.9% | test 83.2% | 7s
  step 100/391 | loss 0.0807 | acc 97.1% | 2s elapsed | eta 5s
  step 200/391 | loss 0.0975 | acc 96.5% | 3s elapsed | eta 3s
  step 300/391 | loss 0.0926 | acc 96.8% | 5s elapsed | eta 1s
Ep 293 | loss 0.0942 | task 0.0942 | cons 0.0000 | train 96.7% | test 83.2% | 7s
  step 100/391 | loss 0.1035 | acc 96.5% | 2s elapsed | eta 5s
  step 200/391 | loss 0.0969 | acc 96.7% | 3s elapsed | eta 3s
  step 300/391 | loss 0.0934 | acc 96.8% | 5s elapsed | eta 1s
Ep 294 | loss 0.0913 | task 0.0913 | cons 0.0000 | train 96.8% | test 83.3% | 7s
  step 100/391 | loss 0.0873 | acc 96.8% | 2s elapsed | eta 5s
  step 200/391 | loss 0.0911 | acc 96.8% | 3s elapsed | eta 3s
  step 300/391 | loss 0.1012 | acc 96.4% | 5s elapsed | eta 1s
Ep 295 | loss 0.0929 | task 0.0929 | cons 0.0000 | train 96.7% | test 83.2% | 7s
  step 100/391 | loss 0.1120 | acc 96.0% | 2s elapsed | eta 5s
  step 200/391 | loss 0.1023 | acc 96.3% | 3s elapsed | eta 3s
  step 300/391 | loss 0.0923 | acc 96.7% | 5s elapsed | eta 2s
Ep 296 | loss 0.0951 | task 0.0951 | cons 0.0000 | train 96.6% | test 83.2% | 8s
  step 100/391 | loss 0.1027 | acc 96.3% | 2s elapsed | eta 5s
  step 200/391 | loss 0.0967 | acc 96.6% | 3s elapsed | eta 3s
  step 300/391 | loss 0.0965 | acc 96.6% | 4s elapsed | eta 1s
Ep 297 | loss 0.0930 | task 0.0930 | cons 0.0000 | train 96.7% | test 83.3% | 7s
  step 100/391 | loss 0.0801 | acc 97.2% | 2s elapsed | eta 5s
  step 200/391 | loss 0.0899 | acc 96.9% | 3s elapsed | eta 3s
  step 300/391 | loss 0.0885 | acc 96.9% | 5s elapsed | eta 2s
Ep 298 | loss 0.0898 | task 0.0898 | cons 0.0000 | train 96.8% | test 83.2% | 7s
  step 100/391 | loss 0.0882 | acc 96.7% | 2s elapsed | eta 5s
  step 200/391 | loss 0.0876 | acc 96.8% | 3s elapsed | eta 3s
  step 300/391 | loss 0.0913 | acc 96.7% | 5s elapsed | eta 1s
Ep 299 | loss 0.0938 | task 0.0938 | cons 0.0000 | train 96.6% | test 83.3% | 7s
  step 100/391 | loss 0.0832 | acc 97.1% | 2s elapsed | eta 5s
  step 200/391 | loss 0.0786 | acc 97.3% | 3s elapsed | eta 3s
  step 300/391 | loss 0.0778 | acc 97.2% | 5s elapsed | eta 1s
Ep 300 | loss 0.0775 | task 0.0775 | cons 0.0000 | train 97.3% | test 83.2% | 7s
    K=1: 78.7%
    K=2: 83.1%
    K=4: 83.2%
Saved checkpoint to models/euler_2bpu_K4_d01.pt
