/home/ec2-user/dev/ugh/.venv/lib/python3.13/site-packages/torchvision/datasets/cifar.py:83: VisibleDeprecationWarning: dtype(): align should be passed as Python or NumPy boolean but got `align=0`. Did you mean to pass a tuple to create a subarray type? (Deprecated NumPy 2.4)
  entry = pickle.load(f, encoding="latin1")
Model: continuous | Params: 522,762 | K=8 | blocks/unit=1
----------------------------------------------------------------------
  step 100/391 | loss 1.9937 | acc 25.5% | 2s elapsed | eta 7s
  step 200/391 | loss 1.9159 | acc 28.3% | 4s elapsed | eta 4s
  step 300/391 | loss 1.8715 | acc 29.9% | 5s elapsed | eta 2s
Ep   1 | loss 1.8362 | task 1.8362 | cons 0.0000 | train 31.2% | test 40.9% | 8s
  step 100/391 | loss 1.6223 | acc 39.7% | 2s elapsed | eta 5s
  step 200/391 | loss 1.6043 | acc 40.8% | 3s elapsed | eta 3s
  step 300/391 | loss 1.5870 | acc 41.7% | 5s elapsed | eta 2s
Ep   2 | loss 1.5668 | task 1.5668 | cons 0.0000 | train 42.6% | test 47.5% | 7s
  step 100/391 | loss 1.4519 | acc 47.2% | 2s elapsed | eta 6s
  step 200/391 | loss 1.4605 | acc 46.9% | 4s elapsed | eta 4s
  step 300/391 | loss 1.4518 | acc 47.2% | 6s elapsed | eta 2s
Ep   3 | loss 1.4459 | task 1.4459 | cons 0.0000 | train 47.4% | test 52.8% | 9s
  step 100/391 | loss 1.3723 | acc 49.8% | 2s elapsed | eta 6s
  step 200/391 | loss 1.3691 | acc 49.8% | 4s elapsed | eta 4s
  step 300/391 | loss 1.3558 | acc 50.4% | 6s elapsed | eta 2s
Ep   4 | loss 1.3481 | task 1.3481 | cons 0.0000 | train 50.8% | test 54.6% | 9s
  step 100/391 | loss 1.3298 | acc 51.9% | 2s elapsed | eta 5s
  step 200/391 | loss 1.3233 | acc 52.1% | 4s elapsed | eta 4s
  step 300/391 | loss 1.3115 | acc 52.7% | 6s elapsed | eta 2s
Ep   5 | loss 1.2996 | task 1.2996 | cons 0.0000 | train 53.1% | test 57.1% | 9s
  step 100/391 | loss 1.2533 | acc 55.0% | 2s elapsed | eta 6s
  step 200/391 | loss 1.2576 | acc 54.7% | 4s elapsed | eta 4s
  step 300/391 | loss 1.2512 | acc 55.0% | 6s elapsed | eta 2s
Ep   6 | loss 1.2499 | task 1.2499 | cons 0.0000 | train 54.9% | test 58.5% | 9s
  step 100/391 | loss 1.2122 | acc 55.8% | 2s elapsed | eta 6s
  step 200/391 | loss 1.2141 | acc 55.8% | 4s elapsed | eta 4s
  step 300/391 | loss 1.2140 | acc 55.9% | 6s elapsed | eta 2s
Ep   7 | loss 1.2072 | task 1.2072 | cons 0.0000 | train 56.2% | test 59.7% | 9s
  step 100/391 | loss 1.2086 | acc 56.8% | 2s elapsed | eta 6s
  step 200/391 | loss 1.1972 | acc 57.2% | 4s elapsed | eta 4s
  step 300/391 | loss 1.1844 | acc 57.6% | 6s elapsed | eta 2s
Ep   8 | loss 1.1762 | task 1.1762 | cons 0.0000 | train 57.8% | test 61.5% | 9s
  step 100/391 | loss 1.1447 | acc 58.7% | 2s elapsed | eta 6s
  step 200/391 | loss 1.1385 | acc 59.1% | 4s elapsed | eta 4s
  step 300/391 | loss 1.1376 | acc 59.1% | 6s elapsed | eta 2s
Ep   9 | loss 1.1392 | task 1.1392 | cons 0.0000 | train 59.0% | test 63.6% | 9s
  step 100/391 | loss 1.0945 | acc 60.3% | 2s elapsed | eta 6s
  step 200/391 | loss 1.1155 | acc 59.7% | 4s elapsed | eta 4s
  step 300/391 | loss 1.1064 | acc 60.1% | 6s elapsed | eta 2s
Ep  10 | loss 1.1070 | task 1.1070 | cons 0.0000 | train 60.1% | test 64.5% | 9s
    K=1: 47.8%
    K=2: 60.7%
    K=4: 64.5%
  step 100/391 | loss 1.1043 | acc 60.3% | 2s elapsed | eta 6s
  step 200/391 | loss 1.0890 | acc 60.8% | 4s elapsed | eta 4s
  step 300/391 | loss 1.0934 | acc 60.7% | 6s elapsed | eta 2s
Ep  11 | loss 1.0821 | task 1.0821 | cons 0.0000 | train 61.1% | test 66.2% | 9s
  step 100/391 | loss 1.0183 | acc 63.2% | 2s elapsed | eta 6s
  step 200/391 | loss 1.0291 | acc 62.8% | 4s elapsed | eta 4s
  step 300/391 | loss 1.0294 | acc 62.8% | 6s elapsed | eta 2s
Ep  12 | loss 1.0222 | task 1.0222 | cons 0.0000 | train 63.1% | test 65.6% | 9s
  step 100/391 | loss 1.0147 | acc 63.6% | 2s elapsed | eta 6s
  step 200/391 | loss 1.0248 | acc 63.2% | 4s elapsed | eta 4s
  step 300/391 | loss 1.0236 | acc 63.1% | 6s elapsed | eta 2s
Ep  13 | loss 1.0294 | task 1.0294 | cons 0.0000 | train 62.9% | test 67.5% | 9s
  step 100/391 | loss 1.0383 | acc 62.8% | 2s elapsed | eta 5s
  step 200/391 | loss 1.0354 | acc 63.0% | 4s elapsed | eta 3s
  step 300/391 | loss 1.0152 | acc 63.8% | 5s elapsed | eta 2s
Ep  14 | loss 1.0107 | task 1.0107 | cons 0.0000 | train 63.9% | test 68.3% | 9s
  step 100/391 | loss 0.9844 | acc 65.4% | 2s elapsed | eta 6s
  step 200/391 | loss 0.9989 | acc 64.3% | 4s elapsed | eta 4s
  step 300/391 | loss 1.0021 | acc 64.1% | 6s elapsed | eta 2s
Ep  15 | loss 0.9925 | task 0.9925 | cons 0.0000 | train 64.5% | test 69.0% | 9s
  step 100/391 | loss 0.9394 | acc 66.2% | 2s elapsed | eta 6s
  step 200/391 | loss 0.9780 | acc 64.8% | 4s elapsed | eta 4s
  step 300/391 | loss 0.9663 | acc 65.2% | 6s elapsed | eta 2s
Ep  16 | loss 0.9678 | task 0.9678 | cons 0.0000 | train 65.1% | test 70.6% | 9s
  step 100/391 | loss 0.8951 | acc 67.7% | 2s elapsed | eta 6s
  step 200/391 | loss 0.9310 | acc 66.5% | 4s elapsed | eta 4s
  step 300/391 | loss 0.9336 | acc 66.4% | 6s elapsed | eta 2s
Ep  17 | loss 0.9450 | task 0.9450 | cons 0.0000 | train 66.0% | test 69.2% | 9s
  step 100/391 | loss 0.9137 | acc 67.4% | 2s elapsed | eta 6s
  step 200/391 | loss 0.9286 | acc 66.9% | 4s elapsed | eta 4s
  step 300/391 | loss 0.9443 | acc 66.3% | 6s elapsed | eta 2s
Ep  18 | loss 0.9385 | task 0.9385 | cons 0.0000 | train 66.4% | test 70.7% | 9s
  step 100/391 | loss 0.9090 | acc 67.1% | 2s elapsed | eta 6s
  step 200/391 | loss 0.8862 | acc 68.1% | 4s elapsed | eta 4s
  step 300/391 | loss 0.8931 | acc 67.8% | 6s elapsed | eta 2s
Ep  19 | loss 0.9044 | task 0.9044 | cons 0.0000 | train 67.4% | test 72.3% | 9s
  step 100/391 | loss 0.8872 | acc 68.1% | 2s elapsed | eta 6s
  step 200/391 | loss 0.9033 | acc 67.6% | 4s elapsed | eta 4s
  step 300/391 | loss 0.9231 | acc 66.9% | 6s elapsed | eta 2s
Ep  20 | loss 0.9146 | task 0.9146 | cons 0.0000 | train 67.2% | test 71.9% | 9s
    K=1: 51.2%
    K=2: 67.5%
    K=4: 72.1%
  step 100/391 | loss 0.8563 | acc 69.5% | 2s elapsed | eta 6s
  step 200/391 | loss 0.8605 | acc 69.1% | 4s elapsed | eta 4s
  step 300/391 | loss 0.8596 | acc 69.1% | 6s elapsed | eta 2s
Ep  21 | loss 0.8578 | task 0.8578 | cons 0.0000 | train 69.2% | test 71.8% | 9s
  step 100/391 | loss 0.8398 | acc 70.3% | 2s elapsed | eta 6s
  step 200/391 | loss 0.8767 | acc 68.7% | 4s elapsed | eta 3s
  step 300/391 | loss 0.8872 | acc 68.3% | 6s elapsed | eta 2s
Ep  22 | loss 0.8833 | task 0.8833 | cons 0.0000 | train 68.4% | test 72.8% | 9s
  step 100/391 | loss 0.8402 | acc 69.6% | 2s elapsed | eta 6s
  step 200/391 | loss 0.8490 | acc 69.5% | 4s elapsed | eta 4s
  step 300/391 | loss 0.8559 | acc 69.2% | 6s elapsed | eta 2s
Ep  23 | loss 0.8594 | task 0.8594 | cons 0.0000 | train 69.1% | test 73.0% | 9s
  step 100/391 | loss 0.8472 | acc 70.0% | 2s elapsed | eta 6s
  step 200/391 | loss 0.8396 | acc 70.2% | 4s elapsed | eta 4s
  step 300/391 | loss 0.8506 | acc 69.7% | 6s elapsed | eta 2s
Ep  24 | loss 0.8549 | task 0.8549 | cons 0.0000 | train 69.5% | test 73.7% | 9s
  step 100/391 | loss 0.8532 | acc 69.2% | 2s elapsed | eta 6s
  step 200/391 | loss 0.8533 | acc 69.4% | 4s elapsed | eta 4s
  step 300/391 | loss 0.8430 | acc 69.7% | 6s elapsed | eta 2s
Ep  25 | loss 0.8520 | task 0.8520 | cons 0.0000 | train 69.5% | test 73.2% | 9s
  step 100/391 | loss 0.8566 | acc 69.6% | 2s elapsed | eta 5s
  step 200/391 | loss 0.8450 | acc 69.8% | 4s elapsed | eta 4s
  step 300/391 | loss 0.8315 | acc 70.3% | 6s elapsed | eta 2s
Ep  26 | loss 0.8441 | task 0.8441 | cons 0.0000 | train 69.8% | test 74.7% | 9s
  step 100/391 | loss 0.7881 | acc 71.9% | 2s elapsed | eta 6s
  step 200/391 | loss 0.8234 | acc 70.5% | 4s elapsed | eta 4s
  step 300/391 | loss 0.8384 | acc 70.0% | 6s elapsed | eta 2s
Ep  27 | loss 0.8485 | task 0.8485 | cons 0.0000 | train 69.6% | test 73.8% | 9s
  step 100/391 | loss 0.8121 | acc 70.9% | 2s elapsed | eta 6s
  step 200/391 | loss 0.8117 | acc 70.9% | 4s elapsed | eta 4s
  step 300/391 | loss 0.8215 | acc 70.4% | 6s elapsed | eta 2s
Ep  28 | loss 0.8299 | task 0.8299 | cons 0.0000 | train 70.2% | test 75.1% | 9s
  step 100/391 | loss 0.7934 | acc 71.4% | 2s elapsed | eta 6s
  step 200/391 | loss 0.7892 | acc 71.7% | 4s elapsed | eta 4s
  step 300/391 | loss 0.7837 | acc 72.0% | 6s elapsed | eta 2s
Ep  29 | loss 0.7971 | task 0.7971 | cons 0.0000 | train 71.6% | test 75.8% | 9s
  step 100/391 | loss 0.7884 | acc 71.7% | 2s elapsed | eta 6s
  step 200/391 | loss 0.8023 | acc 71.2% | 4s elapsed | eta 4s
  step 300/391 | loss 0.7916 | acc 71.7% | 6s elapsed | eta 2s
Ep  30 | loss 0.7921 | task 0.7921 | cons 0.0000 | train 71.7% | test 75.6% | 9s
    K=1: 51.5%
    K=2: 70.1%
    K=4: 75.3%
  step 100/391 | loss 0.7783 | acc 72.3% | 2s elapsed | eta 6s
  step 200/391 | loss 0.8000 | acc 71.6% | 4s elapsed | eta 3s
  step 300/391 | loss 0.8007 | acc 71.3% | 5s elapsed | eta 2s
Ep  31 | loss 0.7951 | task 0.7951 | cons 0.0000 | train 71.5% | test 75.3% | 9s
  step 100/391 | loss 0.7869 | acc 72.3% | 2s elapsed | eta 5s
  step 200/391 | loss 0.7745 | acc 72.4% | 4s elapsed | eta 4s
  step 300/391 | loss 0.7773 | acc 72.1% | 6s elapsed | eta 2s
Ep  32 | loss 0.7836 | task 0.7836 | cons 0.0000 | train 72.0% | test 75.7% | 9s
  step 100/391 | loss 0.7803 | acc 72.2% | 2s elapsed | eta 6s
  step 200/391 | loss 0.7792 | acc 72.0% | 4s elapsed | eta 4s
  step 300/391 | loss 0.7771 | acc 72.2% | 6s elapsed | eta 2s
Ep  33 | loss 0.7736 | task 0.7736 | cons 0.0000 | train 72.3% | test 75.7% | 9s
  step 100/391 | loss 0.7901 | acc 71.4% | 2s elapsed | eta 6s
  step 200/391 | loss 0.8009 | acc 71.4% | 4s elapsed | eta 4s
  step 300/391 | loss 0.7877 | acc 71.8% | 6s elapsed | eta 2s
Ep  34 | loss 0.7849 | task 0.7849 | cons 0.0000 | train 71.8% | test 75.0% | 9s
  step 100/391 | loss 0.7249 | acc 74.0% | 2s elapsed | eta 6s
  step 200/391 | loss 0.7640 | acc 72.6% | 4s elapsed | eta 4s
  step 300/391 | loss 0.7543 | acc 73.0% | 6s elapsed | eta 2s
Ep  35 | loss 0.7506 | task 0.7506 | cons 0.0000 | train 73.0% | test 74.8% | 9s
  step 100/391 | loss 0.7864 | acc 71.9% | 2s elapsed | eta 6s
  step 200/391 | loss 0.7739 | acc 72.4% | 4s elapsed | eta 3s
  step 300/391 | loss 0.7807 | acc 72.2% | 5s elapsed | eta 2s
Ep  36 | loss 0.7751 | task 0.7751 | cons 0.0000 | train 72.4% | test 75.1% | 9s
  step 100/391 | loss 0.7452 | acc 73.1% | 2s elapsed | eta 6s
  step 200/391 | loss 0.7352 | acc 73.6% | 4s elapsed | eta 4s
  step 300/391 | loss 0.7482 | acc 73.3% | 6s elapsed | eta 2s
Ep  37 | loss 0.7506 | task 0.7506 | cons 0.0000 | train 73.3% | test 76.3% | 9s
  step 100/391 | loss 0.7222 | acc 74.7% | 2s elapsed | eta 6s
  step 200/391 | loss 0.7387 | acc 73.8% | 4s elapsed | eta 4s
  step 300/391 | loss 0.7503 | acc 73.3% | 6s elapsed | eta 2s
Ep  38 | loss 0.7554 | task 0.7554 | cons 0.0000 | train 73.1% | test 76.2% | 9s
  step 100/391 | loss 0.7359 | acc 73.7% | 1s elapsed | eta 4s
  step 200/391 | loss 0.7210 | acc 74.3% | 3s elapsed | eta 3s
  step 300/391 | loss 0.7148 | acc 74.6% | 4s elapsed | eta 1s
Ep  39 | loss 0.7175 | task 0.7175 | cons 0.0000 | train 74.4% | test 75.9% | 6s
  step 100/391 | loss 0.7380 | acc 73.8% | 1s elapsed | eta 3s
  step 200/391 | loss 0.7455 | acc 73.6% | 2s elapsed | eta 2s
  step 300/391 | loss 0.7301 | acc 74.1% | 3s elapsed | eta 1s
Ep  40 | loss 0.7365 | task 0.7365 | cons 0.0000 | train 73.8% | test 77.1% | 5s
    K=1: 52.3%
    K=2: 71.4%
    K=4: 77.1%
  step 100/391 | loss 0.7292 | acc 74.0% | 1s elapsed | eta 3s
  step 200/391 | loss 0.7223 | acc 74.2% | 2s elapsed | eta 2s
  step 300/391 | loss 0.7088 | acc 74.7% | 3s elapsed | eta 1s
Ep  41 | loss 0.7138 | task 0.7138 | cons 0.0000 | train 74.5% | test 77.0% | 5s
  step 100/391 | loss 0.7106 | acc 74.5% | 1s elapsed | eta 4s
  step 200/391 | loss 0.7085 | acc 74.5% | 2s elapsed | eta 2s
  step 300/391 | loss 0.7102 | acc 74.6% | 3s elapsed | eta 1s
Ep  42 | loss 0.7094 | task 0.7094 | cons 0.0000 | train 74.8% | test 77.4% | 5s
  step 100/391 | loss 0.7151 | acc 74.6% | 1s elapsed | eta 3s
  step 200/391 | loss 0.7171 | acc 74.4% | 2s elapsed | eta 2s
  step 300/391 | loss 0.7102 | acc 74.7% | 3s elapsed | eta 1s
Ep  43 | loss 0.7066 | task 0.7066 | cons 0.0000 | train 74.7% | test 77.3% | 5s
  step 100/391 | loss 0.7410 | acc 73.3% | 1s elapsed | eta 3s
  step 200/391 | loss 0.7330 | acc 73.6% | 2s elapsed | eta 2s
  step 300/391 | loss 0.7161 | acc 74.4% | 3s elapsed | eta 1s
Ep  44 | loss 0.6972 | task 0.6972 | cons 0.0000 | train 75.1% | test 78.6% | 5s
  step 100/391 | loss 0.7244 | acc 73.9% | 1s elapsed | eta 3s
  step 200/391 | loss 0.6974 | acc 75.0% | 2s elapsed | eta 2s
  step 300/391 | loss 0.7194 | acc 74.2% | 3s elapsed | eta 1s
Ep  45 | loss 0.7457 | task 0.7457 | cons 0.0000 | train 73.3% | test 77.6% | 5s
  step 100/391 | loss 0.7312 | acc 74.0% | 1s elapsed | eta 3s
  step 200/391 | loss 0.6883 | acc 75.4% | 2s elapsed | eta 2s
  step 300/391 | loss 0.7009 | acc 74.9% | 3s elapsed | eta 1s
Ep  46 | loss 0.7104 | task 0.7104 | cons 0.0000 | train 74.6% | test 77.7% | 5s
  step 100/391 | loss 0.7191 | acc 73.9% | 1s elapsed | eta 3s
  step 200/391 | loss 0.7180 | acc 74.0% | 2s elapsed | eta 2s
  step 300/391 | loss 0.7100 | acc 74.5% | 3s elapsed | eta 1s
Ep  47 | loss 0.7135 | task 0.7135 | cons 0.0000 | train 74.5% | test 78.1% | 5s
  step 100/391 | loss 0.6942 | acc 75.0% | 1s elapsed | eta 3s
  step 200/391 | loss 0.6863 | acc 75.4% | 2s elapsed | eta 2s
  step 300/391 | loss 0.6927 | acc 75.1% | 3s elapsed | eta 1s
Ep  48 | loss 0.6976 | task 0.6976 | cons 0.0000 | train 74.8% | test 77.5% | 5s
  step 100/391 | loss 0.7311 | acc 74.0% | 1s elapsed | eta 3s
  step 200/391 | loss 0.7079 | acc 74.7% | 2s elapsed | eta 2s
  step 300/391 | loss 0.6997 | acc 75.2% | 3s elapsed | eta 1s
Ep  49 | loss 0.6991 | task 0.6991 | cons 0.0000 | train 75.2% | test 76.8% | 4s
  step 100/391 | loss 0.6702 | acc 76.1% | 1s elapsed | eta 3s
  step 200/391 | loss 0.7026 | acc 74.8% | 2s elapsed | eta 2s
  step 300/391 | loss 0.7013 | acc 74.7% | 3s elapsed | eta 1s
Ep  50 | loss 0.7050 | task 0.7050 | cons 0.0000 | train 74.7% | test 77.4% | 5s
    K=1: 53.7%
    K=2: 71.9%
    K=4: 77.3%
  step 100/391 | loss 0.6273 | acc 77.5% | 1s elapsed | eta 4s
  step 200/391 | loss 0.6577 | acc 76.4% | 2s elapsed | eta 2s
  step 300/391 | loss 0.6775 | acc 75.8% | 3s elapsed | eta 1s
Ep  51 | loss 0.6800 | task 0.6800 | cons 0.0000 | train 75.6% | test 77.2% | 5s
  step 100/391 | loss 0.6437 | acc 76.4% | 1s elapsed | eta 3s
  step 200/391 | loss 0.6458 | acc 76.6% | 2s elapsed | eta 2s
  step 300/391 | loss 0.6616 | acc 76.1% | 3s elapsed | eta 1s
Ep  52 | loss 0.6696 | task 0.6696 | cons 0.0000 | train 75.8% | test 79.0% | 4s
  step 100/391 | loss 0.7070 | acc 74.7% | 1s elapsed | eta 3s
  step 200/391 | loss 0.6691 | acc 76.2% | 2s elapsed | eta 2s
  step 300/391 | loss 0.6888 | acc 75.4% | 3s elapsed | eta 1s
Ep  53 | loss 0.6938 | task 0.6938 | cons 0.0000 | train 75.2% | test 77.9% | 4s
  step 100/391 | loss 0.6147 | acc 78.1% | 1s elapsed | eta 3s
  step 200/391 | loss 0.6602 | acc 76.4% | 2s elapsed | eta 2s
  step 300/391 | loss 0.6593 | acc 76.4% | 3s elapsed | eta 1s
Ep  54 | loss 0.6592 | task 0.6592 | cons 0.0000 | train 76.4% | test 78.1% | 5s
  step 100/391 | loss 0.6606 | acc 76.2% | 1s elapsed | eta 3s
  step 200/391 | loss 0.6937 | acc 75.0% | 2s elapsed | eta 2s
  step 300/391 | loss 0.6956 | acc 75.0% | 3s elapsed | eta 1s
Ep  55 | loss 0.6918 | task 0.6918 | cons 0.0000 | train 75.2% | test 78.1% | 5s
  step 100/391 | loss 0.6183 | acc 78.1% | 1s elapsed | eta 3s
  step 200/391 | loss 0.6458 | acc 76.9% | 2s elapsed | eta 2s
  step 300/391 | loss 0.6284 | acc 77.6% | 3s elapsed | eta 1s
Ep  56 | loss 0.6360 | task 0.6360 | cons 0.0000 | train 77.2% | test 78.8% | 5s
  step 100/391 | loss 0.6806 | acc 75.5% | 1s elapsed | eta 3s
  step 200/391 | loss 0.6618 | acc 76.4% | 2s elapsed | eta 2s
  step 300/391 | loss 0.6544 | acc 76.6% | 3s elapsed | eta 1s
Ep  57 | loss 0.6668 | task 0.6668 | cons 0.0000 | train 76.1% | test 78.5% | 5s
  step 100/391 | loss 0.5981 | acc 78.6% | 1s elapsed | eta 4s
  step 200/391 | loss 0.6174 | acc 77.8% | 2s elapsed | eta 2s
  step 300/391 | loss 0.6366 | acc 77.2% | 3s elapsed | eta 1s
Ep  58 | loss 0.6442 | task 0.6442 | cons 0.0000 | train 77.0% | test 77.9% | 5s
  step 100/391 | loss 0.6277 | acc 77.4% | 1s elapsed | eta 3s
  step 200/391 | loss 0.6317 | acc 77.2% | 2s elapsed | eta 2s
  step 300/391 | loss 0.6232 | acc 77.6% | 3s elapsed | eta 1s
Ep  59 | loss 0.6310 | task 0.6310 | cons 0.0000 | train 77.4% | test 78.7% | 5s
  step 100/391 | loss 0.6627 | acc 76.1% | 1s elapsed | eta 3s
  step 200/391 | loss 0.6399 | acc 76.8% | 2s elapsed | eta 2s
  step 300/391 | loss 0.6551 | acc 76.3% | 3s elapsed | eta 1s
Ep  60 | loss 0.6557 | task 0.6557 | cons 0.0000 | train 76.2% | test 78.4% | 4s
    K=1: 51.3%
    K=2: 72.2%
    K=4: 78.7%
  step 100/391 | loss 0.6305 | acc 77.9% | 1s elapsed | eta 3s
  step 200/391 | loss 0.6162 | acc 78.2% | 2s elapsed | eta 2s
  step 300/391 | loss 0.6065 | acc 78.4% | 3s elapsed | eta 1s
Ep  61 | loss 0.6177 | task 0.6177 | cons 0.0000 | train 77.9% | test 78.5% | 5s
  step 100/391 | loss 0.5606 | acc 79.8% | 1s elapsed | eta 3s
  step 200/391 | loss 0.5967 | acc 78.6% | 2s elapsed | eta 2s
  step 300/391 | loss 0.6034 | acc 78.4% | 3s elapsed | eta 1s
Ep  62 | loss 0.6122 | task 0.6122 | cons 0.0000 | train 78.1% | test 79.0% | 5s
  step 100/391 | loss 0.6123 | acc 78.1% | 1s elapsed | eta 4s
  step 200/391 | loss 0.6060 | acc 78.3% | 2s elapsed | eta 2s
  step 300/391 | loss 0.6165 | acc 77.9% | 3s elapsed | eta 1s
Ep  63 | loss 0.6237 | task 0.6237 | cons 0.0000 | train 77.6% | test 78.6% | 5s
  step 100/391 | loss 0.5855 | acc 78.8% | 1s elapsed | eta 3s
  step 200/391 | loss 0.6160 | acc 77.8% | 2s elapsed | eta 2s
  step 300/391 | loss 0.6206 | acc 77.6% | 3s elapsed | eta 1s
Ep  64 | loss 0.6245 | task 0.6245 | cons 0.0000 | train 77.3% | test 78.8% | 5s
  step 100/391 | loss 0.6528 | acc 76.2% | 1s elapsed | eta 3s
  step 200/391 | loss 0.6308 | acc 77.4% | 2s elapsed | eta 2s
  step 300/391 | loss 0.6374 | acc 77.0% | 3s elapsed | eta 1s
Ep  65 | loss 0.6374 | task 0.6374 | cons 0.0000 | train 77.0% | test 78.7% | 5s
  step 100/391 | loss 0.5911 | acc 78.3% | 1s elapsed | eta 3s
  step 200/391 | loss 0.5977 | acc 78.1% | 2s elapsed | eta 2s
  step 300/391 | loss 0.6082 | acc 77.8% | 3s elapsed | eta 1s
Ep  66 | loss 0.6043 | task 0.6043 | cons 0.0000 | train 77.9% | test 78.9% | 5s
  step 100/391 | loss 0.5794 | acc 79.3% | 1s elapsed | eta 4s
  step 200/391 | loss 0.5767 | acc 79.2% | 2s elapsed | eta 2s
  step 300/391 | loss 0.5743 | acc 79.4% | 3s elapsed | eta 1s
Ep  67 | loss 0.5851 | task 0.5851 | cons 0.0000 | train 79.0% | test 79.4% | 5s
  step 100/391 | loss 0.6423 | acc 76.6% | 1s elapsed | eta 3s
  step 200/391 | loss 0.6256 | acc 77.4% | 2s elapsed | eta 2s
  step 300/391 | loss 0.6311 | acc 77.2% | 3s elapsed | eta 1s
Ep  68 | loss 0.6284 | task 0.6284 | cons 0.0000 | train 77.3% | test 79.3% | 5s
  step 100/391 | loss 0.5684 | acc 79.6% | 1s elapsed | eta 3s
  step 200/391 | loss 0.6030 | acc 78.5% | 2s elapsed | eta 2s
  step 300/391 | loss 0.6057 | acc 78.3% | 3s elapsed | eta 1s
Ep  69 | loss 0.5991 | task 0.5991 | cons 0.0000 | train 78.5% | test 79.4% | 5s
  step 100/391 | loss 0.6419 | acc 77.0% | 1s elapsed | eta 3s
  step 200/391 | loss 0.6137 | acc 78.0% | 2s elapsed | eta 2s
  step 300/391 | loss 0.6140 | acc 77.9% | 3s elapsed | eta 1s
Ep  70 | loss 0.6104 | task 0.6104 | cons 0.0000 | train 78.0% | test 79.4% | 5s
    K=1: 54.1%
    K=2: 73.3%
    K=4: 79.3%
  step 100/391 | loss 0.5574 | acc 79.9% | 1s elapsed | eta 4s
  step 200/391 | loss 0.5876 | acc 78.8% | 2s elapsed | eta 2s
  step 300/391 | loss 0.5843 | acc 79.0% | 3s elapsed | eta 1s
Ep  71 | loss 0.5945 | task 0.5945 | cons 0.0000 | train 78.6% | test 79.0% | 5s
  step 100/391 | loss 0.5392 | acc 80.7% | 1s elapsed | eta 3s
  step 200/391 | loss 0.5709 | acc 79.4% | 2s elapsed | eta 2s
  step 300/391 | loss 0.5716 | acc 79.4% | 3s elapsed | eta 1s
Ep  72 | loss 0.5828 | task 0.5828 | cons 0.0000 | train 79.1% | test 79.6% | 5s
  step 100/391 | loss 0.5966 | acc 78.5% | 1s elapsed | eta 3s
  step 200/391 | loss 0.5579 | acc 80.0% | 2s elapsed | eta 2s
  step 300/391 | loss 0.5656 | acc 79.7% | 3s elapsed | eta 1s
Ep  73 | loss 0.5796 | task 0.5796 | cons 0.0000 | train 79.1% | test 79.7% | 4s
  step 100/391 | loss 0.6675 | acc 75.9% | 1s elapsed | eta 3s
  step 200/391 | loss 0.6235 | acc 77.4% | 2s elapsed | eta 2s
  step 300/391 | loss 0.6279 | acc 77.4% | 3s elapsed | eta 1s
Ep  74 | loss 0.6161 | task 0.6161 | cons 0.0000 | train 77.8% | test 79.8% | 5s
  step 100/391 | loss 0.6217 | acc 77.4% | 1s elapsed | eta 3s
  step 200/391 | loss 0.6258 | acc 77.3% | 2s elapsed | eta 2s
  step 300/391 | loss 0.6285 | acc 77.3% | 3s elapsed | eta 1s
Ep  75 | loss 0.6225 | task 0.6225 | cons 0.0000 | train 77.6% | test 79.5% | 4s
  step 100/391 | loss 0.5758 | acc 79.4% | 1s elapsed | eta 3s
  step 200/391 | loss 0.5749 | acc 79.5% | 2s elapsed | eta 2s
  step 300/391 | loss 0.5749 | acc 79.4% | 3s elapsed | eta 1s
Ep  76 | loss 0.5711 | task 0.5711 | cons 0.0000 | train 79.5% | test 79.9% | 5s
  step 100/391 | loss 0.5560 | acc 80.2% | 1s elapsed | eta 4s
  step 200/391 | loss 0.5511 | acc 80.3% | 2s elapsed | eta 2s
  step 300/391 | loss 0.5750 | acc 79.4% | 3s elapsed | eta 1s
Ep  77 | loss 0.5850 | task 0.5850 | cons 0.0000 | train 79.1% | test 80.0% | 5s
  step 100/391 | loss 0.6075 | acc 77.9% | 1s elapsed | eta 3s
  step 200/391 | loss 0.6086 | acc 78.2% | 2s elapsed | eta 2s
  step 300/391 | loss 0.5969 | acc 78.6% | 3s elapsed | eta 1s
Ep  78 | loss 0.5758 | task 0.5758 | cons 0.0000 | train 79.4% | test 80.2% | 5s
  step 100/391 | loss 0.5176 | acc 81.2% | 1s elapsed | eta 4s
  step 200/391 | loss 0.5588 | acc 80.0% | 2s elapsed | eta 2s
  step 300/391 | loss 0.5695 | acc 79.5% | 3s elapsed | eta 1s
Ep  79 | loss 0.5943 | task 0.5943 | cons 0.0000 | train 78.6% | test 80.0% | 5s
  step 100/391 | loss 0.4978 | acc 81.9% | 1s elapsed | eta 4s
  step 200/391 | loss 0.5403 | acc 80.6% | 2s elapsed | eta 2s
  step 300/391 | loss 0.5496 | acc 80.3% | 3s elapsed | eta 1s
Ep  80 | loss 0.5669 | task 0.5669 | cons 0.0000 | train 79.8% | test 80.0% | 5s
    K=1: 54.5%
    K=2: 73.3%
    K=4: 80.0%
  step 100/391 | loss 0.5320 | acc 80.8% | 1s elapsed | eta 3s
  step 200/391 | loss 0.5867 | acc 78.8% | 2s elapsed | eta 2s
  step 300/391 | loss 0.5672 | acc 79.4% | 3s elapsed | eta 1s
Ep  81 | loss 0.5591 | task 0.5591 | cons 0.0000 | train 79.8% | test 79.7% | 5s
  step 100/391 | loss 0.5862 | acc 79.0% | 1s elapsed | eta 3s
  step 200/391 | loss 0.5759 | acc 79.4% | 2s elapsed | eta 2s
  step 300/391 | loss 0.5848 | acc 79.1% | 3s elapsed | eta 1s
Ep  82 | loss 0.5890 | task 0.5890 | cons 0.0000 | train 78.8% | test 80.3% | 5s
  step 100/391 | loss 0.5144 | acc 81.2% | 1s elapsed | eta 3s
  step 200/391 | loss 0.5391 | acc 80.5% | 2s elapsed | eta 2s
  step 300/391 | loss 0.5369 | acc 80.7% | 3s elapsed | eta 1s
Ep  83 | loss 0.5540 | task 0.5540 | cons 0.0000 | train 80.0% | test 80.2% | 5s
  step 100/391 | loss 0.5608 | acc 79.9% | 1s elapsed | eta 3s
  step 200/391 | loss 0.5719 | acc 79.4% | 2s elapsed | eta 2s
  step 300/391 | loss 0.5702 | acc 79.4% | 3s elapsed | eta 1s
Ep  84 | loss 0.5744 | task 0.5744 | cons 0.0000 | train 79.3% | test 79.3% | 5s
  step 100/391 | loss 0.5339 | acc 81.0% | 1s elapsed | eta 3s
  step 200/391 | loss 0.5481 | acc 80.3% | 2s elapsed | eta 2s
  step 300/391 | loss 0.5587 | acc 79.8% | 3s elapsed | eta 1s
Ep  85 | loss 0.5728 | task 0.5728 | cons 0.0000 | train 79.4% | test 79.3% | 5s
  step 100/391 | loss 0.5799 | acc 79.3% | 1s elapsed | eta 3s
  step 200/391 | loss 0.5629 | acc 79.7% | 2s elapsed | eta 2s
  step 300/391 | loss 0.5503 | acc 80.2% | 3s elapsed | eta 1s
Ep  86 | loss 0.5385 | task 0.5385 | cons 0.0000 | train 80.6% | test 80.1% | 5s
  step 100/391 | loss 0.5536 | acc 79.8% | 1s elapsed | eta 4s
  step 200/391 | loss 0.5697 | acc 79.3% | 2s elapsed | eta 2s
  step 300/391 | loss 0.5599 | acc 79.7% | 3s elapsed | eta 1s
Ep  87 | loss 0.5592 | task 0.5592 | cons 0.0000 | train 79.8% | test 79.8% | 5s
  step 100/391 | loss 0.5152 | acc 81.5% | 1s elapsed | eta 3s
  step 200/391 | loss 0.5473 | acc 80.3% | 2s elapsed | eta 2s
  step 300/391 | loss 0.5596 | acc 79.9% | 3s elapsed | eta 1s
Ep  88 | loss 0.5491 | task 0.5491 | cons 0.0000 | train 80.2% | test 80.0% | 5s
  step 100/391 | loss 0.5525 | acc 79.9% | 1s elapsed | eta 3s
  step 200/391 | loss 0.5560 | acc 80.1% | 2s elapsed | eta 2s
  step 300/391 | loss 0.5547 | acc 80.1% | 3s elapsed | eta 1s
Ep  89 | loss 0.5465 | task 0.5465 | cons 0.0000 | train 80.5% | test 79.3% | 5s
  step 100/391 | loss 0.5983 | acc 78.2% | 1s elapsed | eta 3s
  step 200/391 | loss 0.5711 | acc 79.3% | 2s elapsed | eta 2s
  step 300/391 | loss 0.5509 | acc 80.2% | 3s elapsed | eta 1s
Ep  90 | loss 0.5566 | task 0.5566 | cons 0.0000 | train 80.0% | test 79.9% | 5s
    K=1: 54.3%
    K=2: 73.8%
    K=4: 79.9%
  step 100/391 | loss 0.5832 | acc 79.1% | 1s elapsed | eta 3s
  step 200/391 | loss 0.5277 | acc 81.0% | 2s elapsed | eta 2s
  step 300/391 | loss 0.5250 | acc 81.0% | 3s elapsed | eta 1s
Ep  91 | loss 0.5080 | task 0.5080 | cons 0.0000 | train 81.7% | test 80.6% | 5s
  step 100/391 | loss 0.5015 | acc 82.2% | 1s elapsed | eta 3s
  step 200/391 | loss 0.5185 | acc 81.5% | 2s elapsed | eta 2s
  step 300/391 | loss 0.5165 | acc 81.6% | 3s elapsed | eta 1s
Ep  92 | loss 0.5237 | task 0.5237 | cons 0.0000 | train 81.3% | test 79.8% | 5s
  step 100/391 | loss 0.5239 | acc 81.5% | 1s elapsed | eta 3s
  step 200/391 | loss 0.5269 | acc 81.2% | 2s elapsed | eta 2s
  step 300/391 | loss 0.5274 | acc 81.1% | 3s elapsed | eta 1s
Ep  93 | loss 0.5233 | task 0.5233 | cons 0.0000 | train 81.3% | test 79.8% | 5s
  step 100/391 | loss 0.5202 | acc 81.3% | 1s elapsed | eta 3s
  step 200/391 | loss 0.5239 | acc 81.2% | 2s elapsed | eta 2s
  step 300/391 | loss 0.5280 | acc 81.2% | 3s elapsed | eta 1s
Ep  94 | loss 0.5229 | task 0.5229 | cons 0.0000 | train 81.3% | test 80.3% | 5s
  step 100/391 | loss 0.5409 | acc 80.3% | 1s elapsed | eta 4s
  step 200/391 | loss 0.5177 | acc 81.2% | 2s elapsed | eta 2s
  step 300/391 | loss 0.5303 | acc 80.8% | 3s elapsed | eta 1s
Ep  95 | loss 0.5214 | task 0.5214 | cons 0.0000 | train 81.1% | test 80.4% | 5s
  step 100/391 | loss 0.5114 | acc 81.6% | 1s elapsed | eta 3s
  step 200/391 | loss 0.5358 | acc 80.4% | 2s elapsed | eta 2s
  step 300/391 | loss 0.5355 | acc 80.5% | 3s elapsed | eta 1s
Ep  96 | loss 0.5283 | task 0.5283 | cons 0.0000 | train 80.9% | test 80.1% | 5s
  step 100/391 | loss 0.5422 | acc 80.3% | 1s elapsed | eta 3s
  step 200/391 | loss 0.5657 | acc 79.5% | 2s elapsed | eta 2s
  step 300/391 | loss 0.5720 | acc 79.2% | 3s elapsed | eta 1s
Ep  97 | loss 0.5628 | task 0.5628 | cons 0.0000 | train 79.6% | test 80.0% | 4s
  step 100/391 | loss 0.5374 | acc 81.0% | 1s elapsed | eta 3s
  step 200/391 | loss 0.5335 | acc 81.0% | 2s elapsed | eta 2s
  step 300/391 | loss 0.5315 | acc 81.0% | 3s elapsed | eta 1s
Ep  98 | loss 0.5434 | task 0.5434 | cons 0.0000 | train 80.5% | test 79.8% | 5s
  step 100/391 | loss 0.5166 | acc 81.8% | 1s elapsed | eta 3s
  step 200/391 | loss 0.5068 | acc 82.1% | 2s elapsed | eta 2s
  step 300/391 | loss 0.5092 | acc 81.9% | 3s elapsed | eta 1s
Ep  99 | loss 0.5245 | task 0.5245 | cons 0.0000 | train 81.3% | test 80.3% | 5s
  step 100/391 | loss 0.5156 | acc 81.6% | 1s elapsed | eta 3s
  step 200/391 | loss 0.5251 | acc 81.1% | 2s elapsed | eta 2s
  step 300/391 | loss 0.5287 | acc 80.8% | 3s elapsed | eta 1s
Ep 100 | loss 0.5242 | task 0.5242 | cons 0.0000 | train 81.0% | test 80.4% | 5s
    K=1: 54.3%
    K=2: 74.5%
    K=4: 80.5%
  step 100/391 | loss 0.5586 | acc 79.9% | 1s elapsed | eta 3s
  step 200/391 | loss 0.5047 | acc 81.8% | 2s elapsed | eta 2s
  step 300/391 | loss 0.5011 | acc 82.0% | 3s elapsed | eta 1s
Ep 101 | loss 0.5037 | task 0.5037 | cons 0.0000 | train 81.9% | test 80.9% | 4s
  step 100/391 | loss 0.5082 | acc 81.6% | 1s elapsed | eta 3s
  step 200/391 | loss 0.4878 | acc 82.3% | 2s elapsed | eta 2s
  step 300/391 | loss 0.4929 | acc 82.2% | 3s elapsed | eta 1s
Ep 102 | loss 0.4975 | task 0.4975 | cons 0.0000 | train 82.1% | test 81.0% | 5s
  step 100/391 | loss 0.5290 | acc 80.9% | 1s elapsed | eta 3s
  step 200/391 | loss 0.4810 | acc 82.6% | 2s elapsed | eta 2s
  step 300/391 | loss 0.4867 | acc 82.3% | 3s elapsed | eta 1s
Ep 103 | loss 0.4999 | task 0.4999 | cons 0.0000 | train 81.9% | test 80.9% | 4s
  step 100/391 | loss 0.5071 | acc 81.8% | 1s elapsed | eta 3s
  step 200/391 | loss 0.5325 | acc 80.8% | 2s elapsed | eta 2s
  step 300/391 | loss 0.5283 | acc 81.1% | 3s elapsed | eta 1s
Ep 104 | loss 0.5346 | task 0.5346 | cons 0.0000 | train 80.7% | test 80.4% | 5s
  step 100/391 | loss 0.5092 | acc 81.9% | 1s elapsed | eta 3s
  step 200/391 | loss 0.5221 | acc 81.3% | 2s elapsed | eta 2s
  step 300/391 | loss 0.5335 | acc 81.0% | 3s elapsed | eta 1s
Ep 105 | loss 0.5226 | task 0.5226 | cons 0.0000 | train 81.3% | test 80.8% | 5s
  step 100/391 | loss 0.4486 | acc 83.8% | 1s elapsed | eta 3s
  step 200/391 | loss 0.4839 | acc 82.7% | 2s elapsed | eta 2s
  step 300/391 | loss 0.4777 | acc 82.9% | 3s elapsed | eta 1s
Ep 106 | loss 0.4781 | task 0.4781 | cons 0.0000 | train 82.8% | test 80.1% | 5s
  step 100/391 | loss 0.4858 | acc 82.7% | 1s elapsed | eta 3s
  step 200/391 | loss 0.4923 | acc 82.3% | 2s elapsed | eta 2s
  step 300/391 | loss 0.4938 | acc 82.2% | 3s elapsed | eta 1s
Ep 107 | loss 0.4922 | task 0.4922 | cons 0.0000 | train 82.2% | test 80.7% | 5s
  step 100/391 | loss 0.5175 | acc 81.5% | 1s elapsed | eta 3s
  step 200/391 | loss 0.5298 | acc 81.1% | 2s elapsed | eta 2s
  step 300/391 | loss 0.5276 | acc 81.1% | 3s elapsed | eta 1s
Ep 108 | loss 0.5257 | task 0.5257 | cons 0.0000 | train 81.2% | test 80.3% | 4s
  step 100/391 | loss 0.4608 | acc 83.2% | 1s elapsed | eta 3s
  step 200/391 | loss 0.4735 | acc 82.8% | 2s elapsed | eta 2s
  step 300/391 | loss 0.4953 | acc 82.1% | 3s elapsed | eta 1s
Ep 109 | loss 0.4924 | task 0.4924 | cons 0.0000 | train 82.2% | test 80.8% | 4s
  step 100/391 | loss 0.4997 | acc 81.9% | 1s elapsed | eta 3s
  step 200/391 | loss 0.4970 | acc 82.1% | 2s elapsed | eta 2s
  step 300/391 | loss 0.4915 | acc 82.2% | 3s elapsed | eta 1s
Ep 110 | loss 0.4824 | task 0.4824 | cons 0.0000 | train 82.6% | test 80.8% | 5s
    K=1: 55.1%
    K=2: 74.6%
    K=4: 81.1%
  step 100/391 | loss 0.5266 | acc 81.0% | 1s elapsed | eta 3s
  step 200/391 | loss 0.5289 | acc 81.0% | 2s elapsed | eta 2s
  step 300/391 | loss 0.5345 | acc 80.8% | 3s elapsed | eta 1s
Ep 111 | loss 0.5380 | task 0.5380 | cons 0.0000 | train 80.7% | test 80.1% | 5s
  step 100/391 | loss 0.4618 | acc 83.3% | 1s elapsed | eta 4s
  step 200/391 | loss 0.4560 | acc 83.4% | 2s elapsed | eta 2s
  step 300/391 | loss 0.4749 | acc 82.6% | 3s elapsed | eta 1s
Ep 112 | loss 0.4682 | task 0.4682 | cons 0.0000 | train 82.9% | test 81.0% | 5s
  step 100/391 | loss 0.5034 | acc 81.6% | 1s elapsed | eta 3s
  step 200/391 | loss 0.5266 | acc 80.9% | 2s elapsed | eta 2s
  step 300/391 | loss 0.5116 | acc 81.5% | 3s elapsed | eta 1s
Ep 113 | loss 0.5006 | task 0.5006 | cons 0.0000 | train 81.9% | test 80.8% | 5s
  step 100/391 | loss 0.4681 | acc 83.2% | 1s elapsed | eta 3s
  step 200/391 | loss 0.4708 | acc 83.1% | 2s elapsed | eta 2s
  step 300/391 | loss 0.4944 | acc 82.2% | 3s elapsed | eta 1s
Ep 114 | loss 0.4916 | task 0.4916 | cons 0.0000 | train 82.3% | test 80.5% | 5s
  step 100/391 | loss 0.4599 | acc 83.5% | 1s elapsed | eta 3s
  step 200/391 | loss 0.4570 | acc 83.5% | 2s elapsed | eta 2s
  step 300/391 | loss 0.4886 | acc 82.5% | 3s elapsed | eta 1s
Ep 115 | loss 0.4964 | task 0.4964 | cons 0.0000 | train 82.2% | test 80.5% | 5s
  step 100/391 | loss 0.4799 | acc 82.8% | 1s elapsed | eta 3s
  step 200/391 | loss 0.4932 | acc 82.2% | 2s elapsed | eta 2s
  step 300/391 | loss 0.4901 | acc 82.1% | 3s elapsed | eta 1s
Ep 116 | loss 0.4815 | task 0.4815 | cons 0.0000 | train 82.5% | test 80.3% | 5s
  step 100/391 | loss 0.4768 | acc 83.0% | 1s elapsed | eta 3s
  step 200/391 | loss 0.5004 | acc 82.0% | 2s elapsed | eta 2s
  step 300/391 | loss 0.4792 | acc 82.8% | 3s elapsed | eta 1s
Ep 117 | loss 0.4825 | task 0.4825 | cons 0.0000 | train 82.7% | test 80.9% | 5s
  step 100/391 | loss 0.4624 | acc 83.4% | 1s elapsed | eta 3s
  step 200/391 | loss 0.4773 | acc 82.7% | 2s elapsed | eta 2s
  step 300/391 | loss 0.4686 | acc 83.0% | 3s elapsed | eta 1s
Ep 118 | loss 0.4671 | task 0.4671 | cons 0.0000 | train 83.0% | test 80.7% | 5s
  step 100/391 | loss 0.5023 | acc 81.8% | 1s elapsed | eta 3s
  step 200/391 | loss 0.4633 | acc 83.2% | 2s elapsed | eta 2s
  step 300/391 | loss 0.4710 | acc 82.9% | 3s elapsed | eta 1s
Ep 119 | loss 0.4635 | task 0.4635 | cons 0.0000 | train 83.2% | test 80.7% | 5s
  step 100/391 | loss 0.4263 | acc 85.0% | 1s elapsed | eta 3s
  step 200/391 | loss 0.4431 | acc 84.3% | 2s elapsed | eta 2s
  step 300/391 | loss 0.4515 | acc 83.9% | 3s elapsed | eta 1s
Ep 120 | loss 0.4507 | task 0.4507 | cons 0.0000 | train 83.9% | test 80.9% | 5s
    K=1: 55.4%
    K=2: 74.4%
    K=4: 81.1%
  step 100/391 | loss 0.5825 | acc 79.0% | 1s elapsed | eta 3s
  step 200/391 | loss 0.5072 | acc 81.8% | 2s elapsed | eta 2s
  step 300/391 | loss 0.4833 | acc 82.6% | 3s elapsed | eta 1s
Ep 121 | loss 0.4835 | task 0.4835 | cons 0.0000 | train 82.5% | test 80.4% | 5s
  step 100/391 | loss 0.4494 | acc 83.9% | 1s elapsed | eta 3s
  step 200/391 | loss 0.4216 | acc 85.0% | 2s elapsed | eta 2s
  step 300/391 | loss 0.4446 | acc 84.1% | 3s elapsed | eta 1s
Ep 122 | loss 0.4501 | task 0.4501 | cons 0.0000 | train 83.9% | test 80.2% | 5s
  step 100/391 | loss 0.4236 | acc 85.0% | 1s elapsed | eta 3s
  step 200/391 | loss 0.4327 | acc 84.7% | 2s elapsed | eta 2s
  step 300/391 | loss 0.4268 | acc 84.8% | 3s elapsed | eta 1s
Ep 123 | loss 0.4414 | task 0.4414 | cons 0.0000 | train 84.2% | test 81.0% | 4s
  step 100/391 | loss 0.4080 | acc 85.2% | 1s elapsed | eta 3s
  step 200/391 | loss 0.4484 | acc 83.8% | 2s elapsed | eta 2s
  step 300/391 | loss 0.4675 | acc 83.0% | 3s elapsed | eta 1s
Ep 124 | loss 0.4509 | task 0.4509 | cons 0.0000 | train 83.7% | test 81.1% | 5s
  step 100/391 | loss 0.4923 | acc 82.2% | 1s elapsed | eta 3s
  step 200/391 | loss 0.4964 | acc 82.0% | 2s elapsed | eta 2s
  step 300/391 | loss 0.4887 | acc 82.3% | 3s elapsed | eta 1s
Ep 125 | loss 0.4821 | task 0.4821 | cons 0.0000 | train 82.5% | test 80.4% | 5s
  step 100/391 | loss 0.4223 | acc 85.0% | 1s elapsed | eta 3s
  step 200/391 | loss 0.4559 | acc 83.7% | 2s elapsed | eta 2s
  step 300/391 | loss 0.4766 | acc 82.8% | 3s elapsed | eta 1s
Ep 126 | loss 0.4838 | task 0.4838 | cons 0.0000 | train 82.6% | test 80.4% | 5s
  step 100/391 | loss 0.4304 | acc 84.6% | 1s elapsed | eta 3s
  step 200/391 | loss 0.4552 | acc 83.7% | 2s elapsed | eta 2s
  step 300/391 | loss 0.4331 | acc 84.4% | 3s elapsed | eta 1s
Ep 127 | loss 0.4307 | task 0.4307 | cons 0.0000 | train 84.4% | test 80.7% | 5s
  step 100/391 | loss 0.4660 | acc 83.3% | 1s elapsed | eta 3s
  step 200/391 | loss 0.4626 | acc 83.5% | 2s elapsed | eta 2s
  step 300/391 | loss 0.4674 | acc 83.4% | 3s elapsed | eta 1s
Ep 128 | loss 0.4577 | task 0.4577 | cons 0.0000 | train 83.7% | test 80.5% | 5s
  step 100/391 | loss 0.4499 | acc 83.9% | 1s elapsed | eta 3s
  step 200/391 | loss 0.4416 | acc 84.2% | 2s elapsed | eta 2s
  step 300/391 | loss 0.4568 | acc 83.5% | 3s elapsed | eta 1s
Ep 129 | loss 0.4683 | task 0.4683 | cons 0.0000 | train 83.2% | test 80.9% | 5s
  step 100/391 | loss 0.4197 | acc 85.2% | 1s elapsed | eta 3s
  step 200/391 | loss 0.4444 | acc 84.1% | 2s elapsed | eta 2s
  step 300/391 | loss 0.4489 | acc 83.9% | 3s elapsed | eta 1s
Ep 130 | loss 0.4558 | task 0.4558 | cons 0.0000 | train 83.6% | test 80.5% | 5s
    K=1: 53.8%
    K=2: 75.1%
    K=4: 80.6%
  step 100/391 | loss 0.4083 | acc 85.3% | 1s elapsed | eta 3s
  step 200/391 | loss 0.4467 | acc 83.9% | 2s elapsed | eta 2s
  step 300/391 | loss 0.4338 | acc 84.4% | 3s elapsed | eta 1s
Ep 131 | loss 0.4372 | task 0.4372 | cons 0.0000 | train 84.3% | test 80.9% | 5s
  step 100/391 | loss 0.3785 | acc 86.2% | 1s elapsed | eta 4s
  step 200/391 | loss 0.4134 | acc 84.9% | 2s elapsed | eta 2s
  step 300/391 | loss 0.4154 | acc 84.9% | 3s elapsed | eta 1s
Ep 132 | loss 0.4313 | task 0.4313 | cons 0.0000 | train 84.3% | test 80.6% | 5s
  step 100/391 | loss 0.3901 | acc 86.0% | 1s elapsed | eta 4s
  step 200/391 | loss 0.4250 | acc 84.9% | 2s elapsed | eta 2s
  step 300/391 | loss 0.4492 | acc 84.1% | 3s elapsed | eta 1s
Ep 133 | loss 0.4392 | task 0.4392 | cons 0.0000 | train 84.4% | test 81.7% | 5s
  step 100/391 | loss 0.4094 | acc 85.1% | 1s elapsed | eta 4s
  step 200/391 | loss 0.4333 | acc 84.3% | 2s elapsed | eta 2s
  step 300/391 | loss 0.4413 | acc 84.1% | 3s elapsed | eta 1s
Ep 134 | loss 0.4596 | task 0.4596 | cons 0.0000 | train 83.5% | test 81.3% | 5s
  step 100/391 | loss 0.4513 | acc 83.7% | 1s elapsed | eta 4s
  step 200/391 | loss 0.4273 | acc 84.7% | 2s elapsed | eta 2s
  step 300/391 | loss 0.4138 | acc 85.2% | 3s elapsed | eta 1s
Ep 135 | loss 0.4194 | task 0.4194 | cons 0.0000 | train 84.9% | test 80.4% | 5s
  step 100/391 | loss 0.4396 | acc 84.3% | 1s elapsed | eta 4s
  step 200/391 | loss 0.4603 | acc 83.5% | 2s elapsed | eta 2s
  step 300/391 | loss 0.4507 | acc 83.9% | 3s elapsed | eta 1s
Ep 136 | loss 0.4468 | task 0.4468 | cons 0.0000 | train 83.9% | test 80.6% | 5s
  step 100/391 | loss 0.3864 | acc 86.1% | 1s elapsed | eta 4s
  step 200/391 | loss 0.4308 | acc 84.7% | 2s elapsed | eta 2s
  step 300/391 | loss 0.4541 | acc 83.8% | 3s elapsed | eta 1s
Ep 137 | loss 0.4508 | task 0.4508 | cons 0.0000 | train 83.9% | test 80.7% | 5s
  step 100/391 | loss 0.4791 | acc 82.8% | 1s elapsed | eta 3s
  step 200/391 | loss 0.4628 | acc 83.4% | 2s elapsed | eta 2s
  step 300/391 | loss 0.4482 | acc 83.8% | 3s elapsed | eta 1s
Ep 138 | loss 0.4420 | task 0.4420 | cons 0.0000 | train 84.0% | test 80.8% | 5s
  step 100/391 | loss 0.3748 | acc 86.6% | 1s elapsed | eta 4s
  step 200/391 | loss 0.4001 | acc 85.6% | 2s elapsed | eta 2s
  step 300/391 | loss 0.4115 | acc 85.2% | 3s elapsed | eta 1s
Ep 139 | loss 0.4115 | task 0.4115 | cons 0.0000 | train 85.2% | test 80.9% | 5s
  step 100/391 | loss 0.4389 | acc 83.8% | 1s elapsed | eta 3s
  step 200/391 | loss 0.4260 | acc 84.5% | 2s elapsed | eta 2s
  step 300/391 | loss 0.4309 | acc 84.4% | 3s elapsed | eta 1s
Ep 140 | loss 0.4359 | task 0.4359 | cons 0.0000 | train 84.3% | test 80.5% | 5s
    K=1: 55.1%
    K=2: 74.7%
    K=4: 81.0%
  step 100/391 | loss 0.4050 | acc 85.8% | 1s elapsed | eta 4s
  step 200/391 | loss 0.4068 | acc 85.6% | 2s elapsed | eta 2s
  step 300/391 | loss 0.4105 | acc 85.2% | 3s elapsed | eta 1s
Ep 141 | loss 0.4068 | task 0.4068 | cons 0.0000 | train 85.4% | test 80.6% | 5s
  step 100/391 | loss 0.4358 | acc 84.4% | 1s elapsed | eta 3s
  step 200/391 | loss 0.4108 | acc 85.2% | 2s elapsed | eta 2s
  step 300/391 | loss 0.4323 | acc 84.3% | 3s elapsed | eta 1s
Ep 142 | loss 0.4221 | task 0.4221 | cons 0.0000 | train 84.7% | test 80.9% | 5s
  step 100/391 | loss 0.4675 | acc 83.2% | 1s elapsed | eta 3s
  step 200/391 | loss 0.4549 | acc 83.6% | 2s elapsed | eta 2s
  step 300/391 | loss 0.4627 | acc 83.4% | 3s elapsed | eta 1s
Ep 143 | loss 0.4573 | task 0.4573 | cons 0.0000 | train 83.6% | test 81.0% | 5s
  step 100/391 | loss 0.4167 | acc 85.1% | 1s elapsed | eta 4s
  step 200/391 | loss 0.4288 | acc 84.6% | 2s elapsed | eta 2s
  step 300/391 | loss 0.4338 | acc 84.4% | 3s elapsed | eta 1s
Ep 144 | loss 0.4382 | task 0.4382 | cons 0.0000 | train 84.1% | test 80.9% | 5s
  step 100/391 | loss 0.4787 | acc 82.8% | 1s elapsed | eta 3s
  step 200/391 | loss 0.4679 | acc 83.3% | 2s elapsed | eta 2s
  step 300/391 | loss 0.4416 | acc 84.4% | 3s elapsed | eta 1s
Ep 145 | loss 0.4415 | task 0.4415 | cons 0.0000 | train 84.3% | test 80.6% | 4s
  step 100/391 | loss 0.4532 | acc 83.6% | 1s elapsed | eta 3s
  step 200/391 | loss 0.4652 | acc 83.1% | 2s elapsed | eta 2s
  step 300/391 | loss 0.4616 | acc 83.2% | 3s elapsed | eta 1s
Ep 146 | loss 0.4606 | task 0.4606 | cons 0.0000 | train 83.3% | test 81.2% | 5s
  step 100/391 | loss 0.3878 | acc 86.1% | 1s elapsed | eta 4s
  step 200/391 | loss 0.4323 | acc 84.2% | 2s elapsed | eta 2s
  step 300/391 | loss 0.4423 | acc 83.9% | 3s elapsed | eta 1s
Ep 147 | loss 0.4362 | task 0.4362 | cons 0.0000 | train 84.1% | test 81.0% | 5s
  step 100/391 | loss 0.3511 | acc 87.2% | 1s elapsed | eta 3s
  step 200/391 | loss 0.3833 | acc 86.2% | 2s elapsed | eta 2s
  step 300/391 | loss 0.4091 | acc 85.2% | 3s elapsed | eta 1s
Ep 148 | loss 0.4143 | task 0.4143 | cons 0.0000 | train 85.1% | test 81.0% | 5s
  step 100/391 | loss 0.3799 | acc 86.3% | 1s elapsed | eta 3s
  step 200/391 | loss 0.4015 | acc 85.6% | 2s elapsed | eta 2s
  step 300/391 | loss 0.4081 | acc 85.3% | 3s elapsed | eta 1s
Ep 149 | loss 0.4156 | task 0.4156 | cons 0.0000 | train 85.0% | test 81.1% | 5s
  step 100/391 | loss 0.4042 | acc 85.0% | 1s elapsed | eta 3s
  step 200/391 | loss 0.3955 | acc 85.5% | 2s elapsed | eta 2s
  step 300/391 | loss 0.3863 | acc 85.9% | 3s elapsed | eta 1s
Ep 150 | loss 0.3899 | task 0.3899 | cons 0.0000 | train 85.9% | test 81.2% | 5s
    K=1: 54.4%
    K=2: 75.5%
    K=4: 81.7%
  step 100/391 | loss 0.3983 | acc 85.7% | 1s elapsed | eta 3s
  step 200/391 | loss 0.4162 | acc 85.1% | 2s elapsed | eta 2s
  step 300/391 | loss 0.4277 | acc 84.7% | 3s elapsed | eta 1s
Ep 151 | loss 0.4182 | task 0.4182 | cons 0.0000 | train 84.9% | test 81.4% | 5s
  step 100/391 | loss 0.3612 | acc 86.8% | 1s elapsed | eta 4s
  step 200/391 | loss 0.3758 | acc 86.4% | 2s elapsed | eta 2s
  step 300/391 | loss 0.3705 | acc 86.6% | 3s elapsed | eta 1s
Ep 152 | loss 0.3696 | task 0.3696 | cons 0.0000 | train 86.6% | test 80.3% | 5s
  step 100/391 | loss 0.4275 | acc 84.8% | 1s elapsed | eta 3s
  step 200/391 | loss 0.4433 | acc 84.1% | 2s elapsed | eta 2s
  step 300/391 | loss 0.4178 | acc 85.0% | 3s elapsed | eta 1s
Ep 153 | loss 0.4075 | task 0.4075 | cons 0.0000 | train 85.4% | test 81.1% | 5s
  step 100/391 | loss 0.3792 | acc 86.3% | 1s elapsed | eta 3s
  step 200/391 | loss 0.4088 | acc 85.3% | 2s elapsed | eta 2s
  step 300/391 | loss 0.4183 | acc 85.0% | 3s elapsed | eta 1s
Ep 154 | loss 0.4187 | task 0.4187 | cons 0.0000 | train 84.9% | test 81.0% | 5s
  step 100/391 | loss 0.4108 | acc 85.2% | 1s elapsed | eta 4s
  step 200/391 | loss 0.4308 | acc 84.6% | 2s elapsed | eta 2s
  step 300/391 | loss 0.4178 | acc 85.0% | 3s elapsed | eta 1s
Ep 155 | loss 0.4141 | task 0.4141 | cons 0.0000 | train 85.1% | test 81.0% | 5s
  step 100/391 | loss 0.4012 | acc 85.8% | 1s elapsed | eta 3s
  step 200/391 | loss 0.4292 | acc 84.5% | 2s elapsed | eta 2s
  step 300/391 | loss 0.4430 | acc 84.0% | 3s elapsed | eta 1s
Ep 156 | loss 0.4512 | task 0.4512 | cons 0.0000 | train 83.7% | test 81.4% | 5s
  step 100/391 | loss 0.4388 | acc 84.2% | 1s elapsed | eta 3s
  step 200/391 | loss 0.4226 | acc 84.9% | 2s elapsed | eta 2s
  step 300/391 | loss 0.4219 | acc 84.8% | 3s elapsed | eta 1s
Ep 157 | loss 0.4079 | task 0.4079 | cons 0.0000 | train 85.3% | test 80.8% | 4s
  step 100/391 | loss 0.3755 | acc 86.8% | 1s elapsed | eta 4s
  step 200/391 | loss 0.4188 | acc 85.1% | 2s elapsed | eta 2s
  step 300/391 | loss 0.4215 | acc 84.9% | 3s elapsed | eta 1s
Ep 158 | loss 0.4223 | task 0.4223 | cons 0.0000 | train 84.9% | test 81.1% | 5s
  step 100/391 | loss 0.4177 | acc 85.2% | 1s elapsed | eta 3s
  step 200/391 | loss 0.4087 | acc 85.4% | 2s elapsed | eta 2s
  step 300/391 | loss 0.4080 | acc 85.4% | 3s elapsed | eta 1s
Ep 159 | loss 0.3878 | task 0.3878 | cons 0.0000 | train 86.1% | test 80.7% | 5s
  step 100/391 | loss 0.3885 | acc 86.0% | 1s elapsed | eta 4s
  step 200/391 | loss 0.3735 | acc 86.6% | 2s elapsed | eta 2s
  step 300/391 | loss 0.3708 | acc 86.7% | 3s elapsed | eta 1s
Ep 160 | loss 0.3990 | task 0.3990 | cons 0.0000 | train 85.7% | test 81.1% | 5s
    K=1: 55.5%
    K=2: 75.5%
    K=4: 81.5%
  step 100/391 | loss 0.3920 | acc 85.9% | 1s elapsed | eta 4s
  step 200/391 | loss 0.3858 | acc 86.2% | 2s elapsed | eta 2s
  step 300/391 | loss 0.3967 | acc 85.7% | 3s elapsed | eta 1s
Ep 161 | loss 0.3970 | task 0.3970 | cons 0.0000 | train 85.8% | test 81.7% | 5s
  step 100/391 | loss 0.4482 | acc 83.8% | 1s elapsed | eta 3s
  step 200/391 | loss 0.4320 | acc 84.4% | 2s elapsed | eta 2s
  step 300/391 | loss 0.4236 | acc 84.8% | 3s elapsed | eta 1s
Ep 162 | loss 0.4000 | task 0.4000 | cons 0.0000 | train 85.7% | test 81.2% | 5s
  step 100/391 | loss 0.3784 | acc 86.2% | 1s elapsed | eta 3s
  step 200/391 | loss 0.3731 | acc 86.5% | 2s elapsed | eta 2s
  step 300/391 | loss 0.3717 | acc 86.6% | 3s elapsed | eta 1s
Ep 163 | loss 0.3787 | task 0.3787 | cons 0.0000 | train 86.3% | test 81.1% | 5s
  step 100/391 | loss 0.4155 | acc 85.4% | 1s elapsed | eta 3s
  step 200/391 | loss 0.4200 | acc 85.0% | 2s elapsed | eta 2s
  step 300/391 | loss 0.3950 | acc 85.9% | 3s elapsed | eta 1s
Ep 164 | loss 0.3964 | task 0.3964 | cons 0.0000 | train 85.8% | test 81.9% | 5s
  step 100/391 | loss 0.3856 | acc 86.0% | 1s elapsed | eta 4s
  step 200/391 | loss 0.3770 | acc 86.3% | 2s elapsed | eta 2s
  step 300/391 | loss 0.4083 | acc 85.2% | 3s elapsed | eta 1s
Ep 165 | loss 0.4032 | task 0.4032 | cons 0.0000 | train 85.4% | test 81.5% | 5s
  step 100/391 | loss 0.3864 | acc 86.0% | 1s elapsed | eta 4s
  step 200/391 | loss 0.4000 | acc 85.6% | 2s elapsed | eta 2s
  step 300/391 | loss 0.3892 | acc 86.0% | 3s elapsed | eta 1s
Ep 166 | loss 0.3964 | task 0.3964 | cons 0.0000 | train 85.8% | test 81.3% | 5s
  step 100/391 | loss 0.3522 | acc 87.3% | 1s elapsed | eta 3s
  step 200/391 | loss 0.4126 | acc 85.2% | 2s elapsed | eta 2s
  step 300/391 | loss 0.4007 | acc 85.6% | 3s elapsed | eta 1s
Ep 167 | loss 0.3958 | task 0.3958 | cons 0.0000 | train 85.7% | test 81.2% | 5s
  step 100/391 | loss 0.3957 | acc 86.1% | 1s elapsed | eta 3s
  step 200/391 | loss 0.4165 | acc 85.4% | 2s elapsed | eta 2s
  step 300/391 | loss 0.4001 | acc 85.8% | 3s elapsed | eta 1s
Ep 168 | loss 0.4028 | task 0.4028 | cons 0.0000 | train 85.6% | test 80.9% | 5s
  step 100/391 | loss 0.3815 | acc 85.9% | 1s elapsed | eta 3s
  step 200/391 | loss 0.3701 | acc 86.5% | 2s elapsed | eta 2s
  step 300/391 | loss 0.3911 | acc 85.8% | 3s elapsed | eta 1s
Ep 169 | loss 0.3809 | task 0.3809 | cons 0.0000 | train 86.2% | test 81.6% | 5s
  step 100/391 | loss 0.3179 | acc 88.5% | 1s elapsed | eta 3s
  step 200/391 | loss 0.3540 | acc 87.4% | 2s elapsed | eta 2s
  step 300/391 | loss 0.3842 | acc 86.3% | 3s elapsed | eta 1s
Ep 170 | loss 0.3807 | task 0.3807 | cons 0.0000 | train 86.4% | test 81.2% | 4s
    K=1: 55.7%
    K=2: 75.6%
    K=4: 81.3%
  step 100/391 | loss 0.3711 | acc 86.6% | 1s elapsed | eta 3s
  step 200/391 | loss 0.3846 | acc 86.1% | 2s elapsed | eta 2s
  step 300/391 | loss 0.3870 | acc 86.0% | 3s elapsed | eta 1s
Ep 171 | loss 0.3792 | task 0.3792 | cons 0.0000 | train 86.2% | test 81.2% | 5s
  step 100/391 | loss 0.4060 | acc 85.3% | 1s elapsed | eta 3s
  step 200/391 | loss 0.4130 | acc 85.2% | 2s elapsed | eta 2s
  step 300/391 | loss 0.3981 | acc 85.7% | 3s elapsed | eta 1s
Ep 172 | loss 0.3836 | task 0.3836 | cons 0.0000 | train 86.2% | test 81.7% | 5s
  step 100/391 | loss 0.3507 | acc 87.1% | 1s elapsed | eta 3s
  step 200/391 | loss 0.3600 | acc 86.9% | 2s elapsed | eta 2s
  step 300/391 | loss 0.3658 | acc 86.8% | 3s elapsed | eta 1s
Ep 173 | loss 0.3635 | task 0.3635 | cons 0.0000 | train 86.9% | test 81.1% | 5s
  step 100/391 | loss 0.3550 | acc 87.3% | 1s elapsed | eta 4s
  step 200/391 | loss 0.3237 | acc 88.5% | 2s elapsed | eta 2s
  step 300/391 | loss 0.3539 | acc 87.3% | 3s elapsed | eta 1s
Ep 174 | loss 0.3580 | task 0.3580 | cons 0.0000 | train 87.1% | test 81.5% | 5s
  step 100/391 | loss 0.4015 | acc 86.0% | 1s elapsed | eta 3s
  step 200/391 | loss 0.3880 | acc 86.2% | 2s elapsed | eta 2s
  step 300/391 | loss 0.3910 | acc 86.1% | 3s elapsed | eta 1s
Ep 175 | loss 0.3891 | task 0.3891 | cons 0.0000 | train 86.1% | test 81.6% | 5s
  step 100/391 | loss 0.4175 | acc 84.8% | 1s elapsed | eta 3s
  step 200/391 | loss 0.3793 | acc 86.3% | 2s elapsed | eta 2s
  step 300/391 | loss 0.3805 | acc 86.3% | 3s elapsed | eta 1s
Ep 176 | loss 0.3867 | task 0.3867 | cons 0.0000 | train 86.2% | test 81.9% | 5s
  step 100/391 | loss 0.3719 | acc 86.7% | 1s elapsed | eta 3s
  step 200/391 | loss 0.3681 | acc 86.8% | 2s elapsed | eta 2s
  step 300/391 | loss 0.3814 | acc 86.3% | 3s elapsed | eta 1s
Ep 177 | loss 0.3778 | task 0.3778 | cons 0.0000 | train 86.3% | test 81.9% | 5s
  step 100/391 | loss 0.3199 | acc 88.5% | 1s elapsed | eta 3s
  step 200/391 | loss 0.3211 | acc 88.6% | 2s elapsed | eta 2s
  step 300/391 | loss 0.3337 | acc 88.0% | 3s elapsed | eta 1s
Ep 178 | loss 0.3536 | task 0.3536 | cons 0.0000 | train 87.4% | test 81.7% | 5s
  step 100/391 | loss 0.3361 | acc 88.0% | 1s elapsed | eta 3s
  step 200/391 | loss 0.3483 | acc 87.5% | 2s elapsed | eta 2s
  step 300/391 | loss 0.3590 | acc 87.1% | 3s elapsed | eta 1s
Ep 179 | loss 0.3556 | task 0.3556 | cons 0.0000 | train 87.2% | test 81.9% | 5s
  step 100/391 | loss 0.3466 | acc 87.6% | 1s elapsed | eta 4s
  step 200/391 | loss 0.3395 | acc 87.9% | 2s elapsed | eta 2s
  step 300/391 | loss 0.3624 | acc 87.0% | 3s elapsed | eta 1s
Ep 180 | loss 0.3721 | task 0.3721 | cons 0.0000 | train 86.7% | test 82.0% | 5s
    K=1: 56.1%
    K=2: 76.3%
    K=4: 82.3%
  step 100/391 | loss 0.3872 | acc 86.2% | 1s elapsed | eta 3s
  step 200/391 | loss 0.3895 | acc 85.9% | 2s elapsed | eta 2s
  step 300/391 | loss 0.3926 | acc 85.8% | 3s elapsed | eta 1s
Ep 181 | loss 0.3657 | task 0.3657 | cons 0.0000 | train 86.8% | test 81.9% | 5s
  step 100/391 | loss 0.4016 | acc 85.5% | 1s elapsed | eta 3s
  step 200/391 | loss 0.3820 | acc 86.3% | 2s elapsed | eta 2s
  step 300/391 | loss 0.3597 | acc 87.1% | 3s elapsed | eta 1s
Ep 182 | loss 0.3577 | task 0.3577 | cons 0.0000 | train 87.2% | test 81.9% | 4s
  step 100/391 | loss 0.3485 | acc 87.7% | 1s elapsed | eta 4s
  step 200/391 | loss 0.3565 | acc 87.2% | 2s elapsed | eta 2s
  step 300/391 | loss 0.3422 | acc 87.8% | 3s elapsed | eta 1s
Ep 183 | loss 0.3455 | task 0.3455 | cons 0.0000 | train 87.6% | test 81.5% | 5s
  step 100/391 | loss 0.3044 | acc 89.1% | 1s elapsed | eta 4s
  step 200/391 | loss 0.3150 | acc 88.7% | 2s elapsed | eta 2s
  step 300/391 | loss 0.3074 | acc 89.0% | 3s elapsed | eta 1s
Ep 184 | loss 0.3279 | task 0.3279 | cons 0.0000 | train 88.2% | test 81.9% | 5s
  step 100/391 | loss 0.3695 | acc 86.7% | 1s elapsed | eta 3s
  step 200/391 | loss 0.3928 | acc 85.9% | 2s elapsed | eta 2s
  step 300/391 | loss 0.3838 | acc 86.2% | 3s elapsed | eta 1s
Ep 185 | loss 0.3763 | task 0.3763 | cons 0.0000 | train 86.6% | test 81.5% | 4s
  step 100/391 | loss 0.3394 | acc 87.7% | 1s elapsed | eta 3s
  step 200/391 | loss 0.3586 | acc 87.0% | 2s elapsed | eta 2s
  step 300/391 | loss 0.3790 | acc 86.3% | 3s elapsed | eta 1s
Ep 186 | loss 0.3795 | task 0.3795 | cons 0.0000 | train 86.3% | test 81.6% | 4s
  step 100/391 | loss 0.3761 | acc 86.5% | 1s elapsed | eta 4s
  step 200/391 | loss 0.3643 | acc 86.9% | 2s elapsed | eta 2s
  step 300/391 | loss 0.3695 | acc 86.8% | 3s elapsed | eta 1s
Ep 187 | loss 0.3766 | task 0.3766 | cons 0.0000 | train 86.6% | test 81.9% | 5s
  step 100/391 | loss 0.3502 | acc 87.3% | 1s elapsed | eta 3s
  step 200/391 | loss 0.3681 | acc 86.7% | 2s elapsed | eta 2s
  step 300/391 | loss 0.3931 | acc 85.8% | 3s elapsed | eta 1s
Ep 188 | loss 0.3846 | task 0.3846 | cons 0.0000 | train 86.1% | test 82.0% | 5s
  step 100/391 | loss 0.3293 | acc 88.3% | 1s elapsed | eta 3s
  step 200/391 | loss 0.3283 | acc 88.3% | 2s elapsed | eta 2s
  step 300/391 | loss 0.3399 | acc 87.8% | 3s elapsed | eta 1s
Ep 189 | loss 0.3293 | task 0.3293 | cons 0.0000 | train 88.2% | test 81.7% | 5s
  step 100/391 | loss 0.3327 | acc 87.9% | 1s elapsed | eta 4s
  step 200/391 | loss 0.3484 | acc 87.4% | 2s elapsed | eta 2s
  step 300/391 | loss 0.3459 | acc 87.5% | 3s elapsed | eta 1s
Ep 190 | loss 0.3482 | task 0.3482 | cons 0.0000 | train 87.5% | test 81.3% | 5s
    K=1: 56.8%
    K=2: 75.8%
    K=4: 81.4%
  step 100/391 | loss 0.3385 | acc 87.5% | 1s elapsed | eta 3s
  step 200/391 | loss 0.3458 | acc 87.5% | 2s elapsed | eta 2s
  step 300/391 | loss 0.3415 | acc 87.7% | 3s elapsed | eta 1s
Ep 191 | loss 0.3472 | task 0.3472 | cons 0.0000 | train 87.5% | test 81.8% | 4s
  step 100/391 | loss 0.3224 | acc 88.5% | 1s elapsed | eta 4s
  step 200/391 | loss 0.3329 | acc 88.1% | 2s elapsed | eta 2s
  step 300/391 | loss 0.3635 | acc 87.0% | 3s elapsed | eta 1s
Ep 192 | loss 0.3579 | task 0.3579 | cons 0.0000 | train 87.2% | test 81.5% | 5s
  step 100/391 | loss 0.3817 | acc 86.1% | 1s elapsed | eta 3s
  step 200/391 | loss 0.3577 | acc 87.0% | 2s elapsed | eta 2s
  step 300/391 | loss 0.3783 | acc 86.2% | 3s elapsed | eta 1s
Ep 193 | loss 0.3902 | task 0.3902 | cons 0.0000 | train 85.9% | test 81.7% | 4s
  step 100/391 | loss 0.2664 | acc 90.5% | 1s elapsed | eta 3s
  step 200/391 | loss 0.3184 | acc 88.5% | 2s elapsed | eta 2s
  step 300/391 | loss 0.3483 | acc 87.5% | 3s elapsed | eta 1s
Ep 194 | loss 0.3572 | task 0.3572 | cons 0.0000 | train 87.1% | test 81.8% | 5s
  step 100/391 | loss 0.3925 | acc 85.8% | 1s elapsed | eta 3s
  step 200/391 | loss 0.4029 | acc 85.6% | 2s elapsed | eta 2s
  step 300/391 | loss 0.4029 | acc 85.6% | 3s elapsed | eta 1s
Ep 195 | loss 0.3754 | task 0.3754 | cons 0.0000 | train 86.6% | test 81.8% | 5s
  step 100/391 | loss 0.3428 | acc 87.5% | 1s elapsed | eta 3s
  step 200/391 | loss 0.3238 | acc 88.1% | 2s elapsed | eta 2s
  step 300/391 | loss 0.3404 | acc 87.6% | 3s elapsed | eta 1s
Ep 196 | loss 0.3413 | task 0.3413 | cons 0.0000 | train 87.7% | test 81.8% | 5s
  step 100/391 | loss 0.3450 | acc 87.6% | 1s elapsed | eta 4s
  step 200/391 | loss 0.3253 | acc 88.4% | 2s elapsed | eta 2s
  step 300/391 | loss 0.3222 | acc 88.5% | 3s elapsed | eta 1s
Ep 197 | loss 0.3329 | task 0.3329 | cons 0.0000 | train 88.1% | test 81.8% | 5s
  step 100/391 | loss 0.3952 | acc 86.0% | 1s elapsed | eta 3s
  step 200/391 | loss 0.3902 | acc 86.1% | 2s elapsed | eta 2s
  step 300/391 | loss 0.3924 | acc 86.0% | 3s elapsed | eta 1s
Ep 198 | loss 0.3730 | task 0.3730 | cons 0.0000 | train 86.7% | test 82.0% | 5s
  step 100/391 | loss 0.3376 | acc 87.8% | 1s elapsed | eta 3s
  step 200/391 | loss 0.3638 | acc 86.8% | 2s elapsed | eta 2s
  step 300/391 | loss 0.3716 | acc 86.5% | 3s elapsed | eta 1s
Ep 199 | loss 0.3557 | task 0.3557 | cons 0.0000 | train 87.1% | test 81.9% | 5s
  step 100/391 | loss 0.3170 | acc 88.8% | 1s elapsed | eta 3s
  step 200/391 | loss 0.2980 | acc 89.4% | 2s elapsed | eta 2s
  step 300/391 | loss 0.3217 | acc 88.5% | 3s elapsed | eta 1s
Ep 200 | loss 0.3494 | task 0.3494 | cons 0.0000 | train 87.5% | test 81.9% | 5s
    K=1: 57.2%
    K=2: 77.0%
    K=4: 82.3%
  step 100/391 | loss 0.3244 | acc 88.5% | 1s elapsed | eta 3s
  step 200/391 | loss 0.3544 | acc 87.5% | 2s elapsed | eta 2s
  step 300/391 | loss 0.3564 | acc 87.2% | 3s elapsed | eta 1s
Ep 201 | loss 0.3510 | task 0.3510 | cons 0.0000 | train 87.4% | test 81.8% | 5s
  step 100/391 | loss 0.3069 | acc 89.2% | 1s elapsed | eta 3s
  step 200/391 | loss 0.3016 | acc 89.3% | 2s elapsed | eta 2s
  step 300/391 | loss 0.3152 | acc 88.8% | 3s elapsed | eta 1s
Ep 202 | loss 0.3244 | task 0.3244 | cons 0.0000 | train 88.4% | test 81.8% | 5s
  step 100/391 | loss 0.3925 | acc 85.9% | 1s elapsed | eta 3s
  step 200/391 | loss 0.3357 | acc 87.8% | 2s elapsed | eta 2s
  step 300/391 | loss 0.3592 | acc 87.0% | 3s elapsed | eta 1s
Ep 203 | loss 0.3584 | task 0.3584 | cons 0.0000 | train 87.1% | test 81.9% | 5s
  step 100/391 | loss 0.3165 | acc 88.7% | 1s elapsed | eta 4s
  step 200/391 | loss 0.3245 | acc 88.4% | 2s elapsed | eta 2s
  step 300/391 | loss 0.3040 | acc 89.2% | 3s elapsed | eta 1s
Ep 204 | loss 0.3077 | task 0.3077 | cons 0.0000 | train 89.0% | test 82.0% | 5s
  step 100/391 | loss 0.3625 | acc 87.0% | 1s elapsed | eta 3s
  step 200/391 | loss 0.3784 | acc 86.3% | 2s elapsed | eta 2s
  step 300/391 | loss 0.3696 | acc 86.6% | 3s elapsed | eta 1s
Ep 205 | loss 0.3580 | task 0.3580 | cons 0.0000 | train 87.0% | test 81.9% | 4s
  step 100/391 | loss 0.3237 | acc 88.6% | 1s elapsed | eta 3s
  step 200/391 | loss 0.3184 | acc 88.7% | 2s elapsed | eta 2s
  step 300/391 | loss 0.3346 | acc 88.1% | 3s elapsed | eta 1s
Ep 206 | loss 0.3285 | task 0.3285 | cons 0.0000 | train 88.3% | test 82.0% | 5s
  step 100/391 | loss 0.3947 | acc 85.7% | 1s elapsed | eta 3s
  step 200/391 | loss 0.3495 | acc 87.5% | 2s elapsed | eta 2s
  step 300/391 | loss 0.3313 | acc 88.1% | 3s elapsed | eta 1s
Ep 207 | loss 0.3394 | task 0.3394 | cons 0.0000 | train 87.8% | test 82.0% | 4s
  step 100/391 | loss 0.3563 | acc 87.3% | 1s elapsed | eta 3s
  step 200/391 | loss 0.3803 | acc 86.4% | 2s elapsed | eta 2s
  step 300/391 | loss 0.3620 | acc 87.0% | 3s elapsed | eta 1s
Ep 208 | loss 0.3704 | task 0.3704 | cons 0.0000 | train 86.7% | test 82.2% | 5s
  step 100/391 | loss 0.3996 | acc 85.6% | 1s elapsed | eta 3s
  step 200/391 | loss 0.3778 | acc 86.4% | 2s elapsed | eta 2s
  step 300/391 | loss 0.3329 | acc 88.1% | 3s elapsed | eta 1s
Ep 209 | loss 0.3320 | task 0.3320 | cons 0.0000 | train 88.2% | test 81.6% | 5s
  step 100/391 | loss 0.3810 | acc 86.2% | 1s elapsed | eta 3s
  step 200/391 | loss 0.3678 | acc 86.8% | 2s elapsed | eta 2s
  step 300/391 | loss 0.3362 | acc 87.9% | 3s elapsed | eta 1s
Ep 210 | loss 0.3381 | task 0.3381 | cons 0.0000 | train 87.9% | test 81.8% | 5s
    K=1: 57.0%
    K=2: 76.5%
    K=4: 81.9%
  step 100/391 | loss 0.3222 | acc 88.2% | 1s elapsed | eta 3s
  step 200/391 | loss 0.3273 | acc 88.1% | 2s elapsed | eta 2s
  step 300/391 | loss 0.3203 | acc 88.4% | 3s elapsed | eta 1s
Ep 211 | loss 0.3042 | task 0.3042 | cons 0.0000 | train 89.0% | test 81.8% | 5s
  step 100/391 | loss 0.3965 | acc 85.9% | 1s elapsed | eta 3s
  step 200/391 | loss 0.3496 | acc 87.6% | 2s elapsed | eta 2s
  step 300/391 | loss 0.3631 | acc 87.0% | 3s elapsed | eta 1s
Ep 212 | loss 0.3512 | task 0.3512 | cons 0.0000 | train 87.3% | test 81.9% | 5s
  step 100/391 | loss 0.2925 | acc 89.5% | 1s elapsed | eta 4s
  step 200/391 | loss 0.3290 | acc 88.2% | 2s elapsed | eta 2s
  step 300/391 | loss 0.3319 | acc 88.1% | 3s elapsed | eta 1s
Ep 213 | loss 0.3283 | task 0.3283 | cons 0.0000 | train 88.1% | test 82.1% | 5s
  step 100/391 | loss 0.2849 | acc 89.6% | 1s elapsed | eta 4s
  step 200/391 | loss 0.2705 | acc 90.2% | 2s elapsed | eta 2s
  step 300/391 | loss 0.2812 | acc 89.8% | 3s elapsed | eta 1s
Ep 214 | loss 0.2832 | task 0.2832 | cons 0.0000 | train 89.8% | test 82.0% | 5s
  step 100/391 | loss 0.2934 | acc 89.6% | 1s elapsed | eta 3s
  step 200/391 | loss 0.3080 | acc 89.0% | 2s elapsed | eta 2s
  step 300/391 | loss 0.3295 | acc 88.2% | 3s elapsed | eta 1s
Ep 215 | loss 0.3378 | task 0.3378 | cons 0.0000 | train 87.8% | test 81.8% | 4s
  step 100/391 | loss 0.2998 | acc 89.1% | 1s elapsed | eta 3s
  step 200/391 | loss 0.3565 | acc 87.1% | 2s elapsed | eta 2s
  step 300/391 | loss 0.3673 | acc 86.7% | 3s elapsed | eta 1s
Ep 216 | loss 0.3562 | task 0.3562 | cons 0.0000 | train 87.1% | test 82.1% | 4s
  step 100/391 | loss 0.2420 | acc 91.7% | 1s elapsed | eta 4s
  step 200/391 | loss 0.2542 | acc 91.1% | 2s elapsed | eta 2s
  step 300/391 | loss 0.2874 | acc 89.8% | 3s elapsed | eta 1s
Ep 217 | loss 0.2919 | task 0.2919 | cons 0.0000 | train 89.6% | test 82.2% | 5s
  step 100/391 | loss 0.3311 | acc 88.3% | 1s elapsed | eta 3s
  step 200/391 | loss 0.3528 | acc 87.4% | 2s elapsed | eta 2s
  step 300/391 | loss 0.3550 | acc 87.3% | 3s elapsed | eta 1s
Ep 218 | loss 0.3313 | task 0.3313 | cons 0.0000 | train 88.1% | test 82.3% | 4s
  step 100/391 | loss 0.2869 | acc 89.9% | 1s elapsed | eta 3s
  step 200/391 | loss 0.3139 | acc 88.9% | 2s elapsed | eta 2s
  step 300/391 | loss 0.3152 | acc 88.7% | 3s elapsed | eta 1s
Ep 219 | loss 0.3024 | task 0.3024 | cons 0.0000 | train 89.2% | test 82.0% | 5s
  step 100/391 | loss 0.3077 | acc 89.1% | 1s elapsed | eta 3s
  step 200/391 | loss 0.3316 | acc 88.2% | 2s elapsed | eta 2s
  step 300/391 | loss 0.3190 | acc 88.7% | 3s elapsed | eta 1s
Ep 220 | loss 0.3109 | task 0.3109 | cons 0.0000 | train 88.9% | test 82.0% | 5s
    K=1: 56.9%
    K=2: 77.0%
    K=4: 82.4%
  step 100/391 | loss 0.2867 | acc 89.8% | 1s elapsed | eta 4s
  step 200/391 | loss 0.2848 | acc 89.8% | 2s elapsed | eta 2s
  step 300/391 | loss 0.2690 | acc 90.5% | 3s elapsed | eta 1s
Ep 221 | loss 0.2846 | task 0.2846 | cons 0.0000 | train 89.9% | test 82.1% | 5s
  step 100/391 | loss 0.3697 | acc 86.5% | 1s elapsed | eta 3s
  step 200/391 | loss 0.3230 | acc 88.3% | 2s elapsed | eta 2s
  step 300/391 | loss 0.3089 | acc 88.8% | 3s elapsed | eta 1s
Ep 222 | loss 0.2916 | task 0.2916 | cons 0.0000 | train 89.5% | test 82.1% | 5s
  step 100/391 | loss 0.3460 | acc 87.4% | 1s elapsed | eta 3s
  step 200/391 | loss 0.3291 | acc 88.1% | 2s elapsed | eta 2s
  step 300/391 | loss 0.3532 | acc 87.3% | 3s elapsed | eta 1s
Ep 223 | loss 0.3342 | task 0.3342 | cons 0.0000 | train 88.1% | test 82.5% | 5s
  step 100/391 | loss 0.3322 | acc 88.4% | 1s elapsed | eta 3s
  step 200/391 | loss 0.3244 | acc 88.5% | 2s elapsed | eta 2s
  step 300/391 | loss 0.3384 | acc 88.0% | 3s elapsed | eta 1s
Ep 224 | loss 0.3284 | task 0.3284 | cons 0.0000 | train 88.3% | test 82.1% | 5s
  step 100/391 | loss 0.2749 | acc 90.2% | 1s elapsed | eta 3s
  step 200/391 | loss 0.2388 | acc 91.5% | 2s elapsed | eta 2s
  step 300/391 | loss 0.2490 | acc 91.2% | 3s elapsed | eta 1s
Ep 225 | loss 0.2604 | task 0.2604 | cons 0.0000 | train 90.8% | test 82.8% | 5s
  step 100/391 | loss 0.2548 | acc 90.9% | 1s elapsed | eta 3s
  step 200/391 | loss 0.3076 | acc 89.0% | 2s elapsed | eta 2s
  step 300/391 | loss 0.3163 | acc 88.7% | 3s elapsed | eta 1s
Ep 226 | loss 0.3259 | task 0.3259 | cons 0.0000 | train 88.3% | test 82.4% | 5s
  step 100/391 | loss 0.2797 | acc 89.8% | 1s elapsed | eta 3s
  step 200/391 | loss 0.3312 | acc 88.0% | 2s elapsed | eta 2s
  step 300/391 | loss 0.3244 | acc 88.3% | 3s elapsed | eta 1s
Ep 227 | loss 0.3081 | task 0.3081 | cons 0.0000 | train 88.9% | test 82.4% | 5s
  step 100/391 | loss 0.3298 | acc 88.3% | 1s elapsed | eta 3s
  step 200/391 | loss 0.3246 | acc 88.3% | 2s elapsed | eta 2s
  step 300/391 | loss 0.3235 | acc 88.4% | 3s elapsed | eta 1s
Ep 228 | loss 0.3119 | task 0.3119 | cons 0.0000 | train 88.8% | test 82.6% | 5s
  step 100/391 | loss 0.3052 | acc 89.0% | 1s elapsed | eta 3s
  step 200/391 | loss 0.2888 | acc 89.6% | 2s elapsed | eta 2s
  step 300/391 | loss 0.2908 | acc 89.6% | 3s elapsed | eta 1s
Ep 229 | loss 0.3166 | task 0.3166 | cons 0.0000 | train 88.6% | test 82.5% | 5s
  step 100/391 | loss 0.3067 | acc 89.0% | 1s elapsed | eta 3s
  step 200/391 | loss 0.3277 | acc 88.4% | 2s elapsed | eta 2s
  step 300/391 | loss 0.3337 | acc 88.1% | 3s elapsed | eta 1s
Ep 230 | loss 0.3267 | task 0.3267 | cons 0.0000 | train 88.4% | test 82.3% | 5s
    K=1: 57.1%
    K=2: 77.2%
    K=4: 82.7%
  step 100/391 | loss 0.2346 | acc 91.8% | 1s elapsed | eta 3s
  step 200/391 | loss 0.2523 | acc 91.1% | 2s elapsed | eta 2s
  step 300/391 | loss 0.2706 | acc 90.4% | 3s elapsed | eta 1s
Ep 231 | loss 0.2779 | task 0.2779 | cons 0.0000 | train 90.2% | test 82.6% | 5s
  step 100/391 | loss 0.2613 | acc 90.6% | 1s elapsed | eta 3s
  step 200/391 | loss 0.2520 | acc 91.0% | 2s elapsed | eta 2s
  step 300/391 | loss 0.2569 | acc 90.8% | 3s elapsed | eta 1s
Ep 232 | loss 0.2830 | task 0.2830 | cons 0.0000 | train 89.9% | test 82.1% | 5s
  step 100/391 | loss 0.3231 | acc 88.5% | 1s elapsed | eta 3s
  step 200/391 | loss 0.2901 | acc 89.6% | 2s elapsed | eta 2s
  step 300/391 | loss 0.2840 | acc 89.9% | 3s elapsed | eta 1s
Ep 233 | loss 0.2840 | task 0.2840 | cons 0.0000 | train 89.9% | test 82.4% | 5s
  step 100/391 | loss 0.3140 | acc 88.9% | 1s elapsed | eta 3s
  step 200/391 | loss 0.3240 | acc 88.4% | 2s elapsed | eta 2s
  step 300/391 | loss 0.3189 | acc 88.5% | 3s elapsed | eta 1s
Ep 234 | loss 0.3254 | task 0.3254 | cons 0.0000 | train 88.4% | test 82.7% | 4s
  step 100/391 | loss 0.2897 | acc 89.6% | 1s elapsed | eta 3s
  step 200/391 | loss 0.2996 | acc 89.3% | 2s elapsed | eta 2s
  step 300/391 | loss 0.2879 | acc 89.7% | 3s elapsed | eta 1s
Ep 235 | loss 0.2927 | task 0.2927 | cons 0.0000 | train 89.6% | test 82.4% | 4s
  step 100/391 | loss 0.2797 | acc 90.1% | 1s elapsed | eta 3s
  step 200/391 | loss 0.2899 | acc 89.9% | 2s elapsed | eta 2s
  step 300/391 | loss 0.2792 | acc 90.2% | 3s elapsed | eta 1s
Ep 236 | loss 0.2812 | task 0.2812 | cons 0.0000 | train 90.0% | test 82.3% | 5s
  step 100/391 | loss 0.2605 | acc 90.8% | 1s elapsed | eta 3s
  step 200/391 | loss 0.2960 | acc 89.4% | 2s elapsed | eta 2s
  step 300/391 | loss 0.3007 | acc 89.2% | 3s elapsed | eta 1s
Ep 237 | loss 0.3087 | task 0.3087 | cons 0.0000 | train 89.0% | test 82.2% | 5s
  step 100/391 | loss 0.3125 | acc 88.5% | 1s elapsed | eta 3s
  step 200/391 | loss 0.3188 | acc 88.2% | 2s elapsed | eta 2s
  step 300/391 | loss 0.3165 | acc 88.4% | 3s elapsed | eta 1s
Ep 238 | loss 0.3016 | task 0.3016 | cons 0.0000 | train 89.0% | test 82.2% | 5s
  step 100/391 | loss 0.3129 | acc 88.8% | 1s elapsed | eta 3s
  step 200/391 | loss 0.3189 | acc 88.7% | 2s elapsed | eta 2s
  step 300/391 | loss 0.3194 | acc 88.6% | 3s elapsed | eta 1s
Ep 239 | loss 0.3234 | task 0.3234 | cons 0.0000 | train 88.5% | test 81.9% | 5s
  step 100/391 | loss 0.2544 | acc 90.8% | 1s elapsed | eta 3s
  step 200/391 | loss 0.2857 | acc 89.7% | 2s elapsed | eta 2s
  step 300/391 | loss 0.2943 | acc 89.5% | 3s elapsed | eta 1s
Ep 240 | loss 0.3015 | task 0.3015 | cons 0.0000 | train 89.2% | test 82.2% | 5s
    K=1: 57.5%
    K=2: 77.3%
    K=4: 82.5%
  step 100/391 | loss 0.3405 | acc 87.9% | 1s elapsed | eta 3s
  step 200/391 | loss 0.3550 | acc 87.4% | 2s elapsed | eta 2s
  step 300/391 | loss 0.3483 | acc 87.5% | 3s elapsed | eta 1s
Ep 241 | loss 0.3335 | task 0.3335 | cons 0.0000 | train 88.1% | test 82.3% | 5s
  step 100/391 | loss 0.2211 | acc 91.9% | 1s elapsed | eta 3s
  step 200/391 | loss 0.2730 | acc 90.2% | 2s elapsed | eta 2s
  step 300/391 | loss 0.2731 | acc 90.2% | 3s elapsed | eta 1s
Ep 242 | loss 0.2680 | task 0.2680 | cons 0.0000 | train 90.4% | test 82.4% | 5s
  step 100/391 | loss 0.2471 | acc 91.2% | 1s elapsed | eta 4s
  step 200/391 | loss 0.2434 | acc 91.4% | 2s elapsed | eta 2s
  step 300/391 | loss 0.2770 | acc 90.1% | 3s elapsed | eta 1s
Ep 243 | loss 0.2946 | task 0.2946 | cons 0.0000 | train 89.5% | test 82.2% | 5s
  step 100/391 | loss 0.3415 | acc 87.8% | 1s elapsed | eta 3s
  step 200/391 | loss 0.3451 | acc 87.8% | 2s elapsed | eta 2s
  step 300/391 | loss 0.3339 | acc 88.1% | 3s elapsed | eta 1s
Ep 244 | loss 0.3225 | task 0.3225 | cons 0.0000 | train 88.5% | test 82.3% | 5s
  step 100/391 | loss 0.2601 | acc 90.7% | 1s elapsed | eta 3s
  step 200/391 | loss 0.2702 | acc 90.3% | 2s elapsed | eta 2s
  step 300/391 | loss 0.2773 | acc 90.1% | 3s elapsed | eta 1s
Ep 245 | loss 0.2861 | task 0.2861 | cons 0.0000 | train 89.8% | test 82.5% | 5s
  step 100/391 | loss 0.2185 | acc 92.3% | 1s elapsed | eta 4s
  step 200/391 | loss 0.2643 | acc 90.6% | 2s elapsed | eta 2s
  step 300/391 | loss 0.2822 | acc 89.9% | 3s elapsed | eta 1s
Ep 246 | loss 0.2889 | task 0.2889 | cons 0.0000 | train 89.6% | test 82.2% | 5s
  step 100/391 | loss 0.2748 | acc 90.3% | 1s elapsed | eta 4s
  step 200/391 | loss 0.2756 | acc 90.3% | 2s elapsed | eta 2s
  step 300/391 | loss 0.2923 | acc 89.6% | 3s elapsed | eta 1s
Ep 247 | loss 0.3200 | task 0.3200 | cons 0.0000 | train 88.5% | test 82.4% | 5s
  step 100/391 | loss 0.3266 | acc 88.3% | 1s elapsed | eta 3s
  step 200/391 | loss 0.3435 | acc 87.7% | 2s elapsed | eta 2s
  step 300/391 | loss 0.3329 | acc 88.0% | 3s elapsed | eta 1s
Ep 248 | loss 0.3195 | task 0.3195 | cons 0.0000 | train 88.5% | test 82.3% | 5s
  step 100/391 | loss 0.3059 | acc 89.4% | 1s elapsed | eta 3s
  step 200/391 | loss 0.3021 | acc 89.4% | 2s elapsed | eta 2s
  step 300/391 | loss 0.2845 | acc 89.9% | 3s elapsed | eta 1s
Ep 249 | loss 0.2829 | task 0.2829 | cons 0.0000 | train 90.0% | test 82.3% | 5s
  step 100/391 | loss 0.2882 | acc 89.8% | 1s elapsed | eta 3s
  step 200/391 | loss 0.2949 | acc 89.5% | 2s elapsed | eta 2s
  step 300/391 | loss 0.2924 | acc 89.6% | 3s elapsed | eta 1s
Ep 250 | loss 0.2816 | task 0.2816 | cons 0.0000 | train 90.0% | test 82.3% | 5s
    K=1: 57.7%
    K=2: 77.7%
    K=4: 82.7%
  step 100/391 | loss 0.3403 | acc 87.9% | 1s elapsed | eta 3s
  step 200/391 | loss 0.3046 | acc 89.2% | 2s elapsed | eta 2s
  step 300/391 | loss 0.2881 | acc 89.8% | 3s elapsed | eta 1s
Ep 251 | loss 0.2793 | task 0.2793 | cons 0.0000 | train 90.1% | test 82.3% | 5s
  step 100/391 | loss 0.3553 | acc 87.0% | 1s elapsed | eta 3s
  step 200/391 | loss 0.2961 | acc 89.2% | 2s elapsed | eta 2s
  step 300/391 | loss 0.2946 | acc 89.3% | 3s elapsed | eta 1s
Ep 252 | loss 0.3059 | task 0.3059 | cons 0.0000 | train 88.8% | test 82.4% | 5s
  step 100/391 | loss 0.2887 | acc 90.0% | 1s elapsed | eta 4s
  step 200/391 | loss 0.3071 | acc 89.1% | 2s elapsed | eta 2s
  step 300/391 | loss 0.3090 | acc 89.0% | 3s elapsed | eta 1s
Ep 253 | loss 0.3009 | task 0.3009 | cons 0.0000 | train 89.4% | test 82.4% | 5s
  step 100/391 | loss 0.2260 | acc 91.8% | 1s elapsed | eta 3s
  step 200/391 | loss 0.2370 | acc 91.5% | 2s elapsed | eta 2s
  step 300/391 | loss 0.2408 | acc 91.3% | 3s elapsed | eta 1s
Ep 254 | loss 0.2514 | task 0.2514 | cons 0.0000 | train 91.0% | test 82.5% | 5s
  step 100/391 | loss 0.2694 | acc 90.4% | 1s elapsed | eta 4s
  step 200/391 | loss 0.2796 | acc 90.1% | 2s elapsed | eta 2s
  step 300/391 | loss 0.2785 | acc 90.1% | 3s elapsed | eta 1s
Ep 255 | loss 0.2642 | task 0.2642 | cons 0.0000 | train 90.5% | test 82.2% | 5s
  step 100/391 | loss 0.2635 | acc 90.5% | 1s elapsed | eta 4s
  step 200/391 | loss 0.2605 | acc 90.5% | 2s elapsed | eta 2s
  step 300/391 | loss 0.2741 | acc 90.1% | 3s elapsed | eta 1s
Ep 256 | loss 0.2855 | task 0.2855 | cons 0.0000 | train 89.7% | test 82.3% | 5s
  step 100/391 | loss 0.3066 | acc 88.9% | 1s elapsed | eta 3s
  step 200/391 | loss 0.2761 | acc 90.1% | 2s elapsed | eta 2s
  step 300/391 | loss 0.2893 | acc 89.6% | 3s elapsed | eta 1s
Ep 257 | loss 0.2930 | task 0.2930 | cons 0.0000 | train 89.5% | test 82.5% | 5s
  step 100/391 | loss 0.3106 | acc 89.0% | 1s elapsed | eta 4s
  step 200/391 | loss 0.2986 | acc 89.4% | 2s elapsed | eta 2s
  step 300/391 | loss 0.2930 | acc 89.6% | 3s elapsed | eta 1s
Ep 258 | loss 0.3048 | task 0.3048 | cons 0.0000 | train 89.2% | test 82.5% | 5s
  step 100/391 | loss 0.2993 | acc 89.5% | 1s elapsed | eta 3s
  step 200/391 | loss 0.3158 | acc 88.7% | 2s elapsed | eta 2s
  step 300/391 | loss 0.3184 | acc 88.7% | 3s elapsed | eta 1s
Ep 259 | loss 0.3156 | task 0.3156 | cons 0.0000 | train 88.8% | test 82.6% | 5s
  step 100/391 | loss 0.2666 | acc 90.4% | 1s elapsed | eta 4s
  step 200/391 | loss 0.2542 | acc 91.0% | 2s elapsed | eta 2s
  step 300/391 | loss 0.2746 | acc 90.2% | 4s elapsed | eta 1s
Ep 260 | loss 0.2698 | task 0.2698 | cons 0.0000 | train 90.5% | test 82.5% | 7s
    K=1: 57.7%
    K=2: 77.4%
    K=4: 82.7%
  step 100/391 | loss 0.3145 | acc 88.8% | 1s elapsed | eta 4s
  step 200/391 | loss 0.3145 | acc 88.7% | 3s elapsed | eta 3s
  step 300/391 | loss 0.3098 | acc 89.0% | 5s elapsed | eta 1s
Ep 261 | loss 0.2867 | task 0.2867 | cons 0.0000 | train 89.8% | test 82.4% | 8s
  step 100/391 | loss 0.3091 | acc 89.1% | 2s elapsed | eta 6s
  step 200/391 | loss 0.3079 | acc 89.0% | 3s elapsed | eta 3s
  step 300/391 | loss 0.2738 | acc 90.2% | 5s elapsed | eta 2s
Ep 262 | loss 0.2808 | task 0.2808 | cons 0.0000 | train 90.0% | test 82.3% | 8s
  step 100/391 | loss 0.2289 | acc 92.0% | 2s elapsed | eta 6s
  step 200/391 | loss 0.2649 | acc 90.7% | 4s elapsed | eta 3s
  step 300/391 | loss 0.2699 | acc 90.4% | 5s elapsed | eta 2s
Ep 263 | loss 0.2838 | task 0.2838 | cons 0.0000 | train 89.9% | test 82.5% | 8s
  step 100/391 | loss 0.2336 | acc 91.7% | 2s elapsed | eta 6s
  step 200/391 | loss 0.2193 | acc 92.1% | 4s elapsed | eta 4s
  step 300/391 | loss 0.2325 | acc 91.8% | 6s elapsed | eta 2s
Ep 264 | loss 0.2395 | task 0.2395 | cons 0.0000 | train 91.5% | test 82.5% | 8s
  step 100/391 | loss 0.3370 | acc 88.1% | 2s elapsed | eta 5s
  step 200/391 | loss 0.2831 | acc 90.0% | 3s elapsed | eta 3s
  step 300/391 | loss 0.2906 | acc 89.6% | 5s elapsed | eta 2s
Ep 265 | loss 0.3010 | task 0.3010 | cons 0.0000 | train 89.2% | test 82.5% | 8s
  step 100/391 | loss 0.2321 | acc 91.7% | 2s elapsed | eta 6s
  step 200/391 | loss 0.2527 | acc 90.9% | 4s elapsed | eta 3s
  step 300/391 | loss 0.2695 | acc 90.3% | 5s elapsed | eta 2s
Ep 266 | loss 0.2595 | task 0.2595 | cons 0.0000 | train 90.6% | test 82.5% | 8s
  step 100/391 | loss 0.2884 | acc 89.5% | 2s elapsed | eta 5s
  step 200/391 | loss 0.3126 | acc 88.7% | 3s elapsed | eta 3s
  step 300/391 | loss 0.2961 | acc 89.3% | 5s elapsed | eta 1s
Ep 267 | loss 0.2933 | task 0.2933 | cons 0.0000 | train 89.5% | test 82.4% | 8s
  step 100/391 | loss 0.2744 | acc 89.9% | 2s elapsed | eta 5s
  step 200/391 | loss 0.2485 | acc 91.1% | 3s elapsed | eta 3s
  step 300/391 | loss 0.2537 | acc 90.9% | 5s elapsed | eta 1s
Ep 268 | loss 0.2465 | task 0.2465 | cons 0.0000 | train 91.2% | test 82.2% | 8s
  step 100/391 | loss 0.2707 | acc 90.2% | 2s elapsed | eta 5s
  step 200/391 | loss 0.2481 | acc 91.1% | 4s elapsed | eta 4s
  step 300/391 | loss 0.2575 | acc 90.8% | 5s elapsed | eta 2s
Ep 269 | loss 0.2379 | task 0.2379 | cons 0.0000 | train 91.6% | test 82.3% | 8s
  step 100/391 | loss 0.2518 | acc 91.1% | 2s elapsed | eta 6s
  step 200/391 | loss 0.2595 | acc 90.8% | 4s elapsed | eta 4s
  step 300/391 | loss 0.2682 | acc 90.4% | 5s elapsed | eta 2s
Ep 270 | loss 0.2840 | task 0.2840 | cons 0.0000 | train 89.8% | test 82.5% | 8s
    K=1: 57.8%
    K=2: 77.8%
    K=4: 82.9%
  step 100/391 | loss 0.3217 | acc 88.5% | 2s elapsed | eta 5s
  step 200/391 | loss 0.3047 | acc 89.1% | 4s elapsed | eta 3s
  step 300/391 | loss 0.3066 | acc 89.0% | 5s elapsed | eta 2s
Ep 271 | loss 0.3060 | task 0.3060 | cons 0.0000 | train 89.0% | test 82.5% | 7s
  step 100/391 | loss 0.2595 | acc 90.8% | 2s elapsed | eta 5s
  step 200/391 | loss 0.2694 | acc 90.3% | 3s elapsed | eta 3s
  step 300/391 | loss 0.2682 | acc 90.4% | 5s elapsed | eta 2s
Ep 272 | loss 0.2683 | task 0.2683 | cons 0.0000 | train 90.4% | test 82.3% | 8s
  step 100/391 | loss 0.3291 | acc 88.1% | 2s elapsed | eta 5s
  step 200/391 | loss 0.3249 | acc 88.3% | 3s elapsed | eta 3s
  step 300/391 | loss 0.3200 | acc 88.6% | 5s elapsed | eta 1s
Ep 273 | loss 0.3007 | task 0.3007 | cons 0.0000 | train 89.2% | test 82.5% | 8s
  step 100/391 | loss 0.3418 | acc 87.6% | 2s elapsed | eta 5s
  step 200/391 | loss 0.3078 | acc 88.8% | 3s elapsed | eta 3s
  step 300/391 | loss 0.3012 | acc 89.1% | 5s elapsed | eta 1s
Ep 274 | loss 0.2837 | task 0.2837 | cons 0.0000 | train 89.8% | test 82.5% | 8s
  step 100/391 | loss 0.2766 | acc 90.2% | 2s elapsed | eta 5s
  step 200/391 | loss 0.2764 | acc 90.2% | 4s elapsed | eta 3s
  step 300/391 | loss 0.2974 | acc 89.4% | 5s elapsed | eta 1s
Ep 275 | loss 0.2773 | task 0.2773 | cons 0.0000 | train 90.1% | test 82.6% | 8s
  step 100/391 | loss 0.2313 | acc 91.4% | 2s elapsed | eta 6s
  step 200/391 | loss 0.2389 | acc 91.3% | 4s elapsed | eta 4s
  step 300/391 | loss 0.2559 | acc 90.8% | 6s elapsed | eta 2s
Ep 276 | loss 0.2893 | task 0.2893 | cons 0.0000 | train 89.6% | test 82.6% | 8s
  step 100/391 | loss 0.2822 | acc 89.8% | 2s elapsed | eta 6s
  step 200/391 | loss 0.3079 | acc 89.0% | 4s elapsed | eta 4s
  step 300/391 | loss 0.2875 | acc 89.7% | 5s elapsed | eta 2s
Ep 277 | loss 0.2779 | task 0.2779 | cons 0.0000 | train 90.2% | test 82.6% | 8s
  step 100/391 | loss 0.2988 | acc 89.6% | 2s elapsed | eta 5s
  step 200/391 | loss 0.2863 | acc 90.0% | 4s elapsed | eta 3s
  step 300/391 | loss 0.3009 | acc 89.3% | 5s elapsed | eta 2s
Ep 278 | loss 0.2931 | task 0.2931 | cons 0.0000 | train 89.6% | test 82.4% | 8s
  step 100/391 | loss 0.1481 | acc 94.7% | 2s elapsed | eta 5s
  step 200/391 | loss 0.1773 | acc 93.7% | 3s elapsed | eta 3s
  step 300/391 | loss 0.2142 | acc 92.4% | 5s elapsed | eta 2s
Ep 279 | loss 0.2249 | task 0.2249 | cons 0.0000 | train 92.0% | test 82.4% | 8s
  step 100/391 | loss 0.2649 | acc 90.6% | 2s elapsed | eta 5s
  step 200/391 | loss 0.2393 | acc 91.5% | 3s elapsed | eta 3s
  step 300/391 | loss 0.2645 | acc 90.7% | 5s elapsed | eta 2s
Ep 280 | loss 0.2643 | task 0.2643 | cons 0.0000 | train 90.7% | test 82.4% | 8s
    K=1: 57.9%
    K=2: 77.6%
    K=4: 82.8%
  step 100/391 | loss 0.1877 | acc 93.4% | 2s elapsed | eta 5s
  step 200/391 | loss 0.2075 | acc 92.6% | 4s elapsed | eta 3s
  step 300/391 | loss 0.2499 | acc 91.1% | 5s elapsed | eta 2s
Ep 281 | loss 0.2465 | task 0.2465 | cons 0.0000 | train 91.2% | test 82.5% | 8s
  step 100/391 | loss 0.1972 | acc 93.1% | 2s elapsed | eta 5s
  step 200/391 | loss 0.2786 | acc 90.0% | 3s elapsed | eta 3s
  step 300/391 | loss 0.2758 | acc 90.1% | 5s elapsed | eta 1s
Ep 282 | loss 0.2785 | task 0.2785 | cons 0.0000 | train 90.0% | test 82.5% | 8s
  step 100/391 | loss 0.3016 | acc 89.3% | 2s elapsed | eta 5s
  step 200/391 | loss 0.2970 | acc 89.3% | 3s elapsed | eta 3s
  step 300/391 | loss 0.2857 | acc 89.7% | 5s elapsed | eta 1s
Ep 283 | loss 0.2777 | task 0.2777 | cons 0.0000 | train 90.0% | test 82.3% | 7s
  step 100/391 | loss 0.2348 | acc 91.4% | 2s elapsed | eta 6s
  step 200/391 | loss 0.2847 | acc 89.6% | 4s elapsed | eta 3s
  step 300/391 | loss 0.2783 | acc 89.8% | 5s elapsed | eta 2s
Ep 284 | loss 0.2687 | task 0.2687 | cons 0.0000 | train 90.2% | test 82.4% | 8s
  step 100/391 | loss 0.1986 | acc 93.0% | 2s elapsed | eta 5s
  step 200/391 | loss 0.2370 | acc 91.7% | 4s elapsed | eta 3s
  step 300/391 | loss 0.2339 | acc 91.7% | 5s elapsed | eta 2s
Ep 285 | loss 0.2684 | task 0.2684 | cons 0.0000 | train 90.4% | test 82.4% | 8s
  step 100/391 | loss 0.2764 | acc 90.2% | 2s elapsed | eta 5s
  step 200/391 | loss 0.2665 | acc 90.5% | 3s elapsed | eta 3s
  step 300/391 | loss 0.2530 | acc 91.0% | 5s elapsed | eta 2s
Ep 286 | loss 0.2790 | task 0.2790 | cons 0.0000 | train 90.0% | test 82.4% | 8s
  step 100/391 | loss 0.3429 | acc 87.8% | 2s elapsed | eta 5s
  step 200/391 | loss 0.2925 | acc 89.5% | 3s elapsed | eta 3s
  step 300/391 | loss 0.2798 | acc 90.0% | 5s elapsed | eta 1s
Ep 287 | loss 0.2852 | task 0.2852 | cons 0.0000 | train 89.7% | test 82.5% | 8s
  step 100/391 | loss 0.2887 | acc 89.8% | 2s elapsed | eta 5s
  step 200/391 | loss 0.3080 | acc 89.0% | 3s elapsed | eta 3s
  step 300/391 | loss 0.3078 | acc 89.0% | 5s elapsed | eta 2s
Ep 288 | loss 0.2902 | task 0.2902 | cons 0.0000 | train 89.6% | test 82.5% | 8s
  step 100/391 | loss 0.3305 | acc 88.2% | 2s elapsed | eta 5s
  step 200/391 | loss 0.3374 | acc 88.0% | 4s elapsed | eta 3s
  step 300/391 | loss 0.3093 | acc 88.9% | 5s elapsed | eta 2s
Ep 289 | loss 0.3016 | task 0.3016 | cons 0.0000 | train 89.2% | test 82.5% | 8s
  step 100/391 | loss 0.2653 | acc 90.5% | 2s elapsed | eta 5s
  step 200/391 | loss 0.2937 | acc 89.5% | 4s elapsed | eta 3s
  step 300/391 | loss 0.2928 | acc 89.6% | 5s elapsed | eta 2s
Ep 290 | loss 0.2874 | task 0.2874 | cons 0.0000 | train 89.8% | test 82.5% | 8s
    K=1: 58.0%
    K=2: 77.8%
    K=4: 82.9%
  step 100/391 | loss 0.2788 | acc 89.7% | 2s elapsed | eta 5s
  step 200/391 | loss 0.2537 | acc 90.9% | 4s elapsed | eta 3s
  step 300/391 | loss 0.2509 | acc 91.0% | 6s elapsed | eta 2s
Ep 291 | loss 0.2541 | task 0.2541 | cons 0.0000 | train 90.9% | test 82.5% | 8s
  step 100/391 | loss 0.2747 | acc 90.1% | 2s elapsed | eta 5s
  step 200/391 | loss 0.2378 | acc 91.5% | 4s elapsed | eta 4s
  step 300/391 | loss 0.2352 | acc 91.6% | 6s elapsed | eta 2s
Ep 292 | loss 0.2475 | task 0.2475 | cons 0.0000 | train 91.2% | test 82.5% | 8s
  step 100/391 | loss 0.2480 | acc 91.2% | 2s elapsed | eta 5s
  step 200/391 | loss 0.2674 | acc 90.4% | 4s elapsed | eta 3s
  step 300/391 | loss 0.2703 | acc 90.3% | 5s elapsed | eta 2s
Ep 293 | loss 0.2569 | task 0.2569 | cons 0.0000 | train 90.8% | test 82.5% | 8s
  step 100/391 | loss 0.2339 | acc 91.6% | 2s elapsed | eta 5s
  step 200/391 | loss 0.2603 | acc 90.7% | 3s elapsed | eta 3s
  step 300/391 | loss 0.2396 | acc 91.5% | 5s elapsed | eta 2s
Ep 294 | loss 0.2429 | task 0.2429 | cons 0.0000 | train 91.3% | test 82.5% | 8s
  step 100/391 | loss 0.2636 | acc 90.6% | 2s elapsed | eta 6s
  step 200/391 | loss 0.2772 | acc 90.2% | 3s elapsed | eta 3s
  step 300/391 | loss 0.2908 | acc 89.7% | 5s elapsed | eta 1s
Ep 295 | loss 0.2902 | task 0.2902 | cons 0.0000 | train 89.7% | test 82.5% | 7s
  step 100/391 | loss 0.3002 | acc 89.3% | 2s elapsed | eta 5s
  step 200/391 | loss 0.2645 | acc 90.6% | 4s elapsed | eta 3s
  step 300/391 | loss 0.2594 | acc 90.8% | 5s elapsed | eta 2s
Ep 296 | loss 0.2725 | task 0.2725 | cons 0.0000 | train 90.4% | test 82.5% | 8s
  step 100/391 | loss 0.2560 | acc 90.9% | 2s elapsed | eta 5s
  step 200/391 | loss 0.2396 | acc 91.4% | 4s elapsed | eta 3s
  step 300/391 | loss 0.2737 | acc 90.2% | 5s elapsed | eta 2s
Ep 297 | loss 0.2850 | task 0.2850 | cons 0.0000 | train 89.9% | test 82.5% | 8s
  step 100/391 | loss 0.2885 | acc 89.6% | 2s elapsed | eta 5s
  step 200/391 | loss 0.3101 | acc 88.9% | 3s elapsed | eta 3s
  step 300/391 | loss 0.2937 | acc 89.5% | 5s elapsed | eta 2s
Ep 298 | loss 0.2806 | task 0.2806 | cons 0.0000 | train 90.0% | test 82.5% | 8s
  step 100/391 | loss 0.2928 | acc 89.3% | 2s elapsed | eta 6s
  step 200/391 | loss 0.2977 | acc 89.3% | 3s elapsed | eta 3s
  step 300/391 | loss 0.2954 | acc 89.5% | 5s elapsed | eta 2s
Ep 299 | loss 0.2774 | task 0.2774 | cons 0.0000 | train 90.2% | test 82.5% | 8s
  step 100/391 | loss 0.2475 | acc 91.3% | 2s elapsed | eta 5s
  step 200/391 | loss 0.2443 | acc 91.3% | 4s elapsed | eta 3s
  step 300/391 | loss 0.2581 | acc 90.8% | 5s elapsed | eta 2s
Ep 300 | loss 0.2750 | task 0.2750 | cons 0.0000 | train 90.2% | test 82.5% | 8s
    K=1: 58.1%
    K=2: 77.8%
    K=4: 82.9%
Saved checkpoint to models/euler_1bpu_K8_d01.pt
