/home/ec2-user/dev/ugh/.venv/lib/python3.13/site-packages/torchvision/datasets/cifar.py:83: VisibleDeprecationWarning: dtype(): align should be passed as Python or NumPy boolean but got `align=0`. Did you mean to pass a tuple to create a subarray type? (Deprecated NumPy 2.4)
  entry = pickle.load(f, encoding="latin1")
Model: continuous | Params: 1,803,850 | K=4 | blocks/unit=4
----------------------------------------------------------------------
  step 100/391 | loss 2.0138 | acc 24.6% | 9s elapsed | eta 26s
  step 200/391 | loss 1.9247 | acc 28.0% | 15s elapsed | eta 15s
  step 300/391 | loss 1.8653 | acc 30.2% | 20s elapsed | eta 6s
Ep   1 | loss 1.8232 | task 1.8220 | cons 0.0603 | train 31.8% | test 39.3% | 23s
  step 100/391 | loss 1.6282 | acc 39.6% | 2s elapsed | eta 7s
  step 200/391 | loss 1.5891 | acc 41.4% | 5s elapsed | eta 5s
  step 300/391 | loss 1.5576 | acc 42.8% | 8s elapsed | eta 2s
Ep   2 | loss 1.5333 | task 1.5296 | cons 0.0925 | train 43.7% | test 46.8% | 11s
  step 100/391 | loss 1.4062 | acc 48.2% | 3s elapsed | eta 8s
  step 200/391 | loss 1.3871 | acc 49.3% | 6s elapsed | eta 6s
  step 300/391 | loss 1.3698 | acc 50.1% | 9s elapsed | eta 3s
Ep   3 | loss 1.3628 | task 1.3566 | cons 0.1032 | train 50.5% | test 53.0% | 15s
  step 100/391 | loss 1.3094 | acc 52.6% | 9s elapsed | eta 25s
  step 200/391 | loss 1.3024 | acc 53.0% | 13s elapsed | eta 12s
  step 300/391 | loss 1.2894 | acc 53.4% | 16s elapsed | eta 5s
Ep   4 | loss 1.2782 | task 1.2698 | cons 0.1051 | train 53.8% | test 56.1% | 21s
  step 100/391 | loss 1.2133 | acc 56.5% | 5s elapsed | eta 16s
  step 200/391 | loss 1.2128 | acc 56.4% | 12s elapsed | eta 12s
  step 300/391 | loss 1.2000 | acc 57.2% | 17s elapsed | eta 5s
Ep   5 | loss 1.1985 | task 1.1873 | cons 0.1122 | train 57.2% | test 59.5% | 23s
  step 100/391 | loss 1.1538 | acc 58.6% | 7s elapsed | eta 20s
  step 200/391 | loss 1.1544 | acc 58.7% | 11s elapsed | eta 10s
  step 300/391 | loss 1.1483 | acc 58.9% | 17s elapsed | eta 5s
Ep   6 | loss 1.1392 | task 1.1264 | cons 0.1062 | train 59.4% | test 61.6% | 25s
  step 100/391 | loss 1.0878 | acc 61.2% | 5s elapsed | eta 14s
  step 200/391 | loss 1.0998 | acc 60.7% | 12s elapsed | eta 11s
  step 300/391 | loss 1.0956 | acc 61.1% | 16s elapsed | eta 5s
Ep   7 | loss 1.0855 | task 1.0706 | cons 0.1062 | train 61.5% | test 64.6% | 25s
  step 100/391 | loss 1.0872 | acc 61.4% | 5s elapsed | eta 14s
  step 200/391 | loss 1.0655 | acc 62.4% | 8s elapsed | eta 8s
  step 300/391 | loss 1.0601 | acc 62.7% | 15s elapsed | eta 4s
Ep   8 | loss 1.0540 | task 1.0362 | cons 0.1113 | train 62.9% | test 65.4% | 23s
  step 100/391 | loss 1.0311 | acc 63.9% | 6s elapsed | eta 18s
  step 200/391 | loss 1.0289 | acc 64.0% | 10s elapsed | eta 9s
  step 300/391 | loss 1.0228 | acc 64.1% | 12s elapsed | eta 4s
Ep   9 | loss 1.0159 | task 0.9945 | cons 0.1186 | train 64.3% | test 66.3% | 15s
  step 100/391 | loss 1.0020 | acc 65.6% | 3s elapsed | eta 9s
  step 200/391 | loss 0.9961 | acc 65.6% | 6s elapsed | eta 5s
  step 300/391 | loss 0.9862 | acc 65.9% | 9s elapsed | eta 3s
Ep  10 | loss 0.9835 | task 0.9588 | cons 0.1239 | train 65.9% | test 68.9% | 14s
    K=1: 69.3%
    K=2: 69.3%
    K=4: 68.9%
  step 100/391 | loss 0.9648 | acc 66.6% | 9s elapsed | eta 25s
  step 200/391 | loss 0.9624 | acc 66.8% | 13s elapsed | eta 12s
  step 300/391 | loss 0.9583 | acc 67.1% | 16s elapsed | eta 5s
Ep  11 | loss 0.9523 | task 0.9242 | cons 0.1280 | train 67.3% | test 69.0% | 21s
  step 100/391 | loss 0.9216 | acc 68.7% | 6s elapsed | eta 18s
  step 200/391 | loss 0.9222 | acc 68.7% | 13s elapsed | eta 12s
  step 300/391 | loss 0.9246 | acc 68.7% | 17s elapsed | eta 5s
Ep  12 | loss 0.9231 | task 0.8943 | cons 0.1201 | train 68.8% | test 69.5% | 25s
  step 100/391 | loss 0.9091 | acc 69.0% | 6s elapsed | eta 18s
  step 200/391 | loss 0.8990 | acc 69.4% | 9s elapsed | eta 9s
  step 300/391 | loss 0.9035 | acc 69.3% | 12s elapsed | eta 4s
Ep  13 | loss 0.9043 | task 0.8738 | cons 0.1172 | train 69.2% | test 70.5% | 18s
  step 100/391 | loss 0.8827 | acc 70.2% | 7s elapsed | eta 20s
  step 200/391 | loss 0.8858 | acc 70.0% | 10s elapsed | eta 10s
  step 300/391 | loss 0.8815 | acc 70.1% | 16s elapsed | eta 5s
Ep  14 | loss 0.8813 | task 0.8492 | cons 0.1148 | train 70.1% | test 70.2% | 24s
  step 100/391 | loss 0.8568 | acc 70.6% | 3s elapsed | eta 8s
  step 200/391 | loss 0.8632 | acc 70.6% | 8s elapsed | eta 7s
  step 300/391 | loss 0.8637 | acc 70.6% | 14s elapsed | eta 4s
Ep  15 | loss 0.8631 | task 0.8276 | cons 0.1184 | train 70.8% | test 71.4% | 20s
  step 100/391 | loss 0.8635 | acc 71.5% | 4s elapsed | eta 13s
  step 200/391 | loss 0.8484 | acc 71.9% | 11s elapsed | eta 11s
  step 300/391 | loss 0.8456 | acc 71.8% | 16s elapsed | eta 5s
Ep  16 | loss 0.8493 | task 0.8083 | cons 0.1282 | train 71.7% | test 72.5% | 21s
  step 100/391 | loss 0.8245 | acc 72.5% | 7s elapsed | eta 20s
  step 200/391 | loss 0.8315 | acc 72.4% | 12s elapsed | eta 12s
  step 300/391 | loss 0.8364 | acc 72.3% | 15s elapsed | eta 5s
Ep  17 | loss 0.8338 | task 0.7890 | cons 0.1317 | train 72.3% | test 73.5% | 23s
  step 100/391 | loss 0.8120 | acc 73.2% | 6s elapsed | eta 17s
  step 200/391 | loss 0.8043 | acc 73.4% | 8s elapsed | eta 8s
  step 300/391 | loss 0.8080 | acc 73.2% | 11s elapsed | eta 3s
Ep  18 | loss 0.8071 | task 0.7649 | cons 0.1173 | train 73.2% | test 72.8% | 19s
  step 100/391 | loss 0.7884 | acc 73.3% | 6s elapsed | eta 18s
  step 200/391 | loss 0.7924 | acc 73.8% | 8s elapsed | eta 8s
  step 300/391 | loss 0.7900 | acc 73.9% | 15s elapsed | eta 4s
Ep  19 | loss 0.7852 | task 0.7418 | cons 0.1144 | train 74.0% | test 74.3% | 23s
  step 100/391 | loss 0.7777 | acc 73.9% | 7s elapsed | eta 19s
  step 200/391 | loss 0.7691 | acc 74.6% | 10s elapsed | eta 10s
  step 300/391 | loss 0.7785 | acc 74.3% | 12s elapsed | eta 4s
Ep  20 | loss 0.7779 | task 0.7331 | cons 0.1119 | train 74.4% | test 74.1% | 15s
    K=1: 74.3%
    K=2: 74.5%
    K=4: 74.1%
  step 100/391 | loss 0.7565 | acc 75.4% | 4s elapsed | eta 10s
  step 200/391 | loss 0.7580 | acc 75.2% | 7s elapsed | eta 6s
  step 300/391 | loss 0.7648 | acc 75.1% | 10s elapsed | eta 3s
Ep  21 | loss 0.7615 | task 0.7136 | cons 0.1141 | train 75.1% | test 75.1% | 15s
  step 100/391 | loss 0.7441 | acc 75.0% | 4s elapsed | eta 12s
  step 200/391 | loss 0.7373 | acc 75.5% | 8s elapsed | eta 7s
  step 300/391 | loss 0.7460 | acc 75.5% | 14s elapsed | eta 4s
Ep  22 | loss 0.7499 | task 0.7020 | cons 0.1088 | train 75.5% | test 75.1% | 23s
  step 100/391 | loss 0.7470 | acc 75.7% | 3s elapsed | eta 9s
  step 200/391 | loss 0.7449 | acc 75.8% | 6s elapsed | eta 6s
  step 300/391 | loss 0.7475 | acc 75.9% | 11s elapsed | eta 3s
Ep  23 | loss 0.7460 | task 0.6927 | cons 0.1158 | train 75.9% | test 76.2% | 17s
  step 100/391 | loss 0.7246 | acc 76.3% | 7s elapsed | eta 19s
  step 200/391 | loss 0.7287 | acc 76.4% | 12s elapsed | eta 11s
  step 300/391 | loss 0.7337 | acc 76.2% | 14s elapsed | eta 4s
Ep  24 | loss 0.7354 | task 0.6802 | cons 0.1151 | train 76.2% | test 75.4% | 23s
  step 100/391 | loss 0.7094 | acc 77.3% | 5s elapsed | eta 16s
  step 200/391 | loss 0.7133 | acc 77.0% | 8s elapsed | eta 8s
  step 300/391 | loss 0.7190 | acc 76.9% | 11s elapsed | eta 3s
Ep  25 | loss 0.7245 | task 0.6681 | cons 0.1127 | train 76.8% | test 75.0% | 15s
  step 100/391 | loss 0.7067 | acc 77.5% | 7s elapsed | eta 22s
  step 200/391 | loss 0.7187 | acc 77.2% | 13s elapsed | eta 12s
  step 300/391 | loss 0.7155 | acc 77.1% | 16s elapsed | eta 5s
Ep  26 | loss 0.7142 | task 0.6566 | cons 0.1109 | train 77.1% | test 77.1% | 21s
  step 100/391 | loss 0.6939 | acc 78.2% | 3s elapsed | eta 9s
  step 200/391 | loss 0.7005 | acc 77.8% | 8s elapsed | eta 7s
  step 300/391 | loss 0.6977 | acc 77.9% | 15s elapsed | eta 5s
Ep  27 | loss 0.7032 | task 0.6428 | cons 0.1118 | train 77.8% | test 77.0% | 19s
  step 100/391 | loss 0.7013 | acc 77.5% | 4s elapsed | eta 12s
  step 200/391 | loss 0.6991 | acc 77.6% | 7s elapsed | eta 6s
  step 300/391 | loss 0.6995 | acc 77.6% | 10s elapsed | eta 3s
Ep  28 | loss 0.6992 | task 0.6367 | cons 0.1116 | train 77.8% | test 77.0% | 15s
  step 100/391 | loss 0.6940 | acc 78.6% | 8s elapsed | eta 22s
  step 200/391 | loss 0.6896 | acc 78.7% | 12s elapsed | eta 11s
  step 300/391 | loss 0.6889 | acc 78.6% | 15s elapsed | eta 4s
Ep  29 | loss 0.6883 | task 0.6224 | cons 0.1136 | train 78.6% | test 76.7% | 18s
  step 100/391 | loss 0.6807 | acc 78.3% | 6s elapsed | eta 18s
  step 200/391 | loss 0.6817 | acc 78.3% | 14s elapsed | eta 13s
  step 300/391 | loss 0.6841 | acc 78.4% | 17s elapsed | eta 5s
Ep  30 | loss 0.6847 | task 0.6185 | cons 0.1102 | train 78.6% | test 77.2% | 22s
    K=1: 77.5%
    K=2: 77.7%
    K=4: 77.2%
  step 100/391 | loss 0.6731 | acc 79.4% | 4s elapsed | eta 11s
  step 200/391 | loss 0.6699 | acc 79.5% | 7s elapsed | eta 6s
  step 300/391 | loss 0.6790 | acc 79.2% | 12s elapsed | eta 4s
Ep  31 | loss 0.6777 | task 0.6102 | cons 0.1089 | train 79.1% | test 78.9% | 22s
  step 100/391 | loss 0.6631 | acc 79.7% | 8s elapsed | eta 24s
  step 200/391 | loss 0.6543 | acc 80.0% | 14s elapsed | eta 13s
  step 300/391 | loss 0.6559 | acc 79.9% | 22s elapsed | eta 7s
Ep  32 | loss 0.6599 | task 0.5916 | cons 0.1067 | train 79.8% | test 78.9% | 28s
  step 100/391 | loss 0.6527 | acc 80.2% | 6s elapsed | eta 18s
  step 200/391 | loss 0.6487 | acc 80.3% | 12s elapsed | eta 11s
  step 300/391 | loss 0.6528 | acc 80.2% | 16s elapsed | eta 5s
Ep  33 | loss 0.6533 | task 0.5813 | cons 0.1091 | train 80.0% | test 78.9% | 22s
  step 100/391 | loss 0.6438 | acc 80.8% | 6s elapsed | eta 17s
  step 200/391 | loss 0.6482 | acc 80.4% | 12s elapsed | eta 12s
  step 300/391 | loss 0.6499 | acc 80.4% | 18s elapsed | eta 6s
Ep  34 | loss 0.6508 | task 0.5748 | cons 0.1117 | train 80.3% | test 78.1% | 23s
  step 100/391 | loss 0.6443 | acc 81.0% | 5s elapsed | eta 15s
  step 200/391 | loss 0.6493 | acc 80.5% | 14s elapsed | eta 13s
  step 300/391 | loss 0.6542 | acc 80.4% | 17s elapsed | eta 5s
Ep  35 | loss 0.6523 | task 0.5729 | cons 0.1135 | train 80.4% | test 79.4% | 24s
  step 100/391 | loss 0.6510 | acc 80.9% | 4s elapsed | eta 12s
  step 200/391 | loss 0.6501 | acc 80.8% | 8s elapsed | eta 8s
  step 300/391 | loss 0.6502 | acc 80.6% | 15s elapsed | eta 5s
Ep  36 | loss 0.6482 | task 0.5673 | cons 0.1124 | train 80.6% | test 79.1% | 22s
  step 100/391 | loss 0.6385 | acc 81.1% | 6s elapsed | eta 18s
  step 200/391 | loss 0.6333 | acc 81.1% | 11s elapsed | eta 11s
  step 300/391 | loss 0.6357 | acc 80.9% | 16s elapsed | eta 5s
Ep  37 | loss 0.6365 | task 0.5577 | cons 0.1066 | train 80.8% | test 80.0% | 24s
  step 100/391 | loss 0.6198 | acc 82.0% | 6s elapsed | eta 17s
  step 200/391 | loss 0.6267 | acc 81.5% | 9s elapsed | eta 8s
  step 300/391 | loss 0.6257 | acc 81.5% | 15s elapsed | eta 4s
Ep  38 | loss 0.6334 | task 0.5523 | cons 0.1067 | train 81.2% | test 78.4% | 24s
  step 100/391 | loss 0.6227 | acc 81.6% | 4s elapsed | eta 12s
  step 200/391 | loss 0.6312 | acc 81.6% | 7s elapsed | eta 6s
  step 300/391 | loss 0.6259 | acc 81.5% | 12s elapsed | eta 4s
Ep  39 | loss 0.6312 | task 0.5479 | cons 0.1067 | train 81.3% | test 79.2% | 22s
  step 100/391 | loss 0.6229 | acc 82.5% | 6s elapsed | eta 18s
  step 200/391 | loss 0.6274 | acc 82.1% | 13s elapsed | eta 12s
  step 300/391 | loss 0.6267 | acc 81.9% | 16s elapsed | eta 5s
Ep  40 | loss 0.6297 | task 0.5392 | cons 0.1131 | train 81.8% | test 79.7% | 24s
    K=1: 80.2%
    K=2: 80.1%
    K=4: 79.7%
  step 100/391 | loss 0.6086 | acc 81.9% | 3s elapsed | eta 9s
  step 200/391 | loss 0.6105 | acc 82.0% | 7s elapsed | eta 7s
  step 300/391 | loss 0.6143 | acc 81.9% | 15s elapsed | eta 5s
Ep  41 | loss 0.6179 | task 0.5314 | cons 0.1054 | train 81.9% | test 79.8% | 21s
  step 100/391 | loss 0.5865 | acc 82.9% | 4s elapsed | eta 12s
  step 200/391 | loss 0.5941 | acc 82.5% | 12s elapsed | eta 12s
  step 300/391 | loss 0.6029 | acc 82.5% | 17s elapsed | eta 5s
Ep  42 | loss 0.6062 | task 0.5198 | cons 0.1028 | train 82.3% | test 79.6% | 24s
  step 100/391 | loss 0.6001 | acc 82.4% | 3s elapsed | eta 8s
  step 200/391 | loss 0.6091 | acc 82.5% | 10s elapsed | eta 9s
  step 300/391 | loss 0.6055 | acc 82.5% | 16s elapsed | eta 5s
Ep  43 | loss 0.6093 | task 0.5189 | cons 0.1050 | train 82.4% | test 79.6% | 21s
  step 100/391 | loss 0.6027 | acc 82.8% | 3s elapsed | eta 9s
  step 200/391 | loss 0.5978 | acc 82.8% | 10s elapsed | eta 10s
  step 300/391 | loss 0.6033 | acc 82.7% | 17s elapsed | eta 5s
Ep  44 | loss 0.6038 | task 0.5127 | cons 0.1035 | train 82.6% | test 81.0% | 21s
  step 100/391 | loss 0.5776 | acc 83.6% | 6s elapsed | eta 17s
  step 200/391 | loss 0.5882 | acc 82.9% | 11s elapsed | eta 11s
  step 300/391 | loss 0.5927 | acc 82.8% | 17s elapsed | eta 5s
Ep  45 | loss 0.5972 | task 0.5054 | cons 0.1019 | train 82.6% | test 80.6% | 21s
  step 100/391 | loss 0.5872 | acc 83.8% | 8s elapsed | eta 23s
  step 200/391 | loss 0.6044 | acc 83.1% | 14s elapsed | eta 13s
  step 300/391 | loss 0.5968 | acc 83.2% | 17s elapsed | eta 5s
Ep  46 | loss 0.6001 | task 0.5009 | cons 0.1078 | train 83.2% | test 80.3% | 24s
  step 100/391 | loss 0.5889 | acc 83.7% | 6s elapsed | eta 16s
  step 200/391 | loss 0.5980 | acc 83.6% | 10s elapsed | eta 10s
  step 300/391 | loss 0.5970 | acc 83.4% | 13s elapsed | eta 4s
Ep  47 | loss 0.6013 | task 0.4986 | cons 0.1093 | train 83.2% | test 80.6% | 20s
  step 100/391 | loss 0.5604 | acc 84.2% | 3s elapsed | eta 7s
  step 200/391 | loss 0.5718 | acc 84.0% | 8s elapsed | eta 8s
  step 300/391 | loss 0.5878 | acc 83.6% | 12s elapsed | eta 4s
Ep  48 | loss 0.5953 | task 0.4938 | cons 0.1057 | train 83.4% | test 80.1% | 20s
  step 100/391 | loss 0.5653 | acc 83.9% | 7s elapsed | eta 19s
  step 200/391 | loss 0.5764 | acc 84.0% | 11s elapsed | eta 10s
  step 300/391 | loss 0.5862 | acc 83.8% | 18s elapsed | eta 5s
Ep  49 | loss 0.5869 | task 0.4865 | cons 0.1025 | train 83.7% | test 81.3% | 22s
  step 100/391 | loss 0.5669 | acc 84.3% | 6s elapsed | eta 17s
  step 200/391 | loss 0.5831 | acc 84.0% | 9s elapsed | eta 9s
  step 300/391 | loss 0.5833 | acc 84.0% | 12s elapsed | eta 4s
Ep  50 | loss 0.5906 | task 0.4831 | cons 0.1075 | train 83.9% | test 81.2% | 17s
    K=1: 81.0%
    K=2: 81.3%
    K=4: 81.2%
  step 100/391 | loss 0.5504 | acc 84.5% | 4s elapsed | eta 11s
  step 200/391 | loss 0.5670 | acc 84.2% | 7s elapsed | eta 6s
  step 300/391 | loss 0.5856 | acc 83.9% | 11s elapsed | eta 3s
Ep  51 | loss 0.5849 | task 0.4769 | cons 0.1080 | train 84.0% | test 79.7% | 21s
  step 100/391 | loss 0.5796 | acc 84.3% | 6s elapsed | eta 19s
  step 200/391 | loss 0.5689 | acc 84.6% | 14s elapsed | eta 14s
  step 300/391 | loss 0.5773 | acc 84.4% | 17s elapsed | eta 5s
Ep  52 | loss 0.5809 | task 0.4724 | cons 0.1085 | train 84.2% | test 80.5% | 21s
  step 100/391 | loss 0.5853 | acc 84.4% | 8s elapsed | eta 23s
  step 200/391 | loss 0.5794 | acc 84.3% | 14s elapsed | eta 13s
  step 300/391 | loss 0.5785 | acc 84.5% | 17s elapsed | eta 5s
Ep  53 | loss 0.5796 | task 0.4699 | cons 0.1097 | train 84.4% | test 80.7% | 20s
  step 100/391 | loss 0.5681 | acc 84.6% | 3s elapsed | eta 8s
  step 200/391 | loss 0.5727 | acc 84.4% | 6s elapsed | eta 6s
  step 300/391 | loss 0.5732 | acc 84.4% | 12s elapsed | eta 4s
Ep  54 | loss 0.5705 | task 0.4655 | cons 0.1049 | train 84.4% | test 80.9% | 21s
  step 100/391 | loss 0.5503 | acc 84.9% | 3s elapsed | eta 10s
  step 200/391 | loss 0.5579 | acc 84.8% | 6s elapsed | eta 6s
  step 300/391 | loss 0.5523 | acc 85.0% | 11s elapsed | eta 3s
Ep  55 | loss 0.5575 | task 0.4525 | cons 0.1050 | train 84.8% | test 80.6% | 20s
  step 100/391 | loss 0.5572 | acc 85.3% | 3s elapsed | eta 9s
  step 200/391 | loss 0.5569 | acc 85.3% | 6s elapsed | eta 5s
  step 300/391 | loss 0.5518 | acc 85.3% | 9s elapsed | eta 3s
Ep  56 | loss 0.5563 | task 0.4494 | cons 0.1070 | train 85.1% | test 81.1% | 20s
  step 100/391 | loss 0.5320 | acc 85.3% | 3s elapsed | eta 10s
  step 200/391 | loss 0.5418 | acc 85.3% | 6s elapsed | eta 6s
  step 300/391 | loss 0.5433 | acc 85.2% | 9s elapsed | eta 3s
Ep  57 | loss 0.5483 | task 0.4428 | cons 0.1055 | train 85.2% | test 80.9% | 18s
  step 100/391 | loss 0.5550 | acc 85.1% | 5s elapsed | eta 16s
  step 200/391 | loss 0.5434 | acc 85.4% | 9s elapsed | eta 8s
  step 300/391 | loss 0.5467 | acc 85.3% | 12s elapsed | eta 4s
Ep  58 | loss 0.5470 | task 0.4397 | cons 0.1073 | train 85.3% | test 80.9% | 20s
  step 100/391 | loss 0.5291 | acc 86.2% | 7s elapsed | eta 19s
  step 200/391 | loss 0.5257 | acc 86.0% | 10s elapsed | eta 9s
  step 300/391 | loss 0.5291 | acc 85.8% | 14s elapsed | eta 4s
Ep  59 | loss 0.5316 | task 0.4283 | cons 0.1033 | train 85.7% | test 81.1% | 25s
  step 100/391 | loss 0.5325 | acc 86.2% | 3s elapsed | eta 9s
  step 200/391 | loss 0.5381 | acc 86.0% | 6s elapsed | eta 5s
  step 300/391 | loss 0.5463 | acc 85.7% | 9s elapsed | eta 3s
Ep  60 | loss 0.5448 | task 0.4327 | cons 0.1121 | train 85.6% | test 81.2% | 13s
    K=1: 81.6%
    K=2: 81.9%
    K=4: 81.2%
  step 100/391 | loss 0.5036 | acc 86.5% | 6s elapsed | eta 17s
  step 200/391 | loss 0.5157 | acc 86.2% | 12s elapsed | eta 12s
  step 300/391 | loss 0.5221 | acc 86.0% | 20s elapsed | eta 6s
Ep  61 | loss 0.5204 | task 0.4198 | cons 0.1006 | train 86.0% | test 82.2% | 24s
  step 100/391 | loss 0.5004 | acc 86.6% | 8s elapsed | eta 24s
  step 200/391 | loss 0.5089 | acc 86.4% | 14s elapsed | eta 13s
  step 300/391 | loss 0.5128 | acc 86.2% | 20s elapsed | eta 6s
Ep  62 | loss 0.5178 | task 0.4145 | cons 0.1033 | train 86.1% | test 79.4% | 29s
  step 100/391 | loss 0.5427 | acc 85.7% | 3s elapsed | eta 9s
  step 200/391 | loss 0.5339 | acc 86.2% | 6s elapsed | eta 6s
  step 300/391 | loss 0.5298 | acc 86.0% | 11s elapsed | eta 3s
Ep  63 | loss 0.5293 | task 0.4191 | cons 0.1102 | train 86.1% | test 81.2% | 21s
  step 100/391 | loss 0.4735 | acc 87.2% | 4s elapsed | eta 10s
  step 200/391 | loss 0.5054 | acc 86.3% | 8s elapsed | eta 7s
  step 300/391 | loss 0.5070 | acc 86.5% | 16s elapsed | eta 5s
Ep  64 | loss 0.5083 | task 0.4090 | cons 0.0992 | train 86.3% | test 81.0% | 20s
  step 100/391 | loss 0.5110 | acc 86.6% | 2s elapsed | eta 7s
  step 200/391 | loss 0.5051 | acc 86.6% | 4s elapsed | eta 4s
  step 300/391 | loss 0.5127 | acc 86.5% | 9s elapsed | eta 3s
Ep  65 | loss 0.5132 | task 0.4050 | cons 0.1083 | train 86.4% | test 81.2% | 17s
  step 100/391 | loss 0.4996 | acc 86.9% | 7s elapsed | eta 19s
  step 200/391 | loss 0.5000 | acc 87.0% | 9s elapsed | eta 8s
  step 300/391 | loss 0.5032 | acc 86.9% | 11s elapsed | eta 3s
Ep  66 | loss 0.5133 | task 0.3980 | cons 0.1153 | train 86.7% | test 80.2% | 13s
  step 100/391 | loss 0.5108 | acc 87.2% | 3s elapsed | eta 8s
  step 200/391 | loss 0.5099 | acc 87.2% | 5s elapsed | eta 5s
  step 300/391 | loss 0.5119 | acc 87.1% | 8s elapsed | eta 3s
Ep  67 | loss 0.5123 | task 0.3926 | cons 0.1197 | train 86.9% | test 82.2% | 14s
  step 100/391 | loss 0.5196 | acc 86.8% | 4s elapsed | eta 13s
  step 200/391 | loss 0.5204 | acc 86.9% | 8s elapsed | eta 7s
  step 300/391 | loss 0.5223 | acc 86.8% | 11s elapsed | eta 3s
Ep  68 | loss 0.5199 | task 0.3964 | cons 0.1236 | train 86.9% | test 82.0% | 21s
  step 100/391 | loss 0.4999 | acc 87.8% | 6s elapsed | eta 19s
  step 200/391 | loss 0.5000 | acc 87.4% | 10s elapsed | eta 10s
  step 300/391 | loss 0.5011 | acc 87.2% | 14s elapsed | eta 4s
Ep  69 | loss 0.4992 | task 0.3875 | cons 0.1117 | train 87.2% | test 82.4% | 21s
  step 100/391 | loss 0.4665 | acc 87.9% | 8s elapsed | eta 23s
  step 200/391 | loss 0.4828 | acc 87.6% | 12s elapsed | eta 11s
  step 300/391 | loss 0.4841 | acc 87.5% | 17s elapsed | eta 5s
Ep  70 | loss 0.4894 | task 0.3828 | cons 0.1067 | train 87.4% | test 82.6% | 26s
    K=1: 82.5%
    K=2: 82.7%
    K=4: 82.6%
  step 100/391 | loss 0.4793 | acc 87.8% | 4s elapsed | eta 12s
  step 200/391 | loss 0.4791 | acc 87.7% | 11s elapsed | eta 10s
  step 300/391 | loss 0.4794 | acc 87.7% | 16s elapsed | eta 5s
Ep  71 | loss 0.4777 | task 0.3703 | cons 0.1074 | train 87.7% | test 81.8% | 23s
  step 100/391 | loss 0.4616 | acc 88.2% | 7s elapsed | eta 20s
  step 200/391 | loss 0.4689 | acc 88.1% | 10s elapsed | eta 10s
  step 300/391 | loss 0.4697 | acc 88.0% | 14s elapsed | eta 4s
Ep  72 | loss 0.4774 | task 0.3726 | cons 0.1048 | train 87.8% | test 81.5% | 23s
  step 100/391 | loss 0.4674 | acc 88.0% | 4s elapsed | eta 13s
  step 200/391 | loss 0.4807 | acc 88.0% | 11s elapsed | eta 10s
  step 300/391 | loss 0.4830 | acc 87.8% | 17s elapsed | eta 5s
Ep  73 | loss 0.4821 | task 0.3709 | cons 0.1112 | train 87.8% | test 82.3% | 24s
  step 100/391 | loss 0.4692 | acc 88.4% | 5s elapsed | eta 15s
  step 200/391 | loss 0.4823 | acc 88.0% | 7s elapsed | eta 7s
  step 300/391 | loss 0.4858 | acc 87.9% | 9s elapsed | eta 3s
Ep  74 | loss 0.4892 | task 0.3692 | cons 0.1201 | train 87.9% | test 81.7% | 12s
  step 100/391 | loss 0.4533 | acc 88.3% | 3s elapsed | eta 8s
  step 200/391 | loss 0.4669 | acc 88.1% | 5s elapsed | eta 5s
  step 300/391 | loss 0.4700 | acc 88.1% | 8s elapsed | eta 2s
Ep  75 | loss 0.4731 | task 0.3605 | cons 0.1126 | train 88.1% | test 82.2% | 12s
  step 100/391 | loss 0.4624 | acc 88.7% | 4s elapsed | eta 13s
  step 200/391 | loss 0.4762 | acc 88.3% | 10s elapsed | eta 10s
  step 300/391 | loss 0.4761 | acc 88.2% | 18s elapsed | eta 5s
Ep  76 | loss 0.4719 | task 0.3581 | cons 0.1138 | train 88.3% | test 82.1% | 23s
  step 100/391 | loss 0.4477 | acc 88.7% | 5s elapsed | eta 15s
  step 200/391 | loss 0.4511 | acc 88.7% | 10s elapsed | eta 9s
  step 300/391 | loss 0.4611 | acc 88.4% | 18s elapsed | eta 6s
Ep  77 | loss 0.4658 | task 0.3542 | cons 0.1116 | train 88.2% | test 82.1% | 24s
  step 100/391 | loss 0.4358 | acc 89.4% | 3s elapsed | eta 8s
  step 200/391 | loss 0.4469 | acc 88.8% | 5s elapsed | eta 5s
  step 300/391 | loss 0.4535 | acc 88.7% | 10s elapsed | eta 3s
Ep  78 | loss 0.4584 | task 0.3472 | cons 0.1112 | train 88.5% | test 82.1% | 19s
  step 100/391 | loss 0.4689 | acc 88.8% | 3s elapsed | eta 10s
  step 200/391 | loss 0.4658 | acc 88.8% | 9s elapsed | eta 9s
  step 300/391 | loss 0.4636 | acc 88.7% | 16s elapsed | eta 5s
Ep  79 | loss 0.4682 | task 0.3489 | cons 0.1193 | train 88.6% | test 81.3% | 20s
  step 100/391 | loss 0.4547 | acc 89.0% | 6s elapsed | eta 17s
  step 200/391 | loss 0.4590 | acc 88.5% | 13s elapsed | eta 12s
  step 300/391 | loss 0.4607 | acc 88.5% | 15s elapsed | eta 5s
Ep  80 | loss 0.4619 | task 0.3491 | cons 0.1128 | train 88.5% | test 82.6% | 19s
    K=1: 82.5%
    K=2: 82.6%
    K=4: 82.6%
  step 100/391 | loss 0.4442 | acc 88.9% | 7s elapsed | eta 21s
  step 200/391 | loss 0.4630 | acc 88.7% | 11s elapsed | eta 11s
  step 300/391 | loss 0.4680 | acc 88.6% | 15s elapsed | eta 4s
Ep  81 | loss 0.4695 | task 0.3464 | cons 0.1231 | train 88.6% | test 81.6% | 24s
  step 100/391 | loss 0.4390 | acc 89.3% | 4s elapsed | eta 12s
  step 200/391 | loss 0.4354 | acc 89.2% | 7s elapsed | eta 7s
  step 300/391 | loss 0.4427 | acc 89.0% | 12s elapsed | eta 4s
Ep  82 | loss 0.4521 | task 0.3423 | cons 0.1098 | train 88.9% | test 82.6% | 21s
  step 100/391 | loss 0.4475 | acc 89.0% | 3s elapsed | eta 8s
  step 200/391 | loss 0.4494 | acc 89.1% | 5s elapsed | eta 5s
  step 300/391 | loss 0.4521 | acc 88.9% | 10s elapsed | eta 3s
Ep  83 | loss 0.4539 | task 0.3398 | cons 0.1140 | train 88.8% | test 82.5% | 20s
  step 100/391 | loss 0.4382 | acc 89.7% | 3s elapsed | eta 8s
  step 200/391 | loss 0.4378 | acc 89.6% | 7s elapsed | eta 7s
  step 300/391 | loss 0.4466 | acc 89.4% | 14s elapsed | eta 4s
Ep  84 | loss 0.4496 | task 0.3297 | cons 0.1200 | train 89.2% | test 82.8% | 20s
  step 100/391 | loss 0.4303 | acc 89.9% | 3s elapsed | eta 8s
  step 200/391 | loss 0.4409 | acc 89.4% | 8s elapsed | eta 8s
  step 300/391 | loss 0.4434 | acc 89.4% | 15s elapsed | eta 5s
Ep  85 | loss 0.4488 | task 0.3287 | cons 0.1202 | train 89.2% | test 82.5% | 20s
  step 100/391 | loss 0.4224 | acc 89.5% | 3s elapsed | eta 8s
  step 200/391 | loss 0.4237 | acc 89.4% | 7s elapsed | eta 7s
  step 300/391 | loss 0.4215 | acc 89.4% | 14s elapsed | eta 4s
Ep  86 | loss 0.4320 | task 0.3259 | cons 0.1061 | train 89.3% | test 82.2% | 20s
  step 100/391 | loss 0.4031 | acc 90.3% | 3s elapsed | eta 10s
  step 200/391 | loss 0.4191 | acc 89.9% | 10s elapsed | eta 10s
  step 300/391 | loss 0.4294 | acc 89.8% | 16s elapsed | eta 5s
Ep  87 | loss 0.4336 | task 0.3167 | cons 0.1168 | train 89.8% | test 81.6% | 20s
  step 100/391 | loss 0.4320 | acc 89.7% | 6s elapsed | eta 16s
  step 200/391 | loss 0.4291 | acc 89.7% | 12s elapsed | eta 12s
  step 300/391 | loss 0.4316 | acc 89.7% | 17s elapsed | eta 5s
Ep  88 | loss 0.4323 | task 0.3164 | cons 0.1159 | train 89.7% | test 82.0% | 20s
  step 100/391 | loss 0.4221 | acc 89.7% | 7s elapsed | eta 20s
  step 200/391 | loss 0.4366 | acc 89.6% | 14s elapsed | eta 13s
  step 300/391 | loss 0.4350 | acc 89.8% | 16s elapsed | eta 5s
Ep  89 | loss 0.4350 | task 0.3143 | cons 0.1206 | train 89.7% | test 82.7% | 24s
  step 100/391 | loss 0.4155 | acc 90.2% | 6s elapsed | eta 19s
  step 200/391 | loss 0.4184 | acc 90.0% | 9s elapsed | eta 9s
  step 300/391 | loss 0.4139 | acc 90.0% | 12s elapsed | eta 4s
Ep  90 | loss 0.4111 | task 0.3066 | cons 0.1045 | train 90.0% | test 82.6% | 21s
    K=1: 82.3%
    K=2: 82.6%
    K=4: 82.6%
  step 100/391 | loss 0.4126 | acc 90.3% | 3s elapsed | eta 8s
  step 200/391 | loss 0.4187 | acc 90.3% | 5s elapsed | eta 5s
  step 300/391 | loss 0.4277 | acc 90.1% | 12s elapsed | eta 4s
Ep  91 | loss 0.4359 | task 0.3117 | cons 0.1242 | train 89.9% | test 82.9% | 19s
  step 100/391 | loss 0.4320 | acc 90.0% | 2s elapsed | eta 6s
  step 200/391 | loss 0.4310 | acc 90.2% | 7s elapsed | eta 7s
  step 300/391 | loss 0.4425 | acc 90.0% | 13s elapsed | eta 4s
Ep  92 | loss 0.4386 | task 0.3055 | cons 0.1331 | train 90.0% | test 82.2% | 21s
  step 100/391 | loss 0.4194 | acc 90.0% | 4s elapsed | eta 12s
  step 200/391 | loss 0.4159 | acc 90.4% | 6s elapsed | eta 6s
  step 300/391 | loss 0.4265 | acc 90.2% | 8s elapsed | eta 2s
Ep  93 | loss 0.4277 | task 0.2979 | cons 0.1298 | train 90.2% | test 82.8% | 11s
  step 100/391 | loss 0.3875 | acc 91.1% | 3s elapsed | eta 8s
  step 200/391 | loss 0.4041 | acc 90.7% | 5s elapsed | eta 5s
  step 300/391 | loss 0.4028 | acc 90.5% | 8s elapsed | eta 3s
Ep  94 | loss 0.4097 | task 0.2975 | cons 0.1122 | train 90.4% | test 82.4% | 13s
  step 100/391 | loss 0.4016 | acc 90.6% | 4s elapsed | eta 11s
  step 200/391 | loss 0.4110 | acc 90.6% | 7s elapsed | eta 7s
  step 300/391 | loss 0.4156 | acc 90.5% | 14s elapsed | eta 4s
Ep  95 | loss 0.4176 | task 0.2998 | cons 0.1178 | train 90.4% | test 82.3% | 22s
  step 100/391 | loss 0.4196 | acc 90.6% | 3s elapsed | eta 8s
  step 200/391 | loss 0.4225 | acc 90.4% | 5s elapsed | eta 5s
  step 300/391 | loss 0.4181 | acc 90.5% | 8s elapsed | eta 2s
Ep  96 | loss 0.4196 | task 0.2966 | cons 0.1230 | train 90.4% | test 81.1% | 18s
  step 100/391 | loss 0.4115 | acc 90.9% | 4s elapsed | eta 11s
  step 200/391 | loss 0.4135 | acc 90.7% | 6s elapsed | eta 6s
  step 300/391 | loss 0.4121 | acc 90.6% | 11s elapsed | eta 3s
Ep  97 | loss 0.4128 | task 0.2920 | cons 0.1208 | train 90.5% | test 81.5% | 18s
  step 100/391 | loss 0.3867 | acc 91.2% | 5s elapsed | eta 15s
  step 200/391 | loss 0.3994 | acc 90.9% | 9s elapsed | eta 9s
  step 300/391 | loss 0.4106 | acc 90.7% | 12s elapsed | eta 4s
Ep  98 | loss 0.4120 | task 0.2911 | cons 0.1209 | train 90.7% | test 82.5% | 20s
  step 100/391 | loss 0.3796 | acc 91.1% | 5s elapsed | eta 13s
  step 200/391 | loss 0.3823 | acc 91.1% | 9s elapsed | eta 9s
  step 300/391 | loss 0.3900 | acc 91.0% | 12s elapsed | eta 4s
Ep  99 | loss 0.3933 | task 0.2797 | cons 0.1136 | train 90.9% | test 82.0% | 19s
  step 100/391 | loss 0.3949 | acc 90.9% | 7s elapsed | eta 19s
  step 200/391 | loss 0.3911 | acc 91.1% | 10s elapsed | eta 9s
  step 300/391 | loss 0.3994 | acc 90.9% | 13s elapsed | eta 4s
Ep 100 | loss 0.4026 | task 0.2826 | cons 0.1201 | train 90.8% | test 82.5% | 22s
    K=1: 82.5%
    K=2: 82.5%
    K=4: 82.5%
  step 100/391 | loss 0.3903 | acc 91.4% | 3s elapsed | eta 7s
  step 200/391 | loss 0.4034 | acc 91.3% | 9s elapsed | eta 9s
  step 300/391 | loss 0.4094 | acc 91.2% | 14s elapsed | eta 4s
Ep 101 | loss 0.4177 | task 0.2854 | cons 0.1323 | train 90.9% | test 82.6% | 20s
  step 100/391 | loss 0.4041 | acc 91.0% | 5s elapsed | eta 14s
  step 200/391 | loss 0.4058 | acc 91.0% | 12s elapsed | eta 12s
  step 300/391 | loss 0.4104 | acc 91.0% | 16s elapsed | eta 5s
Ep 102 | loss 0.4131 | task 0.2784 | cons 0.1347 | train 91.0% | test 82.3% | 24s
  step 100/391 | loss 0.3822 | acc 91.3% | 4s elapsed | eta 12s
  step 200/391 | loss 0.3847 | acc 91.4% | 9s elapsed | eta 8s
  step 300/391 | loss 0.3910 | acc 91.2% | 11s elapsed | eta 3s
Ep 103 | loss 0.3912 | task 0.2686 | cons 0.1225 | train 91.2% | test 83.0% | 19s
  step 100/391 | loss 0.3874 | acc 91.7% | 4s elapsed | eta 13s
  step 200/391 | loss 0.3953 | acc 91.5% | 9s elapsed | eta 9s
  step 300/391 | loss 0.3929 | acc 91.4% | 12s elapsed | eta 4s
Ep 104 | loss 0.3883 | task 0.2661 | cons 0.1222 | train 91.4% | test 82.5% | 17s
  step 100/391 | loss 0.3754 | acc 91.5% | 7s elapsed | eta 21s
  step 200/391 | loss 0.3778 | acc 91.5% | 11s elapsed | eta 11s
  step 300/391 | loss 0.3814 | acc 91.4% | 14s elapsed | eta 4s
Ep 105 | loss 0.3858 | task 0.2652 | cons 0.1206 | train 91.4% | test 82.7% | 21s
  step 100/391 | loss 0.3754 | acc 91.6% | 7s elapsed | eta 20s
  step 200/391 | loss 0.3732 | acc 91.6% | 10s elapsed | eta 9s
  step 300/391 | loss 0.3767 | acc 91.6% | 12s elapsed | eta 4s
Ep 106 | loss 0.3792 | task 0.2626 | cons 0.1166 | train 91.4% | test 82.9% | 21s
  step 100/391 | loss 0.3586 | acc 92.1% | 5s elapsed | eta 15s
  step 200/391 | loss 0.3650 | acc 92.1% | 8s elapsed | eta 7s
  step 300/391 | loss 0.3747 | acc 91.7% | 14s elapsed | eta 4s
Ep 107 | loss 0.3779 | task 0.2616 | cons 0.1162 | train 91.6% | test 82.0% | 22s
  step 100/391 | loss 0.3639 | acc 92.3% | 3s elapsed | eta 8s
  step 200/391 | loss 0.3694 | acc 92.1% | 6s elapsed | eta 6s
  step 300/391 | loss 0.3782 | acc 91.9% | 13s elapsed | eta 4s
Ep 108 | loss 0.3829 | task 0.2601 | cons 0.1228 | train 91.7% | test 83.7% | 20s
  step 100/391 | loss 0.3920 | acc 91.8% | 3s elapsed | eta 8s
  step 200/391 | loss 0.3922 | acc 91.6% | 7s elapsed | eta 6s
  step 300/391 | loss 0.3886 | acc 91.7% | 14s elapsed | eta 4s
Ep 109 | loss 0.3901 | task 0.2587 | cons 0.1313 | train 91.7% | test 82.1% | 20s
  step 100/391 | loss 0.3916 | acc 91.8% | 4s elapsed | eta 11s
  step 200/391 | loss 0.3790 | acc 92.1% | 11s elapsed | eta 10s
  step 300/391 | loss 0.3783 | acc 91.9% | 16s elapsed | eta 5s
Ep 110 | loss 0.3811 | task 0.2577 | cons 0.1235 | train 91.8% | test 81.7% | 19s
    K=1: 82.3%
    K=2: 82.3%
    K=4: 81.7%
  step 100/391 | loss 0.3675 | acc 92.1% | 6s elapsed | eta 19s
  step 200/391 | loss 0.3646 | acc 92.2% | 9s elapsed | eta 9s
  step 300/391 | loss 0.3698 | acc 91.9% | 15s elapsed | eta 5s
Ep 111 | loss 0.3719 | task 0.2499 | cons 0.1220 | train 91.9% | test 83.1% | 23s
  step 100/391 | loss 0.3673 | acc 92.3% | 4s elapsed | eta 11s
  step 200/391 | loss 0.3689 | acc 92.0% | 6s elapsed | eta 5s
  step 300/391 | loss 0.3639 | acc 92.0% | 8s elapsed | eta 2s
Ep 112 | loss 0.3658 | task 0.2490 | cons 0.1168 | train 92.0% | test 82.3% | 11s
  step 100/391 | loss 0.3538 | acc 92.4% | 3s elapsed | eta 7s
  step 200/391 | loss 0.3664 | acc 92.1% | 5s elapsed | eta 5s
  step 300/391 | loss 0.3663 | acc 92.1% | 8s elapsed | eta 2s
Ep 113 | loss 0.3680 | task 0.2471 | cons 0.1208 | train 92.1% | test 82.2% | 13s
  step 100/391 | loss 0.3549 | acc 92.2% | 6s elapsed | eta 16s
  step 200/391 | loss 0.3597 | acc 92.3% | 14s elapsed | eta 14s
  step 300/391 | loss 0.3631 | acc 92.3% | 20s elapsed | eta 6s
Ep 114 | loss 0.3683 | task 0.2465 | cons 0.1217 | train 92.3% | test 82.1% | 24s
  step 100/391 | loss 0.3526 | acc 92.8% | 4s elapsed | eta 12s
  step 200/391 | loss 0.3599 | acc 92.4% | 12s elapsed | eta 12s
  step 300/391 | loss 0.3700 | acc 92.2% | 18s elapsed | eta 6s
Ep 115 | loss 0.3707 | task 0.2481 | cons 0.1226 | train 92.1% | test 83.1% | 21s
  step 100/391 | loss 0.3868 | acc 92.4% | 3s elapsed | eta 8s
  step 200/391 | loss 0.3849 | acc 92.2% | 9s elapsed | eta 8s
  step 300/391 | loss 0.3915 | acc 92.1% | 16s elapsed | eta 5s
Ep 116 | loss 0.3936 | task 0.2528 | cons 0.1409 | train 92.1% | test 82.7% | 23s
  step 100/391 | loss 0.3980 | acc 92.0% | 7s elapsed | eta 20s
  step 200/391 | loss 0.4123 | acc 92.1% | 11s elapsed | eta 10s
  step 300/391 | loss 0.4078 | acc 92.0% | 15s elapsed | eta 5s
Ep 117 | loss 0.6893 | task 0.3886 | cons 0.3007 | train 89.1% | test 60.8% | 24s
  step 100/391 | loss 1.7885 | acc 71.9% | 3s elapsed | eta 9s
  step 200/391 | loss 1.2584 | acc 80.4% | 9s elapsed | eta 9s
  step 300/391 | loss 1.0507 | acc 83.4% | 16s elapsed | eta 5s
Ep 118 | loss 0.9398 | task 0.4874 | cons 0.4524 | train 84.8% | test 82.3% | 22s
  step 100/391 | loss 0.4647 | acc 91.3% | 5s elapsed | eta 15s
  step 200/391 | loss 0.4661 | acc 91.0% | 12s elapsed | eta 11s
  step 300/391 | loss 0.4589 | acc 91.0% | 18s elapsed | eta 5s
Ep 119 | loss 0.4544 | task 0.2780 | cons 0.1764 | train 91.1% | test 83.3% | 24s
  step 100/391 | loss 0.4140 | acc 92.2% | 2s elapsed | eta 6s
  step 200/391 | loss 0.4096 | acc 92.2% | 4s elapsed | eta 4s
  step 300/391 | loss 0.4049 | acc 92.2% | 7s elapsed | eta 2s
Ep 120 | loss 0.4114 | task 0.2579 | cons 0.1535 | train 92.0% | test 82.9% | 10s
    K=1: 83.1%
    K=2: 83.1%
    K=4: 82.9%
  step 100/391 | loss 0.4122 | acc 92.7% | 4s elapsed | eta 11s
  step 200/391 | loss 0.4002 | acc 92.3% | 7s elapsed | eta 7s
  step 300/391 | loss 0.4024 | acc 92.2% | 11s elapsed | eta 3s
Ep 121 | loss 0.3950 | task 0.2457 | cons 0.1493 | train 92.3% | test 83.4% | 20s
  step 100/391 | loss 0.3757 | acc 92.5% | 5s elapsed | eta 15s
  step 200/391 | loss 0.3711 | acc 92.7% | 9s elapsed | eta 9s
  step 300/391 | loss 0.3804 | acc 92.6% | 11s elapsed | eta 3s
Ep 122 | loss 0.3767 | task 0.2351 | cons 0.1417 | train 92.6% | test 83.0% | 18s
  step 100/391 | loss 0.3751 | acc 92.8% | 7s elapsed | eta 20s
  step 200/391 | loss 0.3735 | acc 92.8% | 10s elapsed | eta 10s
  step 300/391 | loss 0.3748 | acc 92.6% | 15s elapsed | eta 5s
Ep 123 | loss 0.3789 | task 0.2373 | cons 0.1416 | train 92.5% | test 82.9% | 24s
  step 100/391 | loss 0.3933 | acc 93.0% | 3s elapsed | eta 9s
  step 200/391 | loss 0.3945 | acc 92.8% | 7s elapsed | eta 7s
  step 300/391 | loss 0.3849 | acc 92.7% | 14s elapsed | eta 4s
Ep 124 | loss 0.3780 | task 0.2320 | cons 0.1461 | train 92.7% | test 83.6% | 20s
  step 100/391 | loss 0.3380 | acc 92.9% | 3s elapsed | eta 9s
  step 200/391 | loss 0.3517 | acc 92.8% | 10s elapsed | eta 10s
  step 300/391 | loss 0.3567 | acc 92.8% | 16s elapsed | eta 5s
Ep 125 | loss 0.3590 | task 0.2313 | cons 0.1277 | train 92.8% | test 83.3% | 20s
  step 100/391 | loss 0.3609 | acc 93.0% | 7s elapsed | eta 21s
  step 200/391 | loss 0.3600 | acc 93.0% | 14s elapsed | eta 13s
  step 300/391 | loss 0.3686 | acc 92.8% | 16s elapsed | eta 5s
Ep 126 | loss 0.3681 | task 0.2274 | cons 0.1406 | train 92.8% | test 83.4% | 24s
  step 100/391 | loss 0.3222 | acc 93.4% | 6s elapsed | eta 18s
  step 200/391 | loss 0.3316 | acc 93.3% | 9s elapsed | eta 8s
  step 300/391 | loss 0.3434 | acc 93.0% | 13s elapsed | eta 4s
Ep 127 | loss 0.3501 | task 0.2231 | cons 0.1271 | train 93.0% | test 83.1% | 23s
  step 100/391 | loss 0.3582 | acc 93.3% | 3s elapsed | eta 9s
  step 200/391 | loss 0.3565 | acc 93.2% | 5s elapsed | eta 5s
  step 300/391 | loss 0.3619 | acc 93.1% | 11s elapsed | eta 3s
Ep 128 | loss 0.3627 | task 0.2248 | cons 0.1380 | train 93.0% | test 83.0% | 20s
  step 100/391 | loss 0.3580 | acc 93.7% | 3s elapsed | eta 8s
  step 200/391 | loss 0.3432 | acc 93.5% | 5s elapsed | eta 5s
  step 300/391 | loss 0.3439 | acc 93.4% | 8s elapsed | eta 3s
Ep 129 | loss 0.3473 | task 0.2119 | cons 0.1354 | train 93.3% | test 81.7% | 18s
  step 100/391 | loss 0.3312 | acc 93.6% | 4s elapsed | eta 12s
  step 200/391 | loss 0.3317 | acc 93.7% | 7s elapsed | eta 7s
  step 300/391 | loss 0.3328 | acc 93.6% | 12s elapsed | eta 4s
Ep 130 | loss 0.3412 | task 0.2095 | cons 0.1316 | train 93.5% | test 82.2% | 21s
    K=1: 82.8%
    K=2: 82.9%
    K=4: 82.2%
  step 100/391 | loss 0.3440 | acc 93.6% | 3s elapsed | eta 8s
  step 200/391 | loss 0.3499 | acc 93.3% | 7s elapsed | eta 7s
  step 300/391 | loss 0.3468 | acc 93.4% | 14s elapsed | eta 4s
Ep 131 | loss 0.3486 | task 0.2124 | cons 0.1361 | train 93.3% | test 82.8% | 20s
  step 100/391 | loss 0.3348 | acc 93.6% | 4s elapsed | eta 12s
  step 200/391 | loss 0.3322 | acc 93.7% | 11s elapsed | eta 11s
  step 300/391 | loss 0.3337 | acc 93.5% | 16s elapsed | eta 5s
Ep 132 | loss 0.3369 | task 0.2126 | cons 0.1242 | train 93.4% | test 83.5% | 20s
  step 100/391 | loss 0.3430 | acc 93.5% | 6s elapsed | eta 17s
  step 200/391 | loss 0.3308 | acc 93.6% | 13s elapsed | eta 12s
  step 300/391 | loss 0.3362 | acc 93.5% | 17s elapsed | eta 5s
Ep 133 | loss 0.3395 | task 0.2064 | cons 0.1331 | train 93.4% | test 83.0% | 20s
  step 100/391 | loss 0.3441 | acc 93.4% | 4s elapsed | eta 13s
  step 200/391 | loss 0.3291 | acc 93.7% | 11s elapsed | eta 11s
  step 300/391 | loss 0.3365 | acc 93.7% | 16s elapsed | eta 5s
Ep 134 | loss 0.3425 | task 0.2054 | cons 0.1371 | train 93.6% | test 82.8% | 20s
  step 100/391 | loss 0.3438 | acc 93.9% | 7s elapsed | eta 20s
  step 200/391 | loss 0.3491 | acc 93.8% | 14s elapsed | eta 13s
  step 300/391 | loss 0.3502 | acc 93.7% | 16s elapsed | eta 5s
Ep 135 | loss 0.3511 | task 0.2055 | cons 0.1456 | train 93.7% | test 83.4% | 23s
  step 100/391 | loss 0.3313 | acc 93.9% | 7s elapsed | eta 21s
  step 200/391 | loss 0.3232 | acc 93.8% | 10s elapsed | eta 10s
  step 300/391 | loss 0.3243 | acc 93.7% | 13s elapsed | eta 4s
Ep 136 | loss 0.3273 | task 0.2035 | cons 0.1238 | train 93.8% | test 82.4% | 20s
  step 100/391 | loss 0.3325 | acc 93.8% | 7s elapsed | eta 20s
  step 200/391 | loss 0.3265 | acc 93.8% | 9s elapsed | eta 9s
  step 300/391 | loss 0.3305 | acc 93.7% | 12s elapsed | eta 4s
Ep 137 | loss 0.3333 | task 0.2059 | cons 0.1275 | train 93.6% | test 82.5% | 17s
  step 100/391 | loss 0.3193 | acc 94.1% | 6s elapsed | eta 18s
  step 200/391 | loss 0.3610 | acc 93.6% | 12s elapsed | eta 12s
  step 300/391 | loss 0.3624 | acc 93.6% | 18s elapsed | eta 5s
Ep 138 | loss 0.3604 | task 0.2093 | cons 0.1512 | train 93.6% | test 82.3% | 21s
  step 100/391 | loss 0.3446 | acc 94.2% | 2s elapsed | eta 7s
  step 200/391 | loss 0.3585 | acc 93.9% | 4s elapsed | eta 4s
  step 300/391 | loss 0.3612 | acc 93.9% | 7s elapsed | eta 2s
Ep 139 | loss 0.3573 | task 0.2048 | cons 0.1525 | train 93.8% | test 82.8% | 11s
  step 100/391 | loss 0.3294 | acc 94.2% | 4s elapsed | eta 10s
  step 200/391 | loss 0.3502 | acc 93.9% | 8s elapsed | eta 7s
  step 300/391 | loss 0.3560 | acc 93.9% | 11s elapsed | eta 3s
Ep 140 | loss 0.3545 | task 0.2003 | cons 0.1542 | train 93.8% | test 83.1% | 16s
    K=1: 83.3%
    K=2: 83.5%
    K=4: 83.1%
  step 100/391 | loss 0.3166 | acc 94.2% | 4s elapsed | eta 11s
  step 200/391 | loss 0.3233 | acc 94.0% | 8s elapsed | eta 7s
  step 300/391 | loss 0.3276 | acc 93.9% | 12s elapsed | eta 4s
Ep 141 | loss 0.3311 | task 0.1946 | cons 0.1365 | train 93.9% | test 83.4% | 19s
  step 100/391 | loss 0.3188 | acc 94.3% | 9s elapsed | eta 26s
  step 200/391 | loss 0.3275 | acc 94.3% | 11s elapsed | eta 11s
  step 300/391 | loss 0.3225 | acc 94.2% | 14s elapsed | eta 4s
Ep 142 | loss 0.3210 | task 0.1895 | cons 0.1315 | train 94.1% | test 82.8% | 18s
  step 100/391 | loss 0.2969 | acc 94.5% | 7s elapsed | eta 20s
  step 200/391 | loss 0.2982 | acc 94.3% | 12s elapsed | eta 12s
  step 300/391 | loss 0.3083 | acc 94.4% | 16s elapsed | eta 5s
Ep 143 | loss 0.3197 | task 0.1896 | cons 0.1301 | train 94.2% | test 83.4% | 25s
  step 100/391 | loss 0.3219 | acc 94.2% | 3s elapsed | eta 10s
  step 200/391 | loss 0.3180 | acc 94.3% | 9s elapsed | eta 9s
  step 300/391 | loss 0.3204 | acc 94.4% | 16s elapsed | eta 5s
Ep 144 | loss 0.3202 | task 0.1838 | cons 0.1364 | train 94.4% | test 83.1% | 21s
  step 100/391 | loss 0.2842 | acc 94.5% | 4s elapsed | eta 12s
  step 200/391 | loss 0.2917 | acc 94.6% | 11s elapsed | eta 11s
  step 300/391 | loss 0.2922 | acc 94.5% | 15s elapsed | eta 5s
Ep 145 | loss 0.2944 | task 0.1775 | cons 0.1169 | train 94.5% | test 83.3% | 23s
  step 100/391 | loss 0.2878 | acc 95.1% | 7s elapsed | eta 20s
  step 200/391 | loss 0.2992 | acc 94.8% | 9s elapsed | eta 9s
  step 300/391 | loss 0.3029 | acc 94.6% | 14s elapsed | eta 4s
Ep 146 | loss 0.3024 | task 0.1764 | cons 0.1260 | train 94.5% | test 82.9% | 23s
  step 100/391 | loss 0.2790 | acc 95.1% | 4s elapsed | eta 11s
  step 200/391 | loss 0.2905 | acc 94.8% | 10s elapsed | eta 9s
  step 300/391 | loss 0.2960 | acc 94.6% | 16s elapsed | eta 5s
Ep 147 | loss 0.2979 | task 0.1779 | cons 0.1200 | train 94.5% | test 82.9% | 21s
  step 100/391 | loss 0.2925 | acc 95.0% | 5s elapsed | eta 15s
  step 200/391 | loss 0.2992 | acc 94.9% | 12s elapsed | eta 12s
  step 300/391 | loss 0.2941 | acc 94.8% | 16s elapsed | eta 5s
Ep 148 | loss 0.2989 | task 0.1738 | cons 0.1251 | train 94.7% | test 82.6% | 22s
  step 100/391 | loss 0.2869 | acc 94.8% | 7s elapsed | eta 20s
  step 200/391 | loss 0.3002 | acc 94.8% | 12s elapsed | eta 11s
  step 300/391 | loss 0.3054 | acc 94.7% | 18s elapsed | eta 5s
Ep 149 | loss 0.3002 | task 0.1755 | cons 0.1247 | train 94.7% | test 82.6% | 21s
  step 100/391 | loss 0.2742 | acc 95.0% | 2s elapsed | eta 6s
  step 200/391 | loss 0.2757 | acc 94.9% | 4s elapsed | eta 4s
  step 300/391 | loss 0.2806 | acc 94.8% | 7s elapsed | eta 2s
Ep 150 | loss 0.2819 | task 0.1694 | cons 0.1124 | train 94.8% | test 83.4% | 11s
    K=1: 83.2%
    K=2: 83.4%
    K=4: 83.4%
  step 100/391 | loss 0.2793 | acc 95.0% | 4s elapsed | eta 11s
  step 200/391 | loss 0.2790 | acc 94.8% | 7s elapsed | eta 6s
  step 300/391 | loss 0.2815 | acc 94.8% | 10s elapsed | eta 3s
Ep 151 | loss 0.2794 | task 0.1649 | cons 0.1144 | train 94.8% | test 83.8% | 17s
  step 100/391 | loss 0.2795 | acc 95.1% | 8s elapsed | eta 24s
  step 200/391 | loss 0.2836 | acc 95.0% | 12s elapsed | eta 12s
  step 300/391 | loss 0.2854 | acc 95.0% | 17s elapsed | eta 5s
Ep 152 | loss 0.2870 | task 0.1633 | cons 0.1237 | train 95.0% | test 83.3% | 21s
  step 100/391 | loss 0.2643 | acc 95.2% | 7s elapsed | eta 20s
  step 200/391 | loss 0.2757 | acc 95.1% | 14s elapsed | eta 13s
  step 300/391 | loss 0.2779 | acc 95.0% | 17s elapsed | eta 5s
Ep 153 | loss 0.2791 | task 0.1647 | cons 0.1144 | train 95.0% | test 83.6% | 24s
  step 100/391 | loss 0.2796 | acc 95.3% | 7s elapsed | eta 19s
  step 200/391 | loss 0.2856 | acc 95.1% | 9s elapsed | eta 9s
  step 300/391 | loss 0.2854 | acc 95.0% | 12s elapsed | eta 4s
Ep 154 | loss 0.2867 | task 0.1659 | cons 0.1208 | train 94.9% | test 83.4% | 20s
  step 100/391 | loss 0.2618 | acc 95.6% | 5s elapsed | eta 15s
  step 200/391 | loss 0.2646 | acc 95.3% | 10s elapsed | eta 10s
  step 300/391 | loss 0.2680 | acc 95.2% | 17s elapsed | eta 5s
Ep 155 | loss 0.2746 | task 0.1606 | cons 0.1140 | train 95.1% | test 83.1% | 23s
  step 100/391 | loss 0.2682 | acc 95.5% | 6s elapsed | eta 17s
  step 200/391 | loss 0.2746 | acc 95.5% | 13s elapsed | eta 12s
  step 300/391 | loss 0.2809 | acc 95.2% | 15s elapsed | eta 5s
Ep 156 | loss 0.2825 | task 0.1599 | cons 0.1226 | train 95.2% | test 83.4% | 21s
  step 100/391 | loss 0.2540 | acc 95.7% | 7s elapsed | eta 20s
  step 200/391 | loss 0.2682 | acc 95.3% | 12s elapsed | eta 11s
  step 300/391 | loss 0.2692 | acc 95.3% | 14s elapsed | eta 4s
Ep 157 | loss 0.2687 | task 0.1565 | cons 0.1122 | train 95.2% | test 83.4% | 19s
  step 100/391 | loss 0.2658 | acc 95.6% | 7s elapsed | eta 21s
  step 200/391 | loss 0.2598 | acc 95.4% | 12s elapsed | eta 11s
  step 300/391 | loss 0.2646 | acc 95.5% | 14s elapsed | eta 4s
Ep 158 | loss 0.2682 | task 0.1536 | cons 0.1146 | train 95.4% | test 83.8% | 20s
  step 100/391 | loss 0.2733 | acc 95.5% | 7s elapsed | eta 21s
  step 200/391 | loss 0.2714 | acc 95.3% | 11s elapsed | eta 10s
  step 300/391 | loss 0.2691 | acc 95.4% | 13s elapsed | eta 4s
Ep 159 | loss 0.2730 | task 0.1598 | cons 0.1132 | train 95.2% | test 83.6% | 21s
  step 100/391 | loss 0.2350 | acc 96.1% | 6s elapsed | eta 18s
  step 200/391 | loss 0.2654 | acc 95.8% | 9s elapsed | eta 8s
  step 300/391 | loss 0.2704 | acc 95.6% | 11s elapsed | eta 3s
Ep 160 | loss 0.2780 | task 0.1512 | cons 0.1267 | train 95.5% | test 83.1% | 20s
    K=1: 82.8%
    K=2: 83.1%
    K=4: 83.1%
  step 100/391 | loss 0.2705 | acc 95.6% | 3s elapsed | eta 8s
  step 200/391 | loss 0.2733 | acc 95.5% | 7s elapsed | eta 6s
  step 300/391 | loss 0.2810 | acc 95.4% | 14s elapsed | eta 4s
Ep 161 | loss 0.2789 | task 0.1532 | cons 0.1257 | train 95.4% | test 83.4% | 20s
  step 100/391 | loss 0.2648 | acc 95.7% | 3s elapsed | eta 8s
  step 200/391 | loss 0.2674 | acc 95.7% | 9s elapsed | eta 9s
  step 300/391 | loss 0.2642 | acc 95.6% | 16s elapsed | eta 5s
Ep 162 | loss 0.2629 | task 0.1461 | cons 0.1169 | train 95.6% | test 83.0% | 20s
  step 100/391 | loss 0.2514 | acc 95.9% | 5s elapsed | eta 14s
  step 200/391 | loss 0.2596 | acc 95.7% | 12s elapsed | eta 11s
  step 300/391 | loss 0.2600 | acc 95.7% | 16s elapsed | eta 5s
Ep 163 | loss 0.2596 | task 0.1433 | cons 0.1163 | train 95.7% | test 83.5% | 20s
  step 100/391 | loss 0.2345 | acc 95.9% | 7s elapsed | eta 21s
  step 200/391 | loss 0.2466 | acc 95.8% | 13s elapsed | eta 13s
  step 300/391 | loss 0.2449 | acc 95.8% | 16s elapsed | eta 5s
Ep 164 | loss 0.2486 | task 0.1411 | cons 0.1075 | train 95.7% | test 84.0% | 24s
  step 100/391 | loss 0.2490 | acc 95.8% | 6s elapsed | eta 17s
  step 200/391 | loss 0.2490 | acc 95.9% | 8s elapsed | eta 8s
  step 300/391 | loss 0.2519 | acc 95.9% | 11s elapsed | eta 3s
Ep 165 | loss 0.2586 | task 0.1430 | cons 0.1156 | train 95.8% | test 83.6% | 17s
  step 100/391 | loss 0.2458 | acc 95.9% | 8s elapsed | eta 22s
  step 200/391 | loss 0.2500 | acc 95.8% | 10s elapsed | eta 10s
  step 300/391 | loss 0.2483 | acc 95.8% | 14s elapsed | eta 4s
Ep 166 | loss 0.2516 | task 0.1408 | cons 0.1108 | train 95.7% | test 83.4% | 23s
  step 100/391 | loss 0.2402 | acc 96.1% | 4s elapsed | eta 12s
  step 200/391 | loss 0.2502 | acc 96.1% | 7s elapsed | eta 6s
  step 300/391 | loss 0.2506 | acc 96.1% | 12s elapsed | eta 4s
Ep 167 | loss 0.2599 | task 0.1387 | cons 0.1212 | train 95.9% | test 83.0% | 20s
  step 100/391 | loss 0.2820 | acc 96.0% | 6s elapsed | eta 18s
  step 200/391 | loss 0.2812 | acc 95.7% | 10s elapsed | eta 9s
  step 300/391 | loss 0.2741 | acc 95.8% | 12s elapsed | eta 4s
Ep 168 | loss 0.2734 | task 0.1437 | cons 0.1298 | train 95.7% | test 83.7% | 14s
  step 100/391 | loss 0.2625 | acc 95.9% | 2s elapsed | eta 6s
  step 200/391 | loss 0.2708 | acc 95.9% | 4s elapsed | eta 4s
  step 300/391 | loss 0.2762 | acc 95.9% | 7s elapsed | eta 2s
Ep 169 | loss 0.2810 | task 0.1466 | cons 0.1345 | train 95.9% | test 83.9% | 11s
  step 100/391 | loss 0.2898 | acc 95.9% | 4s elapsed | eta 11s
  step 200/391 | loss 0.3056 | acc 95.8% | 8s elapsed | eta 7s
  step 300/391 | loss 0.3087 | acc 95.7% | 13s elapsed | eta 4s
Ep 170 | loss 0.3259 | task 0.1600 | cons 0.1659 | train 95.6% | test 82.8% | 22s
    K=1: 82.3%
    K=2: 82.7%
    K=4: 82.8%
  step 100/391 | loss 0.3201 | acc 95.6% | 4s elapsed | eta 12s
  step 200/391 | loss 0.3264 | acc 95.3% | 8s elapsed | eta 7s
  step 300/391 | loss 0.3220 | acc 95.3% | 12s elapsed | eta 4s
Ep 171 | loss 0.3096 | task 0.1538 | cons 0.1558 | train 95.4% | test 83.0% | 17s
  step 100/391 | loss 0.2759 | acc 96.2% | 7s elapsed | eta 20s
  step 200/391 | loss 0.2707 | acc 96.1% | 12s elapsed | eta 11s
  step 300/391 | loss 0.2684 | acc 96.1% | 14s elapsed | eta 4s
Ep 172 | loss 0.2721 | task 0.1377 | cons 0.1343 | train 96.0% | test 83.0% | 23s
  step 100/391 | loss 0.2243 | acc 96.5% | 5s elapsed | eta 15s
  step 200/391 | loss 0.2424 | acc 96.3% | 10s elapsed | eta 9s
  step 300/391 | loss 0.2527 | acc 96.2% | 16s elapsed | eta 5s
Ep 173 | loss 0.2570 | task 0.1350 | cons 0.1220 | train 96.1% | test 83.7% | 22s
  step 100/391 | loss 0.2654 | acc 96.4% | 6s elapsed | eta 17s
  step 200/391 | loss 0.2710 | acc 96.2% | 13s elapsed | eta 12s
  step 300/391 | loss 0.2740 | acc 96.2% | 16s elapsed | eta 5s
Ep 174 | loss 0.2758 | task 0.1349 | cons 0.1410 | train 96.1% | test 83.7% | 24s
  step 100/391 | loss 0.2911 | acc 96.2% | 5s elapsed | eta 14s
  step 200/391 | loss 0.2819 | acc 96.2% | 9s elapsed | eta 8s
  step 300/391 | loss 0.2910 | acc 96.2% | 14s elapsed | eta 4s
Ep 175 | loss 0.2890 | task 0.1284 | cons 0.1606 | train 96.1% | test 82.9% | 22s
  step 100/391 | loss 0.2835 | acc 96.3% | 3s elapsed | eta 8s
  step 200/391 | loss 0.2772 | acc 96.3% | 7s elapsed | eta 7s
  step 300/391 | loss 0.2773 | acc 96.3% | 10s elapsed | eta 3s
Ep 176 | loss 0.2768 | task 0.1265 | cons 0.1502 | train 96.3% | test 83.3% | 19s
  step 100/391 | loss 0.2590 | acc 96.1% | 5s elapsed | eta 15s
  step 200/391 | loss 0.2554 | acc 96.1% | 11s elapsed | eta 11s
  step 300/391 | loss 0.2577 | acc 96.2% | 18s elapsed | eta 5s
Ep 177 | loss 0.2681 | task 0.1313 | cons 0.1368 | train 96.2% | test 83.1% | 22s
  step 100/391 | loss 0.2593 | acc 96.5% | 6s elapsed | eta 18s
  step 200/391 | loss 0.2743 | acc 96.3% | 12s elapsed | eta 12s
  step 300/391 | loss 0.2742 | acc 96.3% | 16s elapsed | eta 5s
Ep 178 | loss 0.2675 | task 0.1210 | cons 0.1465 | train 96.4% | test 83.5% | 25s
  step 100/391 | loss 0.2577 | acc 96.6% | 4s elapsed | eta 12s
  step 200/391 | loss 0.2564 | acc 96.6% | 9s elapsed | eta 8s
  step 300/391 | loss 0.2557 | acc 96.5% | 13s elapsed | eta 4s
Ep 179 | loss 0.2559 | task 0.1189 | cons 0.1370 | train 96.5% | test 83.6% | 21s
  step 100/391 | loss 0.2699 | acc 96.5% | 3s elapsed | eta 9s
  step 200/391 | loss 0.2766 | acc 96.4% | 10s elapsed | eta 9s
  step 300/391 | loss 0.2746 | acc 96.3% | 15s elapsed | eta 5s
Ep 180 | loss 0.2737 | task 0.1217 | cons 0.1520 | train 96.3% | test 83.4% | 22s
    K=1: 83.3%
    K=2: 83.7%
    K=4: 83.4%
  step 100/391 | loss 0.2851 | acc 96.4% | 2s elapsed | eta 7s
  step 200/391 | loss 0.2774 | acc 96.5% | 4s elapsed | eta 4s
  step 300/391 | loss 0.2768 | acc 96.4% | 6s elapsed | eta 2s
Ep 181 | loss 0.2765 | task 0.1246 | cons 0.1519 | train 96.4% | test 83.5% | 9s
  step 100/391 | loss 0.2499 | acc 96.6% | 4s elapsed | eta 10s
  step 200/391 | loss 0.2547 | acc 96.4% | 7s elapsed | eta 7s
  step 300/391 | loss 0.2538 | acc 96.4% | 11s elapsed | eta 3s
Ep 182 | loss 0.2582 | task 0.1199 | cons 0.1383 | train 96.4% | test 83.6% | 16s
  step 100/391 | loss 0.2503 | acc 96.6% | 6s elapsed | eta 17s
  step 200/391 | loss 0.2482 | acc 96.5% | 11s elapsed | eta 10s
  step 300/391 | loss 0.2455 | acc 96.5% | 21s elapsed | eta 6s
Ep 183 | loss 0.2411 | task 0.1187 | cons 0.1225 | train 96.6% | test 83.9% | 27s
  step 100/391 | loss 0.2512 | acc 96.7% | 5s elapsed | eta 15s
  step 200/391 | loss 0.2504 | acc 96.9% | 10s elapsed | eta 10s
  step 300/391 | loss 0.2519 | acc 96.8% | 18s elapsed | eta 5s
Ep 184 | loss 0.2579 | task 0.1120 | cons 0.1459 | train 96.7% | test 83.6% | 23s
  step 100/391 | loss 0.2205 | acc 96.9% | 6s elapsed | eta 19s
  step 200/391 | loss 0.2318 | acc 96.8% | 14s elapsed | eta 14s
  step 300/391 | loss 0.2342 | acc 96.8% | 17s elapsed | eta 5s
Ep 185 | loss 0.2372 | task 0.1122 | cons 0.1250 | train 96.8% | test 83.5% | 24s
  step 100/391 | loss 0.2343 | acc 96.6% | 7s elapsed | eta 22s
  step 200/391 | loss 0.2394 | acc 96.6% | 10s elapsed | eta 10s
  step 300/391 | loss 0.2378 | acc 96.7% | 14s elapsed | eta 4s
Ep 186 | loss 0.2343 | task 0.1115 | cons 0.1228 | train 96.6% | test 84.0% | 23s
  step 100/391 | loss 0.2328 | acc 96.5% | 5s elapsed | eta 14s
  step 200/391 | loss 0.2268 | acc 96.6% | 9s elapsed | eta 8s
  step 300/391 | loss 0.2306 | acc 96.6% | 13s elapsed | eta 4s
Ep 187 | loss 0.2316 | task 0.1136 | cons 0.1180 | train 96.6% | test 83.6% | 22s
  step 100/391 | loss 0.2124 | acc 96.9% | 3s elapsed | eta 8s
  step 200/391 | loss 0.2216 | acc 96.8% | 7s elapsed | eta 6s
  step 300/391 | loss 0.2218 | acc 96.8% | 9s elapsed | eta 3s
Ep 188 | loss 0.2264 | task 0.1066 | cons 0.1198 | train 96.8% | test 83.6% | 13s
  step 100/391 | loss 0.2039 | acc 97.2% | 5s elapsed | eta 16s
  step 200/391 | loss 0.2190 | acc 97.0% | 13s elapsed | eta 13s
  step 300/391 | loss 0.2143 | acc 97.0% | 17s elapsed | eta 5s
Ep 189 | loss 0.2188 | task 0.1067 | cons 0.1120 | train 96.9% | test 83.6% | 28s
  step 100/391 | loss 0.2202 | acc 97.1% | 3s elapsed | eta 9s
  step 200/391 | loss 0.2211 | acc 97.0% | 6s elapsed | eta 6s
  step 300/391 | loss 0.2213 | acc 97.0% | 9s elapsed | eta 3s
Ep 190 | loss 0.2296 | task 0.1060 | cons 0.1236 | train 96.9% | test 83.5% | 16s
    K=1: 83.8%
    K=2: 83.7%
    K=4: 83.5%
  step 100/391 | loss 0.2316 | acc 97.1% | 3s elapsed | eta 8s
  step 200/391 | loss 0.2221 | acc 97.1% | 5s elapsed | eta 5s
  step 300/391 | loss 0.2220 | acc 97.0% | 12s elapsed | eta 4s
Ep 191 | loss 0.2225 | task 0.1033 | cons 0.1191 | train 97.0% | test 83.3% | 20s
  step 100/391 | loss 0.2152 | acc 97.1% | 3s elapsed | eta 9s
  step 200/391 | loss 0.2160 | acc 96.9% | 8s elapsed | eta 8s
  step 300/391 | loss 0.2136 | acc 97.0% | 15s elapsed | eta 5s
Ep 192 | loss 0.2095 | task 0.1003 | cons 0.1092 | train 97.0% | test 83.6% | 21s
  step 100/391 | loss 0.1984 | acc 97.5% | 7s elapsed | eta 20s
  step 200/391 | loss 0.2078 | acc 97.2% | 14s elapsed | eta 13s
  step 300/391 | loss 0.2128 | acc 97.2% | 20s elapsed | eta 6s
Ep 193 | loss 0.2095 | task 0.0951 | cons 0.1144 | train 97.3% | test 83.4% | 28s
  step 100/391 | loss 0.2005 | acc 97.3% | 3s elapsed | eta 9s
  step 200/391 | loss 0.2074 | acc 97.1% | 10s elapsed | eta 10s
  step 300/391 | loss 0.2004 | acc 97.2% | 17s elapsed | eta 5s
Ep 194 | loss 0.2056 | task 0.0992 | cons 0.1064 | train 97.1% | test 83.7% | 21s
  step 100/391 | loss 0.2042 | acc 97.3% | 3s elapsed | eta 8s
  step 200/391 | loss 0.1958 | acc 97.4% | 7s elapsed | eta 7s
  step 300/391 | loss 0.1951 | acc 97.3% | 14s elapsed | eta 4s
Ep 195 | loss 0.2000 | task 0.0965 | cons 0.1035 | train 97.2% | test 83.7% | 20s
  step 100/391 | loss 0.2014 | acc 97.3% | 3s elapsed | eta 8s
  step 200/391 | loss 0.2072 | acc 97.2% | 10s elapsed | eta 9s
  step 300/391 | loss 0.2102 | acc 97.1% | 17s elapsed | eta 5s
Ep 196 | loss 0.2065 | task 0.0992 | cons 0.1073 | train 97.2% | test 83.5% | 24s
  step 100/391 | loss 0.1976 | acc 97.4% | 7s elapsed | eta 20s
  step 200/391 | loss 0.1976 | acc 97.3% | 10s elapsed | eta 9s
  step 300/391 | loss 0.2054 | acc 97.3% | 12s elapsed | eta 4s
Ep 197 | loss 0.2036 | task 0.0959 | cons 0.1077 | train 97.3% | test 83.2% | 21s
  step 100/391 | loss 0.2004 | acc 97.4% | 6s elapsed | eta 19s
  step 200/391 | loss 0.1950 | acc 97.4% | 11s elapsed | eta 11s
  step 300/391 | loss 0.1986 | acc 97.3% | 19s elapsed | eta 6s
Ep 198 | loss 0.2001 | task 0.0907 | cons 0.1094 | train 97.4% | test 83.4% | 24s
  step 100/391 | loss 0.1835 | acc 97.6% | 6s elapsed | eta 16s
  step 200/391 | loss 0.1945 | acc 97.4% | 13s elapsed | eta 12s
  step 300/391 | loss 0.1972 | acc 97.4% | 17s elapsed | eta 5s
Ep 199 | loss 0.1935 | task 0.0902 | cons 0.1033 | train 97.4% | test 83.6% | 28s
  step 100/391 | loss 0.1759 | acc 97.7% | 4s elapsed | eta 12s
  step 200/391 | loss 0.1848 | acc 97.5% | 12s elapsed | eta 12s
  step 300/391 | loss 0.1905 | acc 97.4% | 18s elapsed | eta 6s
Ep 200 | loss 0.1919 | task 0.0888 | cons 0.1032 | train 97.4% | test 83.4% | 29s
    K=1: 83.3%
    K=2: 83.4%
    K=4: 83.4%
  step 100/391 | loss 0.1878 | acc 97.6% | 3s elapsed | eta 9s
  step 200/391 | loss 0.1828 | acc 97.6% | 6s elapsed | eta 5s
  step 300/391 | loss 0.1878 | acc 97.5% | 9s elapsed | eta 3s
Ep 201 | loss 0.1881 | task 0.0883 | cons 0.0997 | train 97.5% | test 83.2% | 20s
  step 100/391 | loss 0.1872 | acc 97.7% | 3s elapsed | eta 8s
  step 200/391 | loss 0.1927 | acc 97.5% | 5s elapsed | eta 5s
  step 300/391 | loss 0.1894 | acc 97.6% | 8s elapsed | eta 3s
Ep 202 | loss 0.1905 | task 0.0884 | cons 0.1021 | train 97.5% | test 83.4% | 18s
  step 100/391 | loss 0.1909 | acc 97.5% | 5s elapsed | eta 15s
  step 200/391 | loss 0.1762 | acc 97.6% | 9s elapsed | eta 8s
  step 300/391 | loss 0.1749 | acc 97.7% | 11s elapsed | eta 3s
Ep 203 | loss 0.1784 | task 0.0825 | cons 0.0959 | train 97.6% | test 83.8% | 21s
  step 100/391 | loss 0.1978 | acc 97.5% | 5s elapsed | eta 14s
  step 200/391 | loss 0.1931 | acc 97.6% | 8s elapsed | eta 7s
  step 300/391 | loss 0.1863 | acc 97.5% | 13s elapsed | eta 4s
Ep 204 | loss 0.1872 | task 0.0837 | cons 0.1034 | train 97.6% | test 84.0% | 22s
  step 100/391 | loss 0.1872 | acc 97.8% | 3s elapsed | eta 10s
  step 200/391 | loss 0.1889 | acc 97.8% | 6s elapsed | eta 6s
  step 300/391 | loss 0.1920 | acc 97.7% | 12s elapsed | eta 4s
Ep 205 | loss 0.1920 | task 0.0817 | cons 0.1102 | train 97.7% | test 83.4% | 20s
  step 100/391 | loss 0.1856 | acc 97.9% | 4s elapsed | eta 11s
  step 200/391 | loss 0.1886 | acc 97.8% | 6s elapsed | eta 6s
  step 300/391 | loss 0.1932 | acc 97.8% | 9s elapsed | eta 3s
Ep 206 | loss 0.1969 | task 0.0838 | cons 0.1130 | train 97.7% | test 83.3% | 13s
  step 100/391 | loss 0.2071 | acc 97.6% | 8s elapsed | eta 23s
  step 200/391 | loss 0.2108 | acc 97.5% | 15s elapsed | eta 15s
  step 300/391 | loss 0.2039 | acc 97.5% | 21s elapsed | eta 7s
Ep 207 | loss 0.2035 | task 0.0845 | cons 0.1190 | train 97.6% | test 83.7% | 28s
  step 100/391 | loss 0.1936 | acc 97.9% | 3s elapsed | eta 8s
  step 200/391 | loss 0.1864 | acc 97.9% | 6s elapsed | eta 5s
  step 300/391 | loss 0.1862 | acc 97.8% | 10s elapsed | eta 3s
Ep 208 | loss 0.1840 | task 0.0778 | cons 0.1062 | train 97.8% | test 84.3% | 21s
  step 100/391 | loss 0.1934 | acc 97.8% | 3s elapsed | eta 8s
  step 200/391 | loss 0.1966 | acc 97.7% | 6s elapsed | eta 5s
  step 300/391 | loss 0.1978 | acc 97.8% | 9s elapsed | eta 3s
Ep 209 | loss 0.2058 | task 0.0817 | cons 0.1242 | train 97.7% | test 83.9% | 14s
  step 100/391 | loss 0.1932 | acc 98.0% | 8s elapsed | eta 24s
  step 200/391 | loss 0.1978 | acc 98.0% | 12s elapsed | eta 12s
  step 300/391 | loss 0.1994 | acc 97.9% | 15s elapsed | eta 5s
Ep 210 | loss 0.1989 | task 0.0805 | cons 0.1185 | train 97.8% | test 83.8% | 21s
    K=1: 83.6%
    K=2: 83.7%
    K=4: 83.8%
  step 100/391 | loss 0.1934 | acc 97.9% | 4s elapsed | eta 11s
  step 200/391 | loss 0.1953 | acc 97.9% | 6s elapsed | eta 6s
  step 300/391 | loss 0.1951 | acc 97.8% | 9s elapsed | eta 3s
Ep 211 | loss 0.1926 | task 0.0772 | cons 0.1154 | train 97.8% | test 83.0% | 16s
  step 100/391 | loss 0.1928 | acc 97.8% | 6s elapsed | eta 16s
  step 200/391 | loss 0.1982 | acc 97.7% | 8s elapsed | eta 8s
  step 300/391 | loss 0.1941 | acc 97.8% | 13s elapsed | eta 4s
Ep 212 | loss 0.1942 | task 0.0790 | cons 0.1152 | train 97.8% | test 83.5% | 20s
  step 100/391 | loss 0.1932 | acc 97.9% | 8s elapsed | eta 22s
  step 200/391 | loss 0.1942 | acc 97.9% | 10s elapsed | eta 10s
  step 300/391 | loss 0.2013 | acc 97.8% | 13s elapsed | eta 4s
Ep 213 | loss 0.1997 | task 0.0775 | cons 0.1222 | train 97.8% | test 83.7% | 17s
  step 100/391 | loss 0.1773 | acc 97.9% | 8s elapsed | eta 23s
  step 200/391 | loss 0.1850 | acc 97.9% | 13s elapsed | eta 12s
  step 300/391 | loss 0.1853 | acc 97.9% | 16s elapsed | eta 5s
Ep 214 | loss 0.1818 | task 0.0704 | cons 0.1114 | train 97.9% | test 84.1% | 19s
  step 100/391 | loss 0.1717 | acc 98.0% | 6s elapsed | eta 18s
  step 200/391 | loss 0.1684 | acc 98.1% | 13s elapsed | eta 13s
  step 300/391 | loss 0.1721 | acc 98.0% | 20s elapsed | eta 6s
Ep 215 | loss 0.1727 | task 0.0709 | cons 0.1018 | train 98.0% | test 83.8% | 29s
  step 100/391 | loss 0.1795 | acc 97.9% | 4s elapsed | eta 11s
  step 200/391 | loss 0.1833 | acc 98.0% | 11s elapsed | eta 11s
  step 300/391 | loss 0.1800 | acc 98.0% | 15s elapsed | eta 4s
Ep 216 | loss 0.1782 | task 0.0716 | cons 0.1066 | train 98.0% | test 83.9% | 22s
  step 100/391 | loss 0.1777 | acc 98.2% | 8s elapsed | eta 23s
  step 200/391 | loss 0.1793 | acc 98.1% | 11s elapsed | eta 11s
  step 300/391 | loss 0.1832 | acc 98.0% | 19s elapsed | eta 6s
Ep 217 | loss 0.1861 | task 0.0728 | cons 0.1133 | train 98.0% | test 83.6% | 26s
  step 100/391 | loss 0.1773 | acc 98.1% | 3s elapsed | eta 9s
  step 200/391 | loss 0.1882 | acc 98.1% | 10s elapsed | eta 10s
  step 300/391 | loss 0.1856 | acc 98.0% | 17s elapsed | eta 5s
Ep 218 | loss 0.1845 | task 0.0700 | cons 0.1145 | train 98.1% | test 83.9% | 22s
  step 100/391 | loss 0.1937 | acc 98.2% | 8s elapsed | eta 23s
  step 200/391 | loss 0.2029 | acc 98.2% | 12s elapsed | eta 12s
  step 300/391 | loss 0.2047 | acc 98.2% | 18s elapsed | eta 5s
Ep 219 | loss 0.2020 | task 0.0694 | cons 0.1327 | train 98.1% | test 83.9% | 25s
  step 100/391 | loss 0.1907 | acc 98.3% | 3s elapsed | eta 9s
  step 200/391 | loss 0.1874 | acc 98.2% | 9s elapsed | eta 8s
  step 300/391 | loss 0.1915 | acc 98.2% | 13s elapsed | eta 4s
Ep 220 | loss 0.1919 | task 0.0679 | cons 0.1240 | train 98.1% | test 83.7% | 21s
    K=1: 83.5%
    K=2: 83.7%
    K=4: 83.7%
  step 100/391 | loss 0.1995 | acc 98.1% | 8s elapsed | eta 23s
  step 200/391 | loss 0.2001 | acc 98.2% | 11s elapsed | eta 11s
  step 300/391 | loss 0.2049 | acc 98.1% | 14s elapsed | eta 4s
Ep 221 | loss 0.2023 | task 0.0688 | cons 0.1335 | train 98.1% | test 84.4% | 23s
  step 100/391 | loss 0.2185 | acc 98.1% | 5s elapsed | eta 15s
  step 200/391 | loss 0.2106 | acc 98.1% | 8s elapsed | eta 8s
  step 300/391 | loss 0.2153 | acc 98.0% | 14s elapsed | eta 4s
Ep 222 | loss 0.2164 | task 0.0702 | cons 0.1462 | train 98.0% | test 83.9% | 23s
  step 100/391 | loss 0.2022 | acc 98.2% | 3s elapsed | eta 10s
  step 200/391 | loss 0.2087 | acc 98.2% | 6s elapsed | eta 6s
  step 300/391 | loss 0.2137 | acc 98.1% | 11s elapsed | eta 3s
Ep 223 | loss 0.2133 | task 0.0717 | cons 0.1415 | train 98.1% | test 83.7% | 15s
  step 100/391 | loss 0.1931 | acc 98.2% | 3s elapsed | eta 8s
  step 200/391 | loss 0.1969 | acc 98.2% | 5s elapsed | eta 5s
  step 300/391 | loss 0.1914 | acc 98.3% | 11s elapsed | eta 3s
Ep 224 | loss 0.1887 | task 0.0630 | cons 0.1257 | train 98.3% | test 84.0% | 19s
  step 100/391 | loss 0.1957 | acc 98.2% | 6s elapsed | eta 18s
  step 200/391 | loss 0.1912 | acc 98.2% | 12s elapsed | eta 12s
  step 300/391 | loss 0.1914 | acc 98.2% | 18s elapsed | eta 5s
Ep 225 | loss 0.1903 | task 0.0641 | cons 0.1262 | train 98.2% | test 83.8% | 20s
  step 100/391 | loss 0.1910 | acc 98.4% | 2s elapsed | eta 6s
  step 200/391 | loss 0.1970 | acc 98.3% | 4s elapsed | eta 4s
  step 300/391 | loss 0.1928 | acc 98.3% | 6s elapsed | eta 2s
Ep 226 | loss 0.1931 | task 0.0663 | cons 0.1268 | train 98.3% | test 84.0% | 10s
  step 100/391 | loss 0.1705 | acc 98.5% | 3s elapsed | eta 8s
  step 200/391 | loss 0.1707 | acc 98.4% | 6s elapsed | eta 6s
  step 300/391 | loss 0.1763 | acc 98.3% | 9s elapsed | eta 3s
Ep 227 | loss 0.1797 | task 0.0610 | cons 0.1187 | train 98.3% | test 84.0% | 13s
  step 100/391 | loss 0.1876 | acc 98.4% | 6s elapsed | eta 17s
  step 200/391 | loss 0.1822 | acc 98.4% | 11s elapsed | eta 11s
  step 300/391 | loss 0.1786 | acc 98.4% | 19s elapsed | eta 6s
Ep 228 | loss 0.1757 | task 0.0590 | cons 0.1168 | train 98.4% | test 84.0% | 24s
  step 100/391 | loss 0.1964 | acc 98.3% | 4s elapsed | eta 12s
  step 200/391 | loss 0.1909 | acc 98.3% | 7s elapsed | eta 6s
  step 300/391 | loss 0.1856 | acc 98.3% | 11s elapsed | eta 3s
Ep 229 | loss 0.1794 | task 0.0600 | cons 0.1194 | train 98.3% | test 84.0% | 20s
  step 100/391 | loss 0.1673 | acc 98.4% | 3s elapsed | eta 8s
  step 200/391 | loss 0.1696 | acc 98.4% | 7s elapsed | eta 7s
  step 300/391 | loss 0.1735 | acc 98.4% | 14s elapsed | eta 4s
Ep 230 | loss 0.1731 | task 0.0591 | cons 0.1140 | train 98.4% | test 84.3% | 20s
    K=1: 84.1%
    K=2: 84.3%
    K=4: 84.3%
  step 100/391 | loss 0.1594 | acc 98.4% | 7s elapsed | eta 21s
  step 200/391 | loss 0.1664 | acc 98.4% | 11s elapsed | eta 10s
  step 300/391 | loss 0.1647 | acc 98.4% | 13s elapsed | eta 4s
Ep 231 | loss 0.1657 | task 0.0579 | cons 0.1078 | train 98.4% | test 83.9% | 22s
  step 100/391 | loss 0.1812 | acc 98.5% | 6s elapsed | eta 17s
  step 200/391 | loss 0.1789 | acc 98.5% | 9s elapsed | eta 9s
  step 300/391 | loss 0.1761 | acc 98.5% | 16s elapsed | eta 5s
Ep 232 | loss 0.1785 | task 0.0571 | cons 0.1214 | train 98.5% | test 84.3% | 23s
  step 100/391 | loss 0.1833 | acc 98.4% | 4s elapsed | eta 11s
  step 200/391 | loss 0.1871 | acc 98.4% | 7s elapsed | eta 6s
  step 300/391 | loss 0.1752 | acc 98.5% | 14s elapsed | eta 4s
Ep 233 | loss 0.1749 | task 0.0535 | cons 0.1214 | train 98.5% | test 84.2% | 21s
  step 100/391 | loss 0.1716 | acc 98.5% | 7s elapsed | eta 21s
  step 200/391 | loss 0.1667 | acc 98.6% | 13s elapsed | eta 12s
  step 300/391 | loss 0.1687 | acc 98.6% | 16s elapsed | eta 5s
Ep 234 | loss 0.1703 | task 0.0560 | cons 0.1143 | train 98.5% | test 84.2% | 24s
  step 100/391 | loss 0.1597 | acc 98.8% | 5s elapsed | eta 14s
  step 200/391 | loss 0.1734 | acc 98.6% | 9s elapsed | eta 8s
  step 300/391 | loss 0.1719 | acc 98.6% | 14s elapsed | eta 4s
Ep 235 | loss 0.1774 | task 0.0541 | cons 0.1234 | train 98.6% | test 84.6% | 22s
  step 100/391 | loss 0.1660 | acc 98.7% | 3s elapsed | eta 8s
  step 200/391 | loss 0.1665 | acc 98.7% | 7s elapsed | eta 7s
  step 300/391 | loss 0.1692 | acc 98.7% | 11s elapsed | eta 3s
Ep 236 | loss 0.1691 | task 0.0522 | cons 0.1169 | train 98.6% | test 84.3% | 20s
  step 100/391 | loss 0.1686 | acc 98.5% | 5s elapsed | eta 14s
  step 200/391 | loss 0.1637 | acc 98.5% | 8s elapsed | eta 8s
  step 300/391 | loss 0.1725 | acc 98.5% | 15s elapsed | eta 5s
Ep 237 | loss 0.1662 | task 0.0524 | cons 0.1138 | train 98.5% | test 84.2% | 21s
  step 100/391 | loss 0.1728 | acc 98.6% | 5s elapsed | eta 13s
  step 200/391 | loss 0.1754 | acc 98.6% | 11s elapsed | eta 10s
  step 300/391 | loss 0.1701 | acc 98.6% | 17s elapsed | eta 5s
Ep 238 | loss 0.1689 | task 0.0508 | cons 0.1181 | train 98.6% | test 84.2% | 24s
  step 100/391 | loss 0.1693 | acc 98.6% | 2s elapsed | eta 6s
  step 200/391 | loss 0.1648 | acc 98.7% | 4s elapsed | eta 4s
  step 300/391 | loss 0.1686 | acc 98.7% | 6s elapsed | eta 2s
Ep 239 | loss 0.1679 | task 0.0492 | cons 0.1187 | train 98.7% | test 84.2% | 9s
  step 100/391 | loss 0.1472 | acc 98.8% | 3s elapsed | eta 8s
  step 200/391 | loss 0.1530 | acc 98.7% | 6s elapsed | eta 5s
  step 300/391 | loss 0.1547 | acc 98.7% | 9s elapsed | eta 3s
Ep 240 | loss 0.1569 | task 0.0493 | cons 0.1076 | train 98.7% | test 83.9% | 14s
    K=1: 83.9%
    K=2: 84.2%
    K=4: 83.9%
  step 100/391 | loss 0.1563 | acc 98.7% | 5s elapsed | eta 14s
  step 200/391 | loss 0.1616 | acc 98.6% | 14s elapsed | eta 13s
  step 300/391 | loss 0.1667 | acc 98.6% | 20s elapsed | eta 6s
Ep 241 | loss 0.1666 | task 0.0510 | cons 0.1157 | train 98.6% | test 84.2% | 25s
  step 100/391 | loss 0.1667 | acc 98.7% | 3s elapsed | eta 8s
  step 200/391 | loss 0.1531 | acc 98.8% | 9s elapsed | eta 9s
  step 300/391 | loss 0.1617 | acc 98.7% | 16s elapsed | eta 5s
Ep 242 | loss 0.1608 | task 0.0486 | cons 0.1122 | train 98.7% | test 84.1% | 20s
  step 100/391 | loss 0.1472 | acc 98.8% | 7s elapsed | eta 20s
  step 200/391 | loss 0.1532 | acc 98.7% | 13s elapsed | eta 12s
  step 300/391 | loss 0.1547 | acc 98.7% | 15s elapsed | eta 5s
Ep 243 | loss 0.1560 | task 0.0492 | cons 0.1068 | train 98.7% | test 84.1% | 22s
  step 100/391 | loss 0.1605 | acc 98.8% | 7s elapsed | eta 19s
  step 200/391 | loss 0.1679 | acc 98.8% | 9s elapsed | eta 9s
  step 300/391 | loss 0.1669 | acc 98.7% | 15s elapsed | eta 5s
Ep 244 | loss 0.1683 | task 0.0497 | cons 0.1186 | train 98.7% | test 84.1% | 23s
  step 100/391 | loss 0.1651 | acc 98.8% | 5s elapsed | eta 14s
  step 200/391 | loss 0.1635 | acc 98.8% | 12s elapsed | eta 12s
  step 300/391 | loss 0.1610 | acc 98.8% | 16s elapsed | eta 5s
Ep 245 | loss 0.1604 | task 0.0467 | cons 0.1138 | train 98.8% | test 84.3% | 20s
  step 100/391 | loss 0.1661 | acc 98.9% | 7s elapsed | eta 21s
  step 200/391 | loss 0.1637 | acc 98.9% | 14s elapsed | eta 13s
  step 300/391 | loss 0.1606 | acc 98.9% | 16s elapsed | eta 5s
Ep 246 | loss 0.1595 | task 0.0450 | cons 0.1145 | train 98.8% | test 84.3% | 23s
  step 100/391 | loss 0.1447 | acc 98.9% | 7s elapsed | eta 21s
  step 200/391 | loss 0.1516 | acc 98.9% | 10s elapsed | eta 10s
  step 300/391 | loss 0.1543 | acc 98.9% | 13s elapsed | eta 4s
Ep 247 | loss 0.1597 | task 0.0459 | cons 0.1138 | train 98.8% | test 84.0% | 19s
  step 100/391 | loss 0.1478 | acc 99.0% | 7s elapsed | eta 22s
  step 200/391 | loss 0.1502 | acc 98.9% | 10s elapsed | eta 10s
  step 300/391 | loss 0.1562 | acc 98.9% | 15s elapsed | eta 5s
Ep 248 | loss 0.1616 | task 0.0456 | cons 0.1159 | train 98.8% | test 84.2% | 24s
  step 100/391 | loss 0.1498 | acc 99.0% | 3s elapsed | eta 7s
  step 200/391 | loss 0.1574 | acc 98.9% | 6s elapsed | eta 6s
  step 300/391 | loss 0.1563 | acc 98.9% | 13s elapsed | eta 4s
Ep 249 | loss 0.1581 | task 0.0455 | cons 0.1126 | train 98.8% | test 84.6% | 19s
  step 100/391 | loss 0.1478 | acc 98.9% | 4s elapsed | eta 12s
  step 200/391 | loss 0.1539 | acc 98.9% | 11s elapsed | eta 10s
  step 300/391 | loss 0.1550 | acc 98.9% | 16s elapsed | eta 5s
Ep 250 | loss 0.1518 | task 0.0435 | cons 0.1083 | train 98.9% | test 84.4% | 19s
    K=1: 84.4%
    K=2: 84.5%
    K=4: 84.4%
  step 100/391 | loss 0.1552 | acc 98.8% | 7s elapsed | eta 20s
  step 200/391 | loss 0.1496 | acc 99.0% | 13s elapsed | eta 12s
  step 300/391 | loss 0.1519 | acc 99.0% | 19s elapsed | eta 6s
Ep 251 | loss 0.1504 | task 0.0442 | cons 0.1062 | train 98.9% | test 84.7% | 23s
  step 100/391 | loss 0.1616 | acc 98.8% | 2s elapsed | eta 6s
  step 200/391 | loss 0.1476 | acc 98.9% | 4s elapsed | eta 4s
  step 300/391 | loss 0.1481 | acc 98.9% | 6s elapsed | eta 2s
Ep 252 | loss 0.1479 | task 0.0436 | cons 0.1043 | train 98.9% | test 84.2% | 10s
  step 100/391 | loss 0.1530 | acc 98.9% | 3s elapsed | eta 8s
  step 200/391 | loss 0.1541 | acc 98.9% | 5s elapsed | eta 5s
  step 300/391 | loss 0.1555 | acc 98.9% | 8s elapsed | eta 2s
Ep 253 | loss 0.1593 | task 0.0443 | cons 0.1150 | train 98.9% | test 84.2% | 12s
  step 100/391 | loss 0.1326 | acc 99.0% | 7s elapsed | eta 20s
  step 200/391 | loss 0.1462 | acc 98.9% | 14s elapsed | eta 14s
  step 300/391 | loss 0.1463 | acc 99.0% | 18s elapsed | eta 5s
Ep 254 | loss 0.1472 | task 0.0413 | cons 0.1059 | train 99.0% | test 84.2% | 23s
  step 100/391 | loss 0.1442 | acc 99.0% | 9s elapsed | eta 27s
  step 200/391 | loss 0.1442 | acc 98.9% | 15s elapsed | eta 14s
  step 300/391 | loss 0.1517 | acc 98.9% | 17s elapsed | eta 5s
Ep 255 | loss 0.1532 | task 0.0434 | cons 0.1099 | train 98.9% | test 84.2% | 21s
  step 100/391 | loss 0.1516 | acc 98.9% | 6s elapsed | eta 19s
  step 200/391 | loss 0.1525 | acc 99.0% | 13s elapsed | eta 13s
  step 300/391 | loss 0.1522 | acc 99.0% | 16s elapsed | eta 5s
Ep 256 | loss 0.1525 | task 0.0430 | cons 0.1096 | train 99.0% | test 84.2% | 25s
  step 100/391 | loss 0.1608 | acc 98.9% | 5s elapsed | eta 16s
  step 200/391 | loss 0.1553 | acc 98.9% | 8s elapsed | eta 8s
  step 300/391 | loss 0.1627 | acc 98.8% | 14s elapsed | eta 4s
Ep 257 | loss 0.1608 | task 0.0464 | cons 0.1144 | train 98.9% | test 84.1% | 22s
  step 100/391 | loss 0.1723 | acc 98.9% | 3s elapsed | eta 8s
  step 200/391 | loss 0.1630 | acc 98.9% | 9s elapsed | eta 9s
  step 300/391 | loss 0.1657 | acc 99.0% | 16s elapsed | eta 5s
Ep 258 | loss 0.1638 | task 0.0435 | cons 0.1203 | train 99.0% | test 84.4% | 20s
  step 100/391 | loss 0.1799 | acc 98.9% | 7s elapsed | eta 19s
  step 200/391 | loss 0.1772 | acc 98.9% | 13s elapsed | eta 13s
  step 300/391 | loss 0.1719 | acc 98.9% | 16s elapsed | eta 5s
Ep 259 | loss 0.1661 | task 0.0447 | cons 0.1214 | train 98.9% | test 84.3% | 25s
  step 100/391 | loss 0.1476 | acc 99.0% | 5s elapsed | eta 14s
  step 200/391 | loss 0.1487 | acc 99.0% | 7s elapsed | eta 7s
  step 300/391 | loss 0.1586 | acc 99.0% | 11s elapsed | eta 3s
Ep 260 | loss 0.1581 | task 0.0423 | cons 0.1158 | train 99.0% | test 84.4% | 20s
    K=1: 84.2%
    K=2: 84.6%
    K=4: 84.4%
  step 100/391 | loss 0.1597 | acc 99.1% | 5s elapsed | eta 15s
  step 200/391 | loss 0.1571 | acc 99.0% | 12s elapsed | eta 12s
  step 300/391 | loss 0.1603 | acc 99.0% | 16s elapsed | eta 5s
Ep 261 | loss 0.1601 | task 0.0419 | cons 0.1183 | train 99.0% | test 84.4% | 20s
  step 100/391 | loss 0.1457 | acc 99.0% | 6s elapsed | eta 18s
  step 200/391 | loss 0.1466 | acc 99.0% | 13s elapsed | eta 13s
  step 300/391 | loss 0.1507 | acc 99.0% | 17s elapsed | eta 5s
Ep 262 | loss 0.1571 | task 0.0412 | cons 0.1159 | train 99.0% | test 84.3% | 20s
  step 100/391 | loss 0.1639 | acc 99.0% | 7s elapsed | eta 19s
  step 200/391 | loss 0.1676 | acc 99.0% | 14s elapsed | eta 13s
  step 300/391 | loss 0.1603 | acc 99.0% | 16s elapsed | eta 5s
Ep 263 | loss 0.1608 | task 0.0388 | cons 0.1220 | train 99.0% | test 84.5% | 26s
  step 100/391 | loss 0.1485 | acc 99.1% | 5s elapsed | eta 14s
  step 200/391 | loss 0.1616 | acc 99.1% | 10s elapsed | eta 9s
  step 300/391 | loss 0.1624 | acc 99.1% | 16s elapsed | eta 5s
Ep 264 | loss 0.1602 | task 0.0360 | cons 0.1242 | train 99.1% | test 84.5% | 20s
  step 100/391 | loss 0.1544 | acc 99.1% | 2s elapsed | eta 7s
  step 200/391 | loss 0.1660 | acc 99.1% | 4s elapsed | eta 4s
  step 300/391 | loss 0.1649 | acc 99.1% | 6s elapsed | eta 2s
Ep 265 | loss 0.1605 | task 0.0364 | cons 0.1241 | train 99.1% | test 84.3% | 10s
  step 100/391 | loss 0.1632 | acc 99.1% | 3s elapsed | eta 9s
  step 200/391 | loss 0.1519 | acc 99.1% | 6s elapsed | eta 6s
  step 300/391 | loss 0.1542 | acc 99.1% | 10s elapsed | eta 3s
Ep 266 | loss 0.1573 | task 0.0356 | cons 0.1217 | train 99.1% | test 84.4% | 15s
  step 100/391 | loss 0.1618 | acc 99.1% | 5s elapsed | eta 13s
  step 200/391 | loss 0.1630 | acc 99.1% | 10s elapsed | eta 10s
  step 300/391 | loss 0.1618 | acc 99.1% | 18s elapsed | eta 6s
Ep 267 | loss 0.1626 | task 0.0368 | cons 0.1258 | train 99.1% | test 84.4% | 23s
  step 100/391 | loss 0.1487 | acc 99.2% | 4s elapsed | eta 12s
  step 200/391 | loss 0.1534 | acc 99.1% | 9s elapsed | eta 9s
  step 300/391 | loss 0.1573 | acc 99.1% | 16s elapsed | eta 5s
Ep 268 | loss 0.1572 | task 0.0355 | cons 0.1218 | train 99.1% | test 84.3% | 23s
  step 100/391 | loss 0.1505 | acc 99.2% | 7s elapsed | eta 21s
  step 200/391 | loss 0.1529 | acc 99.2% | 13s elapsed | eta 13s
  step 300/391 | loss 0.1532 | acc 99.2% | 20s elapsed | eta 6s
Ep 269 | loss 0.1564 | task 0.0340 | cons 0.1223 | train 99.2% | test 84.4% | 27s
  step 100/391 | loss 0.1693 | acc 99.2% | 5s elapsed | eta 16s
  step 200/391 | loss 0.1632 | acc 99.2% | 13s elapsed | eta 12s
  step 300/391 | loss 0.1660 | acc 99.2% | 16s elapsed | eta 5s
Ep 270 | loss 0.1659 | task 0.0331 | cons 0.1328 | train 99.2% | test 84.3% | 23s
    K=1: 84.3%
    K=2: 84.3%
    K=4: 84.3%
  step 100/391 | loss 0.1661 | acc 99.2% | 2s elapsed | eta 7s
  step 200/391 | loss 0.1624 | acc 99.2% | 6s elapsed | eta 6s
  step 300/391 | loss 0.1635 | acc 99.2% | 13s elapsed | eta 4s
Ep 271 | loss 0.1616 | task 0.0343 | cons 0.1273 | train 99.2% | test 84.3% | 19s
  step 100/391 | loss 0.1557 | acc 99.2% | 3s elapsed | eta 10s
  step 200/391 | loss 0.1579 | acc 99.2% | 10s elapsed | eta 9s
  step 300/391 | loss 0.1661 | acc 99.1% | 16s elapsed | eta 5s
Ep 272 | loss 0.1678 | task 0.0354 | cons 0.1324 | train 99.1% | test 84.5% | 20s
  step 100/391 | loss 0.1523 | acc 99.2% | 6s elapsed | eta 16s
  step 200/391 | loss 0.1512 | acc 99.1% | 13s elapsed | eta 12s
  step 300/391 | loss 0.1569 | acc 99.1% | 16s elapsed | eta 5s
Ep 273 | loss 0.1533 | task 0.0329 | cons 0.1204 | train 99.2% | test 84.3% | 20s
  step 100/391 | loss 0.1493 | acc 99.4% | 7s elapsed | eta 20s
  step 200/391 | loss 0.1565 | acc 99.3% | 14s elapsed | eta 13s
  step 300/391 | loss 0.1543 | acc 99.3% | 16s elapsed | eta 5s
Ep 274 | loss 0.1536 | task 0.0314 | cons 0.1222 | train 99.2% | test 84.4% | 20s
  step 100/391 | loss 0.1497 | acc 99.2% | 6s elapsed | eta 17s
  step 200/391 | loss 0.1414 | acc 99.2% | 13s elapsed | eta 13s
  step 300/391 | loss 0.1470 | acc 99.2% | 16s elapsed | eta 5s
Ep 275 | loss 0.1427 | task 0.0333 | cons 0.1094 | train 99.2% | test 84.4% | 25s
  step 100/391 | loss 0.1445 | acc 99.2% | 6s elapsed | eta 16s
  step 200/391 | loss 0.1524 | acc 99.2% | 8s elapsed | eta 8s
  step 300/391 | loss 0.1502 | acc 99.2% | 12s elapsed | eta 4s
Ep 276 | loss 0.1519 | task 0.0336 | cons 0.1182 | train 99.2% | test 84.3% | 20s
  step 100/391 | loss 0.1356 | acc 99.2% | 6s elapsed | eta 18s
  step 200/391 | loss 0.1554 | acc 99.2% | 12s elapsed | eta 12s
  step 300/391 | loss 0.1527 | acc 99.2% | 16s elapsed | eta 5s
Ep 277 | loss 0.1550 | task 0.0330 | cons 0.1219 | train 99.2% | test 84.5% | 19s
  step 100/391 | loss 0.1490 | acc 99.2% | 2s elapsed | eta 7s
  step 200/391 | loss 0.1525 | acc 99.2% | 4s elapsed | eta 4s
  step 300/391 | loss 0.1463 | acc 99.2% | 7s elapsed | eta 2s
Ep 278 | loss 0.1469 | task 0.0312 | cons 0.1158 | train 99.2% | test 84.5% | 10s
  step 100/391 | loss 0.1627 | acc 99.1% | 4s elapsed | eta 10s
  step 200/391 | loss 0.1526 | acc 99.1% | 7s elapsed | eta 7s
  step 300/391 | loss 0.1585 | acc 99.1% | 11s elapsed | eta 3s
Ep 279 | loss 0.1581 | task 0.0365 | cons 0.1216 | train 99.1% | test 84.5% | 16s
  step 100/391 | loss 0.1520 | acc 99.2% | 8s elapsed | eta 22s
  step 200/391 | loss 0.1526 | acc 99.2% | 15s elapsed | eta 15s
  step 300/391 | loss 0.1503 | acc 99.2% | 19s elapsed | eta 6s
Ep 280 | loss 0.1542 | task 0.0330 | cons 0.1213 | train 99.2% | test 84.6% | 25s
    K=1: 84.5%
    K=2: 84.7%
    K=4: 84.6%
  step 100/391 | loss 0.1572 | acc 99.2% | 7s elapsed | eta 20s
  step 200/391 | loss 0.1594 | acc 99.3% | 13s elapsed | eta 13s
  step 300/391 | loss 0.1640 | acc 99.2% | 16s elapsed | eta 5s
Ep 281 | loss 0.1598 | task 0.0343 | cons 0.1256 | train 99.2% | test 84.7% | 22s
  step 100/391 | loss 0.1451 | acc 99.4% | 7s elapsed | eta 20s
  step 200/391 | loss 0.1539 | acc 99.3% | 11s elapsed | eta 11s
  step 300/391 | loss 0.1507 | acc 99.2% | 16s elapsed | eta 5s
Ep 282 | loss 0.1478 | task 0.0323 | cons 0.1154 | train 99.3% | test 84.6% | 24s
  step 100/391 | loss 0.1565 | acc 99.2% | 4s elapsed | eta 11s
  step 200/391 | loss 0.1562 | acc 99.3% | 9s elapsed | eta 8s
  step 300/391 | loss 0.1535 | acc 99.2% | 16s elapsed | eta 5s
Ep 283 | loss 0.1576 | task 0.0337 | cons 0.1239 | train 99.2% | test 84.5% | 21s
  step 100/391 | loss 0.1528 | acc 99.2% | 4s elapsed | eta 13s
  step 200/391 | loss 0.1474 | acc 99.3% | 11s elapsed | eta 11s
  step 300/391 | loss 0.1475 | acc 99.3% | 15s elapsed | eta 5s
Ep 284 | loss 0.1530 | task 0.0331 | cons 0.1199 | train 99.3% | test 84.5% | 20s
  step 100/391 | loss 0.1542 | acc 99.3% | 7s elapsed | eta 19s
  step 200/391 | loss 0.1554 | acc 99.3% | 13s elapsed | eta 12s
  step 300/391 | loss 0.1570 | acc 99.3% | 16s elapsed | eta 5s
Ep 285 | loss 0.1536 | task 0.0301 | cons 0.1234 | train 99.3% | test 84.5% | 25s
  step 100/391 | loss 0.1534 | acc 99.2% | 5s elapsed | eta 13s
  step 200/391 | loss 0.1585 | acc 99.2% | 9s elapsed | eta 8s
  step 300/391 | loss 0.1513 | acc 99.3% | 16s elapsed | eta 5s
Ep 286 | loss 0.1508 | task 0.0322 | cons 0.1186 | train 99.2% | test 84.4% | 22s
  step 100/391 | loss 0.1572 | acc 99.2% | 4s elapsed | eta 12s
  step 200/391 | loss 0.1614 | acc 99.2% | 11s elapsed | eta 10s
  step 300/391 | loss 0.1540 | acc 99.2% | 16s elapsed | eta 5s
Ep 287 | loss 0.1577 | task 0.0329 | cons 0.1248 | train 99.2% | test 84.5% | 20s
  step 100/391 | loss 0.1648 | acc 99.2% | 7s elapsed | eta 21s
  step 200/391 | loss 0.1625 | acc 99.2% | 14s elapsed | eta 13s
  step 300/391 | loss 0.1621 | acc 99.2% | 16s elapsed | eta 5s
Ep 288 | loss 0.1583 | task 0.0333 | cons 0.1250 | train 99.2% | test 84.4% | 22s
  step 100/391 | loss 0.1485 | acc 99.2% | 7s elapsed | eta 21s
  step 200/391 | loss 0.1513 | acc 99.2% | 11s elapsed | eta 10s
  step 300/391 | loss 0.1536 | acc 99.2% | 14s elapsed | eta 4s
Ep 289 | loss 0.1483 | task 0.0319 | cons 0.1164 | train 99.2% | test 84.5% | 21s
  step 100/391 | loss 0.1681 | acc 99.2% | 6s elapsed | eta 18s
  step 200/391 | loss 0.1618 | acc 99.2% | 10s elapsed | eta 9s
  step 300/391 | loss 0.1609 | acc 99.2% | 16s elapsed | eta 5s
Ep 290 | loss 0.1556 | task 0.0332 | cons 0.1224 | train 99.2% | test 84.5% | 21s
    K=1: 84.4%
    K=2: 84.6%
    K=4: 84.5%
  step 100/391 | loss 0.1621 | acc 99.2% | 2s elapsed | eta 7s
  step 200/391 | loss 0.1518 | acc 99.3% | 5s elapsed | eta 4s
  step 300/391 | loss 0.1490 | acc 99.3% | 7s elapsed | eta 2s
Ep 291 | loss 0.1476 | task 0.0319 | cons 0.1157 | train 99.3% | test 84.6% | 11s
  step 100/391 | loss 0.1621 | acc 99.2% | 3s elapsed | eta 9s
  step 200/391 | loss 0.1561 | acc 99.2% | 6s elapsed | eta 6s
  step 300/391 | loss 0.1516 | acc 99.2% | 9s elapsed | eta 3s
Ep 292 | loss 0.1512 | task 0.0325 | cons 0.1187 | train 99.2% | test 84.5% | 17s
  step 100/391 | loss 0.1789 | acc 99.2% | 8s elapsed | eta 23s
  step 200/391 | loss 0.1749 | acc 99.2% | 13s elapsed | eta 12s
  step 300/391 | loss 0.1713 | acc 99.2% | 16s elapsed | eta 5s
Ep 293 | loss 0.1640 | task 0.0333 | cons 0.1307 | train 99.2% | test 84.5% | 25s
  step 100/391 | loss 0.1656 | acc 99.3% | 7s elapsed | eta 20s
  step 200/391 | loss 0.1568 | acc 99.3% | 9s elapsed | eta 9s
  step 300/391 | loss 0.1533 | acc 99.3% | 14s elapsed | eta 4s
Ep 294 | loss 0.1474 | task 0.0320 | cons 0.1154 | train 99.3% | test 84.5% | 23s
  step 100/391 | loss 0.1570 | acc 99.3% | 2s elapsed | eta 7s
  step 200/391 | loss 0.1624 | acc 99.2% | 6s elapsed | eta 5s
  step 300/391 | loss 0.1568 | acc 99.2% | 12s elapsed | eta 4s
Ep 295 | loss 0.1556 | task 0.0323 | cons 0.1234 | train 99.3% | test 84.5% | 19s
  step 100/391 | loss 0.1573 | acc 99.3% | 3s elapsed | eta 7s
  step 200/391 | loss 0.1614 | acc 99.2% | 9s elapsed | eta 8s
  step 300/391 | loss 0.1559 | acc 99.2% | 16s elapsed | eta 5s
Ep 296 | loss 0.1556 | task 0.0335 | cons 0.1221 | train 99.2% | test 84.5% | 22s
  step 100/391 | loss 0.1547 | acc 99.3% | 6s elapsed | eta 18s
  step 200/391 | loss 0.1533 | acc 99.2% | 12s elapsed | eta 11s
  step 300/391 | loss 0.1564 | acc 99.2% | 15s elapsed | eta 5s
Ep 297 | loss 0.1568 | task 0.0307 | cons 0.1261 | train 99.3% | test 84.5% | 22s
  step 100/391 | loss 0.1590 | acc 99.3% | 7s elapsed | eta 20s
  step 200/391 | loss 0.1558 | acc 99.3% | 11s elapsed | eta 10s
  step 300/391 | loss 0.1494 | acc 99.3% | 14s elapsed | eta 4s
Ep 298 | loss 0.1477 | task 0.0314 | cons 0.1163 | train 99.3% | test 84.5% | 23s
  step 100/391 | loss 0.1234 | acc 99.4% | 5s elapsed | eta 15s
  step 200/391 | loss 0.1330 | acc 99.3% | 8s elapsed | eta 7s
  step 300/391 | loss 0.1441 | acc 99.3% | 11s elapsed | eta 3s
Ep 299 | loss 0.1495 | task 0.0327 | cons 0.1168 | train 99.3% | test 84.5% | 20s
  step 100/391 | loss 0.1635 | acc 99.2% | 5s elapsed | eta 14s
  step 200/391 | loss 0.1704 | acc 99.1% | 7s elapsed | eta 7s
  step 300/391 | loss 0.1682 | acc 99.2% | 14s elapsed | eta 4s
Ep 300 | loss 0.1622 | task 0.0321 | cons 0.1300 | train 99.2% | test 84.5% | 20s
    K=1: 84.4%
    K=2: 84.6%
    K=4: 84.5%
Saved checkpoint to models/plain_4bpu_K4_cons_d01.pt
