/home/ec2-user/dev/ugh/.venv/lib/python3.13/site-packages/torchvision/datasets/cifar.py:83: VisibleDeprecationWarning: dtype(): align should be passed as Python or NumPy boolean but got `align=0`. Did you mean to pass a tuple to create a subarray type? (Deprecated NumPy 2.4)
  entry = pickle.load(f, encoding="latin1")
Model: continuous | Params: 914,122 | K=4 | blocks/unit=2
----------------------------------------------------------------------
  step 100/391 | loss 1.9763 | acc 25.8% | 4s elapsed | eta 12s
  step 200/391 | loss 1.9066 | acc 28.5% | 7s elapsed | eta 7s
  step 300/391 | loss 1.8473 | acc 30.6% | 11s elapsed | eta 3s
Ep   1 | loss 1.8058 | task 1.8041 | cons 0.0829 | train 32.4% | test 39.8% | 23s
  step 100/391 | loss 1.5918 | acc 41.7% | 4s elapsed | eta 12s
  step 200/391 | loss 1.5775 | acc 42.0% | 7s elapsed | eta 7s
  step 300/391 | loss 1.5542 | acc 42.9% | 10s elapsed | eta 3s
Ep   2 | loss 1.5372 | task 1.5325 | cons 0.1179 | train 43.8% | test 45.2% | 15s
  step 100/391 | loss 1.4584 | acc 47.2% | 8s elapsed | eta 23s
  step 200/391 | loss 1.4370 | acc 47.9% | 12s elapsed | eta 12s
  step 300/391 | loss 1.4134 | acc 48.8% | 16s elapsed | eta 5s
Ep   3 | loss 1.4014 | task 1.3929 | cons 0.1407 | train 49.1% | test 53.7% | 20s
  step 100/391 | loss 1.3204 | acc 52.6% | 9s elapsed | eta 25s
  step 200/391 | loss 1.3197 | acc 52.5% | 16s elapsed | eta 15s
  step 300/391 | loss 1.3142 | acc 52.7% | 18s elapsed | eta 6s
Ep   4 | loss 1.3070 | task 1.2962 | cons 0.1351 | train 52.9% | test 55.3% | 23s
  step 100/391 | loss 1.2665 | acc 54.5% | 9s elapsed | eta 27s
  step 200/391 | loss 1.2646 | acc 54.5% | 16s elapsed | eta 15s
  step 300/391 | loss 1.2570 | acc 54.8% | 19s elapsed | eta 6s
Ep   5 | loss 1.2472 | task 1.2322 | cons 0.1505 | train 55.2% | test 57.6% | 27s
  step 100/391 | loss 1.2026 | acc 56.8% | 9s elapsed | eta 27s
  step 200/391 | loss 1.2070 | acc 56.9% | 12s elapsed | eta 12s
  step 300/391 | loss 1.2004 | acc 57.3% | 15s elapsed | eta 5s
Ep   6 | loss 1.1954 | task 1.1760 | cons 0.1610 | train 57.4% | test 59.1% | 19s
  step 100/391 | loss 1.1722 | acc 58.8% | 4s elapsed | eta 13s
  step 200/391 | loss 1.1482 | acc 59.6% | 13s elapsed | eta 12s
  step 300/391 | loss 1.1498 | acc 59.5% | 18s elapsed | eta 6s
Ep   7 | loss 1.1523 | task 1.1283 | cons 0.1713 | train 59.6% | test 61.9% | 23s
  step 100/391 | loss 1.1515 | acc 60.2% | 3s elapsed | eta 9s
  step 200/391 | loss 1.1442 | acc 60.2% | 10s elapsed | eta 10s
  step 300/391 | loss 1.1312 | acc 60.7% | 18s elapsed | eta 6s
Ep   8 | loss 1.1279 | task 1.0974 | cons 0.1909 | train 60.7% | test 62.8% | 23s
  step 100/391 | loss 1.0987 | acc 61.7% | 8s elapsed | eta 23s
  step 200/391 | loss 1.0923 | acc 61.9% | 15s elapsed | eta 15s
  step 300/391 | loss 1.0932 | acc 62.0% | 19s elapsed | eta 6s
Ep   9 | loss 1.0945 | task 1.0588 | cons 0.1986 | train 62.0% | test 65.5% | 24s
  step 100/391 | loss 1.0552 | acc 63.4% | 9s elapsed | eta 25s
  step 200/391 | loss 1.0662 | acc 63.0% | 13s elapsed | eta 13s
  step 300/391 | loss 1.0661 | acc 63.1% | 17s elapsed | eta 5s
Ep  10 | loss 1.0660 | task 1.0259 | cons 0.2006 | train 63.1% | test 66.4% | 26s
    K=1: 64.8%
    K=2: 66.9%
    K=4: 66.4%
  step 100/391 | loss 1.0500 | acc 64.1% | 5s elapsed | eta 15s
  step 200/391 | loss 1.0475 | acc 64.5% | 8s elapsed | eta 8s
  step 300/391 | loss 1.0474 | acc 64.5% | 16s elapsed | eta 5s
Ep  11 | loss 1.0465 | task 0.9992 | cons 0.2152 | train 64.5% | test 67.3% | 22s
  step 100/391 | loss 1.0295 | acc 65.0% | 5s elapsed | eta 15s
  step 200/391 | loss 1.0323 | acc 64.7% | 8s elapsed | eta 7s
  step 300/391 | loss 1.0309 | acc 64.8% | 11s elapsed | eta 3s
Ep  12 | loss 1.0335 | task 0.9842 | cons 0.2053 | train 64.7% | test 64.4% | 16s
  step 100/391 | loss 1.0163 | acc 65.6% | 9s elapsed | eta 26s
  step 200/391 | loss 1.0124 | acc 65.6% | 15s elapsed | eta 14s
  step 300/391 | loss 1.0196 | acc 65.6% | 18s elapsed | eta 5s
Ep  13 | loss 1.0164 | task 0.9606 | cons 0.2145 | train 65.6% | test 67.1% | 22s
  step 100/391 | loss 1.0075 | acc 66.0% | 3s elapsed | eta 8s
  step 200/391 | loss 1.0030 | acc 66.3% | 5s elapsed | eta 5s
  step 300/391 | loss 0.9996 | acc 66.5% | 9s elapsed | eta 3s
Ep  14 | loss 0.9964 | task 0.9386 | cons 0.2066 | train 66.6% | test 67.7% | 19s
  step 100/391 | loss 0.9978 | acc 66.9% | 6s elapsed | eta 16s
  step 200/391 | loss 0.9994 | acc 67.2% | 13s elapsed | eta 12s
  step 300/391 | loss 0.9920 | acc 67.5% | 18s elapsed | eta 6s
Ep  15 | loss 0.9843 | task 0.9198 | cons 0.2152 | train 67.7% | test 68.5% | 23s
  step 100/391 | loss 0.9722 | acc 67.9% | 6s elapsed | eta 16s
  step 200/391 | loss 0.9740 | acc 68.1% | 12s elapsed | eta 12s
  step 300/391 | loss 0.9689 | acc 68.3% | 18s elapsed | eta 5s
Ep  16 | loss 0.9676 | task 0.8992 | cons 0.2139 | train 68.3% | test 70.1% | 23s
  step 100/391 | loss 0.9389 | acc 69.2% | 4s elapsed | eta 10s
  step 200/391 | loss 0.9402 | acc 69.3% | 13s elapsed | eta 12s
  step 300/391 | loss 0.9476 | acc 69.1% | 18s elapsed | eta 5s
Ep  17 | loss 0.9508 | task 0.8811 | cons 0.2049 | train 68.9% | test 70.0% | 24s
  step 100/391 | loss 0.9463 | acc 69.2% | 3s elapsed | eta 10s
  step 200/391 | loss 0.9455 | acc 69.4% | 11s elapsed | eta 10s
  step 300/391 | loss 0.9477 | acc 69.4% | 14s elapsed | eta 4s
Ep  18 | loss 0.9441 | task 0.8674 | cons 0.2131 | train 69.4% | test 69.8% | 19s
  step 100/391 | loss 0.9042 | acc 70.2% | 8s elapsed | eta 23s
  step 200/391 | loss 0.9373 | acc 69.6% | 11s elapsed | eta 11s
  step 300/391 | loss 0.9396 | acc 69.7% | 19s elapsed | eta 6s
Ep  19 | loss 0.9468 | task 0.8631 | cons 0.2201 | train 69.4% | test 71.1% | 26s
  step 100/391 | loss 0.9409 | acc 69.6% | 4s elapsed | eta 13s
  step 200/391 | loss 0.9286 | acc 69.9% | 9s elapsed | eta 9s
  step 300/391 | loss 0.9285 | acc 70.1% | 14s elapsed | eta 4s
Ep  20 | loss 0.9295 | task 0.8451 | cons 0.2110 | train 70.2% | test 72.5% | 18s
    K=1: 70.0%
    K=2: 72.5%
    K=4: 72.5%
  step 100/391 | loss 0.9180 | acc 70.8% | 7s elapsed | eta 22s
  step 200/391 | loss 0.9164 | acc 70.8% | 13s elapsed | eta 12s
  step 300/391 | loss 0.9237 | acc 70.6% | 16s elapsed | eta 5s
Ep  21 | loss 0.9246 | task 0.8311 | cons 0.2225 | train 70.7% | test 70.1% | 23s
  step 100/391 | loss 0.9242 | acc 70.7% | 8s elapsed | eta 23s
  step 200/391 | loss 0.9310 | acc 70.7% | 13s elapsed | eta 12s
  step 300/391 | loss 0.9305 | acc 70.8% | 16s elapsed | eta 5s
Ep  22 | loss 0.9288 | task 0.8276 | cons 0.2300 | train 70.9% | test 72.7% | 23s
  step 100/391 | loss 0.9161 | acc 71.4% | 8s elapsed | eta 22s
  step 200/391 | loss 0.9217 | acc 71.5% | 12s elapsed | eta 12s
  step 300/391 | loss 0.9145 | acc 71.6% | 14s elapsed | eta 4s
Ep  23 | loss 0.9100 | task 0.8042 | cons 0.2300 | train 71.8% | test 72.2% | 22s
  step 100/391 | loss 0.9278 | acc 71.4% | 7s elapsed | eta 19s
  step 200/391 | loss 0.9280 | acc 71.5% | 9s elapsed | eta 8s
  step 300/391 | loss 0.9293 | acc 71.4% | 11s elapsed | eta 3s
Ep  24 | loss 0.9205 | task 0.8054 | cons 0.2397 | train 71.4% | test 72.5% | 15s
  step 100/391 | loss 0.8812 | acc 72.8% | 3s elapsed | eta 9s
  step 200/391 | loss 0.8755 | acc 72.8% | 6s elapsed | eta 6s
  step 300/391 | loss 0.8843 | acc 72.6% | 8s elapsed | eta 3s
Ep  25 | loss 0.8895 | task 0.7819 | cons 0.2152 | train 72.5% | test 73.7% | 12s
  step 100/391 | loss 0.8909 | acc 72.9% | 3s elapsed | eta 9s
  step 200/391 | loss 0.8794 | acc 73.2% | 6s elapsed | eta 6s
  step 300/391 | loss 0.8832 | acc 72.9% | 11s elapsed | eta 3s
Ep  26 | loss 0.8892 | task 0.7740 | cons 0.2214 | train 72.8% | test 74.2% | 23s
  step 100/391 | loss 0.9114 | acc 71.8% | 3s elapsed | eta 10s
  step 200/391 | loss 0.9112 | acc 72.1% | 7s elapsed | eta 7s
  step 300/391 | loss 0.9088 | acc 72.4% | 11s elapsed | eta 3s
Ep  27 | loss 0.9088 | task 0.7817 | cons 0.2354 | train 72.5% | test 74.6% | 17s
  step 100/391 | loss 0.8690 | acc 73.8% | 7s elapsed | eta 22s
  step 200/391 | loss 0.8810 | acc 73.4% | 13s elapsed | eta 12s
  step 300/391 | loss 0.8797 | acc 73.4% | 16s elapsed | eta 5s
Ep  28 | loss 0.8770 | task 0.7553 | cons 0.2172 | train 73.5% | test 74.8% | 26s
  step 100/391 | loss 0.9026 | acc 73.1% | 7s elapsed | eta 20s
  step 200/391 | loss 0.8885 | acc 73.6% | 9s elapsed | eta 9s
  step 300/391 | loss 0.8874 | acc 73.6% | 15s elapsed | eta 5s
Ep  29 | loss 0.8811 | task 0.7514 | cons 0.2236 | train 73.6% | test 74.5% | 25s
  step 100/391 | loss 0.8386 | acc 74.0% | 3s elapsed | eta 9s
  step 200/391 | loss 0.8484 | acc 74.1% | 9s elapsed | eta 9s
  step 300/391 | loss 0.8711 | acc 74.0% | 16s elapsed | eta 5s
Ep  30 | loss 0.8722 | task 0.7387 | cons 0.2226 | train 74.0% | test 74.2% | 22s
    K=1: 71.6%
    K=2: 74.7%
    K=4: 74.2%
  step 100/391 | loss 0.8891 | acc 73.2% | 7s elapsed | eta 21s
  step 200/391 | loss 0.9140 | acc 73.6% | 13s elapsed | eta 12s
  step 300/391 | loss 0.8998 | acc 73.7% | 17s elapsed | eta 5s
Ep  31 | loss 0.8949 | task 0.7460 | cons 0.2402 | train 73.8% | test 75.9% | 27s
  step 100/391 | loss 0.8672 | acc 74.2% | 6s elapsed | eta 18s
  step 200/391 | loss 0.8612 | acc 74.6% | 13s elapsed | eta 12s
  step 300/391 | loss 0.8598 | acc 74.6% | 19s elapsed | eta 6s
Ep  32 | loss 0.8600 | task 0.7240 | cons 0.2125 | train 74.6% | test 75.1% | 22s
  step 100/391 | loss 0.8301 | acc 75.8% | 3s elapsed | eta 9s
  step 200/391 | loss 0.8449 | acc 75.5% | 6s elapsed | eta 6s
  step 300/391 | loss 0.8539 | acc 75.1% | 9s elapsed | eta 3s
Ep  33 | loss 0.8581 | task 0.7173 | cons 0.2133 | train 75.0% | test 75.2% | 13s
  step 100/391 | loss 0.8869 | acc 74.6% | 4s elapsed | eta 11s
  step 200/391 | loss 0.8944 | acc 74.6% | 7s elapsed | eta 7s
  step 300/391 | loss 0.8905 | acc 74.8% | 12s elapsed | eta 4s
Ep  34 | loss 0.8894 | task 0.7252 | cons 0.2413 | train 74.6% | test 76.4% | 19s
  step 100/391 | loss 0.8707 | acc 75.5% | 7s elapsed | eta 21s
  step 200/391 | loss 0.8831 | acc 74.9% | 11s elapsed | eta 10s
  step 300/391 | loss 0.8887 | acc 74.9% | 15s elapsed | eta 4s
Ep  35 | loss 0.8836 | task 0.7230 | cons 0.2294 | train 74.9% | test 74.5% | 19s
  step 100/391 | loss 0.8587 | acc 75.7% | 8s elapsed | eta 22s
  step 200/391 | loss 0.8446 | acc 76.2% | 15s elapsed | eta 14s
  step 300/391 | loss 0.8515 | acc 76.0% | 18s elapsed | eta 5s
Ep  36 | loss 0.8538 | task 0.6983 | cons 0.2160 | train 75.7% | test 75.2% | 24s
  step 100/391 | loss 0.8392 | acc 76.5% | 8s elapsed | eta 22s
  step 200/391 | loss 0.8313 | acc 76.3% | 13s elapsed | eta 12s
  step 300/391 | loss 0.8279 | acc 76.2% | 15s elapsed | eta 5s
Ep  37 | loss 0.8400 | task 0.6894 | cons 0.2035 | train 76.0% | test 76.9% | 21s
  step 100/391 | loss 0.8439 | acc 76.1% | 8s elapsed | eta 22s
  step 200/391 | loss 0.8586 | acc 75.7% | 13s elapsed | eta 12s
  step 300/391 | loss 0.8450 | acc 76.0% | 16s elapsed | eta 5s
Ep  38 | loss 0.8522 | task 0.6883 | cons 0.2157 | train 75.9% | test 75.4% | 21s
  step 100/391 | loss 0.8514 | acc 76.9% | 7s elapsed | eta 22s
  step 200/391 | loss 0.8439 | acc 76.8% | 13s elapsed | eta 13s
  step 300/391 | loss 0.8485 | acc 76.5% | 16s elapsed | eta 5s
Ep  39 | loss 0.8476 | task 0.6778 | cons 0.2177 | train 76.5% | test 76.5% | 24s
  step 100/391 | loss 0.8321 | acc 77.0% | 8s elapsed | eta 22s
  step 200/391 | loss 0.8486 | acc 77.0% | 12s elapsed | eta 11s
  step 300/391 | loss 0.8606 | acc 76.6% | 14s elapsed | eta 4s
Ep  40 | loss 0.8587 | task 0.6825 | cons 0.2203 | train 76.5% | test 77.1% | 18s
    K=1: 73.9%
    K=2: 76.8%
    K=4: 77.1%
  step 100/391 | loss 0.8603 | acc 76.5% | 7s elapsed | eta 19s
  step 200/391 | loss 0.8556 | acc 76.4% | 10s elapsed | eta 9s
  step 300/391 | loss 0.8572 | acc 76.6% | 12s elapsed | eta 4s
Ep  41 | loss 0.8654 | task 0.6784 | cons 0.2280 | train 76.5% | test 75.4% | 21s
  step 100/391 | loss 0.8730 | acc 76.3% | 7s elapsed | eta 22s
  step 200/391 | loss 0.8690 | acc 76.5% | 10s elapsed | eta 10s
  step 300/391 | loss 0.8723 | acc 76.5% | 13s elapsed | eta 4s
Ep  42 | loss 0.8665 | task 0.6761 | cons 0.2266 | train 76.6% | test 77.8% | 22s
  step 100/391 | loss 0.8414 | acc 77.5% | 6s elapsed | eta 18s
  step 200/391 | loss 0.8684 | acc 76.8% | 9s elapsed | eta 9s
  step 300/391 | loss 0.8595 | acc 76.7% | 16s elapsed | eta 5s
Ep  43 | loss 0.8565 | task 0.6748 | cons 0.2113 | train 76.7% | test 77.5% | 25s
  step 100/391 | loss 0.8373 | acc 77.5% | 5s elapsed | eta 15s
  step 200/391 | loss 0.8395 | acc 77.3% | 12s elapsed | eta 11s
  step 300/391 | loss 0.8491 | acc 77.1% | 17s elapsed | eta 5s
Ep  44 | loss 0.8444 | task 0.6628 | cons 0.2064 | train 77.2% | test 77.0% | 26s
  step 100/391 | loss 0.8316 | acc 77.8% | 3s elapsed | eta 8s
  step 200/391 | loss 0.8423 | acc 77.8% | 5s elapsed | eta 5s
  step 300/391 | loss 0.8430 | acc 77.6% | 8s elapsed | eta 2s
Ep  45 | loss 0.8492 | task 0.6537 | cons 0.2172 | train 77.5% | test 77.3% | 11s
  step 100/391 | loss 0.8583 | acc 77.6% | 2s elapsed | eta 6s
  step 200/391 | loss 0.8631 | acc 77.5% | 5s elapsed | eta 5s
  step 300/391 | loss 0.8440 | acc 77.7% | 7s elapsed | eta 2s
Ep  46 | loss 0.8427 | task 0.6468 | cons 0.2130 | train 77.8% | test 75.4% | 11s
  step 100/391 | loss 0.9033 | acc 76.9% | 2s elapsed | eta 7s
  step 200/391 | loss 0.8714 | acc 77.3% | 5s elapsed | eta 4s
  step 300/391 | loss 0.8790 | acc 77.0% | 7s elapsed | eta 2s
Ep  47 | loss 0.8766 | task 0.6685 | cons 0.2215 | train 77.2% | test 76.9% | 10s
  step 100/391 | loss 0.8781 | acc 78.0% | 3s elapsed | eta 8s
  step 200/391 | loss 0.9245 | acc 77.7% | 5s elapsed | eta 5s
  step 300/391 | loss 0.9504 | acc 77.1% | 8s elapsed | eta 2s
Ep  48 | loss 0.9455 | task 0.6715 | cons 0.2854 | train 77.0% | test 75.4% | 11s
  step 100/391 | loss 0.9388 | acc 76.3% | 3s elapsed | eta 8s
  step 200/391 | loss 0.9224 | acc 76.5% | 5s elapsed | eta 5s
  step 300/391 | loss 0.9029 | acc 77.1% | 8s elapsed | eta 2s
Ep  49 | loss 0.8998 | task 0.6592 | cons 0.2455 | train 77.1% | test 74.7% | 11s
  step 100/391 | loss 0.8637 | acc 78.1% | 2s elapsed | eta 7s
  step 200/391 | loss 0.9006 | acc 77.1% | 4s elapsed | eta 4s
  step 300/391 | loss 0.8920 | acc 77.1% | 7s elapsed | eta 2s
Ep  50 | loss 0.8796 | task 0.6540 | cons 0.2255 | train 77.5% | test 78.3% | 10s
    K=1: 75.3%
    K=2: 78.5%
    K=4: 78.3%
  step 100/391 | loss 0.8335 | acc 78.9% | 3s elapsed | eta 7s
  step 200/391 | loss 0.8621 | acc 78.7% | 5s elapsed | eta 4s
  step 300/391 | loss 0.8652 | acc 78.1% | 7s elapsed | eta 2s
Ep  51 | loss 0.8475 | task 0.6357 | cons 0.2117 | train 78.2% | test 77.8% | 10s
  step 100/391 | loss 0.8184 | acc 79.3% | 3s elapsed | eta 8s
  step 200/391 | loss 0.8218 | acc 78.9% | 5s elapsed | eta 5s
  step 300/391 | loss 0.8115 | acc 79.0% | 8s elapsed | eta 2s
Ep  52 | loss 0.8212 | task 0.6201 | cons 0.2011 | train 78.9% | test 77.7% | 11s
  step 100/391 | loss 0.8987 | acc 77.8% | 2s elapsed | eta 7s
  step 200/391 | loss 0.9367 | acc 77.4% | 5s elapsed | eta 5s
  step 300/391 | loss 0.9283 | acc 77.5% | 7s elapsed | eta 2s
Ep  53 | loss 0.9068 | task 0.6538 | cons 0.2531 | train 77.9% | test 78.0% | 11s
  step 100/391 | loss 0.8213 | acc 79.5% | 2s elapsed | eta 7s
  step 200/391 | loss 0.8623 | acc 78.8% | 5s elapsed | eta 4s
  step 300/391 | loss 0.8758 | acc 78.5% | 7s elapsed | eta 2s
Ep  54 | loss 0.8824 | task 0.6407 | cons 0.2417 | train 78.3% | test 75.4% | 11s
  step 100/391 | loss 1.0020 | acc 77.4% | 3s elapsed | eta 8s
  step 200/391 | loss 0.9675 | acc 77.4% | 5s elapsed | eta 5s
  step 300/391 | loss 0.9637 | acc 77.5% | 7s elapsed | eta 2s
Ep  55 | loss 0.9454 | task 0.6510 | cons 0.2944 | train 77.7% | test 78.8% | 10s
  step 100/391 | loss 0.8827 | acc 78.6% | 3s elapsed | eta 8s
  step 200/391 | loss 0.9747 | acc 77.3% | 5s elapsed | eta 5s
  step 300/391 | loss 0.9851 | acc 76.7% | 8s elapsed | eta 2s
Ep  56 | loss 0.9549 | task 0.6718 | cons 0.2832 | train 77.1% | test 78.7% | 11s
  step 100/391 | loss 0.8866 | acc 78.5% | 2s elapsed | eta 6s
  step 200/391 | loss 0.9031 | acc 78.2% | 5s elapsed | eta 4s
  step 300/391 | loss 0.9930 | acc 76.5% | 7s elapsed | eta 2s
Ep  57 | loss 1.0067 | task 0.7056 | cons 0.3011 | train 76.2% | test 78.1% | 10s
  step 100/391 | loss 0.8607 | acc 78.7% | 3s elapsed | eta 8s
  step 200/391 | loss 0.8766 | acc 78.6% | 5s elapsed | eta 5s
  step 300/391 | loss 0.9052 | acc 78.2% | 6s elapsed | eta 2s
Ep  58 | loss 0.8891 | task 0.6342 | cons 0.2550 | train 78.3% | test 77.0% | 9s
  step 100/391 | loss 0.8166 | acc 78.7% | 3s elapsed | eta 8s
  step 200/391 | loss 0.8282 | acc 79.0% | 5s elapsed | eta 5s
  step 300/391 | loss 0.8453 | acc 78.8% | 8s elapsed | eta 2s
Ep  59 | loss 0.8409 | task 0.6126 | cons 0.2283 | train 78.8% | test 78.5% | 11s
  step 100/391 | loss 0.8039 | acc 80.2% | 2s elapsed | eta 6s
  step 200/391 | loss 0.8231 | acc 79.7% | 5s elapsed | eta 4s
  step 300/391 | loss 0.8344 | acc 79.4% | 7s elapsed | eta 2s
Ep  60 | loss 0.8453 | task 0.6078 | cons 0.2374 | train 79.3% | test 78.3% | 10s
    K=1: 75.4%
    K=2: 79.0%
    K=4: 78.3%
  step 100/391 | loss 0.8232 | acc 79.9% | 3s elapsed | eta 8s
  step 200/391 | loss 0.8402 | acc 79.7% | 5s elapsed | eta 4s
  step 300/391 | loss 0.8465 | acc 79.5% | 7s elapsed | eta 2s
Ep  61 | loss 0.8518 | task 0.6033 | cons 0.2485 | train 79.3% | test 79.6% | 10s
  step 100/391 | loss 0.7948 | acc 80.5% | 3s elapsed | eta 8s
  step 200/391 | loss 0.8078 | acc 80.0% | 5s elapsed | eta 5s
  step 300/391 | loss 0.8179 | acc 80.0% | 8s elapsed | eta 2s
Ep  62 | loss 0.8282 | task 0.5933 | cons 0.2349 | train 79.8% | test 77.3% | 11s
  step 100/391 | loss 0.9099 | acc 78.7% | 3s elapsed | eta 7s
  step 200/391 | loss 0.9006 | acc 78.9% | 5s elapsed | eta 5s
  step 300/391 | loss 0.8965 | acc 79.1% | 7s elapsed | eta 2s
Ep  63 | loss 0.8883 | task 0.6090 | cons 0.2793 | train 79.1% | test 78.1% | 11s
  step 100/391 | loss 0.8339 | acc 80.3% | 2s elapsed | eta 6s
  step 200/391 | loss 0.8377 | acc 80.2% | 4s elapsed | eta 4s
  step 300/391 | loss 0.8222 | acc 80.2% | 7s elapsed | eta 2s
Ep  64 | loss 0.8284 | task 0.5868 | cons 0.2416 | train 80.1% | test 79.9% | 10s
  step 100/391 | loss 0.8160 | acc 80.6% | 3s elapsed | eta 8s
  step 200/391 | loss 0.8156 | acc 80.2% | 5s elapsed | eta 5s
  step 300/391 | loss 0.8172 | acc 80.3% | 7s elapsed | eta 2s
Ep  65 | loss 0.8220 | task 0.5811 | cons 0.2409 | train 80.2% | test 79.8% | 10s
  step 100/391 | loss 0.8406 | acc 80.1% | 3s elapsed | eta 7s
  step 200/391 | loss 0.8470 | acc 79.8% | 5s elapsed | eta 5s
  step 300/391 | loss 0.8555 | acc 79.8% | 8s elapsed | eta 2s
Ep  66 | loss 0.8551 | task 0.5908 | cons 0.2644 | train 79.9% | test 78.8% | 11s
  step 100/391 | loss 0.8340 | acc 80.8% | 3s elapsed | eta 7s
  step 200/391 | loss 0.8361 | acc 80.4% | 5s elapsed | eta 5s
  step 300/391 | loss 0.8522 | acc 80.1% | 7s elapsed | eta 2s
Ep  67 | loss 0.8624 | task 0.5893 | cons 0.2731 | train 79.9% | test 78.9% | 11s
  step 100/391 | loss 0.7888 | acc 80.7% | 3s elapsed | eta 8s
  step 200/391 | loss 0.7998 | acc 80.6% | 5s elapsed | eta 4s
  step 300/391 | loss 0.7971 | acc 80.6% | 7s elapsed | eta 2s
Ep  68 | loss 0.7967 | task 0.5653 | cons 0.2314 | train 80.6% | test 79.5% | 10s
  step 100/391 | loss 0.8521 | acc 79.9% | 3s elapsed | eta 8s
  step 200/391 | loss 0.8459 | acc 80.1% | 5s elapsed | eta 5s
  step 300/391 | loss 0.8375 | acc 80.2% | 8s elapsed | eta 2s
Ep  69 | loss 0.8321 | task 0.5725 | cons 0.2596 | train 80.4% | test 79.5% | 11s
  step 100/391 | loss 0.8010 | acc 80.6% | 3s elapsed | eta 8s
  step 200/391 | loss 0.8103 | acc 80.4% | 5s elapsed | eta 5s
  step 300/391 | loss 0.7984 | acc 80.5% | 8s elapsed | eta 2s
Ep  70 | loss 0.7888 | task 0.5609 | cons 0.2279 | train 80.5% | test 79.0% | 11s
    K=1: 76.1%
    K=2: 79.6%
    K=4: 79.0%
  step 100/391 | loss 0.8319 | acc 80.7% | 2s elapsed | eta 7s
  step 200/391 | loss 0.8366 | acc 80.7% | 5s elapsed | eta 5s
  step 300/391 | loss 0.8219 | acc 80.8% | 8s elapsed | eta 2s
Ep  71 | loss 0.8238 | task 0.5655 | cons 0.2583 | train 80.8% | test 79.6% | 11s
  step 100/391 | loss 0.7866 | acc 80.8% | 2s elapsed | eta 7s
  step 200/391 | loss 0.8086 | acc 80.9% | 4s elapsed | eta 4s
  step 300/391 | loss 0.8050 | acc 80.9% | 6s elapsed | eta 2s
Ep  72 | loss 0.8026 | task 0.5598 | cons 0.2428 | train 80.9% | test 79.4% | 9s
  step 100/391 | loss 0.7540 | acc 81.7% | 3s elapsed | eta 8s
  step 200/391 | loss 0.7901 | acc 81.3% | 5s elapsed | eta 5s
  step 300/391 | loss 0.8007 | acc 81.1% | 8s elapsed | eta 2s
Ep  73 | loss 0.8017 | task 0.5598 | cons 0.2419 | train 80.9% | test 79.7% | 11s
  step 100/391 | loss 0.7738 | acc 80.9% | 2s elapsed | eta 7s
  step 200/391 | loss 0.7812 | acc 81.2% | 5s elapsed | eta 5s
  step 300/391 | loss 0.8128 | acc 80.9% | 8s elapsed | eta 2s
Ep  74 | loss 0.8677 | task 0.5881 | cons 0.2797 | train 79.9% | test 80.2% | 11s
  step 100/391 | loss 0.8754 | acc 79.9% | 3s elapsed | eta 8s
  step 200/391 | loss 0.8468 | acc 80.2% | 5s elapsed | eta 4s
  step 300/391 | loss 0.8350 | acc 80.6% | 7s elapsed | eta 2s
Ep  75 | loss 0.8273 | task 0.5617 | cons 0.2656 | train 80.8% | test 80.5% | 10s
  step 100/391 | loss 0.7664 | acc 82.5% | 3s elapsed | eta 8s
  step 200/391 | loss 0.8162 | acc 81.7% | 5s elapsed | eta 5s
  step 300/391 | loss 0.8137 | acc 81.5% | 8s elapsed | eta 2s
Ep  76 | loss 0.8119 | task 0.5461 | cons 0.2658 | train 81.4% | test 80.3% | 11s
  step 100/391 | loss 0.7835 | acc 81.9% | 3s elapsed | eta 8s
  step 200/391 | loss 0.7822 | acc 81.9% | 5s elapsed | eta 5s
  step 300/391 | loss 0.7924 | acc 81.6% | 7s elapsed | eta 2s
Ep  77 | loss 0.7839 | task 0.5352 | cons 0.2487 | train 81.5% | test 80.7% | 11s
  step 100/391 | loss 0.8008 | acc 81.3% | 2s elapsed | eta 7s
  step 200/391 | loss 0.7896 | acc 81.4% | 5s elapsed | eta 4s
  step 300/391 | loss 0.7811 | acc 81.5% | 7s elapsed | eta 2s
Ep  78 | loss 0.7941 | task 0.5394 | cons 0.2547 | train 81.5% | test 80.4% | 10s
  step 100/391 | loss 0.8168 | acc 81.6% | 3s elapsed | eta 8s
  step 200/391 | loss 0.7958 | acc 81.9% | 5s elapsed | eta 5s
  step 300/391 | loss 0.7731 | acc 81.8% | 7s elapsed | eta 2s
Ep  79 | loss 0.7787 | task 0.5347 | cons 0.2440 | train 81.7% | test 81.1% | 10s
  step 100/391 | loss 0.7390 | acc 83.0% | 3s elapsed | eta 8s
  step 200/391 | loss 0.7803 | acc 82.4% | 5s elapsed | eta 5s
  step 300/391 | loss 0.7941 | acc 82.1% | 8s elapsed | eta 2s
Ep  80 | loss 0.8011 | task 0.5289 | cons 0.2723 | train 81.9% | test 80.2% | 11s
    K=1: 76.9%
    K=2: 80.7%
    K=4: 80.2%
  step 100/391 | loss 0.7897 | acc 81.7% | 3s elapsed | eta 8s
  step 200/391 | loss 0.7802 | acc 81.7% | 5s elapsed | eta 5s
  step 300/391 | loss 0.7717 | acc 82.0% | 8s elapsed | eta 2s
Ep  81 | loss 0.7822 | task 0.5310 | cons 0.2512 | train 81.9% | test 80.7% | 11s
  step 100/391 | loss 0.7842 | acc 82.4% | 2s elapsed | eta 6s
  step 200/391 | loss 0.7808 | acc 82.2% | 5s elapsed | eta 4s
  step 300/391 | loss 0.7887 | acc 82.0% | 7s elapsed | eta 2s
Ep  82 | loss 0.7830 | task 0.5246 | cons 0.2584 | train 82.1% | test 80.3% | 11s
  step 100/391 | loss 0.7442 | acc 83.0% | 3s elapsed | eta 8s
  step 200/391 | loss 0.7545 | acc 82.6% | 5s elapsed | eta 5s
  step 300/391 | loss 0.7769 | acc 82.3% | 7s elapsed | eta 2s
Ep  83 | loss 0.7854 | task 0.5250 | cons 0.2604 | train 82.1% | test 80.2% | 10s
  step 100/391 | loss 0.8057 | acc 82.1% | 3s elapsed | eta 8s
  step 200/391 | loss 0.7838 | acc 82.2% | 5s elapsed | eta 5s
  step 300/391 | loss 0.7866 | acc 82.0% | 8s elapsed | eta 2s
Ep  84 | loss 0.7992 | task 0.5320 | cons 0.2672 | train 81.9% | test 81.0% | 10s
  step 100/391 | loss 0.7759 | acc 82.4% | 3s elapsed | eta 8s
  step 200/391 | loss 0.7682 | acc 82.5% | 5s elapsed | eta 5s
  step 300/391 | loss 0.7793 | acc 82.2% | 8s elapsed | eta 2s
Ep  85 | loss 0.7788 | task 0.5285 | cons 0.2503 | train 82.1% | test 80.3% | 11s
  step 100/391 | loss 0.7995 | acc 82.0% | 2s elapsed | eta 6s
  step 200/391 | loss 0.8312 | acc 81.7% | 4s elapsed | eta 3s
  step 300/391 | loss 0.8597 | acc 81.3% | 5s elapsed | eta 2s
Ep  86 | loss 0.8590 | task 0.5563 | cons 0.3027 | train 81.3% | test 81.0% | 8s
  step 100/391 | loss 0.7830 | acc 82.8% | 3s elapsed | eta 8s
  step 200/391 | loss 0.7833 | acc 82.5% | 5s elapsed | eta 5s
  step 300/391 | loss 0.8019 | acc 82.4% | 8s elapsed | eta 2s
Ep  87 | loss 0.8056 | task 0.5208 | cons 0.2848 | train 82.3% | test 81.2% | 11s
  step 100/391 | loss 0.7527 | acc 83.4% | 2s elapsed | eta 6s
  step 200/391 | loss 0.7238 | acc 83.5% | 5s elapsed | eta 5s
  step 300/391 | loss 0.7588 | acc 82.9% | 7s elapsed | eta 2s
Ep  88 | loss 0.7934 | task 0.5144 | cons 0.2789 | train 82.4% | test 81.0% | 11s
  step 100/391 | loss 0.7871 | acc 82.4% | 3s elapsed | eta 8s
  step 200/391 | loss 0.7967 | acc 82.2% | 5s elapsed | eta 5s
  step 300/391 | loss 0.7931 | acc 82.4% | 7s elapsed | eta 2s
Ep  89 | loss 0.7995 | task 0.5202 | cons 0.2793 | train 82.3% | test 81.2% | 11s
  step 100/391 | loss 0.7450 | acc 82.7% | 3s elapsed | eta 8s
  step 200/391 | loss 0.7584 | acc 82.8% | 5s elapsed | eta 5s
  step 300/391 | loss 0.7635 | acc 82.7% | 7s elapsed | eta 2s
Ep  90 | loss 0.7630 | task 0.5016 | cons 0.2614 | train 82.7% | test 79.9% | 10s
    K=1: 78.0%
    K=2: 80.5%
    K=4: 79.9%
  step 100/391 | loss 0.7455 | acc 83.2% | 3s elapsed | eta 8s
  step 200/391 | loss 0.7486 | acc 83.1% | 5s elapsed | eta 5s
  step 300/391 | loss 0.7501 | acc 83.0% | 8s elapsed | eta 2s
Ep  91 | loss 0.7659 | task 0.5067 | cons 0.2592 | train 82.8% | test 79.9% | 11s
  step 100/391 | loss 0.6903 | acc 83.7% | 3s elapsed | eta 8s
  step 200/391 | loss 0.7110 | acc 83.5% | 5s elapsed | eta 5s
  step 300/391 | loss 0.7413 | acc 83.2% | 8s elapsed | eta 2s
Ep  92 | loss 0.7413 | task 0.4899 | cons 0.2514 | train 83.1% | test 81.4% | 11s
  step 100/391 | loss 0.7565 | acc 83.3% | 2s elapsed | eta 7s
  step 200/391 | loss 0.7728 | acc 83.2% | 4s elapsed | eta 4s
  step 300/391 | loss 0.7614 | acc 83.2% | 7s elapsed | eta 2s
Ep  93 | loss 0.7650 | task 0.4972 | cons 0.2678 | train 83.1% | test 80.5% | 10s
  step 100/391 | loss 0.7354 | acc 83.3% | 3s elapsed | eta 8s
  step 200/391 | loss 0.7736 | acc 83.3% | 5s elapsed | eta 5s
  step 300/391 | loss 0.7759 | acc 83.2% | 7s elapsed | eta 2s
Ep  94 | loss 0.7744 | task 0.4885 | cons 0.2859 | train 83.3% | test 80.2% | 10s
  step 100/391 | loss 0.7374 | acc 83.8% | 3s elapsed | eta 8s
  step 200/391 | loss 0.7579 | acc 83.5% | 5s elapsed | eta 5s
  step 300/391 | loss 0.7551 | acc 83.2% | 8s elapsed | eta 2s
Ep  95 | loss 0.7494 | task 0.4866 | cons 0.2628 | train 83.2% | test 81.8% | 11s
  step 100/391 | loss 0.7202 | acc 84.2% | 2s elapsed | eta 6s
  step 200/391 | loss 0.7573 | acc 83.6% | 4s elapsed | eta 4s
  step 300/391 | loss 0.7549 | acc 83.5% | 7s elapsed | eta 2s
Ep  96 | loss 0.7459 | task 0.4887 | cons 0.2573 | train 83.4% | test 81.9% | 10s
  step 100/391 | loss 0.7404 | acc 83.6% | 3s elapsed | eta 8s
  step 200/391 | loss 0.7285 | acc 83.7% | 5s elapsed | eta 5s
  step 300/391 | loss 0.7407 | acc 83.3% | 7s elapsed | eta 2s
Ep  97 | loss 0.7498 | task 0.4912 | cons 0.2586 | train 83.3% | test 81.4% | 10s
  step 100/391 | loss 0.7523 | acc 84.0% | 3s elapsed | eta 7s
  step 200/391 | loss 0.7629 | acc 83.5% | 5s elapsed | eta 5s
  step 300/391 | loss 0.7503 | acc 83.5% | 8s elapsed | eta 2s
Ep  98 | loss 0.7690 | task 0.4888 | cons 0.2802 | train 83.5% | test 82.4% | 11s
  step 100/391 | loss 0.7522 | acc 83.8% | 2s elapsed | eta 7s
  step 200/391 | loss 0.7678 | acc 83.7% | 5s elapsed | eta 5s
  step 300/391 | loss 0.7592 | acc 83.5% | 7s elapsed | eta 2s
Ep  99 | loss 0.7473 | task 0.4799 | cons 0.2674 | train 83.6% | test 81.8% | 11s
  step 100/391 | loss 0.7405 | acc 84.3% | 3s elapsed | eta 8s
  step 200/391 | loss 0.7577 | acc 84.1% | 4s elapsed | eta 4s
  step 300/391 | loss 0.7594 | acc 83.8% | 6s elapsed | eta 2s
Ep 100 | loss 0.7663 | task 0.4802 | cons 0.2861 | train 83.6% | test 81.9% | 9s
    K=1: 78.2%
    K=2: 82.0%
    K=4: 81.9%
  step 100/391 | loss 0.7768 | acc 83.3% | 3s elapsed | eta 8s
  step 200/391 | loss 0.7669 | acc 83.4% | 5s elapsed | eta 5s
  step 300/391 | loss 0.7738 | acc 83.5% | 8s elapsed | eta 2s
Ep 101 | loss 0.7746 | task 0.4859 | cons 0.2887 | train 83.5% | test 81.2% | 10s
  step 100/391 | loss 0.7210 | acc 85.0% | 3s elapsed | eta 8s
  step 200/391 | loss 0.7419 | acc 84.4% | 5s elapsed | eta 5s
  step 300/391 | loss 0.7573 | acc 84.0% | 8s elapsed | eta 2s
Ep 102 | loss 0.7653 | task 0.4756 | cons 0.2896 | train 83.8% | test 81.5% | 11s
  step 100/391 | loss 0.7190 | acc 84.1% | 3s elapsed | eta 8s
  step 200/391 | loss 0.7441 | acc 84.0% | 4s elapsed | eta 4s
  step 300/391 | loss 0.7405 | acc 84.0% | 7s elapsed | eta 2s
Ep 103 | loss 0.7404 | task 0.4766 | cons 0.2638 | train 83.9% | test 82.3% | 10s
  step 100/391 | loss 0.8072 | acc 83.8% | 3s elapsed | eta 7s
  step 200/391 | loss 0.7578 | acc 83.9% | 5s elapsed | eta 5s
  step 300/391 | loss 0.7370 | acc 84.1% | 8s elapsed | eta 2s
Ep 104 | loss 0.7436 | task 0.4729 | cons 0.2707 | train 84.0% | test 81.8% | 10s
  step 100/391 | loss 0.7308 | acc 84.6% | 3s elapsed | eta 8s
  step 200/391 | loss 0.7335 | acc 84.5% | 5s elapsed | eta 5s
  step 300/391 | loss 0.7298 | acc 84.6% | 8s elapsed | eta 2s
Ep 105 | loss 0.7264 | task 0.4575 | cons 0.2689 | train 84.7% | test 81.9% | 11s
  step 100/391 | loss 0.7428 | acc 84.3% | 2s elapsed | eta 6s
  step 200/391 | loss 0.7460 | acc 84.2% | 5s elapsed | eta 4s
  step 300/391 | loss 0.7462 | acc 84.2% | 7s elapsed | eta 2s
Ep 106 | loss 0.7378 | task 0.4625 | cons 0.2753 | train 84.1% | test 82.0% | 11s
  step 100/391 | loss 0.6670 | acc 85.3% | 2s elapsed | eta 7s
  step 200/391 | loss 0.7063 | acc 84.9% | 5s elapsed | eta 5s
  step 300/391 | loss 0.7050 | acc 84.7% | 7s elapsed | eta 2s
Ep 107 | loss 0.7183 | task 0.4515 | cons 0.2668 | train 84.6% | test 82.1% | 10s
  step 100/391 | loss 0.8030 | acc 83.8% | 3s elapsed | eta 8s
  step 200/391 | loss 0.7633 | acc 84.2% | 5s elapsed | eta 5s
  step 300/391 | loss 0.7417 | acc 84.4% | 8s elapsed | eta 2s
Ep 108 | loss 0.7535 | task 0.4612 | cons 0.2924 | train 84.3% | test 82.0% | 11s
  step 100/391 | loss 0.7117 | acc 85.2% | 2s elapsed | eta 7s
  step 200/391 | loss 0.7549 | acc 84.5% | 5s elapsed | eta 5s
  step 300/391 | loss 0.7438 | acc 84.6% | 8s elapsed | eta 2s
Ep 109 | loss 0.9299 | task 0.5502 | cons 0.3797 | train 82.1% | test 78.5% | 11s
  step 100/391 | loss 1.1743 | acc 78.3% | 3s elapsed | eta 8s
  step 200/391 | loss 1.0226 | acc 80.3% | 5s elapsed | eta 4s
  step 300/391 | loss 0.9719 | acc 80.9% | 7s elapsed | eta 2s
Ep 110 | loss 0.9309 | task 0.5459 | cons 0.3850 | train 81.4% | test 81.0% | 10s
    K=1: 78.4%
    K=2: 81.3%
    K=4: 81.0%
  step 100/391 | loss 0.7547 | acc 84.5% | 3s elapsed | eta 8s
  step 200/391 | loss 0.7372 | acc 84.5% | 5s elapsed | eta 5s
  step 300/391 | loss 0.7380 | acc 84.4% | 7s elapsed | eta 2s
Ep 111 | loss 0.7433 | task 0.4567 | cons 0.2866 | train 84.4% | test 82.6% | 10s
  step 100/391 | loss 0.6755 | acc 85.6% | 3s elapsed | eta 8s
  step 200/391 | loss 0.6901 | acc 85.2% | 5s elapsed | eta 5s
  step 300/391 | loss 0.7040 | acc 85.0% | 8s elapsed | eta 2s
Ep 112 | loss 0.7328 | task 0.4499 | cons 0.2829 | train 84.7% | test 81.1% | 11s
  step 100/391 | loss 0.7338 | acc 84.5% | 2s elapsed | eta 7s
  step 200/391 | loss 0.7332 | acc 84.7% | 5s elapsed | eta 5s
  step 300/391 | loss 0.7550 | acc 84.5% | 7s elapsed | eta 2s
Ep 113 | loss 0.7676 | task 0.4569 | cons 0.3107 | train 84.4% | test 82.4% | 11s
  step 100/391 | loss 0.7513 | acc 84.4% | 3s elapsed | eta 7s
  step 200/391 | loss 0.7346 | acc 84.7% | 5s elapsed | eta 4s
  step 300/391 | loss 0.7343 | acc 84.8% | 6s elapsed | eta 2s
Ep 114 | loss 0.7310 | task 0.4463 | cons 0.2847 | train 84.8% | test 81.7% | 9s
  step 100/391 | loss 0.7412 | acc 85.2% | 3s elapsed | eta 8s
  step 200/391 | loss 0.7262 | acc 85.3% | 5s elapsed | eta 5s
  step 300/391 | loss 0.7139 | acc 85.2% | 8s elapsed | eta 2s
Ep 115 | loss 0.7179 | task 0.4410 | cons 0.2769 | train 85.1% | test 81.9% | 11s
  step 100/391 | loss 0.7197 | acc 84.7% | 2s elapsed | eta 6s
  step 200/391 | loss 0.7242 | acc 84.9% | 4s elapsed | eta 4s
  step 300/391 | loss 0.7238 | acc 84.9% | 7s elapsed | eta 2s
Ep 116 | loss 0.7242 | task 0.4423 | cons 0.2819 | train 84.9% | test 81.3% | 10s
  step 100/391 | loss 0.7161 | acc 85.3% | 3s elapsed | eta 7s
  step 200/391 | loss 0.6925 | acc 85.5% | 5s elapsed | eta 5s
  step 300/391 | loss 0.6930 | acc 85.4% | 7s elapsed | eta 2s
Ep 117 | loss 0.7082 | task 0.4338 | cons 0.2744 | train 85.3% | test 82.5% | 10s
  step 100/391 | loss 0.7556 | acc 84.5% | 3s elapsed | eta 8s
  step 200/391 | loss 0.7217 | acc 85.0% | 5s elapsed | eta 5s
  step 300/391 | loss 0.7280 | acc 85.1% | 8s elapsed | eta 2s
Ep 118 | loss 0.7264 | task 0.4353 | cons 0.2911 | train 85.1% | test 82.9% | 11s
  step 100/391 | loss 0.7131 | acc 85.7% | 2s elapsed | eta 7s
  step 200/391 | loss 0.7077 | acc 86.0% | 5s elapsed | eta 5s
  step 300/391 | loss 0.7010 | acc 85.8% | 7s elapsed | eta 2s
Ep 119 | loss 0.7007 | task 0.4251 | cons 0.2756 | train 85.7% | test 82.7% | 11s
  step 100/391 | loss 0.6956 | acc 86.0% | 3s elapsed | eta 7s
  step 200/391 | loss 0.7222 | acc 85.6% | 5s elapsed | eta 4s
  step 300/391 | loss 0.7179 | acc 85.6% | 7s elapsed | eta 2s
Ep 120 | loss 0.7271 | task 0.4286 | cons 0.2985 | train 85.5% | test 83.6% | 10s
    K=1: 79.3%
    K=2: 83.1%
    K=4: 83.6%
  step 100/391 | loss 0.7973 | acc 84.9% | 3s elapsed | eta 8s
  step 200/391 | loss 0.7346 | acc 85.5% | 5s elapsed | eta 5s
  step 300/391 | loss 0.7372 | acc 85.4% | 7s elapsed | eta 2s
Ep 121 | loss 0.7441 | task 0.4334 | cons 0.3107 | train 85.3% | test 82.7% | 10s
  step 100/391 | loss 0.6276 | acc 86.8% | 3s elapsed | eta 7s
  step 200/391 | loss 0.6635 | acc 86.0% | 5s elapsed | eta 5s
  step 300/391 | loss 0.6719 | acc 86.0% | 7s elapsed | eta 2s
Ep 122 | loss 0.6727 | task 0.4136 | cons 0.2591 | train 86.0% | test 82.5% | 10s
  step 100/391 | loss 0.6858 | acc 86.3% | 2s elapsed | eta 7s
  step 200/391 | loss 0.6938 | acc 85.9% | 5s elapsed | eta 5s
  step 300/391 | loss 0.6941 | acc 85.8% | 7s elapsed | eta 2s
Ep 123 | loss 0.7048 | task 0.4204 | cons 0.2844 | train 85.7% | test 82.8% | 11s
  step 100/391 | loss 0.6779 | acc 86.4% | 3s elapsed | eta 8s
  step 200/391 | loss 0.7081 | acc 86.0% | 5s elapsed | eta 5s
  step 300/391 | loss 0.7202 | acc 85.8% | 7s elapsed | eta 2s
Ep 124 | loss 0.7214 | task 0.4236 | cons 0.2978 | train 85.6% | test 82.5% | 10s
  step 100/391 | loss 0.7383 | acc 85.8% | 3s elapsed | eta 8s
  step 200/391 | loss 0.7454 | acc 85.6% | 5s elapsed | eta 5s
  step 300/391 | loss 0.7466 | acc 85.6% | 8s elapsed | eta 2s
Ep 125 | loss 0.7426 | task 0.4241 | cons 0.3184 | train 85.6% | test 82.5% | 10s
  step 100/391 | loss 0.7771 | acc 85.6% | 2s elapsed | eta 7s
  step 200/391 | loss 0.7388 | acc 85.9% | 5s elapsed | eta 5s
  step 300/391 | loss 0.7154 | acc 86.0% | 7s elapsed | eta 2s
Ep 126 | loss 0.7197 | task 0.4193 | cons 0.3004 | train 85.8% | test 83.2% | 11s
  step 100/391 | loss 0.6820 | acc 86.6% | 2s elapsed | eta 7s
  step 200/391 | loss 0.7235 | acc 86.0% | 4s elapsed | eta 4s
  step 300/391 | loss 0.7179 | acc 86.0% | 7s elapsed | eta 2s
Ep 127 | loss 0.7251 | task 0.4216 | cons 0.3035 | train 85.8% | test 82.2% | 10s
  step 100/391 | loss 0.7151 | acc 86.2% | 3s elapsed | eta 7s
  step 200/391 | loss 0.7071 | acc 86.5% | 5s elapsed | eta 5s
  step 300/391 | loss 0.7317 | acc 86.2% | 7s elapsed | eta 2s
Ep 128 | loss 0.7332 | task 0.4098 | cons 0.3233 | train 86.1% | test 82.3% | 10s
  step 100/391 | loss 0.6612 | acc 87.3% | 2s elapsed | eta 6s
  step 200/391 | loss 0.6816 | acc 86.7% | 4s elapsed | eta 4s
  step 300/391 | loss 0.7101 | acc 86.3% | 7s elapsed | eta 2s
Ep 129 | loss 0.7242 | task 0.4077 | cons 0.3165 | train 86.1% | test 82.6% | 10s
  step 100/391 | loss 0.7838 | acc 86.0% | 3s elapsed | eta 7s
  step 200/391 | loss 0.7581 | acc 85.9% | 5s elapsed | eta 5s
  step 300/391 | loss 0.7656 | acc 85.7% | 7s elapsed | eta 2s
Ep 130 | loss 0.7540 | task 0.4227 | cons 0.3312 | train 85.7% | test 83.3% | 10s
    K=1: 79.4%
    K=2: 83.3%
    K=4: 83.3%
  step 100/391 | loss 0.7120 | acc 86.5% | 3s elapsed | eta 7s
  step 200/391 | loss 0.7112 | acc 86.6% | 5s elapsed | eta 5s
  step 300/391 | loss 0.6921 | acc 86.7% | 7s elapsed | eta 2s
Ep 131 | loss 0.6925 | task 0.3987 | cons 0.2938 | train 86.6% | test 82.7% | 10s
  step 100/391 | loss 0.6963 | acc 86.5% | 3s elapsed | eta 7s
  step 200/391 | loss 0.6918 | acc 86.6% | 5s elapsed | eta 5s
  step 300/391 | loss 0.7118 | acc 86.3% | 8s elapsed | eta 2s
Ep 132 | loss 0.7156 | task 0.4043 | cons 0.3114 | train 86.2% | test 83.6% | 11s
  step 100/391 | loss 0.6704 | acc 86.4% | 2s elapsed | eta 7s
  step 200/391 | loss 0.6966 | acc 86.5% | 5s elapsed | eta 4s
  step 300/391 | loss 0.6842 | acc 86.5% | 7s elapsed | eta 2s
Ep 133 | loss 0.6828 | task 0.3956 | cons 0.2872 | train 86.7% | test 83.6% | 11s
  step 100/391 | loss 0.7467 | acc 85.9% | 3s elapsed | eta 8s
  step 200/391 | loss 0.7174 | acc 86.2% | 5s elapsed | eta 5s
  step 300/391 | loss 0.7233 | acc 86.3% | 7s elapsed | eta 2s
Ep 134 | loss 0.7174 | task 0.4086 | cons 0.3088 | train 86.3% | test 83.2% | 10s
  step 100/391 | loss 0.7434 | acc 86.2% | 3s elapsed | eta 8s
  step 200/391 | loss 0.7437 | acc 86.2% | 5s elapsed | eta 5s
  step 300/391 | loss 0.7552 | acc 86.1% | 8s elapsed | eta 2s
Ep 135 | loss 0.7456 | task 0.4045 | cons 0.3410 | train 86.2% | test 83.8% | 11s
  step 100/391 | loss 0.7028 | acc 86.8% | 3s elapsed | eta 7s
  step 200/391 | loss 0.6802 | acc 86.9% | 5s elapsed | eta 5s
  step 300/391 | loss 0.6987 | acc 86.9% | 7s elapsed | eta 2s
Ep 136 | loss 0.6906 | task 0.3895 | cons 0.3011 | train 86.8% | test 83.1% | 11s
  step 100/391 | loss 0.7651 | acc 86.3% | 3s elapsed | eta 8s
  step 200/391 | loss 0.7019 | acc 86.8% | 5s elapsed | eta 4s
  step 300/391 | loss 0.7278 | acc 86.6% | 7s elapsed | eta 2s
Ep 137 | loss 0.7289 | task 0.3963 | cons 0.3326 | train 86.7% | test 82.4% | 10s
  step 100/391 | loss 0.8399 | acc 85.9% | 3s elapsed | eta 7s
  step 200/391 | loss 0.7942 | acc 86.3% | 5s elapsed | eta 5s
  step 300/391 | loss 0.7868 | acc 86.1% | 7s elapsed | eta 2s
Ep 138 | loss 0.7659 | task 0.4039 | cons 0.3620 | train 86.3% | test 82.8% | 10s
  step 100/391 | loss 0.7433 | acc 86.3% | 2s elapsed | eta 7s
  step 200/391 | loss 0.7362 | acc 86.8% | 5s elapsed | eta 5s
  step 300/391 | loss 0.7146 | acc 87.0% | 8s elapsed | eta 2s
Ep 139 | loss 0.7110 | task 0.3829 | cons 0.3281 | train 86.9% | test 82.9% | 11s
  step 100/391 | loss 0.6922 | acc 86.9% | 2s elapsed | eta 6s
  step 200/391 | loss 0.6942 | acc 87.0% | 4s elapsed | eta 4s
  step 300/391 | loss 0.7142 | acc 86.8% | 7s elapsed | eta 2s
Ep 140 | loss 0.7080 | task 0.3883 | cons 0.3197 | train 86.8% | test 83.1% | 10s
    K=1: 79.8%
    K=2: 83.0%
    K=4: 83.1%
  step 100/391 | loss 0.7001 | acc 87.0% | 3s elapsed | eta 7s
  step 200/391 | loss 0.7043 | acc 86.8% | 5s elapsed | eta 4s
  step 300/391 | loss 0.7150 | acc 86.6% | 7s elapsed | eta 2s
Ep 141 | loss 0.7122 | task 0.3881 | cons 0.3241 | train 86.7% | test 82.9% | 10s
  step 100/391 | loss 0.7208 | acc 87.2% | 3s elapsed | eta 8s
  step 200/391 | loss 0.7287 | acc 87.1% | 5s elapsed | eta 5s
  step 300/391 | loss 0.7171 | acc 87.2% | 8s elapsed | eta 2s
Ep 142 | loss 0.7093 | task 0.3770 | cons 0.3322 | train 87.2% | test 82.6% | 10s
  step 100/391 | loss 0.7419 | acc 87.1% | 2s elapsed | eta 5s
  step 200/391 | loss 0.7103 | acc 87.5% | 4s elapsed | eta 4s
  step 300/391 | loss 0.6963 | acc 87.6% | 7s elapsed | eta 2s
Ep 143 | loss 0.6957 | task 0.3699 | cons 0.3258 | train 87.6% | test 83.0% | 10s
  step 100/391 | loss 0.7312 | acc 87.5% | 3s elapsed | eta 8s
  step 200/391 | loss 0.7304 | acc 87.2% | 5s elapsed | eta 5s
  step 300/391 | loss 0.7345 | acc 87.1% | 7s elapsed | eta 2s
Ep 144 | loss 0.7412 | task 0.3891 | cons 0.3521 | train 86.9% | test 84.0% | 10s
  step 100/391 | loss 0.7458 | acc 86.9% | 3s elapsed | eta 8s
  step 200/391 | loss 0.7171 | acc 87.1% | 5s elapsed | eta 5s
  step 300/391 | loss 0.7226 | acc 86.9% | 8s elapsed | eta 2s
Ep 145 | loss 0.7307 | task 0.3860 | cons 0.3446 | train 86.8% | test 83.2% | 11s
  step 100/391 | loss 0.7294 | acc 87.0% | 3s elapsed | eta 8s
  step 200/391 | loss 0.7082 | acc 87.2% | 5s elapsed | eta 5s
  step 300/391 | loss 0.7081 | acc 87.2% | 8s elapsed | eta 2s
Ep 146 | loss 0.7155 | task 0.3805 | cons 0.3349 | train 87.1% | test 83.6% | 11s
  step 100/391 | loss 0.6897 | acc 87.8% | 2s elapsed | eta 7s
  step 200/391 | loss 0.7202 | acc 87.4% | 4s elapsed | eta 4s
  step 300/391 | loss 0.7062 | acc 87.6% | 7s elapsed | eta 2s
Ep 147 | loss 0.7040 | task 0.3701 | cons 0.3339 | train 87.6% | test 83.5% | 10s
  step 100/391 | loss 0.7023 | acc 87.3% | 3s elapsed | eta 8s
  step 200/391 | loss 0.6962 | acc 87.2% | 5s elapsed | eta 5s
  step 300/391 | loss 0.7166 | acc 87.2% | 7s elapsed | eta 2s
Ep 148 | loss 0.7360 | task 0.3822 | cons 0.3538 | train 87.0% | test 83.8% | 10s
  step 100/391 | loss 0.7671 | acc 87.3% | 3s elapsed | eta 7s
  step 200/391 | loss 0.7284 | acc 87.4% | 5s elapsed | eta 5s
  step 300/391 | loss 0.7282 | acc 87.4% | 8s elapsed | eta 2s
Ep 149 | loss 0.7141 | task 0.3719 | cons 0.3422 | train 87.4% | test 83.3% | 11s
  step 100/391 | loss 0.7143 | acc 87.2% | 2s elapsed | eta 6s
  step 200/391 | loss 0.7141 | acc 87.3% | 5s elapsed | eta 4s
  step 300/391 | loss 0.7058 | acc 87.4% | 7s elapsed | eta 2s
Ep 150 | loss 0.7057 | task 0.3721 | cons 0.3335 | train 87.4% | test 83.4% | 10s
    K=1: 80.5%
    K=2: 83.6%
    K=4: 83.4%
  step 100/391 | loss 0.6491 | acc 88.4% | 2s elapsed | eta 7s
  step 200/391 | loss 0.6847 | acc 87.8% | 4s elapsed | eta 4s
  step 300/391 | loss 0.6869 | acc 87.8% | 7s elapsed | eta 2s
Ep 151 | loss 0.6840 | task 0.3650 | cons 0.3190 | train 87.7% | test 83.7% | 10s
  step 100/391 | loss 0.5942 | acc 88.7% | 3s elapsed | eta 8s
  step 200/391 | loss 0.6265 | acc 88.5% | 5s elapsed | eta 5s
  step 300/391 | loss 0.6776 | acc 87.8% | 7s elapsed | eta 2s
Ep 152 | loss 0.6924 | task 0.3700 | cons 0.3224 | train 87.6% | test 83.5% | 11s
  step 100/391 | loss 0.7975 | acc 87.1% | 2s elapsed | eta 7s
  step 200/391 | loss 0.7316 | acc 88.0% | 5s elapsed | eta 5s
  step 300/391 | loss 0.7416 | acc 87.7% | 7s elapsed | eta 2s
Ep 153 | loss 0.7360 | task 0.3657 | cons 0.3703 | train 87.8% | test 83.9% | 11s
  step 100/391 | loss 0.6820 | acc 88.6% | 2s elapsed | eta 6s
  step 200/391 | loss 0.6717 | acc 88.4% | 5s elapsed | eta 4s
  step 300/391 | loss 0.6563 | acc 88.5% | 7s elapsed | eta 2s
Ep 154 | loss 0.6499 | task 0.3470 | cons 0.3029 | train 88.4% | test 84.3% | 11s
  step 100/391 | loss 0.6380 | acc 88.5% | 3s elapsed | eta 8s
  step 200/391 | loss 0.6671 | acc 88.5% | 5s elapsed | eta 5s
  step 300/391 | loss 0.6689 | acc 88.3% | 7s elapsed | eta 2s
Ep 155 | loss 0.6731 | task 0.3543 | cons 0.3188 | train 88.1% | test 84.3% | 10s
  step 100/391 | loss 0.7265 | acc 88.1% | 3s elapsed | eta 8s
  step 200/391 | loss 0.7166 | acc 88.1% | 5s elapsed | eta 5s
  step 300/391 | loss 0.7169 | acc 87.9% | 8s elapsed | eta 2s
Ep 156 | loss 0.7390 | task 0.3653 | cons 0.3738 | train 87.7% | test 83.2% | 10s
  step 100/391 | loss 0.6735 | acc 88.2% | 2s elapsed | eta 5s
  step 200/391 | loss 0.6546 | acc 88.4% | 4s elapsed | eta 4s
  step 300/391 | loss 0.6550 | acc 88.4% | 7s elapsed | eta 2s
Ep 157 | loss 0.6704 | task 0.3467 | cons 0.3236 | train 88.3% | test 84.2% | 10s
  step 100/391 | loss 0.6872 | acc 88.6% | 3s elapsed | eta 7s
  step 200/391 | loss 0.7199 | acc 88.1% | 5s elapsed | eta 5s
  step 300/391 | loss 0.7245 | acc 87.8% | 7s elapsed | eta 2s
Ep 158 | loss 0.7147 | task 0.3602 | cons 0.3545 | train 87.8% | test 83.9% | 10s
  step 100/391 | loss 0.7261 | acc 87.9% | 3s elapsed | eta 8s
  step 200/391 | loss 0.7018 | acc 88.2% | 5s elapsed | eta 5s
  step 300/391 | loss 0.6955 | acc 88.2% | 8s elapsed | eta 2s
Ep 159 | loss 0.7129 | task 0.3538 | cons 0.3591 | train 88.0% | test 83.1% | 11s
  step 100/391 | loss 0.7207 | acc 87.8% | 2s elapsed | eta 6s
  step 200/391 | loss 0.7171 | acc 87.8% | 5s elapsed | eta 4s
  step 300/391 | loss 0.7386 | acc 87.7% | 7s elapsed | eta 2s
Ep 160 | loss 0.7370 | task 0.3629 | cons 0.3741 | train 87.8% | test 84.0% | 10s
    K=1: 80.1%
    K=2: 84.1%
    K=4: 84.0%
  step 100/391 | loss 0.7240 | acc 88.4% | 2s elapsed | eta 7s
  step 200/391 | loss 0.7252 | acc 88.1% | 5s elapsed | eta 4s
  step 300/391 | loss 0.7294 | acc 87.9% | 7s elapsed | eta 2s
Ep 161 | loss 0.7095 | task 0.3551 | cons 0.3544 | train 88.1% | test 84.2% | 10s
  step 100/391 | loss 0.6041 | acc 89.5% | 3s elapsed | eta 8s
  step 200/391 | loss 0.6440 | acc 88.9% | 5s elapsed | eta 5s
  step 300/391 | loss 0.6924 | acc 88.4% | 7s elapsed | eta 2s
Ep 162 | loss 0.6904 | task 0.3463 | cons 0.3441 | train 88.4% | test 83.9% | 10s
  step 100/391 | loss 0.7898 | acc 87.8% | 2s elapsed | eta 7s
  step 200/391 | loss 0.7231 | acc 88.0% | 5s elapsed | eta 5s
  step 300/391 | loss 0.7003 | acc 88.3% | 7s elapsed | eta 2s
Ep 163 | loss 0.6949 | task 0.3447 | cons 0.3502 | train 88.2% | test 84.7% | 11s
  step 100/391 | loss 0.6860 | acc 88.3% | 2s elapsed | eta 6s
  step 200/391 | loss 0.6977 | acc 88.1% | 5s elapsed | eta 4s
  step 300/391 | loss 0.7316 | acc 87.9% | 7s elapsed | eta 2s
Ep 164 | loss 0.7278 | task 0.3547 | cons 0.3731 | train 87.9% | test 83.8% | 11s
  step 100/391 | loss 0.7118 | acc 88.4% | 3s elapsed | eta 8s
  step 200/391 | loss 0.6828 | acc 88.5% | 5s elapsed | eta 5s
  step 300/391 | loss 0.6685 | acc 88.5% | 7s elapsed | eta 2s
Ep 165 | loss 0.6759 | task 0.3397 | cons 0.3362 | train 88.5% | test 84.4% | 11s
  step 100/391 | loss 0.6422 | acc 89.3% | 3s elapsed | eta 8s
  step 200/391 | loss 0.6521 | acc 89.0% | 5s elapsed | eta 5s
  step 300/391 | loss 0.6615 | acc 88.7% | 8s elapsed | eta 2s
Ep 166 | loss 0.6764 | task 0.3364 | cons 0.3400 | train 88.5% | test 83.1% | 11s
  step 100/391 | loss 0.6587 | acc 88.6% | 3s elapsed | eta 7s
  step 200/391 | loss 0.7483 | acc 87.6% | 5s elapsed | eta 5s
  step 300/391 | loss 0.8372 | acc 86.3% | 7s elapsed | eta 2s
Ep 167 | loss 0.8381 | task 0.4168 | cons 0.4214 | train 86.4% | test 83.0% | 11s
  step 100/391 | loss 0.7250 | acc 88.2% | 2s elapsed | eta 7s
  step 200/391 | loss 0.7373 | acc 87.8% | 4s elapsed | eta 4s
  step 300/391 | loss 0.7322 | acc 87.9% | 7s elapsed | eta 2s
Ep 168 | loss 0.7399 | task 0.3677 | cons 0.3722 | train 87.7% | test 84.5% | 10s
  step 100/391 | loss 0.7326 | acc 88.4% | 3s elapsed | eta 8s
  step 200/391 | loss 0.7341 | acc 88.3% | 5s elapsed | eta 5s
  step 300/391 | loss 0.7217 | acc 88.4% | 7s elapsed | eta 2s
Ep 169 | loss 0.7217 | task 0.3386 | cons 0.3831 | train 88.4% | test 83.7% | 10s
  step 100/391 | loss 0.7134 | acc 88.9% | 3s elapsed | eta 8s
  step 200/391 | loss 0.7136 | acc 88.8% | 5s elapsed | eta 5s
  step 300/391 | loss 0.7222 | acc 88.6% | 8s elapsed | eta 2s
Ep 170 | loss 0.7227 | task 0.3385 | cons 0.3843 | train 88.6% | test 83.6% | 11s
    K=1: 80.0%
    K=2: 83.8%
    K=4: 83.6%
  step 100/391 | loss 0.7828 | acc 87.9% | 2s elapsed | eta 5s
  step 200/391 | loss 0.7221 | acc 88.5% | 3s elapsed | eta 3s
  step 300/391 | loss 0.6866 | acc 88.8% | 4s elapsed | eta 1s
Ep 171 | loss 0.6912 | task 0.3319 | cons 0.3593 | train 88.7% | test 84.1% | 6s
  step 100/391 | loss 0.6609 | acc 89.3% | 1s elapsed | eta 4s
  step 200/391 | loss 0.6920 | acc 89.0% | 2s elapsed | eta 2s
  step 300/391 | loss 0.7249 | acc 88.5% | 3s elapsed | eta 1s
Ep 172 | loss 0.7201 | task 0.3371 | cons 0.3831 | train 88.5% | test 84.2% | 5s
  step 100/391 | loss 0.6699 | acc 88.9% | 1s elapsed | eta 3s
  step 200/391 | loss 0.7047 | acc 88.8% | 2s elapsed | eta 2s
  step 300/391 | loss 0.7192 | acc 88.4% | 3s elapsed | eta 1s
Ep 173 | loss 0.7108 | task 0.3370 | cons 0.3739 | train 88.5% | test 83.9% | 5s
  step 100/391 | loss 0.6137 | acc 89.9% | 1s elapsed | eta 4s
  step 200/391 | loss 0.6359 | acc 89.5% | 2s elapsed | eta 2s
  step 300/391 | loss 0.6516 | acc 89.2% | 3s elapsed | eta 1s
Ep 174 | loss 0.6581 | task 0.3201 | cons 0.3380 | train 89.1% | test 84.7% | 5s
  step 100/391 | loss 0.5948 | acc 89.8% | 1s elapsed | eta 4s
  step 200/391 | loss 0.6244 | acc 89.4% | 2s elapsed | eta 2s
  step 300/391 | loss 0.6706 | acc 89.0% | 3s elapsed | eta 1s
Ep 175 | loss 0.6788 | task 0.3247 | cons 0.3541 | train 89.0% | test 84.3% | 5s
  step 100/391 | loss 0.7368 | acc 88.6% | 1s elapsed | eta 3s
  step 200/391 | loss 0.7549 | acc 88.6% | 2s elapsed | eta 2s
  step 300/391 | loss 0.7322 | acc 88.7% | 3s elapsed | eta 1s
Ep 176 | loss 0.7171 | task 0.3305 | cons 0.3866 | train 88.8% | test 84.6% | 5s
  step 100/391 | loss 0.7354 | acc 88.9% | 1s elapsed | eta 4s
  step 200/391 | loss 0.6975 | acc 89.1% | 2s elapsed | eta 2s
  step 300/391 | loss 0.6962 | acc 89.0% | 3s elapsed | eta 1s
Ep 177 | loss 0.6739 | task 0.3183 | cons 0.3556 | train 89.2% | test 84.6% | 5s
  step 100/391 | loss 0.6756 | acc 89.7% | 1s elapsed | eta 4s
  step 200/391 | loss 0.6525 | acc 89.7% | 2s elapsed | eta 2s
  step 300/391 | loss 0.6675 | acc 89.5% | 3s elapsed | eta 1s
Ep 178 | loss 0.6721 | task 0.3114 | cons 0.3607 | train 89.4% | test 84.5% | 5s
  step 100/391 | loss 0.7216 | acc 89.0% | 1s elapsed | eta 4s
  step 200/391 | loss 0.6740 | acc 89.3% | 2s elapsed | eta 2s
  step 300/391 | loss 0.6798 | acc 89.4% | 4s elapsed | eta 1s
Ep 179 | loss 0.6686 | task 0.3147 | cons 0.3539 | train 89.4% | test 83.8% | 5s
  step 100/391 | loss 0.6738 | acc 89.6% | 1s elapsed | eta 4s
  step 200/391 | loss 0.6723 | acc 89.6% | 2s elapsed | eta 2s
  step 300/391 | loss 0.6780 | acc 89.5% | 3s elapsed | eta 1s
Ep 180 | loss 0.6716 | task 0.3102 | cons 0.3614 | train 89.6% | test 84.2% | 5s
    K=1: 80.3%
    K=2: 84.1%
    K=4: 84.2%
  step 100/391 | loss 0.6901 | acc 89.4% | 1s elapsed | eta 4s
  step 200/391 | loss 0.6813 | acc 89.3% | 2s elapsed | eta 2s
  step 300/391 | loss 0.6661 | acc 89.5% | 3s elapsed | eta 1s
Ep 181 | loss 0.6626 | task 0.3129 | cons 0.3497 | train 89.5% | test 84.6% | 5s
  step 100/391 | loss 0.6805 | acc 89.6% | 1s elapsed | eta 4s
  step 200/391 | loss 0.6728 | acc 89.7% | 2s elapsed | eta 2s
  step 300/391 | loss 0.6616 | acc 89.6% | 3s elapsed | eta 1s
Ep 182 | loss 0.6661 | task 0.3111 | cons 0.3550 | train 89.6% | test 84.6% | 5s
  step 100/391 | loss 0.7050 | acc 90.1% | 1s elapsed | eta 4s
  step 200/391 | loss 0.7107 | acc 89.6% | 2s elapsed | eta 2s
  step 300/391 | loss 0.6985 | acc 89.6% | 3s elapsed | eta 1s
Ep 183 | loss 0.7034 | task 0.3141 | cons 0.3893 | train 89.5% | test 84.3% | 5s
  step 100/391 | loss 0.6228 | acc 90.5% | 1s elapsed | eta 4s
  step 200/391 | loss 0.6481 | acc 89.9% | 2s elapsed | eta 2s
  step 300/391 | loss 0.7004 | acc 89.5% | 3s elapsed | eta 1s
Ep 184 | loss 0.6980 | task 0.3164 | cons 0.3816 | train 89.5% | test 84.8% | 5s
  step 100/391 | loss 0.7896 | acc 89.0% | 1s elapsed | eta 3s
  step 200/391 | loss 0.7288 | acc 89.5% | 2s elapsed | eta 2s
  step 300/391 | loss 0.7155 | acc 89.5% | 3s elapsed | eta 1s
Ep 185 | loss 0.7294 | task 0.3181 | cons 0.4113 | train 89.3% | test 84.2% | 5s
  step 100/391 | loss 0.7039 | acc 89.6% | 1s elapsed | eta 4s
  step 200/391 | loss 0.6736 | acc 89.8% | 2s elapsed | eta 2s
  step 300/391 | loss 0.6589 | acc 89.9% | 3s elapsed | eta 1s
Ep 186 | loss 0.6630 | task 0.3066 | cons 0.3565 | train 89.8% | test 84.4% | 5s
  step 100/391 | loss 0.6799 | acc 89.9% | 1s elapsed | eta 4s
  step 200/391 | loss 0.7007 | acc 89.5% | 2s elapsed | eta 2s
  step 300/391 | loss 0.6713 | acc 89.7% | 3s elapsed | eta 1s
Ep 187 | loss 0.6661 | task 0.3046 | cons 0.3615 | train 89.7% | test 84.7% | 5s
  step 100/391 | loss 0.7198 | acc 89.4% | 1s elapsed | eta 4s
  step 200/391 | loss 0.7121 | acc 89.3% | 2s elapsed | eta 2s
  step 300/391 | loss 0.6968 | acc 89.6% | 3s elapsed | eta 1s
Ep 188 | loss 0.6787 | task 0.3043 | cons 0.3744 | train 89.7% | test 84.4% | 5s
  step 100/391 | loss 0.6336 | acc 90.5% | 1s elapsed | eta 4s
  step 200/391 | loss 0.6737 | acc 90.1% | 2s elapsed | eta 2s
  step 300/391 | loss 0.6735 | acc 89.9% | 3s elapsed | eta 1s
Ep 189 | loss 0.6709 | task 0.3039 | cons 0.3670 | train 89.8% | test 84.6% | 5s
  step 100/391 | loss 0.6909 | acc 89.6% | 1s elapsed | eta 3s
  step 200/391 | loss 0.6533 | acc 89.9% | 2s elapsed | eta 2s
  step 300/391 | loss 0.6637 | acc 89.7% | 3s elapsed | eta 1s
Ep 190 | loss 0.6659 | task 0.3039 | cons 0.3619 | train 89.7% | test 84.4% | 5s
    K=1: 80.9%
    K=2: 84.2%
    K=4: 84.4%
  step 100/391 | loss 0.6165 | acc 90.4% | 1s elapsed | eta 3s
  step 200/391 | loss 0.6546 | acc 90.0% | 2s elapsed | eta 2s
  step 300/391 | loss 0.6556 | acc 90.0% | 3s elapsed | eta 1s
Ep 191 | loss 0.6535 | task 0.2984 | cons 0.3551 | train 90.0% | test 84.5% | 5s
  step 100/391 | loss 0.6663 | acc 89.8% | 1s elapsed | eta 3s
  step 200/391 | loss 0.6381 | acc 90.3% | 2s elapsed | eta 2s
  step 300/391 | loss 0.6536 | acc 90.1% | 3s elapsed | eta 1s
Ep 192 | loss 0.6508 | task 0.2944 | cons 0.3565 | train 90.1% | test 85.0% | 5s
  step 100/391 | loss 0.6188 | acc 90.5% | 1s elapsed | eta 3s
  step 200/391 | loss 0.6716 | acc 90.1% | 2s elapsed | eta 2s
  step 300/391 | loss 0.6690 | acc 90.1% | 3s elapsed | eta 1s
Ep 193 | loss 0.6707 | task 0.2933 | cons 0.3774 | train 90.0% | test 84.9% | 5s
  step 100/391 | loss 0.6842 | acc 90.5% | 1s elapsed | eta 4s
  step 200/391 | loss 0.7324 | acc 89.9% | 2s elapsed | eta 2s
  step 300/391 | loss 0.7248 | acc 89.8% | 3s elapsed | eta 1s
Ep 194 | loss 0.7114 | task 0.2986 | cons 0.4128 | train 90.0% | test 84.6% | 5s
  step 100/391 | loss 0.7619 | acc 89.9% | 1s elapsed | eta 3s
  step 200/391 | loss 0.7293 | acc 90.2% | 2s elapsed | eta 2s
  step 300/391 | loss 0.7103 | acc 90.3% | 3s elapsed | eta 1s
Ep 195 | loss 0.7086 | task 0.2940 | cons 0.4146 | train 90.2% | test 84.5% | 5s
  step 100/391 | loss 0.6384 | acc 90.5% | 1s elapsed | eta 3s
  step 200/391 | loss 0.6435 | acc 90.6% | 2s elapsed | eta 2s
  step 300/391 | loss 0.6624 | acc 90.3% | 3s elapsed | eta 1s
Ep 196 | loss 0.6530 | task 0.2866 | cons 0.3664 | train 90.4% | test 85.0% | 5s
  step 100/391 | loss 0.7102 | acc 89.8% | 1s elapsed | eta 3s
  step 200/391 | loss 0.6930 | acc 90.0% | 2s elapsed | eta 2s
  step 300/391 | loss 0.6756 | acc 90.1% | 3s elapsed | eta 1s
Ep 197 | loss 0.6861 | task 0.2951 | cons 0.3910 | train 90.0% | test 84.8% | 5s
  step 100/391 | loss 0.6772 | acc 90.2% | 1s elapsed | eta 3s
  step 200/391 | loss 0.7015 | acc 90.0% | 2s elapsed | eta 2s
  step 300/391 | loss 0.6957 | acc 90.0% | 3s elapsed | eta 1s
Ep 198 | loss 0.6965 | task 0.2986 | cons 0.3979 | train 90.0% | test 84.7% | 5s
  step 100/391 | loss 0.6049 | acc 91.1% | 1s elapsed | eta 4s
  step 200/391 | loss 0.6840 | acc 90.5% | 2s elapsed | eta 2s
  step 300/391 | loss 0.6787 | acc 90.4% | 3s elapsed | eta 1s
Ep 199 | loss 0.6846 | task 0.2906 | cons 0.3941 | train 90.3% | test 84.3% | 5s
  step 100/391 | loss 0.6376 | acc 90.9% | 1s elapsed | eta 3s
  step 200/391 | loss 0.6556 | acc 90.6% | 2s elapsed | eta 2s
  step 300/391 | loss 0.6582 | acc 90.5% | 3s elapsed | eta 1s
Ep 200 | loss 0.6635 | task 0.2850 | cons 0.3785 | train 90.5% | test 84.9% | 5s
    K=1: 81.2%
    K=2: 84.8%
    K=4: 84.9%
  step 100/391 | loss 0.6694 | acc 90.6% | 1s elapsed | eta 4s
  step 200/391 | loss 0.6787 | acc 90.4% | 2s elapsed | eta 2s
  step 300/391 | loss 0.7046 | acc 90.2% | 3s elapsed | eta 1s
Ep 201 | loss 0.7095 | task 0.2960 | cons 0.4135 | train 90.1% | test 84.8% | 5s
  step 100/391 | loss 0.6617 | acc 90.4% | 1s elapsed | eta 3s
  step 200/391 | loss 0.6488 | acc 90.3% | 2s elapsed | eta 2s
  step 300/391 | loss 0.6516 | acc 90.3% | 3s elapsed | eta 1s
Ep 202 | loss 0.6649 | task 0.2886 | cons 0.3763 | train 90.3% | test 84.5% | 5s
  step 100/391 | loss 0.6574 | acc 90.7% | 1s elapsed | eta 3s
  step 200/391 | loss 0.6944 | acc 90.5% | 2s elapsed | eta 2s
  step 300/391 | loss 0.6770 | acc 90.5% | 3s elapsed | eta 1s
Ep 203 | loss 0.6803 | task 0.2838 | cons 0.3965 | train 90.4% | test 85.0% | 5s
  step 100/391 | loss 0.6475 | acc 90.7% | 1s elapsed | eta 4s
  step 200/391 | loss 0.7161 | acc 90.3% | 2s elapsed | eta 2s
  step 300/391 | loss 0.7071 | acc 90.4% | 3s elapsed | eta 1s
Ep 204 | loss 0.7170 | task 0.2859 | cons 0.4311 | train 90.3% | test 84.5% | 5s
  step 100/391 | loss 0.7142 | acc 90.2% | 1s elapsed | eta 3s
  step 200/391 | loss 0.6800 | acc 90.6% | 2s elapsed | eta 2s
  step 300/391 | loss 0.6618 | acc 90.8% | 3s elapsed | eta 1s
Ep 205 | loss 0.6571 | task 0.2730 | cons 0.3841 | train 90.9% | test 84.9% | 5s
  step 100/391 | loss 0.6791 | acc 90.7% | 1s elapsed | eta 3s
  step 200/391 | loss 0.6852 | acc 90.5% | 2s elapsed | eta 2s
  step 300/391 | loss 0.6478 | acc 90.8% | 3s elapsed | eta 1s
Ep 206 | loss 0.6499 | task 0.2734 | cons 0.3765 | train 90.7% | test 84.6% | 5s
  step 100/391 | loss 0.7064 | acc 90.7% | 1s elapsed | eta 4s
  step 200/391 | loss 0.6824 | acc 90.6% | 2s elapsed | eta 2s
  step 300/391 | loss 0.6883 | acc 90.7% | 3s elapsed | eta 1s
Ep 207 | loss 0.6669 | task 0.2735 | cons 0.3933 | train 90.8% | test 85.1% | 5s
  step 100/391 | loss 0.6332 | acc 91.5% | 1s elapsed | eta 3s
  step 200/391 | loss 0.6523 | acc 91.1% | 2s elapsed | eta 2s
  step 300/391 | loss 0.6802 | acc 90.8% | 3s elapsed | eta 1s
Ep 208 | loss 0.6929 | task 0.2816 | cons 0.4113 | train 90.5% | test 84.6% | 5s
  step 100/391 | loss 0.6038 | acc 91.2% | 1s elapsed | eta 3s
  step 200/391 | loss 0.6279 | acc 91.0% | 2s elapsed | eta 2s
  step 300/391 | loss 0.6409 | acc 91.0% | 3s elapsed | eta 1s
Ep 209 | loss 0.6740 | task 0.2729 | cons 0.4011 | train 90.7% | test 84.7% | 5s
  step 100/391 | loss 0.7069 | acc 90.6% | 1s elapsed | eta 3s
  step 200/391 | loss 0.6905 | acc 90.7% | 2s elapsed | eta 2s
  step 300/391 | loss 0.7256 | acc 90.2% | 3s elapsed | eta 1s
Ep 210 | loss 0.6779 | task 0.2751 | cons 0.4027 | train 90.7% | test 85.0% | 5s
    K=1: 81.2%
    K=2: 84.7%
    K=4: 85.0%
  step 100/391 | loss 0.6541 | acc 91.2% | 1s elapsed | eta 3s
  step 200/391 | loss 0.6962 | acc 90.8% | 2s elapsed | eta 2s
  step 300/391 | loss 0.6745 | acc 90.8% | 3s elapsed | eta 1s
Ep 211 | loss 0.6980 | task 0.2797 | cons 0.4183 | train 90.5% | test 83.7% | 5s
  step 100/391 | loss 0.6980 | acc 90.8% | 1s elapsed | eta 3s
  step 200/391 | loss 0.6670 | acc 91.0% | 2s elapsed | eta 2s
  step 300/391 | loss 0.6481 | acc 91.0% | 3s elapsed | eta 1s
Ep 212 | loss 0.6339 | task 0.2620 | cons 0.3719 | train 91.1% | test 85.0% | 5s
  step 100/391 | loss 0.6220 | acc 91.4% | 1s elapsed | eta 4s
  step 200/391 | loss 0.6203 | acc 91.6% | 2s elapsed | eta 2s
  step 300/391 | loss 0.6377 | acc 91.3% | 3s elapsed | eta 1s
Ep 213 | loss 0.6276 | task 0.2586 | cons 0.3691 | train 91.3% | test 85.0% | 5s
  step 100/391 | loss 0.7231 | acc 90.8% | 1s elapsed | eta 3s
  step 200/391 | loss 0.6944 | acc 90.8% | 2s elapsed | eta 2s
  step 300/391 | loss 0.6796 | acc 90.8% | 3s elapsed | eta 1s
Ep 214 | loss 0.6721 | task 0.2720 | cons 0.4001 | train 90.9% | test 85.4% | 5s
  step 100/391 | loss 0.6418 | acc 91.1% | 1s elapsed | eta 4s
  step 200/391 | loss 0.6537 | acc 91.0% | 2s elapsed | eta 2s
  step 300/391 | loss 0.6498 | acc 91.0% | 3s elapsed | eta 1s
Ep 215 | loss 0.6804 | task 0.2728 | cons 0.4076 | train 90.8% | test 84.7% | 5s
  step 100/391 | loss 0.6720 | acc 91.1% | 1s elapsed | eta 4s
  step 200/391 | loss 0.7032 | acc 91.0% | 2s elapsed | eta 2s
  step 300/391 | loss 0.6900 | acc 90.9% | 3s elapsed | eta 1s
Ep 216 | loss 0.6959 | task 0.2703 | cons 0.4256 | train 90.9% | test 85.0% | 5s
  step 100/391 | loss 0.6350 | acc 91.5% | 1s elapsed | eta 3s
  step 200/391 | loss 0.6025 | acc 91.7% | 2s elapsed | eta 2s
  step 300/391 | loss 0.6499 | acc 91.2% | 3s elapsed | eta 1s
Ep 217 | loss 0.6701 | task 0.2687 | cons 0.4013 | train 91.0% | test 84.2% | 5s
  step 100/391 | loss 0.6625 | acc 91.3% | 1s elapsed | eta 3s
  step 200/391 | loss 0.6659 | acc 91.2% | 2s elapsed | eta 2s
  step 300/391 | loss 0.6597 | acc 91.2% | 3s elapsed | eta 1s
Ep 218 | loss 0.6550 | task 0.2641 | cons 0.3909 | train 91.3% | test 84.9% | 5s
  step 100/391 | loss 0.6687 | acc 91.2% | 1s elapsed | eta 3s
  step 200/391 | loss 0.6521 | acc 91.2% | 2s elapsed | eta 2s
  step 300/391 | loss 0.6652 | acc 91.2% | 3s elapsed | eta 1s
Ep 219 | loss 0.6554 | task 0.2628 | cons 0.3926 | train 91.2% | test 85.2% | 5s
  step 100/391 | loss 0.7279 | acc 90.9% | 1s elapsed | eta 3s
  step 200/391 | loss 0.7208 | acc 90.8% | 2s elapsed | eta 2s
  step 300/391 | loss 0.7144 | acc 90.9% | 3s elapsed | eta 1s
Ep 220 | loss 0.6978 | task 0.2666 | cons 0.4312 | train 91.0% | test 84.4% | 5s
    K=1: 81.4%
    K=2: 84.7%
    K=4: 84.4%
  step 100/391 | loss 0.6407 | acc 91.6% | 1s elapsed | eta 3s
  step 200/391 | loss 0.7245 | acc 90.9% | 2s elapsed | eta 2s
  step 300/391 | loss 0.7214 | acc 90.9% | 3s elapsed | eta 1s
Ep 221 | loss 0.6977 | task 0.2673 | cons 0.4304 | train 91.0% | test 84.8% | 5s
  step 100/391 | loss 0.6606 | acc 91.0% | 1s elapsed | eta 3s
  step 200/391 | loss 0.6693 | acc 91.2% | 2s elapsed | eta 2s
  step 300/391 | loss 0.6865 | acc 91.2% | 3s elapsed | eta 1s
Ep 222 | loss 0.6665 | task 0.2583 | cons 0.4082 | train 91.3% | test 85.0% | 5s
  step 100/391 | loss 0.6407 | acc 91.1% | 1s elapsed | eta 4s
  step 200/391 | loss 0.6547 | acc 91.2% | 2s elapsed | eta 2s
  step 300/391 | loss 0.6778 | acc 91.2% | 3s elapsed | eta 1s
Ep 223 | loss 0.6907 | task 0.2622 | cons 0.4285 | train 91.2% | test 84.9% | 5s
  step 100/391 | loss 0.6414 | acc 91.5% | 1s elapsed | eta 4s
  step 200/391 | loss 0.6128 | acc 91.8% | 2s elapsed | eta 2s
  step 300/391 | loss 0.6296 | acc 91.5% | 3s elapsed | eta 1s
Ep 224 | loss 0.6389 | task 0.2551 | cons 0.3838 | train 91.4% | test 84.7% | 5s
  step 100/391 | loss 0.6643 | acc 91.5% | 1s elapsed | eta 4s
  step 200/391 | loss 0.6329 | acc 92.0% | 2s elapsed | eta 2s
  step 300/391 | loss 0.6882 | acc 91.4% | 3s elapsed | eta 1s
Ep 225 | loss 0.6766 | task 0.2559 | cons 0.4208 | train 91.4% | test 85.0% | 5s
  step 100/391 | loss 0.5598 | acc 92.6% | 1s elapsed | eta 4s
  step 200/391 | loss 0.6137 | acc 92.0% | 2s elapsed | eta 2s
  step 300/391 | loss 0.6360 | acc 91.8% | 3s elapsed | eta 1s
Ep 226 | loss 0.6486 | task 0.2503 | cons 0.3983 | train 91.7% | test 85.0% | 5s
  step 100/391 | loss 0.7092 | acc 91.2% | 1s elapsed | eta 4s
  step 200/391 | loss 0.6572 | acc 91.5% | 2s elapsed | eta 2s
  step 300/391 | loss 0.6568 | acc 91.5% | 3s elapsed | eta 1s
Ep 227 | loss 0.6496 | task 0.2499 | cons 0.3997 | train 91.7% | test 84.7% | 5s
  step 100/391 | loss 0.6547 | acc 91.6% | 1s elapsed | eta 4s
  step 200/391 | loss 0.6399 | acc 91.6% | 2s elapsed | eta 2s
  step 300/391 | loss 0.6421 | acc 91.6% | 3s elapsed | eta 1s
Ep 228 | loss 0.6401 | task 0.2467 | cons 0.3934 | train 91.7% | test 85.1% | 5s
  step 100/391 | loss 0.6748 | acc 91.8% | 1s elapsed | eta 3s
  step 200/391 | loss 0.7056 | acc 91.5% | 2s elapsed | eta 2s
  step 300/391 | loss 0.6904 | acc 91.6% | 3s elapsed | eta 1s
Ep 229 | loss 0.6851 | task 0.2540 | cons 0.4311 | train 91.6% | test 85.2% | 5s
  step 100/391 | loss 0.7671 | acc 91.0% | 1s elapsed | eta 4s
  step 200/391 | loss 0.7851 | acc 90.9% | 2s elapsed | eta 2s
  step 300/391 | loss 0.7498 | acc 91.1% | 3s elapsed | eta 1s
Ep 230 | loss 0.7364 | task 0.2639 | cons 0.4725 | train 91.1% | test 85.0% | 5s
    K=1: 81.3%
    K=2: 84.9%
    K=4: 85.0%
  step 100/391 | loss 0.6133 | acc 92.3% | 1s elapsed | eta 4s
  step 200/391 | loss 0.6357 | acc 91.9% | 2s elapsed | eta 2s
  step 300/391 | loss 0.6552 | acc 91.9% | 3s elapsed | eta 1s
Ep 231 | loss 0.6571 | task 0.2424 | cons 0.4147 | train 91.9% | test 85.0% | 5s
  step 100/391 | loss 0.7260 | acc 91.3% | 1s elapsed | eta 3s
  step 200/391 | loss 0.7085 | acc 91.4% | 2s elapsed | eta 2s
  step 300/391 | loss 0.7296 | acc 91.2% | 3s elapsed | eta 1s
Ep 232 | loss 0.7149 | task 0.2539 | cons 0.4609 | train 91.4% | test 85.1% | 5s
  step 100/391 | loss 0.7469 | acc 91.2% | 1s elapsed | eta 3s
  step 200/391 | loss 0.6969 | acc 91.6% | 2s elapsed | eta 2s
  step 300/391 | loss 0.7263 | acc 91.4% | 3s elapsed | eta 1s
Ep 233 | loss 0.7184 | task 0.2574 | cons 0.4610 | train 91.5% | test 84.9% | 5s
  step 100/391 | loss 0.7072 | acc 91.7% | 1s elapsed | eta 3s
  step 200/391 | loss 0.7381 | acc 91.4% | 2s elapsed | eta 2s
  step 300/391 | loss 0.7414 | acc 91.3% | 3s elapsed | eta 1s
Ep 234 | loss 0.7251 | task 0.2566 | cons 0.4686 | train 91.4% | test 84.8% | 5s
  step 100/391 | loss 0.7233 | acc 91.3% | 1s elapsed | eta 4s
  step 200/391 | loss 0.7056 | acc 91.7% | 2s elapsed | eta 2s
  step 300/391 | loss 0.7242 | acc 91.4% | 3s elapsed | eta 1s
Ep 235 | loss 0.7310 | task 0.2582 | cons 0.4728 | train 91.4% | test 85.2% | 5s
  step 100/391 | loss 0.7446 | acc 91.2% | 1s elapsed | eta 3s
  step 200/391 | loss 0.7380 | acc 91.2% | 2s elapsed | eta 2s
  step 300/391 | loss 0.7408 | acc 91.3% | 3s elapsed | eta 1s
Ep 236 | loss 0.7385 | task 0.2627 | cons 0.4758 | train 91.3% | test 84.8% | 5s
  step 100/391 | loss 0.7861 | acc 91.3% | 1s elapsed | eta 4s
  step 200/391 | loss 0.7817 | acc 91.4% | 2s elapsed | eta 2s
  step 300/391 | loss 0.8825 | acc 90.4% | 3s elapsed | eta 1s
Ep 237 | loss 0.9532 | task 0.3203 | cons 0.6329 | train 89.9% | test 84.9% | 5s
  step 100/391 | loss 0.7354 | acc 91.7% | 1s elapsed | eta 4s
  step 200/391 | loss 0.7598 | acc 91.6% | 2s elapsed | eta 2s
  step 300/391 | loss 0.7939 | acc 91.5% | 3s elapsed | eta 1s
Ep 238 | loss 0.8152 | task 0.2676 | cons 0.5475 | train 91.2% | test 84.8% | 5s
  step 100/391 | loss 0.7958 | acc 91.1% | 1s elapsed | eta 4s
  step 200/391 | loss 0.7671 | acc 91.3% | 2s elapsed | eta 2s
  step 300/391 | loss 0.7171 | acc 91.7% | 3s elapsed | eta 1s
Ep 239 | loss 0.7171 | task 0.2490 | cons 0.4681 | train 91.7% | test 85.0% | 5s
  step 100/391 | loss 0.6505 | acc 92.4% | 1s elapsed | eta 4s
  step 200/391 | loss 0.7405 | acc 91.7% | 2s elapsed | eta 2s
  step 300/391 | loss 0.7532 | acc 91.6% | 3s elapsed | eta 1s
Ep 240 | loss 0.7464 | task 0.2516 | cons 0.4949 | train 91.6% | test 85.2% | 5s
    K=1: 81.5%
    K=2: 85.0%
    K=4: 85.2%
  step 100/391 | loss 0.7587 | acc 91.3% | 1s elapsed | eta 4s
  step 200/391 | loss 0.6926 | acc 91.8% | 2s elapsed | eta 2s
  step 300/391 | loss 0.7041 | acc 91.8% | 3s elapsed | eta 1s
Ep 241 | loss 0.7263 | task 0.2464 | cons 0.4799 | train 91.7% | test 85.3% | 5s
  step 100/391 | loss 0.6665 | acc 92.2% | 1s elapsed | eta 4s
  step 200/391 | loss 0.7265 | acc 91.6% | 2s elapsed | eta 2s
  step 300/391 | loss 0.7254 | acc 91.6% | 3s elapsed | eta 1s
Ep 242 | loss 0.7074 | task 0.2445 | cons 0.4629 | train 91.7% | test 85.2% | 5s
  step 100/391 | loss 0.7048 | acc 92.1% | 1s elapsed | eta 3s
  step 200/391 | loss 0.7226 | acc 91.9% | 2s elapsed | eta 2s
  step 300/391 | loss 0.6839 | acc 92.2% | 3s elapsed | eta 1s
Ep 243 | loss 0.6864 | task 0.2382 | cons 0.4483 | train 92.1% | test 85.5% | 5s
  step 100/391 | loss 0.7973 | acc 91.5% | 1s elapsed | eta 3s
  step 200/391 | loss 0.7510 | acc 91.8% | 2s elapsed | eta 2s
  step 300/391 | loss 0.7561 | acc 91.7% | 3s elapsed | eta 1s
Ep 244 | loss 0.7554 | task 0.2488 | cons 0.5066 | train 91.7% | test 85.0% | 5s
  step 100/391 | loss 0.7631 | acc 91.3% | 1s elapsed | eta 3s
  step 200/391 | loss 0.7519 | acc 91.3% | 2s elapsed | eta 2s
  step 300/391 | loss 0.7266 | acc 91.6% | 3s elapsed | eta 1s
Ep 245 | loss 0.7178 | task 0.2456 | cons 0.4722 | train 91.6% | test 85.2% | 5s
  step 100/391 | loss 0.8288 | acc 90.8% | 1s elapsed | eta 3s
  step 200/391 | loss 0.8374 | acc 90.8% | 2s elapsed | eta 2s
  step 300/391 | loss 0.7739 | acc 91.4% | 3s elapsed | eta 1s
Ep 246 | loss 0.7701 | task 0.2563 | cons 0.5139 | train 91.4% | test 85.4% | 5s
  step 100/391 | loss 0.7873 | acc 91.3% | 1s elapsed | eta 3s
  step 200/391 | loss 0.7212 | acc 91.9% | 2s elapsed | eta 2s
  step 300/391 | loss 0.7433 | acc 91.7% | 3s elapsed | eta 1s
Ep 247 | loss 0.7405 | task 0.2523 | cons 0.4882 | train 91.7% | test 85.3% | 5s
  step 100/391 | loss 0.6297 | acc 92.6% | 1s elapsed | eta 4s
  step 200/391 | loss 0.6942 | acc 92.2% | 2s elapsed | eta 2s
  step 300/391 | loss 0.6973 | acc 92.1% | 3s elapsed | eta 1s
Ep 248 | loss 0.6940 | task 0.2420 | cons 0.4520 | train 92.1% | test 85.4% | 5s
  step 100/391 | loss 0.6292 | acc 92.8% | 1s elapsed | eta 4s
  step 200/391 | loss 0.6962 | acc 92.3% | 2s elapsed | eta 2s
  step 300/391 | loss 0.6872 | acc 92.3% | 3s elapsed | eta 1s
Ep 249 | loss 0.6813 | task 0.2342 | cons 0.4471 | train 92.3% | test 85.2% | 5s
  step 100/391 | loss 0.6906 | acc 92.3% | 1s elapsed | eta 4s
  step 200/391 | loss 0.7084 | acc 92.3% | 2s elapsed | eta 2s
  step 300/391 | loss 0.6716 | acc 92.4% | 3s elapsed | eta 1s
Ep 250 | loss 0.6760 | task 0.2313 | cons 0.4447 | train 92.5% | test 85.4% | 5s
    K=1: 81.9%
    K=2: 85.4%
    K=4: 85.4%
  step 100/391 | loss 0.7059 | acc 92.0% | 1s elapsed | eta 3s
  step 200/391 | loss 0.6773 | acc 92.4% | 2s elapsed | eta 2s
  step 300/391 | loss 0.6581 | acc 92.4% | 3s elapsed | eta 1s
Ep 251 | loss 0.6722 | task 0.2377 | cons 0.4345 | train 92.3% | test 85.4% | 5s
  step 100/391 | loss 0.7708 | acc 90.9% | 1s elapsed | eta 4s
  step 200/391 | loss 0.7813 | acc 91.1% | 2s elapsed | eta 2s
  step 300/391 | loss 0.7504 | acc 91.5% | 3s elapsed | eta 1s
Ep 252 | loss 0.7260 | task 0.2507 | cons 0.4753 | train 91.8% | test 85.0% | 5s
  step 100/391 | loss 0.7695 | acc 91.9% | 1s elapsed | eta 3s
  step 200/391 | loss 0.7344 | acc 92.0% | 2s elapsed | eta 2s
  step 300/391 | loss 0.7142 | acc 92.2% | 3s elapsed | eta 1s
Ep 253 | loss 0.7137 | task 0.2353 | cons 0.4784 | train 92.2% | test 84.8% | 5s
  step 100/391 | loss 0.7012 | acc 91.8% | 1s elapsed | eta 4s
  step 200/391 | loss 0.8163 | acc 90.8% | 2s elapsed | eta 2s
  step 300/391 | loss 0.9623 | acc 89.3% | 3s elapsed | eta 1s
Ep 254 | loss 0.9490 | task 0.3481 | cons 0.6008 | train 89.3% | test 84.6% | 5s
  step 100/391 | loss 0.8853 | acc 90.2% | 1s elapsed | eta 3s
  step 200/391 | loss 0.7826 | acc 91.1% | 2s elapsed | eta 2s
  step 300/391 | loss 0.7726 | acc 91.2% | 3s elapsed | eta 1s
Ep 255 | loss 0.7495 | task 0.2602 | cons 0.4893 | train 91.4% | test 85.3% | 5s
  step 100/391 | loss 0.8270 | acc 91.0% | 1s elapsed | eta 4s
  step 200/391 | loss 0.7731 | acc 91.4% | 2s elapsed | eta 2s
  step 300/391 | loss 0.7616 | acc 91.5% | 3s elapsed | eta 1s
Ep 256 | loss 0.7656 | task 0.2610 | cons 0.5046 | train 91.5% | test 85.1% | 5s
  step 100/391 | loss 0.6476 | acc 92.2% | 1s elapsed | eta 4s
  step 200/391 | loss 0.6873 | acc 92.3% | 2s elapsed | eta 2s
  step 300/391 | loss 0.6961 | acc 92.2% | 3s elapsed | eta 1s
Ep 257 | loss 0.6976 | task 0.2380 | cons 0.4596 | train 92.2% | test 85.3% | 5s
  step 100/391 | loss 0.6314 | acc 93.0% | 1s elapsed | eta 4s
  step 200/391 | loss 0.6580 | acc 92.7% | 2s elapsed | eta 2s
  step 300/391 | loss 0.6997 | acc 92.3% | 3s elapsed | eta 1s
Ep 258 | loss 0.6887 | task 0.2313 | cons 0.4573 | train 92.3% | test 85.3% | 5s
  step 100/391 | loss 0.6476 | acc 92.8% | 1s elapsed | eta 3s
  step 200/391 | loss 0.6380 | acc 92.8% | 2s elapsed | eta 2s
  step 300/391 | loss 0.6480 | acc 92.7% | 3s elapsed | eta 1s
Ep 259 | loss 0.6690 | task 0.2248 | cons 0.4442 | train 92.5% | test 85.4% | 5s
  step 100/391 | loss 0.7045 | acc 92.2% | 1s elapsed | eta 3s
  step 200/391 | loss 0.6912 | acc 92.4% | 2s elapsed | eta 2s
  step 300/391 | loss 0.6695 | acc 92.5% | 3s elapsed | eta 1s
Ep 260 | loss 0.6684 | task 0.2217 | cons 0.4467 | train 92.6% | test 85.4% | 5s
    K=1: 81.7%
    K=2: 85.4%
    K=4: 85.4%
  step 100/391 | loss 0.8145 | acc 91.7% | 1s elapsed | eta 4s
  step 200/391 | loss 0.7453 | acc 92.1% | 2s elapsed | eta 2s
  step 300/391 | loss 0.7359 | acc 92.3% | 3s elapsed | eta 1s
Ep 261 | loss 0.7244 | task 0.2326 | cons 0.4918 | train 92.3% | test 85.3% | 5s
  step 100/391 | loss 0.8376 | acc 91.8% | 1s elapsed | eta 4s
  step 200/391 | loss 0.7608 | acc 92.3% | 2s elapsed | eta 2s
  step 300/391 | loss 0.7616 | acc 92.2% | 4s elapsed | eta 1s
Ep 262 | loss 0.7583 | task 0.2391 | cons 0.5192 | train 92.2% | test 85.2% | 5s
  step 100/391 | loss 0.8359 | acc 91.8% | 1s elapsed | eta 3s
  step 200/391 | loss 0.8441 | acc 91.8% | 2s elapsed | eta 2s
  step 300/391 | loss 0.8198 | acc 91.8% | 3s elapsed | eta 1s
Ep 263 | loss 0.8096 | task 0.2455 | cons 0.5641 | train 91.9% | test 85.3% | 5s
  step 100/391 | loss 0.6559 | acc 92.9% | 1s elapsed | eta 4s
  step 200/391 | loss 0.7244 | acc 92.5% | 2s elapsed | eta 2s
  step 300/391 | loss 0.7192 | acc 92.5% | 3s elapsed | eta 1s
Ep 264 | loss 0.7067 | task 0.2188 | cons 0.4879 | train 92.7% | test 85.2% | 5s
  step 100/391 | loss 0.8371 | acc 91.8% | 1s elapsed | eta 3s
  step 200/391 | loss 0.7703 | acc 92.0% | 2s elapsed | eta 2s
  step 300/391 | loss 0.7422 | acc 92.2% | 3s elapsed | eta 1s
Ep 265 | loss 0.7378 | task 0.2345 | cons 0.5033 | train 92.2% | test 85.0% | 5s
  step 100/391 | loss 0.6934 | acc 92.1% | 1s elapsed | eta 4s
  step 200/391 | loss 0.6956 | acc 92.2% | 2s elapsed | eta 2s
  step 300/391 | loss 0.6905 | acc 92.5% | 3s elapsed | eta 1s
Ep 266 | loss 0.6936 | task 0.2246 | cons 0.4690 | train 92.4% | test 85.0% | 5s
  step 100/391 | loss 0.7306 | acc 92.2% | 1s elapsed | eta 3s
  step 200/391 | loss 0.6882 | acc 92.5% | 2s elapsed | eta 2s
  step 300/391 | loss 0.7001 | acc 92.2% | 3s elapsed | eta 1s
Ep 267 | loss 0.7384 | task 0.2447 | cons 0.4937 | train 92.1% | test 84.8% | 5s
  step 100/391 | loss 0.8227 | acc 91.1% | 1s elapsed | eta 4s
  step 200/391 | loss 0.7909 | acc 91.4% | 2s elapsed | eta 2s
  step 300/391 | loss 0.7633 | acc 91.6% | 3s elapsed | eta 1s
Ep 268 | loss 0.7602 | task 0.2637 | cons 0.4965 | train 91.8% | test 85.3% | 5s
  step 100/391 | loss 0.8248 | acc 91.4% | 1s elapsed | eta 3s
  step 200/391 | loss 0.8238 | acc 91.4% | 2s elapsed | eta 2s
  step 300/391 | loss 0.7779 | acc 91.8% | 3s elapsed | eta 1s
Ep 269 | loss 0.7516 | task 0.2480 | cons 0.5036 | train 91.9% | test 85.2% | 5s
  step 100/391 | loss 0.8032 | acc 91.4% | 1s elapsed | eta 3s
  step 200/391 | loss 0.8220 | acc 91.3% | 2s elapsed | eta 2s
  step 300/391 | loss 0.8122 | acc 91.6% | 3s elapsed | eta 1s
Ep 270 | loss 0.8012 | task 0.2580 | cons 0.5432 | train 91.6% | test 85.3% | 5s
    K=1: 81.8%
    K=2: 85.1%
    K=4: 85.3%
  step 100/391 | loss 0.8096 | acc 91.4% | 1s elapsed | eta 3s
  step 200/391 | loss 0.7398 | acc 91.9% | 2s elapsed | eta 2s
  step 300/391 | loss 0.7475 | acc 92.0% | 3s elapsed | eta 1s
Ep 271 | loss 0.7336 | task 0.2394 | cons 0.4942 | train 92.1% | test 85.6% | 5s
  step 100/391 | loss 0.7839 | acc 91.6% | 1s elapsed | eta 3s
  step 200/391 | loss 0.7784 | acc 91.9% | 2s elapsed | eta 2s
  step 300/391 | loss 0.7876 | acc 91.8% | 3s elapsed | eta 1s
Ep 272 | loss 0.8003 | task 0.2526 | cons 0.5477 | train 91.7% | test 85.5% | 5s
  step 100/391 | loss 0.7448 | acc 91.9% | 1s elapsed | eta 4s
  step 200/391 | loss 0.7411 | acc 92.1% | 2s elapsed | eta 2s
  step 300/391 | loss 0.7322 | acc 92.2% | 3s elapsed | eta 1s
Ep 273 | loss 0.7292 | task 0.2352 | cons 0.4940 | train 92.3% | test 85.4% | 5s
  step 100/391 | loss 0.7834 | acc 91.8% | 1s elapsed | eta 3s
  step 200/391 | loss 0.7507 | acc 92.1% | 2s elapsed | eta 2s
  step 300/391 | loss 0.7627 | acc 92.0% | 3s elapsed | eta 1s
Ep 274 | loss 0.7489 | task 0.2382 | cons 0.5107 | train 92.1% | test 85.6% | 5s
  step 100/391 | loss 0.6805 | acc 92.7% | 1s elapsed | eta 3s
  step 200/391 | loss 0.6861 | acc 92.8% | 2s elapsed | eta 2s
  step 300/391 | loss 0.6942 | acc 92.8% | 3s elapsed | eta 1s
Ep 275 | loss 0.7029 | task 0.2233 | cons 0.4796 | train 92.6% | test 85.3% | 5s
  step 100/391 | loss 0.6810 | acc 92.6% | 1s elapsed | eta 4s
  step 200/391 | loss 0.6911 | acc 92.8% | 2s elapsed | eta 2s
  step 300/391 | loss 0.7222 | acc 92.4% | 3s elapsed | eta 1s
Ep 276 | loss 0.7230 | task 0.2283 | cons 0.4947 | train 92.3% | test 85.6% | 5s
  step 100/391 | loss 0.7080 | acc 92.3% | 1s elapsed | eta 3s
  step 200/391 | loss 0.7634 | acc 91.9% | 2s elapsed | eta 2s
  step 300/391 | loss 0.7580 | acc 92.0% | 3s elapsed | eta 1s
Ep 277 | loss 0.7457 | task 0.2372 | cons 0.5085 | train 92.1% | test 85.7% | 5s
  step 100/391 | loss 0.7583 | acc 92.0% | 1s elapsed | eta 4s
  step 200/391 | loss 0.7160 | acc 92.4% | 2s elapsed | eta 2s
  step 300/391 | loss 0.6920 | acc 92.6% | 3s elapsed | eta 1s
Ep 278 | loss 0.6847 | task 0.2215 | cons 0.4632 | train 92.6% | test 85.7% | 5s
  step 100/391 | loss 0.7215 | acc 92.5% | 1s elapsed | eta 4s
  step 200/391 | loss 0.7721 | acc 92.2% | 2s elapsed | eta 2s
  step 300/391 | loss 0.7169 | acc 92.6% | 3s elapsed | eta 1s
Ep 279 | loss 0.7248 | task 0.2251 | cons 0.4997 | train 92.5% | test 85.5% | 5s
  step 100/391 | loss 0.7174 | acc 92.5% | 1s elapsed | eta 4s
  step 200/391 | loss 0.7184 | acc 92.4% | 2s elapsed | eta 2s
  step 300/391 | loss 0.6935 | acc 92.6% | 3s elapsed | eta 1s
Ep 280 | loss 0.7071 | task 0.2241 | cons 0.4830 | train 92.6% | test 85.6% | 5s
    K=1: 81.8%
    K=2: 85.5%
    K=4: 85.6%
  step 100/391 | loss 0.7317 | acc 92.5% | 1s elapsed | eta 3s
  step 200/391 | loss 0.7080 | acc 92.6% | 2s elapsed | eta 2s
  step 300/391 | loss 0.7168 | acc 92.6% | 3s elapsed | eta 1s
Ep 281 | loss 0.7080 | task 0.2234 | cons 0.4846 | train 92.6% | test 85.7% | 5s
  step 100/391 | loss 0.7092 | acc 92.8% | 1s elapsed | eta 3s
  step 200/391 | loss 0.6885 | acc 93.0% | 2s elapsed | eta 2s
  step 300/391 | loss 0.6936 | acc 92.9% | 3s elapsed | eta 1s
Ep 282 | loss 0.6906 | task 0.2153 | cons 0.4752 | train 92.9% | test 85.6% | 5s
  step 100/391 | loss 0.6746 | acc 92.5% | 1s elapsed | eta 3s
  step 200/391 | loss 0.6613 | acc 92.6% | 2s elapsed | eta 2s
  step 300/391 | loss 0.6652 | acc 92.7% | 3s elapsed | eta 1s
Ep 283 | loss 0.6677 | task 0.2148 | cons 0.4530 | train 92.8% | test 85.6% | 5s
  step 100/391 | loss 0.6945 | acc 93.2% | 1s elapsed | eta 3s
  step 200/391 | loss 0.6976 | acc 92.9% | 2s elapsed | eta 2s
  step 300/391 | loss 0.7030 | acc 92.8% | 3s elapsed | eta 1s
Ep 284 | loss 0.7044 | task 0.2176 | cons 0.4868 | train 92.8% | test 85.6% | 5s
  step 100/391 | loss 0.6980 | acc 92.8% | 1s elapsed | eta 3s
  step 200/391 | loss 0.7005 | acc 92.8% | 2s elapsed | eta 2s
  step 300/391 | loss 0.7001 | acc 92.7% | 3s elapsed | eta 1s
Ep 285 | loss 0.7161 | task 0.2216 | cons 0.4945 | train 92.6% | test 85.5% | 5s
  step 100/391 | loss 0.7894 | acc 92.5% | 1s elapsed | eta 3s
  step 200/391 | loss 0.7521 | acc 92.6% | 2s elapsed | eta 2s
  step 300/391 | loss 0.7323 | acc 92.7% | 3s elapsed | eta 1s
Ep 286 | loss 0.7136 | task 0.2198 | cons 0.4937 | train 92.8% | test 85.4% | 5s
  step 100/391 | loss 0.7032 | acc 93.0% | 1s elapsed | eta 4s
  step 200/391 | loss 0.7358 | acc 92.6% | 2s elapsed | eta 2s
  step 300/391 | loss 0.7329 | acc 92.6% | 3s elapsed | eta 1s
Ep 287 | loss 0.7161 | task 0.2207 | cons 0.4954 | train 92.6% | test 85.6% | 5s
  step 100/391 | loss 0.7433 | acc 92.8% | 1s elapsed | eta 4s
  step 200/391 | loss 0.7183 | acc 92.7% | 2s elapsed | eta 2s
  step 300/391 | loss 0.7091 | acc 92.7% | 3s elapsed | eta 1s
Ep 288 | loss 0.7048 | task 0.2197 | cons 0.4851 | train 92.7% | test 85.5% | 5s
  step 100/391 | loss 0.7832 | acc 92.1% | 1s elapsed | eta 3s
  step 200/391 | loss 0.7765 | acc 92.3% | 2s elapsed | eta 2s
  step 300/391 | loss 0.7579 | acc 92.4% | 3s elapsed | eta 1s
Ep 289 | loss 0.7438 | task 0.2282 | cons 0.5156 | train 92.4% | test 85.5% | 5s
  step 100/391 | loss 0.7517 | acc 92.7% | 1s elapsed | eta 4s
  step 200/391 | loss 0.6944 | acc 92.9% | 2s elapsed | eta 2s
  step 300/391 | loss 0.7288 | acc 92.8% | 3s elapsed | eta 1s
Ep 290 | loss 0.7292 | task 0.2215 | cons 0.5077 | train 92.7% | test 85.4% | 5s
    K=1: 81.9%
    K=2: 85.5%
    K=4: 85.4%
  step 100/391 | loss 0.7259 | acc 92.6% | 1s elapsed | eta 3s
  step 200/391 | loss 0.7585 | acc 92.3% | 2s elapsed | eta 2s
  step 300/391 | loss 0.7458 | acc 92.3% | 3s elapsed | eta 1s
Ep 291 | loss 0.7334 | task 0.2298 | cons 0.5036 | train 92.4% | test 85.5% | 5s
  step 100/391 | loss 0.7990 | acc 92.2% | 1s elapsed | eta 3s
  step 200/391 | loss 0.7515 | acc 92.4% | 2s elapsed | eta 2s
  step 300/391 | loss 0.7359 | acc 92.5% | 3s elapsed | eta 1s
Ep 292 | loss 0.7366 | task 0.2269 | cons 0.5097 | train 92.5% | test 85.4% | 5s
  step 100/391 | loss 0.8256 | acc 91.8% | 1s elapsed | eta 4s
  step 200/391 | loss 0.7640 | acc 92.3% | 2s elapsed | eta 2s
  step 300/391 | loss 0.7181 | acc 92.7% | 3s elapsed | eta 1s
Ep 293 | loss 0.7292 | task 0.2222 | cons 0.5070 | train 92.6% | test 85.5% | 5s
  step 100/391 | loss 0.6754 | acc 92.8% | 1s elapsed | eta 4s
  step 200/391 | loss 0.6738 | acc 92.9% | 2s elapsed | eta 2s
  step 300/391 | loss 0.7066 | acc 92.6% | 3s elapsed | eta 1s
Ep 294 | loss 0.7069 | task 0.2187 | cons 0.4882 | train 92.6% | test 85.5% | 5s
  step 100/391 | loss 0.6679 | acc 92.9% | 1s elapsed | eta 3s
  step 200/391 | loss 0.7007 | acc 92.8% | 2s elapsed | eta 2s
  step 300/391 | loss 0.6947 | acc 92.9% | 3s elapsed | eta 1s
Ep 295 | loss 0.6831 | task 0.2133 | cons 0.4698 | train 92.9% | test 85.5% | 5s
  step 100/391 | loss 0.6856 | acc 92.8% | 1s elapsed | eta 4s
  step 200/391 | loss 0.6776 | acc 92.8% | 2s elapsed | eta 2s
  step 300/391 | loss 0.6831 | acc 92.8% | 3s elapsed | eta 1s
Ep 296 | loss 0.6902 | task 0.2153 | cons 0.4748 | train 92.9% | test 85.5% | 5s
  step 100/391 | loss 0.7299 | acc 92.4% | 1s elapsed | eta 4s
  step 200/391 | loss 0.7472 | acc 92.3% | 2s elapsed | eta 2s
  step 300/391 | loss 0.7333 | acc 92.5% | 3s elapsed | eta 1s
Ep 297 | loss 0.7409 | task 0.2295 | cons 0.5115 | train 92.5% | test 85.5% | 5s
  step 100/391 | loss 0.6607 | acc 93.0% | 1s elapsed | eta 4s
  step 200/391 | loss 0.7405 | acc 92.5% | 2s elapsed | eta 2s
  step 300/391 | loss 0.7288 | acc 92.6% | 3s elapsed | eta 1s
Ep 298 | loss 0.7497 | task 0.2290 | cons 0.5207 | train 92.4% | test 85.5% | 5s
  step 100/391 | loss 0.6940 | acc 93.0% | 1s elapsed | eta 4s
  step 200/391 | loss 0.6817 | acc 93.0% | 2s elapsed | eta 2s
  step 300/391 | loss 0.6746 | acc 93.0% | 3s elapsed | eta 1s
Ep 299 | loss 0.6900 | task 0.2162 | cons 0.4738 | train 92.8% | test 85.5% | 5s
  step 100/391 | loss 0.7141 | acc 92.7% | 1s elapsed | eta 3s
  step 200/391 | loss 0.7609 | acc 92.4% | 2s elapsed | eta 2s
  step 300/391 | loss 0.7370 | acc 92.7% | 3s elapsed | eta 1s
Ep 300 | loss 0.7264 | task 0.2223 | cons 0.5041 | train 92.6% | test 85.5% | 5s
    K=1: 81.9%
    K=2: 85.5%
    K=4: 85.5%
Saved checkpoint to models/plain_2bpu_K4_cons_d01.pt
